
###Block: Ethnicity
Calishites		CATEGORY:Internal	TEMPLATE:Ethnicity ~ Calishites
Chondathans		CATEGORY:Internal	TEMPLATE:Ethnicity ~ Chondathans
Damarans		CATEGORY:Internal	TEMPLATE:Ethnicity ~ Damarans
Illuskans		CATEGORY:Internal	TEMPLATE:Ethnicity ~ Illuskans
Mulan			CATEGORY:Internal	TEMPLATE:Ethnicity ~ Mulan
Rashemis		CATEGORY:Internal	TEMPLATE:Ethnicity ~ Rashemis
Tethyrians		CATEGORY:Internal	TEMPLATE:Ethnicity ~ Tethyrians

###Block: Human Regions
None		KEY:Region ~ None	TYPE:Region	CATEGORY:Internal
Aglarond		CATEGORY:Internal	TYPE:Region.HumanRegion	TEMPLATE:Human Region ~ xxx
Altumbel		CATEGORY:Internal	TYPE:Region.HumanRegion	TEMPLATE:Human Region ~ xxx
Amn		CATEGORY:Internal	TYPE:Region.HumanRegion	TEMPLATE:Human Region ~ xxx
Anauroch		CATEGORY:Internal	TYPE:Region.HumanRegion	TEMPLATE:Human Region ~ xxx
Calimshan		CATEGORY:Internal	TYPE:Region.HumanRegion	TEMPLATE:Human Region ~ xxx
Chessenta		CATEGORY:Internal	TYPE:Region.HumanRegion	TEMPLATE:Human Region ~ xxx
Chult		CATEGORY:Internal	TYPE:Region.HumanRegion	TEMPLATE:Human Region ~ xxx
Cormyr		CATEGORY:Internal	TYPE:Region.HumanRegion	TEMPLATE:Human Region ~ xxx
The Dalelands		CATEGORY:Internal	TYPE:Region.HumanRegion	TEMPLATE:Human Region ~ xxx	SORTKEY:Dalelands
Damara		CATEGORY:Internal	TYPE:Region.HumanRegion	TEMPLATE:Human Region ~ xxx
Dambrath		CATEGORY:Internal	TYPE:Region.HumanRegion	TEMPLATE:Human Region ~ xxx
The Dragon Coast		CATEGORY:Internal	TYPE:Region.HumanRegion	TEMPLATE:Human Region ~ xxx	SORTKEY:Dragon Coast
The Golden Water		CATEGORY:Internal	TYPE:Region.HumanRegion	TEMPLATE:Human Region ~ xxx	SORTKEY:Golden Water
The Great Dale		CATEGORY:Internal	TYPE:Region.HumanRegion	TEMPLATE:Human Region ~ xxx	SORTKEY:Great Dale
The Great Glacier		CATEGORY:Internal	TYPE:Region.HumanRegion	TEMPLATE:Human Region ~ xxx	SORTKEY:Great Glacier
Halruaa		CATEGORY:Internal	TYPE:Region.HumanRegion	TEMPLATE:Human Region ~ xxx
The Hordelands		CATEGORY:Internal	TYPE:Region.HumanRegion	TEMPLATE:Human Region ~ xxx
Impiltur		CATEGORY:Internal	TYPE:Region.HumanRegion	TEMPLATE:Human Region ~ xxx
The Lake of Steam		CATEGORY:Internal	TYPE:Region.HumanRegion	TEMPLATE:Human Region ~ xxx
Lapaliiya		CATEGORY:Internal	TYPE:Region.HumanRegion	TEMPLATE:Human Region ~ xxx
Lantan		CATEGORY:Internal	TYPE:Region.HumanRegion	TEMPLATE:Human Region ~ xxx
The Moonsea		CATEGORY:Internal	TYPE:Region.HumanRegion	TEMPLATE:Human Region ~ xxx
The Moonshae Isles		CATEGORY:Internal	TYPE:Region.HumanRegion	TEMPLATE:Human Region ~ xxx
Mulhorand		CATEGORY:Internal	TYPE:Region.HumanRegion	TEMPLATE:Human Region ~ xxx
Narfell		CATEGORY:Internal	TYPE:Region.HumanRegion	TEMPLATE:Human Region ~ xxx
The Nelanther Isles		CATEGORY:Internal	TYPE:Region.HumanRegion	TEMPLATE:Human Region ~ xxx
The North		CATEGORY:Internal	TYPE:Region.HumanRegion	TEMPLATE:Human Region ~ xxx
Rashemen		CATEGORY:Internal	TYPE:Region.HumanRegion	TEMPLATE:Human Region ~ xxx
The Ride		CATEGORY:Internal	TYPE:Region.HumanRegion	TEMPLATE:Human Region ~ xxx
Sembia		CATEGORY:Internal	TYPE:Region.HumanRegion	TEMPLATE:Human Region ~ xxx
The Shaar		CATEGORY:Internal	TYPE:Region.HumanRegion	TEMPLATE:Human Region ~ xxx
Shadovar		CATEGORY:Internal	TYPE:Region.HumanRegion	TEMPLATE:Human Region ~ xxx
Shou Expatriate		CATEGORY:Internal	TYPE:Region.HumanRegion	TEMPLATE:Human Region ~ xxx
Silverymoon		CATEGORY:Internal	TYPE:Region.HumanRegion	TEMPLATE:Human Region ~ xxx
The Sword Coast		CATEGORY:Internal	TYPE:Region.HumanRegion	TEMPLATE:Human Region ~ xxx
Tashalar		CATEGORY:Internal	TYPE:Region.HumanRegion	TEMPLATE:Human Region ~ xxx
Tethyr		CATEGORY:Internal	TYPE:Region.HumanRegion	TEMPLATE:Human Region ~ xxx
Thay		CATEGORY:Internal	TYPE:Region.HumanRegion	TEMPLATE:Human Region ~ xxx
Thesk		CATEGORY:Internal	TYPE:Region.HumanRegion	TEMPLATE:Human Region ~ xxx
Turmish		CATEGORY:Internal	TYPE:Region.HumanRegion	TEMPLATE:Human Region ~ xxx
Unther		CATEGORY:Internal	TYPE:Region.HumanRegion	TEMPLATE:Human Region ~ xxx
Uthgardt Tribesfolk		CATEGORY:Internal	TYPE:Region.HumanRegion	TEMPLATE:Human Region ~ xxx
Vaasa		CATEGORY:Internal	TYPE:Region.HumanRegion	TEMPLATE:Human Region ~ xxx
The Vast		CATEGORY:Internal	TYPE:Region.HumanRegion	TEMPLATE:Human Region ~ xxx
The Vilhon Reach		CATEGORY:Internal	TYPE:Region.HumanRegion	TEMPLATE:Human Region ~ xxx
Waterdeep		CATEGORY:Internal	TYPE:Region.HumanRegion	TEMPLATE:Human Region ~ xxx
The Western Heartlands		CATEGORY:Internal	TYPE:Region.HumanRegion	TEMPLATE:Human Region ~ xxx
The Wizards' Reach		CATEGORY:Internal	TYPE:Region.HumanRegion	TEMPLATE:Human Region ~ xxx

# Dwarf Regions

# Elf Regions

# Gnome Regions

# Half-Elf Regions

# Halfling Regions

# Orc and Half-Orc Regions

# Planetouched Regions

# Other Racial Regions


