
# Hammer of Moradin (Updated)
CLASS:Hammer of Moradin	HD:10	TYPE:Prestige.PC	ABB:Hom		CLASSTYPE:Prestige	SOURCEPAGE:p.	BONUS:CHECKS|BASE.Fortitude|CL/2+2	BONUS:CHECKS|BASE.Reflex|CL/3	BONUS:CHECKS|BASE.Will|CL/3	BONUS:COMBAT|BAB|CL		EXCLASS:Ex-Hammer of Moradin
CLASS:Hammer of Moradin	PRERACE:1,RACESUBTYPE=Dwarf	PRETEXT:Region - Spine of the World	PREMULT:1,[PREATT:7],[PREVARGTEQ:BaseAttackBonus,7]	PRESKILL:1,Craft (Weaponsmithing)=10	PREFEAT:2,Iron Will,Weapon Focus (Warhammer)	PRESPELLTYPE:1,Divine=2	PREDEITY:1,Moradin	PRETEXT:Member of the Hammers of Moradin	PRESPELLCAST:TYPE=Divine
#PREREGION:1,Spine of the World
CLASS:Hammer of Moradin	STARTSKILLPTS:2	CSKILL:Concentration|TYPE=Craft|Heal|Knowledge (Arcana)|Knowledge (History)|Knowledge (Religion)|Knowledge (Local)|Knowledge (The Planes)|TYPE=Profession|Spellcraft
###Block:
1	ABILITY:Hammer of Moradin Class Feature|AUTOMATIC|Hammer of Moradin ~ Weapon and Armor Proficiency
1	ABILITY:Hammer of Moradin Class Feature|AUTOMATIC|Hammer of Moradin ~ Aura of Courage|Hammer of Moradin ~ Hammer Throw		
2	ABILITY:Hammer of Moradin Class Feature|AUTOMATIC|Hammer of Moradin ~ Goblinkiller|Hammer of Moradin ~ Hammer Return
3	ABILITY:Hammer of Moradin Class Feature|AUTOMATIC|Hammer of Moradin ~ Damage Reduction|Hammer of Moradin ~ Powerful Grip
4	ABILITY:Hammer of Moradin Class Feature|AUTOMATIC|Hammer of Moradin ~ Far Shot|Hammer of Moradin ~ Quake
5	ABILITY:Hammer of Moradin Class Feature|AUTOMATIC|Hammer of Moradin ~ Drowbasher|Hammer of Moradin ~ Power Strike
7	ABILITY:Hammer of Moradin Class Feature|AUTOMATIC|Hammer of Moradin ~ Chaos Crusher|Hammer of Moradin ~ Stalwart	
8	ABILITY:Hammer of Moradin Class Feature|AUTOMATIC|Hammer of Moradin ~ Giantslayer|Hammer of Moradin ~ Thunder Strike
9	ABILITY:Hammer of Moradin Class Feature|AUTOMATIC|Hammer of Moradin ~ Power Throw	
10	ABILITY:Hammer of Moradin Class Feature|AUTOMATIC|Hammer of Moradin ~ Bones of the Earth	
11	PREPCLEVEL:MIN=20
###Block:
1	BONUS:VAR|HammerOfMoradinDRLVL|CL
4	BONUS:VAR|HammerOfMoradinQuakeLVL|CL
5	BONUS:VAR|HammerOfMoradinPowerStrikeLVL|CL
10	BONUS:VAR|BonesOfTheEarthLVL|CL
###Block:
CLASS:Ex-Hammer of Moradin	HD:10	TYPE:Prestige.PC	ABB:XHom	MAXLEVEL:10	CLASSTYPE:Prestige	SOURCEPAGE:p.57	BONUS:CHECKS|BASE.Fortitude|CL/2+2	BONUS:CHECKS|BASE.Reflex|CL/3	BONUS:CHECKS|BASE.Will|CL/3	BONUS:COMBAT|BAB|CL		VISIBLE:NO
CLASS:Ex-Hammer of Moradin	STARTSKILLPTS:2	CSKILL:Concentration|TYPE=Craft|Heal|Knowledge (Arcana)|Knowledge (History)|Knowledge (Religion)|Knowledge (Local)|Knowledge (The Planes)|TYPE=Profession|Spellcraft
###Block:
1	ABILITY:Hammer of Moradin Class Feature|AUTOMATIC|Hammer of Moradin ~ Weapon and Armor Proficiency
1	ABILITY:Hammer of Moradin Class Feature|AUTOMATIC|Hammer of Moradin ~ Hammer Throw		
3	ABILITY:Hammer of Moradin Class Feature|AUTOMATIC|Hammer of Moradin ~ Damage Reduction|Hammer of Moradin ~ Powerful Grip
4	ABILITY:Hammer of Moradin Class Feature|AUTOMATIC|Hammer of Moradin ~ Far Shot|Hammer of Moradin ~ Quake
8	ABILITY:Hammer of Moradin Class Feature|AUTOMATIC|Hammer of Moradin ~ Thunder Strike



