

###Block: Materials used from Gozzilioni

CLASS:Arcane Devotee	HD:4	TYPE:Prestige	ABB:Dev	MAXLEVEL:5	CLASSTYPE:Prestige	SOURCEPAGE:p.	BONUS:CHECKS|BASE.Fortitude|CL/3	BONUS:CHECKS|BASE.Reflex|CL/3	BONUS:CHECKS|BASE.Will|CL/2+2	BONUS:COMBAT|BAB|CL/2|TYPE=Base.REPLACE
CLASS:Arcane Devotee	PRESKILL:1,Knowledge (Religion)=8,Spellcraft=8	PREFEAT:1,Enlarge Spell	PRESPELLTYPE:1,Arcane=4	PREDEITY:1,Y
CLASS:Arcane Devotee	STARTSKILLPTS:2	CSKILL:Concentration|TYPE=Craft|Decipher Script|TYPE=Knowledge|TYPE=Profession|Spellcraft
###Block:
1	ADD:SPELLCASTER|Arcane			ABILITY:Special Ability|AUTOMATIC|Arcane Devotee Reach of the Holy|Reach of the Holy						DEFINE:ReachOfTheHolyPerDay|0
2	ADD:SPELLCASTER|Arcane			ABILITY:Special Ability|AUTOMATIC|Arcane Devotee Sacred Defense|Sacred Defense			BONUS:VAR|ArcaneDevoteeSacredDefenseLVL|CL
3	ADD:SPELLCASTER|Arcane			ABILITY:Special Ability|AUTOMATIC|Divine Synergy
4	ADD:SPELLCASTER|Arcane
5	ADD:SPELLCASTER|Arcane			ABILITY:Special Ability|AUTOMATIC|Divine Shroud (Sp)			BONUS:VAR|DivineShroudLVL|CL	BONUS:VAR|DivineShroudTimes|1
#													
CLASS:Divine Champion	HD:10	TYPE:Prestige	ABB:Chm	MAXLEVEL:5	CLASSTYPE:Prestige	SOURCEPAGE:p.	BONUS:CHECKS|BASE.Fortitude|CL/2+2	BONUS:CHECKS|BASE.Reflex|CL/3	BONUS:CHECKS|BASE.Will|CL/3	BONUS:COMBAT|BAB|CL|TYPE=Base.REPLACE
CLASS:Divine Champion	PREATT:7	PRESKILL:1,Knowledge (Religion)=3	PREFEAT:1,Weapon Focus	PRETEXT:Weapon focus in deity's favored weapon	PREDEITY:1,Y
CLASS:Divine Champion	STARTSKILLPTS:2	CSKILL:Climb|TYPE=Craft|Handle Animal|Intimidate|Jump|Knowledge (Religion)|Ride|Swim
1		ABILITY:Special Ability|AUTOMATIC|Weapon and Armor Proficiency ~ Divine Champion
###Block:
1				ABILITY:Special Ability|AUTOMATIC|Lay on Hands			BONUS:VAR|LayOnHandsLVL|CL
2				ABILITY:Special Ability|AUTOMATIC|Divine Champion Sacred Defense|Sacred Defense			BONUS:ABILITYPOOL|Divine Champion Feat|CL/2	BONUS:VAR|DivineChampionSacredDefenseLVL|CL
3				ABILITY:Special Ability|AUTOMATIC|Divine Champion Smite Infidels|Smite Infidels			BONUS:VAR|DivineChampionSmiteInfidelsLVL|CL
4
5				ABILITY:Special Ability|AUTOMATIC|Divine Wrath (Su)
###Block:
CLASS:Divine Disciple	HD:5	TYPE:Prestige	ABB:Dis	MAXLEVEL:5	CLASSTYPE:Prestige	SOURCEPAGE:p.	BONUS:CHECKS|BASE.Fortitude|CL/2+2	BONUS:CHECKS|BASE.Reflex|CL/3	BONUS:CHECKS|BASE.Will|CL/2+2	BONUS:COMBAT|BAB|CL/3*4|TYPE=Base.REPLACE
CLASS:Divine Disciple	PRESKILL:1,Diplomacy=5	PRESKILL:1,Knowledge (Religion)=8	PRESPELLTYPE:1,Divine=4	PREDEITY:1,Y	PRESPELLCAST:TYPE=Divine
CLASS:Divine Disciple	STARTSKILLPTS:2	CSKILL:Concentration|TYPE=Craft|Diplomacy|Heal|Knowledge (Arcana)|Knowledge (History)|Knowledge (Nature)|Knowledge (The Planes)|Knowledge (Religion)|TYPE=Profession|Spellcraft|Survival
###Block:
1	ADD:SPELLCASTER|Divine			ABILITY:Special Ability|AUTOMATIC|Divine Disciple Divine Emissary|Divine Emissary|Telepathy			BONUS:VAR|DivineDiscipleDivineEmissaryLVL|CL	BONUS:VAR|TelepathyRange|60
2	ADD:SPELLCASTER|Divine			ABILITY:Special Ability|AUTOMATIC|Divine Disciple Sacred Defense|Sacred Defense			BONUS:VAR|DivineDiscipleSacredDefenseLVL|CL
3	ADD:SPELLCASTER|Divine			ABILITY:Special Ability|AUTOMATIC|Imbue With Spell Ability (Sp)			BONUS:VAR|ImbueWithSpellAbilityTimes|1	BONUS:VAR|ImbueWithSpellAbilityLVL|CL
4	ADD:SPELLCASTER|Divine					BONUS:DOMAIN|NUMBER|1
5	ADD:SPELLCASTER|Divine			ABILITY:Special Ability|AUTOMATIC|Trascendence									TEMPLATE:Trascendence
###Block:
CLASS:Divine Seeker	HD:6	TYPE:Prestige	ABB:Skr	MAXLEVEL:5	CLASSTYPE:Prestige	SOURCEPAGE:p.	BONUS:CHECKS|BASE.Fortitude|CL/3	BONUS:CHECKS|BASE.Reflex|CL/2+2	BONUS:CHECKS|BASE.Will|CL/2+2	BONUS:COMBAT|BAB|CL*3/4|TYPE=Base.REPLACE
CLASS:Divine Seeker	PRESKILL:1,Hide=8	PRESKILL:1,Knowledge (Religion)=3	PRESKILL:1,Move Silently=10	PRESKILL:1,Spot=5	PREFEAT:1,Stealthy	PREDEITY:1,Y
CLASS:Divine Seeker	STARTSKILLPTS:4	CSKILL:Climb|TYPE=Craft|Diplomacy|Hide|Jump|Knowledge (Geography)|Knowledge (Religion)|Listen|Move Silently|TYPE=Profession|Ride|Search|Spot|Survival|Swim|Use Rope
1		ABILITY:Special Ability|AUTOMATIC|Weapon and Armor Proficiency ~ Divine Seeker
###Block:
1				ABILITY:Special Ability|AUTOMATIC|Sacred Stealth|Twart Magic Trap
2				ABILITY:Special Ability|AUTOMATIC|Divine Seeker Sacred Defense|Divine Seeker Sneak Attack|Sacred Defense|Sneak Attack			BONUS:VAR|DivineSeekerSacredDefenseLVL|CL	BONUS:VAR|DivineSeekerSneakAttackLVL|CL	BONUS:VAR|DivineSeekerUncannyDodgeLVL|CL
3				ABILITY:Special Ability|AUTOMATIC|Locate Creature (Sp)|Locate Object (Sp)			BONUS:VAR|LocateCreatureLVL|CL+CHA	BONUS:VAR|LocateCreatureTimes|1	BONUS:VAR|LocateObjectLVL|CL+CHA	BONUS:VAR|LocateObjectTimes|1
4				ABILITY:Special Ability|AUTOMATIC|Divine Perseverance
5				ABILITY:Special Ability|AUTOMATIC|Find the Path (Sp)			BONUS:VAR|FindThePathLVL|CL+CHA	BONUS:VAR|FindThePathPerDay|1
###Block:
CLASS:Evereskan Tomb Guardian	HD:6	TYPE:Prestige	ABB:Etg	MAXLEVEL:5	CLASSTYPE:Prestige	SOURCEPAGE:p.	BONUS:CHECKS|BASE.Fortitude|CL/3	BONUS:CHECKS|BASE.Reflex|CL/2+2	BONUS:CHECKS|BASE.Will|CL/2+2	BONUS:COMBAT|BAB|CL*3/4|TYPE=Base.REPLACE
CLASS:Evereskan Tomb Guardian	PRERACE:1,RACESUBTYPE=Elf	PREREGION:1,Evereska	PREATT:4	PRESKILL:3,Hide=5,Move Silently=5,Survival=5	PRESKILL:2,Listen=2,Spot=2	PREFEAT:2,Alertness,Track	PRESPELLTYPE:1,Arcane=2	PRESPELLCAST:TYPE=Arcane
CLASS:Evereskan Tomb Guardian	STARTSKILLPTS:4	CSKILL:Climb|TYPE=Craft|Decipher Script|Disable Device|Escape Artist|Gather Information|Hide|Intimidate|Jump|Knowledge (Geography)|Knowledge (Local)|Listen|Move Silently|Open Lock|TYPE=Profession|Search|Sense Motive|Sleight of Hand|Spot|Swim|Tumble|Use Rope
1	ADD:SPELLCASTER|Arcane			ABILITY:Special Ability|AUTOMATIC|Sacred Duty
2	ADD:SPELLCASTER|Arcane			ABILITY:Special Ability|AUTOMATIC|Devoted Pursuit
3	ADD:SPELLCASTER|Arcane			ABILITY:Special Ability|AUTOMATIC|Swift Tracking|Tomb Guardian Dodge Bonus			BONUS:VAR|TombGuardianDodgeLVL|CL
4	ADD:SPELLCASTER|Arcane
5	ADD:SPELLCASTER|Arcane			ABILITY:Special Ability|AUTOMATIC|Silent Guardian
###Block:
CLASS:Eye of Horus-Re	HD:8	TYPE:Prestige	ABB:Ehr	MAXLEVEL:10	CLASSTYPE:Prestige	SOURCEPAGE:p.	BONUS:CHECKS|BASE.Fortitude|CL/3	BONUS:CHECKS|BASE.Reflex|CL/3	BONUS:CHECKS|BASE.Will|CL/2+2	BONUS:COMBAT|BAB|CL*3/4|TYPE=Base.REPLACE
CLASS:Eye of Horus-Re	PREALIGN:LG	PREREGION:1,Mulhorand	PRESKILL:1,Knowledge (Religion)=9	PRESKILL:1,Spot=4	PREFEAT:2,Alertness,Extra Turning	PRESPELLTYPE:1,Divine=3	PREDOMAIN:1,Sun	PREDEITY:1,Horus-Re	PRESPELLCAST:TYPE=Divine
CLASS:Eye of Horus-Re	STARTSKILLPTS:2	CSKILL:Concentration|Diplomacy|Heal|TYPE=Knowledge|TYPE=Profession|Spellcraft|Spot
1				ABILITY:Special Ability|AUTOMATIC|Eye Horus Re Turn Undead			BONUS:VAR|EyeHorusReTurnUndeadLVL|CL
###Block:
1				ABILITY:Special Ability|AUTOMATIC|Extra Greater Turning|Radiance
2	ADD:SPELLCASTER|Cleric							VISION:Darkvision (60')|Low-light
3	ADD:SPELLCASTER|Cleric			ABILITY:Special Ability|AUTOMATIC|Touch of the Sun (good)
4	ADD:SPELLCASTER|Cleric
5	ADD:SPELLCASTER|Cleric					BONUS:DOMAIN|NUMBER|1
6	ADD:SPELLCASTER|Cleric		VFEAT:Blind Fight	ABILITY:Special Ability|AUTOMATIC|Piercing Sight
7	ADD:SPELLCASTER|Cleric
8	ADD:SPELLCASTER|Cleric			ABILITY:Special Ability|AUTOMATIC|Eye Horus Re Positive Energy Burst|Positive Energy Burst			BONUS:VAR|EyeHorusRePositiveBurstLVL|CL
9	ADD:SPELLCASTER|Cleric
10	ADD:SPELLCASTER|Cleric			ABILITY:Special Ability|AUTOMATIC|Trueseeing
###Block:
###Block:###Block:###Block:TODO CONTIGUOUS:Paladin													
CLASS:Hammer of Moradin	HD:10	TYPE:Prestige	ABB:Hom	MAXLEVEL:10	CLASSTYPE:Prestige	SOURCEPAGE:p.	BONUS:CHECKS|BASE.Fortitude|CL/2+2	BONUS:CHECKS|BASE.Reflex|CL/3	BONUS:CHECKS|BASE.Will|CL/3	BONUS:COMBAT|BAB|CL|TYPE=Base.REPLACE	EXCLASS:Ex-Hammer of Moradin
CLASS:Hammer of Moradin	PRERACE:1,RACESUBTYPE=Dwarf	PREREGION:1,Spine of the World	PREATT:7	PRESKILL:1,Craft (Weaponsmithing)=10	PREFEAT:2,Iron Will,Weapon Focus (Warhammer)	PRESPELLTYPE:1,Divine=2	PREDEITY:1,Moradin	PRETEXT:Member of the Hammers of Moradin	PRESPELLCAST:TYPE=Divine
CLASS:Hammer of Moradin	STARTSKILLPTS:2	CSKILL:Concentration|TYPE=Craft|Heal|Knowledge (Arcana)|Knowledge (History)|Knowledge (Religion)|Knowledge (Local)|Knowledge (The Planes)|TYPE=Profession|Spellcraft
1		ABILITY:Special Ability|AUTOMATIC|Weapon and Armor Proficiency ~ Hammer of Moradin
###Block:
1				ABILITY:Special Ability|AUTOMATIC|Aura of Courage|Hammer Throw
2				ABILITY:Special Ability|AUTOMATIC|Goblinkiller|Hammer Return
3				ABILITY:Special Ability|AUTOMATIC|Hammer Moradin Damage Reduction|Powerful Grip ~ Warhammer			BONUS:VAR|HammerMoradinDRLVL|CL
4				ABILITY:Special Ability|AUTOMATIC|Far Shot (warhammer)|Hammer Moradin Quake|Quake			BONUS:VAR|HammerMoradinQuakeLVL|CL
5				ABILITY:Special Ability|AUTOMATIC|Drowbasher|Hammer Moradin Power Strike|Power Strike			BONUS:VAR|HammerMoradinPowerStrikeLVL|CL
6
7				ABILITY:Special Ability|AUTOMATIC|Chaos Crusher|Hammer Moradin Chaos Crusher|Stalwart
8				ABILITY:Special Ability|AUTOMATIC|Giantslayer|Thunder Strike
9				ABILITY:Special Ability|AUTOMATIC|Power Throw
10				ABILITY:Special Ability|AUTOMATIC|Bone of the Earth (Sp)			BONUS:VAR|BonesOfEarthLVL|CL
###Block:
CLASS:Ex-Hammer of Moradin	HD:10	TYPE:Prestige	ABB:XHom	MAXLEVEL:10	CLASSTYPE:Prestige	SOURCEPAGE:p.	BONUS:CHECKS|BASE.Fortitude|CL/2+2	BONUS:CHECKS|BASE.Reflex|CL/3	BONUS:CHECKS|BASE.Will|CL/3	BONUS:COMBAT|BAB|CL|TYPE=Base.REPLACE	VISIBLE:NO
CLASS:Ex-Hammer of Moradin	STARTSKILLPTS:2	CSKILL:Concentration|TYPE=Craft|Heal|Knowledge (Arcana)|Knowledge (History)|Knowledge (Religion)|Knowledge (Local)|Knowledge (The Planes)|TYPE=Profession|Spellcraft
1		ABILITY:Special Ability|AUTOMATIC|Weapon and Armor Proficiency ~ Hammer of Moradin
###Block:
1				ABILITY:Special Ability|AUTOMATIC|Hammer Throw
2
3				ABILITY:Special Ability|AUTOMATIC|Hammer Moradin Damage Reduction|Powerful Grip ~ Warhammer			BONUS:VAR|HammerMoradinDRLVL|CL
4				ABILITY:Special Ability|AUTOMATIC|Far Shot (warhammer)
5
6
7
8				ABILITY:Special Ability|AUTOMATIC|Thunder Strike
9
10
###Block:
CLASS:Harper Agent	HD:6	TYPE:Prestige	ABB:Hra	MAXLEVEL:5	CLASSTYPE:Prestige	SOURCEPAGE:p.	BONUS:CHECKS|BASE.Fortitude|CL/3	BONUS:CHECKS|BASE.Reflex|CL/3	BONUS:CHECKS|BASE.Will|CL/2+2	BONUS:COMBAT|BAB|CL*3/4|TYPE=Base.REPLACE	EXCLASS:Ex-Harper Agent
CLASS:Harper Agent	PREALIGN:LG,LN,NG,TN,CG,CN	PRESKILL:1,Diplomacy=8	PRESKILL:1,Knowledge (Local)=4	PRESKILL:2,Sense Motive=2,Survival=2	PREFEAT:1,Negotiator	PRETEXT:The candidate must be sponsored by a member in good standing of the Harpers and win approval from High Harpers.
CLASS:Harper Agent	STARTSKILLPTS:6	CSKILL:Appraise|Bluff|Climb|TYPE=Craft|Diplomacy|Disguise|Escape Artist|Gather Information|Hide|Jump|TYPE=Knowledge|Listen|Move Silently|TYPE=Perform|TYPE=Profession|Sense Motive|Sleight of Hand|Speak Language|Survival|Swim|Tumble
1		ABILITY:Special Ability|AUTOMATIC|Weapon and Armor Proficiency ~ Harper Agent
###Block:
1				ABILITY:Special Ability|AUTOMATIC|Harper Agent Harper Knowledge|Harper Knowledge			BONUS:VAR|HarperAgentHarperKnowledgeLVL|CL
2	ADD:SPELLCASTER|ANY			ABILITY:Special Ability|AUTOMATIC|Deneyr's Eye|Lliira's Heart
3	ADD:SPELLCASTER|ANY			ABILITY:Special Ability|AUTOMATIC|Tymora's Smile
4	ADD:SPELLCASTER|ANY			ABILITY:Special Ability|AUTOMATIC|Lurue's Voice (Sp)			BONUS:VAR|LurueVoiceLVL|CL
5	ADD:SPELLCASTER|ANY			ABILITY:Special Ability|AUTOMATIC|Mystra's Boon
###Block:
CLASS:Ex-Harper Agent	HD:6	TYPE:Prestige	ABB:XHra	MAXLEVEL:5	CLASSTYPE:Prestige	SOURCEPAGE:p.	BONUS:CHECKS|BASE.Fortitude|CL/3	BONUS:CHECKS|BASE.Reflex|CL/3	BONUS:CHECKS|BASE.Will|CL/2+2	BONUS:COMBAT|BAB|CL*3/4|TYPE=Base.REPLACE	VISIBLE:NO
CLASS:Ex-Harper Agent	STARTSKILLPTS:6	CSKILL:Appraise|Bluff|Climb|TYPE=Craft|Diplomacy|Disguise|Escape Artist|Gather Information|Hide|Jump|TYPE=Knowledge|Listen|Move Silently|TYPE=Perform|TYPE=Profession|Sense Motive|Sleight of Hand|Speak Language|Survival|Swim|Tumble
1		ABILITY:Special Ability|AUTOMATIC|Weapon and Armor Proficiency ~ Harper Agent
###Block:
1				ABILITY:Special Ability|AUTOMATIC|Harper Agent Harper Knowledge|Harper Knowledge			BONUS:VAR|HarperAgentHarperKnowledgeLVL|CL
2	ADD:SPELLCASTER|ANY
3	ADD:SPELLCASTER|ANY
4	ADD:SPELLCASTER|ANY
5	ADD:SPELLCASTER|ANY
###Block:
CLASS:Hathran	HD:4	TYPE:Prestige	ABB:Hth	MAXLEVEL:10	CLASSTYPE:Prestige	SOURCEPAGE:p.	BONUS:CHECKS|BASE.Fortitude|CL/2+2	BONUS:CHECKS|BASE.Reflex|CL/3	BONUS:CHECKS|BASE.Will|CL/2+2	BONUS:COMBAT|BAB|CL/2|TYPE=Base.REPLACE	EXCLASS:Ex-Hathran
CLASS:Hathran	PREALIGN:LG,LN,NG	PREGENDER:1,Female	PREREGION:1,Rashemen	PRESKILL:1,Knowledge (Local)=4	PREFEAT:1,Ethran,Leadership	PRESPELLTYPE:1,Arcane=4,Divine=4	PREDEITY:1,Chauntea,Mielikki,Mystra	PREFEAT:2,TYPE=ItemCreation,Scribe Scroll	PRETEXT:The candidate must be a member in good standing of the Witches of Rashemen
CLASS:Hathran	STARTSKILLPTS:2	CSKILL:Concentration|TYPE=Craft|Diplomacy|TYPE=Knowledge|TYPE=Perform|TYPE=Profession|Swim|Speak Language|Spellcraft|Survival				SPELLLIST:1|Hathran
1		ABILITY:Special Ability|AUTOMATIC|Weapon and Armor Proficiency ~ Hathran
###Block:
1	ADD:SPELLCASTER|ANY			ABILITY:Special Ability|AUTOMATIC|Hathran Leadership|Rashemi Spirit Magic			BONUS:ABILITYPOOL|Taboo|1
2	ADD:SPELLCASTER|ANY			ABILITY:Special Ability|AUTOMATIC|Spirit Speech
3	ADD:SPELLCASTER|ANY			ABILITY:Special Ability|AUTOMATIC|Awe of Wychlaran|Hathran Awe of Wychlaran			BONUS:VAR|HathranAweOfWychlaranLVL|CL
4	ADD:SPELLCASTER|ANY			ABILITY:Special Ability|AUTOMATIC|Hathran Universal Spirit Magic|Spirit Concordat|Universal Spirit Magic			BONUS:VAR|HathranUniversalSpiritMagicLVL|CL
5	ADD:SPELLCASTER|ANY			ABILITY:Special Ability|AUTOMATIC|Circle Leader|Hathran Circle Leader			BONUS:VAR|HathranCircleLeaderLVL|CL
6	ADD:SPELLCASTER|ANY
7	ADD:SPELLCASTER|ANY
8	ADD:SPELLCASTER|ANY			ABILITY:Special Ability|AUTOMATIC|Spirit Dominion
9	ADD:SPELLCASTER|ANY
10	ADD:SPELLCASTER|ANY						BONUS:ABILITYPOOL|Hathran Spells|1
###Block:
CLASS:Ex-Hathran	HD:4	TYPE:Prestige	ABB:XHth	MAXLEVEL:10	CLASSTYPE:Prestige	SOURCEPAGE:p.	BONUS:CHECKS|BASE.Fortitude|CL/2+2	BONUS:CHECKS|BASE.Reflex|CL/3	BONUS:CHECKS|BASE.Will|CL/2+2	BONUS:COMBAT|BAB|CL/2|TYPE=Base.REPLACE	VISIBLE:NO
CLASS:Ex-Hathran	STARTSKILLPTS:2	CSKILL:Concentration|TYPE=Craft|Diplomacy|TYPE=Knowledge|TYPE=Perform|TYPE=Profession|Swim|Speak Language|Spellcraft|Survival				SPELLLIST:1|Hathran
1		ABILITY:Special Ability|AUTOMATIC|Weapon and Armor Proficiency ~ Hathran
###Block:
1	ADD:SPELLCASTER|ANY
2	ADD:SPELLCASTER|ANY			ABILITY:Special Ability|AUTOMATIC|Spirit Speech
3	ADD:SPELLCASTER|ANY						BONUS:VAR|HathranAweOfWychlaranLVL|CL
4	ADD:SPELLCASTER|ANY			ABILITY:Special Ability|AUTOMATIC|Spirit Concordat			BONUS:VAR|HathranUniversalSpiritMagicLVL|CL
5	ADD:SPELLCASTER|ANY						BONUS:VAR|HathranCircleLeaderLVL|CL
6	ADD:SPELLCASTER|ANY
7	ADD:SPELLCASTER|ANY
8	ADD:SPELLCASTER|ANY			ABILITY:Special Ability|AUTOMATIC|Spirit Dominion
9	ADD:SPELLCASTER|ANY
10	ADD:SPELLCASTER|ANY
###Block:
CLASS:Incantatrix	HD:4	TYPE:Prestige	ABB:Inc	MAXLEVEL:10	CLASSTYPE:Prestige	SOURCEPAGE:p.	BONUS:CHECKS|BASE.Fortitude|CL/3	BONUS:CHECKS|BASE.Reflex|CL/3	BONUS:CHECKS|BASE.Will|CL/2+2	BONUS:COMBAT|BAB|CL/2|TYPE=Base.REPLACE			ALLOWBASECLASS:NO
CLASS:Incantatrix	PRESKILL:1,Concentration=4	PRESKILL:2,Knowledge (Arcana)=8,Spellcraft=8	PREFEAT:1,Iron Will	PREFEAT:1,TYPE=Metamagic	PRESPELLTYPE:1,Arcane=3	PRETEXT:Cannot have Abjuration as a prohibited school.
CLASS:Incantatrix	STARTSKILLPTS:2	CSKILL:Concentration|TYPE=Craft|Heal|Intimidate|Knowledge (Arcana)|Knowledge (The Planes)|TYPE=Profession|Spellcraft
SUBCLASS:Incantatrix ~ Abjurer	COST:1	PROHIBITCOST:0	CHOICE:SCHOOL|Abjuration
SUBCLASSLEVEL:1				ABILITY:Special Ability|AUTOMATIC|Focused Studies ~ Abjurer
SUBCLASS:Incantatrix ~ Conjurer	COST:1	PROHIBITCOST:1	CHOICE:SCHOOL|Conjuration
SUBCLASSLEVEL:1				ABILITY:Special Ability|AUTOMATIC|Focused Studies ~ Conjurer
SUBCLASS:Incantatrix ~ Diviner	COST:1	PROHIBITCOST:0	CHOICE:SCHOOL|Divination
SUBCLASSLEVEL:1				ABILITY:Special Ability|AUTOMATIC|Focused Studies ~ Diviner
SUBCLASS:Incantatrix ~ Enchanter	COST:1	PROHIBITCOST:1	CHOICE:SCHOOL|Enchantment
SUBCLASSLEVEL:1				ABILITY:Special Ability|AUTOMATIC|Focused Studies ~ Enchanter
SUBCLASS:Incantatrix ~ Evoker		COST:1	PROHIBITCOST:1	CHOICE:SCHOOL|Evocation
SUBCLASSLEVEL:1				ABILITY:Special Ability|AUTOMATIC|Focused Studies ~ Evoker
SUBCLASS:Incantatrix ~ Illusionist	COST:1	PROHIBITCOST:1	CHOICE:SCHOOL|Illusion
SUBCLASSLEVEL:1				ABILITY:Special Ability|AUTOMATIC|Focused Studies ~ Illusionist
SUBCLASS:Incantatrix ~ Necromancer	COST:1	PROHIBITCOST:1	CHOICE:SCHOOL|Necromancy
SUBCLASSLEVEL:1				ABILITY:Special Ability|AUTOMATIC|Focused Studies ~ Necromancer
SUBCLASS:Incantatrix ~ Transmuter	COST:1	PROHIBITCOST:1	CHOICE:SCHOOL|Transmutation
SUBCLASSLEVEL:1				ABILITY:Special Ability|AUTOMATIC|Focused Studies ~ Transmuter
1	ADD:SPELLCASTER|Arcane			ABILITY:Special Ability|AUTOMATIC|Cooperative Metamagic			BONUS:ABILITYPOOL|Incantatrix Feat|(CL+2)/3
2	ADD:SPELLCASTER|Arcane
3	ADD:SPELLCASTER|Arcane			ABILITY:Special Ability|AUTOMATIC|Metamagic Effect
4	ADD:SPELLCASTER|Arcane
5	ADD:SPELLCASTER|Arcane			ABILITY:Special Ability|AUTOMATIC|Metamagic Spell Trigger
6	ADD:SPELLCASTER|Arcane			ABILITY:Special Ability|AUTOMATIC|Seize Concentration
7	ADD:SPELLCASTER|Arcane			ABILITY:Special Ability|AUTOMATIC|Incantatrix Instant Metamagic|Instant Metamagic		BONUS:VAR|IncantatrixInstantMetamagicLVL|CL		DEFINE:InstantMetamagicPerDay|0
8	ADD:SPELLCASTER|Arcane			ABILITY:Special Ability|AUTOMATIC|Snatch Spell
9	ADD:SPELLCASTER|Arcane
10	ADD:SPELLCASTER|Arcane			ABILITY:Special Ability|AUTOMATIC|Improved Metamagic
###Block:
###Block:###Block:###Block:TODO CONTIGUOUS:Paladin													
CLASS:Justiciar of Tyr	HD:8	TYPE:Prestige	ABB:Jot	MAXLEVEL:10	CLASSTYPE:Prestige	SOURCEPAGE:p.	BONUS:CHECKS|BASE.Fortitude|CL/2+2	BONUS:CHECKS|BASE.Reflex|CL/3	BONUS:CHECKS|BASE.Will|CL/2+2	BONUS:COMBAT|BAB|CL*3/4|TYPE=Base.REPLACE	EXCLASS:Ex-Justiciar of Tyr
CLASS:Justiciar of Tyr	PREALIGN:LG	PREATT:5	PRESKILL:1,Diplomacy=7	PRESKILL:1,Knowledge (Local)=4	PRESKILL:1,Knowledge (Religion)=6	PRESPELLTYPE:1,Divine=2	PREDEITY:1,Tyr
CLASS:Justiciar of Tyr	STARTSKILLPTS:2	CSKILL:Concentration|TYPE=Craft|Diplomacy|Heal|Knowledge (Arcana)|Knowledge (Local)|Knowledge (The Planes)|Knowledge (Religion)|TYPE=Profession|Spellcraft
1		ABILITY:Special Ability|AUTOMATIC|Weapon and Armor Proficiency ~ Justiciar of Tyr
###Block:
1	ADD:SPELLCASTER|Divine			ABILITY:Special Ability|AUTOMATIC|Detect Chaos|Justicar Smite Anarchy|Smite Anarchy			BONUS:VAR|DetectChaosLVL|CL	BONUS:VAR|JusticarSmiteAnarchyLVL|CL
2	ADD:SPELLCASTER|Divine			ABILITY:Special Ability|AUTOMATIC|Bureaucratic Knowledge|Justicar Bureaucratic Knowledge			BONUS:VAR|JusticarBureaucraticKnowledgeLVL|CL
3	ADD:SPELLCASTER|Divine			ABILITY:Special Ability|AUTOMATIC|Axiomatic Spellcasting|Justicar Axiomatic Spellcasting			BONUS:VAR|JusticarAxiomaticSpellcastingLVL|CL
4	ADD:SPELLCASTER|Divine			ABILITY:Special Ability|AUTOMATIC|Detect Lies			BONUS:VAR|DetectLiesLVL|CL
5	ADD:SPELLCASTER|Divine			ABILITY:Special Ability|AUTOMATIC|Maimed God's Boon
6	ADD:SPELLCASTER|Divine
7	ADD:SPELLCASTER|Divine			ABILITY:Special Ability|AUTOMATIC|Justicar Order's Calm|Order's Calm			BONUS:VAR|JusticarOrderCalmLVL|CL			DEFINE:OrderCalmPerDay|0	DEFINE:OrderCalmDC|0
8	ADD:SPELLCASTER|Divine			ABILITY:Special Ability|AUTOMATIC|Blade of Justice
9	ADD:SPELLCASTER|Divine
10	ADD:SPELLCASTER|Divine			ABILITY:Special Ability|AUTOMATIC|Aura of Absolute Law
###Block:
CLASS:Ex-Justiciar of Tyr	HD:8	TYPE:Prestige	ABB:XJot	MAXLEVEL:10	CLASSTYPE:Prestige	SOURCEPAGE:p.	BONUS:CHECKS|BASE.Fortitude|CL/2+2	BONUS:CHECKS|BASE.Reflex|CL/3	BONUS:CHECKS|BASE.Will|CL/2+2	BONUS:COMBAT|BAB|CL*3/4|TYPE=Base.REPLACE	VISIBLE:NO
CLASS:Ex-Justiciar of Tyr	STARTSKILLPTS:2	CSKILL:Concentration|TYPE=Craft|Diplomacy|Heal|Knowledge (Arcana)|Knowledge (Local)|Knowledge (The Planes)|Knowledge (Religion)|TYPE=Profession|Spellcraft
1		ABILITY:Special Ability|AUTOMATIC|Weapon and Armor Proficiency ~ Justiciar of Tyr
###Block:
1	ADD:SPELLCASTER|Divine
2	ADD:SPELLCASTER|Divine			ABILITY:Special Ability|AUTOMATIC|Bureaucratic Knowledge|Justicar Bureaucratic Knowledge			BONUS:VAR|JusticarBureaucraticKnowledgeLVL|CL
3	ADD:SPELLCASTER|Divine
4	ADD:SPELLCASTER|Divine
5	ADD:SPELLCASTER|Divine
6	ADD:SPELLCASTER|Divine
7	ADD:SPELLCASTER|Divine
8	ADD:SPELLCASTER|Divine
9	ADD:SPELLCASTER|Divine
10	ADD:SPELLCASTER|Divine
###Block:
CLASS:Monk of the Long Death	HD:8	TYPE:Prestige	ABB:Mld	MAXLEVEL:10	CLASSTYPE:Prestige	SOURCEPAGE:p.	BONUS:CHECKS|BASE.Fortitude|CL/3	BONUS:CHECKS|BASE.Reflex|CL/2+2	BONUS:CHECKS|BASE.Will|CL/2+2	BONUS:COMBAT|BAB|CL*3/4|TYPE=Base.REPLACE	EXCLASS:Ex-Monk of the Long Death
CLASS:Monk of the Long Death	PREALIGN:LN,LE,TN,NE,CN,CE	PRESKILL:1,Craft (Alchemy)=5	PRESKILL:1,Craft (Poisonmaking)=7	PRESKILL:1,Heal=3	PRESKILL:1,Knowledge (Arcana)=8	PREATT:5	PRETEXT:Must be inducted into the monks of the long death via a secret ceremony consisting of various morbid and hideous acts designed to test his resolve.
CLASS:Monk of the Long Death	STARTSKILLPTS:4	CSKILL:Balance|Bluff|Concentration|TYPE=Craft|Decipher Script|Disguise|Forgery|Heal|Intimidate|Jump|Knowledge (Arcana)|Knowledge (Religion)|TYPE=Profession|Speak Language|Tumble
1				ABILITY:Special Ability|AUTOMATIC|Monk AC			BONUS:VAR|MonkACLVL|CL
1							BONUS:UDAM|CLASS.Monk|CL
1				ABILITY:Special Ability|AUTOMATIC|Monk Movement			BONUS:VAR|MonkMoveLVL|CL
###Block:
1				ABILITY:Special Ability|AUTOMATIC|Deathguard|Monk of the Long Death Deathguard|Poison Use			BONUS:VAR|MonkLongDeathDeathguardLVL|CL
2				ABILITY:Special Ability|AUTOMATIC|Macabre Shroud
3				ABILITY:Special Ability|AUTOMATIC|Death Knell (Sp/Wis)			BONUS:VAR|DeathKnellPerDay|1	BONUS:VAR|DeathKnellLVL|CL
4
5
6				ABILITY:Special Ability|AUTOMATIC|Death Attack|Monk of the Long Death Death Attack			BONUS:VAR|MonkLongDeathDeathAttackLVL|CL
7
8
9
10				ABILITY:Special Ability|AUTOMATIC|Death Touch|Monk of the Long Death Death Touch			BONUS:VAR|MonkLongDeathDeathTouchLVL|CL
###Block:
CLASS:Ex-Monk of the Long Death	HD:8	TYPE:Prestige	ABB:XMld	MAXLEVEL:10	CLASSTYPE:Prestige	SOURCEPAGE:p.	BONUS:CHECKS|BASE.Fortitude|CL/3	BONUS:CHECKS|BASE.Reflex|CL/2+2	BONUS:CHECKS|BASE.Will|CL/2+2	BONUS:COMBAT|BAB|CL*3/4|TYPE=Base.REPLACE	VISIBLE:NO
CLASS:Ex-Monk of the Long Death	STARTSKILLPTS:4	CSKILL:Balance|Bluff|Concentration|TYPE=Craft|Decipher Script|Disguise|Forgery|Heal|Intimidate|Jump|Knowledge (Arcana)|Knowledge (Religion)|TYPE=Profession|Speak Language|Tumble
1				ABILITY:Special Ability|AUTOMATIC|Monk AC			BONUS:VAR|MonkACLVL|CL
1							BONUS:UDAM|CLASS.Monk|CL
1				ABILITY:Special Ability|AUTOMATIC|Monk Movement			BONUS:VAR|MonkMoveLVL|CL
###Block:
1				ABILITY:Special Ability|AUTOMATIC|Deathguard|Monk of the Long Death Deathguard|Poison Use			BONUS:VAR|MonkLongDeathDeathguardLVL|CL
2				ABILITY:Special Ability|AUTOMATIC|Macabre Shroud
3				ABILITY:Special Ability|AUTOMATIC|Death Knell (Sp/Wis)			BONUS:VAR|DeathKnellPerDay|1	BONUS:VAR|DeathKnellLVL|CL
4
5
6				ABILITY:Special Ability|AUTOMATIC|Death Attack|Monk of the Long Death Death Attack			BONUS:VAR|MonkLongDeathDeathAttackLVL|CL
7
8
9
10				ABILITY:Special Ability|AUTOMATIC|Death Touch|Monk of the Long Death Death Touch			BONUS:VAR|MonkLongDeathDeathTouchLVL|CL
###Block:
CLASS:Morninglord of Lathander	HD:8	TYPE:Prestige	ABB:Mol	MAXLEVEL:10	CLASSTYPE:Prestige	SOURCEPAGE:p.	BONUS:CHECKS|BASE.Fortitude|CL/2+2	BONUS:CHECKS|BASE.Reflex|CL/3	BONUS:CHECKS|BASE.Will|CL/2+2	BONUS:COMBAT|BAB|CL*3/4|TYPE=Base.REPLACE
CLASS:Morninglord of Lathander	PREALIGN:LG,NG,CG	PRESKILL:1,TYPE.Craft=4	PRESKILL:1,Diplomacy=7	PRESKILL:1,Knowledge (Religion)=8	PRESKILL:1,TYPE.Perform=2	PREFEAT:1,Improved Turning	PRESPELLTYPE:1,Divine=3	PRESPELL:1,Daylight	PREDEITY:1,Lathander
CLASS:Morninglord of Lathander	STARTSKILLPTS:2	CSKILL:Concentration|TYPE=Craft|Diplomacy|Heal|Knowledge (Arcana)|Knowledge (History)|Knowledge (The Planes)|Knowledge (Religion)|TYPE=Perform|Spellcraft
1	ADD:SPELLCASTER|Divine			ABILITY:Special Ability|AUTOMATIC|Bane of the Restless|Lathander's Light|Morninglord Turn Undead			BONUS:VAR|MorninglordTurnUndeadLVL|CL
2	ADD:SPELLCASTER|Divine			ABILITY:Special Ability|AUTOMATIC|Creative Fire|Morninglord Creative Fire			BONUS:VAR|MorninglordCreativeFireLVL|CL
3	ADD:SPELLCASTER|Divine			ABILITY:Special Ability|AUTOMATIC|Daylight (Sp)			BONUS:VAR|DaylightLVL|CL	BONUS:VAR|DaylightPerDay|1
4	ADD:SPELLCASTER|Divine			ABILITY:Special Ability|AUTOMATIC|Searing Light (Sp)			BONUS:VAR|SearingLightLVL|CL	BONUS:VAR|SearingLightPerDay|1
5	ADD:SPELLCASTER|Divine			ABILITY:Special Ability|AUTOMATIC|Basic Greater Turning|Morninglord Greater Turning			BONUS:ABILITYPOOL|Greater Turn Undead|1|TYPE=ClassAbility	BONUS:VAR|MorninglordGreaterTurnUndeadLVL|CL
6	ADD:SPELLCASTER|Divine			ABILITY:Special Ability|AUTOMATIC|Blessing of Dawn
7	ADD:SPELLCASTER|Divine			ABILITY:Special Ability|AUTOMATIC|Maximize Turning
8	ADD:SPELLCASTER|Divine
9	ADD:SPELLCASTER|Divine			ABILITY:Special Ability|AUTOMATIC|Rejuvenation of the Morn
10	ADD:SPELLCASTER|Divine			ABILITY:Special Ability|AUTOMATIC|Aura of Radiance
###Block:
CLASS:Purple Dragon Knight/FR	HD:10	TYPE:Prestige	ABB:Prp	MAXLEVEL:5	CLASSTYPE:Prestige	SOURCEPAGE:p.	BONUS:CHECKS|BASE.Fortitude|CL/2+2	BONUS:CHECKS|BASE.Reflex|CL/3	BONUS:CHECKS|BASE.Will|CL/3	BONUS:COMBAT|BAB|CL|TYPE=Base.REPLACE
CLASS:Purple Dragon Knight/FR	PREALIGN:LG,LN,NG,TN	PREMULT:1,[PRESKILL:1,Knowledge (Local)=8],[PREREGION:1,Cormyr]	PREATT:4	PRESKILL:1,Diplomacy=1,Intimidate=1	PRESKILL:3,Listen=2,Ride=2,Spot=2	PREFEAT:2,Leadership,Mounted Combat	PRETEXT:Must be a member of the Purple Dragons
CLASS:Purple Dragon Knight/FR	STARTSKILLPTS:2	CSKILL:Climb|Diplomacy|Intimidate|Jump|Knowledge (Local)|Knowledge (Tactics)|Ride|Swim
1				ABILITY:Special Ability|AUTOMATIC|Heroic Shield|Purple Knight FR Rallying Cry|Rallying Cry
2				ABILITY:Special Ability|AUTOMATIC|Inspire Courage|Purple Knight FR Inspire Courage			BONUS:VAR|PurpleKnightFRInspireCourageLVL|CL
3				ABILITY:Special Ability|AUTOMATIC|Fear (Su)|Purple Knight FR Fear			BONUS:VAR|PurpleKnightFRFearLVL|CL
4				ABILITY:Special Ability|AUTOMATIC|Oath of Wrath			BONUS:VAR|OathOfWrathPerDay|1
5				ABILITY:Special Ability|AUTOMATIC|Final Stand|Purple Knight Final Stand
###Block:
CLASS:Runecaster	HD:8	TYPE:Prestige	ABB:Rnc	MAXLEVEL:10	CLASSTYPE:Prestige	SOURCEPAGE:p.	BONUS:CHECKS|BASE.Fortitude|CL/2+2	BONUS:CHECKS|BASE.Reflex|CL/3	BONUS:CHECKS|BASE.Will|CL/2+2	BONUS:COMBAT|BAB|CL*3/4|TYPE=Base.REPLACE
CLASS:Runecaster	PRESKILL:1,Spellcraft=8	PRESKILL:1,Craft (Calligraphy)=8,Craft (Gemcutting)=8,Craft (Metalworking)=8,Craft (Stonecarving)=8,Craft (Woodcarving)=8	PREFEAT:1,Inscribe Rune	PRESPELLTYPE:1,Divine=3
CLASS:Runecaster	STARTSKILLPTS:2	CSKILL:Concentration|TYPE=Craft|Diplomacy|Heal|Knowledge (Arcana)|Knowledge (Religion)|TYPE=Profession|Spellcraft
1	ADD:SPELLCASTER|Divine			ABILITY:Special Ability|AUTOMATIC|Runecaster Rune Craft|Rune Craft			BONUS:VAR|RunecasterRuneCraftLVL|CL
2	ADD:SPELLCASTER|Divine			ABILITY:Special Ability|AUTOMATIC|Runecaster Rune Power|Rune Power			BONUS:VAR|RunecasterRunePowerLVL|CL
3	ADD:SPELLCASTER|Divine			ABILITY:Special Ability|AUTOMATIC|Improved Runecasting
4	ADD:SPELLCASTER|Divine
5	ADD:SPELLCASTER|Divine
6	ADD:SPELLCASTER|Divine			ABILITY:Special Ability|AUTOMATIC|Maximize Rune
7	ADD:SPELLCASTER|Divine
8	ADD:SPELLCASTER|Divine
9	ADD:SPELLCASTER|Divine
10	ADD:SPELLCASTER|Divine			ABILITY:Special Ability|AUTOMATIC|Rune Chant
###Block:
CLASS:Shaaryan Hunter	HD:10	TYPE:Prestige	ABB:Shr	MAXLEVEL:10	CLASSTYPE:Prestige	SOURCEPAGE:p.	BONUS:CHECKS|BASE.Fortitude|CL/2+2	BONUS:CHECKS|BASE.Reflex|CL/2+2	BONUS:CHECKS|BASE.Will|CL/3	BONUS:COMBAT|BAB|CL|TYPE=Base.REPLACE
CLASS:Shaaryan Hunter	PREREGION:1,Shaar	PREATT:5	PRESKILL:1,Handle Animal=4	PRESKILL:1,Ride=6	PRESKILL:1,Survival=8	PREFEAT:4,Animal Affinity,Mounted Archery,Mounted Combat,Track
CLASS:Shaaryan Hunter	STARTSKILLPTS:4	CSKILL:Climb|TYPE=Craft|Handle Animal|Heal|Hide|Jump|Knowledge (Nature)|Knowledge (Local)|Listen|Move Silently|TYPE=Profession|Ride|Search|Spot|Survival|Swim|Use Rope
1				ABILITY:Special Ability|AUTOMATIC|Ride Bonus|Shaaryan Ride Bonus			BONUS:VAR|ShaaryanRideBonusLVL|CL
2				ABILITY:Special Ability|AUTOMATIC|Mounted Tracking|Shaaryan Mounted Tracking			BONUS:VAR|ShaaryanMountedTrackingLVL|CL
3				ABILITY:Special Ability|AUTOMATIC|Burst of Speed
4				ABILITY:Special Ability|AUTOMATIC|Mounted Accuracy|Shaaryan Mounted Accuracy			BONUS:VAR|ShaaryanMountedAccuracyLVL|CL
5			VFEAT:Spirited Charge
6
7				ABILITY:Special Ability|AUTOMATIC|Long Riding
8				ABILITY:Special Ability|AUTOMATIC|Born in the Saddle
9
10
###Block:
CLASS:Shadow Adept	HD:4	TYPE:Prestige	ABB:Sha	MAXLEVEL:10	CLASSTYPE:Prestige	SOURCEPAGE:p.	BONUS:CHECKS|BASE.Fortitude|CL/3	BONUS:CHECKS|BASE.Reflex|CL/3	BONUS:CHECKS|BASE.Will|CL/2+2	BONUS:COMBAT|BAB|CL/2|TYPE=Base.REPLACE
CLASS:Shadow Adept	PREALIGN:LN,LE,TN,NE,CN,CE	PRESKILL:2,Knowledge (Arcana)=8,Spellcraft=8	PREFEAT:1,Shadow Weave Magic	PREFEAT:1,TYPE=Metamagic	PRESPELLTYPE:1,Arcane=3,Divine=3
CLASS:Shadow Adept	STARTSKILLPTS:2	CSKILL:Bluff|Concentration|TYPE=Craft|Disguise|Hide|TYPE=Knowledge|TYPE=Profession|Spellcraft
1	ADD:SPELLCASTER|ANY		AUTO:FEAT|Insidious Magic|Pernicious Magic	BONUS:ABILITYPOOL|Tenacious Magic Choice ~ FR|1
2	ADD:SPELLCASTER|ANY												VISION:Low-light
3	ADD:SPELLCASTER|ANY			ABILITY:Special Ability|AUTOMATIC|Shadow Adept Shadow Defense|Shadow Defense			BONUS:VAR|ShadowAdeptShadowDefenseLVL|CL
4	ADD:SPELLCASTER|ANY			ABILITY:Special Ability|AUTOMATIC|Shadow Adept Shield of Shadows|Shield of Shadows			BONUS:VAR|ShadowAdeptShieldOfShadowLVL|CL
5	ADD:SPELLCASTER|ANY
6	ADD:SPELLCASTER|ANY
7	ADD:SPELLCASTER|ANY			ABILITY:Special Ability|AUTOMATIC|Shadow Walk (Sp)			BONUS:VAR|ShadowWalkLVL|CL	BONUS:VAR|ShadowWalkTimes|1					VISION:Darkvision (60')
8	ADD:SPELLCASTER|ANY
9	ADD:SPELLCASTER|ANY
10	ADD:SPELLCASTER|ANY			ABILITY:Special Ability|AUTOMATIC|Shadow Double
###Block:
CLASS:Shadow Thief of Amn	HD:6	TYPE:Prestige	ABB:Sta	MAXLEVEL:5	CLASSTYPE:Prestige	SOURCEPAGE:p.	BONUS:CHECKS|BASE.Fortitude|CL/3	BONUS:CHECKS|BASE.Reflex|CL/2+2	BONUS:CHECKS|BASE.Will|CL/3	BONUS:COMBAT|BAB|CL*3/4|TYPE=Base.REPLACE
CLASS:Shadow Thief of Amn	PRESKILL:4,Bluff=3,Gather Information=3,Intimidate=3,Move Silently=3	PRESKILL:1,Hide=8	PREFEAT:1,Persuasive	PRETEXT:Must be a member of a Shadow Thieves' Guild
CLASS:Shadow Thief of Amn	STARTSKILLPTS:6	CSKILL:Appraise|Bluff|Climb|TYPE=Craft|Diplomacy|Disable Device|Forgery|Sense Motive|Intimidate|Jump|Knowledge (Local)|Listen|Move Silently|Open Lock|Sleight of Hand|TYPE=Profession|Search|Sense Motive|Spot|Use Rope
###Block:
1		ABILITY:Special Ability|AUTOMATIC|Weapon and Armor Proficiency ~ Shadow Thief of Amn
1				ABILITY:Special Ability|AUTOMATIC|Doublespeak|Shadow Thief Sneak Attack|Sneak Attack			BONUS:VAR|ShadowThiefSneakAttackLVL|CL
2				ABILITY:Special Ability|AUTOMATIC|Uncanny Dodge ~ Base			BONUS:VAR|UncannyDodgeFlankingLevel|CL|TYPE=EachClass.STACK	BONUS:VAR|UncannyDodgeLevel|1	BONUS:ABILITYPOOL|Shadow Thief Feat|CL/2
3				ABILITY:Special Ability|AUTOMATIC|Reputation|Shadow Thief Reputation			BONUS:VAR|ShadowThiefReputationLVL|CL
4
5								BONUS:VAR|UncannyDodgeLevel|1
###Block:
CLASS:Spellguard of Silverymoon	HD:4	TYPE:Prestige	ABB:Spl	MAXLEVEL:5	CLASSTYPE:Prestige	SOURCEPAGE:p.	BONUS:CHECKS|BASE.Fortitude|CL/3	BONUS:CHECKS|BASE.Reflex|CL/3	BONUS:CHECKS|BASE.Will|CL/2+2	BONUS:COMBAT|BAB|CL/2|TYPE=Base.REPLACE	EXCLASS:Ex-Spellguard of Silverymoon
CLASS:Spellguard of Silverymoon	PREALIGN:LG,LN,NG,TN,CG,CN	PREREGION:1,Silverymoon,Silver Marches	PRESKILL:1,Concentration=8	PRESKILL:1,Spellcraft=5	PREFEAT:1,Combat Casting	PREFEAT:1,TYPE=Metamagic	PRESPELLTYPE:1,Arcane=4	PRETEXT:Must be accepted into the Spellguard.
CLASS:Spellguard of Silverymoon	STARTSKILLPTS:2	CSKILL:Concentration|TYPE=Craft|Decipher Script|TYPE=Knowledge|TYPE=Profession|Spellcraft|Spot
1	ADD:SPELLCASTER|Arcane			ABILITY:Special Ability|AUTOMATIC|Obligation|Token (spellguard)|Ward Attunement
2	ADD:SPELLCASTER|Arcane						BONUS:ABILITYPOOL|Spellguard Feat|CL/2
3	ADD:SPELLCASTER|Arcane			ABILITY:Special Ability|AUTOMATIC|Selective Spell
4	ADD:SPELLCASTER|Arcane			ABILITY:Special Ability|AUTOMATIC|Spellguard
5	ADD:SPELLCASTER|Arcane			ABILITY:Special Ability|AUTOMATIC|Spell Power	BONUS:VAR|SpellPower|1

###Block:
CLASS:Ex-Spellguard of Silverymoon	HD:4	TYPE:Prestige	ABB:XSpl	MAXLEVEL:5	CLASSTYPE:Prestige	SOURCEPAGE:p.	BONUS:CHECKS|BASE.Fortitude|CL/3	BONUS:CHECKS|BASE.Reflex|CL/3	BONUS:CHECKS|BASE.Will|CL/2+2	BONUS:COMBAT|BAB|CL/2|TYPE=Base.REPLACE	VISIBLE:NO
CLASS:Ex-Spellguard of Silverymoon	STARTSKILLPTS:2	CSKILL:Concentration|TYPE=Craft|Decipher Script|TYPE=Knowledge|TYPE=Profession|Spellcraft|Spot
1	ADD:SPELLCASTER|Arcane
2	ADD:SPELLCASTER|Arcane						BONUS:ABILITYPOOL|Spellguard Feat|CL/2
3	ADD:SPELLCASTER|Arcane			ABILITY:Special Ability|AUTOMATIC|Selective Spell
4	ADD:SPELLCASTER|Arcane			ABILITY:Special Ability|AUTOMATIC|Spellguard
5	ADD:SPELLCASTER|Arcane			ABILITY:Special Ability|AUTOMATIC|Spell Power	BONUS:VAR|Spell Power|1

###Block:
CLASS:Zhentarim Spy	HD:6	TYPE:Prestige	ABB:Zsp	MAXLEVEL:5	CLASSTYPE:Prestige	SOURCEPAGE:p.	BONUS:CHECKS|BASE.Fortitude|CL/3	BONUS:CHECKS|BASE.Reflex|CL/2+2	BONUS:CHECKS|BASE.Will|CL/2+2	BONUS:COMBAT|BAB|CL*3/4|TYPE=Base.REPLACE
CLASS:Zhentarim Spy	PREALIGN:LE,NE,CE	PREATT:5	PRESKILL:4,Bluff=5,Disguise=5,Forgery=5,Gather Information=5	PREFEAT:1,Deceitful
CLASS:Zhentarim Spy	STARTSKILLPTS:6	CSKILL:Appraise|Balance|Bluff|Climb|Decipher Script|Diplomacy|Disable Device|Disguise|Escape Artist|Forgery|Gather Information|Hide|Intimidate|Jump|Listen|Move Silently|Open Lock|Search|Sense Motive|Sleight of Hand|Speak Language|Spot|Tumble|Use Magic Device|Use Rope
###Block:
1	ABILITY:Special Ability|AUTOMATIC|Weapon and Armor Proficiency ~ Zhentarim Spy
1	ABILITY:Special Ability|AUTOMATIC|Cover Identity
2	ABILITY:Special Ability|AUTOMATIC|Sneak Attack|Undetectable Alignment|Zhentarim Spy Sneak Attack			BONUS:VAR|ZhentarimSpySneakAttackLVL|CL
3	ABILITY:Special Ability|AUTOMATIC|Poison Use|Unlikely Cover
4	ABILITY:Special Ability|AUTOMATIC|Slippery Mind
5	ABILITY:Special Ability|AUTOMATIC|Deep Cover
