# CVS $Revision: $ $Author: $ -- Sun Aug 17 15:41:15 2014 -- reformated by prettylst.pl v1.51 (build 24906)

# FRCS page 9 notes some deities to be *replaced* with FRCS variants
Boccob.FORGET
Ehlonna.FORGET
Erythnul.FORGET
Fharlanghn.FORGET
Heironeous.FORGET
Hextor.FORGET
Kord.FORGET
Nerull.FORGET
Obad-Hai.FORGET
Olidammara.FORGET
Pelor.FORGET
St. Cuthbert.FORGET
Vecna.FORGET
Wee Jas.FORGET
# some remain as-is: Correlon Larethian, Garl Glittergold, Gruumsh, Moradin, Yondalla

# Deity Name		Domains													Description of Deity/Title		Deity Weapon				Align		Pantheon			Source Page		Type
Akadi				DOMAINS:Air,Illusion,Travel,Trickery|PREALIGN:				DESC:Akadi (F)				DEITYWEAP:Flail (Heavy)			ALIGN:TN	FACTSET:Pantheon|Faerun		SOURCEPAGE:p.	TYPE:Greater
Auril				DOMAINS:Air,Cold,Evil,Storm|PREALIGN:						DESC:Auril ()				DEITYWEAP:Battleaxe			ALIGN:NE	FACTSET:Pantheon|Faerun		SOURCEPAGE:p.	TYPE:Lesser
Azuth				DOMAINS:Illusion,Knowledge,Law,Magic,Spell|PREALIGN:				DESC:Azuth (M)				DEITYWEAP:Quarterstaff			ALIGN:LN	FACTSET:Pantheon|Faerun		SOURCEPAGE:p.236	SOURCELONG:Forgotten Realms Campaign System	SOURCESHORT:FRCS	TYPE:Lesser
Bane				DOMAINS:Destruction,Evil,Hatred,Law,Tyranny|PREALIGN:				DESC:Bane (M)				DEITYWEAP:Morningstar			ALIGN:LE	FACTSET:Pantheon|Faerun		SOURCEPAGE:p.237	SOURCELONG:Forgotten Realms Campaign System	SOURCESHORT:FRCS	TYPE:Intermediate
Beshaba			DOMAINS:Chaos,Evil,Fate,Luck,Trickery|PREALIGN:					DESC:Beshaba ()				DEITYWEAP:Scourge				ALIGN:CE	FACTSET:Pantheon|Faerun		SOURCEPAGE:p.	TYPE:Intermediate
Chauntea			DOMAINS:Animal,Earth,Good,Plant,Protection,Renewal|PREALIGN:			DESC:Chauntea ()				DEITYWEAP:Scythe				ALIGN:NG	FACTSET:Pantheon|Faerun		SOURCEPAGE:p.238	SOURCELONG:Forgotten Realms Campaign System	SOURCESHORT:FRCS	TYPE:Greater
Cyric				DOMAINS:Chaos,Destruction,Evil,Illusion,Trickery|PREALIGN:			DESC:Cyric (M)				DEITYWEAP:Longsword			ALIGN:CE	FACTSET:Pantheon|Faerun		SOURCEPAGE:p.239	SOURCELONG:Forgotten Realms Campaign System	SOURCESHORT:FRCS	TYPE:Greater
Deneir			DOMAINS:Good,Knowledge,Protection,Rune|PREALIGN:					DESC:Deneir ()				DEITYWEAP:Longsword			ALIGN:NG	FACTSET:Pantheon|Faerun		SOURCEPAGE:p.	TYPE:Lesser
Eldath			DOMAINS:Family,Good,Plant,Protection,Water|PREALIGN:				DESC:Eldath ()				DEITYWEAP:Net				ALIGN:NG	FACTSET:Pantheon|Faerun		SOURCEPAGE:p.	TYPE:Lesser
Finder Wyvernspur		DOMAINS:Chaos,Charm,Renewal,Scalykind|PREALIGN:					DESC:Finder Wyvernspur ()		DEITYWEAP:Sword (Bastard)		ALIGN:CN	FACTSET:Pantheon|Faerun		SOURCEPAGE:p.	TYPE:Demigod
Garagos			DOMAINS:Chaos,Destruction,Strength,War|PREALIGN:					DESC:Garagos ()				DEITYWEAP:Longsword			ALIGN:CN	FACTSET:Pantheon|Faerun		SOURCEPAGE:p.	TYPE:Demigod
Gargauth			DOMAINS:Charm,Evil,Law,Trickery|PREALIGN:						DESC:Gargauth ()				DEITYWEAP:Dagger				ALIGN:LE	FACTSET:Pantheon|Faerun		SOURCEPAGE:p.	TYPE:Demigod
Gond				DOMAINS:Craft,Earth,Fire,Knowledge,Metal,Planning|PREALIGN:		DESC:Gond ()				DEITYWEAP:Warhammer			ALIGN:TN	FACTSET:Pantheon|Faerun		SOURCEPAGE:p.241	SOURCELONG:Forgotten Realms Campaign System	SOURCESHORT:FRCS	TYPE:Intermediate
Grumbar			DOMAINS:Cavern,Earth,Metal,Time|PREALIGN:					DESC:Grumbar ()				DEITYWEAP:Warhammer			ALIGN:TN	FACTSET:Pantheon|Faerun		SOURCEPAGE:p.	TYPE:Greater
Gwaeron Windstorm		DOMAINS:Animal,Good,Knowledge,Plant,Travel|PREALIGN:				DESC:Gwaeron Windstorm ()		DEITYWEAP:Greatsword			ALIGN:NG	FACTSET:Pantheon|Faerun		SOURCEPAGE:p.	TYPE:Demigod
Helm				DOMAINS:Law,Planning,Protection,Strength|PREALIGN:				DESC:Helm ()				DEITYWEAP:Sword (Bastard)		ALIGN:LN	FACTSET:Pantheon|Faerun		SOURCEPAGE:p.242	SOURCELONG:Forgotten Realms Campaign System	SOURCESHORT:FRCS	TYPE:Intermediate
Hoar				DOMAINS:Fate,Law,Retribution,Travel|PREALIGN:					DESC:Hoar ()				DEITYWEAP:Javelin				ALIGN:LN	FACTSET:Pantheon|Faerun		SOURCEPAGE:p.	TYPE:Demigod
Ilmater			DOMAINS:Good,Healing,Law,Strength,Suffering|PREALIGN:				DESC:Ilmater ()				DEITYWEAP:Unarmed Strike		ALIGN:LG	FACTSET:Pantheon|Faerun		SOURCEPAGE:p.242	SOURCELONG:Forgotten Realms Campaign System	SOURCESHORT:FRCS	TYPE:Intermediate
Istishia			DOMAINS:Destruction,Ocean,Storm,Travel,Water|PREALIGN:			DESC:Istishia ()				DEITYWEAP:Warhammer			ALIGN:TN	FACTSET:Pantheon|Faerun		SOURCEPAGE:p.	TYPE:Intermediate
Jergal			DOMAINS:Fate,Law,Repose,Rune,Suffering|PREALIGN:					DESC:Jergal ()				DEITYWEAP:Scythe				ALIGN:LN	FACTSET:Pantheon|Faerun		SOURCEPAGE:p.	TYPE:Demigod
Kelemvor			DOMAINS:Fate,Law,Protection,Repose,Travel|PREALIGN:				DESC:Kelemvor (M)				DEITYWEAP:Sword (Bastard)		ALIGN:LN	FACTSET:Pantheon|Faerun		SOURCEPAGE:p.243	SOURCELONG:Forgotten Realms Campaign System	SOURCESHORT:FRCS	TYPE:Greater
Kossuth			DOMAINS:Destruction,Fire,Renewal,Suffering|PREALIGN:		DESC:Kossuth ()				DEITYWEAP:Chain (Spiked)		ALIGN:TN	FACTSET:Pantheon|Faerun		SOURCEPAGE:p.244	SOURCELONG:Forgotten Realms Campaign System	SOURCESHORT:FRCS	TYPE:Greater
Lathander			DOMAINS:Good,Nobility,Protection,Renewal,Strength,Sun|PREALIGN:		DESC:Lathander ()				DEITYWEAP:Mace (Light)|Mace (Heavy)	ALIGN:NG	FACTSET:Pantheon|Faerun		SOURCEPAGE:p.244	SOURCELONG:Forgotten Realms Campaign System	SOURCESHORT:FRCS	TYPE:Greater
Lliira			DOMAINS:Chaos,Charm,Family,Good,Travel|PREALIGN:					DESC:Lliira ()				DEITYWEAP:Shuriken			ALIGN:CG	FACTSET:Pantheon|Faerun		SOURCEPAGE:p.	TYPE:Lesser
Loviatar			DOMAINS:Evil,Law,Retribution,Strength,Suffering|PREALIGN:				DESC:Loviatar (F)				DEITYWEAP:Scourge				ALIGN:LE	FACTSET:Pantheon|Faerun		SOURCEPAGE:p.	TYPE:Lesser
Lurue				DOMAINS:Animal,Chaos,Good,Healing|PREALIGN:						DESC:Lurue ()				DEITYWEAP:Shortspear			ALIGN:CG	FACTSET:Pantheon|Faerun		SOURCEPAGE:p.	TYPE:Demigod
Malar				DOMAINS:Animal,Chaos,Evil,Moon,Strength|PREALIGN:					DESC:Malar ()				DEITYWEAP:Claw Bracer			ALIGN:CE	FACTSET:Pantheon|Faerun		SOURCEPAGE:p.245	SOURCELONG:Forgotten Realms Campaign System	SOURCESHORT:FRCS	TYPE:Lesser
Mask				DOMAINS:Darkness,Evil,Luck,Trickery|PREALIGN:					DESC:Mask ()				DEITYWEAP:Longsword			ALIGN:NE	FACTSET:Pantheon|Faerun		SOURCEPAGE:p.246	SOURCELONG:Forgotten Realms Campaign System	SOURCESHORT:FRCS	TYPE:Lesser
Mielikki			DOMAINS:Animal,Good,Plant,Travel|PREALIGN:						DESC:Mielikki ()				DEITYWEAP:Scimitar			ALIGN:NG	FACTSET:Pantheon|Faerun		SOURCEPAGE:p.246	SOURCELONG:Forgotten Realms Campaign System	SOURCESHORT:FRCS	TYPE:Intermediate
Milil				DOMAINS:Charm,Good,Knowledge,Nobility|PREALIGN:					DESC:Milil ()				DEITYWEAP:Rapier				ALIGN:NG	FACTSET:Pantheon|Faerun		SOURCEPAGE:p.	TYPE:Lesser
Mystra			DOMAINS:Good,Illusion,Knowledge,Magic,Rune,Spell|PREALIGN:		DESC:Mystra (F)				DEITYWEAP:Shuriken			ALIGN:NG	FACTSET:Pantheon|Faerun		SOURCEPAGE:p.247	SOURCELONG:Forgotten Realms Campaign System	SOURCESHORT:FRCS	TYPE:Greater
Nobanion			DOMAINS:Animal,Good,Law,Nobility|PREALIGN:						DESC:Nobanion ()				DEITYWEAP:Pick (Heavy)			ALIGN:LG	FACTSET:Pantheon|Faerun		SOURCEPAGE:p.	TYPE:Demigod
Oghma				DOMAINS:Charm,Knowledge,Luck,Travel,Trickery|PREALIGN:			DESC:Oghma ()				DEITYWEAP:Longsword			ALIGN:TN	FACTSET:Pantheon|Faerun		SOURCEPAGE:p.247	SOURCELONG:Forgotten Realms Campaign System	SOURCESHORT:FRCS	TYPE:Greater
Red Knight			DOMAINS:Law,Nobility,Planning,War|PREALIGN:					DESC:Red Knight (M)			DEITYWEAP:Longsword			ALIGN:LN	FACTSET:Pantheon|Faerun		SOURCEPAGE:p.	TYPE:Demigod
Savras			DOMAINS:Fate,Knowledge,Law,Magic,Spell|PREALIGN:					DESC:Savras ()				DEITYWEAP:Dagger				ALIGN:LN	FACTSET:Pantheon|Faerun		SOURCEPAGE:p.	TYPE:Demigod
Selune			DOMAINS:Chaos,Good,Moon,Protection,Travel|PREALIGN:					DESC:Selune (F)				DEITYWEAP:Mace (Heavy)			ALIGN:CG	FACTSET:Pantheon|Faerun		SOURCEPAGE:p.248	SOURCELONG:Forgotten Realms Campaign System	SOURCESHORT:FRCS	TYPE:Intermediate
Shar				DOMAINS:Cavern,Darkness,Evil,Knowledge|PREALIGN:					DESC:Shar (F)				DEITYWEAP:Chakram				ALIGN:NE	FACTSET:Pantheon|Faerun		SOURCEPAGE:p.249	SOURCELONG:Forgotten Realms Campaign System	SOURCESHORT:FRCS	TYPE:Greater
Sharess			DOMAINS:Chaos,Charm,Good,Travel,Trickery|PREALIGN:					DESC:Sharess ()				DEITYWEAP:Claw Bracer			ALIGN:CG	FACTSET:Pantheon|Faerun		SOURCEPAGE:p.	TYPE:Demigod
Shaundakul			DOMAINS:Air,Chaos,Portal,Protection,Trade,Travel|PREALIGN:			DESC:Shaundakul ()			DEITYWEAP:Greatsword			ALIGN:CN	FACTSET:Pantheon|Faerun		SOURCEPAGE:p.250	SOURCELONG:Forgotten Realms Campaign System	SOURCESHORT:FRCS	TYPE:Lesser
Shiallia			DOMAINS:Animal,Good,Plant,Renewal|PREALIGN:					DESC:Shiallia ()				DEITYWEAP:Trident				ALIGN:NG	FACTSET:Pantheon|Faerun		SOURCEPAGE:p.	TYPE:Demigod
Siamorphe			DOMAINS:Knowledge,Law,Nobility,Planning|PREALIGN:				DESC:Siamorphe ()				DEITYWEAP:Mace (Light)			ALIGN:LN	FACTSET:Pantheon|Faerun		SOURCEPAGE:p.	TYPE:Demigod
Silvanus			DOMAINS:Animal,Plant,Protection,Renewal,Water|PREALIGN:			DESC:Silvanus (M)				DEITYWEAP:Maul				ALIGN:TN	FACTSET:Pantheon|Faerun		SOURCEPAGE:p.251	SOURCELONG:Forgotten Realms Campaign System	SOURCESHORT:FRCS	TYPE:Greater
Sune				DOMAINS:Chaos,Charm,Good,Protection|PREALIGN:						DESC:Sune (F)				DEITYWEAP:Whip				ALIGN:CG	FACTSET:Pantheon|Faerun		SOURCEPAGE:p.251	SOURCELONG:Forgotten Realms Campaign System	SOURCESHORT:FRCS	TYPE:Greater
Talona			DOMAINS:Chaos,Destruction,Evil,Suffering|PREALIGN:					DESC:Talona (F)				DEITYWEAP:Unarmed Strike		ALIGN:CE	FACTSET:Pantheon|Faerun		SOURCEPAGE:p.	TYPE:Lesser
Talos				DOMAINS:Chaos,Destruction,Evil,Fire,Storm|PREALIGN:					DESC:Talos ()				DEITYWEAP:Longspear|Shortspear	ALIGN:CE	FACTSET:Pantheon|Faerun		SOURCEPAGE:p.252	SOURCELONG:Forgotten Realms Campaign System	SOURCESHORT:FRCS	TYPE:Greater
Tempus			DOMAINS:Chaos,Protection,Strength,War|PREALIGN:					DESC:Tempus ()				DEITYWEAP:Battleaxe			ALIGN:CN	FACTSET:Pantheon|Faerun		SOURCEPAGE:p.252	SOURCELONG:Forgotten Realms Campaign System	SOURCESHORT:FRCS	TYPE:Greater
Tiamat			DOMAINS:Evil,Law,Scalykind,Tyranny|PREALIGN:						DESC:Tiamat ()				DEITYWEAP:Pick (Heavy)			ALIGN:LE	FACTSET:Pantheon|Faerun		SOURCEPAGE:p.	TYPE:Lesser
Torm				DOMAINS:Good,Healing,Law,Protection,Strength|PREALIGN:				DESC:Torm (M)				DEITYWEAP:Greatsword			ALIGN:LG	FACTSET:Pantheon|Faerun		SOURCEPAGE:p.253	SOURCELONG:Forgotten Realms Campaign System	SOURCESHORT:FRCS	TYPE:Lesser
Tymora			DOMAINS:Chaos,Good,Luck,Protection,Travel|PREALIGN:					DESC:Tymora (F)				DEITYWEAP:Shuriken			ALIGN:CG	FACTSET:Pantheon|Faerun		SOURCEPAGE:p.253	SOURCELONG:Forgotten Realms Campaign System	SOURCESHORT:FRCS	TYPE:Intermediate
Tyr				DOMAINS:Good,Knowledge,Law,Retribution,War|PREALIGN:				DESC:Tyr (M)				DEITYWEAP:Longsword			ALIGN:LG	FACTSET:Pantheon|Faerun		SOURCEPAGE:p.253	SOURCELONG:Forgotten Realms Campaign System	SOURCESHORT:FRCS	TYPE:Greater
Ubtao				DOMAINS:Planning,Plant,Protection,Scalykind|PREALIGN:			DESC:Ubtao ()				DEITYWEAP:Pick (Heavy)			ALIGN:TN	FACTSET:Pantheon|Faerun		SOURCEPAGE:p.	TYPE:Greater
Ulutiu			DOMAINS:Animal,Cold,Law,Ocean,Protection|PREALIGN:				DESC:Ulutiu ()				DEITYWEAP:Longspear|Shortspear	ALIGN:LN	FACTSET:Pantheon|Faerun		SOURCEPAGE:p.	TYPE:Demigod
Umberlee			DOMAINS:Chaos,Destruction,Evil,Ocean,Storm,Weather|PREALIGN:			DESC:Umberlee (F)				DEITYWEAP:Trident				ALIGN:CE	FACTSET:Pantheon|Faerun		SOURCEPAGE:p.254	SOURCELONG:Forgotten Realms Campaign System	SOURCESHORT:FRCS	TYPE:Intermediate
Uthgar			DOMAINS:Animal,Chaos,Retribution,Strength,War|PREALIGN:			DESC:Uthgar ()				DEITYWEAP:Battleaxe			ALIGN:CN	FACTSET:Pantheon|Faerun		SOURCEPAGE:p.254	SOURCELONG:Forgotten Realms Campaign System	SOURCESHORT:FRCS	TYPE:Demigod
Valkur			DOMAINS:Air,Chaos,Good,Ocean,Protection|PREALIGN:					DESC:Valkur ()				DEITYWEAP:Cutlass				ALIGN:CG	FACTSET:Pantheon|Faerun		SOURCEPAGE:p.	TYPE:Demigod
Velsharoon			DOMAINS:Death,Evil,Magic,Undeath|PREALIGN:						DESC:Velsharoon (M)			DEITYWEAP:Quarterstaff			ALIGN:NE	FACTSET:Pantheon|Faerun		SOURCEPAGE:p.	TYPE:Demigod
Waukeen			DOMAINS:Knowledge,Protection,Trade,Travel|PREALIGN:				DESC:Waukeen (F)				DEITYWEAP:Nunchaku			ALIGN:TN	FACTSET:Pantheon|Faerun		SOURCEPAGE:p.255	SOURCELONG:Forgotten Realms Campaign System	SOURCESHORT:FRCS	TYPE:Lesser
#
Anhur				DOMAINS:Chaos,Good,Storm,Strength,War|PREALIGN:					DESC:Anhur ()				DEITYWEAP:Falchion			ALIGN:CG	FACTSET:Pantheon|Mulhorandi	SOURCEPAGE:p.	TYPE:Lesser
Geb				DOMAINS:Cavern,Craft,Earth,Protection|PREALIGN:				DESC:Geb ()					DEITYWEAP:Quarterstaff			ALIGN:TN	FACTSET:Pantheon|Mulhorandi	SOURCEPAGE:p.	TYPE:Lesser
Hathor			DOMAINS:Family,Fate,Good,Moon|PREALIGN:						DESC:Hathor ()				DEITYWEAP:Sword (Short)			ALIGN:NG	FACTSET:Pantheon|Mulhorandi	SOURCEPAGE:p.	TYPE:Lesser
Horus-Re			DOMAINS:Good,Law,Nobility,Retribution,Sun|PREALIGN:					DESC:Horus-Re (M)				DEITYWEAP:Khopesh				ALIGN:LG	FACTSET:Pantheon|Mulhorandi	SOURCEPAGE:p.	TYPE:Greater
Isis				DOMAINS:Family,Good,Magic,Storm,Water|PREALIGN:					DESC:Isis (F)				DEITYWEAP:Dagger (Punching)		ALIGN:NG	FACTSET:Pantheon|Mulhorandi	SOURCEPAGE:p.	TYPE:Intermediate
Nephthys			DOMAINS:Chaos,Good,Protection,Trade|PREALIGN:						DESC:Nephthys (F)				DEITYWEAP:Whip				ALIGN:CG	FACTSET:Pantheon|Mulhorandi	SOURCEPAGE:p.	TYPE:Intermediate
Osiris			DOMAINS:Good,Law,Plant,Repose,Retribution|PREALIGN:					DESC:Osiris (M)				DEITYWEAP:Flail|Flail (Heavy)		ALIGN:LG	FACTSET:Pantheon|Mulhorandi	SOURCEPAGE:p.	TYPE:Intermediate
Sebek				DOMAINS:Animal,Evil,Scalykind,Water|PREALIGN:					DESC:Sebek ()				DEITYWEAP:Longspear|Shortspear	ALIGN:NE	FACTSET:Pantheon|Mulhorandi	SOURCEPAGE:p.	TYPE:Demigod
Set				DOMAINS:Air,Darkness,Evil,Hatred,Law,Magic,Scalykind|PREALIGN:			DESC:Set (M)				DEITYWEAP:Longspear|Shortspear	ALIGN:LE	FACTSET:Pantheon|Mulhorandi	SOURCEPAGE:p.	TYPE:Intermediate
Thoth				DOMAINS:Craft,Knowledge,Magic,Rune,Spell|PREALIGN:				DESC:Thoth ()				DEITYWEAP:Quarterstaff			ALIGN:TN	FACTSET:Pantheon|Mulhorandi	SOURCEPAGE:p.	TYPE:Intermediate
#
Eilistraee			DOMAINS:Chaos,Charm,Drow,Elf,Good,Moon,Portal|PREALIGN:				DESC:Eilistraee (F)			DEITYWEAP:Sword (Bastard)		ALIGN:CG	FACTSET:Pantheon|Drow		SOURCEPAGE:p.240	SOURCELONG:Forgotten Realms Campaign System	SOURCESHORT:FRCS	TYPE:Lesser
Ghaunadaur			DOMAINS:Cavern,Chaos,Drow,Evil,Hatred,Slime|PREALIGN:				DESC:Ghaunadaur ()			DEITYWEAP:Warhammer			ALIGN:CE	FACTSET:Pantheon|Drow		SOURCEPAGE:p.	TYPE:Lesser
Kiaransalee			DOMAINS:Chaos,Drow,Evil,Retribution,Undeath|PREALIGN:				DESC:Kiaransalee (F)			DEITYWEAP:Dagger				ALIGN:CE	FACTSET:Pantheon|Drow		SOURCEPAGE:p.	TYPE:Demigod
Lolth			DOMAINS:Chaos,Darkness,Destruction,Drow,Evil,Spider,Trickery|PREALIGN:	DESC:Llolth (F)				DEITYWEAP:Dagger				ALIGN:CE	FACTSET:Pantheon|Drow		SOURCEPAGE:p.245	SOURCELONG:Forgotten Realms Campaign System	SOURCESHORT:FRCS	TYPE:Intermediate
Selvetarm			DOMAINS:Chaos,Drow,Evil,Spider,War|PREALIGN:						DESC:Selvetarm (M)			DEITYWEAP:Mace (Heavy)			ALIGN:CE	FACTSET:Pantheon|Drow		SOURCEPAGE:p.	TYPE:Demigod
Vhaeraun			DOMAINS:Chaos,Drow,Evil,Travel,Trickery|PREALIGN:					DESC:Vhaeraun (M)				DEITYWEAP:Sword (Short)			ALIGN:CE	FACTSET:Pantheon|Drow		SOURCEPAGE:p.	TYPE:Lesser
#
Abbathor			DOMAINS:Dwarf,Evil,Luck,Trade,Trickery|PREALIGN:					DESC:Abbathor ()				DEITYWEAP:Dagger				ALIGN:NE	FACTSET:Pantheon|Dwarven		SOURCEPAGE:p.	TYPE:Intermediate
Berronar Truesilver	DOMAINS:Dwarf,Family,Good,Healing,Law,Protection|PREALIGN:			DESC:Berronar Truesilver ()		DEITYWEAP:Mace (Heavy)			ALIGN:LG	FACTSET:Pantheon|Dwarven		SOURCEPAGE:p.	TYPE:Intermediate
Clangeddin Silverbeard	DOMAINS:Dwarf,Good,Law,Strength,War|PREALIGN:						DESC:Clangeddin Silverbeard ()	DEITYWEAP:Battleaxe			ALIGN:LG	FACTSET:Pantheon|Dwarven		SOURCEPAGE:p.	TYPE:Intermediate
Deep Duerra			DOMAINS:Dwarf,Evil,Law,Mentalism,War|PREALIGN:					DESC:Deep Duerra ()			DEITYWEAP:Battleaxe			ALIGN:LE	FACTSET:Pantheon|Dwarven		SOURCEPAGE:p.	TYPE:Demigod
Dugmaren Brightmantle	DOMAINS:Chaos,Craft,Dwarf,Good,Knowledge,Rune|PREALIGN:				DESC:Dugmaren Brightmantle ()		DEITYWEAP:Sword (Short)			ALIGN:CG	FACTSET:Pantheon|Dwarven		SOURCEPAGE:p.	TYPE:Lesser
Dumathoin			DOMAINS:Cavern,Craft,Dwarf,Earth,Knowledge,Metal,Protection|PREALIGN:	DESC:Dumathoin (M)			DEITYWEAP:Maul				ALIGN:TN	FACTSET:Pantheon|Dwarven		SOURCEPAGE:p.	TYPE:Intermediate
Gorm Gulthyn		DOMAINS:Dwarf,Good,Law,Protection,War|PREALIGN:					DESC:Gorm Gulthyn ()			DEITYWEAP:Battleaxe			ALIGN:LG	FACTSET:Pantheon|Dwarven		SOURCEPAGE:p.	TYPE:Lesser
Haela Brightaxe		DOMAINS:Chaos,Dwarf,Good,Luck,War|PREALIGN:						DESC:Haela Brightaxe ()			DEITYWEAP:Greatsword			ALIGN:CG	FACTSET:Pantheon|Dwarven		SOURCEPAGE:p.	TYPE:Demigod
Laduguer		DOMAINS:Craft,Dwarf,Evil,Law,Magic,Metal,Protection|PREALIGN:			DESC:Laduguer (M)				DEITYWEAP:Warhammer			ALIGN:NG	FACTSET:Pantheon|Dwarven		SOURCEPAGE:p.	TYPE:Intermediate
Marthammor Duin		DOMAINS:Dwarf,Good,Protection,Travel|PREALIGN:					DESC:Marthammor Duin ()			DEITYWEAP:Mace (Heavy)			ALIGN:NG	FACTSET:Pantheon|Dwarven		SOURCEPAGE:p.238	SOURCELONG:Forgotten Realms Campaign System	SOURCESHORT:FRCS	TYPE:Lesser
Moradin		DOMAINS:Craft,Dwarf,Earth,Good,Law,Protection|PREALIGN:				DESC:Moradin (M)				DEITYWEAP:Warhammer			ALIGN:LG	FACTSET:Pantheon|Dwarven		SOURCEPAGE:p.	TYPE:Greater
Sharindlar			DOMAINS:Chaos,Charm,Dwarf,Good,Healing,Moon|PREALIGN:				DESC:Sharindlar ()			DEITYWEAP:Whip				ALIGN:CG	FACTSET:Pantheon|Dwarven		SOURCEPAGE:p.	TYPE:Intermediate
Thard Harr			DOMAINS:Animal,Chaos,Dwarf,Good,Plant|PREALIGN:					DESC:Thard Harr ()			DEITYWEAP:Gauntlet (Spiked)		ALIGN:CG	FACTSET:Pantheon|Dwarven		SOURCEPAGE:p.	TYPE:Lesser
Vergadain			DOMAINS:Dwarf,Luck,Trade,Trickery|PREALIGN:					DESC:Vergadain ()				DEITYWEAP:Longsword			ALIGN:TN	FACTSET:Pantheon|Dwarven		SOURCEPAGE:p.	TYPE:Intermediate
#
Aerdrie Faenya		DOMAINS:Air,Animal,Chaos,Elf,Good,Storm|PREALIGN:					DESC:Aerdrie Faenya (F)			DEITYWEAP:Quarterstaff			ALIGN:CG	FACTSET:Pantheon|Elf		SOURCEPAGE:p.	TYPE:Intermediate
Angharradh			DOMAINS:Chaos,Elf,Good,Knowledge,Plant,Protection,Renewal|PREALIGN:		DESC:Angharradh ()			DEITYWEAP:Longspear|Shortspear	ALIGN:CG	FACTSET:Pantheon|Elf		SOURCEPAGE:p.	TYPE:Greater
Corellon Larethian	DOMAINS:Chaos,Elf,Good,Magic,Protection,War|PREALIGN:				DESC:Corellon Larethian (M)		DEITYWEAP:Longsword			ALIGN:CG	FACTSET:Pantheon|Elf		SOURCEPAGE:p.	TYPE:Greater
Deep Sashelas	DOMAINS:Chaos,Elf,Good,Knowledge,Ocean,Water|PREALIGN:				DESC:Deep Sashelas ()			DEITYWEAP:Trident				ALIGN:CG	FACTSET:Pantheon|Elf		SOURCEPAGE:p.	TYPE:Intermediate
Erevan Ilesere		DOMAINS:Chaos,Elf,Luck,Trickery|PREALIGN:						DESC:Erevan Ilesere ()			DEITYWEAP:Sword (Short)			ALIGN:CN	FACTSET:Pantheon|Elf		SOURCEPAGE:p.	TYPE:Intermediate
Fenmarel Mestarine	DOMAINS:Animal,Chaos,Elf,Plant,Travel|PREALIGN:					DESC:Fenmarel Mestarine ()		DEITYWEAP:Dagger				ALIGN:CN	FACTSET:Pantheon|Elf		SOURCEPAGE:p.	TYPE:Lesser
Hanali Celanil		DOMAINS:Chaos,Charm,Elf,Good,Magic,Protection|PREALIGN:				DESC:Hanali Celanil ()			DEITYWEAP:Dagger				ALIGN:CG	FACTSET:Pantheon|Elf		SOURCEPAGE:p.	TYPE:Intermediate
Labelas Enoreth		DOMAINS:Chaos,Elf,Good,Knowledge,Time|PREALIGN:					DESC:Labelas Enoreth ()			DEITYWEAP:Quarterstaff			ALIGN:CG	FACTSET:Pantheon|Elf		SOURCEPAGE:p.	TYPE:Intermediate
Rillifane Rallathil	DOMAINS:Chaos,Elf,Good,Plant,Protection|PREALIGN:					DESC:Rillifane Rallathil ()		DEITYWEAP:Quarterstaff			ALIGN:CG	FACTSET:Pantheon|Elf		SOURCEPAGE:p.	TYPE:Intermediate
Sehanine Moonbow		DOMAINS:Chaos,Elf,Good,Illusion,Knowledge,Moon,Travel|PREALIGN:			DESC:Sehanine Moonbow (F)		DEITYWEAP:Quarterstaff			ALIGN:CG	FACTSET:Pantheon|Elf		SOURCEPAGE:p.	TYPE:Intermediate
Shevarash			DOMAINS:Chaos,Elf,Retribution,War|PREALIGN:					DESC:Shevarash ()				DEITYWEAP:Longbow				ALIGN:CN	FACTSET:Pantheon|Elf		SOURCEPAGE:p.	TYPE:Demigod
Solonor Thelandira	DOMAINS:Chaos,Elf,Good,Plant,War|PREALIGN:						DESC:Solonor Thelandira ()		DEITYWEAP:Longbow				ALIGN:CG	FACTSET:Pantheon|Elf		SOURCEPAGE:p.	TYPE:Intermediate
#
Baervan Wildwanderer	DOMAINS:Animal,Gnome,Good,Plant,Travel|PREALIGN:					DESC:Baervan Wildwanderer ()		DEITYWEAP:Shortspear			ALIGN:NG	FACTSET:Pantheon|Gnome		SOURCEPAGE:p.	TYPE:Intermediate
Baravar Cloakshadow	DOMAINS:Gnome,Good,Illusion,Protection,Trickery|PREALIGN:			DESC:Baravar Cloakshadow ()		DEITYWEAP:Dagger				ALIGN:NG	FACTSET:Pantheon|Gnome		SOURCEPAGE:p.	TYPE:Lesser
Calladuran Smoothhands	DOMAINS:Cavern,Craft,Earth,Gnome|PREALIGN:					DESC:Calladuran Smoothhands ()	DEITYWEAP:Dagger				ALIGN:TN	FACTSET:Pantheon|Gnome		SOURCEPAGE:p.	TYPE:Intermediate
Flandal Steelskin		DOMAINS:Craft,Gnome,Good,Metal|PREALIGN:						DESC:Flandal Steelskin ()		DEITYWEAP:Warhammer			ALIGN:NG	FACTSET:Pantheon|Gnome		SOURCEPAGE:p.	TYPE:Intermediate
Gaerdal Ironhand		DOMAINS:Gnome,Good,Law,Protection,War|PREALIGN:					DESC:Gaerdal Ironhand ()		DEITYWEAP:Warhammer			ALIGN:LG	FACTSET:Pantheon|Gnome		SOURCEPAGE:p.	TYPE:Lesser
Garl Glittergold	DOMAINS:Craft,Gnome,Good,Law,Protection,Trickery|PREALIGN:			DESC:Garl Glittergold (M)		DEITYWEAP:Battleaxe			ALIGN:LG	FACTSET:Pantheon|Gnome		SOURCEPAGE:p.	TYPE:Greater
Segojan Earthcaller	DOMAINS:Cavern,Earth,Gnome,Good|PREALIGN:						DESC:Segojan Earthcaller ()		DEITYWEAP:Mace (Heavy)			ALIGN:NG	FACTSET:Pantheon|Gnome		SOURCEPAGE:p.	TYPE:Intermediate
Urdlen			DOMAINS:Chaos,Earth,Evil,Gnome,Hatred|PREALIGN:					DESC:Urdlen ()				DEITYWEAP:Claw Bracer			ALIGN:CE	FACTSET:Pantheon|Gnome		SOURCEPAGE:p.	TYPE:Intermediate
#
Arvoreen			DOMAINS:Good,Halfling,Law,Protection,War|PREALIGN:					DESC:Arvoreen ()				DEITYWEAP:Sword (Short)			ALIGN:LG	FACTSET:Pantheon|Halfling		SOURCEPAGE:p.	TYPE:Intermediate
Brandobaris			DOMAINS:Halfling,Luck,Travel,Trickery|PREALIGN:				DESC:Brandobaris ()			DEITYWEAP:Dagger				ALIGN:TN	FACTSET:Pantheon|Halfling		SOURCEPAGE:p.	TYPE:Lesser
Cyrrollalee			DOMAINS:Family,Good,Halfling,Law|PREALIGN:						DESC:Cyrrollalee ()			DEITYWEAP:Quarterstaff|Club		ALIGN:LG	FACTSET:Pantheon|Halfling		SOURCEPAGE:p.	TYPE:Intermediate
Sheela Peryroyl		DOMAINS:Air,Charm,Halfling,Plant|PREALIGN:					DESC:Sheela Peryroyl ()			DEITYWEAP:Sickle				ALIGN:TN	FACTSET:Pantheon|Halfling		SOURCEPAGE:p.	TYPE:Intermediate
Urogalan			DOMAINS:Earth,Halfling,Law,Protection,Repose|PREALIGN:				DESC:Urogalan ()				DEITYWEAP:Flail (Dire)			ALIGN:LN	FACTSET:Pantheon|Halfling		SOURCEPAGE:p.	TYPE:Demigod
Yondalla		DOMAINS:Family,Good,Halfling,Law,Protection|PREALIGN:				DESC:Yondalla (F)				DEITYWEAP:Sword (Short)			ALIGN:LG	FACTSET:Pantheon|Halfling		SOURCEPAGE:p.	TYPE:Greater
#
Baghtru			DOMAINS:Chaos,Evil,Orc,Strength|PREALIGN:						DESC:Baghtru ()				DEITYWEAP:Gauntlet (Spiked)		ALIGN:CE	FACTSET:Pantheon|Orc		SOURCEPAGE:p.	TYPE:Lesser
Gruumsh		DOMAINS:Cavern,Chaos,Evil,Hatred,Orc,Strength,War|PREALIGN:			DESC:Gruumsh (M)				DEITYWEAP:Longspear|Shortspear	ALIGN:CE	FACTSET:Pantheon|Orc		SOURCEPAGE:p.	TYPE:Greater
Ilneval			DOMAINS:Destruction,Evil,Orc,Planning,War|PREALIGN:				DESC:Ilneval ()				DEITYWEAP:Longsword			ALIGN:CE	FACTSET:Pantheon|Orc		SOURCEPAGE:p.	TYPE:Lesser
Luthic			DOMAINS:Cavern,Earth,Evil,Family,Healing,Orc|PREALIGN:				DESC:Luthic ()				DEITYWEAP:Claw Bracer			ALIGN:NE	FACTSET:Pantheon|Orc		SOURCEPAGE:p.	TYPE:Lesser
Shargaas			DOMAINS:Chaos,Darkness,Evil,Orc,Trickery|PREALIGN:					DESC:Shargaas ()				DEITYWEAP:Sword (Short)			ALIGN:CE	FACTSET:Pantheon|Orc		SOURCEPAGE:p.	TYPE:Lesser
Yurtrus			DOMAINS:Death,Destruction,Evil,Orc,Suffering|PREALIGN:				DESC:Yurtrus ()				DEITYWEAP:Unarmed Strike		ALIGN:NE	FACTSET:Pantheon|Orc		SOURCEPAGE:p.	TYPE:Lesser



#Darkness* *A cleric who has access to the Darkness domain can use either the Darkness domain presented in Chapter 4 of this book or the one in Book of Vile Darkness.
#?A draegloth cleric of Lolth can choose the Demonic domain as one of her domains.

# what if we're not included Vile or Exalted Dieties?
# for now, disable these.
# Vile and Exalted Deities - p.189
#Abbathor.MOD	DOMAINS:Greed
#Asmodeus.MOD	DOMAINS:Diabolic
#Baalzebul.MOD	DOMAINS:Diabolic
#Barachiel.MOD	DOMAINS:Herald
#Berronar Truesilver.MOD	DOMAINS:Community
#Cyric.MOD	DOMAINS:Pain
#Cyrrollalee.MOD	DOMAINS:Community
#Demogorgon.MOD	DOMAINS:Corruption,Demonic
#Domiel.MOD		DOMAINS:Celestial
#Eldath.MOD	DOMAINS:Community
#Gargauth.MOD	DOMAINS:Corruption
#Graz'zt.MOD	DOMAINS:Darkness,Darkness,Demonic
#Hanali Celanil.MOD	DOMAINS:Pleasure
#Hathor.MOD	DOMAINS:Community
#Horus-Re.MOD	DOMAINS:Glory
#Ilmater.MOD	DOMAINS:Endurance
#Kharash.MOD	DOMAINS:Wrath
#Lathander.MOD	DOMAINS:Glory
#Lliira.MOD	DOMAINS:Joy
#Lolth.MOD	DOMAINS:Darkness,Darkness
#Lolth.MOD	DOMAINS:Demonic
#Loviatar.MOD	DOMAINS:Pain
#Lurue.MOD	DOMAINS:Fey
#Malar.MOD		DOMAINS:Bestial
#Mammon.MOD	DOMAINS:Diabolic
#Mask.MOD	DOMAINS:Darkness,Darkness
#Mephistopheles.MOD	DOMAINS:Diabolic
#Mielikki.MOD	DOMAINS:Fey
#Nobanion.MOD	DOMAINS:Fey
#Pistis Sophia.MOD	DOMAINS:Celestial
#Rillifane Rallathil.MOD	DOMAINS:Fey
#Set.MOD	DOMAINS:Darkness,Darkness
#Shar.MOD	DOMAINS:Darkness,Darkness
#Sharess.MOD	DOMAINS:Pleasure
#Shargaas.MOD	DOMAINS:Darkness,Darkness
#Sune.MOD	DOMAINS:Pleasure
#Tiamat.MOD	DOMAINS:Greed
#Tyr.MOD	DOMAINS:Wrath
#Urdlen.MOD	DOMAINS:Greed
#Yeenoghu.MOD	DOMAINS:Bestial,Demonic
#Yurtrus.MOD	DOMAINS:Corruption
