SOURCELONG:Player's Guide to Faerun	SOURCESHORT:PGtF


Arcane Preparation	TYPE:General																						DESC:See Text																	SOURCEPAGE:p.						
Arcane Schooling	TYPE:Regional				!PREFEAT:1,TYPE=Regional					PRECLASSLEVELMAX:1,TYPE.Base=1									PREMULT:1,[PREMULT:2,[PRERACE:1,RACESUBTYPE=Human],[PREREGION:1,Chessenta,Golden Water,Halruaa,Lantan,Mulhorand,Nimbral,Unther,Wizard's Reach]],[PREMULT:2,[PRERACE:1,RACESUBTYPE=Planetouched],[PREREGION:1,Chessenta]]				DESC:See Text	STACK:NO	MULT:YES	CHOOSE:CLASS|SPELLCASTER|TITLE="Preferred Arcane Class"	SELECT:1													SOURCEPAGE:p.	SAB:Favored Class: |%CHOICE					
Artist	TYPE:Regional				!PREFEAT:1,TYPE=Regional					PRECLASSLEVELMAX:1,TYPE.Base=1									PREMULT:1,[PREMULT:2,[PRERACE:1,RACESUBTYPE=Elf],[PREREGION:1,Sildeyuir,Snow Eagle Aerie]],[PREMULT:2,[PRERACE:1,RACESUBTYPE=Gnome],[PREREGION:1,Thesk,Western Heartlands]],[PREMULT:2,[PRERACE:1,RACESUBTYPE=Half-Elf],[PREREGION:1,Dalelands]],[PREMULT:2,[PRERACE:1,RACESUBTYPE=Human],[PREREGION:1,Chessenta,Waterdeep,Western Heartlands]]				DESC:See Text														BONUS:VAR|BardicMusicTimes|3			SOURCEPAGE:p.	SAB:+2 on all Perform and Craft check that involves art.					
Axethrower	TYPE:Regional				!PREFEAT:1,TYPE=Regional					PRECLASSLEVELMAX:1,TYPE.Base=1									PREMULT:1,[PREMULT:2,[PRERACE:1,RACESUBTYPE=Dwarf],[PREREGION:1,Great Glacier]],[PREMULT:2,[PRERACE:1,RACESUBTYPE=Human],[PREREGION:1,Great Glacier,Moonshae Isles,North,Vaasa]],[PREMULT:2,[PRERACE:1,RACESUBTYPE=Orc],[PREREGION:1,Moonsea,Underdark (Northdark)]]				DESC:See Text															BONUS:COMBAT|TOHIT.THROWN|max(STR,DEX)-DEX		SOURCEPAGE:p.						
Blooded	TYPE:Regional				!PREFEAT:1,TYPE=Regional					PRECLASSLEVELMAX:1,TYPE.Base=1									PREMULT:1,[PREMULT:2,[PRERACE:1,RACESUBTYPE=Dwarf],[PREREGION:1,Underdark (Earthroot)]],[PREMULT:2,[PRERACE:1,RACESUBTYPE=Elf],[PREREGION:1,Cormanthor Drow,Inner Sea,Menzoberranyr,Outer Sea]],[PREMULT:2,[PRERACE:1,RACESUBTYPE=Halfling],[PREREGION:1,Chondalwood]],[PREMULT:2,[PRERACE:1,RACESUBTYPE=Human],[PREREGION:1,Dalelands,Nelanther Isles,Silverymoon,Tethyr]],[PREMULT:2,[PRERACE:1,RACESUBTYPE=Orc],[PREREGION:1,Underdark (Northdark),Vaasa]]				DESC:See Text													BONUS:SKILL|Spot|2		BONUS:COMBAT|INITIATIVE|2		SOURCEPAGE:p.	SAB:Cannot become shaken.					
Bloodline of Fire	TYPE:Regional				!PREFEAT:1,TYPE=Regional					PRECLASSLEVELMAX:1,TYPE.Base=1									PREMULT:1,[PREMULT:2,[PRERACE:1,RACESUBTYPE=Human],[PREREGION:1,Calimshan]],[PREMULT:2,[PRERACE:1,RACESUBTYPE=Planetouched],[PREREGION:1,Calimshan]]				DESC:See Text							BONUS:CASTERLEVEL|DESCRIPTOR.Fire|2										SOURCEPAGE:p.						
Bullheaded	TYPE:Regional				!PREFEAT:1,TYPE=Regional					PRECLASSLEVELMAX:1,TYPE.Base=1									PREMULT:1,[PREMULT:2,[PRERACE:1,RACESUBTYPE=Dwarf],[PREREGION:1,Underdark (Earthroot),Underdark (Northdark),Great Rift,Spine of the World]],[PREMULT:2,[PRERACE:1,RACESUBTYPE=Human],[PREREGION:1,Altumbel,Damara,Great Dale,Rashemen,Western Heartlands]]				DESC:See Text								BONUS:CHECKS|Will|2									SOURCEPAGE:p.	SAB:Cannot become shaken.					
Cosmopolitan	TYPE:Regional				!PREFEAT:1,TYPE=Regional					PRECLASSLEVELMAX:1,TYPE.Base=1									PREMULT:1,[PREMULT:2,[PRERACE:1,RACESUBTYPE=Dwarf],[PREREGION:1,Waterdeep]],[PREMULT:2,[PRERACE:1,RACESUBTYPE=Elf],[PREREGION:1,Waterdeep]],[PREMULT:2,[PRERACE:1,RACESUBTYPE=Half-Elf],[PREREGION:1,Waterdeep]],[PREMULT:2,[PRERACE:1,RACESUBTYPE=Halfling],[PREREGION:1,Amn]],[PREMULT:2,[PRERACE:1,RACESUBTYPE=Human],[PREREGION:1,Amn,Golden Water,Sword Coast,Waterdeep]]				DESC:See Text													BONUS:SKILL|Bluff,Gather Information,Sense Motive|2				SOURCEPAGE:p.						
Dauntless	TYPE:Regional				!PREFEAT:1,TYPE=Regional					PRECLASSLEVELMAX:1,TYPE.Base=1									PREMULT:1,[PREMULT:2,[PRERACE:1,RACESUBTYPE=Dwarf],[PREREGION:1,Galena Mountains,Smoking Mountains,Turmish,Underdark Earthroot,Underdark (Old Shantar)]],[PREMULT:2,[PRERACE:1,RACESUBTYPE=Human],[PREREGION:1,Damara,Great Dale,Implitur,Moonshae Islands]],[PREMULT:2,[PRERACE:1,RACESUBTYPE=Orc],[PREREGION:1,Amn,Chessenta,Vaasa]]				DESC:See Text									BONUS:COMBAT|TOHIT.RANGED|max(0,STR)-max(0,DEX)		BONUS:HP|CURRENTMAX|5						SOURCEPAGE:p.						
Daylight Adaptation	TYPE:Regional				!PREFEAT:1,TYPE=Regional					PRECLASSLEVELMAX:1,TYPE.Base=1									PREMULT:1,[PREMULT:2,[PRERACE:1,RACESUBTYPE=Dwarf],[PREREGION:1,Underdark (Northdark)]],[PREMULT:2,[PRERACE:1,RACESUBTYPE=Elf],[PREREGION:1,Cormanthor Drow]],[PREMULT:2,[PRERACE:1,RACESUBTYPE=Orc],[PREREGION:1,Hordelands,North,Thesk]]				DESC:See Text																	SOURCEPAGE:p.						
Delay Spell	TYPE:Metamagic.Wizard				PREFEAT:1,TYPE=Metamagic																		DESC:See Text																	SOURCEPAGE:p.	ADDSPELLLEVEL:3					
Discipline	TYPE:Regional				!PREFEAT:1,TYPE=Regional					PRECLASSLEVELMAX:1,TYPE.Base=1									PREMULT:1,[PREMULT:2,[PRERACE:1,RACESUBTYPE=Elf],[PREREGION:1,Evereska,Yuirwood]],[PREMULT:2,[PRERACE:1,RACESUBTYPE=Gnome],[PREREGION:1,Western Heartlands]],[PREMULT:2,[PRERACE:1,RACESUBTYPE=Halfling],[PREREGION:1,Luiren]],[PREMULT:2,[PRERACE:1,RACESUBTYPE=Human],[PREREGION:1,Aglarond,Cormyr,Shadovar,Shou Expatriate,Thay]],[PREMULT:2,[PRERACE:1,RACESUBTYPE=Planetouched],[PREREGION:1,Mulhorand]]				DESC:See Text								BONUS:CHECKS|Will|2					BONUS:SKILL|Concentration|2				SOURCEPAGE:p.						
Dreadful Wrath	TYPE:Regional				!PREFEAT:1,TYPE=Regional					PRECLASSLEVELMAX:1,TYPE.Base=1									PREMULT:1,[PREMULT:2,[PRERACE:1,RACESUBTYPE=Human],[PREREGION:1,Rashemen]],[PREMULT:2,[PRERACE:1,RACESUBTYPE=Planetouched],[PREREGION:1,Implitur,Silver Marches,Thay,Western Heartland]]				DESC:See Text																	SOURCEPAGE:p.						
Education	TYPE:Regional				!PREFEAT:1,TYPE=Regional					PRECLASSLEVELMAX:1,TYPE.Base=1									PREMULT:1,[PREMULT:2,[PRERACE:1,RACESUBTYPE=Elf],[PREREGION:1,Evermeet,Silverymoon,Snow Eagle,Aerie]],[PREMULT:2,[PRERACE:1,RACESUBTYPE=Gnome],[PREREGION:1,Lantan]],[PREMULT:2,[PRERACE:1,RACESUBTYPE=Half-Elf],[PREREGION:1,Silverymoon]],[PREMULT:2,[PRERACE:1,RACESUBTYPE=Human],[PREREGION:1,Chessenta,Lantan,Silverymoon,Waterdeep]]				DESC:See Text	STACK:NO	MULT:YES	CHOOSE:SKILL|CLASS[TYPE=Knowledge]										BONUS:SKILL|%LIST|2				SOURCEPAGE:p.	CSKILL:TYPE.Knowledge	SELECT:2				
Ethran	TYPE:Regional				!PREFEAT:1,TYPE=Regional					PRECLASSLEVELMAX:1,TYPE.Base=1								PREGENDER:Female	PREMULT:1,[PREMULT:2,[PRERACE:1,RACESUBTYPE=Human],[PREREGION:1,Rashemen]]				DESC:See Text													BONUS:SKILL|Handle Animal,Survival|2				SOURCEPAGE:p.						
Fearless	TYPE:Regional				!PREFEAT:1,TYPE=Regional					PRECLASSLEVELMAX:1,TYPE.Base=1									PREMULT:1,[PREMULT:2,[PRERACE:1,RACESUBTYPE=Elf],[PREREGION:1,Elven Court,Snow Eagle Aerie]],[PREMULT:2,[PRERACE:1,RACESUBTYPE=Gnome],[PREREGION:1,Lantan]],[PREMULT:2,[PRERACE:1,RACESUBTYPE=Halfling],[PREREGION:1,Cannath Vale,Western Heartland]],[PREMULT:2,[PRERACE:1,RACESUBTYPE=Human],[PREREGION:1,Anauroch,Impiltur]],[PREMULT:2,[PRERACE:1,RACESUBTYPE=Orc],[PREREGION:1,Hordelands]]				DESC:See Text																	SOURCEPAGE:p.	SAB:Immune to fear effects, magical or otherwise.
Fleet of Foot (FR)	TYPE:Regional	OUTPUTNAME:Fleet of Foot			!PREFEAT:1,TYPE=Regional					PRECLASSLEVELMAX:1,TYPE.Base=1									PREMULT:1,[PREMULT:2,[PRERACE:1,RACESUBTYPE=Elf],[PREREGION:1,Forest of Lethyr,High Forest,Wealdath]],[PREMULT:2,[PRERACE:1,RACESUBTYPE=Half-Elf],[PREREGION:1,Dalelands,High Forest]],[PREMULT:2,[PRERACE:1,RACESUBTYPE=Human],[PREREGION:1,Shaar,Thindol]]				DESC:See Text														BONUS:MOVEADD|TYPE=Walk|10|PREVARLT:ENCUMBERANCE,2,var("COUNT[EQTYPE.ARMOR.EQUIPPED.IS.HEAVY]"),1|TYPE=FleetOfFoot			SOURCEPAGE:p.	SERVESAS:ABILITY=FEAT|Fleet of Foot					
Foe Hunter	TYPE:Regional				!PREFEAT:1,TYPE=Regional					PRECLASSLEVELMAX:1,TYPE.Base=1									PREMULT:1,[PREMULT:2,[PRERACE:1,RACESUBTYPE=Dwarf],[PREREGION:1,Galena Mountains,Spine of the World]],[PREMULT:2,[PRERACE:1,RACESUBTYPE=Half-Elf],[PREREGION:1,Dragon Coast]],[PREMULT:2,[PRERACE:1,RACESUBTYPE=Halfling],[PREREGION:1,North]],[PREMULT:2,[PRERACE:1,RACESUBTYPE=Human],[PREREGION:1,Chult,Cormyr,Impiltur,Moonsea,North,Samarach,Tashalar,Thindol]]				DESC:See Text																	SOURCEPAGE:p.	ABILITY:Special Ability|AUTOMATIC|Basic Foe Hunter	BONUS:VAR|FoeHunters|1	BONUS:VAR|FoeHBonuses|1			
Forester	TYPE:Regional				!PREFEAT:1,TYPE=Regional					PRECLASSLEVELMAX:1,TYPE.Base=1									PREMULT:1,[PREMULT:2,[PRERACE:1,RACESUBTYPE=Elf],[PREREGION:1,Chondalwood,Forest of Lethyr,High Forest,Sildeyuir]],[PREMULT:2,[PRERACE:1,RACESUBTYPE=Gnome],[PREREGION:1,Great Dale]],[PREMULT:2,[PRERACE:1,RACESUBTYPE=Half-Elf],[PREREGION:1,Aglarond,High Forest]],[PREMULT:2,[PRERACE:1,RACESUBTYPE=Halfling],[PREREGION:1,Chondalwood]],[PREMULT:2,[PRERACE:1,RACESUBTYPE=Human],[PREREGION:1,Dalelands,Great Dale]]				DESC:See Text													BONUS:SKILL|Hide,Listen,Move Silently,Spot|1				SOURCEPAGE:p.						
Forgeheart	TYPE:Regional				!PREFEAT:1,TYPE=Regional					PRECLASSLEVELMAX:1,TYPE.Base=1									PREMULT:1,[PREMULT:2,[PRERACE:1,RACESUBTYPE=Dwarf],[PREREGION:1,Smoking Mountains,Sword Coast]]				DESC:See Text																	SOURCEPAGE:p.	ABILITY:Special Ability|AUTOMATIC|Resistance To Fire	BONUS:VAR|FireResistanceBonus|5				
Furious Charge	TYPE:Regional				!PREFEAT:1,TYPE=Regional					PRECLASSLEVELMAX:1,TYPE.Base=1									PREMULT:1,[PREMULT:2,[PRERACE:1,RACESUBTYPE=Human],[PREREGION:1,Cormyr,Ride,Tethyr,Uthgardt Tribesfolk]],[PREMULT:2,[PRERACE:1,RACESUBTYPE=Orc],[PREREGION:1,Chessenta]]				DESC:See Text																	SOURCEPAGE:p.	SAB:+4 bonus on attack at the end of the charge.					
Horse Nomad	TYPE:Regional				!PREFEAT:1,TYPE=Regional					PRECLASSLEVELMAX:1,TYPE.Base=1									PREMULT:1,[PREMULT:2,[PRERACE:1,RACESUBTYPE=Human],[PREREGION:1,Hordelands,Nimbral,Ride,Shaar]]				DESC:See Text						AUTO:WEAPONPROF|Shortbow|Lance (Light)|Scimitar							BONUS:SKILL|Ride|3				SOURCEPAGE:p.						
Improved Familiar.MOD	COMPANIONLIST:Familiar|Animal (Snake/Winged Viper),Animal (Lizard/Spitting Crawler),Lynx|PRECLASS:1,SPELLCASTER.Arcane=3|PREALIGN:TN	COMPANIONLIST:Familiar|Osquip|PRECLASS:1,SPELLCASTER.Arcane=5|PREALIGN:NE	COMPANIONLIST:Familiar|Animal (Tressym)|PRECLASS:1,SPELLCASTER.Arcane=5|PREALIGN:NG	COMPANIONLIST:Familiar|Deathfang|PRECLASS:1,SPELLCASTER.Arcane=9|PREALIGN:NE																																											
#Innate Spell	vedi CA
#Innate Spell	TYPE:Metamagic.Wizard				PREFEAT:2,Silent Spell,Still Spell																		DESC:See Text	STACK:NO	MULT:YES	CHOOSE:SPELLLEVEL|1|TYPE=Arcane|0|MAXLEVEL|TYPE=Divine|0|MAXLEVEL[BONUS:SPELLCAST|CLASS=%;LEVEL=%|-1]														SOURCEPAGE:p.	SAB:% %/day|%LIST|InnatePerDay	DEFINE:InnatePerDay|0	BONUS:VAR|InnatePerDay|3			
Inscribe Rune	TYPE:ItemCreation.Wizard			PRECLASS:1,SPELLCASTER.Divine=5										PRESTAT:1,INT=13									DESC:See Text								BONUS:CHECKS|Will|max(WIS,CHA)-WIS									SOURCEPAGE:p.						
Insidious Magic	TYPE:Metamagic.Wizard				PREFEAT:1,Shadow Weave Magic																		DESC:See Text																	SOURCEPAGE:p.						
Knifefighter	TYPE:Regional				!PREFEAT:1,TYPE=Regional					PRECLASSLEVELMAX:1,TYPE.Base=1									PREMULT:1,[PREMULT:2,[PRERACE:1,RACESUBTYPE=Half-Elf],[PREREGION:1,Dambrath,Dragon Coast]],[PREMULT:2,[PRERACE:1,RACESUBTYPE=Halfling],[PREREGION:1,Cannath Vale]],[PREMULT:2,[PRERACE:1,RACESUBTYPE=Human],[PREREGION:1,Anauroch,Dambrath,Lake of Steam,Sword Coast]],[PREMULT:2,[PRERACE:1,RACESUBTYPE=Orc],[PREREGION:1,Thesk]],[PREMULT:2,[PRERACE:1,RACESUBTYPE=Planetouched],[PREREGION:1,Chessenta]]	PREVARGTEQ:BardicMusicTimes,1			DESC:See Text																	SOURCEPAGE:p.						
Luck of Heroes	TYPE:Regional				!PREFEAT:1,TYPE=Regional					PRECLASSLEVELMAX:1,TYPE.Base=1									PREMULT:1,[PREMULT:2,[PRERACE:1,RACESUBTYPE=Elf],[PREREGION:1,Elven Court,Forest of Lethyr,Yuirwood]],[PREMULT:2,[PRERACE:1,RACESUBTYPE=Half-Elf],[PREREGION:1,Aglarond]],[PREMULT:2,[PRERACE:1,RACESUBTYPE=Halfling],[PREREGION:1,Cannath Vale,Western Heartlands]],[PREMULT:2,[PRERACE:1,RACESUBTYPE=Human],[PREREGION:1,Aglarond,Dalelands,Tethyr,Turmish,Vast]]				DESC:See Text								BONUS:CHECKS|Fortitude,Reflex,Will|1|TYPE=Fortune	BONUS:COMBAT|AC|1|TYPE=Fortune								SOURCEPAGE:p.						
Magic in the Blood	TYPE:Regional				!PREFEAT:1,TYPE=Regional					PRECLASSLEVELMAX:1,TYPE.Base=1									PREMULT:1,[PREMULT:2,[PRERACE:1,RACESUBTYPE=Dwarf],[PREREGION:1,Oldonnar,Undersark (Darklands)]],[PREMULT:2,[PRERACE:1,RACESUBTYPE=Elf],[PREREGION:1,Menzoberranyr]],[PREMULT:2,[PRERACE:1,RACESUBTYPE=Gnome],[PREREGION:1,Great Dale,Thesk,Underdark (Northdark)]],[PREMULT:2,[PRERACE:1,RACESUBTYPE=Planetouched],[PREREGION:1,Calimshan,Mulhorand,Unther]]				DESC:See Text																	SOURCEPAGE:p.						
Magical Artisan	TYPE:General				PREFEAT:1,TYPE=ItemCreation																		DESC:See Text	STACK:NO	MULT:YES	CHOOSE:FEAT|PC[TYPE=ItemCreation]	SELECT:1													SOURCEPAGE:p.						
Magical Training	TYPE:Regional				!PREFEAT:1,TYPE=Regional					PRECLASSLEVELMAX:1,TYPE.Base=1				PRESTAT:1,INT=13,CHA=13					PREMULT:1,[PREMULT:2,[PRERACE:1,RACESUBTYPE=Elf],[PREREGION:1,Evereske,Evermeet]],[PREMULT:2,[PRERACE:1,RACESUBTYPE=Human],[PREREGION:1,Halruaa,Nimbral]]				DESC:See Text																	SOURCEPAGE:p.						
Mercantile Background	TYPE:Regional				!PREFEAT:1,TYPE=Regional					PRECLASSLEVELMAX:1,TYPE.Base=1									PREMULT:1,[PREMULT:2,[PRERACE:1,RACESUBTYPE=Dwarf],[PREREGION:1,Sword Coast,Underdark (Darklands)]],[PREMULT:2,[PRERACE:1,RACESUBTYPE=Gnome],[PREREGION:1,Lantan,Underdar (Northdark)]],[PREMULT:2,[PRERACE:1,RACESUBTYPE=Halfling],[PREREGION:1,Amn]],[PREMULT:2,[PRERACE:1,RACESUBTYPE=Human],[PREREGION:1,Amn,Lantan,Sembia,Shou Expatriate,Tashalar,Tharsult,Thesk,Turmish,Vast,Waterdeep]]				DESC:See Text																	SOURCEPAGE:p.	KIT:1|Mercantile Background Kit					
Militia	TYPE:Regional				!PREFEAT:1,TYPE=Regional					PRECLASSLEVELMAX:1,TYPE.Base=1									PREMULT:1,[PREMULT:2,[PRERACE:1,RACESUBTYPE=Half-Elf],[PREREGION:1,Aglarond]],[PREMULT:2,[PRERACE:1,RACESUBTYPE=Halfling],[PREREGION:1,Luiren]],[PREMULT:2,[PRERACE:1,RACESUBTYPE=Human],[PREREGION:1,Altumbel,Dalelands,Thindol,Turmish]]				DESC:See Text																	SOURCEPAGE:p.	AUTO:FEAT|Martial Weapon Proficiency Output	ABILITY:Special Ability|AUTOMATIC|All Martial Weapon Proficiencies				
Mind Over Body (FR)	TYPE:Regional	OUTPUTNAME:Mind Over Body			!PREFEAT:1,TYPE=Regional					PRECLASSLEVELMAX:1,TYPE.Base=1									PREMULT:1,[PREMULT:2,[PRERACE:1,RACESUBTYPE=Elf],[PREREGION:1,Silverymoon,Snow Eagle Aerie]],[PREMULT:2,[PRERACE:1,RACESUBTYPE=Half-Elf],[PREREGION:1,Silverymoon]],[PREMULT:2,[PRERACE:1,RACESUBTYPE=Human],[PREREGION:1,Calimshan,Mulhorand,Shou Expatriate,Thay]],[PREMULT:2,[PRERACE:1,RACESUBTYPE=Planetouched],[PREREGION:1,Calimshan,Thay]]				DESC:See Text											BONUS:HP|CURRENTMAX|max(CON,max(INT,CHA))-CON						SOURCEPAGE:p.	BONUS:HP|CURRENTMAX|COUNT[FEATTYPE=ItemCreation]	SERVESAS:ABILITY=FEAT|Mind Over Body				
Otherworldly	TYPE:Regional				!PREFEAT:1,TYPE=Regional					PRECLASSLEVELMAX:1,TYPE.Base=1									PREMULT:1,[PREMULT:2,[PRERACE:1,RACESUBTYPE=Elf],[PREREGION:1,Evermeet,Sildeyuir]]				DESC:See Text																	SOURCEPAGE:p.	TEMPLATE:Otherworldly Template					
Pernicious Magic	TYPE:Metamagic.Wizard				PREFEAT:1,Shadow Weave Magic																		DESC:See Text																	SOURCEPAGE:p.						
#Persistent Spell	TYPE:Metamagic.Wizard				PREFEAT:1,Extend Spell																		DESC:See Text																	SOURCEPAGE:p.	ADDSPELLLEVEL:6					
Portal Master	TYPE:ItemCreation.Wizard				PREFEAT:1,Craft Wondrous Item																		DESC:See Text																	SOURCEPAGE:p.						
Reactive Counterspell	TYPE:General				PREFEAT:2,Improved Counterspell,Improved Initiative																		DESC:See Text																	SOURCEPAGE:p.						
Resist Poison	TYPE:Regional				!PREFEAT:1,TYPE=Regional					PRECLASSLEVELMAX:1,TYPE.Base=1									PREMULT:1,[PREMULT:2,[PRERACE:1,RACESUBTYPE=Dwarf],[PREREGION:1,Underdark (Northdark)]],[PREMULT:2,[PRERACE:1,RACESUBTYPE=Human],[PREREGION:1,Dambrath,Lapaliiya]],[PREMULT:2,[PRERACE:1,RACESUBTYPE=Orc],[PREREGION:1,Moonsea,North]]				DESC:See Text																	SOURCEPAGE:p.						
Saddleback	TYPE:Regional				!PREFEAT:1,TYPE=Regional					PRECLASSLEVELMAX:1,TYPE.Base=1									PREMULT:1,[PREMULT:2,[PRERACE:1,RACESUBTYPE=Human],[PREREGION:1,Cormyr,Dambrath,Hordelands,Narfell,Nimbral,North,Western Heartlands]]				DESC:See Text																	SOURCEPAGE:p.						
Shadow Weave Magic	TYPE:General																		PREMULT:1,[PRESTAT:1,WIS=15],[PREDEITY:1,Shar]				DESC:See Text																	SOURCEPAGE:p.	BONUS:DC|SCHOOL.Enchantment|1	BONUS:DC|SCHOOL.Illusion|1	BONUS:DC|SCHOOL.Necromancy|1	BONUS:CASTERLEVEL|SCHOOL.Evocation|-1	BONUS:CASTERLEVEL|SCHOOL.Transmutation|-1	SAB:Prohibited spell with Light Descriptor
#Signature Spell	TYPE:General				PREFEAT:1,Spell Mastery																		DESC:See Text	STACK:NO	MULT:YES	CHOOSE:FEAT=Spell Mastery														SOURCEPAGE:p.						
Signature Spell	TYPE:General				PREFEAT:1,Spell Mastery																		DESC:See Text	STACK:NO	MULT:YES	CHOOSE:FEAT|Spell Mastery														SOURCEPAGE:p.						
Silver Palm	TYPE:Regional				!PREFEAT:1,TYPE=Regional					PRECLASSLEVELMAX:1,TYPE.Base=1									PREMULT:1,[PREMULT:2,[PRERACE:1,RACESUBTYPE=Dwarf],[PREREGION:1,Great Rift,Turmish,Waterdeep]],[PREMULT:2,[PRERACE:1,RACESUBTYPE=Halfling],[PREREGION:1,Amn]],[PREMULT:2,[PRERACE:1,RACESUBTYPE=Human],[PREREGION:1,Amn,Dragon coast,Golden Water,Sembia,Tharsult,Thesk,Vilhon Reach,Waterdeep]]				DESC:See Text													BONUS:SKILL|Appraise,Bluff,Sense Motive|2				SOURCEPAGE:p.						
Smooth Talk	TYPE:Regional				!PREFEAT:1,TYPE=Regional					PRECLASSLEVELMAX:1,TYPE.Base=1									PREMULT:1,[PREMULT:2,[PRERACE:1,RACESUBTYPE=Elf],[PREREGION:1,Waterdeep]],[PREMULT:2,[PRERACE:1,RACESUBTYPE=Gnome],[PREREGION:1,Thesk]],[PREMULT:2,[PRERACE:1,RACESUBTYPE=Half-Elf],[PREREGION:1,Waterdeep]],[PREMULT:2,[PRERACE:1,RACESUBTYPE=Human],[PREREGION:1,Silverymoon,Thesk,Waterdeep]]	PREVARGTEQ:BardicMusicTimes,1			DESC:See Text																	SOURCEPAGE:p.						
Snake Blood	TYPE:Regional				!PREFEAT:1,TYPE=Regional					PRECLASSLEVELMAX:1,TYPE.Base=1									PREMULT:1,[PREMULT:2,[PRERACE:1,RACESUBTYPE=Human],[PREREGION:1,Chult,Lake of Steam,Lapaliiya,Samara,Tashalar,Tharsult,Thindol,Vilhon Reach,Western Heartlands]]				DESC:See Text								BONUS:CHECKS|Reflex|2									SOURCEPAGE:p.	ASPECT:SaveInfo|+2 bonus on Fortitude saving throws against poison.					
Spell Thematics	TYPE:General												PRESPELLTYPE:1,Arcane=1										DESC:See Text	STACK:NO	MULT:YES	CHOOSE:SKILL|CLASS[TYPE=Perform]														SOURCEPAGE:p.		SELECT:3+INT				
Spellcasting Prodigy	TYPE:General																						DESC:See Text	STACK:NO	MULT:YES	CHOOSE:NOCHOICE														SOURCEPAGE:p.	BONUS:STAT|BASESPELLKNOWNSTAT|2|TYPE=SpellcastingProdigy	BONUS:DC|ALLSPELLS|1|TYPE=SpellcastingProdigy					
Spellwise	TYPE:Regional				!PREFEAT:1,TYPE=Regional					PRECLASSLEVELMAX:1,TYPE.Base=1									PREMULT:1,[PREMULT:2,[PRERACE:1,RACESUBTYPE=Elf],[PREREGION:1,Evermeet]],[PREMULT:2,[PRERACE:1,RACESUBTYPE=Human],[PREREGION:1,Calimshan,Nimbral,Samarach,Shadovar,Wizard's Reach]]				DESC:See Text													BONUS:SKILL|Knowledge (Arcana),Spellcraft|2				SOURCEPAGE:p.	ASPECT:SaveInfo|+2 bonus on saving throws against illusion spells or effects.					
Stormheart	TYPE:Regional				!PREFEAT:1,TYPE=Regional					PRECLASSLEVELMAX:1,TYPE.Base=1									PREMULT:1,[PREMULT:2,[PRERACE:1,RACESUBTYPE=Human],[PREREGION:1,Altumbel,Dragon Coast,Lake of Steam,Lapaliiya,Nelanther Isles,Sword Coast,Tharsult]]				DESC:See Text													BONUS:SKILL|Balance,Profession (Sailor)|2				SOURCEPAGE:p.						
Street Smart	TYPE:Regional				!PREFEAT:1,TYPE=Regional					PRECLASSLEVELMAX:1,TYPE.Base=1									PREMULT:1,[PREMULT:2,[PRERACE:1,RACESUBTYPE=Halfling],[PREREGION:1,Amn,Calimshan]],[PREMULT:2,[PRERACE:1,RACESUBTYPE=Human],[PREREGION:1,Amn,Calimshan,Chessenta,Moonsea,Unther,Wizard's Reach]],[PREMULT:2,[PRERACE:1,RACESUBTYPE=Planetouched],[PREREGION:1,Chessenta,Western Heartlands]]				DESC:See Text													BONUS:SKILL|Gather Information,Intimidate,Sense Motive|2				SOURCEPAGE:p.						
Strong Soul	TYPE:Regional				!PREFEAT:1,TYPE=Regional					PRECLASSLEVELMAX:1,TYPE.Base=1									PREMULT:1,[PREMULT:2,[PRERACE:1,RACESUBTYPE=Dwarf],[PREREGION:1,Oldonnar]],[PREMULT:2,[PRERACE:1,RACESUBTYPE=Elf],[PREREGION:1,Elven Court,Silverymoon]],[PREMULT:2,[PRERACE:1,RACESUBTYPE=Gnome],[PREREGION:1,Underdark (Northdark),Western Heartlands]],[PREMULT:2,[PRERACE:1,RACESUBTYPE=Half-Elf],[PREREGION:1,Dambrath,Dalelands,Silverymoon]],[PREMULT:2,[PRERACE:1,RACESUBTYPE=Halfling],[PREREGION:1,Cannath,Vale,Luiren]],[PREMULT:2,[PRERACE:1,RACESUBTYPE=Human],[PREREGION:1,Moonshae Isles]]				DESC:See Text								BONUS:CHECKS|Fortitude,Will|1									SOURCEPAGE:p.						
Surefooted	TYPE:Regional				!PREFEAT:1,TYPE=Regional					PRECLASSLEVELMAX:1,TYPE.Base=1									PREMULT:1,[PREMULT:2,[PRERACE:1,RACESUBTYPE=Human],[PREREGION:1,Great Glacier,Uthgardt Tribesfolk]],[PREMULT:2,[PRERACE:1,RACESUBTYPE=Orc],[PREREGION:1,Amn,Moonsea,Vaasa]]				DESC:See Text													BONUS:SKILL|Climb,Jump|2				SOURCEPAGE:p.						
Survivor	TYPE:Regional				!PREFEAT:1,TYPE=Regional					PRECLASSLEVELMAX:1,TYPE.Base=1									PREMULT:1,[PREMULT:2,[PRERACE:1,RACESUBTYPE=Dwarf],[PREREGION:1,Chult,Great Glacier]],[PREMULT:2,[PRERACE:1,RACESUBTYPE=Elf],[PREREGION:1,Chondalwood,Inner Sea,Outer Sea]],[PREMULT:2,[PRERACE:1,RACESUBTYPE=Human],[PREREGION:1,Anauroch,Chult,Great Glacier,Narfell,Shaar]]				DESC:See Text								BONUS:CHECKS|Fortitude|2					BONUS:SKILL|Survival|2				SOURCEPAGE:p.						
Swift and Silent	TYPE:Regional				!PREFEAT:1,TYPE=Regional					PRECLASSLEVELMAX:1,TYPE.Base=1									PREMULT:1,[PREMULT:2,[PRERACE:1,RACESUBTYPE=Elf],[PREREGION:1,Cormanthor Drow,Wealdath]],[PREMULT:2,[PRERACE:1,RACESUBTYPE=Halfling],[PREREGION:1,Chondalwood,North]],[PREMULT:2,[PRERACE:1,RACESUBTYPE=Human],[PREREGION:1,Uthgardt Tribesfolk]],[PREMULT:2,[PRERACE:1,RACESUBTYPE=Orc],[PREREGION:1,North]]				DESC:See Text																	SOURCEPAGE:p.						
Tatoo Focus	TYPE:Regional				!PREFEAT:1,TYPE=Regional					PRECLASSLEVELMAX:1,TYPE.Base=1								PRETEXT:Specialized in a school of magic	PREMULT:1,[PREMULT:2,[PRERACE:1,RACESUBTYPE=Human],[PREREGION:1,Thay]],[PREMULT:2,[PRERACE:1,RACESUBTYPE=Planetouched],[PREREGION:1,Thay]]				DESC:See Text	STACK:NO	MULT:YES	CHOOSE:SCHOOLS|ALL	SELECT:1						BONUS:DC|SCHOOL.%CHOICE|1							SOURCEPAGE:p.						
Tenacious Magic	TYPE:General	KEY:Tenacious Magic ~ FR			PREFEAT:1,Shadow Weave Magic																		DESC:See Text																	SOURCEPAGE:p.	SERVESAS:ABILITY=FEAT|Tenacious Magic					
Thug	TYPE:Regional				!PREFEAT:1,TYPE=Regional					PRECLASSLEVELMAX:1,TYPE.Base=1									PREMULT:1,[PREMULT:2,[PRERACE:1,RACESUBTYPE=Dwarf],[PREREGION:1,Underdark (Northdark),Waterdeep]],[PREMULT:2,[PRERACE:1,RACESUBTYPE=Human],[PREREGION:1,Dragon Coast,Moonsea,Nelanther Isles,Unther,Vast,Vilhon Reach]],[PREMULT:2,[PRERACE:1,RACESUBTYPE=Orc],[PREREGION:1,Amn,Thesk,Underdark (Northdark)]],[PREMULT:2,[PRERACE:1,RACESUBTYPE=Planetouched],[PREREGION:1,Impiltur,Silver Marches,Unther,Western Heartlands]]				DESC:See Text													BONUS:SKILL|Appraise,Intimidate|2		BONUS:COMBAT|INITIATIVE|2		SOURCEPAGE:p.						
Thunder Twin	TYPE:Regional				!PREFEAT:1,TYPE=Regional					PRECLASSLEVELMAX:1,TYPE.Base=1									PREMULT:1,[PREMULT:2,[PRERACE:1,RACESUBTYPE=Dwarf],[PREREGION:1,Galena Mountains,Great Rift,Smoking Mountains,Spine of the World,Sword Coast,Turmish,Underdark (Old Shanatar),Waterdeep]]				DESC:See Text													BONUS:SKILL|Diplomacy,Intimidate|2				SOURCEPAGE:p.						
Tireless	TYPE:Regional				!PREFEAT:1,TYPE=Regional					PRECLASSLEVELMAX:1,TYPE.Base=1									PREMULT:1,[PREMULT:2,[PRERACE:1,RACESUBTYPE=Dwarf],[PREREGION:1,Galena Mountains,Sword Coast,Underdark (Old Shanatar)]],[PREMULT:2,[PRERACE:1,RACESUBTYPE=Human],[PREREGION:1,Hordelands,Ride,Thindol,Vaasa]],[PREMULT:2,[PRERACE:1,RACESUBTYPE=Orc],[PREREGION:1,Hordelands]]				DESC:See Text																	SOURCEPAGE:p.	SAB:Cannot become exhausted.					
Treetopper	TYPE:Regional				!PREFEAT:1,TYPE=Regional					PRECLASSLEVELMAX:1,TYPE.Base=1									PREMULT:1,[PREMULT:2,[PRERACE:1,RACESUBTYPE=Elf],[PREREGION:1,Chondalwood,High Forest,Yuirwood]],[PREMULT:2,[PRERACE:1,RACESUBTYPE=Half-Elf],[PREREGION:1,Aglarond,High Forest]],[PREMULT:2,[PRERACE:1,RACESUBTYPE=Halfling],[PREREGION:1,Chondalwood]],[PREMULT:2,[PRERACE:1,RACESUBTYPE=Human],[PREREGION:1,Aglarond]]				DESC:See Text													BONUS:SKILL|Climb,Balance|2				SOURCEPAGE:p.						
#Twin Spell	TYPE:Metamagic.Wizard				PREFEAT:1,TYPE=Metamagic																		DESC:See Text																	SOURCEPAGE:p.	ADDSPELLLEVEL:4					
Twin Sword Style	TYPE:Regional				!PREFEAT:1,TYPE=Regional					PRECLASSLEVELMAX:1,TYPE.Base=1								PREWEAPONPROF:1,TYPE.Martial	PREMULT:1,[PREMULT:2,[PRERACE:1,RACESUBTYPE=Elf],[PREREGION:1,Mezoberranyr,Waterdeep]],[PREMULT:2,[PRERACE:1,RACESUBTYPE=Half-Elf],[PREREGION:1,Waterdeep]],[PREMULT:2,[PRERACE:1,RACESUBTYPE=Human],[PREREGION:1,Sembia,Waterdeep]]				DESC:See Text																	SOURCEPAGE:p.						
Blessed of the Seven Sisters	TYPE:Exalted																PRETEXT:Assigned by DM	PRESPELLTYPE:1,Arcane=6	PREALIGN:LG,NG,CG	COST:0			DESC:See Text																	SOURCEPAGE:p.	ADD:FEAT|Blessed of the Seven Sisters Wizard,Blessed of the Seven Sisters Sorcerer,Blessed of the Seven Sisters Bard					
Favored of the Zulkirs	TYPE:Vile			PRECLASS:1,Red Wizard=5	PREFEAT:1,Corrupt Spell												PRETEXT:Assigned by DM		PREALIGN:LE,NE,CE	COST:0			DESC:See Text																	SOURCEPAGE:p.						
Gift of Discernment	TYPE:Exalted																PRETEXT:Assigned by DM		PREALIGN:LG,NG,CG	COST:0			DESC:See Text																	SOURCEPAGE:p.						
Lliira's Blessing	TYPE:Exalted				PREFEAT:1,Nimbus of Light						PRESKILL:1,Escape Artist=1						PRETEXT:Assigned by DM		PREALIGN:LG,NG,CG	COST:0			DESC:See Text													BONUS:SKILL|Escape Artist|2|TYPE=Sacred				SOURCEPAGE:p.						
Spider Bite	TYPE:Vile				PREFEAT:1,Verminfriend											PREDEITY:1,Lolth	PRETEXT:Assigned by DM		PREALIGN:LE,NE,CE	COST:0	SAB:1d4 STR damage/1d4 STR damage		DESC:See Text																	SOURCEPAGE:p.	ABILITY:Special Ability|AUTOMATIC|Poison	BONUS:VAR|PoisonDC|(TL/2)-(HD/2)				
Touch of Hate	TYPE:Vile				PREFEAT:1,Violate Spell											PREDEITY:1,Bane	PRETEXT:Assigned by DM	PRESPELLTYPE:1,Divine=5	PREALIGN:LE,NE,CE	COST:0			DESC:See Text																	SOURCEPAGE:p.						



#																																															
Acrobatic.MOD	TYPE:ShadowThief																																														
Agile.MOD	TYPE:ShadowThief																																														
Alertness.MOD	TYPE:ShadowThief																																														
Blind Fight.MOD	TYPE:ShadowThief																																														
Combat Expertise.MOD	TYPE:ShadowThief																																														
Deceitful.MOD	TYPE:ShadowThief																																														
Deft Hands.MOD	TYPE:ShadowThief																																														
Exotic Weapon Proficiency.MOD	TYPE:ShadowThief																																														
Improved Feint.MOD	TYPE:ShadowThief																																														
Leadership.MOD	TYPE:ShadowThief																																														
Lightning Reflexes.MOD	TYPE:ShadowThief																																														
Negotiator.MOD	TYPE:ShadowThief																																														
Nimble Fingers.MOD	TYPE:ShadowThief																																														
Persuasive.MOD	TYPE:ShadowThief																																														
Track.MOD	TYPE:ShadowThief																																														
Skill Focus.MOD	TYPE:ShadowThief																																														
Silent Spell.MOD	TYPE:ShadowThief																																														
Stealthy.MOD	TYPE:ShadowThief																																														
Still Spell.MOD	TYPE:ShadowThief																																														
Weapon Finesse.MOD	TYPE:ShadowThief																																														
Weapon Focus.MOD	TYPE:ShadowThief																																														
#																																															
Blind Fight.MOD	TYPE:DivineChampion																																														
Combat Expertise.MOD	TYPE:DivineChampion																																														
Combat Reflexes.MOD	TYPE:DivineChampion																																														
Exotic Weapon Proficiency.MOD	TYPE:DivineChampion																																														
Improved Critical.MOD	TYPE:DivineChampion																																														
Improved Initiative.MOD	TYPE:DivineChampion																																														
Improved Turning.MOD	TYPE:DivineChampion																																														
Quick Draw.MOD	TYPE:DivineChampion																																														
Weapon Focus.MOD	TYPE:DivineChampion




Blessed of the Seven Sisters Wizard	TYPE:Hidden	VISIBLE:NO			PRECLASS:1,Wizard=11																																					SPELLLEVEL:CLASS|Wizard=1|Ray of Hope,Vision of Heaven|Wizard=2|Ease Pain|Wizard=3|Blessed Sight|Wizard=4|Sword of Conscience|Wizard=5|Crown of Flame|Wizard=6|Crown of Brilliance|Wizard=7|Righteous Might					
Blessed of the Seven Sisters Sorcerer	TYPE:Hidden	VISIBLE:NO			PRECLASS:1,Sorcerer=12																																					SPELLLEVEL:CLASS|Sorcerer=1|Ray of Hope,Vision of Heaven|Sorcerer=2|Ease Pain|Sorcerer=3|Blessed Sight|Sorcerer=4|Sword of Conscience|Sorcerer=5|Crown of Flame|Sorcerer=6|Crown of Brilliance|Sorcerer=7|Righteous Might					
Blessed of the Seven Sisters Bard	TYPE:Hidden	VISIBLE:NO			PRECLASS:1,Bard=16																																					SPELLLEVEL:CLASS|Bard=1|Ray of Hope,Vision of Heaven|Bard=2|Ease Pain|Bard=3|Blessed Sight|Bard=4|Sword of Conscience|Bard=5|Crown of Flame|Bard=6|Crown of Brilliance|Bard=7|Righteous Might					

# Feat Name	Type	visible	outputname	Req. Att.	Required Class	Required Feat				Req. nb of Hand	Required Lvl	Required Skill	Req. Spellbook		Required Stat						Var. Min. Value	Special Ability	Define	Description	Stackable?	Multiple?	Choose	Automaticaly Gained Armor Prof.	Automaticaly Gained Shield Prof.	Automaticaly Gained Weapon Prof.	Add Spell Lvl	Save checks bonus	Combat bonus	BONUS:DC	Bonus to HP	% bonus to range	Bonus to skill	Modify VAR	Weapon prop. bonus	Weapon prof. bonus	Source Page	spelllevel	ability				
Initiate of Bane	TYPE:Initiate				PRECLASS:1,Cleric=5															PREDEITY:1,Bane				DESC:See Text																	SOURCEPAGE:p.	SPELLLEVEL:CLASS|Cleric=3|Mystic Lash|Cleric=5|Battletide|Cleric=6|Stone Walk|Cleric=7|Undeath after Death	ABILITY:Special Ability|AUTOMATIC|Frightful Presence|Initiate of Bane Frightful Presence				
Initiate of Cyric	TYPE:Initiate				PRECLASS:1,Cleric=3															PREDEITY:1,Cyric				DESC:See Text																	SOURCEPAGE:p.	SPELLLEVEL:CLASS|Cleric=2|Black Talon|Cleric=4|Dread Blast,Skull of Secret|Cleric=5|Skull Eyes|Cleric=7|Triple Mask	ABILITY:Special Ability|AUTOMATIC|Immunity To Fear				
Initiate of Gond	TYPE:Initiate				PRECLASS:1,Cleric=1															PREDEITY:1,Gond				DESC:See Text																	SOURCEPAGE:p.	SPELLLEVEL:CLASS|Cleric=1|Wieldskill|Cleric=3|Understand Device|Cleric=6|Fantastic Machine	CSKILL:Disable Device|Open Lock				
Initiate of Helm	TYPE:Initiate				PRECLASS:1,Cleric=5,Paladin=5															PREDEITY:1,Helm				DESC:See Text																	SOURCEPAGE:p.	ADD:FEAT|Initiate of Helm Cleric,Initiate of Helm Paladin					
Initiate of Helm Cleric	TYPE:Hidden	VISIBLE:NO			PRECLASS:1,Cleric=5																																					SPELLLEVEL:CLASS|Cleric=2|Warning|Cleric=3|Forceward,Mace of Odo					
Initiate of Helm Paladin	TYPE:Hidden	VISIBLE:NO			PRECLASS:1,Paladin=5																																					SPELLLEVEL:CLASS|Paladin=2|Warning|Paladin=3|Forceward,Mace of Odo					
Initiate of Ilmater	TYPE:Initiate				PRECLASS:1,Cleric=7,Paladin=7															PREDEITY:1,Ilmater				DESC:See Text																	SOURCEPAGE:p.	ADD:FEAT|Initiate of Ilmater Cleric,Initiate of Ilmater Paladin	ABILITY:Special Ability|VIRTUAL|Spontaneous casting ~ Light spells				
Initiate of Ilmater Cleric	TYPE:Hidden	VISIBLE:NO			PRECLASS:1,Cleric=7																																					SPELLLEVEL:CLASS|Cleric=4|Favor of Ilmater,Glory of the Martyr,Pact of Martyrdom					
Initiate of Ilmater Paladin	TYPE:Hidden	VISIBLE:NO			PRECLASS:1,Paladin=7																																					SPELLLEVEL:CLASS|Paladin=4|Favor of Ilmater,Glory of the Martyr,Pact of Martyrdom					
Initiate of Lathander	TYPE:Initiate				PRECLASS:1,Cleric=1															PREDEITY:1,Lathander				DESC:See Text																	SOURCEPAGE:p.	SPELLLEVEL:CLASS|Cleric=1|Rosemantle|Cleric=3|Sunrise|Cleric=5|Shield of Lathander|Cleric=7|Shield of Lathander (Greater)|Cleric=9|Undeath's Eternal Foe					
Initiate of Malar	TYPE:Initiate				PRECLASS:1,Cleric=3,Druid=3															PREDEITY:1,Malar				DESC:See Text																	SOURCEPAGE:p.	ADD:FEAT|Initiate of Malar Cleric,Initiate of Malar Druid					
Initiate of Malar Cleric	TYPE:Hidden	VISIBLE:NO			PRECLASS:1,Cleric=3																																					SPELLLEVEL:CLASS|Cleric=2|Spectral Stag|Cleric=3|Possess Animal|Cleric=4|Strength of the Beast					
Initiate of Malar Druid	TYPE:Hidden	VISIBLE:NO			PRECLASS:1,Druid=3																																					SPELLLEVEL:CLASS|Druid=2|Spectral Stag|Druid=3|Possess Animal|Druid=4|Strength of the Beast					
Initiate of Mystra	TYPE:Initiate				PRECLASS:1,Cleric=3															PREDEITY:1,Mystra				DESC:See Text																	SOURCEPAGE:p.	SPELLLEVEL:CLASS|Cleric=2|Spell Shield|Cleric=3|Anyspell|Cleric=5|Spell Phylactery|Cleric=6|Anyspell (Greater),Spellmantle|Cleric=7|Holy Star					
Initiate of Nature	TYPE:Initiate				PRECLASS:1,Cleric=5,Druid=5															PREDEITY:1,Eldath,Mielikki,Silvanus				DESC:See Text																	SOURCEPAGE:p.	ADD:FEAT|Initiate of Nature Cleric,Initiate of Nature Druid					
Initiate of Nature Cleric	TYPE:Hidden	VISIBLE:NO			PRECLASS:1,Cleric=5																																					SPELLLEVEL:CLASS|Cleric=3|Mold Touch|Cleric=4|Briartangle|Cleric=5|Fireward,Tree Healing					
Initiate of Nature Druid	TYPE:Hidden	VISIBLE:NO			PRECLASS:1,Druid=5																																					SPELLLEVEL:CLASS|Druid=3|Mold Touch|Druid=4|Briartangle|Druid=5|Fireward,Tree Healing					
Initiate of Selune	TYPE:Initiate				PRECLASS:1,Cleric=3,Druid=3,Hathran=3,Ranger=3															PREDEITY:1,Selune				DESC:See Text																	SOURCEPAGE:p.	ADD:FEAT|Initiate of Selune Cleric,Initiate of Selune Druid,Initiate of Selune Hathran,Initiate of Selune Ranger	BONUS:CASTERLEVEL|SPELL.Augury|5	BONUS:CASTERLEVEL|SPELL.Divination|5			
Initiate of Selune Cleric	TYPE:Hidden	VISIBLE:NO			PRECLASS:1,Cleric=3																																					SPELLLEVEL:CLASS|Cleric=1|Handfire|Cleric=3|Moon Blade|Cleric=4|Strength of the Beast,Wall of Moonlight|Cleric=5|Moon Path,Moonweb					
Initiate of Selune Druid	TYPE:Hidden	VISIBLE:NO			PRECLASS:1,Druid=3																																					SPELLLEVEL:CLASS|Druid=1|Handfire|Druid=3|Moon Blade|Druid=4|Strength of the Beast,Wall of Moonlight|Druid=5|Moon Path,Moonweb					
Initiate of Selune Hathran	TYPE:Hidden	VISIBLE:NO			PRECLASS:1,Hathran=3																																					SPELLLEVEL:CLASS|Hathran=1|Handfire|Hathran=3|Moon Blade|Hathran=4|Strength of the Beast,Wall of Moonlight|Hathran=5|Moon Path,Moonweb					
Initiate of Selune Ranger	TYPE:Hidden	VISIBLE:NO			PRECLASS:1,Ranger=3																																					SPELLLEVEL:CLASS|Ranger=1|Handfire|Ranger=3|Moon Blade|Ranger=4|Strength of the Beast,Wall of Moonlight|Ranger=5|Moon Path,Moonweb					
Initiate of Tyr	TYPE:Initiate				PRECLASS:1,Cleric=7														PREDOMAIN:1,War	PREDEITY:1,Tyr				DESC:See Text																	SOURCEPAGE:p.	SPELLLEVEL:CLASS|Cleric=4|Sword and Hammer|Cleric=6|Sword and Hammer (Greater)	BONUS:COMBAT|DAMAGE.Longsword|1				
