# CVS $Revision: $ $Author: $ -- Wed Mar  5 16:52:34 2014 -- reformated by prettylst.pl v1.51 (build 22988)


###Block: Critter/Companion Support
STARTPACK:Deathfang Familiar	TYPE:DefaultMonster.Undead	VISIBLE:QUALIFY	EQUIPBUY:0	PREMULT:1,[!PRERACE:1,%],[PRERACE:1,Deathfang]
RACE:Deathfang	!PRERACE:1,%
NAME:Deathfang
ALIGN:NE
SKILL:Climb		RANK:9
SKILL:Listen	RANK:3
SKILL:Spot		RANK:3
FEAT:Alertness
FEAT:Weapon Finesse
STAT:STR=10|DEX=11|INT=11|WIS=10|CHA=10

STARTPACK:Lizard (Spitting Crawler) Familiar	TYPE:DefaultMonster.Animal	VISIBLE:QUALIFY	EQUIPBUY:0	PREMULT:1,[!PRERACE:1,%],[PRERACE:1,Lizard (Spitting Crawler)]
RACE:Lizard (Spitting Crawler)	!PRERACE:1,%
NAME:Spitting Crawler Lizard
ALIGN:TN
SKILL:Hide		RANK:1
SKILL:Listen	RANK:2
SKILL:Spot		RANK:2
FEAT:Weapon Finesse
STAT:STR=11|DEX=11|CON=10|INT=10|WIS=10|CHA=10

STARTPACK:Lynx Familiar	TYPE:DefaultMonster.Animal	VISIBLE:QUALIFY	EQUIPBUY:0	PREMULT:1,[!PRERACE:1,%],[PRERACE:1,Lynx]
RACE:Lynx	!PRERACE:1,%
NAME:Lynx
ALIGN:TN
SKILL:Balance		RANK:1
SKILL:Climb			RANK:1
SKILL:Hide			RANK:1
SKILL:Move Silently	RANK:1
FEAT:Alertness
FEAT:Weapon Finesse
STAT:STR=11|DEX=11|CON=10|INT=10|WIS=10|CHA=11

STARTPACK:Osquip Familiar	TYPE:DefaultMonster.MagicalBeast	VISIBLE:QUALIFY	EQUIPBUY:0	PREMULT:1,[!PRERACE:1,%],[PRERACE:1,Osquip]
ALIGN:TN
RACE:Osquip	!PRERACE:1,%
NAME:Osquip
SKILL:Climb			RANK:1
SKILL:Hide			RANK:1
SKILL:Listen		RANK:1
SKILL:Move Silently	RANK:1
FEAT:Weapon Finesse
STAT:STR=10|DEX=11|CON=11|INT=10|WIS=10|CHA=10

STARTPACK:Snake (Flying) Familiar	TYPE:DefaultMonster.MagicalBeast	VISIBLE:QUALIFY	EQUIPBUY:0	PREMULT:1,[!PRERACE:1,%],[PRERACE:1,Snake (Flying)]
RACE:Snake (Flying)	!PRERACE:1,%
NAME:Flying Snake
ALIGN:TN
SKILL:Climb		RANK:1
SKILL:Hide		RANK:1
SKILL:Listen	RANK:1
SKILL:Spot		RANK:1
FEAT:Alertness
FEAT:Weapon Finesse
STAT:STR=10|DEX=11|CON=11|INT=11|WIS=10|CHA=10

STARTPACK:Tressym Familiar	TYPE:DefaultMonster.Animal	VISIBLE:QUALIFY	EQUIPBUY:0	PREMULT:1,[!PRERACE:1,%],[PRERACE:1,Tressym]
RACE:Tressym	!PRERACE:1,%
NAME:Tressym
ALIGN:CG
SKILL:Climb			RANK:3
SKILL:Hide			RANK:5
SKILL:Listen		RANK:1
SKILL:Move Silently	RANK:3
SKILL:Spot			RANK:1
FEAT:Alertness
FEAT:Weapon Finesse
STAT:STR=11|DEX=11|CON=10|INT=10|WIS=10|CHA=11
