# Mon Dec 25 18:42:14 2023 -- reformatted by PCGen TidyLst v1.04.00


# Simple Weapons

# Unarmed Attacks
# Equipment Name	Unique Key			Required Weapon Proficiency		Type												Cost		Weight	Range		Special Property
Gauntlet						PROFICIENCY:WEAPON|Unarmed		TYPE:Bludgeoning.Melee.Weapon.Unarmed						COST:4	WT:1				SPROP:+0 Damage; Critical +3
Unarmed						PROFICIENCY:WEAPON|Unarmed														COST:0

# Light Melee Weapons
Dagger		KEY:Dagger			PROFICIENCY:WEAPON|Dagger		TYPE:Piercing.Slashing.Weapon.Melee.Light Melee Weapon			COST:4	WT:1				SPROP:+1 Damage; Critical 19-20/+3
Gauntlet, Spiked	KEY:Spiked Guantlet	PROFICIENCY:WEAPON|Spiked Guantlet	TYPE:Bludgeoning.Melee.Weapon.Unarmed.Light Melee Weapon			COST:7	WT:1				SPROP:+1 Damage; Critical +3
Mace, Light		KEY:Light Mace		PROFICIENCY:WEAPON|Light Mace		TYPE:Bludgeoning.Melee.Weapon.Light Melee Weapon				COST:7	WT:4				SPROP:+2 Damage; Critical +3
Sickle		KEY:Sickle			PROFICIENCY:WEAPON|Sickle		TYPE:Slashing.Melee.Weapon.Light Melee Weapon					COST:7	WT:2				SPROP:+2 Damage; Critical +3

# One-Handed Melee Weapons
Club			KEY:Club			PROFICIENCY:WEAPON|Club			TYPE:Weapon.Ranged.Thrown.Melee.Bludgeoning.OneHanded Melee Weapon	COST:0	WT:3		RANGE:10	SPROP:+2 Damage; Critical +3
Mace, Heavy		KEY:Heavy Mace		PROFICIENCY:WEAPON|Heavy Mace		TYPE:Weapon.Melee.Bludgeoning.OneHanded Melee Weapon				COST:8	WT:8				SPROP:+3 Damage; Critical +3
Morningstar		KEY:Morningstar		PROFICIENCY:WEAPON|Morningstar	TYPE:Weapon.Melee.Bludgeoning.Piercing.OneHanded Melee Weapon		COST:10	WT:8				SPROP:+3 Damage; Critical +3
Shortspear		KEY:Shortspear		PROFICIENCY:WEAPON|Shortspear		TYPE:Weapon.Ranged.Thrown.Melee.Piercing.OneHanded Melee Weapon		COST:3	WT:3		RANGE:20	SPROP:+2 Damage; Critical +3

# Two-Handed Melee Weapons
Longspear		KEY:Longspear		PROFICIENCY:WEAPON|Longspear		TYPE:Weapon.Melee.Piercing.TwoHanded Melee Weapon				COST:7	WT:9				SPROP:+3 Damage; Critical +4
Quarterstaff	KEY:Quarterstaff		PROFICIENCY:WEAPON|Quarterstaff	TYPE:Weapon.Melee.Bludgeoning.TwoHanded Melee Weapon				COST:0	WT:4				SPROP:+2 Damage; Critical +3
Spear			KEY:Spear			PROFICIENCY:WEAPON|Spear		TYPE:Weapon.Melee.Piercing.TwoHanded Melee Weapon.Thrown.Ranged		COST:4	WT:9		RANGE:20	SPROP:+3 Damage; Critical +4

# Ranged Weapons
Crossbow, Heavy	KEY:Heavy Crossbow	PROFICIENCY:WEAPON|Heavy Crossbow	TYPE:Weapon.Ranged.Piercing.Ranged Weapon.Ranged				COST:7	WT:9		RANGE:20	SPROP:+4 Damage; Critical 19-20/+3
Crossbow, Light	KEY:Light Crossbow	PROFICIENCY:WEAPON|Light Crossbow	TYPE:Weapon.Ranged.Piercing.Ranged Weapon.Ranged				COST:5	WT:9		RANGE:20	SPROP:+3 Damage; Critical 19-20/+3
Dart			KEY:Dart			PROFICIENCY:WEAPON|Dart			TYPE:Weapon.Ranged.Piercing.Ranged Weapon.Ranged				COST:1	WT:9		RANGE:20	SPROP:+1 Damage; Critical +3
Javelin		KEY:Javelin			PROFICIENCY:WEAPON|Javelin		TYPE:Weapon.Ranged.Piercing.Ranged Weapon.Ranged				COST:3	WT:9		RANGE:20	SPROP:+2 Damage; Critical +3
Sling			KEY:Sling			PROFICIENCY:WEAPON|Sling		TYPE:Weapon.Ranged.Bludgeoning.Ranged Weapon.Ranged				COST:0	WT:9		RANGE:20	SPROP:+1 Damage; Critical +3

###Block: Martial Weapons
# Equipment Name		Unique Key			Required Weapon Proficiency		Type												Cost		Weight	Range		Special Property
Axe, Throwing		KEY:Throwing Axe		PROFICIENCY:WEAPON|Throwing Axe	TYPE:Weapon.Melee.Martial Weapon.Light Melee Weapon.Slashing		COST:8	WT:2		RANGE:10	SPROP:+2 Damage; Critical +3
Hammer, Light		KEY:Light Hammer		PROFICIENCY:WEAPON|Light Hammer	TYPE:Weapon.Melee.Martial Weapon.Light Melee Weapon.Bludgeoning		COST:3	WT:2		RANGE:20	SPROP:+1 Damage; Critical +3
Handaxe			KEY:Handaxe			PROFICIENCY:WEAPON|Handaxe		TYPE:Weapon.Melee.Martial Weapon.Light Melee Weapon.Slashing		COST:7	WT:3				SPROP:+2 Damage; Critical +4
Kukri				KEY:Kukri			PROFICIENCY:WEAPON|Kukri		TYPE:Weapon.Melee.Martial Weapon.Light Melee Weapon.Slashing		COST:7	WT:2				SPROP:+1 Damage; Critical 18-20/+3
Pick, Light			KEY:Light Pick		PROFICIENCY:WEAPON|Light Pick		TYPE:Weapon.Melee.Martial Weapon.Light Melee Weapon.Piercing		COST:6	WT:3				SPROP:+1 Damage; Critical +5
Sap				KEY:Sap			PROFICIENCY:WEAPON|Sap			TYPE:Weapon.Melee.Martial Weapon.Light Melee Weapon.Bludgeoning		COST:3	WT:2				SPROP:+2 Damage; Critical +3
Shield, Light		KEY:Light Shield		PROFICIENCY:WEAPON|Light Shield	TYPE:Weapon.Melee.Martial Weapon.Light Melee Weapon.Bludgeoning		COST:0	WT:0				SPROP:+0 Damage; Critical +3
Sword, Short		KEY:Short Sword		PROFICIENCY:WEAPON|Short Sword	TYPE:Weapon.Melee.Martial Weapon.Light Melee Weapon.Piercing		COST:9	WT:2				SPROP:+2 Damage; Critical 19-20/+3

# One-Handed Melee Weapons
Battleaxe			KEY:Battleaxe		PROFICIENCY:WEAPON|Battleaxe		TYPE:Weapon.Melee.Martial Weapon.OneHanded Melee Weapon.Slashing		COST:9	WT:6				SPROP:+3 Damage; Critical +4
Flail				KEY:Flail			PROFICIENCY:WEAPON|Flail		TYPE:Weapon.Melee.Martial Weapon.OneHanded Melee Weapon.Bludgeoning	COST:8	WT:5				SPROP:+3 Damage; Critical +3
Longsword			KEY:Longsword		PROFICIENCY:WEAPON|Longsword		TYPE:Weapon.Melee.Martial Weapon.OneHanded Melee Weapon.Slashing		COST:11	WT:4				SPROP:+3 Damage; Critical 19-20/+3
Pick, Heavy			KEY:Heavy Pick		PROFICIENCY:WEAPON|Heavy Pick		TYPE:Weapon.Melee.Martial Weapon.OneHanded Melee Weapon.Piercing		COST:8	WT:6				SPROP:+2 Damage; Critical +5
Rapier			KEY:Rapier			PROFICIENCY:WEAPON|Rapier		TYPE:Weapon.Melee.Martial Weapon.OneHanded Melee Weapon.Piercing		COST:12	WT:2				SPROP:+2 Damage; Critical 18-20/+3
Scimitar			KEY:Scimitar		PROFICIENCY:WEAPON|Scimitar		TYPE:Weapon.Melee.Martial Weapon.OneHanded Melee Weapon.Slashing		COST:11	WT:4				SPROP:+2 Damage; Critical 18-20/+3
Shield, Heavy		KEY:Heavy Shield		PROFICIENCY:WEAPON|Heavy Shield	TYPE:Weapon.Melee.Martial Weapon.OneHanded Melee Weapon.Bludgeoning	COST:0	WT:0				SPROP:+1 Damage; Critical +3
Trident			KEY:Trident			PROFICIENCY:WEAPON|Trident		TYPE:Weapon.Melee.Martial Weapon.OneHanded Melee Weapon.Piercing		COST:11	WT:4		RANGE:10	SPROP:+3 Damage; Critical +3
Warhammer			KEY:Warhammer		PROFICIENCY:WEAPON|Warhammer		TYPE:Weapon.Melee.Martial Weapon.OneHanded Melee Weapon.Bludgeoning	COST:10	WT:5				SPROP:+3 Damage; Critical +4

# Two-Handed Melee Weapons
Greataxe			KEY:Greataxe		PROFICIENCY:WEAPON|Greataxe		TYPE:Weapon.Melee.Martial Weapon.OneHanded Melee Weapon.Slashing		COST:12	WT:12				SPROP:+5 Damage; Critical +4
Greatclub			KEY:Greatclub		PROFICIENCY:WEAPON|Greatclub		TYPE:Weapon.Melee.Martial Weapon.OneHanded Melee Weapon.Bludgeoning	COST:6	WT:8				SPROP:+4 Damage; Critical +3
Flail, Heavy		KEY:Heavy Flail		PROFICIENCY:WEAPON|Heavy Flail	TYPE:Weapon.Melee.Martial Weapon.OneHanded Melee Weapon.Bludgeoning	COST:11	WT:10				SPROP:+4 Damage; Critical 19-20/+3
Greatsword			KEY:Greatsword		PROFICIENCY:WEAPON|Greatsword		TYPE:Weapon.Melee.Martial Weapon.OneHanded Melee Weapon.Slashing		COST:15	WT:8				SPROP:+4 Damage; Critical 19-20/+3
Lance				KEY:Lance			PROFICIENCY:WEAPON|Lance		TYPE:Weapon.Melee.Martial Weapon.OneHanded Melee Weapon.Piercing		COST:9	WT:10				SPROP:+3 Damage; Critical +4
Scythe			KEY:Scythe			PROFICIENCY:WEAPON|Scythe		TYPE:Weapon.Melee.Martial Weapon.OneHanded Melee Weapon.Slashing		COST:11	WT:10				SPROP:+2 Damage; Critical +5

# Ranged Weapons
Longbow			KEY:Longbow			PROFICIENCY:WEAPON|Longbow		TYPE:Weapon.Ranged.Martial Weapon.Ranged Weapon.Piercing			COST:16	WT:3		RANGE:100	SPROP:+2 Damage; Critical +4
Longbow, Composite	KEY:Composite Longbow	PROFICIENCY:WEAPON|Longbow		TYPE:Weapon.Ranged.Martial Weapon.Ranged Weapon.Piercing			COST:17	WT:3		RANGE:110	SPROP:+2 Damage; Critical +4
Shortbow			KEY:Shortbow		PROFICIENCY:WEAPON|Shortbow		TYPE:Weapon.Ranged.Martial Weapon.Ranged Weapon.Piercing			COST:13	WT:2		RANGE:60	SPROP:+2 Damage; Critical +4
Shortbow, Composite	KEY:Composite Shortbow	PROFICIENCY:WEAPON|Shortbow		TYPE:Weapon.Ranged.Martial Weapon.Ranged Weapon.Piercing			COST:16	WT:2		RANGE:70	SPROP:+2 Damage; Critical +4

# Exotic Weapons
Sword, Bastard		KEY:Bastard Sword		PROFICIENCY:WEAPON|Bastard Sword	TYPE:Weapon.Melee.Slashing.Exotic Weapon.OneHanded Melee Weapon		COST:14	WT:6				SPROP:+4 Damage; Critical 19-20/+3
Whip				KEY:Whip			PROFICIENCY:WEAPON|Whip			TYPE:Weapon.Melee.Slashing.Exotic Weapon.OneHanded Melee Weapon		COST:3	WT:2				SPROP:+0 Damage; Critical +3


Bolas				KEY:Bolas			PROFICIENCY:WEAPON|Bolas		TYPE:Weapon.Ranged.Thrown.Exotic Weapon.Ranged Weapon				COST:6	WT:2		RANGE:10	SPROP:+1 Damage; Critical +3
Net				KEY:Net			PROFICIENCY:WEAPON|Net			TYPE:Weapon.Ranged.Thrown.Exotic Weapon.Ranged Weapon				COST:12	WT:6		RANGE:10	SPROP:-  Damage; Critical -

###Block: Defense - Armor & Shields
# Light
# Equipment Name		Unique Key			Required Armor Proficiency		Required Shield Proficiency		Type
Padded							PROFICIENCY:ARMOR|Padded								TYPE:Armor.Light
Leather							PROFICIENCY:ARMOR|Leather								TYPE:Armor.Light
Studded Leather						PROFICIENCY:ARMOR|Studded Leather							TYPE:Armor.Light
Chain Shirt							PROFICIENCY:ARMOR|Chain Shirt								TYPE:Armor.Light
# Medium
Hide								PROFICIENCY:ARMOR|Hide									TYPE:Armor.Medium
Scale Mail							PROFICIENCY:ARMOR|Scale Mail								TYPE:Armor.Medium
Chain Mail							PROFICIENCY:ARMOR|Chain Mail								TYPE:Armor.Medium
Breastplate							PROFICIENCY:ARMOR|Breastplate								TYPE:Armor.Medium
# Heavy
Splint Mail							PROFICIENCY:ARMOR|Splint Mail								TYPE:Armor.Heavy
Banded Mail							PROFICIENCY:ARMOR|Banded Mail								TYPE:Armor.Heavy
Half-Plate							PROFICIENCY:ARMOR|Half-Plate								TYPE:Armor.Heavy
Full Plate							PROFICIENCY:ARMOR|Full Plate								TYPE:Armor.Heavy

# Shields
Buckler			KEY:Buckler									PROFICIENCY:SHIELD|Buckler		TYPE:Shield.Buckler
Shield, Light Wooden	KEY:Light Wooden Shield							PROFICIENCY:SHIELD|Light Shield	TYPE:Shield.Light
Shield, Light Steel	KEY:Light Steel Shield							PROFICIENCY:SHIELD|Light Shield	TYPE:Shield.Light
Shield, Heavy Wooden	KEY:Heavy Wooden Shield							PROFICIENCY:SHIELD|Heavy Shield	TYPE:Shield.Heavy
Shield, Heavy Steel	KEY:Heavy Steel Shield							PROFICIENCY:SHIELD|Heavy Shield	TYPE:Shield.Heavy
Shield, Tower		KEY:Tower Shield								PROFICIENCY:SHIELD|Tower Shield	TYPE:Shield.Tower


#Block: Gear
