# Mon Dec 25 18:42:14 2023 -- reformatted by PCGen TidyLst v1.04.00

# Multi-role / Mixed Role Support
# Template Name	Visible	Template						Required Class		Bonus Ability Pool																		Save bonus																																													Ability									Auto Weapon Prof				Removable?		Type
Core Ability	VISIBLE:NO	TEMPLATE:CHOOSE:Adept|Expert|Warrior																																																																																		AUTO:WEAPONPROF|TYPE=Simple Weapon

# Core Role Ability & Save(s) - If a PC takes a second class they don't get the good bonus save boost.
Adept			VISIBLE:NO								PRECLASS:1,Adept=1	BONUS:ABILITYPOOL|Adept Feat|4	BONUS:ABILITYPOOL|Starting Skills|max(1,4+INT)								BONUS:SAVE|BASE.Will|2																																											ABILITY:Special Ability|AUTOMATIC|Adept Core Ability								REMOVABLE:NO	TYPE:CoreAbility
Expert		VISIBLE:NO								PRECLASS:1,Expert=1	BONUS:ABILITYPOOL|Expert Feat|4	BONUS:ABILITYPOOL|Starting Skills|max(1,8+INT)								BONUS:SAVE|BASE.Fortitude|2|PREABILITY:1,CATEGORY=Special Ability,Fortitude Good Save ~ Expert	BONUS:SAVE|BASE.Reflex|2|PREABILITY:1,CATEGORY=Special Ability,Reflex Good Save ~ Expert	BONUS:SAVE|BASE.Will|2|PREABILITY:1,CATEGORY=Special Ability,Will Good Save ~ Expert	ABILITY:Special Ability|AUTOMATIC|Expert Core Ability								REMOVABLE:NO	TYPE:CoreAbility
Warrior		VISIBLE:NO								PRECLASS:1,Warrior=1	BONUS:ABILITYPOOL|Warrior Feat|3	BONUS:ABILITYPOOL|Starting Skills|max(1,4+INT)	BONUS:ABILITYPOOL|Warrior Starting Feat|1	BONUS:SAVE|BASE.Fortitude|2																																										ABILITY:Special Ability|AUTOMATIC|Warrior Core Ability							REMOVABLE:NO	TYPE:CoreAbility


###Block: Subtypes
Air			VISIBLE:NO	RACESUBTYPE:Air		
Aquatic		VISIBLE:NO	RACESUBTYPE:Aquatic		
Cold			VISIBLE:NO	RACESUBTYPE:Cold		
Earth			VISIBLE:NO	RACESUBTYPE:Earth		
Fire			VISIBLE:NO	RACESUBTYPE:Fire		
Giant			VISIBLE:NO	RACESUBTYPE:Giant		
Incorporeal		VISIBLE:NO	RACESUBTYPE:Incorporeal	
Native		VISIBLE:NO	RACESUBTYPE:Native	
Reptillian		VISIBLE:NO	RACESUBTYPE:Reptillian	
Shapechanger	VISIBLE:NO	RACESUBTYPE:Shapechanger
Swarm			VISIBLE:NO	RACESUBTYPE:Swarm		
Vice			VISIBLE:NO	RACESUBTYPE:Vice		
Virtue		VISIBLE:NO	RACESUBTYPE:Virtue	
Water			VISIBLE:NO	RACESUBTYPE:Water		

#
Walk			MOVE:Walk,0
Fly			MOVE:Fly,0	DEFINE:Maneuverability|0
