#CW Feats

###Block:General Feats
#Feat Name                      Source Page Type                    Mult        Stack       Requirements
Arcane Strike                   p.96        TYPE:General                                    PREMULT:2,[PRESPELLTYPE:1,Arcane=3],[PREATT:4]
Arterial Strike                 p.96        TYPE:General                                    PREMULT:2,[PREABILITY:SneakAttack],[PREATT:4]
Axiomatic Strike                p.96        TYPE:General                                    PREMULT:2,[PREFEAT:1,StunningFist],[PREABILITY:KiStrikeLawful]
Clever Wrestling                p.97        TYPE:General                                    PREMULT:2,[PREBASESIZEEQ:Medium]OR[PRESIZEEQ:Small],[PREABILITY:ImprovedUnarmedStrike]
Close-Quarters Fighting         p.97        TYPE:General.Fighter                            PREATT:3
Dash                            p.97        TYPE:General
Defensive Strike                p.97        TYPE:General.Fighter                            PREMULT:2,[PRESTAT:2,DEX=13,INT=13],[PREFEAT:2,CombatExpertise,Dodge]
Defensive Throw                 p.97        TYPE:General                                    PREMULT:3,[PRESTAT:1,DEX=13],[PREFEAT:4,CombatReflexes,Dodge,ImprovedTrip,ImprovedUnarmedStrike]
Destructive Rage                p.97        TYPE:General                                    PREABILITY:1,CATEGORY=ANY,Rage,Frenzy
Earth's Embrace                 p.97        TYPE:General                                    PREMULT:3,[PRESTAT:1,STR=15],[PREFEAT:1,ImprovedGrapple,ImprovedGrab],[PREFEAT:1,ImprovedUnarmedStrike]
Eagle Claw Attack               p.97        TYPE:General                                    PREMULT:2,[PRESTAT:1,WIS=13],[PREFEAT:2,ImprovedSunder,ImprovedUnarmedStrike]
Extend Rage                     p.97        TYPE:General.Fighter    MULT:YES    STACK:YES   PREABILITY:1,CATEGORY=ANY,Rage,Frenzy
Extra Rage                      p.98        TYPE:General            MULT:YES    STACK:YES   PREABILITY:1,CATEGORY=ANY,Rage,Frenzy
Extra Smiting                   p.98        TYPE:General            MULT:YES    STACK:YES   PREMULT:2,[PREABILITY:Smite],[PREATT:4]
Extra Stunning                  p.98        TYPE:General            MULT:YES    STACK:YES   PREMULT:2,[PREFEAT:1,StunningFist],PREATT:2]
Eyes in the Back of Your Head   p.98        TYPE:General                                    PREMULT:2,[PRESTAT:1,WIS=13],[PREATT:1]
Faster Healing                  p.98        TYPE:General                                    PRECHECKBASE:1,Fortitude=5
Favored Power Attack            p.98        TYPE:General                                    PREMULT:3,[PREABILITY:FavoredEnemy],[PREFEAT:1,PowerAttack],[PREATT:4]
Fists of Iron                   p.99        TYPE:General                                    PREMULT:3,[PREFEAT:2,ImprovedUnarmedStrike,StunningFist],[PREATT:2]
Fleet of Foot                   p.99        TYPE:General                                    PREMULT:2,[PRESTAT:1,DEX=15],[PREFEAT:1,Run]
Flick of the Wrist              p.99        TYPE:General                                    PREMULT:3,[PRESTAT:1,DEX=17],[PRESKILL:1,SlightOfHand=5],[PREFEAT:1,QuickDraw]
Flying Kick                     p.99        TYPE:General                                    PREMULT:3,[PRESTAT:1,STR=13],[PRESKILL:1,Jump=4],PREFEAT:2,ImprovedUnarmedStrike,PowerAttack]
Freezing the Lifeblood          p.99        TYPE:General.Fighter                            PREMULT:3,[PRESTAT:1,WIS=17],[PREFEAT:2,ImprovedUnarmedStrike,StunningFist],[PREATT:10]
Greater Resiliency              p.99        TYPE:General                                    PREABILITY:1,CATAGORY=Any,DamageReduction
Greater Two-Weapon Defense      p.100       TYPE:General                                    PREMULT:3,[PRESTAT:1,DEX=19],[PREFEAT:3,ImprovedTwoWeaponFighting,TwoWeaponDefense,TwoWeaponFighting],[PREATT:11]
Hamstring                       p.100       TYPE:General                                    PREMULT:2,[PREABILITY:SneakAttack],[PREATT:4]
Hold the Line                   p.100       TYPE:General                                    PREMULT:2,[PREFEAT:1,CombatReflexes],[PREATT:2]
Improved Buckler Defense        p.100       TYPE:General                                    PREFEAT:1,ShieldProficiency
Improved Combat Expertise       p.100       TYPE:General                                    PREMULT:3,[PRESTAT:1,INT=13],[PREFEAT:1,CombatExpertise],[PREATT:6]
Improved Familiar               p.100       TYPE:General                                    PREABILITY:1,Familiar
Improved Favored Enemy          p.101       TYPE:General                                    PREMULT:2,[PREABILITY:FavoredEnemy],[PREATT:5]
Improved Mounted Archery        p.101       TYPE:General                                    PREMULT:2,[PRESKILL:1,Ride=1],[PREFEAT:2,MountedArchery,MountedCombat]
Improved Rapid Shot             p.101       TYPE:General.Fighter                            PREFEAT:3,Manyshot,PointBlankShot,RapidShot
Improved Toughness              p.101       TYPE:General.Fighter                            PRECHECKBASE:1,Fortitude=2
Improved Two-Weapon Defense     p.101       TYPE:General.Fighter                            PREMULT:3,[PRESTAT:1,DEX=17],[PREFEAT:2,TwoWeaponDefense,TwoWeaponFighting],[PREATT:6]
Improved Weapon Familiarity     p.101       TYPE:General.Fighter                            PREABILITY:1,CATEGORY=ANY,Rage,Frenzy
Intimidating Rage               p.102       TYPE:General                                    PREABILITY:1,CATEGORY=ANY,Rage,Frenzy
Karmic Strike                   p.102       TYPE:General                                    PREMULT:2,[PRESTAT:1,DEX=13],[PREFEAT:2,CombatExpertise,Dodge]
Kiai Shout                      p.102       TYPE:General                                    PREMULT:2,[PRESTAT:1,CHA=13],[PREATT:1]
Greater Kiai Shout              p.99        TYPE:General                                    PREMULT:3,[PRESTAT:1,CHA=13],[PREFEAT:1,KiaiShout],[PREATT:9]
Monkey Grip                     p.103       TYPE:General                                    PREATT:1
Pain Touch                      p.103       TYPE:General                                    PREMULT:3,[PRESTAT:1,WIS=15],[PREFEAT:1,StunningFist],[PREATT:2]
Phalanx Fighting                p.103       TYPE:General.Fighter                            PREMULT:2,[PREPROFWITHSHIELD:1,TYPE.Heavy],[PREATT:1]
Pin Shield                      p.103       TYPE:General                                    PREMULT:2,[PREFEAT:1,TwoWeaponFighting],[PREATT:4]
Power Critical                  p.103       TYPE:General.Fighter    MULT:YES    STACK:YES   PREMULT:2,[PREFEAT:1,WeaponFocus],[PREATT:4]
Prone Attack                    p.103       TYPE:General.Fighter                            PREMULT:3,[PRESTAT:1,DEX=15],[PREFEAT:1,LightningReflexes],[PREATT:2]
Ranged Disarm                   p.103       TYPE:General.Fighter    MULT:YES                PREMULT:3,[PRESTAT:1,DEX=15],[PREFEAT:2,PointBlankShot],[PREATT:5]
Ranged Pin                      p.104       TYPE:General.Fighter                            PREMULT:3,[PRESTAT:1,DEX=15],[PREFEAT:2,PointBlankShot],[PREATT:5]
Ranged Sunder                   p.104       TYPE:General.Fighter                            PREMULT:3,[PRESTAT:1,DEX=15],[PREFEAT:3,PointBlankShot,RangedPin],[PREATT:5]
Rapid Stunning                  p.104       TYPE:General.Fighter    MULT:YES    STACK:YES   PREMULT:2,[PREFEAT:2,CombatReflexes,StunningFist],[PREATT:6]
Roundabout Kick                 p.105       TYPE:General                                    PREMULT:2,[PRESTAT:1,STR=15],[PREFEAT:2,ImprovedUnarmedStrike,PowerAttack]
Sharp-Shooting                  p.105       TYPE:General.Fighter                            PREMULT:2,[PREFEAT:2,PointBlankShot,PreciseShot],[PREATT:3]
Shield Charge                   p.105       TYPE:General.Fighter                            PREMULT:2,[PREFEAT:1,ImprovedShieldBash],[PREATT:3]
Shield Slam                     p.105       TYPE:General.Figther                            PREMULT:2,[PREFEAT:2,ImprovedShieldBash,ShieldCharge],[PREATT:6]
Swarmfighting                   p.105       TYPE:General                                    PREMULT:3,[PRESIZEEQ:Small],[PRESTAT:1,DEX=13],[PREATT:1]
Throw Anything                  p.105       TYPE:General                                    PREMULT:3,[PRESTAT:1,DEX=15],[PREWEAPONPROF:1,TYPE.ANY]
Weakening Touch                 p.105       TYPE:General.Fighter                            PREMULT:3,[PRESTAT:1,WIS=17],[PREFEAT:2,ImprovedUnarmedStrike,StunningFist],[PREATT:2]
Zen Archery                     p.105       TYPE:General                                    PREMULT:2,[PRESTAT:1,WIS=13],[PREATT:1]

###Block:Divine Feats
Divine Cleansing                p.106       TYPE:Divine
Divine Might                    p.106       TYPE:Divine
Divine Resistance               p.106       TYPE:Divine
Divine Shield                   p.106       TYPE:Divine
Divine Vigor                    p.108       TYPE:Divine
Sacred Vengeance                p.108       TYPE:Divine

###Block:Tactical Feats
Cavalry Charger                 p.108       TYPE:Tactical
Combat Brute                    p.110       TYPE:Tactical
Elusive Target                  p.110       TYPE:Tactical
Formation Expert                p.110       TYPE:Tactical
Giantbane                       p.111       TYPE:Tactical
Raptor School                   p.111       TYPE:Tactical
Shock Trooper                   p.112       TYPE:Tactical
Sun School                      p.112       TYPE:Tactical

###Block:Weapon Style Feats
Anvil of Thunder                p.112       TYPE:Style
Bear Fang                       p.112       TYPE:Style
Cresent Moon                    p.113       TYPE:Style
Hammer's Edge                   p.113       TYPE:Style
High Sword Low Axe              p.113       TYPE:Style
Lightning Mace                  p.113       TYPE:Style
Net and Trident                 p.114       TYPE:Style
Quick Staff                     p.114       TYPE:Style
Spinning Halberd                p.114       TYPE:Style
Three Mountains                 p.114       TYPE:Style
