# CVS $Revision: $ $Author: $ -- Sun Dec  8 22:17:49 2013 -- reformated by prettylst.pl v1.50 (build 22352)


###Block: DARK CLERIC: ---------------------------------------------------------------------------------
# Ability Name	Output Name				Category of Ability		Define					Description
InsanityScore	OUTPUTNAME:Insanity Score	CATEGORY:Special Ability	DEFINE:InsanityScoreDarkCleric|0	DESC:Insanity Score: %1|InsanityScoreDarkCleric

###Block: Doomdreamer CLASS ---------------------------------------------------------------------------------------------------
# Ability Name	Unique Key					Category of Ability		Type						Define				Description																										Modify VAR
Dark Lore		KEY:Doomdreamer ~ Dark Lore		CATEGORY:Special Ability	TYPE:SpecialAttack.Supernatural	DEFINE:DarkLoreDC|0		DESC:1/day - [standard action], the doomdreamer can reveal a dark secret about the creature requiring a Will save DC %1 or be stunned for 1d3 rounds|DarkLoreDC	BONUS:VAR|DarkLoreDC|15
Chill Soul		KEY:Doomdreamer ~ Chill Soul		CATEGORY:Special Ability	TYPE:SpecialAttack.Supernatural						DESC:1/day - Touch attack deals 3d8 damage
Maddening Howl	KEY:Doomdreamer ~ Maddening Howl	CATEGORY:Special Ability	TYPE:SpecialAttack.SpellLike		DEFINE:MaddeningHowlDC|0	DESC:1/day - Howl affects all living creatures within 50 feet, Will save DC %1 or stunned for 1 round.|MaddeningHowlDC								BONUS:VAR|MaddeningHowlDC|15
Dark Communion	KEY:Doomdreamer ~ Dark Communion	CATEGORY:Special Ability	TYPE:SpecialQuality.SpellLike							DESC:1/week - [1 full night] - affected as if by commune spell with perks.

###Block: DOOMDREAMER SECRETS -------------------------------------------------------------------------------------------------------
# Ability Name		Unique Key							Category of Ability		Type									Var. Min. Value				Define								Description																				Caster level				Bonus to DC				Bonus to HP			Modify VAR
Doomdreamer Secret	KEY:Doomdreamer ~ Doomdreamer Secret		CATEGORY:Special Ability	TYPE:DoomDreamerSecretBase											DEFINE:DoomDreamSecretLVL|0	DEFINE:SecretsKnown|0																																					BONUS:VAR|DoomDreamSecretLVL|INT
#
Demon's Name		KEY:Doomdreamer Secret ~ Demon's Name		CATEGORY:Special Ability	TYPE:DoomDreamerSecret.SpecialQuality.Extraordinary	PREVARGTEQ:DoomDreamSecretLVL,1										DESC:May call a demon of up to 10 HD when casting lesser planar ally
Unnatural Vitality	KEY:Doomdreamer Secret ~ Unnatural Vitality	CATEGORY:Special Ability	TYPE:DoomDreamerSecret.SpecialQuality.Extraordinary	PREVARGTEQ:DoomDreamSecretLVL,2										DESC:+3 hit points																													BONUS:HP|CURRENTMAX|3
Deeper Madness		KEY:Doomdreamer Secret ~ Deeper Madness		CATEGORY:Special Ability	TYPE:DoomDreamerSecret.SpecialQuality.Extraordinary	PREVARGTEQ:DoomDreamSecretLVL,3										DESC:+2 bonus to Insanity score																															BONUS:VAR|InsanityScoreDarkCleric|2
Curse of Power		KEY:Doomdreamer Secret ~ Curse of Power		CATEGORY:Special Ability	TYPE:DoomDreamerSecret.SpecialQuality.Supernatural	PREVARGTEQ:DoomDreamSecretLVL,4										DESC:+1 caster level when casting evil spells														BONUS:CASTERLEVEL|DESCRIPTOR.Evil|1
Paying Fealty to Death	KEY:Doomdreamer Secret ~ Paying Fealty to Death	CATEGORY:Special Ability	TYPE:DoomDreamerSecret.SpecialAttack.Supernatural	PREVARGTEQ:DoomDreamSecretLVL,5										DESC:+1 to DC of spells causing death effects																				BONUS:DC|DESCRIPTOR.Death|1
Kiss of Undeath		KEY:Doomdreamer Secret ~ Kiss of Undeath		CATEGORY:Special Ability	TYPE:DoomDreamerSecret.SpecialAttack.Supernatural	PREVARGTEQ:DoomDreamSecretLVL,6										DESC:Double the character's effective level when rebuking or commanding undead (including maximum number of undead commanded)																BONUS:VAR|TurnLevelBase|TurnLevelBase*2|TYPE=DoomdreamerSecret
Unholy Pact			KEY:Doomdreamer Secret ~ Unholy Pact		CATEGORY:Special Ability	TYPE:DoomDreamerSecret.SpecialQuality.Extraordinary	PREVARGTEQ:DoomDreamSecretLVL,7										DESC:1/week, no payment needed when using any of the planar ally spells
