# CVS $Revision: $ $Author: $ -- Sun Dec  8 22:17:49 2013 -- reformated by prettylst.pl v1.50 (build 22352)

# Class Name
CLASS:Cleric.MOD
SUBCLASS:Cleric of Tharizdun				COST:0							SOURCEPAGE:RttToEE	DEITY:Tharizdun
SUBCLASSLEVEL:1	BONUS:CHECKS|BASE.Will|-InsanityScoreDarkCleric	BONUS:SKILL|TYPE.Wisdom|-InsanityScoreDarkCleric	BONUS:STAT|BASESPELLSTAT|InsanityScoreDarkCleric	BONUS:VAR|InsanityScoreDarkCleric|CL/2	ABILITY:Special Ability|VIRTUAL|InsanityScore|PREDEITY:1,Tharizdun
SUBCLASS:Cleric of the Elder Elemental Eye	COST:0							SOURCEPAGE:RttToEE	DEITY:Elder Elemental Eye
SUBCLASSLEVEL:1	BONUS:CHECKS|BASE.Will|-InsanityScoreDarkCleric	BONUS:SKILL|TYPE.Wisdom|-InsanityScoreDarkCleric	BONUS:STAT|BASESPELLSTAT|InsanityScoreDarkCleric	BONUS:VAR|InsanityScoreDarkCleric|CL/2	ABILITY:Special Ability|VIRTUAL|InsanityScore|PREDEITY:1,Elder Elemental Eye
SUBCLASS:Cleric of Air					COST:0	SPELLLIST:2|Cleric|DOMAIN.Air		SOURCEPAGE:RttToEE
SUBCLASSLEVEL:1
SUBCLASS:Cleric of Earth				COST:0	SPELLLIST:2|Cleric|DOMAIN.Earth	SOURCEPAGE:RttToEE
SUBCLASSLEVEL:1
SUBCLASS:Cleric of Fire					COST:0	SPELLLIST:2|Cleric|DOMAIN.Fire	SOURCEPAGE:RttToEE
SUBCLASSLEVEL:1
SUBCLASS:Cleric of Water				COST:0	SPELLLIST:2|Cleric|DOMAIN.Water	SOURCEPAGE:RttToEE
SUBCLASSLEVEL:1





# Class Name	Hit Dice	Type			Abbreviation	Max Level	Source Page			Save checks bonus											Combat bonus							Modify VAR
CLASS:Doomdreamer	HD:8		TYPE:PC.Prestige	ABB:DD		MAXLEVEL:5	SOURCEPAGE:RttToEE	BONUS:CHECKS|BASE.Will|CL/2+2	BONUS:CHECKS|BASE.Reflex,BASE.Fortitude|CL/3	BONUS:COMBAT|BAB|CL*3/4|PREVAREQ:UseFractionalBAB,0	BONUS:VAR|ClassBABModerate|CL|PREVAREQ:UseFractionalBAB,1
# Class Name	Required Feat				Required Skill
CLASS:Doomdreamer	PREFEAT:1,Spell Focus (Necromancy)	PRESKILL:2,Knowledge (Religion)=9,Knowledge (Arcana)=9
# Class Name	Skill Pts/Lvl	Class Skill
CLASS:Doomdreamer	STARTSKILLPTS:2	CSKILL:Craft (Alchemy)|Concentration|Intimidate|Knowledge (Religion)|TYPE=Profession|Spellcraft
1	BONUS:ABILITYPOOL|Doom Dreamer Secret|(CL+1)/2	BONUS:VAR|SecretsKnown|(CL+1)/2	BONUS:VAR|InsanityScoreDarkCleric|CL/2	BONUS:VAR|DoomDreamSecretLVL|CL	ADD:SPELLCASTER|Divine	ABILITY:Special Ability|AUTOMATIC|DoomDreamer Secret ~ Doomdreamer
2									BONUS:VAR|DarkLoreDC|CL																ADD:SPELLCASTER|Divine	ABILITY:Special Ability|AUTOMATIC|Dark Lore ~ Doomdreamer
3																												ADD:SPELLCASTER|Divine	ABILITY:Special Ability|AUTOMATIC|Chill Soul ~ Doomdreamer
4									BONUS:VAR|MaddeningHowlDC|CL															ADD:SPELLCASTER|Divine	ABILITY:Special Ability|AUTOMATIC|Maddening Howl ~ Doomdreamer
5																												ADD:SPELLCASTER|Divine	ABILITY:Special Ability|AUTOMATIC|Dark Communion ~ Doomdreamer
