# CVS $Revision: $ $Author: $ -- Sun May 19 00:52:28 2013 -- reformated by prettylst.pl v1.50 (build 19967)
SOURCELONG:Forgotten Realms Campaign Setting	SOURCESHORT:FRCS	SOURCEDATE:2001-01

###Block:Gems
# Equipment Name			Output Name				Type			Cost		Weight	Source Page
Agate (Fire)			OUTPUTNAME:[NAME] Agate		TYPE:Goods.Gem	COST:10	WT:0		SOURCEPAGE:p.
Crown of Silver								TYPE:Goods.Gem	COST:10	WT:0		SOURCEPAGE:p.
Fluorspar									TYPE:Goods.Gem	COST:10	WT:0		SOURCEPAGE:p.
Greenstone									TYPE:Goods.Gem	COST:10	WT:0		SOURCEPAGE:p.
Hyaline									TYPE:Goods.Gem	COST:10	WT:0		SOURCEPAGE:p.
Ivory										TYPE:Goods.Gem	COST:10	WT:0		SOURCEPAGE:p.
Nelvine									TYPE:Goods.Gem	COST:10	WT:0		SOURCEPAGE:p.
Sanidine									TYPE:Goods.Gem	COST:10	WT:0		SOURCEPAGE:p.
Violine									TYPE:Goods.Gem	COST:10	WT:0		SOURCEPAGE:p.
#
Andar										TYPE:Goods.Gem	COST:50	WT:0		SOURCEPAGE:p.
Aventurine									TYPE:Goods.Gem	COST:50	WT:0		SOURCEPAGE:p.
Hydrophane									TYPE:Goods.Gem	COST:50	WT:0		SOURCEPAGE:p.
Iol										TYPE:Goods.Gem	COST:50	WT:0		SOURCEPAGE:p.
Orprase									TYPE:Goods.Gem	COST:50	WT:0		SOURCEPAGE:p.
Phenalope									TYPE:Goods.Gem	COST:50	WT:0		SOURCEPAGE:p.
Spodumene									TYPE:Goods.Gem	COST:50	WT:0		SOURCEPAGE:p.
Tchazar									TYPE:Goods.Gem	COST:50	WT:0		SOURCEPAGE:p.
#
Angelar's Skin								TYPE:Goods.Gem	COST:100	WT:0		SOURCEPAGE:p.
Laeral's Tears								TYPE:Goods.Gem	COST:100	WT:0		SOURCEPAGE:p.
Tourmaline (White)		OUTPUTNAME:[NAME] Tourmaline	TYPE:Goods.Gem	COST:100	WT:0		SOURCEPAGE:p.
Tourmaline (Golden)		OUTPUTNAME:[NAME] Tourmaline	TYPE:Goods.Gem	COST:100	WT:0		SOURCEPAGE:p.
Tourmaline (Pink)			OUTPUTNAME:[NAME] Tourmaline	TYPE:Goods.Gem	COST:100	WT:0		SOURCEPAGE:p.
Tourmaline (Silver pearl)	OUTPUTNAME:[NAME] Tourmaline	TYPE:Goods.Gem	COST:100	WT:0		SOURCEPAGE:p.
#
Corundrum (Black)			OUTPUTNAME:[NAME] Corundrum	TYPE:Goods.Gem	COST:1000	WT:0		SOURCEPAGE:p.
Corundrum (Blue)			OUTPUTNAME:[NAME] Corundrum	TYPE:Goods.Gem	COST:1000	WT:0		SOURCEPAGE:p.
Opal (Water)								TYPE:Goods.Gem	COST:1000	WT:0		SOURCEPAGE:p.
Orl										TYPE:Goods.Gem	COST:1000	WT:0		SOURCEPAGE:p.
Ravenar									TYPE:Goods.Gem	COST:1000	WT:0		SOURCEPAGE:p.
Red Tears									TYPE:Goods.Gem	COST:1000	WT:0		SOURCEPAGE:p.
Sapphire									TYPE:Goods.Gem	COST:1000	WT:0		SOURCEPAGE:p.
Jade (Tomb)				OUTPUTNAME:[NAME] Jade		TYPE:Goods.Gem	COST:1000	WT:0		SOURCEPAGE:p.
#
Berijulir									TYPE:Goods.Gem	COST:5000	WT:0		SOURCEPAGE:p.
King's Tears								TYPE:Goods.Gem	COST:5000	WT:0		SOURCEPAGE:p.
Ruby										TYPE:Goods.Gem	COST:5000	WT:0		SOURCEPAGE:p.
