# CVS $Revision: $ $Author: $ -- Thu Jan 23 19:18:03 2014 -- reformated by prettylst.pl v1.51 (build 22988)
SOURCELONG:Forgotten Realms Campaign Setting	SOURCESHORT:FRCS	SOURCEDATE:2001-01


# Spell Name		Classes of caster			School		Spell Descriptors	Components		Casting Time			Range		Target Area or Effect				Duration			Save Info			Spell Resistance	Description																																														Source Page
#Aganazzar's Scorcher	CLASSES:Sorcerer,Wizard=2	SCHOOL:Evocation	DESCRIPTOR:Fire	COMPS:V, S, F	CASTTIME:1 Standard Action	RANGE:CLOSE	TARGETAREA:5-ft.-wide path to close range	DURATION:Instantaneous	SAVEINFO:Reflex half	SPELLRES:Yes	DESC:A jet of roaring flame bursts from your outstretched hand, scorching any creature in a 5-foot-wide-path to the edge of the spell's range. Aganazzar's scorcher deal 1d8 points of damage per two caster levels, to a maximum of 5d8 points of damage. Focus - A red dragon's scale.	SOURCEPAGE:p.66

###Block: AB
# Spell Name			Output Name						Classes of caster						School			Sub-School			Spell Descriptors			Type				Components			Casting Time			Range			Target Area or Effect																		Duration							Save Info						Spell Resistance	Cost		XP Cost	Source Page		Description
Aganazzar's Scorcher									CLASSES:Sorcerer,Wizard=2				SCHOOL:Evocation						DESCRIPTOR:Fire			TYPE:Arcane			COMPS:V, S, F		CASTTIME:1 standard action	RANGE:Close		TARGETAREA:5-ft-wide path to close range															DURATION:Instantaneous					SAVEINFO:Reflex half				SPELLRES:Yes					SOURCEPAGE:p.	DESC:Path of fire deals 1d8/2 levels.
#Analyze Portal			TYPE:Arcane.Divine	CLASSES:Bard=3|Sorcerer,Wizard=3		SCHOOL:Divination			COMPS:V, S, M/DF	CASTTIME:1 minute	RANGE:60 ft.	TARGETAREA:A quarter circle emanating from you to the extreme of the range		DURATION:Concentration, up to 1 round/level	SAVEINFO:See text	SPELLRES:No	DESC:Detects magic portals.	SOURCEPAGE:p.
Anyspell																			SCHOOL:Transmutation										TYPE:Divine			COMPS:V, S, DF		CASTTIME:15 minutes		RANGE:Personal	TARGETAREA:You																			DURATION:Instantaneous					SAVEINFO:See text					SPELLRES:See Text					SOURCEPAGE:p.	DESC:You can read and prepare up to a 2nd level arcane spell from a scroll or spellbook in a 3rd level domain spell slot.
#Armor of Darkness			TYPE:Divine			SCHOOL:Abjuration		DESCRIPTOR:Darkness	COMPS:V, S, DF	CASTTIME:1 standard action	RANGE:Touch	TARGETAREA:Creature touched		DURATION:10 minutes/level	SAVEINFO:Will negates (harmless)	SPELLRES:Yes	DESC:See text	SOURCEPAGE:p.
#Blacklight			TYPE:Arcane.Divine	CLASSES:Sorcerer,Wizard=3		SCHOOL:Evocation		DESCRIPTOR:Darkness	COMPS:V, S, M	CASTTIME:1 standard action	RANGE:Close	TARGETAREA:A 20-ft-radius emanation centered on a creature, object or point in space		DURATION:1 round/level	SAVEINFO:Will negates (object)	SPELLRES:Yes	DESC:Creates a 20-ft. radius of supernatural darkness you can see trough	SOURCEPAGE:p.
Claws of Darkness										CLASSES:Sorcerer,Wizard=2				SCHOOL:Illusion		SUBSCHOOL:Shadow							TYPE:Arcane			COMPS:V, S			CASTTIME:1 standard action	RANGE:Personal	TARGETAREA:You																			DURATION:1 round/level					SAVEINFO:Fort partial				SPELLRES:Yes					SOURCEPAGE:p.	DESC:Your hands become reach melee touch attacks that deal 1d4 cold damage plus Slow.
Cloak of Dark Power																	SCHOOL:Abjuration											TYPE:Divine			COMPS:V, S			CASTTIME:1 standard action	RANGE:Touch		TARGETAREA:Creature touched																	DURATION:1 minute/level					SAVEINFO:Will negates (harmless)		SPELLRES:Yes					SOURCEPAGE:p.	DESC:Protects subject from effects of sunlight, grants +4 resistance bonus on saves against light or darkness effects.
#Create Magic Tatoo			TYPE:Arcane	CLASSES:Sorcerer,Wizard=2		SCHOOL:Conjuration	SUBSCHOOL:Creation		COMPS:V, S, M, F	CASTTIME:10 minutes	RANGE:Touch	TARGETAREA:Creature touched		DURATION:1 day	SAVEINFO:None (harmless)	SPELLRES:Yes	DESC:See text	SOURCEPAGE:p.
#Darkbolt			TYPE:Divine			SCHOOL:Evocation		DESCRIPTOR:Darkness	COMPS:V, S	CASTTIME:1 standard action	RANGE:Medium	TARGETAREA:One ray/2 caster levels (max 7)		DURATION:Instantaneous	SAVEINFO:Will partial	SPELLRES:Yes	DESC:You hurl one/two level beams of darkness dealing 2d8 damage/round and may daze target for 1 round.	SOURCEPAGE:p.
#Eagle's Splendor
Elminster's Evasion									CLASSES:Sorcerer,Wizard=9				SCHOOL:Evocation											TYPE:Arcane			COMPS:V, S, M, F, XP	CASTTIME:at least 10 minutes	RANGE:Personal	TARGETAREA:You																			DURATION:Until discharged				SAVEINFO:None					SPELLRES:No		COST:1500	XPCOST:5000	SOURCEPAGE:p.	DESC:Enhanced Contingency spell teleports you under six possible conditions.
Fantastic Machine																		SCHOOL:Illusion		SUBSCHOOL:Shadow							TYPE:Divine			COMPS:V, S, DF		CASTTIME:1 standard action	RANGE:Medium	TARGETAREA:A 10-ft machine																	DURATION:1 minute/level					SAVEINFO:None					SPELLRES:No						SOURCEPAGE:p.	DESC:Create illusory many-armed machine that functions as Large animated object.
Fire Stride											CLASSES:Sorcerer,Wizard=4				SCHOOL:Transmutation	SUBSCHOOL:Teleportation						TYPE:Arcane			COMPS:V, S			CASTTIME:1 standard action	RANGE:Personal	TARGETAREA:You																			DURATION:10 minutes/level, or until expended	SAVEINFO:None					SPELLRES:No						SOURCEPAGE:p.	DESC:Multiple-use Dimension Door that works only through large fires.
Flashburst											CLASSES:Sorcerer,Wizard=3				SCHOOL:Evocation						DESCRIPTOR:Fire			TYPE:Arcane			COMPS:V, S, M/DF		CASTTIME:1 standard action	RANGE:Long		TARGETAREA:20-ft-radius burst																	DURATION:Instantaneous					SAVEINFO:Will partial				SPELLRES:Yes					SOURCEPAGE:p.	DESC:Flash of light dazzles and blinds in a 20-ft burst.
#Flensing			TYPE:Arcane	CLASSES:Sorcerer,Wizard=8		SCHOOL:Evocation			COMPS:V, S, M	CASTTIME:1 standard action	RANGE:Close	TARGETAREA:One corporeal creature		DURATION:Up to 4 rounds; see text	SAVEINFO:Fort partial	SPELLRES:Yes	DESC:Trauma deals 2d6 damage plus 1d6 CHA and CON damage.	SOURCEPAGE:p.
Gate Seal											CLASSES:Sorcerer,Wizard=3|Bard,Cleric,Druid=6	SCHOOL:Abjuration											TYPE:Arcane.Divine	COMPS:V, S, M		CASTTIME:1 standard action	RANGE:Close		TARGETAREA:One Gate or Portal																	DURATION:Permanent					SAVEINFO:None					SPELLRES:No		COST:50			SOURCEPAGE:p.	DESC:Permanently seals a Gate or Portal.
Gembomb																			SCHOOL:Conjuration	SUBSCHOOL:Creation	DESCRIPTOR:Force			TYPE:Divine			COMPS:V, S, M		CASTTIME:1 standard action	RANGE:Touch		TARGETAREA:Up to 5 touched gems worth at least 1 GP each												DURATION:10 minutes/level, or until used		SAVEINFO:Reflex half; See Text		SPELLRES:Yes	COST:1			SOURCEPAGE:p.	DESC:Convert five gems into bombs that deals 1d8 force damage/2 levels
Shout (Great)			OUTPUTNAME:Shout, Great				CLASSES:Sorcerer,Wizard=8				SCHOOL:Evocation						DESCRIPTOR:Sonic			TYPE:Arcane			COMPS:V			CASTTIME:1 standard action	RANGE:Close		TARGETAREA:Cone																			DURATION:Instantaneous					SAVEINFO:Fort partial (object); See text	SPELLRES:Yes					SOURCEPAGE:p.	DESC:See text
Anyspell (Greater)		OUTPUTNAME:Anyspell, Greater											SCHOOL:Transmutation										TYPE:Divine			COMPS:V, S, DF		CASTTIME:15 minutes		RANGE:Personal	TARGETAREA:You																			DURATION:Instantaneous					SAVEINFO:See text					SPELLRES:See Text					SOURCEPAGE:p.	DESC:As Anyspell, but you can read and prepare any arcane spell up to 5th level in a 6th level domain spell slot.
Fantastic Machine (Greater)	OUTPUTNAME:Fantastic Machine, Greater									SCHOOL:Illusion		SUBSCHOOL:Shadow							TYPE:Divine			COMPS:V, S, DF		CASTTIME:1 standard action	RANGE:Medium	TARGETAREA:A 10-ft machine																	DURATION:1 minute/level					SAVEINFO:None					SPELLRES:Yes					SOURCEPAGE:p.	DESC:As Fantastic Machine, bur creates a more powerful illusory construct.
Grimwald's Graymantle									CLASSES:Sorcerer,Wizard=5				SCHOOL:Necromancy											TYPE:Arcane			COMPS:V, S, M		CASTTIME:1 standard action	RANGE:Medium	TARGETAREA:One creature																		DURATION:1 round/level					SAVEINFO:Fort negates				SPELLRES:Yes					SOURCEPAGE:p.	DESC:Target is prevented from regaining hit points by any means.
Ironguard (Lesser)		OUTPUTNAME:Ironguard, Lesser			CLASSES:Sorcerer,Wizard=5				SCHOOL:Abjuration											TYPE:Arcane			COMPS:V, S, M		CASTTIME:1 standard action	RANGE:Touch		TARGETAREA:Creature touched																	DURATION:1 round/level					SAVEINFO:Will negates (harmless)		SPELLRES:Yes					SOURCEPAGE:p.	DESC:Subject becomes immune to nonmagical metal.
#Maelstrom			TYPE:Divine			SCHOOL:Conjuration	SUBSCHOOL:Creation		COMPS:V, S, DF	CASTTIME:1 full round	RANGE:Long	TARGETAREA:A whirlpool 120-ft-wide and 60-ft-deep		DURATION:1 round/level	SAVEINFO:Reflex negates; See text	SPELLRES:No	DESC:Waterspout sucks in and damages creatures.	SOURCEPAGE:p.
Maw of Stone																		SCHOOL:Transmutation										TYPE:Divine			COMPS:V, S, DF		CASTTIME:1 standard action	RANGE:Close		TARGETAREA:One cave mouth or natural chamber up to 15-ft high and wide										DURATION:10 minutes/level				SAVEINFO:None					SPELLRES:No						SOURCEPAGE:p.	DESC:See text
Moon Blade																			SCHOOL:Divination											TYPE:Divine			COMPS:V, S, M/DF		CASTTIME:1 standard action	RANGE:0 ft.		TARGETAREA:A swordlike beam																	DURATION:1 minute/level					SAVEINFO:None					SPELLRES:Yes					SOURCEPAGE:p.	DESC:Touch attack that deals 1d8 damage +1/2 levels, more to undead, plus scrambles spellcasting.
Moon Path																			SCHOOL:Evocation						DESCRIPTOR:Force			TYPE:Divine			COMPS:V, S, M/DF		CASTTIME:1 standard action	RANGE:Medium	TARGETAREA:A variable-width, glowing white stair or bridge of traslucent force up to 15-ft/level long					DURATION:1 minute/level					SAVEINFO:None; See Text				SPELLRES:No						SOURCEPAGE:p.	DESC:Grants sanctuary to 1 creature/level
Moonbeam																			SCHOOL:Evocation						DESCRIPTOR:Light			TYPE:Divine			COMPS:V, S, M/DF		CASTTIME:1 standard action	RANGE:Close		TARGETAREA:Cone																			DURATION:1 minute/level					SAVEINFO:See text					SPELLRES:No						SOURCEPAGE:p.	DESC:Creates a cone of moonlight that causes lycanthrope to assume animal form, penetrate darkness spells of equal or lower level.
Moonfire																			SCHOOL:Evocation						DESCRIPTOR:Light			TYPE:Divine			COMPS:V, S, DF		CASTTIME:1 standard action	RANGE:Close		TARGETAREA:Cone																			DURATION:Instantaneous; See text			SAVEINFO:Reflex half; See Text		SPELLRES:Yes					SOURCEPAGE:p.	DESC:Cone of moonlight deals 1d8 damage/two levels (max 10d8), magical auras glow blue for 1 round/level, illuminates as full moon, negates electricity for 1 round/level.
Scatterspray										CLASSES:Sorcerer,Wizard=1				SCHOOL:Transmutation										TYPE:Arcane			COMPS:V, S			CASTTIME:1 standard action	RANGE:Close		TARGETAREA:Six or more Diminutive or Fine objects, all within 1-ft of each other, whose total weight does not exceed 25 lbs	DURATION:Instantaneous					SAVEINFO:None; See Text				SPELLRES:No						SOURCEPAGE:p.	DESC:Targeted items scatter in a burst dealing 1d8 normal or non-lethal damage.
Shadow Mask											CLASSES:Sorcerer,Wizard=2				SCHOOL:Illusion		SUBSCHOOL:Shadow							TYPE:Arcane			COMPS:V, S, M		CASTTIME:1 standard action	RANGE:Personal	TARGETAREA:You																			DURATION:10 minutes/level				SAVEINFO:None					SPELLRES:No						SOURCEPAGE:p.	DESC:Shadows hide your face and protect against darkness, light and gazes.
Shadow Spray										CLASSES:Sorcerer,Wizard=2				SCHOOL:Illusion		SUBSCHOOL:Shadow							TYPE:Arcane			COMPS:V, S, M		CASTTIME:1 standard action	RANGE:Medium	TARGETAREA:5-ft-radius burst																	DURATION:1 round/level					SAVEINFO:Fort negates; See text		SPELLRES:Yes					SOURCEPAGE:p.	DESC:Shadows daze targets and deal 2 points of STR damage.
Snilloc's Snowball Swarm								CLASSES:Sorcerer,Wizard=2				SCHOOL:Evocation						DESCRIPTOR:Cold			TYPE:Arcane			COMPS:V, S, M		CASTTIME:1 standard action	RANGE:Medium	TARGETAREA:10-ft-radius burst																	DURATION:Instantaneous					SAVEINFO:Reflex half				SPELLRES:Yes					SOURCEPAGE:p.	DESC:Deals 1d6/2 levels cold damage in a 10-ft radius.
Spider Curse																		SCHOOL:Transmutation	SUBSCHOOL:Polymorph	DESCRIPTOR:Mind-Affecting	TYPE:Divine			COMPS:V, S, DF		CASTTIME:1 standard action	RANGE:Medium	TARGETAREA:1 humanoid of Medium-size or smaller														DURATION:1 day/level					SAVEINFO:Will negates				SPELLRES:Yes					SOURCEPAGE:p.	DESC:You turn a humanoid into a driderlike creature that obeys you.
Spider Shapes																		SCHOOL:Transmutation	SUBSCHOOL:Polymorph						TYPE:Divine			COMPS:V, S, DF		CASTTIME:1 standard action	RANGE:Close		TARGETAREA:One willing creature/level, no two of which can be more than 30-ft apart								DURATION:1 hour/level					SAVEINFO:None (harmless); See Text		SPELLRES:Yes					SOURCEPAGE:p.	DESC:As Polymorph, except you change up to one willing creature/level into a Tiny to Huge monstrous spider.
Spiderform																			SCHOOL:Transmutation	SUBSCHOOL:Polymorph						TYPE:Divine			COMPS:V, S, DF		CASTTIME:1 standard action	RANGE:Personal	TARGETAREA:You																			DURATION:1 hour/level					SAVEINFO:None					SPELLRES:No						SOURCEPAGE:p.	DESC:You assume spider or drider form.
Stone Spiders																		SCHOOL:Transmutation										TYPE:Divine			COMPS:V, S, DF		CASTTIME:1 full round		RANGE:Close		TARGETAREA:1d3 pebbles or 1d3 vermin, no two of which can be more than 30-ft apart								DURATION:1 round/level					SAVEINFO:None					SPELLRES:No						SOURCEPAGE:p.	DESC:Transforms 1d5 pebbles into stone constructs that resemble spiders.
Thunderlance										CLASSES:Sorcerer,Wizard=4				SCHOOL:Evocation						DESCRIPTOR:Force			TYPE:Arcane			COMPS:V, S, M		CASTTIME:1 standard action	RANGE:0 ft.		TARGETAREA:A spearlike beam																	DURATION:1 round/level					SAVEINFO:None					SPELLRES:Yes					SOURCEPAGE:p.	DESC:Lance of force deals 2d6 damage, plus can dispel force effects.
#Waterspout			TYPE:Divine			SCHOOL:Conjuration	SUBSCHOOL:Creation		COMPS:V, S, DF	CASTTIME:1 full round	RANGE:Long	TARGETAREA:A cylinder 10-ft wide and 80-ft tall		DURATION:1 round/level	SAVEINFO:Reflex negates	SPELLRES:No	DESC:Creates waterspout that moves, damage creatures, sucks creatures upward.	SOURCEPAGE:p.


Change Self.MOD										CLASSES:Harper Scout=1
Disguise Self.MOD										CLASSES:Harper Scout=1
Charm Person.MOD										CLASSES:Harper Scout=1
Comprehend Languages.MOD								CLASSES:Harper Scout=1
Erase.MOD											CLASSES:Harper Scout=1
Feather Fall.MOD										CLASSES:Harper Scout=1
Jump.MOD											CLASSES:Harper Scout=1
Light.MOD											CLASSES:Harper Scout=1
Message.MOD											CLASSES:Harper Scout=1
Mount.MOD											CLASSES:Harper Scout=1
Read Magic.MOD										CLASSES:Harper Scout=1
Scatterspray.MOD										CLASSES:Harper Scout=1
Sleep.MOD											CLASSES:Harper Scout=1
Spider Climb.MOD										CLASSES:Harper Scout=1
Cat's Grace.MOD										CLASSES:Harper Scout=2
Darkvision.MOD										CLASSES:Harper Scout=2
Detect Thoughts.MOD									CLASSES:Harper Scout=2
Eagle's Splendor.MOD									CLASSES:Harper Scout=2
Invisibility.MOD										CLASSES:Harper Scout=2
Knock.MOD											CLASSES:Harper Scout=2
Locate Object.MOD										CLASSES:Harper Scout=2
Magic Mouth.MOD										CLASSES:Harper Scout=2
Misdirection.MOD										CLASSES:Harper Scout=2
See Invisibility.MOD									CLASSES:Harper Scout=2
Shadow Mask.MOD										CLASSES:Harper Scout=2
Claiaudience/Clairvoyance.MOD								CLASSES:Harper Scout=3
Nondetection.MOD										CLASSES:Harper Scout=3
Suggestion.MOD										CLASSES:Harper Scout=3
Tongues.MOD											CLASSES:Blackguard=3
Undetectable Alignment.MOD								CLASSES:Harper Scout=3
