# CVS $Revision: $ $Author: $ -- Sun May 19 00:52:28 2013 -- reformated by prettylst.pl v1.50 (build 19967)
SOURCELONG:Forgotten Realms Campaign Setting	SOURCESHORT:FRCS	SOURCEDATE:2001-01

# Class Name		Hit Dice	Type			Abbreviation	Max Level	Ex Class			Source Page		Save checks bonus															Combat bonus
CLASS:Harper Scout	HD:6		TYPE:Prestige	ABB:Hrp		MAXLEVEL:5	EXCLASS:Ex Harper Scout	SOURCEPAGE:p.	BONUS:CHECKS|BASE.Fortitude|CL/3	BONUS:CHECKS|BASE.Reflex|CL/2+2	BONUS:CHECKS|BASE.Will|CL/2+2	BONUS:COMBAT|BAB|CL*3/4|PREVAREQ:UseFractionalBAB,0	BONUS:VAR|ClassBABModerate|CL|PREVAREQ:UseFractionalBAB,1	

# Class Name		Required AL				Required Feat			Required Skill																					Required Text
CLASS:Harper Scout	PREALIGN:LG,LN,NG,TN,CG,CN	PREFEAT:2,Alertness,Iron Will	PRESKILL:1,Diplomacy=8	PRESKILL:2,Bluff=4,Knowledge (Local)=4	PRESKILL:2,Sense Motive=2,Survival=2	PRESKILL:1,TYPE=Perform=5	PRETEXT:The candidate must be sponsored by a member in good standing of the Harpers and win approval from High Harpers.
# Class Name		Skill Pts/Lvl	Class Skill
CLASS:Harper Scout	STARTSKILLPTS:4	CSKILL:Appraise|Bluff|Climb|TYPE=Craft|Diplomacy|Disguise|Escape Artist|Gather Information|Hide|Jump|TYPE=Knowledge|Listen|Move Silently|TYPE=Perform|TYPE=Profession|Sense Motive|Sleight of Hand|Speak Language|Survival|Swim|Tumble
# Class Name		Spell Stat		Spell Type		Memorize	Automatically Known Spell Levels	Caster level
CLASS:Harper Scout	SPELLSTAT:CHA	SPELLTYPE:Arcane	MEMORIZE:NO	KNOWNSPELLS:LEVEL=1|LEVEL=2|LEVEL=3	BONUS:CASTERLEVEL|Harper Scout|CL
1												ABILITY:Special Ability|AUTOMATIC|Weapon and Armor Proficiency ~ Harper Scout
#
1				BONUS:VAR|HarperScoutFavoredEnemyLVL|CL		ABILITY:Special Ability|AUTOMATIC|Basic Harper Favored Enemy|Harper Scout Favored Enemy
1	CAST:0,0		BONUS:VAR|HarperScoutHarperKnowledgeLVL|CL	ABILITY:Special Ability|AUTOMATIC|Harper Knowledge|Harper Scout Harper Knowledge
2	CAST:0,1										ABILITY:Special Ability|AUTOMATIC|Deneyr's Eye (scout)|Harper Skill Focus
3	CAST:0,1,0										ABILITY:Special Ability|AUTOMATIC|Tymora's Smile (scout)
4	CAST:0,1,1										ABILITY:Special Ability|AUTOMATIC|Lliira's Heart
5	CAST:0,1,1,0									ABILITY:Special Ability|AUTOMATIC|Craft Harper Item
#

# Class Name		Hit Dice	Type			Abbreviation	Max Level	Source Page		Visible	Save checks bonus															Combat bonus
CLASS:Ex Harper Scout	HD:6		TYPE:Prestige	ABB:xHrp		MAXLEVEL:5	SOURCEPAGE:p.	VISIBLE:NO	BONUS:CHECKS|BASE.Fortitude|CL/3	BONUS:CHECKS|BASE.Reflex|CL/2+2	BONUS:CHECKS|BASE.Will|CL/2+2	BONUS:COMBAT|BAB|CL*3/4|PREVAREQ:UseFractionalBAB,0	BONUS:VAR|ClassBABModerate|CL|PREVAREQ:UseFractionalBAB,1	

# Class Name		Skill Pts/Lvl	Class Skill
CLASS:Ex Harper Scout	STARTSKILLPTS:4	CSKILL:Appraise|Bluff|Climb|TYPE=Craft|Diplomacy|Disguise|Escape Artist|Gather Information|Hide|Jump|TYPE=Knowledge|Listen|Move Silently|TYPE=Perform|TYPE=Profession|Sense Motive|Sleight of Hand|Speak Language|Survival|Swim|Tumble
# Class Name		Spell Stat		Spell Type		Memorize	Automatically Known Spell Levels	Caster level
CLASS:Ex Harper Scout	SPELLSTAT:CHA	SPELLTYPE:Arcane	MEMORIZE:NO	KNOWNSPELLS:LEVEL=1|LEVEL=2|LEVEL=3	BONUS:CASTERLEVEL|Ex Harper Scout|CL
1												ABILITY:Special Ability|AUTOMATIC|Weapon and Armor Proficiency ~ Harper Scout
#
1	CAST:0,0		BONUS:VAR|HarperScoutHarperKnowledgeLVL|CL	ABILITY:Special Ability|AUTOMATIC|Harper Knowledge|Harper Scout Harper Knowledge
2	CAST:0,1										ABILITY:Special Ability|AUTOMATIC|Harper Skill Focus
3	CAST:0,1,0
4	CAST:0,1,1
5	CAST:0,1,1,0									ABILITY:Special Ability|AUTOMATIC|Craft Harper Item
