# CVS $Revision: $ $Author: $ -- Sat Jan  4 10:42:33 2014 -- reformated by prettylst.pl v1.50 (build 22746)
SOURCELONG:Forgotten Realms Campaign Setting	SOURCESHORT:FRCS	SOURCEDATE:2001-01

###Block:Gems
# Equipment Name			Output Name				Required Weapon Proficiency		Type													Cost		Weight	Critical Hit Multiplier	Critical Hit Range	Damage	Modifier	Wield Category	Range		Size		Source Page
Agate (Fire)			OUTPUTNAME:[NAME] Agate								TYPE:Goods.Gem											COST:10	WT:0																					SOURCEPAGE:p.
Crown of Silver														TYPE:Goods.Gem											COST:10	WT:0																					SOURCEPAGE:p.
Fluorspar															TYPE:Goods.Gem											COST:10	WT:0																					SOURCEPAGE:p.
Greenstone															TYPE:Goods.Gem											COST:10	WT:0																					SOURCEPAGE:p.
Hyaline															TYPE:Goods.Gem											COST:10	WT:0																					SOURCEPAGE:p.
Ivory																TYPE:Goods.Gem											COST:10	WT:0																					SOURCEPAGE:p.
Nelvine															TYPE:Goods.Gem											COST:10	WT:0																					SOURCEPAGE:p.
Sanidine															TYPE:Goods.Gem											COST:10	WT:0																					SOURCEPAGE:p.
Violine															TYPE:Goods.Gem											COST:10	WT:0																					SOURCEPAGE:p.
#
Andar																TYPE:Goods.Gem											COST:50	WT:0																					SOURCEPAGE:p.
Aventurine															TYPE:Goods.Gem											COST:50	WT:0																					SOURCEPAGE:p.
Hydrophane															TYPE:Goods.Gem											COST:50	WT:0																					SOURCEPAGE:p.
Iol																TYPE:Goods.Gem											COST:50	WT:0																					SOURCEPAGE:p.
Orprase															TYPE:Goods.Gem											COST:50	WT:0																					SOURCEPAGE:p.
Phenalope															TYPE:Goods.Gem											COST:50	WT:0																					SOURCEPAGE:p.
Spodumene															TYPE:Goods.Gem											COST:50	WT:0																					SOURCEPAGE:p.
Tchazar															TYPE:Goods.Gem											COST:50	WT:0																					SOURCEPAGE:p.
#
Angelar's Skin														TYPE:Goods.Gem											COST:100	WT:0																					SOURCEPAGE:p.
Laeral's Tears														TYPE:Goods.Gem											COST:100	WT:0																					SOURCEPAGE:p.
Tourmaline (White)		OUTPUTNAME:[NAME] Tourmaline							TYPE:Goods.Gem											COST:100	WT:0																					SOURCEPAGE:p.
Tourmaline (Golden)		OUTPUTNAME:[NAME] Tourmaline							TYPE:Goods.Gem											COST:100	WT:0																					SOURCEPAGE:p.
Tourmaline (Pink)			OUTPUTNAME:[NAME] Tourmaline							TYPE:Goods.Gem											COST:100	WT:0																					SOURCEPAGE:p.
Tourmaline (Silver pearl)	OUTPUTNAME:[NAME] Tourmaline							TYPE:Goods.Gem											COST:100	WT:0																					SOURCEPAGE:p.
#
Corundrum (Black)			OUTPUTNAME:[NAME] Corundrum							TYPE:Goods.Gem											COST:1000	WT:0																					SOURCEPAGE:p.
Corundrum (Blue)			OUTPUTNAME:[NAME] Corundrum							TYPE:Goods.Gem											COST:1000	WT:0																					SOURCEPAGE:p.
Opal (Water)														TYPE:Goods.Gem											COST:1000	WT:0																					SOURCEPAGE:p.
Orl																TYPE:Goods.Gem											COST:1000	WT:0																					SOURCEPAGE:p.
Ravenar															TYPE:Goods.Gem											COST:1000	WT:0																					SOURCEPAGE:p.
Red Tears															TYPE:Goods.Gem											COST:1000	WT:0																					SOURCEPAGE:p.
Sapphire															TYPE:Goods.Gem											COST:1000	WT:0																					SOURCEPAGE:p.
Jade (Tomb)				OUTPUTNAME:[NAME] Jade								TYPE:Goods.Gem											COST:1000	WT:0																					SOURCEPAGE:p.
#
Berijulir															TYPE:Goods.Gem											COST:5000	WT:0																					SOURCEPAGE:p.
King's Tears														TYPE:Goods.Gem											COST:5000	WT:0																					SOURCEPAGE:p.
Ruby																TYPE:Goods.Gem											COST:5000	WT:0																					SOURCEPAGE:p.

# Equipment Name			Output Name				Required Weapon Proficiency		Type													Cost		Weight	Critical Hit Multiplier	Critical Hit Range	Damage	Modifier	Wield Category	Range		Size		Source Page
Sword (Cutlass)			OUTPUTNAME:[NAME], Sword	PROFICIENCY:WEAPON|Sword (Cutlass)	TYPE:Weapon.Martial.Melee.Standard.Slashing.Piercing.Light.Finesseable.Sword	COST:15	WT:3		CRITMULT:x2			CRITRANGE:2			DAMAGE:1d6	EQMOD:STEEL	WIELD:Light				SIZE:M	SOURCEPAGE:p.
Sword (Saber)			OUTPUTNAME:[NAME], Sword	PROFICIENCY:WEAPON|Sword (Saber)	TYPE:Weapon.Martial.Melee.Standard.Slashing.Piercing.OneHanded.Sword		COST:20	WT:4		CRITMULT:x2			CRITRANGE:2			DAMAGE:1d8	EQMOD:STEEL	WIELD:OneHanded			SIZE:M	SOURCEPAGE:p.
Claw Bracer									PROFICIENCY:WEAPON|Claw Bracer	TYPE:Weapon.Exotic.Melee.Standard.Piercing.Light.Finesseable.Claw			COST:30	WT:2		CRITMULT:x2			CRITRANGE:2			DAMAGE:1d4	EQMOD:STEEL	WIELD:Light				SIZE:M	SOURCEPAGE:p.
Sword (Kopesh)			OUTPUTNAME:[NAME], Sword	PROFICIENCY:WEAPON|Sword (Kopesh)	TYPE:Weapon.Exotic.Melee.Standard.Slashing.OneHanded.Sword				COST:20	WT:12		CRITMULT:x2			CRITRANGE:2			DAMAGE:1d8	EQMOD:STEEL	WIELD:OneHanded			SIZE:M	SOURCEPAGE:p.

#Exotic Ranged
# Equipment Name			Output Name				Required Weapon Proficiency		Type													Cost		Weight	Critical Hit Multiplier	Critical Hit Range	Damage	Modifier	Wield Category	Range		Size		Source Page
Chakram									PROFICIENCY:WEAPON|Chakram		TYPE:Weapon.Exotic.Ranged.Standard.Slashing.Light.Thrown.Chakram			COST:15	WT:2		CRITMULT:x3			CRITRANGE:1			DAMAGE:1d4	EQMOD:STEEL	WIELD:Light		RANGE:30	SIZE:M	SOURCEPAGE:p.
