# CVS $Revision: $ $Author: $ -- Thu Jul 10 13:59:32 2014 -- reformated by prettylst.pl v1.51 (build 24365)


# Crystal modifiers
# Modifier Name		Unique Key					Naming Option				Type			Cost							Visible	Source Page		Bonus to skill				Special Property															Choose
Amplifying			KEY:CRYST_AMPLIFYING			NAMEOPT:TEXT=Amplifying			TYPE:Crystal	COST:(200*%CHOICE*%CHOICE)			VISIBLE:YES	SOURCEPAGE:p.56	BONUS:SKILL|%CHOICE|TYPE=Amplifying	SPROP:adds (%CHOICE) ranks to given skill											CHOOSE:SKILL|TYPE=Psychic
Dampening			KEY:CRYST_DAMPENING			NAMEOPT:TEXT=Dampening			TYPE:Crystal	COST:(200*%CHOICE*%CHOICE)			VISIBLE:YES	SOURCEPAGE:p.56							SPROP:dampens psychic powers, DC (10%CHOICE) to use									CHOOSE:NUMBER|MIN=1|MAX=20
Dimensional Anchor	KEY:CRYST_DIMENSIONAL_ANCHOR		NAMEOPT:TEXT=Dimensional Anchor	TYPE:Crystal	COST:5000						VISIBLE:YES	SOURCEPAGE:p.57							SPROP:Any creature in contact with this crystal cannot be affected Psychoporation skills.
Lightening x10		KEY:CRYST_LIGHTENING_TEN		NAMEOPT:TEXT=Lightening x10		TYPE:Crystal	COST:1000						VISIBLE:YES	SOURCEPAGE:p.57							SPROP:This crystal reduces the effective weight of the object it is attached to by a factor of 10.
Lightening x100		KEY:CRYST_LIGHTENING_ONEHUNDRED	NAMEOPT:TEXT=Lightening x100		TYPE:Crystal	COST:4000						VISIBLE:YES	SOURCEPAGE:p.57							SPROP:This crystal reduces the effective weight of the object it is attached to by a factor of 100.
Lightening x1000		KEY:CRYST_LIGHTENING_ONETHOUSAND	NAMEOPT:TEXT=Lightening x1000		TYPE:Crystal	COST:9000						VISIBLE:YES	SOURCEPAGE:p.57							SPROP:This crystal reduces the effective weight of the object it is attached to by a factor of 1000.
Memory			KEY:CRYST_MEMORY				NAMEOPT:TEXT=Memory			TYPE:Crystal	COST:400						VISIBLE:YES	SOURCEPAGE:p.57							SPROP:This crystal stores information placed on it telepathically.
Mind Storing		KEY:CRYST_MINDSTORING			NAMEOPT:TEXT=Mind Storing		TYPE:Crystal	COST:(200*%CHOICE*%CHOICE)			VISIBLE:YES	SOURCEPAGE:p.57							SPROP:provides receptacle for a creature's mind (%CHOICE)								CHOOSE:NUMBER|MIN=1|MAX=20
Power				KEY:CRYST_POWER				NAMEOPT:TEXT=Power			TYPE:Crystal	COST:(10000*%CHOICE*%CHOICE)			VISIBLE:YES	SOURCEPAGE:p.57							SPROP:reduces strain per round by %CHOICE											CHOOSE:NUMBER|MIN=1|MAX=20
Power/Restricted		KEY:CRYST_POWERRESTRICTED		NAMEOPT:TEXT=Power/Restricted		TYPE:Crystal	COST:(5000*%CHOICE*%CHOICE)			VISIBLE:YES	SOURCEPAGE:p.57							SPROP:reduces strain for specific skill per round by %CHOICE							CHOOSE:NUMBER|MIN=1|MAX=20
Psychic Beacon		KEY:CRYST_PSYCHICBEACON			NAMEOPT:TEXT=Psychic Beacon		TYPE:Crystal	COST:1000						VISIBLE:YES	SOURCEPAGE:p.57							SPROP:Any creature in contact with this crystal is considered immediately familiar to the owner.
Recovery			KEY:CRYST_RECOVERY			NAMEOPT:TEXT=Recovery Crystal		TYPE:Crystal	COST:4000						VISIBLE:YES	SOURCEPAGE:p.57							SPROP:This crystal allows a psychic to recover from psychic strain at twice the normal rate.
Scrying			KEY:CRYST_SCRYING				NAMEOPT:TEXT=Scrying			TYPE:Crystal	COST:(2000*%CHOICE*%CHOICE)			VISIBLE:YES	SOURCEPAGE:p.58							SPROP:adds (%CHOICE) to Clairvoyance skills, requires full-round or longer					CHOOSE:NUMBER|MIN=1|MAX=20
Sensing			KEY:CRYST_SENSING				NAMEOPT:TEXT=Sensing			TYPE:Crystal	COST:(200*%CHOICE*%CHOICE)			VISIBLE:YES	SOURCEPAGE:p.58							SPROP:senses psychic powers with power of rank %CHOICE								CHOOSE:NUMBER|MIN=1|MAX=20
Shielding			KEY:CRYST_SHIELDING			NAMEOPT:TEXT=Shielding			TYPE:Crystal	COST:(200*%CHOICE*%CHOICE)			VISIBLE:YES	SOURCEPAGE:p.58							SPROP:creates psychic shield of rank %CHOICE										CHOOSE:NUMBER|MIN=1|MAX=20
Storage			KEY:CRYST_STORAGE				NAMEOPT:TEXT=Storage			TYPE:Crystal	COST:(500*%CHOICE)				VISIBLE:YES	SOURCEPAGE:p.58							SPROP:stores points of psychic energy %CHOICE										CHOOSE:NUMBER|MIN=1|MAX=20
Storage/Restricted	KEY:CRYST_STORAGERESTRICTED		NAMEOPT:TEXT=Storage/Restricted	TYPE:Crystal	COST:(250*%CHOICE)				VISIBLE:YES	SOURCEPAGE:p.58							SPROP:stores points of psychic energy for a specific talent %CHOICE						CHOOSE:FEAT|TYPE=Psychic Talent

# Elixir modifiers
Skill Ranks			KEY:ELIXIR_SKILL_RANKS			NAMEOPT:TEXT=Skill Ranks		TYPE:ElixirRanks	COST:(BASECOST*%CHOICE*%CHOICE)-BASECOST	VISIBLE:YES	SOURCEPAGE:p.56							SPROP:Skill Ranks (%CHOICE)													CHOOSE:NUMBER|MIN=1|MAX=20
