SOURCELONG:Babylon 5	SOURCESHORT:B5
# Entry Date: June 6, 2012


Acrobatics			KEYSTAT:DEX	USEUNTRAINED:YES	ACHECK:YES			TYPE:Dexterity
Appraise						KEYSTAT:INT				TYPE:Intelligence													SOURCEPAGE:SkillsI.rtf
Athletics			KEYSTAT:STR				ACHECK:YES			TYPE:Strength
Bluff				KEYSTAT:CHA	TYPE:Charisma
Computer Use		KEYSTAT:INT	USEUNTRAINED:NO	TYPE:Intelligence
Concentration		KEYSTAT:CON	TYPE:Constitution
Diplomacy			KEYSTAT:CHA	TYPE:Charisma
Drive				KEYSTAT:DEX		ACHECK:YES
Intimidate			KEYSTAT:CHA	TYPE:Charisma
Intrigue			KEYSTAT:CHA	TYPE:Charisma
Investigate			KEYSTAT:INT	TYPE:Intelligence
Knowledge (Astrophysics)	KEYSTAT:INT	USEUNTRAINED:NO	TYPE:Intelligence.Knowledge	
Knowledge (Biology)			KEYSTAT:INT	USEUNTRAINED:NO	TYPE:Intelligence.Knowledge	
Knowledge (Chemistry)				KEYSTAT:INT	USEUNTRAINED:NO	TYPE:Intelligence.Knowledge	
Knowledge (Engineering)					KEYSTAT:INT	USEUNTRAINED:NO	TYPE:Intelligence.Knowledge											SOURCEPAGE:SkillsII.rtf								BONUS:SKILL|Gather Information|SynergyBonus|PRESKILL:1,Knowledge (Local)=5|TYPE=Synergy.STACK
Knowledge (History)				KEYSTAT:INT	USEUNTRAINED:NO	TYPE:Intelligence.Knowledge											SOURCEPAGE:SkillsII.rtf																											BONUS:VAR|BardicKnowledge|2|PRESKILL:1,Knowledge (History)=5
Knowledge (Law)				KEYSTAT:INT	USEUNTRAINED:NO	TYPE:Intelligence.Knowledge											SOURCEPAGE:SkillsII.rtf
Knowledge (Philosophy)		KEYSTAT:INT	USEUNTRAINED:NO	TYPE:Intelligence.Knowledge											SOURCEPAGE:SkillsII.rtf								BONUS:SKILL|Diplomacy,Persuasion|SynergyBonus|PRESKILL:1,Knowledge (Nobility and Royalty)=5|TYPE=Synergy.STACK
Knowledge (Physics)				KEYSTAT:INT	USEUNTRAINED:NO	TYPE:Intelligence.Knowledge											SOURCEPAGE:SkillsII.rtf
Knowledge (Specific Culture)	KEYSTAT:INT	USEUNTRAINED:NO					TYPE:Intelligence.Knowledge.AdeptSkill.NormalSkill
Knowledge (Specific Local)	KEYSTAT:INT	USEUNTRAINED:NO					TYPE:Intelligence.Knowledge.AdeptSkill.NormalSkill
Knowledge (Tactics)	KEYSTAT:INT	USEUNTRAINED:NO					TYPE:Intelligence.Knowledge.AdeptSkill.NormalSkill
Knowledge (Telepathy)	KEYSTAT:INT	USEUNTRAINED:NO					TYPE:Intelligence.Knowledge.AdeptSkill.NormalSkill
Linguistics			KEYSTAT:INT	USEUNTRAINED:NO					TYPE:Intelligence
Medical							KEYSTAT:WIS				TYPE:Wisdom														SOURCEPAGE:SkillsII.rtf
Notice			KEYSTAT:WIS								TYPE:Wisdom
Operations (Driving)	KEYSTAT:INT	TYPE:Intelligence.Operations
Operations (Gunnery)	KEYSTAT:INT	TYPE:Intelligence.Operations
Operations (Piloting)	KEYSTAT:INT	TYPE:Intelligence.Operations
Operations (Sensors)	KEYSTAT:INT	TYPE:Intelligence.Operations
Operations (System)	KEYSTAT:INT	TYPE:Intelligence.Operations
Pilot					KEYSTAT:DEX	ACHECK:YES		TYPE:Dexterity
Profession (White Collar)	KEYSTAT:INT	TYPE:Intelligence
Profession (Blue Collar)	KEYSTAT:WIS		TYPE:Wisdom
Profession (Performing)		KEYSTAT:CHA	TYPE:Charisma
Sense Motive				KEYSTAT:WIS								TYPE:Charisma
Stealth					KEYSTAT:DEX				ACHECK:YES			TYPE:Dexterity
Subterfuge					KEYSTAT:DEX				ACHECK:YES			TYPE:Dexterity
Technical (Electronics)			KEYSTAT:INT									TYPE:Intelligence
Technical (Enginnering)			KEYSTAT:INT									TYPE:Intelligence
Technical (Mechanical)			KEYSTAT:INT									TYPE:Intelligence
Telepathy					KEYSTAT:CHA	TYPE:Charisma

# EOF
