# CVS $Revision: $ $Author: $ -- Sun Aug 17 15:41:15 2014 -- reformated by prettylst.pl v1.51 (build 24906)

# Class Name		Max Level
CLASS:Barbarian.MOD	MAXLEVEL:NOLIMIT
24:REPEATLEVEL:4	BONUS:ABILITYPOOL|Epic Barbarian Feat|1

# Class Name	Max Level
CLASS:Bard.MOD	MAXLEVEL:NOLIMIT
23:REPEATLEVEL:3	BONUS:ABILITYPOOL|Epic Bard Feat|1

# Class Name	Max Level
CLASS:Cleric.MOD	MAXLEVEL:NOLIMIT
23:REPEATLEVEL:3	BONUS:ABILITYPOOL|Epic Cleric Feat|1

# Class Name	Max Level
CLASS:Druid.MOD	MAXLEVEL:NOLIMIT
22									BONUS:VAR|WildShapeTimes|(CL-18)/4
24:REPEATLEVEL:4	BONUS:ABILITYPOOL|Epic Druid Feat|1

# Class Name	Max Level
CLASS:Fighter.MOD	MAXLEVEL:NOLIMIT
22:REPEATLEVEL:2	BONUS:ABILITYPOOL|Epic Fighter Feat|1

# Class Name	Max Level
CLASS:Monk.MOD	MAXLEVEL:NOLIMIT
25:REPEATLEVEL:5	BONUS:ABILITYPOOL|Epic Monk Feat|1

# Class Name	Max Level
CLASS:Paladin.MOD	MAXLEVEL:NOLIMIT
23:REPEATLEVEL:3	BONUS:ABILITYPOOL|Epic Paladin Feat|1

# Class Name	Max Level
CLASS:Ranger.MOD	MAXLEVEL:NOLIMIT
23:REPEATLEVEL:3	BONUS:ABILITYPOOL|Epic Ranger Feat|1

# Class Name	Max Level
CLASS:Rogue.MOD	MAXLEVEL:NOLIMIT
24:REPEATLEVEL:4	BONUS:ABILITYPOOL|Epic Rogue Selection|1

# Class Name		Max Level
CLASS:Sorcerer.MOD	MAXLEVEL:NOLIMIT
23:REPEATLEVEL:3	BONUS:ABILITYPOOL|Epic Sorcerer Feat|1

# Class Name	Max Level
CLASS:Wizard.MOD	MAXLEVEL:NOLIMIT
23:REPEATLEVEL:3	BONUS:ABILITYPOOL|Epic Wizard Feat|1

# Class Name		Max Level
CLASS:Arcane Archer.MOD	MAXLEVEL:NOLIMIT
14:REPEATLEVEL:4	BONUS:ABILITYPOOL|Epic Arcane Archer Feat|1


# Class Name			Max Level
CLASS:Arcane Trickster.MOD	MAXLEVEL:NOLIMIT
11:REPEATLEVEL:1									ADD:SPELLCASTER|Arcane
14:REPEATLEVEL:4	BONUS:ABILITYPOOL|Epic Arcane Trickster Feat|1


# Class Name		Max Level
CLASS:Assassin.MOD	MAXLEVEL:NOLIMIT
11										BONUS:VAR|DeathAttack|(-1*(floor((CL-10)/2)))
14:REPEATLEVEL:4	BONUS:ABILITYPOOL|Epic Assassin Feat|1


# Class Name		Max Level
CLASS:Blackguard.MOD	MAXLEVEL:NOLIMIT
13:REPEATLEVEL:3	BONUS:ABILITYPOOL|Epic Blackguard Feat|1

# Epic Skill Focus (Knowledge (Arcana)) doesn't work

# Class Name			Max Level
CLASS:Dragon Disciple.MOD	MAXLEVEL:NOLIMIT
13											BONUS:COMBAT|AC|EpicDDNA|TYPE=NaturalArmor.STACK	BONUS:VAR|EpicDDNA|floor((CL-10)/3)								DEFINE:EpicDDNA|0
13																				BONUS:VAR|BreathWeaponDice|EpicDDBW	BONUS:VAR|EpicDDBW|2*floor((CL-9)/4)	DEFINE:EpicDDBW|0
14:REPEATLEVEL:4	BONUS:ABILITYPOOL|Epic Dragon Disciple Feat|1


# Class Name	Max Level
CLASS:Duelist.MOD	MAXLEVEL:NOLIMIT
13:REPEATLEVEL:3	BONUS:ABILITYPOOL|Epic Duelist Feat|1


# Class Name			Max Level
CLASS:Dwarven Defender.MOD	MAXLEVEL:NOLIMIT
15:REPEATLEVEL:5	BONUS:ABILITYPOOL|Epic Dwarven Defender Feat|1


# Class Name			Max Level
CLASS:Eldritch Knight.MOD	MAXLEVEL:NOLIMIT
11:REPEATLEVEL:1									ADD:SPELLCASTER|Arcane
14:REPEATLEVEL:4	BONUS:ABILITYPOOL|Epic Eldritch Knight Feat|1


# Class Name			Max Level
CLASS:Horizon Walker.MOD	MAXLEVEL:NOLIMIT
11:REPEATLEVEL:1	BONUS:ABILITYPOOL|Improved Terrain Mastery|1
14:REPEATLEVEL:4	BONUS:ABILITYPOOL|Epic Horizon Walker Feat|1


# Class Name		Max Level
CLASS:Loremaster.MOD	MAXLEVEL:NOLIMIT
11:REPEATLEVEL:1								ADD:SPELLCASTER|ANY
13:REPEATLEVEL:3	BONUS:ABILITYPOOL|Epic Loremaster Selection|1


# Class Name			Max Level
CLASS:Mystic Theurge.MOD	MAXLEVEL:NOLIMIT
11:REPEATLEVEL:2									ADD:SPELLCASTER|Arcane
12:REPEATLEVEL:2									ADD:SPELLCASTER|Divine
16:REPEATLEVEL:6	BONUS:ABILITYPOOL|Epic Mystic Theurge Feat|1


# Class Name		Max Level
CLASS:Shadowdancer.MOD	MAXLEVEL:NOLIMIT
11											BONUS:VAR|ShadowJumpProgression|1+(EpicShadowJump>5280)+((EpicShadowJump/5280)>92955778.5)	BONUS:VAR|EpicShadowJump|(2^floor((var("CL=Shadowdancer")-2)/2))*10
13:REPEATLEVEL:3	BONUS:ABILITYPOOL|Epic Shadowdancer Feat|1

#  Reference for Epic Shadow Jump formula
#  1 Mile = 5280 ft
#  1 AU = 149,597,870.691 kl or 92955778.50913738 miles

# Class Name		Hit Dice	Type			Class Type		Max Level		Source Page					Combat bonus										Bonus
CLASS:Force Dragon	HD:12		TYPE:Monster	CLASSTYPE:Monster	MAXLEVEL:NOLIMIT	SOURCEPAGE:EpicMonsters(A-E).rtf	BONUS:COMBAT|BASEAB|classlevel("APPLIEDAS=NONEPIC")|TYPE=Base.REPLACE|PREVAREQ:UseAlternateBABProgression,0	BONUS:SAVE|BASE.Fortitude,BASE.Reflex,BASE.Will|classlevel("APPLIEDAS=NONEPIC")/2+2
# Class Name		Required Race
CLASS:Force Dragon	PRERACE:1,Dragon (Force%
# Class Name		Skill Pts/Lvl	Add INT to Skill Points?
CLASS:Force Dragon	STARTSKILLPTS:6	MODTOSKILLS:YES
19										ADD:SPELLCASTER|Sorcerer
20			BONUS:PCLEVEL|Sorcerer|(((CL-15)/5)*3)-1

54:REPEATLEVEL:5								ADD:ABILITY|FEAT|VIRTUAL|Improved Spell Capacity


# Class Name		Hit Dice	Type			Class Type		Max Level		Source Page					Combat bonus										Bonus
CLASS:Prismatic Dragon	HD:12		TYPE:Monster	CLASSTYPE:Monster	MAXLEVEL:NOLIMIT	SOURCEPAGE:EpicMonsters(A-E).rtf	BONUS:COMBAT|BASEAB|classlevel("APPLIEDAS=NONEPIC")|TYPE=Base.REPLACE|PREVAREQ:UseAlternateBABProgression,0	BONUS:SAVE|BASE.Fortitude,BASE.Reflex,BASE.Will|classlevel("APPLIEDAS=NONEPIC")/2+2
# Class Name		Required Race
CLASS:Prismatic Dragon	PRERACE:1,Dragon (Prismatic%
# Class Name		Skill Pts/Lvl	Add INT to Skill Points?
CLASS:Prismatic Dragon	STARTSKILLPTS:6	MODTOSKILLS:YES
22								ADD:SPELLCASTER|Sorcerer
23			BONUS:PCLEVEL|Sorcerer|4
28			BONUS:PCLEVEL|Sorcerer|3
33			BONUS:PCLEVEL|Sorcerer|3
38			BONUS:PCLEVEL|Sorcerer|2
43			BONUS:PCLEVEL|Sorcerer|4
48			BONUS:PCLEVEL|Sorcerer|3
53			BONUS:PCLEVEL|Sorcerer|3
58			BONUS:PCLEVEL|Sorcerer|3
63			BONUS:PCLEVEL|Sorcerer|3
68			BONUS:PCLEVEL|Sorcerer|3
73			BONUS:PCLEVEL|Sorcerer|3
78			BONUS:PCLEVEL|Sorcerer|3

53:REPEATLEVEL:5						ADD:ABILITY|FEAT|VIRTUAL|Improved Spell Capacity


# Class Name		Hit Dice	Type			Class Type		Abbreviation	Max Level		Source Page					Bonus
CLASS:Agent Retriever	HD:6		TYPE:Epic.PC	CLASSTYPE:PC	ABB:Agr		MAXLEVEL:NOLIMIT	SOURCEPAGE:epicprestiegclasses.rtf	
# Class Name		Required AL		Required Feat	Required Lvl	Required Skill
CLASS:Agent Retriever	PREALIGN:LG,LN,LE	PREABILITY:1,CATEGORY=FEAT,Track	PRELEVEL:MIN=20	PRESKILL:2,Knowledge (The Planes)=15,Gather Information=24
# Class Name		Skill Pts/Lvl	Class Skill
CLASS:Agent Retriever	STARTSKILLPTS:6	CSKILL:Appraise|Decipher Script|Diplomacy|Forgery|Gather Information|Knowledge (arcana)|Knowledge (Geography)|Knowledge (History)|Knowledge (Local)|Knowledge (The Planes)|Listen|Search|Spot|Survival
1:REPEATLEVEL:1																		ADD:SPELLCASTER|ANY
1										BONUS:VAR|ARTracking|10*ceil(CL/5)	DEFINE:ARTracking|0					ABILITY:Special Ability|AUTOMATIC|Agent Retriever Tracking Bonus|Uncanny Location
2																																						SPELLS:Class|TIMES=((var("CL=Agent Retriever")+3)/5)|CASTERLEVEL=14|Plane Shift,17+CHA
3										BONUS:VAR|ForceSphereTimes|(CL+2)/5									ABILITY:Special Ability|AUTOMATIC|Force Sphere
4																																						SPELLS:Class|TIMES=((var("CL=Agent Retriever")+1)/5)|CASTERLEVEL=14|Ethereal Jaunt,17+CHA
5:REPEATLEVEL:5	BONUS:ABILITYPOOL|Agent Retriever Feat|1

# Class Name		Hit Dice	Type			Class Type		Abbreviation	Max Level		Source Page					Bonus
CLASS:Cosmic Descryer	HD:4		TYPE:Epic.PC	CLASSTYPE:PC	ABB:Cde		MAXLEVEL:NOLIMIT	SOURCEPAGE:epicprestiegclasses.rtf	
# Class Name		Required Feat							Required Lvl	Required Skill					Req. Known Spell
CLASS:Cosmic Descryer	PREABILITY:2,CATEGORY=FEAT,Spell Focus (Conjuration),Energy Resistance	PRELEVEL:MIN=20	PRESKILL:1,Knowledge (The Planes)=24	PRESPELL:1,Gate	PRESPELL:1,Planar Ally,Planar Ally (Lesser),Planar Ally (Greater),Planar Binding,Planar Binding (Lesser),Planar Binding (Greater)
# Class Name		Skill Pts/Lvl	Class Skill
CLASS:Cosmic Descryer	STARTSKILLPTS:2	CSKILL:Bluff|Concentration|Diplomacy|Knowledge (arcana)|Knowledge (Religion)|Knowledge (The Planes)|Sense Motive|Spellcraft|TYPE=Craft|TYPE=Profession
1										BONUS:VAR|SuperiorSummoning|4*ceil(CL/4)									ABILITY:Special Ability|AUTOMATIC|Superior Planar Summoning
2																									ABILITY:Special Ability|AUTOMATIC|Naturalization
2:REPEATLEVEL:2								BONUS:VAR|CSNaturalization|1							ADD:SPELLCASTER|ANY
3										BONUS:VAR|EnduringGate|floor(classlevel("APPLIEDAS=NONEPIC")/3)					ABILITY:Special Ability|AUTOMATIC|Enduring Gate
5:REPEATLEVEL:5	BONUS:ABILITYPOOL|Cosmic Descryer Feat|1
7										BONUS:VAR|CosmicConnection|floor((CL-2)/5)								ABILITY:Special Ability|AUTOMATIC|Cosmic Connection

# Class Name		Hit Dice	Type			Class Type		Abbreviation	Max Level		Source Page					Bonus
CLASS:Divine Emissary	HD:10		TYPE:Epic.PC	CLASSTYPE:PC	ABB:Die		MAXLEVEL:NOLIMIT	SOURCEPAGE:epicprestiegclasses.rtf	
# Class Name		Required Feat					Required Lvl	Required Skill				PRETOTALAB
CLASS:Divine Emissary	PREABILITY:2,CATEGORY=FEAT,Weapon Focus,Great Smiting	PRELEVEL:MIN=20	PRESKILL:1,Knowledge (Religion)=10	PRETOTALAB:23
# Class Name		Skill Pts/Lvl	Class Skill
CLASS:Divine Emissary	STARTSKILLPTS:4	CSKILL:Concentration|Diplomacy|Disguise|Gather Information|Heal|Intimidate|Knowledge (Religion)|Search|Sense Motive|Spellcraft|Spot|TYPE=Craft|TYPE=Profession|Use Magic Device
1:REPEATLEVEL:1																																																												ADD:SPELLCASTER|ANY
1										BONUS:DOMAIN|NUMBER|1	BONUS:VAR|DEDivineInspiration|ceil(classlevel("APPLIEDAS=NONEPIC")/3)																																									ABILITY:Special Ability|AUTOMATIC|Divine Inspiration
2														BONUS:VAR|SmiteGood|DESmite|PREABILITY:1,CATEGORY=Special Ability,Smite Good	BONUS:VAR|SmiteEvil|DESmite|PREABILITY:1,CATEGORY=Special Ability,Smite Evil	BONUS:VAR|SmiteAnyTimes|DESmite|PREABILITY:1,CATEGORY=Special Ability,Smite	BONUS:VAR|DESmite|((CL+1)/3)+1	DEFINE:DESmite|0
3																																																																											SPELLS:Class|TIMES=(CL+7)/10|CASTERLEVEL=TL|Planar Ally (Greater),18+WIS
6:REPEATLEVEL:10	BONUS:ABILITYPOOL|Divine Emissary Feat|1
9														BONUS:VAR|DEDivineHand|floor((CL+1)/10)																																														ABILITY:Special Ability|AUTOMATIC|Divine Hand

# Class Name		Hit Dice	Type				Class Type			Abbreviation	Max Level		Source Page					Bonus
CLASS:Epic Infiltrator	HD:6		TYPE:Prestige.Epic.PC	CLASSTYPE:Prestige	ABB:Ein		MAXLEVEL:NOLIMIT	SOURCEPAGE:epicprestiegclasses.rtf	
# Class Name		Required AL				Required Feat			Required Lvl	Required Skill
CLASS:Epic Infiltrator	PREALIGN:LG,LN,LE,NG,TN,NE	PREABILITY:2,CATEGORY=FEAT,Alertness,Polyglot	PRELEVEL:MIN=20	PRESKILL:4,Diplomacy=10,Spot=10,Bluff=24,Disguise=24
# Class Name		Skill Pts/Lvl	Class Skill
CLASS:Epic Infiltrator	STARTSKILLPTS:8	CSKILL:Appraise|Balance|Bluff|Climb|Decipher Script|Diplomacy|Disable Device|Disguise|Escape Artist|Forgery|Gather Information|Hide|Intimidate|Jump|Listen|Move Silently|Open Lock|Sense Motive|Sleight of Hand|Spot|TYPE=Craft|TYPE=Profession
1												BONUS:VAR|EICover|(2+ceil(CL/4))	BONUS:VAR|SneakAttackDice|ceil(classlevel("APPLIEDAS=NONEPIC")/3)	ABILITY:Special Ability|AUTOMATIC|Improved Cover Identity|Sneak Attack
2:REPEATLEVEL:3	BONUS:ABILITYPOOL|Infiltrator Specialist Training|1
3												BONUS:VAR|EIReadThoughts|((CL+1)/4)												ABILITY:Special Ability|AUTOMATIC|Read Thoughts					SPELLS:Class|TIMES=((var("CL=Epic Infiltrator")+5)/8)|CASTERLEVEL=15|Mind Blank,18+INT
4												BONUS:VAR|EIFarSenses|((CL+1)/4)	BONUS:VAR|FarSensesRange|20*(CL+1)						ABILITY:Special Ability|AUTOMATIC|Far Senses
# Epic Trapfinding does not exist


# Class Name			Hit Dice	Type			Class Type		Abbreviation	Max Level		Source Page					Bonus
CLASS:Guardian Paramount	HD:10		TYPE:Epic.PC	CLASSTYPE:PC	ABB:Gpa		MAXLEVEL:NOLIMIT	SOURCEPAGE:epicprestiegclasses.rtf	
# Class Name			Required Ability								Required Feat											Required Lvl	Required Skill		PRETOTALAB
CLASS:Guardian Paramount	PREABILITY:2,CATEGORY=Special Ability,Evasion,Uncanny Dodge	PREABILITY:4,CATEGORY=FEAT,Alertness,Lightning Reflexes,Blinding Speed,Superior Initiative	PRELEVEL:MIN=20	PRESKILL:1,Spot=13	PRETOTALAB:15
# Class Name			Skill Pts/Lvl	Class Skill
CLASS:Guardian Paramount	STARTSKILLPTS:4	CSKILL:Bluff|Climb|Diplomacy|Intimidate|Jump|Listen|Spot|TYPE=Profession
1			BONUS:ABILITYPOOL|Guardian Paramount Feat|1	BONUS:VAR|GPEnabler|(2+ceil(classlevel("APPLIEDAS=NONEPIC")/3))	ABILITY:Special Ability|AUTOMATIC|Uncanny Dodge Enabler
2											BONUS:VAR|GPPreceptor|floor((CL+1)/3)					ABILITY:Special Ability|AUTOMATIC|Evasive Preceptor
3											BONUS:VAR|GPAura|classlevel("APPLIEDAS=NONEPIC")/3			ABILITY:Special Ability|AUTOMATIC|Protective Aura ~ Guardian Paramount
4:REPEATLEVEL:3	BONUS:ABILITYPOOL|Guardian Paramount Feat|1
5											BONUS:VAR|GPProbability|1+floor((CL+1)/3)					ABILITY:Special Ability|AUTOMATIC|Adjust Probability
6											BONUS:VAR|GPCallBack|CL/6							ABILITY:Special Ability|AUTOMATIC|Call Back


# Class Name		Hit Dice	Type			Class Type		Abbreviation	Max Level		Source Page					Bonus
CLASS:High Proselytizer	HD:8		TYPE:Epic.PC	CLASSTYPE:PC	ABB:Hig		MAXLEVEL:NOLIMIT	SOURCEPAGE:epicprestiegclasses.rtf	
# Class Name		Required Feat					Required Lvl	Multiple Requirements													Req. Spell Type
CLASS:High Proselytizer	PREABILITY:2,CATEGORY=FEAT,Leadership,Epic Leadership	PRELEVEL:MIN=20	PREMULT:2,[PRESKILL:1,Knowledge (Religion)=24,Knowledge (Nature)=24],[PRESKILL:1,Diplomacy=12]	PRESPELLTYPE:1,Divine=5
# Class Name		Skill Pts/Lvl	Class Skill
CLASS:High Proselytizer	STARTSKILLPTS:2	CSKILL:Concentration|Diplomacy|Heal|Knowledge (arcana)|Knowledge (Religion)|Sense Motive|Spellcraft|TYPE=Craft|TYPE=Profession
1											BONUS:VAR|HPProsetilyze|ceil(CL/10)					ABILITY:Special Ability|AUTOMATIC|Proselytize
2:REPEATLEVEL:2															ADD:SPELLCASTER|Divine
2																													SPELLS:Class|TIMES=((var("CL=High Proselytizer")+2)/4)|CASTERLEVEL=(TL)|Heal,16+WIS
3											BONUS:VAR|HPProsetilyzeDT|(CL+7)/10					ABILITY:Special Ability|AUTOMATIC|Deific Touch
4:REPEATLEVEL:4	BONUS:ABILITYPOOL|High Proselytizer Feat|1
5											BONUS:VAR|HPProsetilyzeDW|(CL+5)/10					ABILITY:Special Ability|AUTOMATIC|Deific Word
7											BONUS:VAR|HPProsetilyzeDF|(CL+3)/10					ABILITY:Special Ability|AUTOMATIC|Deific Face
9											BONUS:VAR|HPProsetilyzeDA|(CL+1)/10					ABILITY:Special Ability|AUTOMATIC|Deific Aura


# Class Name			Hit Dice	Type			Class Type		Abbreviation	Max Level		Source Page					Bonus
CLASS:Legendary Dreadnought	HD:12		TYPE:Epic.PC	CLASSTYPE:PC	ABB:Dre		MAXLEVEL:NOLIMIT	SOURCEPAGE:epicprestiegclasses.rtf	
# Class Name			Required Feat											Required Lvl	Required Skill			Var. Min. Value
CLASS:Legendary Dreadnought	PREABILITY:4,CATEGORY=FEAT,Combat Reflexes,Great Cleave,Improved Bull Rush,Improved Critical	PRELEVEL:MIN=20	PRESKILL:1,Intimidate=15	PRETOTALAB:23
# Class Name			Skill Pts/Lvl	Class Skill
CLASS:Legendary Dreadnought	STARTSKILLPTS:2	CSKILL:Climb|Intimidate|Jump|Swim|TYPE=Craft
1													BONUS:VAR|LDUnstoppable|ceil(CL/5)		ABILITY:Special Ability|AUTOMATIC|Unstoppable
2													BONUS:VAR|LDUnmovable|(CL+3)/5		ABILITY:Special Ability|AUTOMATIC|Unmovable
3													BONUS:VAR|LDShrugOff|12*floor((CL+2)/5)	ABILITY:Special Ability|AUTOMATIC|Shrug Off Punishment
4			DR:3/-									BONUS:VAR|ThickSkinnedDR|3*((CL+1)/5-1)	ABILITY:Special Ability|AUTOMATIC|Thick Skinned
5:REPEATLEVEL:5			BONUS:ABILITYPOOL|Legendary Dreadnought Feat|1


# Class Name		Hit Dice	Type			Class Type		Abbreviation	Max Level		Source Page					Bonus
CLASS:Perfect Wight	HD:6		TYPE:Epic.PC	CLASSTYPE:PC	ABB:Pwi		MAXLEVEL:NOLIMIT	SOURCEPAGE:epicprestiegclasses.rtf	
# Class Name		Required Feat			Required Lvl	Required Skill				Var. Min. Value
CLASS:Perfect Wight	PREABILITY:1,CATEGORY=FEAT,Self Concealment	PRELEVEL:MIN=20	PRESKILL:2,Hide=24,Move Silently=24	PREVARGTEQ:SneakAttackDice,10
# Class Name		Skill Pts/Lvl	Class Skill
CLASS:Perfect Wight	STARTSKILLPTS:8	CSKILL:Appraise|Balance|Bluff|Climb|Diplomacy|Disable Device|Disguise|Escape Artist|Gather Information|Hide|Intimidate|Jump|TYPE=Knowledge|Listen|Move Silently|Open Lock|Search|Spot|Survival|TYPE=Craft|Tumble|Use Rope
1																											SPELLS:Class|TIMES=ceil(var("CL=Perfect Wight")/5)|CASTERLEVEL=15|Invisibility (Greater),14+CHA
2										BONUS:VAR|PWLengerdemain|(CL+3)/5	ABILITY:Special Ability|AUTOMATIC|Improved Legerdemain
3										BONUS:VAR|PWIncorporeal|(CL+2)/5	ABILITY:Special Ability|AUTOMATIC|Incorporeal ~ Perfect Wight
4										BONUS:VAR|PWShadowForm|(CL+1)/5	ABILITY:Special Ability|AUTOMATIC|Shadow Form
5:REPEATLEVEL:5	BONUS:ABILITYPOOL|Perfect Wight Feat|1


# Class Name		Hit Dice	Type			Class Type		Abbreviation	Max Level		Source Page					Bonus
CLASS:Union Sentinel	HD:10		TYPE:Epic.PC	CLASSTYPE:PC	ABB:Sen		MAXLEVEL:NOLIMIT	SOURCEPAGE:epicprestiegclasses.rtf	
# Class Name		Required AL		Required Feat						Required Lvl	Required Skill						PRETOTALAB
CLASS:Union Sentinel	PREALIGN:LG,LN,LE	PREABILITY:3,CATEGORY=FEAT,Alertness,Improved Disarm,Armor Skin	PRELEVEL:MIN=20	PRESKILL:2,Diplomacy=8,TYPE.Knowledge (Local)=8	PRETOTALAB:21
# Class Name		Skill Pts/Lvl	Class Skill
CLASS:Union Sentinel	STARTSKILLPTS:2	CSKILL:Diplomacy|Gather Information|Intimidate|Knowledge (Local)|Listen|Search|Sense Motive|Spot|TYPE=Profession
1																SPELLS:Class|TIMES=(ceil(var("CL=Union Sentinel")/7))|CASTERLEVEL=15|Sending,15+CHA	SPELLS:Class|TIMES=(ceil(var("CL=Union Sentinel")/3))|CASTERLEVEL=15|Shield of Law,18+CHA
2																SPELLS:Class|TIMES=((var("CL=Union Sentinel")+4)/6)|CASTERLEVEL=18|Freedom,19+CHA	SPELLS:Class|TIMES=((var("CL=Union Sentinel")+2)/4)|CASTERLEVEL=15|Knock,12+CHA
3																SPELLS:Class|TIMES=(var("CL=Union Sentinel")/3)|CASTERLEVEL=15|Dimensional Anchor,14+CHA
4	BONUS:VAR|USPortalGuardian|(CL+2)/6	ABILITY:Special Ability|AUTOMATIC|Portal Guardian
5																SPELLS:Class|TIMES=(var("CL=Union Sentinel")/5)|CASTERLEVEL=20|Forcecage,17+CHA
7	BONUS:VAR|USImprisonment|(CL-2)/5	ABILITY:Special Ability|AUTOMATIC|Imprisonment


###Block: Support for Epic Spellcasting

# Class Name				Hit Dice	Type			Abbreviation	Visible
CLASS:Epic Spells (Arcane/INT)	HD:1		TYPE:EpicSpells	ABB:Epic Spells	VISIBLE:NO
# Class Name				Spell Stat		Spell Stat Bonus		Spell Type		Spellbook		Caster level
CLASS:Epic Spells (Arcane/INT)	SPELLSTAT:INT	BONUSSPELLSTAT:NONE	SPELLTYPE:Arcane	SPELLBOOK:YES	BONUS:CASTERLEVEL|Epic Spells (Arcane/INT)|TL
1	CAST:0,0,0,0,0,0,0,0,0,0,1

# Class Name				Hit Dice	Type			Abbreviation	Visible
CLASS:Epic Spells (Arcane/WIS)	HD:1		TYPE:EpicSpells	ABB:Epic Spells	VISIBLE:NO
# Class Name				Spell Stat		Spell Stat Bonus		Spell Type		Spellbook		Caster level
CLASS:Epic Spells (Arcane/WIS)	SPELLSTAT:WIS	BONUSSPELLSTAT:NONE	SPELLTYPE:Arcane	SPELLBOOK:YES	BONUS:CASTERLEVEL|Epic Spells (Arcane/WIS)|TL
1	CAST:0,0,0,0,0,0,0,0,0,0,1

# Class Name				Hit Dice	Type			Abbreviation	Visible
CLASS:Epic Spells (Arcane/CHA)	HD:1		TYPE:EpicSpells	ABB:Epic Spells	VISIBLE:NO
# Class Name				Spell Stat		Spell Stat Bonus		Spell Type		Spellbook		Caster level
CLASS:Epic Spells (Arcane/CHA)	SPELLSTAT:CHA	BONUSSPELLSTAT:NONE	SPELLTYPE:Arcane	SPELLBOOK:YES	BONUS:CASTERLEVEL|Epic Spells (Arcane/CHA)|TL
1	CAST:0,0,0,0,0,0,0,0,0,0,1

# Class Name				Hit Dice	Type			Abbreviation	Visible
CLASS:Epic Spells (Divine/INT)	HD:1		TYPE:EpicSpells	ABB:Epic Spells	VISIBLE:NO
# Class Name				Spell Stat		Spell Stat Bonus		Spell Type		Spellbook		Caster level
CLASS:Epic Spells (Divine/INT)	SPELLSTAT:INT	BONUSSPELLSTAT:NONE	SPELLTYPE:Divine	SPELLBOOK:YES	BONUS:CASTERLEVEL|Epic Spells (Divine/INT)|TL
1	CAST:0,0,0,0,0,0,0,0,0,0,1

# Class Name				Hit Dice	Type			Abbreviation	Visible
CLASS:Epic Spells (Divine/WIS)	HD:1		TYPE:EpicSpells	ABB:Epic Spells	VISIBLE:NO
# Class Name				Spell Stat		Spell Stat Bonus		Spell Type		Spellbook		Caster level
CLASS:Epic Spells (Divine/WIS)	SPELLSTAT:WIS	BONUSSPELLSTAT:NONE	SPELLTYPE:Divine	SPELLBOOK:YES	BONUS:CASTERLEVEL|Epic Spells (Divine/WIS)|TL
1	CAST:0,0,0,0,0,0,0,0,0,0,1

# Class Name				Hit Dice	Type			Abbreviation	Visible
CLASS:Epic Spells (Divine/CHA)	HD:1		TYPE:EpicSpells	ABB:Epic Spells	VISIBLE:NO
# Class Name				Spell Stat		Spell Stat Bonus		Spell Type		Spellbook		Caster level
CLASS:Epic Spells (Divine/CHA)	SPELLSTAT:CHA	BONUSSPELLSTAT:NONE	SPELLTYPE:Divine	SPELLBOOK:YES	BONUS:CASTERLEVEL|Epic Spells (Divine/CHA)|TL
1	CAST:0,0,0,0,0,0,0,0,0,0,1
