# CVS $Revision: $ $Author: $ -- Sun Aug 17 15:41:15 2014 -- reformated by prettylst.pl v1.51 (build 24906)

# Feat Name						Type				Required Text							Description																							Auto Weapon Prof				Source, Long Desc.		Source, Short Desc.	Source Page		Benefits																																																									PRETOTALAB
Improved Familiar					CATEGORY:FEAT	TYPE:General											DESC:This feat allows spellcasters to acquire a new familiar from a nonstandard list, but only when they could normally acquire a new familiar.																SOURCEPAGE:p.200

# Feat Name						Type				Required Text							Description																							Auto Weapon Prof				Source, Long Desc.		Source, Short Desc.	Source Page		Benefits																																																									PRETOTALAB
Tattoo Focus					CATEGORY:FEAT	TYPE:Special		PRETEXT:From Thay, Specialized in a school of magic.	DESC:You bear the powerful magical tattoos of a Red Wizard of Thay.																												SOURCEPAGE:p.194	BENEFIT:Add +1 to the DC for all saving throws against spells from your specialized school. You get a +1 bonus on caster level checks (1d20 + caster level) to overcome a creature's spell resistance when casting spells from that school. Special: Only characters with the Tattoo Focus feat can participate in Red Wizard circle magic (see below).
#PREREGION:Thay

# Support
Exotic Weapon Proficiency (Firearms)	CATEGORY:FEAT	TYPE:General.Fighter										DESC:You understand how to use firearms in combat.																AUTO:WEAPONPROF|TYPE=Firearms		SOURCELONG:Player's Handbook	SOURCESHORT:PH		SOURCEPAGE:p.94																																																											PRETOTALAB:1
Exotic Weapon Proficiency (Futuristic)	CATEGORY:FEAT	TYPE:General.Fighter										DESC:You understand how to use futuristic weapons in combat.														AUTO:WEAPONPROF|TYPE=Futuristic	SOURCELONG:Player's Handbook	SOURCESHORT:PH		SOURCEPAGE:p.94																																																											PRETOTALAB:1



CATEGORY=Feat|Improved Familiar.MOD	COMPANIONLIST:Familiar|Companion ~ Shocker lizard|PREALIGN:TN,NG,NE,CN,LN|PRECLASS:1,SPELLCASTER.Arcane=5
CATEGORY=Feat|Improved Familiar.MOD	COMPANIONLIST:Familiar|Companion ~ Stirge|PREALIGN:TN,NG,NE,CN,LN|PRECLASS:1,SPELLCASTER.Arcane=7
CATEGORY=Feat|Improved Familiar.MOD	COMPANIONLIST:Familiar|Companion ~ Formian (Worker)|PREALIGN:LN,LG,LE,TN|PRECLASS:1,SPELLCASTER.Arcane=7
CATEGORY=Feat|Improved Familiar.MOD	COMPANIONLIST:Familiar|Companion ~ Devil (Imp)|PREALIGN:LE,LN,CE|PRECLASS:1,SPELLCASTER.Arcane=7
CATEGORY=Feat|Improved Familiar.MOD	COMPANIONLIST:Familiar|Companion ~ Pseudodragon|PREALIGN:NG,TN,CG,LG|PRECLASS:1,SPELLCASTER.Arcane=7
CATEGORY=Feat|Improved Familiar.MOD	COMPANIONLIST:Familiar|Companion ~ Demon (Quasit)|PREALIGN:CE,CN,NE|PRECLASS:1,SPELLCASTER.Arcane=7


CATEGORY=Feat|Improved Familiar.MOD	COMPANIONLIST:Familiar|Companion ~ Celestial Animal / Bat|PREALIGN:LG,CG,NG,LN,CN,TN|PRECLASS:1,SPELLCASTER.Arcane=3
CATEGORY=Feat|Improved Familiar.MOD	COMPANIONLIST:Familiar|Companion ~ Celestial Animal / Cat|PREALIGN:LG,CG,NG,LN,CN,TN|PRECLASS:1,SPELLCASTER.Arcane=3
CATEGORY=Feat|Improved Familiar.MOD	COMPANIONLIST:Familiar|Companion ~ Celestial Animal / Hawk|PREALIGN:LG,CG,NG,LN,CN,TN|PRECLASS:1,SPELLCASTER.Arcane=3
CATEGORY=Feat|Improved Familiar.MOD	COMPANIONLIST:Familiar|Companion ~ Celestial Animal / Lizard|PREALIGN:LG,CG,NG,LN,CN,TN|PRECLASS:1,SPELLCASTER.Arcane=3
CATEGORY=Feat|Improved Familiar.MOD	COMPANIONLIST:Familiar|Companion ~ Celestial Animal / Owl|PREALIGN:LG,CG,NG,LN,CN,TN|PRECLASS:1,SPELLCASTER.Arcane=3
CATEGORY=Feat|Improved Familiar.MOD	COMPANIONLIST:Familiar|Companion ~ Celestial Animal / Rat|PREALIGN:LG,CG,NG,LN,CN,TN|PRECLASS:1,SPELLCASTER.Arcane=3
CATEGORY=Feat|Improved Familiar.MOD	COMPANIONLIST:Familiar|Companion ~ Celestial Animal / Raven|PREALIGN:LG,CG,NG,LN,CN,TN|PRECLASS:1,SPELLCASTER.Arcane=3
CATEGORY=Feat|Improved Familiar.MOD	COMPANIONLIST:Familiar|Companion ~ Celestial Animal / Snake (Viper/Tiny)|PREALIGN:LG,CG,NG,LN,CN,TN|PRECLASS:1,SPELLCASTER.Arcane=3
CATEGORY=Feat|Improved Familiar.MOD	COMPANIONLIST:Familiar|Companion ~ Celestial Animal / Toad|PREALIGN:LG,CG,NG,LN,CN,TN|PRECLASS:1,SPELLCASTER.Arcane=3
CATEGORY=Feat|Improved Familiar.MOD	COMPANIONLIST:Familiar|Companion ~ Celestial Animal / Weasel|PREALIGN:LG,CG,NG,LN,CN,TN|PRECLASS:1,SPELLCASTER.Arcane=3

CATEGORY=Feat|Improved Familiar.MOD	COMPANIONLIST:Familiar|Companion ~ Fiendish Animal / Bat|PREALIGN:LE,NE,CE,CN,TN,LN|PRECLASS:1,SPELLCASTER.Arcane=3
CATEGORY=Feat|Improved Familiar.MOD	COMPANIONLIST:Familiar|Companion ~ Fiendish Animal / Cat|PREALIGN:LE,NE,CE,CN,TN,LN|PRECLASS:1,SPELLCASTER.Arcane=3
CATEGORY=Feat|Improved Familiar.MOD	COMPANIONLIST:Familiar|Companion ~ Fiendish Animal / Hawk|PREALIGN:LE,NE,CE,CN,TN,LN|PRECLASS:1,SPELLCASTER.Arcane=3
CATEGORY=Feat|Improved Familiar.MOD	COMPANIONLIST:Familiar|Companion ~ Fiendish Animal / Lizard|PREALIGN:LE,NE,CE,CN,TN,LN|PRECLASS:1,SPELLCASTER.Arcane=3
CATEGORY=Feat|Improved Familiar.MOD	COMPANIONLIST:Familiar|Companion ~ Fiendish Animal / Owl|PREALIGN:LE,NE,CE,CN,TN,LN|PRECLASS:1,SPELLCASTER.Arcane=3
CATEGORY=Feat|Improved Familiar.MOD	COMPANIONLIST:Familiar|Companion ~ Fiendish Animal / Rat|PREALIGN:LE,NE,CE,CN,TN,LN|PRECLASS:1,SPELLCASTER.Arcane=3
CATEGORY=Feat|Improved Familiar.MOD	COMPANIONLIST:Familiar|Companion ~ Fiendish Animal / Raven|PREALIGN:LE,NE,CE,CN,TN,LN|PRECLASS:1,SPELLCASTER.Arcane=3
CATEGORY=Feat|Improved Familiar.MOD	COMPANIONLIST:Familiar|Companion ~ Fiendish Animal / Snake (Viper/Tiny)|PREALIGN:LE,NE,CE,CN,TN,LN|PRECLASS:1,SPELLCASTER.Arcane=3
CATEGORY=Feat|Improved Familiar.MOD	COMPANIONLIST:Familiar|Companion ~ Fiendish Animal / Toad|PREALIGN:LE,NE,CE,CN,TN,LN|PRECLASS:1,SPELLCASTER.Arcane=3
CATEGORY=Feat|Improved Familiar.MOD	COMPANIONLIST:Familiar|Companion ~ Fiendish Animal / Weasel|PREALIGN:LE,NE,CE,CN,TN,LN|PRECLASS:1,SPELLCASTER.Arcane=3
