# CVS $Revision: $ $Author: $ -- Sun Dec  8 22:17:49 2013 -- reformated by prettylst.pl v1.50 (build 22352)


###Block: Dragon Disciple Attacks
# Template Name				Visible	Template																	Required Size	Natural Attacks
Dragon Disciple Attacks			VISIBLE:NO	TEMPLATE:CHOOSE:Dragon Disciple Attacks Small|Dragon Disciple Attacks Medium|Dragon Disciple Attacks Large
Dragon Disciple Attacks Small		VISIBLE:NO																			PRESIZEEQ:S		NATURALATTACKS:Bite,Weapon.Natural.Melee.Bludgeoning.Piercing.Slashing,*1,1d4|Claw,Weapon.Natural.Melee.Piercing.Slashing,*2,1d3
Dragon Disciple Attacks Medium	VISIBLE:NO																			PRESIZEEQ:M		NATURALATTACKS:Bite,Weapon.Natural.Melee.Bludgeoning.Piercing.Slashing,*1,1d6|Claw,Weapon.Natural.Melee.Piercing.Slashing,*2,1d4
Dragon Disciple Attacks Large		VISIBLE:NO																			PRESIZEEQ:L		NATURALATTACKS:Bite,Weapon.Natural.Melee.Bludgeoning.Piercing.Slashing,*1,1d8|Claw,Weapon.Natural.Melee.Piercing.Slashing,*2,1d6

###Block: Diseases

# Template Name					Visible	Source Page						Choose								Temporary effect description																																								Temporary Bonus
Disease Damage (Blinding Sickness)		VISIBLE:NO	SOURCEPAGE:AbilitiesandConditions.rtf	TEMPVALUE:MIN=1|MAX=4|TITLE=Stength Damage		TEMPDESC:Infection DC 16 (Ingested), Incubation 1d3 days, Damage 1d4 Str (Each time the victim takes 2 or more damage from the disease, he must make another Fortitude save or be permanently blinded), Apply this temporary bonus each day the victim takes damage.	TEMPBONUS:ANYPC|STAT|STR|-1*(%CHOICE)
Disease Damage (Cackle Fever)			VISIBLE:NO	SOURCEPAGE:AbilitiesandConditions.rtf	TEMPVALUE:MIN=1|MAX=6|TITLE=Wisdom Damage		TEMPDESC:Infection DC 16 (Inhaled), Incubation 1 day, Damage 1d6 Wis, Apply this temporary bonus each day the victim takes damage.																							TEMPBONUS:ANYPC|STAT|WIS|-1*(%CHOICE)
Disease Damage (Demon Fever)			VISIBLE:NO	SOURCEPAGE:AbilitiesandConditions.rtf	TEMPVALUE:MIN=1|MAX=6|TITLE=Constitution Damage	TEMPDESC:Infection DC 18 (Injury), Incubation 1 day, Damage 1d6 Con (When damaged, character must succeed on another saving throw or 1 point of damage is permanent drain instead), Apply this temporary bonus each day the victim takes damage.				TEMPBONUS:ANYPC|STAT|CON|-1*(%CHOICE)
Disease Damage (Devil Chills)			VISIBLE:NO	SOURCEPAGE:AbilitiesandConditions.rtf	TEMPVALUE:MIN=1|MAX=4|TITLE=Stength Damage		TEMPDESC:Infection DC 14 (Injury), Incubation 1d4 days, Damage 1d4 Str (The victim must make three successful Fortitude saving throws in a row to recover from devil chills), Apply this temporary bonus each day the victim takes damage.					TEMPBONUS:ANYPC|STAT|STR|-1*(%CHOICE)
Disease Damage (Filth Fever/Dex Damage)	VISIBLE:NO	SOURCEPAGE:AbilitiesandConditions.rtf	TEMPVALUE:MIN=1|MAX=3|TITLE=Dexterity Damage	TEMPDESC:Infection DC 12 (Injury), Incubation 1d3 days, Damage 1d3 Dex, 1d3 Con, Apply this temporary bonus for the dexterity damage each day the victim takes damage.																	TEMPBONUS:ANYPC|STAT|DEX|-1*(%CHOICE)
Disease Damage (Filth Fever/Con Damage)	VISIBLE:NO	SOURCEPAGE:AbilitiesandConditions.rtf	TEMPVALUE:MIN=1|MAX=3|TITLE=Constitution Damage	TEMPDESC:Infection DC 12 (Injury), Incubation 1d3 days, Damage 1d3 Dex, 1d3 Con, Apply this temporary bonus for the constitution damage each day the victim takes damage.																TEMPBONUS:ANYPC|STAT|Con|-1*(%CHOICE)
Disease Damage (Mindfire)			VISIBLE:NO	SOURCEPAGE:AbilitiesandConditions.rtf	TEMPVALUE:MIN=1|MAX=4|TITLE=Intelligence Damage	TEMPDESC:Infection DC 12 (Inhaled), Incubation 1 day, Damage 1d4 Int, Apply this temporary bonus each day the victim takes damage.																							TEMPBONUS:ANYPC|STAT|INT|-1*(%CHOICE)
Disease Damage (Mummy Rot)			VISIBLE:NO	SOURCEPAGE:AbilitiesandConditions.rtf	TEMPVALUE:MIN=1|MAX=6|TITLE=Constitution Damage	TEMPDESC:Infection DC 20 (Contact), Incubation 1 day, Damage 1d6 Con (Successful saves do not allow the character to recover, Only magical healing can save the character), Apply this temporary bonus each day the victim takes damage.						TEMPBONUS:ANYPC|STAT|CON|-1*(%CHOICE)
Disease Damage (Red Ache)			VISIBLE:NO	SOURCEPAGE:AbilitiesandConditions.rtf	TEMPVALUE:MIN=1|MAX=6|TITLE=Stength Damage		TEMPDESC:Infection DC 15 (Injury), Incubation 1d3 days, Damage 1d6 Str, Apply this temporary bonus each day the victim takes damage.																						TEMPBONUS:ANYPC|STAT|STR|-1*(%CHOICE)
Disease Damage (Shakes)				VISIBLE:NO	SOURCEPAGE:AbilitiesandConditions.rtf	TEMPVALUE:MIN=1|MAX=8|TITLE=Dexterity Damage	TEMPDESC:Infection DC 13 (Contact), Incubation 1 day, Damage 1d8 Dex, Apply this temporary bonus each day the victim takes damage.																							TEMPBONUS:ANYPC|STAT|DEX|-1*(%CHOICE)
Disease Damage (Slimy Doom)			VISIBLE:NO	SOURCEPAGE:AbilitiesandConditions.rtf	TEMPVALUE:MIN=1|MAX=4|TITLE=Constitution Damage	TEMPDESC:Infection DC 14 (Contact), Incubation 1 day, Damage 1d4 Con (When damaged, character must succeed on another saving throw or 1 point of damage is permanent drain instead), Apply this temporary bonus each day the victim takes damage.				TEMPBONUS:ANYPC|STAT|STR|-1*(%CHOICE)

###Block: Generated Funds
Funds - PC		PRECLASS:1,TYPE.Base=1		VISIBLE:NO	KIT:1|PC Funds Lv 1|PC Funds Lv 2|PC Funds Lv 3|PC Funds Lv 4|PC Funds Lv 5|PC Funds Lv 6|PC Funds Lv 7|PC Funds Lv 8|PC Funds Lv 9|PC Funds Lv 10|PC Funds Lv 11|PC Funds Lv 12|PC Funds Lv 1|PC Funds Lv 14|PC Funds Lv 15|PC Funds Lv 16|PC Funds Lv 17|PC Funds Lv 18|PC Funds Lv 19|PC Funds Lv 20	
Funds - NPC		PRECLASS:1,TYPE.Base=1		VISIBLE:NO	KIT:1|NPC Funds Lv 1|NPC Funds Lv 2|NPC Funds Lv 3|NPC Funds Lv 4|NPC Funds Lv 5|NPC Funds Lv 6|NPC Funds Lv 7|NPC Funds Lv 8|NPC Funds Lv 9|NPC Funds Lv 10|NPC Funds Lv 11|NPC Funds Lv 12|NPC Funds Lv 1|NPC Funds Lv 14|NPC Funds Lv 15|NPC Funds Lv 16|NPC Funds Lv 17|NPC Funds Lv 18|NPC Funds Lv 19|NPC Funds Lv 20
Funds - None			VISIBLE:NO

First Level		CHOOSE:TEMPLATE|QUALIFIED[TYPE=First Level]	TEMPLATE:%LIST	VISIBLE:NO
###Block: First Level
First Level ~ Barbarian	TYPE:First Level	TEMPLATE:CHOOSE:Funds - PC|Funds - NPC|Funds - None	PRECLASS:1,Barbarian=1	VISIBLE:NO
First Level ~ Bard	TYPE:First Level	TEMPLATE:CHOOSE:Funds - PC|Funds - NPC|Funds - None	PRECLASS:1,Bard=1	VISIBLE:NO
First Level ~ Cleric	TYPE:First Level	TEMPLATE:CHOOSE:Funds - PC|Funds - NPC|Funds - None	PRECLASS:1,Cleric=1	VISIBLE:NO
First Level ~ Druid	TYPE:First Level	TEMPLATE:CHOOSE:Funds - PC|Funds - NPC|Funds - None	PRECLASS:1,Druid=1	VISIBLE:NO
First Level ~ Fighter	TYPE:First Level	TEMPLATE:CHOOSE:Funds - PC|Funds - NPC|Funds - None	PRECLASS:1,Fighter=1	VISIBLE:NO
First Level ~ Monk	TYPE:First Level	TEMPLATE:CHOOSE:Funds - PC|Funds - NPC|Funds - None	PRECLASS:1,Monk=1	VISIBLE:NO
First Level ~ Rogue	TYPE:First Level	TEMPLATE:CHOOSE:Funds - PC|Funds - NPC|Funds - None	PRECLASS:1,Rogue=1	VISIBLE:NO
First Level ~ Ranger	TYPE:First Level	TEMPLATE:CHOOSE:Funds - PC|Funds - NPC|Funds - None	PRECLASS:1,Ranger=1	VISIBLE:NO
First Level ~ Paladin	TYPE:First Level	TEMPLATE:CHOOSE:Funds - PC|Funds - NPC|Funds - None	PRECLASS:1,Paladin=1	VISIBLE:NO
First Level ~ Sorcerer	TYPE:First Level	TEMPLATE:CHOOSE:Funds - PC|Funds - NPC|Funds - None	PRECLASS:1,Sorcerer=1	VISIBLE:NO
First Level ~ Wizard	TYPE:First Level	TEMPLATE:CHOOSE:Funds - PC|Funds - NPC|Funds - None	PRECLASS:1,Wizard=1	VISIBLE:NO

First Level ~ Not Listed	TYPE:First Level	TEMPLATE:CHOOSE:Funds - PC|Funds - NPC|Funds - None	VISIBLE:NO


