
STARTPACK:NPC Funds Lv 1	APPLY:INSTANT
FUNDS:gp	QTY:900

STARTPACK:NPC Funds Lv 2	APPLY:INSTANT	
FUNDS:gp	QTY:2000

STARTPACK:NPC Funds Lv 3	APPLY:INSTANT	
FUNDS:gp	QTY:2500

STARTPACK:NPC Funds Lv 4	APPLY:INSTANT	
FUNDS:gp	QTY:3300

STARTPACK:NPC Funds Lv 5	APPLY:INSTANT	
FUNDS:gp	QTY:4300

STARTPACK:NPC Funds Lv 6	APPLY:INSTANT	
FUNDS:gp	QTY:5600

STARTPACK:NPC Funds Lv 7	APPLY:INSTANT	
FUNDS:gp	QTY:7200

STARTPACK:NPC Funds Lv 8	APPLY:INSTANT	
FUNDS:gp	QTY:9400

STARTPACK:NPC Funds Lv 9	APPLY:INSTANT	
FUNDS:gp	QTY:12000

STARTPACK:NPC Funds Lv 10	APPLY:INSTANT	
FUNDS:gp	QTY:16000

STARTPACK:NPC Funds Lv 11	APPLY:INSTANT	
FUNDS:gp	QTY:21000

STARTPACK:NPC Funds Lv 12	APPLY:INSTANT	
FUNDS:gp	QTY:27000

STARTPACK:NPC Funds Lv 13	APPLY:INSTANT	
FUNDS:gp	QTY:35000

STARTPACK:NPC Funds Lv 14	APPLY:INSTANT	
FUNDS:gp	QTY:45000

STARTPACK:NPC Funds Lv 15	APPLY:INSTANT	
FUNDS:gp	QTY:59000

STARTPACK:NPC Funds Lv 16	APPLY:INSTANT	
FUNDS:gp	QTY:77000

STARTPACK:NPC Funds Lv 17	APPLY:INSTANT	
FUNDS:gp	QTY:100000

STARTPACK:NPC Funds Lv 18	APPLY:INSTANT	
FUNDS:gp	QTY:130000

STARTPACK:NPC Funds Lv 19	APPLY:INSTANT	
FUNDS:gp	QTY:170000

STARTPACK:NPC Funds Lv 20	APPLY:INSTANT	
FUNDS:gp	QTY:220000

###Block: PC
STARTPACK:PC Funds Lv 2	APPLY:INSTANT			
FUNDS:gp	QTY:900

STARTPACK:PC Funds Lv 3	APPLY:INSTANT	
FUNDS:gp	QTY:1800

STARTPACK:PC Funds Lv 4	APPLY:INSTANT	
FUNDS:gp	QTY:2700

STARTPACK:PC Funds Lv 5	APPLY:INSTANT	
FUNDS:gp	QTY:3600

STARTPACK:PC Funds Lv 6	APPLY:INSTANT	
FUNDS:gp	QTY:4000

STARTPACK:PC Funds Lv 7	APPLY:INSTANT	
FUNDS:gp	QTY:6000

STARTPACK:PC Funds Lv 8	APPLY:INSTANT	
FUNDS:gp	QTY:8000

STARTPACK:PC Funds Lv 9	APPLY:INSTANT	
FUNDS:gp	QTY:9000

STARTPACK:PC Funds Lv 10	APPLY:INSTANT	
FUNDS:gp	QTY:13000

STARTPACK:PC Funds Lv 11	APPLY:INSTANT	
FUNDS:gp	QTY:17000

STARTPACK:PC Funds Lv 12	APPLY:INSTANT	
FUNDS:gp	QTY:22000

STARTPACK:PC Funds Lv 13	APPLY:INSTANT	
FUNDS:gp	QTY:27000

STARTPACK:PC Funds Lv 14	APPLY:INSTANT	
FUNDS:gp	QTY:40000

STARTPACK:PC Funds Lv 15	APPLY:INSTANT	
FUNDS:gp	QTY:50000

STARTPACK:PC Funds Lv 16	APPLY:INSTANT	
FUNDS:gp	QTY:60000

STARTPACK:PC Funds Lv 17	APPLY:INSTANT	
FUNDS:gp	QTY:80000

STARTPACK:PC Funds Lv 18	APPLY:INSTANT	
FUNDS:gp	QTY:100000

STARTPACK:PC Funds Lv 19	APPLY:INSTANT	
FUNDS:gp	QTY:140000

STARTPACK:PC Funds Lv 20	APPLY:INSTANT	
FUNDS:gp	QTY:180000

###Block: PC 1st level
STARTPACK:PC Funds Lv 1	APPLY:INSTANT			
FUNDS:gp	QTY:10*roll("2d4")	PRECLASS:1,Druid=1
FUNDS:gp	QTY:10*roll("3d4")	PRECLASS:1,Sorcerer=1,Wizard=1
FUNDS:gp	QTY:10*roll("4d4")	PRECLASS:1,Barbarian=1,Bard=1
FUNDS:gp	QTY:10*roll("5d4")	PRECLASS:1,Cleric=1
FUNDS:gp	QTY:10*roll("6d4")	PRECLASS:1,Fighter=1,Paladin=1,Ranger=1
FUNDS:gp	QTY:roll("5d4")		PRECLASS:1,Monk=1


