# CVS $Revision: $ $Author: $ -- Thu Jul 10 13:59:32 2014 -- reformated by prettylst.pl v1.51 (build 24365)

# Ability Category					Visible		Editable?		Change Pool?	Fractional values?	Category of Object		Type of Object				Specific choices list							Plural description for UI			Display Location
ABILITYCATEGORY:High Arcana Ability			VISIBLE:QUALIFY	EDITABLE:YES	EDITPOOL:NO		FRACTIONALPOOL:NO		CATEGORY:Special Ability	TYPE:HighArcana														PLURAL:High Arcana Abilities			DISPLAYLOCATION:Class Features
ABILITYCATEGORY:Hierophant Ability			VISIBLE:QUALIFY	EDITABLE:YES	EDITPOOL:NO		FRACTIONALPOOL:NO		CATEGORY:Special Ability	TYPE:Hierophant														PLURAL:Hierophant Abilities			DISPLAYLOCATION:Class Features
ABILITYCATEGORY:Terrain Mastery			VISIBLE:QUALIFY	EDITABLE:YES	EDITPOOL:NO		FRACTIONALPOOL:NO		CATEGORY:Special Ability	TYPE:Terrain														PLURAL:Terrain Masteries			DISPLAYLOCATION:Class Features
ABILITYCATEGORY:Advanced Terrain Mastery		VISIBLE:QUALIFY	EDITABLE:YES	EDITPOOL:NO		FRACTIONALPOOL:NO		CATEGORY:Special Ability	TYPE:Terrain.Planar													PLURAL:Advanced Terrain Masteries		DISPLAYLOCATION:Class Features
ABILITYCATEGORY:Loremaster Secret			VISIBLE:QUALIFY	EDITABLE:YES	EDITPOOL:NO		FRACTIONALPOOL:NO		CATEGORY:Special Ability	TYPE:LoremasterSecret													PLURAL:Loremaster Secrets			DISPLAYLOCATION:Class Features
ABILITYCATEGORY:Dragon Disciple Bonus Spell	VISIBLE:QUALIFY	EDITABLE:YES	EDITPOOL:NO		FRACTIONALPOOL:NO		CATEGORY:Special Ability	TYPE:DragonDiscipleBonusSpell												PLURAL:Dragon Disciple Bonus Spells		DISPLAYLOCATION:Class Features

# NPC Classes
# Ability Category					Visible		Editable?		Change Pool?	Fractional values?	Category of Object		Type of Object				Specific choices list							Plural description for UI			Display Location
ABILITYCATEGORY:Adept Class Feature			VISIBLE:QUALIFY	EDITABLE:NO		EDITPOOL:NO						CATEGORY:Special Ability	TYPE:AdeptClassFeatures													PLURAL:Adept Class Features			DISPLAYLOCATION:Class Features
ABILITYCATEGORY:Aristocrat Class Feature		VISIBLE:QUALIFY	EDITABLE:NO		EDITPOOL:NO						CATEGORY:Special Ability	TYPE:AristocratClassFeatures												PLURAL:Aristocrat Class Features		DISPLAYLOCATION:Class Features
ABILITYCATEGORY:Commoner Class Feature		VISIBLE:QUALIFY	EDITABLE:NO		EDITPOOL:NO						CATEGORY:Special Ability	TYPE:CommonerClassFeatures												PLURAL:Common Class Features			DISPLAYLOCATION:Class Features
ABILITYCATEGORY:Expert Class Feature		VISIBLE:QUALIFY	EDITABLE:NO		EDITPOOL:NO						CATEGORY:Special Ability	TYPE:ExpertClassFeatures												PLURAL:Expert Class Features			DISPLAYLOCATION:Class Features
ABILITYCATEGORY:Warrior Class Feature		VISIBLE:QUALIFY	EDITABLE:NO		EDITPOOL:NO						CATEGORY:Special Ability	TYPE:WarriorClassFeatures												PLURAL:Warrior Class Features			DISPLAYLOCATION:Class Features

# Prestige Classes
ABILITYCATEGORY:Arcane Archer Class Feature	VISIBLE:QUALIFY	EDITABLE:NO		EDITPOOL:NO						CATEGORY:Special Ability	TYPE:ArcaneArcherClassFeatures											PLURAL:Arcane Archer Class Features		DISPLAYLOCATION:Class Features
ABILITYCATEGORY:Arcane Trickster Class Feature	VISIBLE:QUALIFY	EDITABLE:NO		EDITPOOL:NO						CATEGORY:Special Ability	TYPE:ArcaneTricksterClassFeatures											PLURAL:Arcane Trickster Class Features	DISPLAYLOCATION:Class Features
ABILITYCATEGORY:Archmage Class Feature		VISIBLE:QUALIFY	EDITABLE:NO		EDITPOOL:NO						CATEGORY:Special Ability	TYPE:ArchmageClassFeatures												PLURAL:Archmage Class Features		DISPLAYLOCATION:Class Features
ABILITYCATEGORY:Assassin Class Feature		VISIBLE:QUALIFY	EDITABLE:NO		EDITPOOL:NO						CATEGORY:Special Ability	TYPE:AssassinClassFeatures												PLURAL:Assassin Class Features		DISPLAYLOCATION:Class Features
ABILITYCATEGORY:Blackguard Class Feature		VISIBLE:QUALIFY	EDITABLE:NO		EDITPOOL:NO						CATEGORY:Special Ability	TYPE:BlackguardClassFeatures												PLURAL:Blackguard Class Features		DISPLAYLOCATION:Class Features
ABILITYCATEGORY:Dragon Disciple Class Feature	VISIBLE:QUALIFY	EDITABLE:NO		EDITPOOL:NO						CATEGORY:Special Ability	TYPE:DragonDiscipleClassFeatures											PLURAL:Dragon Disciple Class Features	DISPLAYLOCATION:Class Features
ABILITYCATEGORY:Duelist Class Feature		VISIBLE:QUALIFY	EDITABLE:NO		EDITPOOL:NO						CATEGORY:Special Ability	TYPE:DuelistClassFeatures												PLURAL:Duelist Class Features			DISPLAYLOCATION:Class Features
ABILITYCATEGORY:Dwarven Defender Class Feature	VISIBLE:QUALIFY	EDITABLE:NO		EDITPOOL:NO						CATEGORY:Special Ability	TYPE:DwarvenDefenderClassFeatures											PLURAL:Dwarven Defender Class Features	DISPLAYLOCATION:Class Features
ABILITYCATEGORY:Eldritch Knight Class Feature	VISIBLE:QUALIFY	EDITABLE:NO		EDITPOOL:NO						CATEGORY:Special Ability	TYPE:EldritchKnightClassFeatures											PLURAL:Eldritch Knight Class Features	DISPLAYLOCATION:Class Features
ABILITYCATEGORY:Hierophant Class Feature		VISIBLE:QUALIFY	EDITABLE:NO		EDITPOOL:NO						CATEGORY:Special Ability	TYPE:HierophantClassFeatures												PLURAL:Hierophant Class Features		DISPLAYLOCATION:Class Features
ABILITYCATEGORY:Horizon Walker Class Feature	VISIBLE:QUALIFY	EDITABLE:NO		EDITPOOL:NO						CATEGORY:Special Ability	TYPE:HorizonWalkerClassFeatures											PLURAL:Hierophant Class Features		DISPLAYLOCATION:Class Features
ABILITYCATEGORY:Loremaster Class Feature		VISIBLE:QUALIFY	EDITABLE:NO		EDITPOOL:NO						CATEGORY:Special Ability	TYPE:LoremasterClassFeatures												PLURAL:Loremaster Class Features		DISPLAYLOCATION:Class Features
ABILITYCATEGORY:Mystic Theurge Class Feature	VISIBLE:QUALIFY	EDITABLE:NO		EDITPOOL:NO						CATEGORY:Special Ability	TYPE:MysticTheurgeClassFeatures											PLURAL:Mystic Theurge Class Features	DISPLAYLOCATION:Class Features
ABILITYCATEGORY:Red Wizard Class Feature		VISIBLE:QUALIFY	EDITABLE:NO		EDITPOOL:NO						CATEGORY:Special Ability	TYPE:RedWizardClassFeatures												PLURAL:Red Wizard Class Features		DISPLAYLOCATION:Class Features
ABILITYCATEGORY:Shadowdancer Class Feature	VISIBLE:QUALIFY	EDITABLE:NO		EDITPOOL:NO						CATEGORY:Special Ability	TYPE:ShadowdancerClassFeatures											PLURAL:Shadowdancer Class Features		DISPLAYLOCATION:Class Features
ABILITYCATEGORY:Thaumaturgist Class Feature	VISIBLE:QUALIFY	EDITABLE:NO		EDITPOOL:NO						CATEGORY:Special Ability	TYPE:ThaumaturgistClassFeatures											PLURAL:Thaumaturgist Class Features		DISPLAYLOCATION:Class Features


ABILITYCATEGORY:Spell-Like Ability Selection	VISIBLE:QUALIFY	EDITABLE:NO		EDITPOOL:NO						CATEGORY:Special Ability							ABILITYLIST:High Arcana ~ Spell-Like Ability Selection								DISPLAYLOCATION:Class Features
ABILITYCATEGORY:Hierophant Align			VISIBLE:QUALIFY	EDITABLE:NO		EDITPOOL:NO						CATEGORY:Special Ability	TYPE:Hierophant Align													PLURAL:Hierophant Class Features		DISPLAYLOCATION:Class Features
ABILITYCATEGORY:Add Spoken Language			VISIBLE:QUALIFY	EDITABLE:NO		EDITPOOL:NO						CATEGORY:Special Ability	TYPE:AddSpokenLanguage																				DISPLAYLOCATION:Class Features
