# CVS $Revision: $ $Author: $ -- Wed Mar 20 16:10:53 2013 -- reformated by prettylst.pl v1.39 (build 15052)
#Magic Item Compendium



# Equipment Name							Output Name									Type								Cost		Special ABility
Clasp of Energy Protection ~ Fire (Least)			OUTPUTNAME:[NAME] Clasp of Energy Protection, Fire		TYPE:ShieldCrystal.LeastCrystal			COST:500	SAB:Crystal - Resistance 5 to Fire, max 25 damage per day.
Clasp of Energy Protection ~ Fire (Lesser)		OUTPUTNAME:[NAME] Clasp of Energy Protection, Fire		TYPE:ShieldCrystal.LesserCrystal
Clasp of Energy Protection ~ Fire (Greater)		OUTPUTNAME:[NAME] Clasp of Energy Protection, Fire		TYPE:ShieldCrystal.GreaterCrystal
Clasp of Energy Protection ~ Cold (Least)			OUTPUTNAME:[NAME] Clasp of Energy Protection, Cold		TYPE:ShieldCrystal.LeastCrystal
Clasp of Energy Protection ~ Cold (Lesser)		OUTPUTNAME:[NAME] Clasp of Energy Protection, Cold		TYPE:ShieldCrystal.LesserCrystal
Clasp of Energy Protection ~ Cold (Greater)		OUTPUTNAME:[NAME] Clasp of Energy Protection, Cold		TYPE:ShieldCrystal.GreaterCrystal
Clasp of Energy Protection ~ Acid (Least)			OUTPUTNAME:[NAME] Clasp of Energy Protection, Acid		TYPE:ShieldCrystal.LeastCrystal
Clasp of Energy Protection ~ Acid (Lesser)		OUTPUTNAME:[NAME] Clasp of Energy Protection, Acid		TYPE:ShieldCrystal.LesserCrystal
Clasp of Energy Protection ~ Acid (Greater)		OUTPUTNAME:[NAME] Clasp of Energy Protection, Acid		TYPE:ShieldCrystal.GreaterCrystal
Clasp of Energy Protection ~ Electricity (Least)	OUTPUTNAME:[NAME] Clasp of Energy Protection, Electricity	TYPE:ShieldCrystal.LeastCrystal
Clasp of Energy Protection ~ Electricity (Lesser)	OUTPUTNAME:[NAME] Clasp of Energy Protection, Electricity	TYPE:ShieldCrystal.LesserCrystal
Clasp of Energy Protection ~ Electricity (Greater)	OUTPUTNAME:[NAME] Clasp of Energy Protection, Electricity	TYPE:ShieldCrystal.GreaterCrystal
Clasp of Energy Protection ~ Sonic (Least)		OUTPUTNAME:[NAME] Clasp of Energy Protection, Sonic		TYPE:ShieldCrystal.LeastCrystal
Clasp of Energy Protection ~ Sonic (Lesser)		OUTPUTNAME:[NAME] Clasp of Energy Protection, Sonic		TYPE:ShieldCrystal.LesserCrystal
Clasp of Energy Protection ~ Sonic (Greater)		OUTPUTNAME:[NAME] Clasp of Energy Protection, Sonic		TYPE:ShieldCrystal.GreaterCrystal

Crystal of Adamant Armor (Least)				OUTPUTNAME:[NAME] Crystal of Adamant Armor			TYPE:ArmorCrystal.ShieldCrystal.LeastCrystal
Crystal of Adamant Armor (Lesser)				OUTPUTNAME:[NAME] Crystal of Adamant Armor			TYPE:ArmorCrystal.ShieldCrystal.LesserCrystal
Crystal of Adamant Armor (Greater)				OUTPUTNAME:[NAME] Crystal of Adamant Armor			TYPE:ArmorCrystal.ShieldCrystal.GreaterCrystal

Crystal of Adaptation																TYPE:ArmorCrystal.LeastCrystal
Crystal of Adaptation																TYPE:ArmorCrystal.LesserCrystal
Crystal of Adaptation																TYPE:ArmorCrystal.GreaterCrystal

Crystal of Aquatic Action															TYPE:ArmorCrystal.LeastCrystal
Crystal of Aquatic Action															TYPE:ArmorCrystal.LesserCrystal
Crystal of Aquatic Action															TYPE:ArmorCrystal.GreaterCrystal

Crystal of Arrow Deflection															TYPE:ShieldCrystal.LeastCrystal
Crystal of Arrow Deflection															TYPE:ShieldCrystal.LesserCrystal
Crystal of Arrow Deflection															TYPE:ShieldCrystal.GreaterCrystal

Crystal of Bent Sight																TYPE:ShieldCrystal.LeastCrystal
Crystal of Bent Sight																TYPE:ShieldCrystal.LesserCrystal
Crystal of Bent Sight																TYPE:ShieldCrystal.GreaterCrystal

Crystal of Glancing Blows															TYPE:ArmorCrystal.LeastCrystal
Crystal of Glancing Blows															TYPE:ArmorCrystal.LesserCrystal
Crystal of Glancing Blows															TYPE:ArmorCrystal.GreaterCrystal

Crystal of Lifekeeping																TYPE:ArmorCrystal.LeastCrystal
Crystal of Lifekeeping																TYPE:ArmorCrystal.LesserCrystal
Crystal of Lifekeeping																TYPE:ArmorCrystal.GreaterCrystal

Crystal of Mind Cloaking															TYPE:ArmorCrystal.LeastCrystal
Crystal of Mind Cloaking															TYPE:ArmorCrystal.LesserCrystal
Crystal of Mind Cloaking															TYPE:ArmorCrystal.GreaterCrystal

Crystal of Screening																TYPE:ArmorCrystal.LeastCrystal
Crystal of Screening																TYPE:ArmorCrystal.LesserCrystal
Crystal of Screening																TYPE:ArmorCrystal.GreaterCrystal

Crystal of Stamina																TYPE:ArmorCrystal.LeastCrystal
Crystal of Stamina																TYPE:ArmorCrystal.LesserCrystal
Crystal of Stamina																TYPE:ArmorCrystal.GreaterCrystal

Iron Ward Diamond																	TYPE:ArmorCrystal.LeastCrystal
Iron Ward Diamond																	TYPE:ArmorCrystal.LesserCrystal
Iron Ward Diamond																	TYPE:ArmorCrystal.GreaterCrystal

Restful Crystal																	TYPE:ArmorCrystal.LeastCrystal
Restful Crystal																	TYPE:ArmorCrystal.LesserCrystal
Restful Crystal																	TYPE:ArmorCrystal.GreaterCrystal

Rubicund Frenzy																	TYPE:ArmorCrystal.LeastCrystal
Rubicund Frenzy																	TYPE:ArmorCrystal.LesserCrystal
Rubicund Frenzy																	TYPE:ArmorCrystal.GreaterCrystal

###Block: Weapon Crystals
# Equipment Name			Type
Crystal of Adamant Weaponry	TYPE:WeaponCrystal
Crystal of Arcane Steel		TYPE:WeaponCrystal
Crystal of Energy Assault	TYPE:WeaponCrystal
Crystal of Illumination		TYPE:WeaponCrystal
Crystal of Life Drinking	TYPE:WeaponCrystal
Crystal of Return			TYPE:WeaponCrystal
Crystal of Security		TYPE:WeaponCrystal

Demolition Crystal		TYPE:WeaponCrystal
Fiendslayer Crystal		TYPE:WeaponCrystal
Phoenix Ash Threat		TYPE:WeaponCrystal

Revelation Crystal		TYPE:WeaponCrystal
Truedeath Crystal			TYPE:WeaponCrystal
Withclight Reservoir		TYPE:WeaponCrystal


