# CVS $Revision: $ $Author: $ -- Thu Jul 10 13:59:32 2014 -- reformated by prettylst.pl v1.51 (build 24365)
#Magic Item Compendium

###Block: A
# Modifier Name		Unique Key			Type			Plus		Cost		Visible		Source Page		Required Type				Damage Reduction			Special Property													Bonus
Acidic			KEY:MIC_ACID		TYPE:Armor.Shield	PLUS:1			VISIBLE:QUALIFY	SOURCEPAGE:p.6	PRETYPE:3,Enhancement,Armor,Shield						SPROP:Acidic- Deals 2d4 acid damage to creatures grappling you.
Agility			KEY:MIC_AGIL		TYPE:Armor				COST:500	VISIBLE:QUALIFY	SOURCEPAGE:p.6	PRETYPE:2,Enhancement,Armor							SPROP:Agility - Gain +1 resistance bonus on Reflex saves.						BONUS:SAVE|BASE.Reflex|1|TYPE=Resistance
Agility (Greater)		KEY:MIC_AGIL_GRT		TYPE:Armor				COST:12500	VISIBLE:QUALIFY	SOURCEPAGE:p.6	PRETYPE:2,Enhancement,Armor							SPROP:Greater Agility - Gain +5 resistance bonus on Reflex saves.					BONUS:SAVE|BASE.Reflex|5|TYPE=Resistance
Agility (Improved)	KEY:MIC_AGIL_IMP		TYPE:Armor				COST:4500	VISIBLE:QUALIFY	SOURCEPAGE:p.6	PRETYPE:2,Enhancement,Armor							SPROP:Improved Agility - Gain +3 resistance bonus on Reflex saves.				BONUS:SAVE|BASE.Reflex|3|TYPE=Resistance
Anchoring			KEY:MIC_ANCHOR		TYPE:Armor.Shield	PLUS:1			VISIBLE:QUALIFY	SOURCEPAGE:p.6	PRETYPE:2,Enhancement,Armor,Shield						SPROP:+5 enhancement bonus to resist bull rush, overrun or trip attacks
Anchoring (Greater)	KEY:MIC_ANCHOR_GRT	TYPE:Armor.Shield	PLUS:2			VISIBLE:QUALIFY	SOURCEPAGE:p.6	PRETYPE:2,Enhancement,Armor,Shield						SPROP:+10 enhancement bonus to resist bull rush, overrun or trip attacks
Aporter			KEY:MIC_APORTER		TYPE:Armor.Shield			COST:20000	VISIBLE:QUALIFY	SOURCEPAGE:p.6	PRETYPE:2,Enhancement,Armor,Shield						SPROP:2/day Transport as dimension door 800 ft. to any place you can visualize or specify

#pg.7
Averter			KEY:MIC_AVERT		TYPE:Shield				COST:13000	VISIBLE:QUALIFY	SOURCEPAGE:p.7	PRETYPE:2,Enhancement,Shield							SPROP:3/day DC 14 Will save or opponent can't approach within 30 ft
Axeblock			KEY:MIC_AXEBLOCK		TYPE:Armor.Shield	PLUS:2			VISIBLE:QUALIFY	SOURCEPAGE:p.7	PRETYPE:3,Enhancement,Shield,Armor	DR:5/Bludgeoning or Piercing	SPROP:Gain DR:5/Bludgeoning or Piercing

###Block: B
# Modifier Name		Unique Key			Type			Plus		Cost		Visible		Source Page		Required Type			Bonus to skill					Special Property
Balance			KEY:MIC_BALANCE		TYPE:Armor				COST:3750	VISIBLE:QUALIFY	SOURCEPAGE:p.7	PRETYPE:2,Enhancement,Armor	BONUS:SKILL|Balance|5|TYPE=Competence	SPROP:+5 competence bonus to Balance check
Balance (Greater)		KEY:MIC_BALANCE_G		TYPE:Armor.Shield			COST:33750	VISIBLE:QUALIFY	SOURCEPAGE:p.7	PRETYPE:2,Enhancement,Armor	BONUS:SKILL|Balance|15|TYPE=Competence	SPROP:+15 competence bonus to Balance check
Balance (Improved)	KEY:MIC_BALANCE_I		TYPE:Armor.Shield			COST:15000	VISIBLE:QUALIFY	SOURCEPAGE:p.7	PRETYPE:2,Enhancement,Armor	BONUS:SKILL|Balance|10|TYPE=Competence	SPROP:+10 competence bonus to Balance check

Bane Blind			KEY:MIC_BANE_BLIND	TYPE:Armor				COST:15000	VISIBLE:QUALIFY	SOURCEPAGE:p.7	PRETYPE:2,Enhancement,Armor								SPROP:3/day effectively invisible to designated creature type for 10 rounds.
#needs types to be selectable
#

Beastskin			KEY:MIC_BEASTSKIN		TYPE:Armor		PLUS:2			VISIBLE:QUALIFY	SOURCEPAGE:p.7	PRETYPE:2,Enhancement,Armor								SPROP:If an extra wildshape use is expended, the armor transforms to fit your new form instead of merging
#pg. 8 picture
#pg.9

Blinking			KEY:MIC_BLINK		TYPE:Armor				COST:15000	VISIBLE:QUALIFY	SOURCEPAGE:p.9	PRETYPE:2,Enhancement,Armor								SPROP:1/day Blink as spell for 1 minute
Blueshine			KEY:MIC_BLUE		TYPE:Armor		PLUS:2			VISIBLE:QUALIFY	SOURCEPAGE:p.9	PRETYPE:2,Enhancement,Armor	BONUS:SKILL|Hide|2|TYPE=Competence		SPROP:Armor immune to acid damage and rusting; +2 competence bonus to Hide checks

Blurring			KEY:MIC_BLUR		TYPE:Armor		PLUS:1			VISIBLE:QUALIFY	SOURCEPAGE:p.9	PRETYPE:2,Enhancement,Armor								SPROP:3/day [swift] Blur as spell for 5 rounds
Blurring (Greater)	KEY:MIC_BLUR_G		TYPE:Armor		PLUS:3			VISIBLE:QUALIFY	SOURCEPAGE:p.9	PRETYPE:2,Enhancement,Armor								SPROP:At will [swift] Blur as spell for 10 minutes
Buoyant			KEY:MIC_BUOYANT		TYPE:Armor				COST:4000	VISIBLE:QUALIFY	SOURCEPAGE:p.9	PRETYPE:2,Enhancement,Armor	BONUS:SKILL|Swim|2|TYPE=Competence		SPROP:Armor is buoyant in liquids, negates armor check penalty for Swim checks; +2 competence bonus to Swim checks

###Block: C & D
# Modifier Name		Unique Key		Type			Plus		Cost		Visible		Source Page				Required Type				Bonus to skill									Modify VAR						Special Property																																																			Virtual Feat
Called			KEY:MIC_CALLED	TYPE:Armor.Shield			COST:2000	VISIBLE:QUALIFY	SOURCEPAGE:p.9			PRETYPE:3,Enhancement,Armor,Shield																			SPROP:Item appears equipped or next to you
Commander			KEY:MIC_COMMANDER	TYPE:Armor.Shield			COST:2000	VISIBLE:QUALIFY	SOURCEPAGE:p.9			PRETYPE:3,Enhancement,Armor,Shield	BONUS:SKILL|Diplomacy|2|TYPE=Competence	BONUS:SKILL|Hide|-5								SPROP:Item appears brilliant, granting +2 competence to Diplomacy and All Allies [except you] within 30 ft. gain a +1 morale bonus to Will saves; -5 penalty to Hide checks

Daylight			KEY:MIC_DAYLIGHT	TYPE:Armor.Shield			COST:3000	VISIBLE:QUALIFY	SOURCEPAGE:p.9			PRETYPE:3,Enhancement,Armor,Shield																			SPROP:[Swift] Item glows like a daylight spell for up to 30 minutes per day
Deathward			KEY:MIC_DEATHWARD	TYPE:Armor.Shield	PLUS:1	COST:0	VISIBLE:QUALIFY	SOURCEPAGE:p.10			PRETYPE:3,Enhancement,Armor,Shield																			SPROP:[Immediate] 1/day ignore any death effect

#	Deepdweller
#	Displacement
#	Dragondodger
#	Easy Travel
#	Ectoplasmic Feedback
#	PG.11
#	Ectoplasmic Wall
#	Energy Defense
#	Energy Immunity
#	Fearsome
#	Freedom
#	Ghostward
#	Gilled
#	PG.12
#	Hammerblock
#	Healing
#	Healing (Greater)
#	Heartening
#	Landing
#	Linked
#	Magic Eating
#	Manifester
#	Masking
#	PG.13
#	Menacing
#	Mindarmor
#	Mobility
#	Nimbleness
#	Quickness
#	Radiant
#	Ranged
#	PG.14
#	Retaliation
#	Roaring
#	Soulbound
#	Soulbound (Greater)
#	Spearblock
#	Speed
#	PG.15
#	Stamina
#	Stamina (Greater)
#	Stamina (Improved)
#	Styptic
#	Time Buttress
#	Twilight
#	Vanishing
#	Variable
#	Woodwalk


### WEAPONS ONLY:
Dispelling			KEY:DISPELLING	TYPE:Weapon		PLUS:1			VISIBLE:QUALIFY	SOURCEPAGE:p.33			PRETYPE:2,Enhancement,Weapon																				SPROP:Targeted Dispel Magic 3/day upon successful hit
Dispelling (Greater)	KEY:DISPELLING_G	TYPE:Weapon		PLUS:2			VISIBLE:QUALIFY	SOURCEPAGE:p.33			PRETYPE:2,Enhancement,Weapon																				SPROP:Targeted Greater Dispel Magic 3/day upon successful hit


Anarchic			KEY:CHAOS_M		TYPE:Weapon.Melee	PLUS:2			VISIBLE:QUALIFY	SOURCEPAGE:MagicItemsII.rtf	PRETYPE:3,Enhancement,Weapon,Melee												BONUS:VAR|NegLevels|1|PREALIGN:LG,LN,LE	SPROP:chaos-aligned,+2d6 chaotic damage vs. law,1 negative level bestowed to lawful wielder																																						VFEAT:Negative Levels
Hideaway			KEY:MIC_HIDEAWAY	TYPE:Weapon				COST:2000	VISIBLE:QUALIFY	SOURCEPAGE:p.36			PRETYPE:2,Enhancement,Weapon																				SPROP:[Swift] When activated, a hideaway weapon folds up into a bundle two size categories smaller than you, making is easy to conceal. You gain a +2 bonus on Sleight of Hand checks to conceal a hideaway weapon when it's folded up (as if it were a dagger). A second command word returns the weapon to it's shape.


###
#	Acidic Burst
#	Aquan
#	Aquatic
#	Arcane Might
#	Auran
#	Banishing
#	Pg.29
#	Berserker
#	Binding
#	Blessed
#	Blindsighted
#	Bloodfeeding
#	Bloodstone
#	Blurstrike
#	PG.30
#	Bodyfeeder
#	Brash
#	Brutal Surge
#	PG.31
#	Changeling
#	Chargebreaker
#	Charging
#	Collision
#	Consumptive
#	Corrosive
#	Cursespweing
#	PG.32
#	Deadly Precision
#	Defensive Surge
#	Desiccating
#	Desiccating Burst
#	Disarming
#	Dislocator
#	Dislocator (Great)
#	Dispelling (Exists above)
#	Dispelling (Greater)
#	Divine Wrath
#	Domineering
#	Doom Burst
#	Dragondoom
#	Dragonhunter
#	Eager
#	Energy Aura
#	Energy Surge
#	Enervating
#	Ethereal Reaver
#	Everbright
#	PG.35
#	Fiercebane
#	Fleshgrinding
#	Force
#	Ghost Strike
#	Harmonizing
#	PG.36
#	Heavenly Burst
#	Holy Surge
#	Hunting
#	Ignan
#	Illuminating
#	Illusion Bane
#	PG.37
#	Illusion Theft
#	Impact
#	Impaling
#	Impedance
#	Implacable
#	Incorporeal Binding
#	Knockback
#	Lucky
#	Magebane
#	Maiming
#	Manifester
#	Metalline
#	PG.39
#	Mighty Smiting
#	Mindcrusher
#	Mindfeeder
#	Morphing
#	Necrotic Focus
#	Paralytic Burst
#	Paralyzing
#	PG.40
#	Parrying
#	Power Storing
#	Precise
#	Prismatic Burst
#	Profane
#	Profane Burst
#	Psibane
#	Psychic
#	Psychokinetic
#	Psychokinetic Burst
#	Quick Loading
#	Resounding
#	Revealing
#	Sacred
#	Sacred Burst
#	Screaming
#	Screaming Burst
#	PG.43
#	Shadowstrike
#	Shattermantle
#	Shielding
#	Sizing
#	Slow Burst
#	Soulbound
#	Soulbound (Greater)
#	PG.44
#	Soulbreaker
#	Souldrinking
#	Spellstrike
#	Stunning
#	Stunning Surge
#	Stygian
#	Sundering
#	Sweeping
#	Terran
#	Transmuting
#	Unholy Surge
#	Vampiric
#	Vanishing
#	Venomous
#	PG.46
#	Warning
#	Weakening
#	Whirling


###Block: Armor Properties
# Modifier Name				Unique Key		Type			Plus		Cost		Visible		Source Page			Multiple Requirements												Required Type								Damage Reduction			Combat bonus					Add to base move			Bonus to skill											Modify VAR				Bonus Equipment Modifiers	Bonus Armor Modifiers								Special Property																																													Virtual Feat	Innate Spells									Bonus
Acidic					KEY:ACDC_A		TYPE:Armor.Shield	PLUS:1			VISIBLE:QUALIFY	SOURCEPAGE:6		PREMULT:2,[PRETYPE:1,Enhancement],[PRETYPE:1,Armor,Shield]																																																																			SPROP:armor releases an acidic coating doing 2d4 pts acid dmg/full round of contact
Agility					KEY:AGLTY		TYPE:Armor				COST:500	VISIBLE:QUALIFY	SOURCEPAGE:6																	PRETYPE:2,Enhancement,Armor																																																									SPROP:grants a +1 bonus on Reflex saves																																																							BONUS:SAVE|Reflex|1
Agility (Greater)				KEY:AGLTY_GRT	TYPE:Armor				COST:8000	VISIBLE:QUALIFY	SOURCEPAGE:6																	PRETYPE:3,Enhancement,Armor,EQMOD=AGLTY_IMP																																																						SPROP:grants a +5 bonus on Reflex saves																																																							BONUS:SAVE|Reflex|5
Agility (Improved)			KEY:AGLTY_IMP	TYPE:Armor				COST:4000	VISIBLE:QUALIFY	SOURCEPAGE:6																	PRETYPE:3,Enhancement,Armor,EQMOD=AGLTY																																																							SPROP:grants a +3 bonus on Reflex saves																																																							BONUS:SAVE|Reflex|3
Anchoring					KEY:ANCHR		TYPE:Armor		PLUS:1			VISIBLE:QUALIFY	SOURCEPAGE:6																	PRETYPE:2,Enhancement,Armor																																																									SPROP:grants a +5 bonus on bull rush, overrun, or trip attack resist rolls
Anchoring (Greater)			KEY:ANCHR_GRT	TYPE:Armor		PLUS:1			VISIBLE:QUALIFY	SOURCEPAGE:6																	PRETYPE:3,Enhancement,Armor,EQMOD=ANCHR																																																							SPROP:grants a +10 bonus on bull rush, overrun, or trip attack resist rolls
Anti-Impact					KEY:ANTIMPCT	TYPE:Armor				COST:2000	VISIBLE:QUALIFY	SOURCEPAGE:CmpWar 133																PRETYPE:2,Enhancement,Armor																																																									SPROP:this armor halves entire body bludgeoning damage (such as constriction and falling)
Aporter					KEY:APRTR		TYPE:Armor				COST:20000	VISIBLE:QUALIFY	SOURCEPAGE:6		PREMULT:2,[PRETYPE:1,Enhancement],[PRETYPE:1,Armor]																																																																																																																						SPELLS:Magic Item|TIMES=2|CASTERLEVEL=10|Dimension Door
Averter					KEY:AVRTR		TYPE:Shield				COST:13000	VISIBLE:QUALIFY	SOURCEPAGE:7		PREMULT:2,[PRETYPE:1,Enhancement],[PRETYPE:1,Shield]																																																																				SPROP:Has 3 charges/day. When activated all who can see the shield must make DC 14 Will saves or spend 3 rounds staying at least 30 ft from your shield.
Axeblock					KEY:AXBLK		TYPE:Armor.Shield	PLUS:2			VISIBLE:QUALIFY	SOURCEPAGE:7		PREMULT:2,[PRETYPE:1,Enhancement],[PRETYPE:1,Armor,Shield]																DR:5/bludgeoning or piercing
Balance					KEY:BLNC		TYPE:Armor				COST:3750	VISIBLE:QUALIFY	SOURCEPAGE:7		PREMULT:2,[PRETYPE:1,Enhancement],[PRETYPE:1,Armor]																																		BONUS:SKILL|Balance|5|TYPE=Competence
Balance (Greater)				KEY:BLNC_GRT	TYPE:Armor				COST:18750	VISIBLE:QUALIFY	SOURCEPAGE:7																	PRETYPE:3,Enhancement,Armor,EQMOD=BLNC_IMP																				BONUS:SKILL|Balance|15|TYPE=Competence
Balance (Improved)			KEY:BLNC_IMP	TYPE:Armor				COST:11250	VISIBLE:QUALIFY	SOURCEPAGE:7																	PRETYPE:3,Enhancement,Armor,EQMOD=BLNC																					BONUS:SKILL|Balance|10|TYPE=Competence
Bane Blind (Abberation)			KEY:BNBL_ABB	TYPE:Armor				COST:15000	VISIBLE:QUALIFY	SOURCEPAGE:7		PREMULT:2,[PRETYPE:1,Enhancement],[PRETYPE:1,Armor]																																																																				SPROP:Has 3 charges/day. When activated, the wearer is rendered imperceptible to the creature type. This effect lasts for 10 rounds or until you attack.
Bane Blind (Animal)			KEY:BNBL_ANM	TYPE:Armor				COST:15000	VISIBLE:QUALIFY	SOURCEPAGE:7		PREMULT:2,[PRETYPE:1,Enhancement],[PRETYPE:1,Armor]																																																																				SPROP:Has 3 charges/day. When activated, the wearer is rendered imperceptible to the creature type. This effect lasts for 10 rounds or until you attack.
Bane Blind (Construct)			KEY:BNBL_CNS	TYPE:Armor				COST:15000	VISIBLE:QUALIFY	SOURCEPAGE:7		PREMULT:2,[PRETYPE:1,Enhancement],[PRETYPE:1,Armor]																																																																				SPROP:Has 3 charges/day. When activated, the wearer is rendered imperceptible to the creature type. This effect lasts for 10 rounds or until you attack.
Bane Blind (Dragon)			KEY:BNBL_DRG	TYPE:Armor				COST:15000	VISIBLE:QUALIFY	SOURCEPAGE:7		PREMULT:2,[PRETYPE:1,Enhancement],[PRETYPE:1,Armor]																																																																				SPROP:Has 3 charges/day. When activated, the wearer is rendered imperceptible to the creature type. This effect lasts for 10 rounds or until you attack.
Bane Blind (Elemental)			KEY:BNBL_ELM	TYPE:Armor				COST:15000	VISIBLE:QUALIFY	SOURCEPAGE:7		PREMULT:2,[PRETYPE:1,Enhancement],[PRETYPE:1,Armor]																																																																				SPROP:Has 3 charges/day. When activated, the wearer is rendered imperceptible to the creature type. This effect lasts for 10 rounds or until you attack.
Bane Blind (Fey)				KEY:BNBL_FEY	TYPE:Armor				COST:15000	VISIBLE:QUALIFY	SOURCEPAGE:7		PREMULT:2,[PRETYPE:1,Enhancement],[PRETYPE:1,Armor]																																																																				SPROP:Has 3 charges/day. When activated, the wearer is rendered imperceptible to the creature type. This effect lasts for 10 rounds or until you attack.
Bane Blind (Giant)			KEY:BNBL_GIA	TYPE:Armor				COST:15000	VISIBLE:QUALIFY	SOURCEPAGE:7		PREMULT:2,[PRETYPE:1,Enhancement],[PRETYPE:1,Armor]																																																																				SPROP:Has 3 charges/day. When activated, the wearer is rendered imperceptible to the creature type. This effect lasts for 10 rounds or until you attack.
Bane Blind (Humanoid)			KEY:BNBL_HMD	TYPE:Armor				COST:15000	VISIBLE:QUALIFY	SOURCEPAGE:7		PREMULT:2,[PRETYPE:1,Enhancement],[PRETYPE:1,Armor]																																																																				SPROP:Has 3 charges/day. When activated, the wearer is rendered imperceptible to the creature type. This effect lasts for 10 rounds or until you attack.
Bane Blind (Magical Beast)		KEY:BNBL_MBS	TYPE:Armor				COST:15000	VISIBLE:QUALIFY	SOURCEPAGE:7		PREMULT:2,[PRETYPE:1,Enhancement],[PRETYPE:1,Armor]																																																																				SPROP:Has 3 charges/day. When activated, the wearer is rendered imperceptible to the creature type. This effect lasts for 10 rounds or until you attack.
Bane Blind (Monstrous Humanoid)	KEY:BNBL_MHM	TYPE:Armor				COST:15000	VISIBLE:QUALIFY	SOURCEPAGE:7		PREMULT:2,[PRETYPE:1,Enhancement],[PRETYPE:1,Armor]																																																																				SPROP:Has 3 charges/day. When activated, the wearer is rendered imperceptible to the creature type. This effect lasts for 10 rounds or until you attack.
Bane Blind (Ooze)				KEY:BNBL_OOZ	TYPE:Armor				COST:15000	VISIBLE:QUALIFY	SOURCEPAGE:7		PREMULT:2,[PRETYPE:1,Enhancement],[PRETYPE:1,Armor]																																																																				SPROP:Has 3 charges/day. When activated, the wearer is rendered imperceptible to the creature type. This effect lasts for 10 rounds or until you attack.
Bane Blind (Outsider (Chaotic))	KEY:BNBL_OTC	TYPE:Armor				COST:15000	VISIBLE:QUALIFY	SOURCEPAGE:7		PREMULT:2,[PRETYPE:1,Enhancement],[PRETYPE:1,Armor]																																																																				SPROP:Has 3 charges/day. When activated, the wearer is rendered imperceptible to the creature type. This effect lasts for 10 rounds or until you attack.
Bane Blind (Outsider (Lawful))	KEY:BNBL_OTL	TYPE:Armor				COST:15000	VISIBLE:QUALIFY	SOURCEPAGE:7		PREMULT:2,[PRETYPE:1,Enhancement],[PRETYPE:1,Armor]																																																																				SPROP:Has 3 charges/day. When activated, the wearer is rendered imperceptible to the creature type. This effect lasts for 10 rounds or until you attack.
Bane Blind (Outsider (Evil))		KEY:BNBL_OTE	TYPE:Armor				COST:15000	VISIBLE:QUALIFY	SOURCEPAGE:7		PREMULT:2,[PRETYPE:1,Enhancement],[PRETYPE:1,Armor]																																																																				SPROP:Has 3 charges/day. When activated, the wearer is rendered imperceptible to the creature type. This effect lasts for 10 rounds or until you attack.
Bane Blind (Outsider (Good))		KEY:BNBL_OTG	TYPE:Armor				COST:15000	VISIBLE:QUALIFY	SOURCEPAGE:7		PREMULT:2,[PRETYPE:1,Enhancement],[PRETYPE:1,Armor]																																																																				SPROP:Has 3 charges/day. When activated, the wearer is rendered imperceptible to the creature type. This effect lasts for 10 rounds or until you attack.
Bane Blind (Plant)			KEY:BNBL_PLN	TYPE:Armor				COST:15000	VISIBLE:QUALIFY	SOURCEPAGE:7		PREMULT:2,[PRETYPE:1,Enhancement],[PRETYPE:1,Armor]																																																																				SPROP:Has 3 charges/day. When activated, the wearer is rendered imperceptible to the creature type. This effect lasts for 10 rounds or until you attack.
Bane Blind (Undead)			KEY:BNBL_UND	TYPE:Armor				COST:15000	VISIBLE:QUALIFY	SOURCEPAGE:7		PREMULT:2,[PRETYPE:1,Enhancement],[PRETYPE:1,Armor]																																																																				SPROP:Has 3 charges/day. When activated, the wearer is rendered imperceptible to the creature type. This effect lasts for 10 rounds or until you attack.
Bane Blind (Vermin)			KEY:BNBL_VRM	TYPE:Armor				COST:15000	VISIBLE:QUALIFY	SOURCEPAGE:7		PREMULT:2,[PRETYPE:1,Enhancement],[PRETYPE:1,Armor]																																																																				SPROP:Has 3 charges/day. When activated, the wearer is rendered imperceptible to the creature type. This effect lasts for 10 rounds or until you attack.
Beastskin					KEY:BSTSKN		TYPE:Armor		PLUS:2			VISIBLE:QUALIFY	SOURCEPAGE:7		PREMULT:2,[PRETYPE:1,Enhancement],[PRETYPE:1,Armor]																																																																				SPROP:When you use your Wild Shape you may expend an extra use of Wild Shape to have your armor change with you to be worn by your new shape.
Blinking					KEY:BLNKNG		TYPE:Armor				COST:15000	VISIBLE:QUALIFY	SOURCEPAGE:9		PREMULT:2,[PRETYPE:1,Enhancement],[PRETYPE:1,Armor]																																																																				SPROP:grants the blink per the spell for 1 minute per day																																									SPELLS:Magic Item|TIMES=1|CASTERLEVEL=10|Blink
Blueshine					KEY:BLUSHN		TYPE:Armor				COST:1500	VISIBLE:QUALIFY	SOURCEPAGE:9		PREMULT:2,[PRETYPE:1,Enhancement],[PRETYPE:1,Armor]																																		BONUS:SKILL|Hide|2|TYPE=Competence
Blurring					KEY:BLRNG		TYPE:Armor		PLUS:1			VISIBLE:QUALIFY	SOURCEPAGE:9		PREMULT:2,[PRETYPE:1,Enhancement],[PRETYPE:1,Armor]																																																																				SPROP:grants the blur spell 3/day for 5 rounds each																																										SPELLS:Magic Item|TIMES=3|CASTERLEVEL=5|Blur
Blurring (Greater)			KEY:BLRNG_GRT	TYPE:Armor		PLUS:2			VISIBLE:QUALIFY	SOURCEPAGE:9																	PRETYPE:3,Enhancement,Armor,EQMOD=BLRNG																																																							SPROP:grants the blur spell at will for 10 minutes each																																									SPELLS:Magic Item|TIMES=ATWILL|CASTERLEVEL=12|Blur
Buffering					KEY:BUFFER		TYPE:Armor.Shield	PLUS:3			VISIBLE:QUALIFY	SOURCEPAGE:AaEG 92	PREMULT:2,[PRETYPE:1,Enhancement],[PRETYPE:1,Armor.Shield]																																																																			SPROP:This armor absorbs ability point or level drains up to its enhancement bonus per day. Additionally, it allows you to roll a save for 1/2 on those effects that normally would not allow them.
Buoyant					KEY:BYNT		TYPE:Armor				COST:4000	VISIBLE:QUALIFY	SOURCEPAGE:9		PREMULT:2,[PRETYPE:1,Enhancement],[PRETYPE:1,Armor]																																		BONUS:SKILL|Swim|2|TYPE=Competence	BONUS:SKILL|Swim|2*(ARMORACCHECK)																							SPROP:does not apply an armor check penalty to Swim checks and adds a +2 competence bonus
Called					KEY:CLLD		TYPE:Armor.Shield			COST:2000	VISIBLE:QUALIFY	SOURCEPAGE:9		PREMULT:2,[PRETYPE:1,Enhancement],[PRETYPE:1,Armor.Shield]																																																																			SPROP:this armor or shield will appear equipped on your body when called unless it is on a different plane
Commander					KEY:CMMNDR		TYPE:Armor.Shield			COST:2000	VISIBLE:QUALIFY	SOURCEPAGE:9		PREMULT:2,[PRETYPE:1,Enhancement],[PRETYPE:1,Armor.Shield]																																	BONUS:SKILL|Diplomacy|2|TYPE=Competence	BONUS:SKILL|Hide|-5|TYPE=Competence																						SPROP:all allies within 30-ft get a +1 morale bonus to Will saves
Daylight					KEY:DYLGHT		TYPE:Armor.Shield			COST:3000	VISIBLE:QUALIFY	SOURCEPAGE:9		PREMULT:2,[PRETYPE:1,Enhancement],[PRETYPE:1,Armor.Shield]																																																																			SPROP:will glow with a daylight spell for 30 minutes a day (need not be continuous)																																					SPELLS:Magic Item|TIMES=1|CASTERLEVEL=5|Daylight
Death Ward					KEY:DTHWRD		TYPE:Armor.Shield	PLUS:1			VISIBLE:QUALIFY	SOURCEPAGE:10		PREMULT:2,[PRETYPE:1,Enhancement],[PRETYPE:1,Armor.Shield]																																																																			SPROP:allows the user to ignore 1 death spell, death effect, energy drain, or negative energy effect per day
Deepdweller					KEY:DPDWLLR		TYPE:Armor				COST:12000	VISIBLE:QUALIFY	SOURCEPAGE:10		PREMULT:2,[PRETYPE:1,Enhancement],[PRETYPE:1,Armor]																																		BONUS:SKILL|Swim|2*(ARMORACCHECK)																													SPROP:allows you to breathe water, makes you immune to cold damage from water, and pressure, applies no armor check penalty to swim, doubles your underwater vision range, and allows you to speak with underwater creatures
Displacement				KEY:DSPLCMT		TYPE:Armor		PLUS:1			VISIBLE:QUALIFY	SOURCEPAGE:10		PREMULT:2,[PRETYPE:1,Enhancement],[PRETYPE:1,Armor]																																																																				SPROP:grants you the benefit of a displacement spell for 5 rounds 1/day
Distracting					KEY:DSTRCTNG	TYPE:Armor.Shield	PLUS:3			VISIBLE:QUALIFY	SOURCEPAGE:AaEG 93	PREMULT:2,[PRETYPE:1,Enhancement],[PRETYPE:1,Armor.Shield]																																																																			SPROP:This glows and shimmers hypnotically. Anyone in a melee with the user must make a Will save (DC 11) each round or be affected by the daze spell. 1/day the user can also activate a hypnotic pattern (DC 13).
Dragondodger				KEY:DRGNDGR		TYPE:Armor		PLUS:1			VISIBLE:QUALIFY	SOURCEPAGE:10		PREMULT:2,[PRETYPE:1,Enhancement],[PRETYPE:2,Armor,Light]																																																																			SPROP:grants the wearer the evasion ability with respect to breath weapons
Easy Travel					KEY:ESYTRVL		TYPE:Armor				COST:1500	VISIBLE:QUALIFY	SOURCEPAGE:10		PREMULT:2,[PRETYPE:1,Enhancement],[PRETYPE:1,Armor]																																																																				SPROP:allows you to carry a medium load without any penalty, additionally, you can walk for up 10 hours a day before needing a Constitution check to avoid nonlethal damage
Ectoplasmic Feedback			KEY:ECTFB		TYPE:Armor		PLUS:1			VISIBLE:QUALIFY	SOURCEPAGE:10		PREMULT:2,[PRETYPE:1,Enhancement],[PRETYPE:1,Armor]																																																																				SPROP:any incorporeal creature that attacks you takes 1d6 damage with no miss chance
Ectoplasmic Wall				KEY:ECTWLL		TYPE:Shield		PLUS:2			VISIBLE:QUALIFY	SOURCEPAGE:11		PREMULT:2,[PRETYPE:1,Enhancement],[PRETYPE:1,Shield]																																																																				SPROP:once/day you when you drop your shield you can create an ectoplasmic wall in up to 10 10-ft squares or a sphere or hemisphere with a 10 ft radius that will last up to 7 rounds or until you pick the shield up
Acid Defense				KEY:ACDDF		TYPE:Armor.Shield	PLUS:1			VISIBLE:QUALIFY	SOURCEPAGE:11		PREMULT:3,[PRETYPE:1,Enhancement],[PRETYPE:1,Armor,Shield],[PRETYPE:1,EQMOD=RST_ACD%]																																																														SPROP:Has 3 charges/day. When activated, the next melee attacker who hits you within 5 rounds takes 1d6+10 points acid damage.
Cold Defense				KEY:CLDDF		TYPE:Armor.Shield	PLUS:1			VISIBLE:QUALIFY	SOURCEPAGE:11		PREMULT:3,[PRETYPE:1,Enhancement],[PRETYPE:1,Armor,Shield],[PRETYPE:1,EQMOD=RST_CLD%]																																																														SPROP:Has 3 charges/day. When activated, the next melee attacker who hits you within 5 rounds takes 1d6+10 points cold damage.
Electricity Defense			KEY:ELEDF		TYPE:Armor.Shield	PLUS:1			VISIBLE:QUALIFY	SOURCEPAGE:11		PREMULT:3,[PRETYPE:1,Enhancement],[PRETYPE:1,Armor,Shield],[PRETYPE:1,EQMOD=RST_ELE%]																																																														SPROP:Has 3 charges/day. When activated, the next melee attacker who hits you within 5 rounds takes 1d6+10 points electricity damage.
Fire Defense				KEY:FR_DF		TYPE:Armor.Shield	PLUS:1			VISIBLE:QUALIFY	SOURCEPAGE:11		PREMULT:3,[PRETYPE:1,Enhancement],[PRETYPE:1,Armor,Shield],[PRETYPE:1,EQMOD=RST_FR%]																																																														SPROP:Has 3 charges/day. When activated, the next melee attacker who hits you within 5 rounds takes 1d6+10 points fire damage.
Sonic Defense				KEY:SNCDF		TYPE:Armor.Shield	PLUS:1			VISIBLE:QUALIFY	SOURCEPAGE:11		PREMULT:3,[PRETYPE:1,Enhancement],[PRETYPE:1,Armor,Shield],[PRETYPE:1,EQMOD=RST_SNC%]																																																														SPROP:Has 3 charges/day. When activated, the next melee attacker who hits you within 5 rounds takes 1d6+10 points sonic damage.
Energy Immunity				KEY:ENIMM		TYPE:Armor.Shield	PLUS:2			VISIBLE:QUALIFY	SOURCEPAGE:11		PREMULT:2,[PRETYPE:1,Enhancement],[PRETYPE:1,Armor.Shield]																																																																			SPROP:Provides 1 minute of immunity to the energy of your choice, 1/day
Fearsome					KEY:FRSM		TYPE:Armor.Shield			COST:15000	VISIBLE:QUALIFY	SOURCEPAGE:11		PREMULT:2,[PRETYPE:1,Enhancement],[PRETYPE:1,Armor.Shield]																																																																			SPROP:Has 3 charges/day. When activated all creatures in a 20-ft radius of you become panicked for 1 round, with a DC 16 Will save, they are shaken instead.
Feathered					KEY:FTHRED		TYPE:Armor.Shield	PLUS:2			VISIBLE:QUALIFY	SOURCEPAGE:AaEG 93	PREMULT:2,[PRETYPE:1,Enhancement],[PRETYPE:1,Armor.Shield]																																																																			SPROP:This armor or shield allows the user to fly up to 50 minutes per day as the fly spell.
Focused					KEY:FCSD		TYPE:Shield		PLUS:1			VISIBLE:QUALIFY	SOURCEPAGE:CmpAdv 127																PRETYPE:2,Enhancement,Shield																																																									SPROP:You receive a +10 circumstance bonus on your Sense Motive check to oppose a Bluff for a feint and have a +1 bonus to your AC from your shield when you are fighting only 1 opponent.
Forestwarden Shroud			KEY:FRSTWRD		TYPE:Armor				COST:100	VISIBLE:QUALIFY	SOURCEPAGE:RotW 167																PRETYPE:1,Armor																																											BONUS:EQM|WEIGHTADD|2													SPROP:This set of tunic and leggings can be added to negate penalties to Tumble and Move Silently checks from armor in forest terrain.
Freedom					KEY:FRDM		TYPE:Armor		PLUS:5			VISIBLE:QUALIFY	SOURCEPAGE:11																	PRETYPE:2,Enhancement,Armor																																																									SPROP:while wearing the armor, you benefit from a continuous freedom of movement spell.
Ghost Ward					KEY:GHSTWRD		TYPE:Armor		PLUS:1			VISIBLE:QUALIFY	SOURCEPAGE:11		PREMULT:2,[PRETYPE:1,Enhancement],[PRETYPE:1,Armor.Shield]																																																																			SPROP:allows the enhancement bonus of the armor to protect you from incorporeal touch attacks
Gilled					KEY:GLLD		TYPE:Armor				COST:6000	VISIBLE:QUALIFY	SOURCEPAGE:11		PREMULT:2,[PRETYPE:1,Enhancement],[PRETYPE:1,Armor]																																																																				SPROP:allows a water breather to breathe air normally
Hammerblock					KEY:HMRBLK		TYPE:Armor.Shield	PLUS:2			VISIBLE:QUALIFY	SOURCEPAGE:12		PREMULT:2,[PRETYPE:1,Enhancement],[PRETYPE:1,Armor.Shield]																DR:5/piercing or slashing
Healing					KEY:HLNG		TYPE:Armor				COST:8000	VISIBLE:QUALIFY	SOURCEPAGE:12		PREMULT:2,[PRETYPE:1,Enhancement],[PRETYPE:1,Armor]																																																																																																																						SPELLS:Magic Item|TIMES=1|CASTERLEVEL=5|Cure Moderate Wounds
Healing (Greater)				KEY:HLNG_GRT	TYPE:Armor				COST:24000	VISIBLE:QUALIFY	SOURCEPAGE:12																	PRETYPE:3,Enhancement,Armor,EQMOD=HLNG																																																																																																									SPELLS:Magic Item|TIMES=2|CASTERLEVEL=15|Cure Serious Wounds
Heartening					KEY:HRTNG		TYPE:Shield				COST:2000	VISIBLE:QUALIFY	SOURCEPAGE:12																	PRETYPE:2,Enhancement,Shield																																																									SPROP:Has 2 charges/day. When activated, grants you 5 temp hps for 5 minutes.
Landing					KEY:LNDNG		TYPE:Armor				COST:4000	VISIBLE:QUALIFY	SOURCEPAGE:12																	PRETYPE:2,Enhancement,Armor																																																									SPROP:grants you the benefit of a feather fall up to 60 ft, you may always land on your feet.
Linked					KEY:LNKD		TYPE:Armor.Shield			COST:6000	VISIBLE:QUALIFY	SOURCEPAGE:12		PREMULT:2,[PRETYPE:1,Enhancement],[PRETYPE:1,Armor,Shield]																																																																			SPROP:Has 3 charges/day. When activated allows a telepathic bond with anyone else wearing a linked item within 10 miles. The effects lasts for 1 hour.
Magic-Eating				KEY:MGCEAT		TYPE:Armor				COST:10000	VISIBLE:QUALIFY	SOURCEPAGE:12																	PRETYPE:2,Enhancement,Armor																																																									SPROP:Whenever you succeed on a save against a spell, the armor heals you of 1 point of damage per spell level absorbed.
#Manifester								KEY:MNFSTR		TYPE:Shield						COST:6000	VISIBLE:QUALIFY		SOURCEPAGE:12				PRETYPE:2,Enhancement,Shield																															SPROP:once per day, the shield will provide you up to 3 power points for activating a psionic power
Masking					KEY:MSKNG		TYPE:Armor				COST:40000	VISIBLE:QUALIFY	SOURCEPAGE:12																	PRETYPE:2,Enhancement,Armor																																																									SPROP:benefit from a continuous DC 25 nondetection spell
Menacing					KEY:MNCNG		TYPE:Armor				COST:3000	VISIBLE:QUALIFY	SOURCEPAGE:13																	PRETYPE:2,Enhancement,Armor																																																									SPROP:Has 3 charges/day. When activated, any one creatures within 30 ft with fewer hit dice than you must make a Will save (DC 10 + 1/2 your level + Charisma mod) or be panicked for 5 rounds. If he makes the check he is shaken for 1 round. Only usable 1/24 hours on any 1 subject.
Mindarmor (Lesser)			KEY:MNDARMR_L	TYPE:Armor.Shield			COST:3000	VISIBLE:QUALIFY	SOURCEPAGE:13																	PRETYPE:2,[PRETYPE:1,Enhancement],[PRETYPE:1,Armor,Shield]																																																				SPROP:Has 3 charges/day. Can be activated as an immediate action to add +5 to your Will save during the next turn.
Mobility					KEY:MBLTY		TYPE:Armor		PLUS:1			VISIBLE:QUALIFY	SOURCEPAGE:13		PREMULT:2,[PRETYPE:1,Enhancement],[PRETYPE:2,Armor,Light]																																																																																																																		VFEAT:Mobility
Nimbleness					KEY:NMBLNS		TYPE:Armor		PLUS:1			VISIBLE:QUALIFY	SOURCEPAGE:13																	PRETYPE:2,Enhancement,Armor																																														BONUS:EQMARMOR|ACCHECK|2|TYPE=Enhancement	BONUS:EQMARMOR|MAXDEX|1
Proof against Transmutation		KEY:PRFTRNS		TYPE:Armor		PLUS:5			VISIBLE:QUALIFY	SOURCEPAGE:CmpArc 142																PRETYPE:2,Enhancement,Armor																																																									SPROP:A character wearing this is immune to polymorph, petrification effects, and disintegration effects.
Quickness					KEY:QCKNSS		TYPE:Armor				COST:5000	VISIBLE:QUALIFY	SOURCEPAGE:13																	PRETYPE:2,Enhancement,Armor																		BONUS:MOVEADD|TYPE.Walk|5
#Radiant									KEY:RDNT			TYPE:Armor						PLUS:4		VISIBLE:QUALIFY		SOURCEPAGE:13				PRETYPE:2,Enhancement,Armor												ABILITY:Special Ability|AUTOMATIC|Resistance to Acid|Resistance To Cold|Resistance to Electricity|Resistance to Fire|Resistance to Sonic		BONUS:VAR|AcidResistanceBonus,ColdResistanceBonus,ElectricityResistanceBonus,FireResistanceBonus,SonicResistanceBonus|10	SPROP:Every time the suit absorbs damage, it emits emits light in a 30-ft radius
#Ranged									KEY:RNGD			TYPE:Shield						PLUS:1		VISIBLE:QUALIFY		SOURCEPAGE:13				PRETYPE:2,Enhancement,Shield																															SPROP:You may throw this shield with a 30 ft range increment. If a buckler or light, it will deal 1d6 damage, if heavy it will deal 1d8 damage. You add your Strength bonus to the damage. The shield will return back to you on your next turn. If you can not catch it, it lands at your feet.
Retaliation					KEY:RTLTN		TYPE:Armor		PLUS:2			VISIBLE:QUALIFY	SOURCEPAGE:14																	PRETYPE:2,Enhancement,Armor																																																									SPROP:Each time you take 10 or more points of melee damage, the armor deals 1d6 points of damage to the attacker. If the attack takes you under 0 hp, the attacker takes 3d6 damage. The damage is treated at magic for purposes of overcoming DR.
Roaring					KEY:RRNG		TYPE:Armor		PLUS:3			VISIBLE:QUALIFY	SOURCEPAGE:14																	PRETYPE:2,Enhancement,Armor											BONUS:COMBAT|INITIATIVE|4|TYPE=Competence																																								SPROP:When you are hit by a nonmagical ranged attack that does less then 10 pts damage, you take non and the attack is returned at the attacker.
Sacred					KEY:SACRED_A	TYPE:Armor.Shield	PLUS:2			VISIBLE:QUALIFY	SOURCEPAGE:AaEG 93	PREMULT:2,[PRETYPE:1,Enhancement],[PRETYPE:1,Armor.Shield]																																														BONUS:VAR|TurnLevelUndead|2																	SPROP:These are always dedicated to a particular deity. The wearer of the correct god receives a +2 to his level for turn checks.
#Soulbound								KEY:SLBND		TYPE:Armor.Shield				PLUS:1		VISIBLE:QUALIFY		SOURCEPAGE:14				PREMULT:1,[PRETYPE:1,Enhancement],[PRETYPE:1,Armor,Shield]																					SPROP:The item serves as a receptacle for your essentia. For every point invested in it, you gain an enhancement bonus to AC up to +3.
#Soulbound (Greater)					KEY:SLBND_GRT	TYPE:Armor.Shield
Spearblock					KEY:SPRBLCK		TYPE:Armor.Shield	PLUS:2			VISIBLE:QUALIFY	SOURCEPAGE:14		PREMULT:2,[PRETYPE:1,Enhancement],[PRETYPE:1,Armor,Shield]																DR:5/bludgeoning or slashing
Speed						KEY:SPEED_A		TYPE:Armor.Shield			COST:6000	VISIBLE:QUALIFY	SOURCEPAGE:14		PREMULT:2,[PRETYPE:1,Enhancement],[PRETYPE:1,Armor,Shield]																																																																			SPROP:Has 3 charges/day. When activated, you benefit from a 1 round haste spell.																																					SPELLS:Magic Item|TIMES=3|CASTERLEVEL=5|Haste
Stamina					KEY:STMNA		TYPE:Armor				COST:500	VISIBLE:QUALIFY	SOURCEPAGE:15																	PRETYPE:2,Enhancement,Armor																																																																																																																						BONUS:SAVE|Fortitude|1
Stamina (Greater)				KEY:STMNA_GRT	TYPE:Armor				COST:8000	VISIBLE:QUALIFY	SOURCEPAGE:15																	PRETYPE:3,Enhancement,Armor,EQMOD=STMNA_IMP																																																																																																																			BONUS:SAVE|Fortitude|5
Stamina (Improved)			KEY:STMNA_IMP	TYPE:Armor				COST:4000	VISIBLE:QUALIFY	SOURCEPAGE:15																	PRETYPE:3,Enhancement,Armor,EQMOD=STMNA																																																																																																																				BONUS:SAVE|Fortitude|3
Styptic					KEY:STYPTIC		TYPE:Armor		PLUS:1			VISIBLE:QUALIFY	SOURCEPAGE:15																	PRETYPE:2,Enhancement,Armor																																																									SPROP:You are immune to ongoing bloodloss. You have a 25%% resistance to Constitution draining attacks.
Thistledown Suit				KEY:THSTLDWN	TYPE:Armor				COST:250	VISIBLE:QUALIFY	SOURCEPAGE:RotW 168	PREMULT:1,[PRETYPE:2,Light,Metal],[PRETYPE:1,Medium,Heavy]						PRETYPE:1,Armor																																																BONUS:EQMARMOR|ACCHECK|-1	BONUS:EQMARMOR|SPELLFAILURE|-5
Time Buttress				KEY:TMBTTRSS	TYPE:Shield		PLUS:5			VISIBLE:QUALIFY	SOURCEPAGE:15																	PRETYPE:2,Enhancement,Shield																																																									SPROP:1/day you are immune to injury from any source for 1 full round.
Twilight					KEY:TWLGHT		TYPE:Armor		PLUS:1			VISIBLE:QUALIFY	SOURCEPAGE:15																	PRETYPE:2,Enhancement,Armor																																														BONUS:EQMARMOR|SPELLFAILURE|-10|TYPE=Enhancement
Vanishing					KEY:VNSHNG		TYPE:Armor.Shield	PLUS:3			VISIBLE:QUALIFY	SOURCEPAGE:15		PREMULT:2,[PRETYPE:1,Enhancement],[PRETYPE:1,Armor,Shield]																																																																			SPROP:Has 2 charges/day. When activated allows you to completely vanish to all nonmagical senses for 3 minutes or until you attack. Creatures immune to mind-affecting spells can perceive you normally.
Variable					KEY:VRBLE		TYPE:Shield		PLUS:1			VISIBLE:QUALIFY	SOURCEPAGE:15																	PRETYPE:2,Enhancement,Shield																																																									SPROP:A variable shield can change sizes from a buckler to a tower shield and all sizes between.
Woodwalk					KEY:WDWLK		TYPE:Armor				COST:9000	VISIBLE:QUALIFY	SOURCEPAGE:15																	PRETYPE:2,Enhancement,Armor																																																									SPROP:Has 3 charges/day. When activated you benefit from the tree stride spell for 1 round.
Wrapping					KEY:WRAPPING	TYPE:Shield		PLUS:1			VISIBLE:QUALIFY	SOURCEPAGE:AaEG 93																PRETYPE:2,Enhancement,Shield																																																									SPROP:With a shield bash, this shield will stick to the opponent. It can be released by the user with a command word or by pulled off (DC 20 STR check). While it's attached the victim and the wielder are both -5 ACP and -2 to attack rolls.

###Block: Charged items
# Modifier Name	Unique Key			Cost							Visible	Choose		Nb of Charges
Charges (7)		KEY:CHARGED_ITEM_7	COST:((BASECOST/7)*%CHARGES)-BASECOST	VISIBLE:NO	CHOOSE:NOCHOICE	CHARGES:1|7

###Block: Nephelium Material				TYPE
# Modifier Name		Unique Key		Type								Cost		Visible		Type granted				Keys to replace	Source Page		Required Type	Special Property
Nephelium			KEY:NEPHA		TYPE:BaseMaterial.MasterworkQaulity.Armor		COST:100	VISIBLE:QUALIFY	ITYPE:Metal.Nephelium.Masterwork	REPLACES:MWORKA	SOURCEPAGE:TSC 32	PRETYPE:1,Metal	SPROP:Transparent Iron
Nephelium			KEY:NEPHW		TYPE:BaseMaterial.MasterworkQaulity.Weapon	COST:100	VISIBLE:QUALIFY	ITYPE:Metal.Nephelium.Masterwork	REPLACES:MWORKW	SOURCEPAGE:TSC 32	PRETYPE:1,Metal	SPROP:Transparent Iron
Emerald Nephelium		KEY:NEPHA_EML	TYPE:BaseMaterial.MasterworkQaulity.Armor		COST:100	VISIBLE:QUALIFY	ITYPE:Metal.Nephelium.Masterwork	REPLACES:MWORKA	SOURCEPAGE:TSC 32	PRETYPE:1,Metal	SPROP:Translucent Green Iron
Emerald Nephelium		KEY:NEPHW_EML	TYPE:BaseMaterial.MasterworkQaulity.Weapon	COST:100	VISIBLE:QUALIFY	ITYPE:Metal.Nephelium.Masterwork	REPLACES:MWORKW	SOURCEPAGE:TSC 32	PRETYPE:1,Metal	SPROP:Translucent Green Iron
Ruby Nephelium		KEY:NEPHA_RUB	TYPE:BaseMaterial.MasterworkQaulity.Armor		COST:100	VISIBLE:QUALIFY	ITYPE:Metal.Nephelium.Masterwork	REPLACES:MWORKA	SOURCEPAGE:TSC 32	PRETYPE:1,Metal	SPROP:Translucent Red Iron
Ruby Nephelium		KEY:NEPHW_RUB	TYPE:BaseMaterial.MasterworkQaulity.Weapon	COST:100	VISIBLE:QUALIFY	ITYPE:Metal.Nephelium.Masterwork	REPLACES:MWORKW	SOURCEPAGE:TSC 32	PRETYPE:1,Metal	SPROP:Translucent Red Iron
Sapphire Nephelium	KEY:NEPHA_SPH	TYPE:BaseMaterial.MasterworkQaulity.Armor		COST:100	VISIBLE:QUALIFY	ITYPE:Metal.Nephelium.Masterwork	REPLACES:MWORKA	SOURCEPAGE:TSC 32	PRETYPE:1,Metal	SPROP:Translucent Blue Iron
Sapphire Nephelium	KEY:NEPHW_SPH	TYPE:BaseMaterial.MasterworkQaulity.Weapon	COST:100	VISIBLE:QUALIFY	ITYPE:Metal.Nephelium.Masterwork	REPLACES:MWORKW	SOURCEPAGE:TSC 32	PRETYPE:1,Metal	SPROP:Translucent Blue Iron

###Block: Starmetal Material
# Modifier Name	Unique Key			Type								Cost		Visible		Type granted				Keys to replace	Source Page			Required Type		Damage Reduction	Bonus Armor Modifiers				Weapon prop. bonus				Special Property																		Apply to both heads
Starmetal		KEY:STARMTL_ARMR_LT	TYPE:BaseMaterial.MasterworkQuality.Armor		COST:5000	VISIBLE:QUALIFY	ITYPE:Metal.Starmetal.Masterwork	REPLACES:MWORKA	SOURCEPAGE:CmpArc 141	PRETYPE:2,Metal,Light	DR:1/-		BONUS:EQMARMOR|ACCHECK|1|TYPE=Enhancement								SPROP:40hp/inch and 20 hardness															ASSIGNTOALL:NO
Starmetal		KEY:STARMTL_ARMR_MED	TYPE:BaseMaterial.MasterworkQuality.Armor		COST:10000	VISIBLE:QUALIFY	ITYPE:Metal.Starmetal.Masterwork	REPLACES:MWORKA	SOURCEPAGE:CmpArc 141	PRETYPE:2,Metal,Medium	DR:2/-		BONUS:EQMARMOR|ACCHECK|1|TYPE=Enhancement								SPROP:40hp/inch and 20 hardness															ASSIGNTOALL:NO
Starmetal		KEY:STARMTL_ARMR_HVY	TYPE:BaseMaterial.MasterworkQuality.Armor		COST:15000	VISIBLE:QUALIFY	ITYPE:Metal.Starmetal.Masterwork	REPLACES:MWORKA	SOURCEPAGE:CmpArc 141	PRETYPE:2,Metal,Heavy	DR:3/-		BONUS:EQMARMOR|ACCHECK|1|TYPE=Enhancement								SPROP:40hp/inch and 20 hardness															ASSIGNTOALL:NO
Starmetal		KEY:STARMTL_SHLD		TYPE:BaseMaterial.MasterworkQuality.Shield	COST:2000	VISIBLE:QUALIFY	ITYPE:Metal.Starmetal.Masterwork	REPLACES:MWORKA	SOURCEPAGE:CmpArc 141	PRETYPE:1,Metal																			SPROP:40hp/inch and 20 hardness															ASSIGNTOALL:NO
Starmetal		KEY:STARMTL_WEAP		TYPE:BaseMaterial.MasterworkQuality.Weapon	COST:5000	VISIBLE:QUALIFY	ITYPE:Metal.Starmetal.Masterwork	REPLACES:MWORKW	SOURCEPAGE:CmpArc 141	PRETYPE:1,Metal												BONUS:WEAPON|TOHIT|1|TYPE=Enhancement	SPROP:Ignore 20 hardness and deals an extra 1d6 points of damage to any extraplanar creatures on the Material Plane	ASSIGNTOALL:NO

###Block: Wildwood Material
# Modifier Name	Unique Key			Type							Cost				Visible		Type granted					Keys to replace	Source Page			Required Type		Combat bonus			Bonus Equipment Modifiers				Bonus Armor Modifiers																			Special Property
Wildwood		KEY:WLDWD_ARMR_LT		TYPE:BaseMaterial.MasterworkQuality.Armor	COST:(BASECOST+300)	VISIBLE:QUALIFY	ITYPE:Wood.Nonmetal.Wildwood.Masterwork	REPLACES:MWORKA	SOURCEPAGE:RotW 168	PRETYPE:2,Metal,Light	BONUS:COMBAT|AC|-1|TYPE=Armor	BONUS:EQM|WEIGHTMULT|0.75|TYPE=Enhancement	BONUS:EQMARMOR|MAXDEX|1|TYPE=Enhancement	BONUS:EQMARMOR|ACCHECK|1|TYPE=Enhancement	BONUS:EQMARMOR|SPELLFAILURE|5|TYPE=Enhancement	SPROP:The wearer suffers no ACP to Hide checks in areas of undergrowth or heavy undergrowth. It has 10 hp/inch and hardness 6. It heals 1 hp/day if allowed at least 1 hour of sunlight.
Wildwood		KEY:WLDWD_ARMR_MED	TYPE:BaseMaterial.MasterworkQuality.Armor	COST:(BASECOST+300)	VISIBLE:QUALIFY	ITYPE:Wood.Nonmetal.Wildwood.Masterwork	REPLACES:MWORKA	SOURCEPAGE:RotW 168	PRETYPE:2,Metal,Medium	BONUS:COMBAT|AC|-1|TYPE=Armor	BONUS:EQM|WEIGHTMULT|0.75|TYPE=Enhancement	BONUS:EQMARMOR|MAXDEX|1|TYPE=Enhancement	BONUS:EQMARMOR|ACCHECK|1|TYPE=Enhancement	BONUS:EQMARMOR|SPELLFAILURE|5|TYPE=Enhancement	SPROP:The wearer suffers no ACP to Hide checks in areas of undergrowth or heavy undergrowth. It has 10 hp/inch and hardness 6. It heals 1 hp/day if allowed at least 1 hour of sunlight.
Wildwood		KEY:WLDWD_ARMR_HVY	TYPE:BaseMaterial.MasterworkQuality.Armor	COST:(BASECOST+300)	VISIBLE:QUALIFY	ITYPE:Wood.Nonmetal.Wildwood.Masterwork	REPLACES:MWORKA	SOURCEPAGE:RotW 168	PRETYPE:2,Metal,Heavy	BONUS:COMBAT|AC|-1|TYPE=Armor	BONUS:EQM|WEIGHTMULT|0.75|TYPE=Enhancement	BONUS:EQMARMOR|MAXDEX|1|TYPE=Enhancement	BONUS:EQMARMOR|ACCHECK|1|TYPE=Enhancement	BONUS:EQMARMOR|SPELLFAILURE|5|TYPE=Enhancement	SPROP:The wearer suffers no ACP to Hide checks in areas of undergrowth or heavy undergrowth. It has 10 hp/inch and hardness 6. It heals 1 hp/day if allowed at least 1 hour of sunlight.

###Block: Weapon Properties
###Block:Weapon/Armor abilities
# Modifier Name		Unique Key		Type					Plus		Cost		Visible		Type granted	Source Page			Multiple Requirements												Required Type							Combat bonus					Bonus to skill						Modify VAR								Bonus Weapon Modifiers							Weapon prop. bonus	Special Property																																																											Ability								Virtual Feat				Bonus
Acid Burst			KEY:ACDBRST		TYPE:Weapon				PLUS:1			VISIBLE:QUALIFY				SOURCEPAGE:28		PREMULT:2,[PRETYPE:3,Enhancement,EQMOD=CRRSV,Weapon],[PRETYPE:1,Melee,Ranged,Thrown]																																																SPROP:A weapon with this property does extra acid damage on a critical hit (1d10 for a x2 crit, 2d10 for a x3 crit, 3d10 for a x4 crit). Ranged weapons bestow this property to ammunition.
Aquan				KEY:AQUAN		TYPE:Weapon				PLUS:2			VISIBLE:QUALIFY				SOURCEPAGE:28		PREMULT:2,[PRETYPE:2,Enhancement,Weapon],[PRETYPE:1,Melee,Ranged,Thrown]																											BONUS:VAR|NegLevels|1|PRERACE:1,RACESUBTYPE=Fire															SPROP:Aquan-aligned, +2d6 damage vs. fire creatures,1 negative level bestowed to fire wielder																																														ABILITY:Special Ability|AUTOMATIC|Negative Levels
Aquatic			KEY:AQTIC		TYPE:Weapon						COST:2000	VISIBLE:QUALIFY				SOURCEPAGE:28		PREMULT:2,[PRETYPE:2,Enhancement,Weapon],[PRETYPE:1,Melee,Ranged,Thrown]																																																		SPROP:Wielder benefits from a continuous freedom of movement spell while underwater.
Arcane Might		KEY:ARCNMGHT	TYPE:Weapon.Ranged		PLUS:1			VISIBLE:QUALIFY				SOURCEPAGE:28		PREMULT:2,[PRETYPE:2,Enhancement,Weapon],[PRETYPE:1,Longbow,Shortbow]																																																			SPROP:A bow with this property, allows the wielder to sacrifice a spell slot and add the spell level to the damage of the next shot.
Auran				KEY:AURAN		TYPE:Weapon				PLUS:2			VISIBLE:QUALIFY				SOURCEPAGE:28		PREMULT:2,[PRETYPE:2,Enhancement,Weapon],[PRETYPE:1,Melee,Ranged,Thrown]																											BONUS:VAR|NegLevels|1|PRERACE:1,RACESUBTYPE=Earth															SPROP:Auran-aligned, +2d6 damage vs. earth creatures,1 negative level bestowed to earth wielder																																														ABILITY:Special Ability|AUTOMATIC|Negative Levels
Bane (shapechanger)	KEY:BANE_SHP	TYPE:Weapon.Melee.Thrown	PLUS:1			VISIBLE:QUALIFY				SOURCEPAGE:AaEG 112																PRETYPE:2,Enhancement,Weapon	PRETYPE:1,Melee,Thrown																																							SPROP:+2 enhancement bonus and does +2d6 bonus damage vs. shapechangers.
Banishing			KEY:BNSHNG		TYPE:Weapon				PLUS:2			VISIBLE:QUALIFY				SOURCEPAGE:28		PREMULT:2,[PRETYPE:2,Enhancement,Weapon],[PRETYPE:1,Melee,Ranged,Thrown]																																																		SPROP:Has 3 charges/day, performs a DC 20 banishment spell on a struck outsider. The DC gets modified by 2 up/down for each property present/not present called for.
Berserker			KEY:BRSRKR		TYPE:Weapon.Melee.TwoHanded	PLUS:1			VISIBLE:QUALIFY				SOURCEPAGE:29																	PRETYPE:4,Enhancement,Weapon,Melee,TwoHanded																																								SPROP:The weapon deals an extra 1d8 damage on any hit while you are raging.
Binding			KEY:BINDING		TYPE:Weapon				PLUS:1			VISIBLE:QUALIFY				SOURCEPAGE:29		PREMULT:2,[PRETYPE:2,Enhancement,Weapon],[PRETYPE:1,Melee,Ranged,Thrown]																																																		SPROP:Has 2 charges/day, when activated the next creature hit is affected by the dimensional anchor spell for 10 minutes.
Blessed			KEY:BLESSED		TYPE:Weapon				PLUS:1			VISIBLE:QUALIFY				SOURCEPAGE:29		PREMULT:2,[PRETYPE:2,Enhancement,Weapon],[PRETYPE:1,Melee,Ranged,Thrown]																																																		SPROP:Is good-aligned, has 3 charges/day that automatically confirm all critical hits in 1 round.
Blood Seeking		KEY:BLDSKNG		TYPE:Weapon.Ranged		PLUS:1			VISIBLE:QUALIFY				SOURCEPAGE:CmpWar 134																PRETYPE:3,Enhancement,Weapon,Ranged																																										SPROP:Ammunition fired from this weapon flies around corners or cover to hit the target aimed at. Any AC benefit from cover is negated, but concealment miss chances still apply.
Blindsighted		KEY:BLNDSGHT	TYPE:Weapon				PLUS:2			VISIBLE:QUALIFY				SOURCEPAGE:29		PREMULT:2,[PRETYPE:2,Enhancement,Weapon],[PRETYPE:1,Melee,Ranged,Thrown]																																																		SPROP:Grants the wielder Blindsight for 1 minute 3/day, based on sound and fails in a silenced area.
Bloodfeeding		KEY:BLDFDNG		TYPE:Weapon.Melee			PLUS:1			VISIBLE:QUALIFY				SOURCEPAGE:29																	PRETYPE:3,Enhancement,Weapon,Melee																																										SPROP:With each hit on a living target, the blade stores 1 blood point (up to 10). For each point spent (max 5), the blade does 2 extra points of damage.
Bloodstone			KEY:BLDSTN		TYPE:Weapon.Melee			PLUS:1			VISIBLE:QUALIFY				SOURCEPAGE:29																	PRETYPE:3,Enhancement,Weapon,Melee																																										SPROP:The blade may spell store 1 vampiric touch spell.
Blurstrike			KEY:BLRSTRK		TYPE:Weapon.Melee			PLUS:2			VISIBLE:QUALIFY				SOURCEPAGE:29																	PRETYPE:3,Enhancement,Weapon,Melee																																										SPROP:Has 10 charges/day, when activated the 1st creature you hit (in that round) is considered flat-footed unless it doesn't rely on sight for combat.
Bodyfeeder			KEY:BDYFEEDR	TYPE:Weapon.Melee			PLUS:3			VISIBLE:QUALIFY				SOURCEPAGE:30																	PRETYPE:3,Enhancement,Weapon,Melee																																										SPROP:On a critical hit, this weapon returns 1/2 the damage dealt to the wielder as temporary hit points. These last 1 minute and don't stack with hp from any other source.
Brash				KEY:BRASH		TYPE:Weapon.Melee			PLUS:1			VISIBLE:QUALIFY				SOURCEPAGE:30																	PRETYPE:3,Enhancement,Weapon,Melee																			BONUS:VAR|RageDuration|3																																																																																ABILITY:Special Ability|AUTOMATIC|Immunity To Fear
Brutal Surge		KEY:BRTLSRGE	TYPE:Weapon.Melee			PLUS:1			VISIBLE:QUALIFY				SOURCEPAGE:30																	PRETYPE:3,Enhancement,Weapon,Melee																																										SPROP:Has 1+your CON mod charges/day, when activated on a hit, the weapon does a bull rush (add +2 to your check if the weapon is two-handed) and pushes the target as far as possible without the wielder moving.
Changeling			KEY:CHNGLNG		TYPE:Weapon.Melee.Piercing			COST:2000	VISIBLE:QUALIFY				SOURCEPAGE:31																	PRETYPE:3,Enhancement,Weapon,Spear																																										SPROP:1/round this spear can change to any other spear length and appear to be composed of any combination of materials (though the actual properties do not change).
Chargebreaker		KEY:CRGBRKR		TYPE:Weapon.Melee			PLUS:1			VISIBLE:QUALIFY				SOURCEPAGE:31																	PRETYPE:3,Enhancement,Weapon,Melee																																										SPROP:Any charging creature hit by this weapon must make a DC 14 Fortitude save or be knocked prone.
Charging			KEY:CHRGNG		TYPE:Weapon.Melee			PLUS:1			VISIBLE:QUALIFY				SOURCEPAGE:31																	PRETYPE:3,Enhancement,Weapon,Melee																																										SPROP:When mounted and wielding this weapon, you deal an extra 2d6 points of damage on a charge attack.
Clouting			KEY:CLOUTING	TYPE:Weapon.Melee			PLUS:3			VISIBLE:QUALIFY				SOURCEPAGE:CmpArc 143	PREMULT:2,[PRETYPE:2,Enhancement,Weapon],[PRETYPE:1,Melee,Ranged,Thrown]																																																		SPROP:On any successful hit, the target must make a DC 19 Fort save or be knocked back 10 feet (landing prone if such movement is impossible). If the first save fails, a second save is required or the target is stunned for 1 round.
Collision			KEY:CLLSN		TYPE:Weapon.Melee			PLUS:2			VISIBLE:QUALIFY				SOURCEPAGE:31		PREMULT:2,[PRETYPE:2,Enhancement,Weapon],[PRETYPE:1,Melee,Ranged,Thrown]																																														BONUS:WEAPON|DAMAGE|5
Consumptive			KEY:CNSMPTV		TYPE:Weapon.Melee			PLUS:2			VISIBLE:QUALIFY				SOURCEPAGE:31		PREMULT:2,[PRETYPE:2,Enhancement,Weapon],[PRETYPE:1,Melee,Ranged,Thrown]																																																		SPROP:Activated/deactivated at will to do an extra 1d8 negative energy damage with each successful hit.
Corrosive			KEY:CRRSV		TYPE:Weapon				PLUS:1			VISIBLE:QUALIFY				SOURCEPAGE:31		PREMULT:2,[PRETYPE:2,Enhancement,Weapon],[PRETYPE:1,Melee,Ranged,Thrown]																																																		SPROP:Activated/deactivated at will to do an extra 1d6 acid damage with each hit.
Cursespewing		KEY:CRSSPWNG	TYPE:Weapon				PLUS:3			VISIBLE:QUALIFY				SOURCEPAGE:31		PREMULT:2,[PRETYPE:2,Enhancement,Weapon],[PRETYPE:1,Melee,Thrown]																																																				SPROP:On a critical hit, this weapon bestows a curse imposing -4 penalty on attack rolls, saves, skill checks, and ability checks for 1 minute. Multiple strikes are not cumulative.
Deadly Precision		KEY:DDLYPRCSN	TYPE:Weapon				PLUS:1			VISIBLE:QUALIFY				SOURCEPAGE:32		PREMULT:2,[PRETYPE:2,Enhancement,Weapon],[PRETYPE:1,Melee,Ranged,Thrown]																																																		SPROP:This weapon adds 1d6 to your sneak attack or sudden strike dice if you have them.
Defensive Surge		KEY:DFNSVSRG	TYPE:Weapon.Melee			PLUS:1			VISIBLE:QUALIFY				SOURCEPAGE:32																	PRETYPE:3,Enhancement,Weapon,Melee																																										SPROP:Has 1+your INT mod charges/day. When activated in a round in which you use Combat Expertise, it adds +2 to your AC bonus until the start of your next turn.
Deflecting			KEY:DFLCTNG		TYPE:Weapon.Melee			PLUS:1			VISIBLE:QUALIFY				SOURCEPAGE:CmpWar 134																PRETYPE:3,Enhancement,Weapon,Melee																																										SPROP:If this weapon is your size or larger, you may use it to deflect 1 ranged attack that would have hit you in each round if you are not flat footed or held by making a Reflex DC 20 (+ any enhancement bonus from the weapon that fired it) save.
Desiccating			KEY:DSCCTNG		TYPE:Weapon				PLUS:1			VISIBLE:QUALIFY				SOURCEPAGE:32		PREMULT:2,[PRETYPE:2,Enhancement,Weapon],[PRETYPE:1,Melee,Ranged,Thrown]																																																		SPROP:This weapon does 1d4 points of damage to living creatures (or 1d8 against plants or creatures with the water subtype).
Desiccating Burst		KEY:DSCTNGBRST	TYPE:Weapon				PLUS:1			VISIBLE:QUALIFY				SOURCEPAGE:32		PREMULT:2,[PRETYPE:3,Enhancement,EQMOD=DSCCTNG,Weapon],[PRETYPE:1,Melee,Ranged,Thrown]																																																SPROP:On a critical hit, this weapon deals an extra 1d8 damage to a normal living creature or 2d8 to a plant or creature with water subtype (assuming x2 CRIT, 2d8/4d8 for x3, 3d8/6d8 for x4). Additionally, the hit creature is fatigued for 8 hours or until they rehydrate with at least 1 gallon of water.
Disarming			KEY:DSRMNG		TYPE:Weapon				PLUS:2			VISIBLE:QUALIFY				SOURCEPAGE:32		PREMULT:2,[PRETYPE:2,Enhancement,Weapon],[PRETYPE:1,Melee,Ranged,Thrown]																																																		SPROP:This weapon grants you a +2 bonus on disarm attempts, additionally, you cannot be disarmed.
Dislocator			KEY:DSLCTR		TYPE:Weapon				PLUS:1			VISIBLE:QUALIFY				SOURCEPAGE:32		PREMULT:2,[PRETYPE:2,Enhancement,Weapon],[PRETYPE:1,Melee,Ranged,Thrown]																																																		SPROP:Has 3 charges/day. When activated, the hit creature must make a DC 17 Will save or be teleported up to 10 ft in the direction of your choice. The destination must be unoccupied.
Dislocator (Greater)	KEY:DSLCTR_GRT	TYPE:Weapon				PLUS:1			VISIBLE:QUALIFY				SOURCEPAGE:33		PREMULT:2,[PRETYPE:3,Enhancement,EQMOD=DSLCTR,Weapon],[PRETYPE:1,Melee,Ranged,Thrown]																																																SPROP:Has 3 charges/day. When activated, the hit creature must make a DC 20 Will save or be teleported up to 30 ft in the direction of your choice. The destination must be unoccupied.
Dispelling			KEY:DSPLNG		TYPE:Weapon				PLUS:1			VISIBLE:QUALIFY				SOURCEPAGE:33		PREMULT:2,[PRETYPE:2,Enhancement,Weapon],[PRETYPE:1,Melee,Ranged,Thrown]																																																		SPROP:Has 3 charges/day. When activated, you do a targeted dispel magic on a hit as a Level 5 caster.
Dispelling (Greater)	KEY:DSPLNG_GRT	TYPE:Weapon				PLUS:1			VISIBLE:QUALIFY				SOURCEPAGE:33		PREMULT:2,[PRETYPE:3,Enhancement,EQMOD=DSPLNG,Weapon],[PRETYPE:1,Melee,Ranged,Thrown]																																																SPROP:Has 3 charges/day. When activated, you do a targeted greater dispel magic on a hit as a Level 15 caster.
Divine Wrath		KEY:DVNWRTH		TYPE:Weapon				PLUS:1			VISIBLE:QUALIFY				SOURCEPAGE:33		PREMULT:2,[PRETYPE:2,Enhancement,Weapon],[PRETYPE:1,Melee,Ranged,Thrown]																																																		SPROP:Allows you to expend a turn attempt to do an extra 1d6/CHA mod point on a strike to an undead creature.
Domineering			KEY:DMNRNG		TYPE:Weapon				PLUS:2			VISIBLE:QUALIFY				SOURCEPAGE:33		PREMULT:2,[PRETYPE:2,Enhancement,Weapon],[PRETYPE:1,Melee,Ranged,Thrown]																																																		SPROP:Any creature struck becomes shaken for 1 minute (Will DC 16 negates). This does not stack with any other fear effect.
Doom Burst			KEY:DMBRST		TYPE:Weapon				PLUS:2			VISIBLE:QUALIFY				SOURCEPAGE:33		PREMULT:2,[PRETYPE:2,Enhancement,Weapon],[PRETYPE:1,Melee,Ranged,Thrown]																																																		SPROP:On a critical hit, the creature is shaken (no save) for 5 rounds. This works even if the creature is immune to critical hits (but not immune to fear). This does not stack with other fear effects.
Dragondoom			KEY:DRGNDM		TYPE:Weapon.Melee			PLUS:1			VISIBLE:QUALIFY				SOURCEPAGE:33																	PRETYPE:3,Enhancement,Weapon,Melee																																										SPROP:Has 3 charges/day. Allows you to do a Smite attack against any Large (or larger) creature with the Dragon subtype. The smite damage is +1d6/size category above Medium.
Dragonhunter		KEY:DRGNHNTR	TYPE:Weapon.Ranged		PLUS:1			VISIBLE:QUALIFY				SOURCEPAGE:33																	PRETYPE:3,Enhancement,Weapon,Ranged																																										SPROP:Does 1 point of STR damage to a creature with the Dragon subtype on a Critical Hit and boosts the weapon's critical multiplier by x1 for that creature.
Eager				KEY:EAGER		TYPE:Weapon.Melee			PLUS:1			VISIBLE:QUALIFY				SOURCEPAGE:34																	PRETYPE:3,Enhancement,Weapon,Melee				BONUS:COMBAT|INITIATIVE|2																																		SPROP:This weapon can be drawn as a free action and does +2 damage for all hits during a surprise round and the 1st regular round of combat.
Energy Aura			KEY:ENRGYARA	TYPE:Weapon				PLUS:2			VISIBLE:QUALIFY				SOURCEPAGE:34		PREMULT:2,[PRETYPE:2,Enhancement,Weapon],[PRETYPE:1,Melee,Ranged,Thrown]																																																		SPROP:Activated/deactivated at will to add 1d6 damage of your chosen energy type (acid, cold, electricity, or fire). The damage type remains the same until it is reactivated.
Energy Surge		KEY:ENRGYSRG	TYPE:Weapon				PLUS:1			VISIBLE:QUALIFY				SOURCEPAGE:34		PREMULT:2,[PRETYPE:3,Enhancement,EQMOD=ENRGYARA,Weapon],[PRETYPE:1,Melee,Ranged,Thrown]																																																SPROP:Has 1+your CON mod charges/day. When activated it can do an extra 3d6 damage on a successful hit of the chosen energy type.
Enervating			KEY:ENRVTNG		TYPE:Weapon				PLUS:2			VISIBLE:QUALIFY				SOURCEPAGE:34		PREMULT:2,[PRETYPE:2,Enhancement,Weapon],[PRETYPE:1,Melee,Ranged,Thrown]																																																		SPROP:When you score a critical hit against a living creature, this weapon bestows 1 negative level that lasts 1 hour after which it vanishes presuming the victim survived.
Ethereal Reaver		KEY:ETHRLRVR	TYPE:Weapon.Melee			PLUS:3			VISIBLE:QUALIFY				SOURCEPAGE:34																	PRETYPE:3,Enhancement,Weapon,Melee																																										SPROP:The weapon has the ghost touch ability and gives you the ability to see invisibility as long as you hold it.
Everbright			KEY:EVRBRGHT	TYPE:Weapon						COST:2000	VISIBLE:QUALIFY				SOURCEPAGE:34		PREMULT:2,[PRETYPE:2,Enhancement,Weapon],[PRETYPE:1,Melee,Ranged,Thrown]																																																		SPROP:Has 2 charges/day. When activated flashes with a bright light and blinds all creatures within 20 ft of you for 1 round (Reflex DC 14 negates).
Exit Wound			KEY:EXITWND		TYPE:Weapon.Ranged		PLUS:2			VISIBLE:QUALIFY				SOURCEPAGE:CmpWar 134																PRETYPE:3,Enhancement,Weapon,Ranged				BONUS:COMBAT|DAMAGE|1d6																																			SPROP:In addition to doing extra damage, ammunition fired from this weapon continues in a straight line passing through the original target allowing you to roll an attack roll against any other targets on the line with a +4 AC bonus for each additional target past the first. The projectile stops if it hits an object, a wall, or at the end of the normal range.
Explosive			KEY:EXPLOSIV_M	TYPE:Weapon.Melee			PLUS:2			VISIBLE:QUALIFY				SOURCEPAGE:CmpWar 134																PRETYPE:3,Enhancement,Weapon,Melee																																										SPROP:With each successful hit, this weapon does and extra 2d4 points of explosive damage to all creatures within 5-ft. of the original target (Reflex DC 15 for half).
Explosive			KEY:EXPLOSIV_R	TYPE:Weapon.Ranged		PLUS:3			VISIBLE:QUALIFY				SOURCEPAGE:CmpWar 134																PRETYPE:3,Enhancement,Weapon,Melee																																										SPROP:With each successful hit, this weapon does and extra 2d4 points of explosive damage to all creatures within 5-ft. of the original target (Reflex DC 15 for half).
Fiercebane			KEY:FRCBANE		TYPE:Weapon				PLUS:1			VISIBLE:QUALIFY				SOURCEPAGE:35		PREMULT:2,[PRETYPE:2,Enhancement,Weapon],[PRETYPE:1,EQMOD=BANE_M,EQMOD=BANE_R]																																																	SPROP:A fiercebane weapon glows within 60 ft of its designated enemy. In addition on a successful critical hit, it does extra damage. (1d10 for x2 crit, 2d10 for x3 crit, 3d10 for x4 crit).
Fleshgrinding		KEY:FLSHGRND	TYPE:Weapon.Piercing.Slashing	PLUS:2			VISIBLE:QUALIFY				SOURCEPAGE:35																	PRETYPE:3,Enhancement,Weapon,Melee																																										SPROP:The weapon activates after a normal hit. If you let go of the weapon it animates and stays in the wound automatically rerolling your normal damage each round for 5 rounds or until the target dies or someone pulls the weapon free with a DC 20 Strength check. Assuming no one holds it, the weapon magically returns directly to your hand.
Force				KEY:FORCE		TYPE:Weapon.Ranged		PLUS:2			VISIBLE:QUALIFY				SOURCEPAGE:35																	PRETYPE:3,Enhancement,Weapon,Ranged																																										SPROP:Ammo shot from this weapon automatically overcomes damage reduction and suffers no miss chance against incorporeal targets but don't dammage creatures immune to force effects.
Ghost Strike		KEY:GHSTSTR		TYPE:Weapon.Melee			PLUS:1			VISIBLE:QUALIFY				SOURCEPAGE:35																	PRETYPE:3,Enhancement,Weapon,EQMOD=GHOST_M																																								SPROP:Undead creatures can be effected by critical hits and sneak attacks from this weapon.
Harmonizing			KEY:HRMNZNG		TYPE:Weapon.Melee			PLUS:1			VISIBLE:QUALIFY				SOURCEPAGE:35																	PRETYPE:3,Enhancement,Weapon,Melee											BONUS:SKILL|Perform (Sing)|2|TYPE=Competence																								SPROP:The weapon will continue a bardic music effect for you for up to 10 rounds.
Heavenly Burst		KEY:HVNLYBRST	TYPE:Weapon				PLUS:1			VISIBLE:QUALIFY				SOURCEPAGE:36		PREMULT:2,[PRETYPE:2,Enhancement,Weapon],[PRETYPE:1,Melee,Ranged,Thrown]																																																		SPROP:On a critical hit of an evil creature, the weapon discharges a radiance dealing 3d6 damage and blinding the target for 1 round (DC 14 Fortitude save resists blindness).
Hideaway			KEY:HIDEAWAY	TYPE:Weapon						COST:2000	VISIBLE:QUALIFY				SOURCEPAGE:36		PREMULT:2,[PRETYPE:2,Enhancement,Weapon],[PRETYPE:1,Melee,Ranged,Thrown]																																																		SPROP:When activated, this weapon folds up to 2 size categories smaller then usual giving you +2 to Sleight of Hand checks to conceal it.
Holy Surge			KEY:HLYSRG		TYPE:Weapon.Melee			PLUS:1			VISIBLE:QUALIFY				SOURCEPAGE:36																	PRETYPE:4,Enhancement,Weapon,Melee,EQMOD=HOLY_M																																								SPROP:Has 1+your CHA mod charges/day. When activated while hitting an evil creature this weapon deals an extra 3d6 damage. If used against a non-evil creature, no additional damage is done and the use is wasted.
Hunting			KEY:HUNTING		TYPE:Weapon				PLUS:1			VISIBLE:QUALIFY				SOURCEPAGE:36		PREMULT:2,[PRETYPE:2,Enhancement,Weapon],[PRETYPE:1,Melee,Ranged,Thrown]																																																		SPROP:This weapon increases your damage against your favored enemies by +4.
Ignan				KEY:IGNAN		TYPE:Weapon				PLUS:2			VISIBLE:QUALIFY				SOURCEPAGE:36		PREMULT:2,[PRETYPE:2,Enhancement,Weapon],[PRETYPE:1,Melee,Ranged,Thrown]																											BONUS:VAR|NegLevels|1|PRERACE:1,RACESUBTYPE=Water															SPROP:Fire-aligned, +2d6 damage vs. water creatures,1 negative level bestowed to water wielder																																														ABILITY:Special Ability|AUTOMATIC|Negative Levels
Illuminating		KEY:ILLMNTNG	TYPE:Weapon						COST:500	VISIBLE:QUALIFY				SOURCEPAGE:36		PREMULT:2,[PRETYPE:2,Enhancement,Weapon],[PRETYPE:1,Melee,Ranged,Thrown]																																																		SPROP:When drawn, this weapon glows with a pure white light, illuminating a 20-ft-radius and illuminating a shadowy 20-ft beyond that.
Illusion Bane		KEY:ILLSNBN		TYPE:Weapon				PLUS:1			VISIBLE:QUALIFY				SOURCEPAGE:36		PREMULT:2,[PRETYPE:2,Enhancement,Weapon],[PRETYPE:1,Melee,Ranged,Thrown]																																																		SPROP:Ignores miss chances from illusion spells. 1/day it can be activated to destroy an illusion. When hitting a creature or an illusion effect you make a dispel check (1d20+10 vs. the illusion).
Illusion Theft		KEY:ILLSNTHF	TYPE:Weapon				PLUS:2			VISIBLE:QUALIFY				SOURCEPAGE:37		PREMULT:2,[PRETYPE:3,Enhancement,Weapon,EQMOD=ILLSNBN],[PRETYPE:1,Melee,Ranged,Thrown]																																																SPROP:This weapon allows you to steal beneficial effects of disrupted illusions by storing them like the spell storing property. Stored spells may only be illusions.
Impact			KEY:IMPACT		TYPE:Weapon.Bludgeoning		PLUS:1			VISIBLE:QUALIFY				SOURCEPAGE:37																	PRETYPE:3,Enhancement,Weapon,Bludgeoning																											BONUS:EQMWEAPON|CRITRANGEDOUBLE|1|TYPE=NonStackingCrit					SPROP:This weapon has double the normal threat range.
Impaling			KEY:IMPALE		TYPE:Weapon.Piercing.Melee	PLUS:1			VISIBLE:QUALIFY				SOURCEPAGE:37																	PRETYPE:4,Enhancement,Weapon,Piercing,Melee																																								SPROP:Has 3 charges/day. When activated, you next attack is made as a touch attack.
Impedance			KEY:IMPEDNC		TYPE:Weapon				PLUS:2			VISIBLE:QUALIFY				SOURCEPAGE:37		PREMULT:2,[PRETYPE:2,Enhancement,Weapon],[PRETYPE:1,Melee,Ranged,Thrown]																																																		SPROP:When you strike a creature, the target is unable to use spells or spell-like abilities for 1d6 rounds unless they succeed on a Spellcraft or Spell Attribute check vs DC 15+Spell Level.
Implacable			KEY:IMPLCBL		TYPE:Weapon				PLUS:3			VISIBLE:QUALIFY				SOURCEPAGE:37		PREMULT:2,[PRETYPE:2,Enhancement,Weapon],[PRETYPE:1,Melee,Ranged,Thrown]																																																		SPROP:Wounds dealt by this weapon continue bleeding doing 2 points of damage/round for 5 rounds on the wielder's damage. Bleeding can be stopped by a DC 15 Heal check or any healing spell (though a DC 15 caster level checks is still required). This weapon counts as adamantine for overcomming DR against aberrations.
Incorporeal Binding	KEY:INCRPLBND	TYPE:Weapon.Melee			PLUS:1			VISIBLE:QUALIFY				SOURCEPAGE:38																	PRETYPE:3,Enhancement,Weapon,EQMOD=GHOST_M																																								SPROP:Any incorporeal creature struck by this weapon loses its miss chance and chance to ignore spells for 1 round.
Last Resort			KEY:LASTRSRT	TYPE:Weapon.Melee			PLUS:1			VISIBLE:QUALIFY				SOURCEPAGE:CmpWar 135																PRETYPE:3,Enhancement,Weapon,Melee																																										SPROP:The wielder of this weapon takes no penatly for using it in a grapple. It also does an extra 1d6 pts of damage for each size category the target is larger than you.
Knockback			KEY:KNCKBACK	TYPE:Weapon				PLUS:1			VISIBLE:QUALIFY				SOURCEPAGE:38		PREMULT:2,[PRETYPE:2,Enhancement,Weapon],[PRETYPE:1,Melee,Ranged,Thrown]																																																		SPROP:Has 3 charges/day. When activated a struck creature must succeed on a DC 19 Fortitude save or be knocked back 5 ft.
#Lucky							Included in the Psionic SRD
Magebane			KEY:MAGEBANE	TYPE:Weapon				PLUS:1			VISIBLE:QUALIFY				SOURCEPAGE:38		PREMULT:2,[PRETYPE:2,Enhancement,Weapon],[PRETYPE:1,Melee,Ranged,Thrown]																																																		SPROP:This weapon's bonus is an additional +2 vs. spell casters and spell users, additionally it does an extra 2d6 damage against them.
Maiming			KEY:MAIMING		TYPE:Weapon				PLUS:1			VISIBLE:QUALIFY				SOURCEPAGE:38		PREMULT:2,[PRETYPE:2,Enhancement,Weapon],[PRETYPE:1,Melee,Ranged,Thrown]																																																		SPROP:On a critical hit, this weapon deals extra damage based on its crit multiplier. (1d6 for x2, 2d6 for x3, 3d6 for x4).
#Manifester						Included in the Psionic SRD
Metalline			KEY:MTLLNE		TYPE:Weapon				PLUS:2			VISIBLE:QUALIFY				SOURCEPAGE:38		PREMULT:2,[PRETYPE:2,Enhancement,Weapon],[PRETYPE:1,Melee,Ranged,Thrown]																																																		SPROP:As a standard action, this weapon can change composition between adamantine, alchemical silver, cold iron, or steel.
Mighty Smiting		KEY:MTYSMITE	TYPE:Weapon.Melee			PLUS:1			VISIBLE:QUALIFY				SOURCEPAGE:39																	PRETYPE:3,Enhancement,Weapon,Melee																																										SPROP:If you have the smiting ability, this adds and extra +2 bonus to your attack and damage rolls. It also gives you 1 more use of smite/day.
#Mindcrusher					Included in the Psionic SRD
#Mindfeeder						Included in the Psionic SRD
Morphing			KEY:MORPHING	TYPE:Weapon.Melee.Thrown	PLUS:1			VISIBLE:QUALIFY				SOURCEPAGE:39		PREMULT:2,[PRETYPE:2,Enhancement,Weapon],[PRETYPE:1,Melee,Thrown]																																																				SPROP:You can reshape this weapon into any other sort of melee weapon as a standard action.
Necrotic Focus		KEY:NCRTCFCS	TYPE:Weapon.Melee			PLUS:3			VISIBLE:QUALIFY				SOURCEPAGE:39																	PRETYPE:3,Enhancement,Weapon,Melee																																										SPROP:This weapon allows the wielder to use an energy drain attack that would normally only be usable via an unarmed attack. Additionally, the weapons enhancement bonus becomes added to the save DC for the energy drain.
Paralytic Burst		KEY:PRLYTCBRST	TYPE:Weapon				PLUS:2			VISIBLE:QUALIFY				SOURCEPAGE:39		PREMULT:2,[PRETYPE:2,Enhancement,Weapon],[PRETYPE:1,Melee,Ranged,Thrown]																																																		SPROP:When you make a critical hit, the target must make a Will save DC 17 or be paralyzed for 1 round.
Paralyzing			KEY:PRLYZNG		TYPE:Weapon.Melee			PLUS:1			VISIBLE:QUALIFY				SOURCEPAGE:39																	PRETYPE:3,Enhancement,Weapon,Melee																																										SPROP:Has 1 charge/day. When activated, the next creature struck must make a Will save DC 17 or be paralyzed. The paralysis lasts 10 rounds, though the target gets a new save each round until it succeeds and the effect ends.
Parrying			KEY:PRRYNG		TYPE:Weapon				PLUS:2			VISIBLE:QUALIFY				SOURCEPAGE:40		PREMULT:2,[PRETYPE:2,Enhancement,Weapon],[PRETYPE:1,Melee,Ranged,Thrown]												BONUS:COMBAT|AC|1|TYPE=Insight																																																																																																													BONUS:SAVE|Fortitude,Reflex,Will|1|TYPE=Insight
#Power Storing					Included in the Psionic SRD
Precise			KEY:PRECISE		TYPE:Weapon.Ranged.Thrown	PLUS:1			VISIBLE:QUALIFY				SOURCEPAGE:40		PREMULT:2,[PRETYPE:2,Enhancement,Weapon],[PRETYPE:1,Ranged,Thrown]																																																																																																																									VFEAT:Precise Shot
Prismatic Burst		KEY:PRSMBRST	TYPE:Weapon						COST:30000	VISIBLE:QUALIFY				SOURCEPAGE:40		PREMULT:2,[PRETYPE:2,Enhancement,Weapon],[PRETYPE:1,Melee,Ranged,Thrown]																																																		SPROP:This weapon activates a prismatic spray spell with a DC 20 save on a critical hit.
Profane			KEY:PROFANE		TYPE:Weapon				PLUS:1			VISIBLE:QUALIFY				SOURCEPAGE:40		PREMULT:2,[PRETYPE:2,Enhancement,Weapon],[PRETYPE:1,Melee,Ranged,Thrown]																																																		SPROP:Is evil-aligned. You take 1 point of CON damage/round while holding the weapon if active. While active it deals 1d6 points extra damage to any living creature struck, and 2d6 to good outsiders.
Profane Burst		KEY:PRFNBRST	TYPE:Weapon				PLUS:1			VISIBLE:QUALIFY				SOURCEPAGE:40		PREMULT:2,[PRETYPE:3,Enhancement,Weapon,EQMOD=PROFANE],[PRETYPE:1,Melee,Ranged,Thrown]																																																SPROP:The weapon bursts negative energy on a critical hit dealing +1d10 (for x2 crit), +2d10 (for x3 crit), +3d10 for (x4 crit) and double for good aligned outsiders. Unless you have no CON score, you take 1d4 CON damage from the burst.
#Psibane							Included in the Psionic SRD
#Psychic							Included in the Psionic SRD
#Psychokinetic					Included in the Psionic SRD
#Psychokinetic Burst			Included in the Psionic SRD
Quick Loading		KEY:QCKLOAD		TYPE:Weapon.Ranged		PLUS:1			VISIBLE:QUALIFY				SOURCEPAGE:41																	PRETYPE:3,Enhancement,Weapon,Crossbow																																									SPROP:A hand or light crossbow may be reloaded as a free action, a heavy crossbow as a move action if it has this property.
Resounding			KEY:RSNDNG		TYPE:Weapon.Melee			PLUS:1			VISIBLE:QUALIFY				SOURCEPAGE:42																	PRETYPE:3,Enhancement,Weapon,Melee																																										SPROP:Each successful hit produces a ring giving you and your allies within 30 ft a +1 morale bonus on attack rolls and saves vs. fear for 1 round.
Revealing			KEY:REVEALNG	TYPE:Weapon				PLUS:1			VISIBLE:QUALIFY				SOURCEPAGE:42		PREMULT:2,[PRETYPE:2,Enhancement,Weapon],[PRETYPE:1,Melee,Ranged,Thrown]																																																		SPROP:Any opponent struck by this weapon is affected by the faerie fire spell for 1 round.
Sacred			KEY:SACRED		TYPE:Weapon				PLUS:1			VISIBLE:QUALIFY				SOURCEPAGE:42		PREMULT:2,[PRETYPE:2,Enhancement,Weapon],[PRETYPE:1,Melee,Ranged,Thrown]																																																		SPROP:Good aligned, While active this weapon deals 1d6 points of damage to any undead or 2d6 to evil outsiders. If you are undead you take 1 point of CHA damage/round while it is active.
Sacred Burst		KEY:SCRDBRST	TYPE:Weapon				PLUS:1			VISIBLE:QUALIFY				SOURCEPAGE:42		PREMULT:2,[PRETYPE:3,Enhancement,Weapon,EQMOD=SACRED],[PRETYPE:1,Melee,Ranged,Thrown]																																																SPROP:The weapon bursts positive energy on a critical hit dealing +1d10 (for x2 crit), +2d10 (for x3 crit), +3d10 for (x4 crit) to undead and double for evil aligned outsiders. If you are Undead, you take 1d4 CHA damage from the burst.
Screaming			KEY:SCREAMNG	TYPE:Weapon				PLUS:1			VISIBLE:QUALIFY				SOURCEPAGE:42		PREMULT:2,[PRETYPE:2,Enhancement,Weapon],[PRETYPE:1,Melee,Ranged,Thrown]																																																		SPROP:This weapon deals an extra 1d4 points of sonic damage on each hit if active. Can be turned on/off at will as a standard action.
Screaming Burst		KEY:SCRMBRST	TYPE:Weapon				PLUS:1			VISIBLE:QUALIFY				SOURCEPAGE:42		PREMULT:2,[PRETYPE:3,Enhancement,Weapon,EQMOD=SCREAMNG],[PRETYPE:1,Melee,Ranged,Thrown]																																																SPROP:The weapon bursts sonic energy on a critical hit dealing +1d8 (for x2 crit), +2d8 (for x3 crit), +3d8 for (x4 crit).
Shadowstrike		KEY:SHDWSTRK	TYPE:Weapon						COST:5000	VISIBLE:QUALIFY				SOURCEPAGE:43		PREMULT:2,[PRETYPE:2,Enhancement,Weapon],[PRETYPE:1,Melee,Ranged,Thrown]																																																		SPROP:1/day you may activate the weapon to add 5 ft of reach for a single attack. The target is denied its Dex bonus to AC for this attack.
Shattermantle		KEY:SHTTRMTL	TYPE:Weapon				PLUS:1			VISIBLE:QUALIFY				SOURCEPAGE:43		PREMULT:2,[PRETYPE:2,Enhancement,Weapon],[PRETYPE:1,Melee,Ranged,Thrown]																																																		SPROP:With each hit this weapon reduces a foes spell resistance by 2 pts for the duration of the round.
Shielding			KEY:SHLDNG		TYPE:Weapon.Light.Melee		PLUS:1			VISIBLE:QUALIFY				SOURCEPAGE:43																	PRETYPE:4,Enhancement,Weapon,Melee,Light																																									SPROP:A shielding weapon can be transformed into a heavy steel shield with the same enhancement bonus as the weapon.
Sizing			KEY:SIZING		TYPE:Weapon						COST:5000	VISIBLE:QUALIFY				SOURCEPAGE:43		PREMULT:2,[PRETYPE:2,Enhancement,Weapon],[PRETYPE:1,Melee,Ranged,Thrown]																																																		SPROP:This weapon can be resized to any category you desire.
Skillful			KEY:SKLLFL		TYPE:Weapon.Melee			PLUS:2			VISIBLE:QUALIFY	ITYPE:Simple	SOURCEPAGE:CmpArc 144																PRETYPE:3,Enhancement,Weapon,Melee				BONUS:COMBAT|TOHIT|max(((TL*3/4)-BAB),0)																																SPROP:You are automatically proficient with this weapon and your BAB with it improves to 3/4 of your total level.																																																				VFEAT:Simple Weapon Proficiency
Slow Burst			KEY:SLOWBRST	TYPE:Weapon						COST:5000	VISIBLE:QUALIFY				SOURCEPAGE:43		PREMULT:2,[PRETYPE:2,Enhancement,Weapon],[PRETYPE:1,Melee,Ranged,Thrown]																																																		SPROP:This weapon casts a 3round slow spell on a critical hit with a DC 14 Will save. This effect works even on subjects immune to critical hits.
#Soulbound						KEY:SLBOUND		TYPE:Weapon								PLUS:1		VISIBLE:QUALIFY	SOURCEPAGE:43				PREMULT:2,[PRETYPE:2,Enhancement,Weapon],[PRETYPE:1,Melee,Ranged,Thrown]																															SPROP:The weapon serves as a receptacle for essentia. Every point invested in it improves the weapon, up to a +3 bonus. More effects if the weapon is bound to a chakra
#Soulbound (Greater)			KEY:SLBND_GRT	TYPE:Weapon								PLUS:2		VISIBLE:QUALIFY	SOURCEPAGE:43				PREMULT:2,[PRETYPE:3,Enhancement,Weapon,EQMOD=SLBOUND],[PRETYPE:1,Melee,Ranged,Thrown]																											SPROP:As the soulbound weapon but with a capacity of 4 instead of 2, allowing the weapon to have a max bonus of +5.
Soulbreaker			KEY:SLBRKR		TYPE:Weapon				PLUS:1			VISIBLE:QUALIFY				SOURCEPAGE:44		PREMULT:2,[PRETYPE:3,Enhancement,Weapon,EQMOD=ENRVTNG],[PRETYPE:1,Melee,Ranged,Thrown]																																																SPROP:The negative levels instilled by this weapon's enervating property don't fade after an hour, but require the DC 18 Fort save after 24 hours or they become permanent.
Souldrinking		KEY:SLDRNKNG	TYPE:Weapon.Melee			PLUS:1			VISIBLE:QUALIFY				SOURCEPAGE:44																	PRETYPE:4,Enhancement,Weapon,EQMOD=ENRVTNG,Melee																																							SPROP:On a critical hit, this weapon grants you 5 temporary hps and a +2 morale bonus on melee damage. Both effects last for 10 minutes.
Spellstrike			KEY:SPLLSTRK	TYPE:Weapon				PLUS:1			VISIBLE:QUALIFY				SOURCEPAGE:44		PREMULT:2,[PRETYPE:2,Enhancement,Weapon],[PRETYPE:1,Melee,Ranged,Thrown]																																																		SPROP:This weapon allows you to transfer some or all of its enhancement bonus to your saving throws. The transfer is a free action and needs to be repeated each round.
Stunning			KEY:STUNNING	TYPE:Weapon				PLUS:1			VISIBLE:QUALIFY				SOURCEPAGE:44		PREMULT:2,[PRETYPE:3,Enhancement,Weapon,EQMOD=SCREAMNG],[PRETYPE:1,Melee,Ranged,Thrown]																																																SPROP:On a critical hit, the target must succeed on a DC 17 Fortitude save or be stunned for 1 round.
Stunning Surge		KEY:STNNG_SRG	TYPE:Weapon				PLUS:1			VISIBLE:QUALIFY				SOURCEPAGE:44		PREMULT:2,[PRETYPE:2,Enhancement,Weapon],[PRETYPE:1,Melee,Ranged,Thrown]																																																		SPROP:Has 1+your CHA mod charges/day. When activated on a hit, the target must make a Fortitude save (DC 10 + your level/2 + CHA mod) or be stunned for 1 round.
Stygian			KEY:STYGIAN		TYPE:Weapon				PLUS:1			VISIBLE:QUALIFY				SOURCEPAGE:44		PREMULT:2,[PRETYPE:2,Enhancement,Weapon],[PRETYPE:1,Melee,Ranged,Thrown]																																																		SPROP:Has 3 charges/day. When activated it bestows a negative level for 10 minutes onto the struck target. This cannot become a permanent level loss.
Sundering			KEY:SNDRING		TYPE:Weapon.Melee			PLUS:1			VISIBLE:QUALIFY				SOURCEPAGE:44																	PRETYPE:3,Enhancement,Weapon,Melee																																										SPROP:Adds 1d6 to your sundering damage.																																																																VFEAT:Improved Sunder
Sweeping			KEY:SWEEPNG		TYPE:Weapon.Melee			PLUS:1			VISIBLE:QUALIFY				SOURCEPAGE:44																	PRETYPE:3,Enhancement,Weapon,Melee																																										SPROP:This weapon grants you a +2 competence bonus to Strength checks for tripping.
Terran			KEY:TERRAN		TYPE:Weapon				PLUS:2			VISIBLE:QUALIFY				SOURCEPAGE:45		PREMULT:2,[PRETYPE:2,Enhancement,Weapon],[PRETYPE:1,Melee,Ranged,Thrown]																											BONUS:VAR|NegLevels|1|PRERACE:1,RACESUBTYPE=Air																SPROP:Terran-aligned, +2d6 damage vs. air creatures,1 negative level bestowed to air wielder																																														ABILITY:Special Ability|AUTOMATIC|Negative Levels
Transmuting			KEY:TRNSMTNG	TYPE:Weapon				PLUS:2			VISIBLE:QUALIFY				SOURCEPAGE:45		PREMULT:2,[PRETYPE:2,Enhancement,Weapon],[PRETYPE:1,Melee,Ranged,Thrown]																																																		SPROP:Activates on hitting a creature with DR and changes its composition for the next 10 rounds to overcome the DR. This effect gets overriden if you strike a creature with a 2nd type of DR.
Unholy Surge		KEY:UNHLYSRG	TYPE:Weapon.Melee			PLUS:1			VISIBLE:QUALIFY				SOURCEPAGE:45																	PRETYPE:4,Enhancement,Weapon,Melee,EQMOD=UNHLY_M																																							SPROP:Has 1+your CHA mod charges/day. When activated while hitting a good creature this weapon deals an extra 3d6 damage. If used against a non-good creature, no additional damage is done and the use is wasted.
Vampiric			KEY:VAMPIRIC	TYPE:Weapon.Melee			PLUS:2			VISIBLE:QUALIFY				SOURCEPAGE:45																	PRETYPE:3,Enhancement,Weapon,Melee																																										SPROP:This weapon deals an extra 1d6 damage to any living creature hit and heals you those points.
Vanishing			KEY:VANISHNG	TYPE:Weapon.Melee					COST:8000	VISIBLE:QUALIFY				SOURCEPAGE:45																	PRETYPE:3,Enhancement,Weapon,Melee																																										SPROP:1/day after a successful hit, you may teleport yourself and your gear up to 60 ft. This effect has the other limitations of the dimension door spell.
Venomous			KEY:VENOMOUS	TYPE:Weapon.Melee			PLUS:1			VISIBLE:QUALIFY				SOURCEPAGE:45		PREMULT:2,[PRETYPE:2,Enhancement,Weapon],[PRETYPE:1,Melee,Ranged,Thrown]																																																		SPROP:Has 3 charges/day. When activated, it coats itself in injury poison (Fort DC 14, 1d4 Str/1d4 Str) which lasts 1 minute or until your next attack.
Warning			KEY:WARNING		TYPE:Weapon				PLUS:1			VISIBLE:QUALIFY				SOURCEPAGE:46		PREMULT:2,[PRETYPE:2,Enhancement,Weapon],[PRETYPE:1,Melee,Ranged,Thrown]												BONUS:COMBAT|INITIATIVE|5|TYPE=Insight
Weakening			KEY:WEAKEN		TYPE:Weapon				PLUS:1			VISIBLE:QUALIFY				SOURCEPAGE:46		PREMULT:2,[PRETYPE:2,Enhancement,Weapon],[PRETYPE:1,Melee,Ranged,Thrown]																																																		SPROP:On a critical hit, the target takes a -4 penalty to Strenght for 10 minutes (no save). Multiple critical hits are not cumulative.
Whirling			KEY:WHIRLING	TYPE:Weapon.Slashing.Melee	PLUS:1			VISIBLE:QUALIFY				SOURCEPAGE:46																	PRETYPE:4,Enhancement,Weapon,Melee,Slashing																																								SPROP:Has 3 charges/day. When activated allows you to make 1 melee attack at your best attack bonus for all opponents within reach.
