###Block: Career Skill Selections
# Ability Name		Unique Key								Category of Ability	Type					Automatically Gained Feat					Class Skill
Astrogation			KEY:Career Skill ~ Astrogation				CATEGORY:Career Skill	TYPE:Career Skill			ABILITY:FEAT|AUTOMATIC|Career Skill (Astrogation)			CSKILL:Astrogation
Athletics			KEY:Career Skill ~ Athletics					CATEGORY:Career Skill	TYPE:Career Skill			ABILITY:FEAT|AUTOMATIC|Career Skill (Athletics)				CSKILL:Athletics
Brawl				KEY:Career Skill ~ Brawl					CATEGORY:Career Skill	TYPE:Career Skill			ABILITY:FEAT|AUTOMATIC|Career Skill (Brawl)				CSKILL:Brawl
Charm				KEY:Career Skill ~ Charm					CATEGORY:Career Skill	TYPE:Career Skill			ABILITY:FEAT|AUTOMATIC|Career Skill (Charm)				CSKILL:Charm
Coercion			KEY:Career Skill ~ Coercion					CATEGORY:Career Skill	TYPE:Career Skill			ABILITY:FEAT|AUTOMATIC|Career Skill (Coercion)				CSKILL:Coercion
Computers			KEY:Career Skill ~ Computers					CATEGORY:Career Skill	TYPE:Career Skill			ABILITY:FEAT|AUTOMATIC|Career Skill (Computers)				CSKILL:Computers
Cool				KEY:Career Skill ~ Cool						CATEGORY:Career Skill	TYPE:Career Skill			ABILITY:FEAT|AUTOMATIC|Career Skill (Cool)					CSKILL:Cool
Coordination		KEY:Career Skill ~ Coordination				CATEGORY:Career Skill	TYPE:Career Skill			ABILITY:FEAT|AUTOMATIC|Career Skill (Coordination)			CSKILL:Coordination
Knowledge (Core Worlds)	KEY:Career Skill ~ Knowledge (Core Worlds)		CATEGORY:Career Skill	TYPE:Career Skill			ABILITY:FEAT|AUTOMATIC|Career Skill (Knowledge (Core Worlds))	CSKILL:Knowledge (Core Worlds)
Deception			KEY:Career Skill ~ Deception					CATEGORY:Career Skill	TYPE:Career Skill			ABILITY:FEAT|AUTOMATIC|Career Skill (Deception)				CSKILL:Deception
Discipline			KEY:Career Skill ~ Discipline					CATEGORY:Career Skill	TYPE:Career Skill			ABILITY:FEAT|AUTOMATIC|Career Skill (Discipline)				CSKILL:Discipline
Knowledge (Education)	KEY:Career Skill ~ Knowledge (Education)			CATEGORY:Career Skill	TYPE:Career Skill			ABILITY:FEAT|AUTOMATIC|Career Skill (Knowledge (Education))		CSKILL:Knowledge (Education)
Gunnery			KEY:Career Skill ~ Gunnery					CATEGORY:Career Skill	TYPE:Career Skill			ABILITY:FEAT|AUTOMATIC|Career Skill (Gunnery)				CSKILL:Gunnery
Leadership			KEY:Career Skill ~ Leadership					CATEGORY:Career Skill	TYPE:Career Skill			ABILITY:FEAT|AUTOMATIC|Career Skill (Leadership)				CSKILL:Leadership
Knowledge (Lore)		KEY:Career Skill ~ Knowledge (Lore)				CATEGORY:Career Skill	TYPE:Career Skill			ABILITY:FEAT|AUTOMATIC|Career Skill (Knowledge (Lore))			CSKILL:Knowledge (Lore)
Mechanics			KEY:Career Skill ~ Mechanics					CATEGORY:Career Skill	TYPE:Career Skill			ABILITY:FEAT|AUTOMATIC|Career Skill (Mechanics)				CSKILL:Mechanics
Medicine			KEY:Career Skill ~ Medicine					CATEGORY:Career Skill	TYPE:Career Skill			ABILITY:FEAT|AUTOMATIC|Career Skill (Medicine)				CSKILL:Medicine
Melee				KEY:Career Skill ~ Melee					CATEGORY:Career Skill	TYPE:Career Skill			ABILITY:FEAT|AUTOMATIC|Career Skill (Melee)				CSKILL:Melee
Negotiation			KEY:Career Skill ~ Negotiation				CATEGORY:Career Skill	TYPE:Career Skill			ABILITY:FEAT|AUTOMATIC|Career Skill (Negotiation)			CSKILL:Negotiation
Knowledge (Outer Rim)	KEY:Career Skill ~ Knowledge (Outer Rim)			CATEGORY:Career Skill	TYPE:Career Skill			ABILITY:FEAT|AUTOMATIC|Career Skill (Knowledge (Outer Rim))		CSKILL:Knowledge (Outer Rim)
Perception			KEY:Career Skill ~ Perception					CATEGORY:Career Skill	TYPE:Career Skill			ABILITY:FEAT|AUTOMATIC|Career Skill (Perception)				CSKILL:Perception
Piloting (Planetary)	KEY:Career Skill ~ Piloting (Planetary)			CATEGORY:Career Skill	TYPE:Career Skill			ABILITY:FEAT|AUTOMATIC|Career Skill (Piloting (Planetary))		CSKILL:Piloting (Planetary)
Piloting (Space)		KEY:Career Skill ~ Piloting (Space)				CATEGORY:Career Skill	TYPE:Career Skill			ABILITY:FEAT|AUTOMATIC|Career Skill (Piloting (Space))			CSKILL:Piloting (Space)
Ranged (Heavy)		KEY:Career Skill ~ Ranged (Heavy)				CATEGORY:Career Skill	TYPE:Career Skill			ABILITY:FEAT|AUTOMATIC|Career Skill (Ranged (Heavy))			CSKILL:Ranged (Heavy)
Ranged (Light)		KEY:Career Skill ~ Ranged (Light)				CATEGORY:Career Skill	TYPE:Career Skill			ABILITY:FEAT|AUTOMATIC|Career Skill (Ranged (Light))			CSKILL:Ranged (Light)
Resilience			KEY:Career Skill ~ Resilience					CATEGORY:Career Skill	TYPE:Career Skill			ABILITY:FEAT|AUTOMATIC|Career Skill (Resilience)				CSKILL:Resilience
Skulduggery			KEY:Career Skill ~ Skulduggery				CATEGORY:Career Skill	TYPE:Career Skill			ABILITY:FEAT|AUTOMATIC|Career Skill (Skulduggery)			CSKILL:Skulduggery
Stealth			KEY:Career Skill ~ Stealth					CATEGORY:Career Skill	TYPE:Career Skill			ABILITY:FEAT|AUTOMATIC|Career Skill (Stealth)				CSKILL:Stealth
Streetwise			KEY:Career Skill ~ Streetwise					CATEGORY:Career Skill	TYPE:Career Skill			ABILITY:FEAT|AUTOMATIC|Career Skill (Streetwise)				CSKILL:Streetwise
Survival			KEY:Career Skill ~ Survival					CATEGORY:Career Skill	TYPE:Career Skill			ABILITY:FEAT|AUTOMATIC|Career Skill (Survival)				CSKILL:Survival
Knowledge (Underworld)	KEY:Career Skill ~ Knowledge (Underworld)			CATEGORY:Career Skill	TYPE:Career Skill			ABILITY:FEAT|AUTOMATIC|Career Skill (Knowledge (Underworld))		CSKILL:Knowledge (Underworld)
Vigilance			KEY:Career Skill ~ Vigilance					CATEGORY:Career Skill	TYPE:Career Skill			ABILITY:FEAT|AUTOMATIC|Career Skill (Vigilance)				CSKILL:Vigilance
Knowledge (Xenology)	KEY:Career Skill ~ Knowledge (Xenology)			CATEGORY:Career Skill	TYPE:Career Skill			ABILITY:FEAT|AUTOMATIC|Career Skill (Knowledge (Xenology))		CSKILL:Knowledge (Xenology)
#
Astrogation			KEY:Specialization Skill ~ Astrogation			CATEGORY:Career Skill	TYPE:Specialization Skill										CSKILL:Astrogation
Athletics			KEY:Specialization Skill ~ Athletics			CATEGORY:Career Skill	TYPE:Specialization Skill										CSKILL:Athletics
Brawl				KEY:Specialization Skill ~ Brawl				CATEGORY:Career Skill	TYPE:Specialization Skill										CSKILL:Brawl
Charm				KEY:Specialization Skill ~ Charm				CATEGORY:Career Skill	TYPE:Specialization Skill										CSKILL:Charm
Coercion			KEY:Specialization Skill ~ Coercion				CATEGORY:Career Skill	TYPE:Specialization Skill										CSKILL:Coercion
Computers			KEY:Specialization Skill ~ Computers			CATEGORY:Career Skill	TYPE:Specialization Skill										CSKILL:Computers
Cool				KEY:Specialization Skill ~ Cool				CATEGORY:Career Skill	TYPE:Specialization Skill										CSKILL:Cool
Coordination		KEY:Specialization Skill ~ Coordination			CATEGORY:Career Skill	TYPE:Specialization Skill										CSKILL:Coordination
Knowledge (Core Worlds)	KEY:Specialization Skill ~ Knowledge (Core Worlds)	CATEGORY:Career Skill	TYPE:Specialization Skill										CSKILL:Knowledge (Core Worlds)
Deception			KEY:Specialization Skill ~ Deception			CATEGORY:Career Skill	TYPE:Specialization Skill										CSKILL:Deception
Discipline			KEY:Specialization Skill ~ Discipline			CATEGORY:Career Skill	TYPE:Specialization Skill										CSKILL:Discipline
Knowledge (Education)	KEY:Specialization Skill ~ Knowledge (Education)	CATEGORY:Career Skill	TYPE:Specialization Skill										CSKILL:Knowledge (Education)
Gunnery			KEY:Specialization Skill ~ Gunnery				CATEGORY:Career Skill	TYPE:Specialization Skill										CSKILL:Gunnery
Leadership			KEY:Specialization Skill ~ Leadership			CATEGORY:Career Skill	TYPE:Specialization Skill										CSKILL:Leadership
Knowledge (Lore)		KEY:Specialization Skill ~ Knowledge (Lore)		CATEGORY:Career Skill	TYPE:Specialization Skill										CSKILL:Knowledge (Lore)
Mechanics			KEY:Specialization Skill ~ Mechanics			CATEGORY:Career Skill	TYPE:Specialization Skill										CSKILL:Mechanics
Medicine			KEY:Specialization Skill ~ Medicine				CATEGORY:Career Skill	TYPE:Specialization Skill										CSKILL:Medicine
Melee				KEY:Specialization Skill ~ Melee				CATEGORY:Career Skill	TYPE:Specialization Skill										CSKILL:Melee
Negotiation			KEY:Specialization Skill ~ Negotiation			CATEGORY:Career Skill	TYPE:Specialization Skill										CSKILL:Negotiation
Knowledge (Outer Rim)	KEY:Specialization Skill ~ Knowledge (Outer Rim)	CATEGORY:Career Skill	TYPE:Specialization Skill										CSKILL:Knowledge (Outer Rim)
Perception			KEY:Specialization Skill ~ Perception			CATEGORY:Career Skill	TYPE:Specialization Skill										CSKILL:Perception
Piloting (Planetary)	KEY:Specialization Skill ~ Piloting (Planetary)		CATEGORY:Career Skill	TYPE:Specialization Skill										CSKILL:Piloting (Planetary)
Piloting (Space)		KEY:Specialization Skill ~ Piloting (Space)		CATEGORY:Career Skill	TYPE:Specialization Skill										CSKILL:Piloting (Space)
Ranged (Heavy)		KEY:Specialization Skill ~ Ranged (Heavy)			CATEGORY:Career Skill	TYPE:Specialization Skill										CSKILL:Ranged (Heavy)
Ranged (Light)		KEY:Specialization Skill ~ Ranged (Light)			CATEGORY:Career Skill	TYPE:Specialization Skill										CSKILL:Ranged (Light)
Resilience			KEY:Specialization Skill ~ Resilience			CATEGORY:Career Skill	TYPE:Specialization Skill										CSKILL:Resilience
Skulduggery			KEY:Specialization Skill ~ Skulduggery			CATEGORY:Career Skill	TYPE:Specialization Skill										CSKILL:Skulduggery
Stealth			KEY:Specialization Skill ~ Stealth				CATEGORY:Career Skill	TYPE:Specialization Skill										CSKILL:Stealth
Streetwise			KEY:Specialization Skill ~ Streetwise			CATEGORY:Career Skill	TYPE:Specialization Skill										CSKILL:Streetwise
Survival			KEY:Specialization Skill ~ Survival				CATEGORY:Career Skill	TYPE:Specialization Skill										CSKILL:Survival
Knowledge (Underworld)	KEY:Specialization Skill ~ Knowledge (Underworld)	CATEGORY:Career Skill	TYPE:Specialization Skill										CSKILL:Knowledge (Underworld)
Vigilance			KEY:Specialization Skill ~ Vigilance			CATEGORY:Career Skill	TYPE:Specialization Skill										CSKILL:Vigilance
Knowledge (Xenology)	KEY:Specialization Skill ~ Knowledge (Xenology)		CATEGORY:Career Skill	TYPE:Specialization Skill										CSKILL:Knowledge (Xenology)


###Block: Purchases
# Ability Name		Unique Key			Category of Ability	Type			Var. Min. Value				Stackable?	Multiple?	Choose		Cost		Bonus
Increase Agility		KEY:Stat Increase ~ AGI	CATEGORY:Internal		TYPE:StatSelect	PREVARGTEQ:Experience,PurchaseAGI	STACK:YES	MULT:YES	CHOOSE:NOCHOICE	COST:0	BONUS:LOCKEDSTAT|AGI|1
Increase Brawn		KEY:Stat Increase ~ BRA	CATEGORY:Internal		TYPE:StatSelect	PREVARGTEQ:Experience,PurchaseBRA	STACK:YES	MULT:YES	CHOOSE:NOCHOICE	COST:0	BONUS:LOCKEDSTAT|BRA|1
Increase Cunning		KEY:Stat Increase ~ CUN	CATEGORY:Internal		TYPE:StatSelect	PREVARGTEQ:Experience,PurchaseCUN	STACK:YES	MULT:YES	CHOOSE:NOCHOICE	COST:0	BONUS:LOCKEDSTAT|CUN|1
Increase Intellect	KEY:Stat Increase ~ INT	CATEGORY:Internal		TYPE:StatSelect	PREVARGTEQ:Experience,PurchaseINT	STACK:YES	MULT:YES	CHOOSE:NOCHOICE	COST:0	BONUS:LOCKEDSTAT|INT|1
Increase Presence		KEY:Stat Increase ~ PRE	CATEGORY:Internal		TYPE:StatSelect	PREVARGTEQ:Experience,PurchasePRE	STACK:YES	MULT:YES	CHOOSE:NOCHOICE	COST:0	BONUS:LOCKEDSTAT|PRE|1
Increase Willpower	KEY:Stat Increase ~ WIL	CATEGORY:Internal		TYPE:StatSelect	PREVARGTEQ:Experience,PurchaseWIL	STACK:YES	MULT:YES	CHOOSE:NOCHOICE	COST:0	BONUS:LOCKEDSTAT|WIL|1

###Block: Skill Training - Purchaseable
# Ability Name		Unique Key							Category of Ability	Type				Var. Min. Value							Var. Must Be Lower							Stackable?	Multiple?	Choose		Bonus to skill rank				Cost
Astrogation			KEY:Skill Training ~ Astrogation			CATEGORY:Skill Training	TYPE:Skill Training	PREVARGTEQ:Experience,SkillCostAstrogation		PREVARLT:skillinfo("TOTALRANK","Astrogation"),5			STACK:YES	MULT:YES	CHOOSE:NOCHOICE	BONUS:SKILLRANK|Astrogation|1			COST:0
Athletics			KEY:Skill Training ~ Athletics			CATEGORY:Skill Training	TYPE:Skill Training	PREVARGTEQ:Experience,SkillCostAthletics			PREVARLT:skillinfo("TOTALRANK","Athletics"),5			STACK:YES	MULT:YES	CHOOSE:NOCHOICE	BONUS:SKILLRANK|Athletics|1			COST:0
Brawl				KEY:Skill Training ~ Brawl				CATEGORY:Skill Training	TYPE:Skill Training	PREVARGTEQ:Experience,SkillCostBrawl			PREVARLT:skillinfo("TOTALRANK","Brawl"),5				STACK:YES	MULT:YES	CHOOSE:NOCHOICE	BONUS:SKILLRANK|Brawl|1				COST:0
Charm				KEY:Skill Training ~ Charm				CATEGORY:Skill Training	TYPE:Skill Training	PREVARGTEQ:Experience,SkillCostCharm			PREVARLT:skillinfo("TOTALRANK","Charm"),5				STACK:YES	MULT:YES	CHOOSE:NOCHOICE	BONUS:SKILLRANK|Charm|1				COST:0
Coercion			KEY:Skill Training ~ Coercion				CATEGORY:Skill Training	TYPE:Skill Training	PREVARGTEQ:Experience,SkillCostCoercion			PREVARLT:skillinfo("TOTALRANK","Coercion"),5			STACK:YES	MULT:YES	CHOOSE:NOCHOICE	BONUS:SKILLRANK|Coercion|1			COST:0
Computers			KEY:Skill Training ~ Computers			CATEGORY:Skill Training	TYPE:Skill Training	PREVARGTEQ:Experience,SkillCostComputers			PREVARLT:skillinfo("TOTALRANK","Computers"),5			STACK:YES	MULT:YES	CHOOSE:NOCHOICE	BONUS:SKILLRANK|Computers|1			COST:0
Cool				KEY:Skill Training ~ Cool				CATEGORY:Skill Training	TYPE:Skill Training	PREVARGTEQ:Experience,SkillCostCool				PREVARLT:skillinfo("TOTALRANK","Cool"),5				STACK:YES	MULT:YES	CHOOSE:NOCHOICE	BONUS:SKILLRANK|Cool|1				COST:0
Coordination		KEY:Skill Training ~ Coordination			CATEGORY:Skill Training	TYPE:Skill Training	PREVARGTEQ:Experience,SkillCostCoordination		PREVARLT:skillinfo("TOTALRANK","Coordination"),5		STACK:YES	MULT:YES	CHOOSE:NOCHOICE	BONUS:SKILLRANK|Coordination|1		COST:0
Knowledge (Core Worlds)	KEY:Skill Training ~ Knowledge (Core Worlds)	CATEGORY:Skill Training	TYPE:Skill Training	PREVARGTEQ:Experience,SkillCostKnowledgeCoreWorlds	PREVARLT:skillinfo("TOTALRANK","Knowledge (Core Worlds)"),5	STACK:YES	MULT:YES	CHOOSE:NOCHOICE	BONUS:SKILLRANK|Knowledge (Core Worlds)|1	COST:0
Deception			KEY:Skill Training ~ Deception			CATEGORY:Skill Training	TYPE:Skill Training	PREVARGTEQ:Experience,SkillCostDeception			PREVARLT:skillinfo("TOTALRANK","Deception"),5			STACK:YES	MULT:YES	CHOOSE:NOCHOICE	BONUS:SKILLRANK|Deception|1			COST:0
Discipline			KEY:Skill Training ~ Discipline			CATEGORY:Skill Training	TYPE:Skill Training	PREVARGTEQ:Experience,SkillCostDiscipline			PREVARLT:skillinfo("TOTALRANK","Discipline"),5			STACK:YES	MULT:YES	CHOOSE:NOCHOICE	BONUS:SKILLRANK|Discipline|1			COST:0
Knowledge (Education)	KEY:Skill Training ~ Knowledge (Education)	CATEGORY:Skill Training	TYPE:Skill Training	PREVARGTEQ:Experience,SkillCostKnowledgeEducation	PREVARLT:skillinfo("TOTALRANK","Knowledge (Education)"),5	STACK:YES	MULT:YES	CHOOSE:NOCHOICE	BONUS:SKILLRANK|Knowledge (Education)|1	COST:0
Gunnery			KEY:Skill Training ~ Gunnery				CATEGORY:Skill Training	TYPE:Skill Training	PREVARGTEQ:Experience,SkillCostGunnery			PREVARLT:skillinfo("TOTALRANK","Gunnery"),5			STACK:YES	MULT:YES	CHOOSE:NOCHOICE	BONUS:SKILLRANK|Gunnery|1			COST:0
Leadership			KEY:Skill Training ~ Leadership			CATEGORY:Skill Training	TYPE:Skill Training	PREVARGTEQ:Experience,SkillCostLeadership			PREVARLT:skillinfo("TOTALRANK","Leadership"),5			STACK:YES	MULT:YES	CHOOSE:NOCHOICE	BONUS:SKILLRANK|Leadership|1			COST:0
Knowledge (Lore)		KEY:Skill Training ~ Knowledge (Lore)		CATEGORY:Skill Training	TYPE:Skill Training	PREVARGTEQ:Experience,SkillCostKnowledgeLore		PREVARLT:skillinfo("TOTALRANK","Knowledge (Lore)"),5		STACK:YES	MULT:YES	CHOOSE:NOCHOICE	BONUS:SKILLRANK|Knowledge (Lore)|1		COST:0
Mechanics			KEY:Skill Training ~ Mechanics			CATEGORY:Skill Training	TYPE:Skill Training	PREVARGTEQ:Experience,SkillCostMechanics			PREVARLT:skillinfo("TOTALRANK","Mechanics"),5			STACK:YES	MULT:YES	CHOOSE:NOCHOICE	BONUS:SKILLRANK|Mechanics|1			COST:0
Medicine			KEY:Skill Training ~ Medicine				CATEGORY:Skill Training	TYPE:Skill Training	PREVARGTEQ:Experience,SkillCostMedicine			PREVARLT:skillinfo("TOTALRANK","Medicine"),5			STACK:YES	MULT:YES	CHOOSE:NOCHOICE	BONUS:SKILLRANK|Medicine|1			COST:0
Melee				KEY:Skill Training ~ Melee				CATEGORY:Skill Training	TYPE:Skill Training	PREVARGTEQ:Experience,SkillCostMelee			PREVARLT:skillinfo("TOTALRANK","Melee"),5				STACK:YES	MULT:YES	CHOOSE:NOCHOICE	BONUS:SKILLRANK|Melee|1				COST:0
Negotiation			KEY:Skill Training ~ Negotiation			CATEGORY:Skill Training	TYPE:Skill Training	PREVARGTEQ:Experience,SkillCostNegotiation		PREVARLT:skillinfo("TOTALRANK","Negotiation"),5			STACK:YES	MULT:YES	CHOOSE:NOCHOICE	BONUS:SKILLRANK|Negotiation|1			COST:0
Knowledge (Outer Rim)	KEY:Skill Training ~ Knowledge (Outer Rim)	CATEGORY:Skill Training	TYPE:Skill Training	PREVARGTEQ:Experience,SkillCostKnowledgeOuterRim	PREVARLT:skillinfo("TOTALRANK","Knowledge (Outer Rim)"),5	STACK:YES	MULT:YES	CHOOSE:NOCHOICE	BONUS:SKILLRANK|Knowledge (Outer Rim)|1	COST:0
Perception			KEY:Skill Training ~ Perception			CATEGORY:Skill Training	TYPE:Skill Training	PREVARGTEQ:Experience,SkillCostPerception			PREVARLT:skillinfo("TOTALRANK","Perception"),5			STACK:YES	MULT:YES	CHOOSE:NOCHOICE	BONUS:SKILLRANK|Perception|1			COST:0
Piloting (Planetary)	KEY:Skill Training ~ Piloting (Planetary)		CATEGORY:Skill Training	TYPE:Skill Training	PREVARGTEQ:Experience,SkillCostPilotingPlanetary	PREVARLT:skillinfo("TOTALRANK","Piloting (Planetary)"),5	STACK:YES	MULT:YES	CHOOSE:NOCHOICE	BONUS:SKILLRANK|Piloting (Planetary)|1	COST:0
Piloting (Space)		KEY:Skill Training ~ Piloting (Space)		CATEGORY:Skill Training	TYPE:Skill Training	PREVARGTEQ:Experience,SkillCostPilotingSpace		PREVARLT:skillinfo("TOTALRANK","Piloting (Space)"),5		STACK:YES	MULT:YES	CHOOSE:NOCHOICE	BONUS:SKILLRANK|Piloting (Space)|1		COST:0
Ranged (Heavy)		KEY:Skill Training ~ Ranged (Heavy)			CATEGORY:Skill Training	TYPE:Skill Training	PREVARGTEQ:Experience,SkillCostRangedHeavy		PREVARLT:skillinfo("TOTALRANK","Ranged (Heavy)"),5		STACK:YES	MULT:YES	CHOOSE:NOCHOICE	BONUS:SKILLRANK|Ranged (Heavy)|1		COST:0
Ranged (Light)		KEY:Skill Training ~ Ranged (Light)			CATEGORY:Skill Training	TYPE:Skill Training	PREVARGTEQ:Experience,SkillCostRangedLight		PREVARLT:skillinfo("TOTALRANK","Ranged (Light)"),5		STACK:YES	MULT:YES	CHOOSE:NOCHOICE	BONUS:SKILLRANK|Ranged (Light)|1		COST:0
Resilience			KEY:Skill Training ~ Resilience			CATEGORY:Skill Training	TYPE:Skill Training	PREVARGTEQ:Experience,SkillCostResilience			PREVARLT:skillinfo("TOTALRANK","Resilience"),5			STACK:YES	MULT:YES	CHOOSE:NOCHOICE	BONUS:SKILLRANK|Resilience|1			COST:0
Skulduggery			KEY:Skill Training ~ Skulduggery			CATEGORY:Skill Training	TYPE:Skill Training	PREVARGTEQ:Experience,SkillCostSkulduggery		PREVARLT:skillinfo("TOTALRANK","Skulduggery"),5			STACK:YES	MULT:YES	CHOOSE:NOCHOICE	BONUS:SKILLRANK|Skulduggery|1			COST:0
Stealth			KEY:Skill Training ~ Stealth				CATEGORY:Skill Training	TYPE:Skill Training	PREVARGTEQ:Experience,SkillCostStealth			PREVARLT:skillinfo("TOTALRANK","Stealth"),5			STACK:YES	MULT:YES	CHOOSE:NOCHOICE	BONUS:SKILLRANK|Stealth|1			COST:0
Streetwise			KEY:Skill Training ~ Streetwise			CATEGORY:Skill Training	TYPE:Skill Training	PREVARGTEQ:Experience,SkillCostStreetwise			PREVARLT:skillinfo("TOTALRANK","Streetwise"),5			STACK:YES	MULT:YES	CHOOSE:NOCHOICE	BONUS:SKILLRANK|Streetwise|1			COST:0
Survival			KEY:Skill Training ~ Survival				CATEGORY:Skill Training	TYPE:Skill Training	PREVARGTEQ:Experience,SkillCostSurvival			PREVARLT:skillinfo("TOTALRANK","Survival"),5			STACK:YES	MULT:YES	CHOOSE:NOCHOICE	BONUS:SKILLRANK|Survival|1			COST:0
Knowledge (Underworld)	KEY:Skill Training ~ Knowledge (Underworld)	CATEGORY:Skill Training	TYPE:Skill Training	PREVARGTEQ:Experience,SkillCostKnowledgeUnderworld	PREVARLT:skillinfo("TOTALRANK","Knowledge (Underworld)"),5	STACK:YES	MULT:YES	CHOOSE:NOCHOICE	BONUS:SKILLRANK|Knowledge (Underworld)|1	COST:0
Vigilance			KEY:Skill Training ~ Vigilance			CATEGORY:Skill Training	TYPE:Skill Training	PREVARGTEQ:Experience,SkillCostVigilance			PREVARLT:skillinfo("TOTALRANK","Vigilance"),5			STACK:YES	MULT:YES	CHOOSE:NOCHOICE	BONUS:SKILLRANK|Vigilance|1			COST:0
Knowledge (Xenology)	KEY:Skill Training ~ Knowledge (Xenology)		CATEGORY:Skill Training	TYPE:Skill Training	PREVARGTEQ:Experience,SkillCostKnowledgeXenology	PREVARLT:skillinfo("TOTALRANK","Knowledge (Xenology)"),5	STACK:YES	MULT:YES	CHOOSE:NOCHOICE	BONUS:SKILLRANK|Knowledge (Xenology)|1	COST:0

###################
#	Trackers	#
###################
+1 AGI				KEY:Race Stat ~ AGI	CATEGORY:Internal			TYPE:RaceStatOnly	STACK:YES	MULT:YES	CHOOSE:NOCHOICE												BONUS:LOCKEDSTAT|AGI|1
+1 BRA				KEY:Race Stat ~ BRA	CATEGORY:Internal			TYPE:RaceStatOnly	STACK:YES	MULT:YES	CHOOSE:NOCHOICE												BONUS:LOCKEDSTAT|BRA|1
+1 CUN				KEY:Race Stat ~ CUN	CATEGORY:Internal			TYPE:RaceStatOnly	STACK:YES	MULT:YES	CHOOSE:NOCHOICE												BONUS:LOCKEDSTAT|CUN|1
+1 INT				KEY:Race Stat ~ INT	CATEGORY:Internal			TYPE:RaceStatOnly	STACK:YES	MULT:YES	CHOOSE:NOCHOICE												BONUS:LOCKEDSTAT|INT|1
+1 PRE				KEY:Race Stat ~ PRE	CATEGORY:Internal			TYPE:RaceStatOnly	STACK:YES	MULT:YES	CHOOSE:NOCHOICE												BONUS:LOCKEDSTAT|PRE|1
+1 WIL				KEY:Race Stat ~ WIL	CATEGORY:Internal			TYPE:RaceStatOnly	STACK:YES	MULT:YES	CHOOSE:NOCHOICE												BONUS:LOCKEDSTAT|WIL|1

Skill Tracker							CATEGORY:Internal													BONUS:VAR|Experience|5*count("ABILITIES","CATEGORY=Career Skill")
###Block: Skill Tracker - This grants 1 Skill Rank if the chooser selects the appropriate skill. Speciality or Career
# Ability Name				Ability
CATEGORY=Internal|Skill Tracker.MOD	ABILITY:Skill Training|AUTOMATIC|Skill Training ~ Astrogation|PREABILITY:1,CATEGORY=Career Skill,Specialty Skill Selection (Specialization Skill ~ Astrogation),Career Skill Selection (Career Skill ~ Astrogation)
CATEGORY=Internal|Skill Tracker.MOD	ABILITY:Skill Training|AUTOMATIC|Skill Training ~ Athletics|PREABILITY:1,CATEGORY=Career Skill,Specialty Skill Selection (Specialization Skill ~ Athletics),Career Skill Selection (Career Skill ~ Athletics)
CATEGORY=Internal|Skill Tracker.MOD	ABILITY:Skill Training|AUTOMATIC|Skill Training ~ Brawl|PREABILITY:1,CATEGORY=Career Skill,Specialty Skill Selection (Specialization Skill ~ Brawl),Career Skill Selection (Career Skill ~ Brawl)
CATEGORY=Internal|Skill Tracker.MOD	ABILITY:Skill Training|AUTOMATIC|Skill Training ~ Charm|PREABILITY:1,CATEGORY=Career Skill,Specialty Skill Selection (Specialization Skill ~ Charm),Career Skill Selection (Career Skill ~ Charm)
CATEGORY=Internal|Skill Tracker.MOD	ABILITY:Skill Training|AUTOMATIC|Skill Training ~ Coercion|PREABILITY:1,CATEGORY=Career Skill,Specialty Skill Selection (Specialization Skill ~ Coercion),Career Skill Selection (Career Skill ~ Coercion)
CATEGORY=Internal|Skill Tracker.MOD	ABILITY:Skill Training|AUTOMATIC|Skill Training ~ Computers|PREABILITY:1,CATEGORY=Career Skill,Specialty Skill Selection (Specialization Skill ~ Computers),Career Skill Selection (Career Skill ~ Computers)
CATEGORY=Internal|Skill Tracker.MOD	ABILITY:Skill Training|AUTOMATIC|Skill Training ~ Cool|PREABILITY:1,CATEGORY=Career Skill,Specialty Skill Selection (Specialization Skill ~ Cool),Career Skill Selection (Career Skill ~ Cool)
CATEGORY=Internal|Skill Tracker.MOD	ABILITY:Skill Training|AUTOMATIC|Skill Training ~ Coordination|PREABILITY:1,CATEGORY=Career Skill,Specialty Skill Selection (Specialization Skill ~ Coordination),Career Skill Selection (Career Skill ~ Coordination)
CATEGORY=Internal|Skill Tracker.MOD	ABILITY:Skill Training|AUTOMATIC|Skill Training ~ Knowledge (Core Worlds)|PREABILITY:1,CATEGORY=Career Skill,Specialty Skill Selection (Specialization Skill ~ Knowledge (Core Worlds)),Career Skill Selection (Career Skill ~ Knowledge (Core Worlds))
CATEGORY=Internal|Skill Tracker.MOD	ABILITY:Skill Training|AUTOMATIC|Skill Training ~ Deception|PREABILITY:1,CATEGORY=Career Skill,Specialty Skill Selection (Specialization Skill ~ Deception),Career Skill Selection (Career Skill ~ Deception)
CATEGORY=Internal|Skill Tracker.MOD	ABILITY:Skill Training|AUTOMATIC|Skill Training ~ Discipline|PREABILITY:1,CATEGORY=Career Skill,Specialty Skill Selection (Specialization Skill ~ Discipline),Career Skill Selection (Career Skill ~ Discipline)
CATEGORY=Internal|Skill Tracker.MOD	ABILITY:Skill Training|AUTOMATIC|Skill Training ~ Knowledge (Education)|PREABILITY:1,CATEGORY=Career Skill,Specialty Skill Selection (Specialization Skill ~ Knowledge (Education)),Career Skill Selection (Career Skill ~ Knowledge (Education))
CATEGORY=Internal|Skill Tracker.MOD	ABILITY:Skill Training|AUTOMATIC|Skill Training ~ Gunnery|PREABILITY:1,CATEGORY=Career Skill,Specialty Skill Selection (Specialization Skill ~ Gunnery),Career Skill Selection (Career Skill ~ Gunnery)
CATEGORY=Internal|Skill Tracker.MOD	ABILITY:Skill Training|AUTOMATIC|Skill Training ~ Leadership|PREABILITY:1,CATEGORY=Career Skill,Specialty Skill Selection (Specialization Skill ~ Leadership),Career Skill Selection (Career Skill ~ Leadership)
CATEGORY=Internal|Skill Tracker.MOD	ABILITY:Skill Training|AUTOMATIC|Skill Training ~ Knowledge (Lore)|PREABILITY:1,CATEGORY=Career Skill,Specialty Skill Selection (Specialization Skill ~ Knowledge (Lore)),Career Skill Selection (Career Skill ~ Knowledge (Lore))
CATEGORY=Internal|Skill Tracker.MOD	ABILITY:Skill Training|AUTOMATIC|Skill Training ~ Mechanics|PREABILITY:1,CATEGORY=Career Skill,Specialty Skill Selection (Specialization Skill ~ Mechanics),Career Skill Selection (Career Skill ~ Mechanics)
CATEGORY=Internal|Skill Tracker.MOD	ABILITY:Skill Training|AUTOMATIC|Skill Training ~ Medicine|PREABILITY:1,CATEGORY=Career Skill,Specialty Skill Selection (Specialization Skill ~ Medicine),Career Skill Selection (Career Skill ~ Medicine)
CATEGORY=Internal|Skill Tracker.MOD	ABILITY:Skill Training|AUTOMATIC|Skill Training ~ Melee|PREABILITY:1,CATEGORY=Career Skill,Specialty Skill Selection (Specialization Skill ~ Melee),Career Skill Selection (Career Skill ~ Melee)
CATEGORY=Internal|Skill Tracker.MOD	ABILITY:Skill Training|AUTOMATIC|Skill Training ~ Negotiation|PREABILITY:1,CATEGORY=Career Skill,Specialty Skill Selection (Specialization Skill ~ Negotiation),Career Skill Selection (Career Skill ~ Negotiation)
CATEGORY=Internal|Skill Tracker.MOD	ABILITY:Skill Training|AUTOMATIC|Skill Training ~ Knowledge (Outer Rim)|PREABILITY:1,CATEGORY=Career Skill,Specialty Skill Selection (Specialization Skill ~ Knowledge (Outer Rim)),Career Skill Selection (Career Skill ~ Knowledge (Outer Rim))
CATEGORY=Internal|Skill Tracker.MOD	ABILITY:Skill Training|AUTOMATIC|Skill Training ~ Perception|PREABILITY:1,CATEGORY=Career Skill,Specialty Skill Selection (Specialization Skill ~ Perception),Career Skill Selection (Career Skill ~ Perception)
CATEGORY=Internal|Skill Tracker.MOD	ABILITY:Skill Training|AUTOMATIC|Skill Training ~ Piloting (Planetary)|PREABILITY:1,CATEGORY=Career Skill,Specialty Skill Selection (Specialization Skill ~ Piloting (Planetary)),Career Skill Selection (Career Skill ~ Piloting (Planetary))
CATEGORY=Internal|Skill Tracker.MOD	ABILITY:Skill Training|AUTOMATIC|Skill Training ~ Piloting (Space)|PREABILITY:1,CATEGORY=Career Skill,Specialty Skill Selection (Specialization Skill ~ Piloting (Space)),Career Skill Selection (Career Skill ~ Piloting (Space))
CATEGORY=Internal|Skill Tracker.MOD	ABILITY:Skill Training|AUTOMATIC|Skill Training ~ Ranged (Heavy)|PREABILITY:1,CATEGORY=Career Skill,Specialty Skill Selection (Specialization Skill ~ Ranged (Heavy)),Career Skill Selection (Career Skill ~ Ranged (Heavy))
CATEGORY=Internal|Skill Tracker.MOD	ABILITY:Skill Training|AUTOMATIC|Skill Training ~ Ranged (Light)|PREABILITY:1,CATEGORY=Career Skill,Specialty Skill Selection (Specialization Skill ~ Ranged (Light)),Career Skill Selection (Career Skill ~ Ranged (Light))
CATEGORY=Internal|Skill Tracker.MOD	ABILITY:Skill Training|AUTOMATIC|Skill Training ~ Resilience|PREABILITY:1,CATEGORY=Career Skill,Specialty Skill Selection (Specialization Skill ~ Resilience),Career Skill Selection (Career Skill ~ Resilience)
CATEGORY=Internal|Skill Tracker.MOD	ABILITY:Skill Training|AUTOMATIC|Skill Training ~ Skulduggery|PREABILITY:1,CATEGORY=Career Skill,Specialty Skill Selection (Specialization Skill ~ Skulduggery),Career Skill Selection (Career Skill ~ Skulduggery)
CATEGORY=Internal|Skill Tracker.MOD	ABILITY:Skill Training|AUTOMATIC|Skill Training ~ Stealth|PREABILITY:1,CATEGORY=Career Skill,Specialty Skill Selection (Specialization Skill ~ Stealth),Career Skill Selection (Career Skill ~ Stealth)
CATEGORY=Internal|Skill Tracker.MOD	ABILITY:Skill Training|AUTOMATIC|Skill Training ~ Streetwise|PREABILITY:1,CATEGORY=Career Skill,Specialty Skill Selection (Specialization Skill ~ Streetwise),Career Skill Selection (Career Skill ~ Streetwise)
CATEGORY=Internal|Skill Tracker.MOD	ABILITY:Skill Training|AUTOMATIC|Skill Training ~ Survival|PREABILITY:1,CATEGORY=Career Skill,Specialty Skill Selection (Specialization Skill ~ Survival),Career Skill Selection (Career Skill ~ Survival)
CATEGORY=Internal|Skill Tracker.MOD	ABILITY:Skill Training|AUTOMATIC|Skill Training ~ Knowledge (Underworld)|PREABILITY:1,CATEGORY=Career Skill,Specialty Skill Selection (Specialization Skill ~ Knowledge (Underworld)),Career Skill Selection (Career Skill ~ Knowledge (Underworld))
CATEGORY=Internal|Skill Tracker.MOD	ABILITY:Skill Training|AUTOMATIC|Skill Training ~ Vigilance|PREABILITY:1,CATEGORY=Career Skill,Specialty Skill Selection (Specialization Skill ~ Vigilance),Career Skill Selection (Career Skill ~ Vigilance)
CATEGORY=Internal|Skill Tracker.MOD	ABILITY:Skill Training|AUTOMATIC|Skill Training ~ Knowledge (Xenology)|PREABILITY:1,CATEGORY=Career Skill,Specialty Skill Selection (Specialization Skill ~ Knowledge (Xenology)),Career Skill Selection (Career Skill ~ Knowledge (Xenology))
###Block
# Ability Name				Modify VAR
CATEGORY=Internal|Skill Tracker.MOD	BONUS:VAR|SkillCostAstrogation|(count("ABILITIES","CATEGORY=Skill Training","KEY=Skill Training ~ Astrogation")+1)*((count("ABILITIES","CATEGORY=Skill Training","KEY=Skill Training ~ Astrogation")+2)/2)*5	BONUS:VAR|Experience|-(count("ABILITIES","CATEGORY=Skill Training","KEY=Skill Training ~ Astrogation"))*((count("ABILITIES","CATEGORY=Skill Training","KEY=Skill Training ~ Astrogation")+1)/2)*5
CATEGORY=Internal|Skill Tracker.MOD	BONUS:VAR|SkillCostAthletics|(count("ABILITIES","CATEGORY=Skill Training","KEY=Skill Training ~ Athletics")+1)*((count("ABILITIES","CATEGORY=Skill Training","KEY=Skill Training ~ Athletics")+2)/2)*5	BONUS:VAR|Experience|-(count("ABILITIES","CATEGORY=Skill Training","KEY=Skill Training ~ Athletics"))*((count("ABILITIES","CATEGORY=Skill Training","KEY=Skill Training ~ Athletics")+1)/2)*5
CATEGORY=Internal|Skill Tracker.MOD	BONUS:VAR|SkillCostBrawl|(count("ABILITIES","CATEGORY=Skill Training","KEY=Skill Training ~ Brawl")+1)*((count("ABILITIES","CATEGORY=Skill Training","KEY=Skill Training ~ Brawl")+2)/2)*5	BONUS:VAR|Experience|-(count("ABILITIES","CATEGORY=Skill Training","KEY=Skill Training ~ Brawl"))*((count("ABILITIES","CATEGORY=Skill Training","KEY=Skill Training ~ Brawl")+1)/2)*5
CATEGORY=Internal|Skill Tracker.MOD	BONUS:VAR|SkillCostCharm|(count("ABILITIES","CATEGORY=Skill Training","KEY=Skill Training ~ Charm")+1)*((count("ABILITIES","CATEGORY=Skill Training","KEY=Skill Training ~ Charm")+2)/2)*5	BONUS:VAR|Experience|-(count("ABILITIES","CATEGORY=Skill Training","KEY=Skill Training ~ Charm"))*((count("ABILITIES","CATEGORY=Skill Training","KEY=Skill Training ~ Charm")+1)/2)*5
CATEGORY=Internal|Skill Tracker.MOD	BONUS:VAR|SkillCostCoercion|(count("ABILITIES","CATEGORY=Skill Training","KEY=Skill Training ~ Coercion")+1)*((count("ABILITIES","CATEGORY=Skill Training","KEY=Skill Training ~ Coercion")+2)/2)*5	BONUS:VAR|Experience|-(count("ABILITIES","CATEGORY=Skill Training","KEY=Skill Training ~ Coercion"))*((count("ABILITIES","CATEGORY=Skill Training","KEY=Skill Training ~ Coercion")+1)/2)*5
CATEGORY=Internal|Skill Tracker.MOD	BONUS:VAR|SkillCostComputers|(count("ABILITIES","CATEGORY=Skill Training","KEY=Skill Training ~ Computers")+1)*((count("ABILITIES","CATEGORY=Skill Training","KEY=Skill Training ~ Computers")+2)/2)*5	BONUS:VAR|Experience|-(count("ABILITIES","CATEGORY=Skill Training","KEY=Skill Training ~ Computers"))*((count("ABILITIES","CATEGORY=Skill Training","KEY=Skill Training ~ Computers")+1)/2)*5
CATEGORY=Internal|Skill Tracker.MOD	BONUS:VAR|SkillCostCool|(count("ABILITIES","CATEGORY=Skill Training","KEY=Skill Training ~ Cool")+1)*((count("ABILITIES","CATEGORY=Skill Training","KEY=Skill Training ~ Cool")+2)/2)*5	BONUS:VAR|Experience|-(count("ABILITIES","CATEGORY=Skill Training","KEY=Skill Training ~ Cool"))*((count("ABILITIES","CATEGORY=Skill Training","KEY=Skill Training ~ Cool")+1)/2)*5
CATEGORY=Internal|Skill Tracker.MOD	BONUS:VAR|SkillCostCoordination|(count("ABILITIES","CATEGORY=Skill Training","KEY=Skill Training ~ Coordination")+1)*((count("ABILITIES","CATEGORY=Skill Training","KEY=Skill Training ~ Coordination")+2)/2)*5	BONUS:VAR|Experience|-(count("ABILITIES","CATEGORY=Skill Training","KEY=Skill Training ~ Coordination"))*((count("ABILITIES","CATEGORY=Skill Training","KEY=Skill Training ~ Coordination")+1)/2)*5
CATEGORY=Internal|Skill Tracker.MOD	BONUS:VAR|SkillCostKnowledgeCoreWorlds|(count("ABILITIES","CATEGORY=Skill Training","KEY=Skill Training ~ Knowledge (Core Worlds)")+1)*((count("ABILITIES","CATEGORY=Skill Training","KEY=Skill Training ~ Knowledge (Core Worlds)")+2)/2)*5	BONUS:VAR|Experience|-(count("ABILITIES","CATEGORY=Skill Training","KEY=Skill Training ~ Knowledge (Core Worlds)"))*((count("ABILITIES","CATEGORY=Skill Training","KEY=Skill Training ~ Knowledge (Core Worlds)")+1)/2)*5
CATEGORY=Internal|Skill Tracker.MOD	BONUS:VAR|SkillCostDeception|(count("ABILITIES","CATEGORY=Skill Training","KEY=Skill Training ~ Deception")+1)*((count("ABILITIES","CATEGORY=Skill Training","KEY=Skill Training ~ Deception")+2)/2)*5	BONUS:VAR|Experience|-(count("ABILITIES","CATEGORY=Skill Training","KEY=Skill Training ~ Deception"))*((count("ABILITIES","CATEGORY=Skill Training","KEY=Skill Training ~ Deception")+1)/2)*5
CATEGORY=Internal|Skill Tracker.MOD	BONUS:VAR|SkillCostDiscipline|(count("ABILITIES","CATEGORY=Skill Training","KEY=Skill Training ~ Discipline")+1)*((count("ABILITIES","CATEGORY=Skill Training","KEY=Skill Training ~ Discipline")+2)/2)*5	BONUS:VAR|Experience|-(count("ABILITIES","CATEGORY=Skill Training","KEY=Skill Training ~ Discipline"))*((count("ABILITIES","CATEGORY=Skill Training","KEY=Skill Training ~ Discipline")+1)/2)*5
CATEGORY=Internal|Skill Tracker.MOD	BONUS:VAR|SkillCostKnowledgeEducation|(count("ABILITIES","CATEGORY=Skill Training","KEY=Skill Training ~ Knowledge (Education)")+1)*((count("ABILITIES","CATEGORY=Skill Training","KEY=Skill Training ~ Knowledge (Education)")+2)/2)*5	BONUS:VAR|Experience|-(count("ABILITIES","CATEGORY=Skill Training","KEY=Skill Training ~ Knowledge (Education)"))*((count("ABILITIES","CATEGORY=Skill Training","KEY=Skill Training ~ Knowledge (Education)")+1)/2)*5
CATEGORY=Internal|Skill Tracker.MOD	BONUS:VAR|SkillCostGunnery|(count("ABILITIES","CATEGORY=Skill Training","KEY=Skill Training ~ Gunnery")+1)*((count("ABILITIES","CATEGORY=Skill Training","KEY=Skill Training ~ Gunnery")+2)/2)*5	BONUS:VAR|Experience|-(count("ABILITIES","CATEGORY=Skill Training","KEY=Skill Training ~ Gunnery"))*((count("ABILITIES","CATEGORY=Skill Training","KEY=Skill Training ~ Gunnery")+1)/2)*5
CATEGORY=Internal|Skill Tracker.MOD	BONUS:VAR|SkillCostLeadership|(count("ABILITIES","CATEGORY=Skill Training","KEY=Skill Training ~ Leadership")+1)*((count("ABILITIES","CATEGORY=Skill Training","KEY=Skill Training ~ Leadership")+2)/2)*5	BONUS:VAR|Experience|-(count("ABILITIES","CATEGORY=Skill Training","KEY=Skill Training ~ Leadership"))*((count("ABILITIES","CATEGORY=Skill Training","KEY=Skill Training ~ Leadership")+1)/2)*5
CATEGORY=Internal|Skill Tracker.MOD	BONUS:VAR|SkillCostKnowledgeLore|(count("ABILITIES","CATEGORY=Skill Training","KEY=Skill Training ~ Knowledge (Lore)")+1)*((count("ABILITIES","CATEGORY=Skill Training","KEY=Skill Training ~ Knowledge (Lore)")+2)/2)*5	BONUS:VAR|Experience|-(count("ABILITIES","CATEGORY=Skill Training","KEY=Skill Training ~ Knowledge (Lore)"))*((count("ABILITIES","CATEGORY=Skill Training","KEY=Skill Training ~ Knowledge (Lore)")+1)/2)*5
CATEGORY=Internal|Skill Tracker.MOD	BONUS:VAR|SkillCostMechanics|(count("ABILITIES","CATEGORY=Skill Training","KEY=Skill Training ~ Mechanics")+1)*((count("ABILITIES","CATEGORY=Skill Training","KEY=Skill Training ~ Mechanics")+2)/2)*5	BONUS:VAR|Experience|-(count("ABILITIES","CATEGORY=Skill Training","KEY=Skill Training ~ Mechanics"))*((count("ABILITIES","CATEGORY=Skill Training","KEY=Skill Training ~ Mechanics")+1)/2)*5
CATEGORY=Internal|Skill Tracker.MOD	BONUS:VAR|SkillCostMedicine|(count("ABILITIES","CATEGORY=Skill Training","KEY=Skill Training ~ Medicine")+1)*((count("ABILITIES","CATEGORY=Skill Training","KEY=Skill Training ~ Medicine")+2)/2)*5	BONUS:VAR|Experience|-(count("ABILITIES","CATEGORY=Skill Training","KEY=Skill Training ~ Medicine"))*((count("ABILITIES","CATEGORY=Skill Training","KEY=Skill Training ~ Medicine")+1)/2)*5
CATEGORY=Internal|Skill Tracker.MOD	BONUS:VAR|SkillCostMelee|(count("ABILITIES","CATEGORY=Skill Training","KEY=Skill Training ~ Melee")+1)*((count("ABILITIES","CATEGORY=Skill Training","KEY=Skill Training ~ Melee")+2)/2)*5	BONUS:VAR|Experience|-(count("ABILITIES","CATEGORY=Skill Training","KEY=Skill Training ~ Melee"))*((count("ABILITIES","CATEGORY=Skill Training","KEY=Skill Training ~ Melee")+1)/2)*5
CATEGORY=Internal|Skill Tracker.MOD	BONUS:VAR|SkillCostNegotiation|(count("ABILITIES","CATEGORY=Skill Training","KEY=Skill Training ~ Negotiation")+1)*((count("ABILITIES","CATEGORY=Skill Training","KEY=Skill Training ~ Negotiation")+2)/2)*5	BONUS:VAR|Experience|-(count("ABILITIES","CATEGORY=Skill Training","KEY=Skill Training ~ Negotiation"))*((count("ABILITIES","CATEGORY=Skill Training","KEY=Skill Training ~ Negotiation")+1)/2)*5
CATEGORY=Internal|Skill Tracker.MOD	BONUS:VAR|SkillCostKnowledgeOuterRim|(count("ABILITIES","CATEGORY=Skill Training","KEY=Skill Training ~ Knowledge (Outer Rim)")+1)*((count("ABILITIES","CATEGORY=Skill Training","KEY=Skill Training ~ Knowledge (Outer Rim)")+2)/2)*5	BONUS:VAR|Experience|-(count("ABILITIES","CATEGORY=Skill Training","KEY=Skill Training ~ Knowledge (Outer Rim)"))*((count("ABILITIES","CATEGORY=Skill Training","KEY=Skill Training ~ Knowledge (Outer Rim)")+1)/2)*5
CATEGORY=Internal|Skill Tracker.MOD	BONUS:VAR|SkillCostPerception|(count("ABILITIES","CATEGORY=Skill Training","KEY=Skill Training ~ Perception")+1)*((count("ABILITIES","CATEGORY=Skill Training","KEY=Skill Training ~ Perception")+2)/2)*5	BONUS:VAR|Experience|-(count("ABILITIES","CATEGORY=Skill Training","KEY=Skill Training ~ Perception"))*((count("ABILITIES","CATEGORY=Skill Training","KEY=Skill Training ~ Perception")+1)/2)*5
CATEGORY=Internal|Skill Tracker.MOD	BONUS:VAR|SkillCostPilotingPlanetary|(count("ABILITIES","CATEGORY=Skill Training","KEY=Skill Training ~ Piloting (Planetary)")+1)*((count("ABILITIES","CATEGORY=Skill Training","KEY=Skill Training ~ Piloting (Planetary)")+2)/2)*5	BONUS:VAR|Experience|-(count("ABILITIES","CATEGORY=Skill Training","KEY=Skill Training ~ Piloting (Planetary)"))*((count("ABILITIES","CATEGORY=Skill Training","KEY=Skill Training ~ Piloting (Planetary)")+1)/2)*5
CATEGORY=Internal|Skill Tracker.MOD	BONUS:VAR|SkillCostPilotingSpace|(count("ABILITIES","CATEGORY=Skill Training","KEY=Skill Training ~ Piloting (Space)")+1)*((count("ABILITIES","CATEGORY=Skill Training","KEY=Skill Training ~ Piloting (Space)")+2)/2)*5	BONUS:VAR|Experience|-(count("ABILITIES","CATEGORY=Skill Training","KEY=Skill Training ~ Piloting (Space)"))*((count("ABILITIES","CATEGORY=Skill Training","KEY=Skill Training ~ Piloting (Space)")+1)/2)*5
CATEGORY=Internal|Skill Tracker.MOD	BONUS:VAR|SkillCostRangedHeavy|(count("ABILITIES","CATEGORY=Skill Training","KEY=Skill Training ~ Ranged (Heavy)")+1)*((count("ABILITIES","CATEGORY=Skill Training","KEY=Skill Training ~ Ranged (Heavy)")+2)/2)*5	BONUS:VAR|Experience|-(count("ABILITIES","CATEGORY=Skill Training","KEY=Skill Training ~ Ranged (Heavy)"))*((count("ABILITIES","CATEGORY=Skill Training","KEY=Skill Training ~ Ranged (Heavy)")+1)/2)*5
CATEGORY=Internal|Skill Tracker.MOD	BONUS:VAR|SkillCostRangedLight|(count("ABILITIES","CATEGORY=Skill Training","KEY=Skill Training ~ Ranged (Light)")+1)*((count("ABILITIES","CATEGORY=Skill Training","KEY=Skill Training ~ Ranged (Light)")+2)/2)*5	BONUS:VAR|Experience|-(count("ABILITIES","CATEGORY=Skill Training","KEY=Skill Training ~ Ranged (Light)"))*((count("ABILITIES","CATEGORY=Skill Training","KEY=Skill Training ~ Ranged (Light)")+1)/2)*5
CATEGORY=Internal|Skill Tracker.MOD	BONUS:VAR|SkillCostResilience|(count("ABILITIES","CATEGORY=Skill Training","KEY=Skill Training ~ Resilience")+1)*((count("ABILITIES","CATEGORY=Skill Training","KEY=Skill Training ~ Resilience")+2)/2)*5	BONUS:VAR|Experience|-(count("ABILITIES","CATEGORY=Skill Training","KEY=Skill Training ~ Resilience"))*((count("ABILITIES","CATEGORY=Skill Training","KEY=Skill Training ~ Resilience")+1)/2)*5
CATEGORY=Internal|Skill Tracker.MOD	BONUS:VAR|SkillCostSkulduggery|(count("ABILITIES","CATEGORY=Skill Training","KEY=Skill Training ~ Skulduggery")+1)*((count("ABILITIES","CATEGORY=Skill Training","KEY=Skill Training ~ Skulduggery")+2)/2)*5	BONUS:VAR|Experience|-(count("ABILITIES","CATEGORY=Skill Training","KEY=Skill Training ~ Skulduggery"))*((count("ABILITIES","CATEGORY=Skill Training","KEY=Skill Training ~ Skulduggery")+1)/2)*5
CATEGORY=Internal|Skill Tracker.MOD	BONUS:VAR|SkillCostStealth|(count("ABILITIES","CATEGORY=Skill Training","KEY=Skill Training ~ Stealth")+1)*((count("ABILITIES","CATEGORY=Skill Training","KEY=Skill Training ~ Stealth")+2)/2)*5	BONUS:VAR|Experience|-(count("ABILITIES","CATEGORY=Skill Training","KEY=Skill Training ~ Stealth"))*((count("ABILITIES","CATEGORY=Skill Training","KEY=Skill Training ~ Stealth")+1)/2)*5
CATEGORY=Internal|Skill Tracker.MOD	BONUS:VAR|SkillCostStreetwise|(count("ABILITIES","CATEGORY=Skill Training","KEY=Skill Training ~ Streetwise")+1)*((count("ABILITIES","CATEGORY=Skill Training","KEY=Skill Training ~ Streetwise")+2)/2)*5	BONUS:VAR|Experience|-(count("ABILITIES","CATEGORY=Skill Training","KEY=Skill Training ~ Streetwise"))*((count("ABILITIES","CATEGORY=Skill Training","KEY=Skill Training ~ Streetwise")+1)/2)*5
CATEGORY=Internal|Skill Tracker.MOD	BONUS:VAR|SkillCostSurvival|(count("ABILITIES","CATEGORY=Skill Training","KEY=Skill Training ~ Survival")+1)*((count("ABILITIES","CATEGORY=Skill Training","KEY=Skill Training ~ Survival")+2)/2)*5	BONUS:VAR|Experience|-(count("ABILITIES","CATEGORY=Skill Training","KEY=Skill Training ~ Survival"))*((count("ABILITIES","CATEGORY=Skill Training","KEY=Skill Training ~ Survival")+1)/2)*5
CATEGORY=Internal|Skill Tracker.MOD	BONUS:VAR|SkillCostKnowledgeUnderworld|(count("ABILITIES","CATEGORY=Skill Training","KEY=Skill Training ~ Knowledge (Underworld)")+1)*((count("ABILITIES","CATEGORY=Skill Training","KEY=Skill Training ~ Knowledge (Underworld)")+2)/2)*5	BONUS:VAR|Experience|-(count("ABILITIES","CATEGORY=Skill Training","KEY=Skill Training ~ Knowledge (Underworld)"))*((count("ABILITIES","CATEGORY=Skill Training","KEY=Skill Training ~ Knowledge (Underworld)")+1)/2)*5
CATEGORY=Internal|Skill Tracker.MOD	BONUS:VAR|SkillCostVigilance|(count("ABILITIES","CATEGORY=Skill Training","KEY=Skill Training ~ Vigilance")+1)*((count("ABILITIES","CATEGORY=Skill Training","KEY=Skill Training ~ Vigilance")+2)/2)*5	BONUS:VAR|Experience|-(count("ABILITIES","CATEGORY=Skill Training","KEY=Skill Training ~ Vigilance"))*((count("ABILITIES","CATEGORY=Skill Training","KEY=Skill Training ~ Vigilance")+1)/2)*5
CATEGORY=Internal|Skill Tracker.MOD	BONUS:VAR|SkillCostKnowledgeXenology|(count("ABILITIES","CATEGORY=Skill Training","KEY=Skill Training ~ Knowledge (Xenology)")+1)*((count("ABILITIES","CATEGORY=Skill Training","KEY=Skill Training ~ Knowledge (Xenology)")+2)/2)*5	BONUS:VAR|Experience|-(count("ABILITIES","CATEGORY=Skill Training","KEY=Skill Training ~ Knowledge (Xenology)"))*((count("ABILITIES","CATEGORY=Skill Training","KEY=Skill Training ~ Knowledge (Xenology)")+1)/2)*5
###Block
# Ability Name				Category of Ability	Define				Modify VAR
Stat Tracker				CATEGORY:Internal
CATEGORY=Internal|Stat Tracker.MOD					DEFINE:PurchaseAGICost|0	BONUS:VAR|PurchaseAGI|PurchaseAGICost	BONUS:VAR|PurchaseAGICost|(count("ABILITIES","CATEGORY=Internal","KEY=Stat Increase ~ AGI")+1)*((count("ABILITIES","CATEGORY=Internal","KEY=Stat Increase ~ AGI")+2)/2)*10	BONUS:VAR|PurchaseAGICost|(count("ABILITIES","CATEGORY=Internal","KEY=Race Stat ~ AGI")+1)*((count("ABILITIES","CATEGORY=Internal","KEY=Race Stat ~ AGI")+2)/2)*10
CATEGORY=Internal|Stat Tracker.MOD					DEFINE:PurchaseBRACost|0	BONUS:VAR|PurchaseBRA|PurchaseBRACost	BONUS:VAR|PurchaseBRACost|(count("ABILITIES","CATEGORY=Internal","KEY=Stat Increase ~ BRA")+1)*((count("ABILITIES","CATEGORY=Internal","KEY=Stat Increase ~ BRA")+2)/2)*10	BONUS:VAR|PurchaseBRACost|(count("ABILITIES","CATEGORY=Internal","KEY=Race Stat ~ BRA")+1)*((count("ABILITIES","CATEGORY=Internal","KEY=Race Stat ~ BRA")+2)/2)*10
CATEGORY=Internal|Stat Tracker.MOD					DEFINE:PurchaseCUNCost|0	BONUS:VAR|PurchaseCUN|PurchaseCUNCost	BONUS:VAR|PurchaseCUNCost|(count("ABILITIES","CATEGORY=Internal","KEY=Stat Increase ~ CUN")+1)*((count("ABILITIES","CATEGORY=Internal","KEY=Stat Increase ~ CUN")+2)/2)*10	BONUS:VAR|PurchaseCUNCost|(count("ABILITIES","CATEGORY=Internal","KEY=Race Stat ~ CUN")+1)*((count("ABILITIES","CATEGORY=Internal","KEY=Race Stat ~ CUN")+2)/2)*10
CATEGORY=Internal|Stat Tracker.MOD					DEFINE:PurchaseINTCost|0	BONUS:VAR|PurchaseINT|PurchaseINTCost	BONUS:VAR|PurchaseINTCost|(count("ABILITIES","CATEGORY=Internal","KEY=Stat Increase ~ INT")+1)*((count("ABILITIES","CATEGORY=Internal","KEY=Stat Increase ~ INT")+2)/2)*10	BONUS:VAR|PurchaseINTCost|(count("ABILITIES","CATEGORY=Internal","KEY=Race Stat ~ INT")+1)*((count("ABILITIES","CATEGORY=Internal","KEY=Race Stat ~ INT")+2)/2)*10
CATEGORY=Internal|Stat Tracker.MOD					DEFINE:PurchasePRECost|0	BONUS:VAR|PurchasePRE|PurchasePRECost	BONUS:VAR|PurchasePRECost|(count("ABILITIES","CATEGORY=Internal","KEY=Stat Increase ~ PRE")+1)*((count("ABILITIES","CATEGORY=Internal","KEY=Stat Increase ~ PRE")+2)/2)*10	BONUS:VAR|PurchasePRECost|(count("ABILITIES","CATEGORY=Internal","KEY=Race Stat ~ PRE")+1)*((count("ABILITIES","CATEGORY=Internal","KEY=Race Stat ~ PRE")+2)/2)*10
CATEGORY=Internal|Stat Tracker.MOD					DEFINE:PurchaseWILCost|0	BONUS:VAR|PurchaseWIL|PurchaseWILCost	BONUS:VAR|PurchaseWILCost|(count("ABILITIES","CATEGORY=Internal","KEY=Stat Increase ~ WIL")+1)*((count("ABILITIES","CATEGORY=Internal","KEY=Stat Increase ~ WIL")+2)/2)*10	BONUS:VAR|PurchaseWILCost|(count("ABILITIES","CATEGORY=Internal","KEY=Race Stat ~ WIL")+1)*((count("ABILITIES","CATEGORY=Internal","KEY=Race Stat ~ WIL")+2)/2)*10
CATEGORY=Internal|Stat Tracker.MOD					DEFINE:PurchasedAGI|0		BONUS:VAR|Experience|PurchasedAGI	BONUS:VAR|PurchasedAGI|-(count("ABILITIES","CATEGORY=Internal","KEY=Stat Increase ~ AGI"))*((count("ABILITIES","CATEGORY=Internal","KEY=Stat Increase ~ AGI")+1)/2)*10
CATEGORY=Internal|Stat Tracker.MOD					DEFINE:PurchasedBRA|0		BONUS:VAR|Experience|PurchasedBRA	BONUS:VAR|PurchasedBRA|-(count("ABILITIES","CATEGORY=Internal","KEY=Stat Increase ~ BRA"))*((count("ABILITIES","CATEGORY=Internal","KEY=Stat Increase ~ BRA")+1)/2)*10
CATEGORY=Internal|Stat Tracker.MOD					DEFINE:PurchasedCUN|0		BONUS:VAR|Experience|PurchasedCUN	BONUS:VAR|PurchasedCUN|-(count("ABILITIES","CATEGORY=Internal","KEY=Stat Increase ~ CUN"))*((count("ABILITIES","CATEGORY=Internal","KEY=Stat Increase ~ CUN")+1)/2)*10
CATEGORY=Internal|Stat Tracker.MOD					DEFINE:PurchasedINT|0		BONUS:VAR|Experience|PurchasedINT	BONUS:VAR|PurchasedINT|-(count("ABILITIES","CATEGORY=Internal","KEY=Stat Increase ~ INT"))*((count("ABILITIES","CATEGORY=Internal","KEY=Stat Increase ~ INT")+1)/2)*10
CATEGORY=Internal|Stat Tracker.MOD					DEFINE:PurchasedPRE|0		BONUS:VAR|Experience|PurchasedPRE	BONUS:VAR|PurchasedPRE|-(count("ABILITIES","CATEGORY=Internal","KEY=Stat Increase ~ PRE"))*((count("ABILITIES","CATEGORY=Internal","KEY=Stat Increase ~ PRE")+1)/2)*10
CATEGORY=Internal|Stat Tracker.MOD					DEFINE:PurchasedWIL|0		BONUS:VAR|Experience|PurchasedWIL	BONUS:VAR|PurchasedWIL|-(count("ABILITIES","CATEGORY=Internal","KEY=Stat Increase ~ WIL"))*((count("ABILITIES","CATEGORY=Internal","KEY=Stat Increase ~ WIL")+1)/2)*10
CATEGORY=Internal|Stat Tracker.MOD										BONUS:VAR|PurchasedAGI|-(count("ABILITIES","CATEGORY=Internal","KEY=Race Stat ~ AGI"))*((count("ABILITIES","CATEGORY=Internal","KEY=Race Stat ~ AGI")+1)/2)*10
CATEGORY=Internal|Stat Tracker.MOD										BONUS:VAR|PurchasedBRA|-(count("ABILITIES","CATEGORY=Internal","KEY=Race Stat ~ BRA"))*((count("ABILITIES","CATEGORY=Internal","KEY=Race Stat ~ BRA")+1)/2)*10
CATEGORY=Internal|Stat Tracker.MOD										BONUS:VAR|PurchasedCUN|-(count("ABILITIES","CATEGORY=Internal","KEY=Race Stat ~ CUN"))*((count("ABILITIES","CATEGORY=Internal","KEY=Race Stat ~ CUN")+1)/2)*10
CATEGORY=Internal|Stat Tracker.MOD										BONUS:VAR|PurchasedINT|-(count("ABILITIES","CATEGORY=Internal","KEY=Race Stat ~ INT"))*((count("ABILITIES","CATEGORY=Internal","KEY=Race Stat ~ INT")+1)/2)*10
CATEGORY=Internal|Stat Tracker.MOD										BONUS:VAR|PurchasedPRE|-(count("ABILITIES","CATEGORY=Internal","KEY=Race Stat ~ PRE"))*((count("ABILITIES","CATEGORY=Internal","KEY=Race Stat ~ PRE")+1)/2)*10
CATEGORY=Internal|Stat Tracker.MOD										BONUS:VAR|PurchasedWIL|-(count("ABILITIES","CATEGORY=Internal","KEY=Race Stat ~ WIL"))*((count("ABILITIES","CATEGORY=Internal","KEY=Race Stat ~ WIL")+1)/2)*10
###Block
# Ability Name					Category of Ability	Define								Modify VAR
Career Tracker					CATEGORY:Internal
CATEGORY=Internal|Career Tracker.MOD														BONUS:VAR|Experience|-count("ABILITIES","CATEGORY=Career","TYPE=Career Specialization")*((count("ABILITIES","CATEGORY=Career","TYPE=Career Specialization")+1)/2)*10
CATEGORY=Internal|Career Tracker.MOD														BONUS:VAR|Experience|-count("ABILITIES","CATEGORY=Career","TYPE=Career Specialization")*10
CATEGORY=Internal|Career Tracker.MOD					DEFINE:CareerSpecializationCost|0				BONUS:VAR|CareerSpecializationCost|(count("ABILITIES","CATEGORY=Career","TYPE=Career Specialization")+1)*((count("ABILITIES","CATEGORY=Career","TYPE=Career Specialization")+2)/2)*10

###Block: @Obligations
# Ability Name		Unique Key						Category of Ability	Type
Addiction										CATEGORY:Obligation	TYPE:Obligation	COST:0	CHOOSE:USERINPUT|TITLE=Details	MULT:YES
Betrayal										CATEGORY:Obligation	TYPE:Obligation	COST:0	CHOOSE:USERINPUT|TITLE=Details	MULT:YES
Blackmail										CATEGORY:Obligation	TYPE:Obligation	COST:0	CHOOSE:USERINPUT|TITLE=Details	MULT:YES
Bounty										CATEGORY:Obligation	TYPE:Obligation	COST:0	CHOOSE:USERINPUT|TITLE=Details	MULT:YES
Criminal										CATEGORY:Obligation	TYPE:Obligation	COST:0	CHOOSE:USERINPUT|TITLE=Details	MULT:YES
Debt											CATEGORY:Obligation	TYPE:Obligation	COST:0	CHOOSE:USERINPUT|TITLE=Details	MULT:YES
Dutybound										CATEGORY:Obligation	TYPE:Obligation	COST:0	CHOOSE:USERINPUT|TITLE=Details	MULT:YES
Family										CATEGORY:Obligation	TYPE:Obligation	COST:0	CHOOSE:USERINPUT|TITLE=Details	MULT:YES
Favor											CATEGORY:Obligation	TYPE:Obligation	COST:0	CHOOSE:USERINPUT|TITLE=Details	MULT:YES
Oath											CATEGORY:Obligation	TYPE:Obligation	COST:0	CHOOSE:USERINPUT|TITLE=Details	MULT:YES
Obsession										CATEGORY:Obligation	TYPE:Obligation	COST:0	CHOOSE:USERINPUT|TITLE=Details	MULT:YES
Responsibility									CATEGORY:Obligation	TYPE:Obligation	COST:0	CHOOSE:USERINPUT|TITLE=Details	MULT:YES


+5 starting XP		KEY:Additional Obligation ~ +5 XP		CATEGORY:Obligation	TYPE:AdditionalObligation	BONUS:VAR|Experience|5
+10 starting XP		KEY:Additional Obligation ~ +10 XP		CATEGORY:Obligation	TYPE:AdditionalObligation	BONUS:VAR|Experience|10
+1,000 starting credits	KEY:Additional Obligation ~ Credits 1000	CATEGORY:Obligation	TYPE:AdditionalObligation
+2,500 starting credits	KEY:Additional Obligation ~ Credits 2500	CATEGORY:Obligation	TYPE:AdditionalObligation
