
###Block: Web Enhancement 
# Dweomerkeeper
CLASS:Dweomerkeeper	MAXLEVEL:10
CLASS:Dweomerkeeper	HD:6	TYPE:Prestige	SOURCEPAGE:p.1	DEFINE:DweomerkeeperLVL|0	BONUS:VAR|DweomerkeeperLVL|CL
CLASS:Dweomerkeeper	BONUS:COMBAT|BASEAB|classlevel("APPLIEDAS=NONEPIC")*1/2|TYPE=Base.REPLACE|PREVAREQ:UseAlternateBABProgression,0	
CLASS:Dweomerkeeper	BONUS:VAR|ClassBABPoor|classlevel("APPLIEDAS=NONEPIC")|PREVAREQ:UseFractionalBAB,1
CLASS:Dweomerkeeper	BONUS:SAVE|BASE.Fortitude|classlevel("APPLIEDAS=NONEPIC")/3
CLASS:Dweomerkeeper	BONUS:SAVE|BASE.Reflex|classlevel("APPLIEDAS=NONEPIC")/3
CLASS:Dweomerkeeper	BONUS:SAVE|BASE.Will|classlevel("APPLIEDAS=NONEPIC")/2+2
CLASS:Dweomerkeeper	PRETEXT:Skills: Knowledge (arcana) 8 ranks, Spellcraft 8 ranks. Feats: Any item creation feat and any metamagic feat. Spells: Ability to cast arcane and divine spells. Domain: Magic. Special: The candidate must have created at least one magic item, whether of a permanent nature or not.
CLASS:Dweomerkeeper	STARTSKILLPTS:2	CSKILL:Concentration|TYPE=Craft|Diplomacy|Heal|TYPE=Knowledge|TYPE=Profession|Spellcraft
1:REPEATLEVEL:1	ADD:SPELLCASTER|ANY
###Block
11	PREPCLEVEL:MIN=20
###Block	
1	ABILITY:Dweomerkeeper Class Feature|AUTOMATIC|Dweomerkeeper ~ Weapon and Armor Proficiency	
1	ABILITY:Dweomerkeeper Class Feature|AUTOMATIC|Dweomerkeeper ~ Spells per Day/Spells Known		
1	ABILITY:Dweomerkeeper Class Feature|AUTOMATIC|Dweomerkeeper ~ Mantle of Spells			
2	ABILITY:Dweomerkeeper Class Feature|AUTOMATIC|Dweomerkeeper ~ Arcane Sight				
4	ABILITY:Dweomerkeeper Class Feature|AUTOMATIC|Dweomerkeeper ~ Supernatural Spell			
10	ABILITY:Dweomerkeeper Class Feature|AUTOMATIC|Dweomerkeeper ~ Cloak of Mysteries			

# Master of Shrouds
CLASS:Master of Shrouds	MAXLEVEL:10
CLASS:Master of Shrouds	HD:8	TYPE:Prestige	SOURCEPAGE:p.3	DEFINE:MasterOfShroudsLVL|0	BONUS:VAR|MasterOfShroudsLVL|CL
CLASS:Master of Shrouds	BONUS:COMBAT|BASEAB|classlevel("APPLIEDAS=NONEPIC")*3/4|TYPE=Base.REPLACE|PREVAREQ:UseAlternateBABProgression,0	
CLASS:Master of Shrouds	BONUS:VAR|ClassBABModerate|classlevel("APPLIEDAS=NONEPIC")|PREVAREQ:UseFractionalBAB,1	
CLASS:Master of Shrouds	BONUS:SAVE|BASE.Fortitude|classlevel("APPLIEDAS=NONEPIC")/3
CLASS:Master of Shrouds	BONUS:SAVE|BASE.Reflex|classlevel("APPLIEDAS=NONEPIC")/3
CLASS:Master of Shrouds	BONUS:SAVE|BASE.Will|classlevel("APPLIEDAS=NONEPIC")/2+2
CLASS:Master of Shrouds	PRETEXT:Base Save Bonus: Will +5. Spells: Ability to cast divine spells and a spell that appears on the spell list for the Death, Evil, or Protection domain. Skills: Concentration 10 ranks, Spellcraft 10 ranks. Other: Ability to command or rebuke undead.
CLASS:Master of Shrouds	STARTSKILLPTS:2	CSKILL:Concentration|TYPE=Craft|Diplomacy|Intimidate|Knowledge (arcana)|Knowledge (religion)|TYPE=Profession|Spellcraft
2:REPEATLEVEL:2	ADD:SPELLCASTER|Divine
###Block
11	PREPCLEVEL:MIN=20
###Block	
1	ABILITY:Master of Shrouds Class Feature|AUTOMATIC|Master of Shrouds ~ Weapon and Armor Proficiency	
1	ABILITY:Master of Shrouds Class Feature|AUTOMATIC|Master of Shrouds ~ Spells per Day/Spells Known	
1	ABILITY:Master of Shrouds Class Feature|AUTOMATIC|Master of Shrouds ~ Summon Undead			
2	ABILITY:Master of Shrouds Class Feature|AUTOMATIC|Master of Shrouds ~ Extra Turning			

# Moon Guardian							SOURCEPAGE:WU
CLASS:Moon Guardian	MAXLEVEL:5
CLASS:Moon Guardian	HD:8	TYPE:Prestige	SOURCEPAGE:p.	DEFINE:MoonGuardianLVL|0	BONUS:VAR|MoonGuardianLVL|CL
CLASS:Moon Guardian	BONUS:COMBAT|BASEAB|classlevel("APPLIEDAS=NONEPIC")|TYPE=Base.REPLACE
CLASS:Moon Guardian	BONUS:SAVE|BASE.Fortitude|classlevel("APPLIEDAS=NONEPIC")/2+2
CLASS:Moon Guardian	BONUS:SAVE|BASE.Reflex|classlevel("APPLIEDAS=NONEPIC")/2+2
CLASS:Moon Guardian	BONUS:SAVE|BASE.Will|classlevel("APPLIEDAS=NONEPIC")/3
CLASS:Moon Guardian	PRETEXT:Alignment: Any good. Spells: Ability to cast 3rd-level divine spells. Other: The candidate must be an afflicted lycanthrope aware of his condition.
CLASS:Moon Guardian	STARTSKILLPTS:2	CSKILL:Concentration|Control Shape|TYPE=Craft|Knowledge (religion)|Spellcraft
2	ADD:SPELLCASTER|Divine
4	ADD:SPELLCASTER|Divine
###Block	
1	ABILITY:Moon Guardian Class Feature|AUTOMATIC|Moon Guardian ~ Weapon and Armor Proficiency	
1	ABILITY:Moon Guardian Class Feature|AUTOMATIC|Moon Guardian ~ Natural Spell				
2	ABILITY:Moon Guardian Class Feature|AUTOMATIC|Moon Guardian ~ Spells per Day/Spells Known		
1	ABILITY:Moon Guardian Class Feature|AUTOMATIC|Moon Guardian ~ Voluntary Change			
3	ABILITY:Moon Guardian Class Feature|AUTOMATIC|Moon Guardian ~ Rapid Change				
5	ABILITY:Moon Guardian Class Feature|AUTOMATIC|Moon Guardian ~ Instantaneous Change			

# Nightcloak
CLASS:Nightcloak	MAXLEVEL:10
CLASS:Nightcloak	HD:8	TYPE:Prestige	SOURCEPAGE:p.8	DEFINE:NightcloakLVL|0	BONUS:VAR|NightcloakLVL|CL
CLASS:Nightcloak	BONUS:COMBAT|BASEAB|classlevel("APPLIEDAS=NONEPIC")*3/4|TYPE=Base.REPLACE|PREVAREQ:UseAlternateBABProgression,0	
CLASS:Nightcloak	BONUS:VAR|ClassBABModerate|classlevel("APPLIEDAS=NONEPIC")|PREVAREQ:UseFractionalBAB,1	
CLASS:Nightcloak	BONUS:SAVE|BASE.Fortitude|classlevel("APPLIEDAS=NONEPIC")/2+2
CLASS:Nightcloak	BONUS:SAVE|BASE.Reflex|classlevel("APPLIEDAS=NONEPIC")/3
CLASS:Nightcloak	BONUS:SAVE|BASE.Will|classlevel("APPLIEDAS=NONEPIC")/2+2
CLASS:Nightcloak	PRETEXT:Alignment: Neutral evil. Base Attack Bonus: +3. Skills: Bluff 2 ranks, Hide 4 ranks, Move Silently 2 ranks, Perform (any) 4 ranks. Feats: Iron Will, Spell Focus (Enchantment, Illusion, or Necromancy). Spells: Ability to cast 3rd-level divine spells. A cleric candidate must have access to the Evil domain.
CLASS:Nightcloak	STARTSKILLPTS:2	CSKILL:Bluff|Concentration|TYPE=Craft|Diplomacy|Heal|Hide|Knowledge (arcana)|Knowledge (history)|Knowledge (the planes)|Knowledge (religion)|TYPE=Profession|Sense Motive|Spellcraft
1:REPEATLEVEL:1	ADD:SPELLCASTER|ANY
###Block
11	PREPCLEVEL:MIN=20
###Block	
1	ABILITY:Nightcloak Class Feature|AUTOMATIC|Nightcloak ~ Weapon and Armor Proficiency	
1	ABILITY:Nightcloak Class Feature|AUTOMATIC|Nightcloak ~ Spells per Day/Spells Known	
1	ABILITY:Nightcloak Class Feature|AUTOMATIC|Nightcloak ~ Might of Darkness			
2	ABILITY:Nightcloak Class Feature|AUTOMATIC|Nightcloak ~ Eyes of Night			
4	ABILITY:Nightcloak Class Feature|AUTOMATIC|Nightcloak ~ Shadow Talk				
5	ABILITY:Nightcloak Class Feature|AUTOMATIC|Nightcloak ~ True Lies				
7	ABILITY:Nightcloak Class Feature|AUTOMATIC|Nightcloak ~ Grace of the Dark			
8	ABILITY:Nightcloak Class Feature|AUTOMATIC|Nightcloak ~ Minions of Night			
10	ABILITY:Nightcloak Class Feature|AUTOMATIC|Nightcloak ~ Voice of Ineffable Evil		
