SOURCELONG:City of Splendor	SOURCESHORT:CitySplendor	SOURCEDATE:2005-07

# TODO: Spell Descriptions
# TODO: Sourcepages
Binding Chain of Fate			SCHOOL:Evocation													CLASSES:Sorcerer,Wizard=9									TYPE:Arcane			COMPS:V,S,M		CASTTIME:1 standard action				RANGE:Close							TARGETAREA:Whirling chain of force																			DURATION:(CASTERLEVEL) rounds								SAVEINFO:Will negates							SPELLRES:Yes								SOURCEPAGE:p.152						DESC:Chain encircles target
Ensul's Soultheft				SCHOOL:Necromancy							DESCRIPTOR:Evil				CLASSES:Sorcerer,Wizard=9									TYPE:Arcane			COMPS:V,S,M		CASTTIME:1 full round					RANGE:Touch							TARGETAREA:Living, corporeal creature touched																	DURATION:(CASTERLEVEL) rounds (D); see text					SAVEINFO:Will negates							SPELLRES:Yes								SOURCEPAGE:p.152						DESC:Evil
Halaster's Blacksphere			SCHOOL:Evocation							DESCRIPTOR:Force				CLASSES:Sorcerer,Wizard=8									TYPE:Arcane			COMPS:V,S,M		CASTTIME:1 standard action				RANGE:Medium						TARGETAREA:10-ft.-radius burst and globe																		DURATION:2d4 rounds + (CASTERLEVEL) rounds					SAVEINFO:Reflex half; see text					SPELLRES:Yes								SOURCEPAGE:p.153						DESC:See text
Halaster's Fetch I			SCHOOL:Conjuration	SUBSCHOOL:Calling									CLASSES:Sorcerer,Wizard=4									TYPE:Arcane			COMPS:V,S		CASTTIME:1 standard action				RANGE:Personal						TARGETAREA:You																						DURATION:(CASTERLEVEL) rounds [D]																							SOURCEPAGE:p.							DESC:Requires Text.
Halaster's Fetch II			SCHOOL:Conjuration	SUBSCHOOL:Calling									CLASSES:Sorcerer,Wizard=4									TYPE:Arcane			COMPS:V,S		CASTTIME:1 standard action				RANGE:Personal						TARGETAREA:You																						DURATION:(CASTERLEVEL) rounds [D]																							SOURCEPAGE:p.							DESC:Requires Text.
Halaster's Fetch III			SCHOOL:Conjuration	SUBSCHOOL:Calling									CLASSES:Sorcerer,Wizard=4									TYPE:Arcane			COMPS:V,S		CASTTIME:1 standard action				RANGE:Personal						TARGETAREA:You																						DURATION:(CASTERLEVEL) rounds [D]																							SOURCEPAGE:p.							DESC:Requires Text.
Halaster's Fetch IV			SCHOOL:Conjuration	SUBSCHOOL:Calling									CLASSES:Sorcerer,Wizard=4									TYPE:Arcane			COMPS:V,S		CASTTIME:1 standard action				RANGE:Personal						TARGETAREA:You																						DURATION:(CASTERLEVEL) rounds [D]																							SOURCEPAGE:p.							DESC:Requires Text.
Halaster's Fetch V			SCHOOL:Conjuration	SUBSCHOOL:Calling									CLASSES:Sorcerer,Wizard=4									TYPE:Arcane			COMPS:V,S		CASTTIME:1 standard action				RANGE:Personal						TARGETAREA:You																						DURATION:(CASTERLEVEL) rounds [D]																							SOURCEPAGE:p.							DESC:Requires Text.
Halaster's Fetch VI			SCHOOL:Conjuration	SUBSCHOOL:Calling									CLASSES:Sorcerer,Wizard=4									TYPE:Arcane			COMPS:V,S		CASTTIME:1 standard action				RANGE:Personal						TARGETAREA:You																						DURATION:(CASTERLEVEL) rounds [D]																							SOURCEPAGE:p.							DESC:Requires Text.
Halaster's Image Swap			SCHOOL:Conjuration	SUBSCHOOL:Teleportation								CLASSES:Bard,Sorcerer,Wizard=4								TYPE:Arcane			COMPS:V		CASTTIME:1 standard action				RANGE:Medium						TARGETAREA:You and touched objects weighing up to 50 lb./level														DURATION:Instantaneous									SAVEINFO:None and Will negates (object)				SPELLRES:No and Yes (object)						SOURCEPAGE:p.							DESC:See Text
Halaster's Light Step			SCHOOL:Transmutation												CLASSES:Bard,Sorcerer,Wizard=2								TYPE:Arcane			COMPS:V,S		CASTTIME:1 standard action				RANGE:Personal						TARGETAREA:You																						DURATION:(CASTERLEVEL) rounds [D]																							SOURCEPAGE:p.							DESC:Requires Text.
Halaster's Shaking Hand			SCHOOL:Evocation													CLASSES:Sorcerer,Wizard=6									TYPE:Arcane			COMPS:V,S		CASTTIME:1 standard action				RANGE:Personal						TARGETAREA:You																						DURATION:(CASTERLEVEL) rounds [D]																							SOURCEPAGE:p.							DESC:Requires Text.
Halaster's Teleport Cage		SCHOOL:Abjuration													CLASSES:Sorcerer,Wizard=9									TYPE:Arcane			COMPS:V,S,M		CASTTIME:10 minutes					RANGE:Close							TARGETAREA:One 10-ft. cube per level																		DURATION:Permanent									SAVEINFO:None								SPELLRES:No									SOURCEPAGE:p.							DESC:See Text
Jhanifer's Deliquence			SCHOOL:Transmutation						DESCRIPTOR:Cold|Water			CLASSES:Sorcerer,Wizard=4									TYPE:Arcane			COMPS:V,S		CASTTIME:1 standard action				RANGE:Personal						TARGETAREA:You																						DURATION:(CASTERLEVEL) rounds [D]																							SOURCEPAGE:p.							DESC:As transmute rock to mud; see text
Jumpgout					SCHOOL:Evocation							DESCRIPTOR:Fire				CLASSES:Sorcerer,Wizard=5									TYPE:Arcane			COMPS:V		CASTTIME:1 standard action				RANGE:Medium						TARGETAREA:5-ft.-radius pillar of flame, up to 30 ft. tall															DURATION:2 rounds										SAVEINFO:Reflex half; see text					SPELLRES:Yes								SOURCEPAGE:p.							DESC:See Text
Khelben's Dweomerdoom			SCHOOL:Abjuration													CLASSES:Sorcerer,Wizard=9									TYPE:Arcane			COMPS:V,S,F		CASTTIME:1 swift action					RANGE:Close							TARGETAREA:1 creature																					DURATION:Instantaneous									SAVEINFO:None								SPELLRES:No									SOURCEPAGE:p.							DESC:See text
Laeral's Crowning Touch			SCHOOL:Necromancy													CLASSES:Cleric,Sorcerer,Wizard=9								TYPE:Arcane.Divine	COMPS:V,S,F,XP	CASTTIME:1 standard action				RANGE:Touch							TARGETAREA:One spellcaster																				DURATION:1 year and 1 day								SAVEINFO:Will negates; see text					SPELLRES:Yes								SOURCEPAGE:p.							DESC:Requires Text.
Laeral's Silver Lance			SCHOOL:Evocation							DESCRIPTOR:Force				CLASSES:Sorcerer,Wizard=3									TYPE:Arcane			COMPS:V,S,F		CASTTIME:1 standard action				RANGE:Long							TARGETAREA:None																						DURATION:Instantaneous									SAVEINFO:Fortitude partial; see text				SPELLRES:Yes								SOURCEPAGE:p.							DESC:Requires Text.
Palarandusk's Fire Breath		SCHOOL:Evocation							DESCRIPTOR:Fire				CLASSES:Sorcerer,Wizard=2									TYPE:Arcane			COMPS:V,S		CASTTIME:1 standard action				RANGE:Personal						TARGETAREA:You																						DURATION:One hour or until discharged						SAVEINFO:Reflex half							SPELLRES:Yes								SOURCEPAGE:p.							DESC:Requires Text.
Steelsting					SCHOOL:Evocation							DESCRIPTOR:Force				CLASSES:Sorcerer,Wizard=4									TYPE:Arcane			COMPS:V		CASTTIME:1 standard action				RANGE:Personal						TARGETAREA:You																						DURATION:(CASTERLEVEL) rounds [D]																							SOURCEPAGE:p.							DESC:Requires Text.
Trobriand's Baleful Teleport		SCHOOL:Conjuration	SUBSCHOOL:Teleportation								CLASSES:Sorcerer,Wizard=6									TYPE:Arcane			COMPS:V,S		CASTTIME:1 standard action				RANGE:Personal						TARGETAREA:You																						DURATION:(CASTERLEVEL) rounds [D]																							SOURCEPAGE:p.							DESC:Requires Text.
Trobriand's Crytalbrittle		SCHOOL:Transmutation												CLASSES:Bard,Sorcerer,Wizard=3								TYPE:Arcane			COMPS:V,S,M		CASTTIME:1 standard action				RANGE:Close							TARGETAREA:One nonmagical object up to 1 cu. ft. per level															DURATION:Permanent									SAVEINFO:Fortitude negates						SPELLRES:Yes								SOURCEPAGE:p.							DESC:Requires Text.
Trobriand's Glassee			SCHOOL:Transmutation												CLASSES:Sorcerer,Wizard=6									TYPE:Arcane			COMPS:V,S,M		CASTTIME:1 standard action				RANGE:Close							TARGETAREA:One nonmagical stone or metal object up to 1 cu. ft. per level												DURATION:Permanent									SAVEINFO:Fortitude negates						SPELLRES:Yes								SOURCEPAGE:p.							DESC:This spell gives the target object the transparency of glass.
