

CATEGORY=Internal|Racial Traits ~ Gria.MOD	DEFINE:GriaWeaponFamiliarity		
CATEGORY=Internal|Racial Traits ~ Gria.MOD	DEFINE:GriaFearless			
CATEGORY=Internal|Racial Traits ~ Gria.MOD	DEFINE:GriaSurvivialist			

CATEGORY=Internal|Racial Traits ~ Gria.MOD
CATEGORY=Internal|Racial Traits ~ Gria.MOD
CATEGORY=Internal|Racial Traits ~ Gria.MOD


CATEGORY=Internal|Racial Traits ~ Gria.MOD
CATEGORY=Internal|Racial Traits ~ Gria.MOD
CATEGORY=Internal|Racial Traits ~ Gria.MOD








CATEGORY=Internal|Racial Traits ~ Aegyl.MOD		DEFINE:AegylAbilityScoreRacialTraits|0
CATEGORY=Internal|Racial Traits ~ Aegyl.MOD		DEFINE:AegylSize|0
CATEGORY=Internal|Racial Traits ~ Aegyl.MOD		DEFINE:AegylType|0
CATEGORY=Internal|Racial Traits ~ Aegyl.MOD		DEFINE:AegylBaseSpeed|0
CATEGORY=Internal|Racial Traits ~ Aegyl.MOD		DEFINE:AegylLanguages|0
CATEGORY=Internal|Racial Traits ~ Aegyl.MOD		DEFINE:AegylEnergyResistance|0
CATEGORY=Internal|Racial Traits ~ Aegyl.MOD		DEFINE:AegylKeenSenses|0
CATEGORY=Internal|Racial Traits ~ Aegyl.MOD		DEFINE:AegylGlidingWings|0
CATEGORY=Internal|Racial Traits ~ Aegyl.MOD		DEFINE:AegylLowlightVision|0
CATEGORY=Internal|Racial Traits ~ Aegyl.MOD		DEFINE:AegylEmotionless|0
CATEGORY=Internal|Racial Traits ~ Bangaa.MOD		DEFINE:BangaaAbilityScoreRacialTraits|0
CATEGORY=Internal|Racial Traits ~ Bangaa.MOD		DEFINE:BangaaSize|0
CATEGORY=Internal|Racial Traits ~ Bangaa.MOD		DEFINE:BangaaType|0
CATEGORY=Internal|Racial Traits ~ Bangaa.MOD		DEFINE:BangaaBaseSpeed|0
CATEGORY=Internal|Racial Traits ~ Bangaa.MOD		DEFINE:BangaaLanguages|0
CATEGORY=Internal|Racial Traits ~ Bangaa.MOD		DEFINE:BangaaStability|0
CATEGORY=Internal|Racial Traits ~ Bangaa.MOD		DEFINE:BangaaThickskinned|0
CATEGORY=Internal|Racial Traits ~ Bangaa.MOD		DEFINE:BangaaKeenSenses|0
CATEGORY=Internal|Racial Traits ~ Bangaa.MOD		DEFINE:BangaaWellBalanced|0
CATEGORY=Internal|Racial Traits ~ Bangaa.MOD		DEFINE:BangaaBite|0
CATEGORY=Internal|Racial Traits ~ Bangaa.MOD		DEFINE:BangaaHoldBreath|0
CATEGORY=Internal|Racial Traits ~ Bangaa.MOD		DEFINE:BangaaLowLightVision|0
CATEGORY=Internal|Racial Traits ~ Burmecian.MOD		DEFINE:BurmecianAbilityScoreRacialTraits|0
CATEGORY=Internal|Racial Traits ~ Burmecian.MOD		DEFINE:BurmecianSize|0
CATEGORY=Internal|Racial Traits ~ Burmecian.MOD		DEFINE:BurmecianType|0
CATEGORY=Internal|Racial Traits ~ Burmecian.MOD		DEFINE:BurmecianBaseSpeed|0
CATEGORY=Internal|Racial Traits ~ Burmecian.MOD		DEFINE:BurmecianLanguages|0
CATEGORY=Internal|Racial Traits ~ Burmecian.MOD		DEFINE:BurmecianDiseaseImmunity|0
CATEGORY=Internal|Racial Traits ~ Burmecian.MOD		DEFINE:BurmecianKeenSenses|0
CATEGORY=Internal|Racial Traits ~ Burmecian.MOD		DEFINE:BurmecianNaturalJumper|0
CATEGORY=Internal|Racial Traits ~ Burmecian.MOD		DEFINE:BurmecianRodentEmpathy|0
CATEGORY=Internal|Racial Traits ~ Burmecian.MOD		DEFINE:BurmecianDarkvision|0
CATEGORY=Internal|Racial Traits ~ Burmecian.MOD		DEFINE:BurmecianBite|0
CATEGORY=Internal|Racial Traits ~ Burmecian.MOD		DEFINE:BurmecianCorneredFury|0
CATEGORY=Internal|Racial Traits ~ Dwarf.MOD		DEFINE:DwarfAbilityScoreRacialTraits|0
CATEGORY=Internal|Racial Traits ~ Dwarf.MOD		DEFINE:DwarfSize|0
CATEGORY=Internal|Racial Traits ~ Dwarf.MOD		DEFINE:DwarfType|0
CATEGORY=Internal|Racial Traits ~ Dwarf.MOD		DEFINE:DwarfBaseSpeed|0
CATEGORY=Internal|Racial Traits ~ Dwarf.MOD		DEFINE:DwarfLanguages|0
CATEGORY=Internal|Racial Traits ~ Dwarf.MOD		DEFINE:DwarfDefensiveTraining|0
CATEGORY=Internal|Racial Traits ~ Dwarf.MOD		DEFINE:DwarfHardy|0
CATEGORY=Internal|Racial Traits ~ Dwarf.MOD		DEFINE:DwarfStability|0
CATEGORY=Internal|Racial Traits ~ Dwarf.MOD		DEFINE:DwarfGreed|0
CATEGORY=Internal|Racial Traits ~ Dwarf.MOD		DEFINE:DwarfStonecunning|0
CATEGORY=Internal|Racial Traits ~ Dwarf.MOD		DEFINE:DwarfHatred|0
CATEGORY=Internal|Racial Traits ~ Dwarf.MOD		DEFINE:DwarfWeaponFamiliarity|0
CATEGORY=Internal|Racial Traits ~ Dwarf.MOD		DEFINE:DwarfDarkvision|0
CATEGORY=Internal|Racial Traits ~ Elvaan.MOD		DEFINE:ElvaanAbilityScoreRacialTraits|0
CATEGORY=Internal|Racial Traits ~ Elvaan.MOD		DEFINE:ElvaanSize|0
CATEGORY=Internal|Racial Traits ~ Elvaan.MOD		DEFINE:ElvaanType|0
CATEGORY=Internal|Racial Traits ~ Elvaan.MOD		DEFINE:ElvaanBaseSpeed|0
CATEGORY=Internal|Racial Traits ~ Elvaan.MOD		DEFINE:ElvaanLanguages|0
CATEGORY=Internal|Racial Traits ~ Elvaan.MOD		DEFINE:ElvaanKeenSenses|0
CATEGORY=Internal|Racial Traits ~ Elvaan.MOD		DEFINE:ElvaanMartialBackground|0
CATEGORY=Internal|Racial Traits ~ Elvaan.MOD		DEFINE:ElvaanNobleUpbringing|0
CATEGORY=Internal|Racial Traits ~ Elvaan.MOD		DEFINE:ElvaanHatred|0
CATEGORY=Internal|Racial Traits ~ Elvaan.MOD		DEFINE:ElvaanWeaponFamiliarity|0
CATEGORY=Internal|Racial Traits ~ Elvaan.MOD		DEFINE:ElvaanLowlightVision|0
CATEGORY=Internal|Racial Traits ~ Galka.MOD		DEFINE:GalkaAbilityScoreRacialTraits|0
CATEGORY=Internal|Racial Traits ~ Galka.MOD		DEFINE:GalkaSize|0
CATEGORY=Internal|Racial Traits ~ Galka.MOD		DEFINE:GalkaType|0
CATEGORY=Internal|Racial Traits ~ Galka.MOD		DEFINE:GalkaBaseSpeed|0
CATEGORY=Internal|Racial Traits ~ Galka.MOD		DEFINE:GalkaLanguages|0
CATEGORY=Internal|Racial Traits ~ Galka.MOD		DEFINE:GalkaHearty|0
CATEGORY=Internal|Racial Traits ~ Galka.MOD		DEFINE:GalkaStability|0
CATEGORY=Internal|Racial Traits ~ Galka.MOD		DEFINE:GalkaImposingFigure|0
CATEGORY=Internal|Racial Traits ~ Galka.MOD		DEFINE:GalkaMetalworker|0
CATEGORY=Internal|Racial Traits ~ Galka.MOD		DEFINE:GalkaFerocity|0
CATEGORY=Internal|Racial Traits ~ Galka.MOD		DEFINE:GalkaWeaponFamiliarity|0
CATEGORY=Internal|Racial Traits ~ Galka.MOD		DEFINE:GalkaLowLightVision|0
CATEGORY=Internal|Racial Traits ~ Gria.MOD		DEFINE:GriaAbilityScoreRacialTraits|0
CATEGORY=Internal|Racial Traits ~ Gria.MOD		DEFINE:GriaSize|0
CATEGORY=Internal|Racial Traits ~ Gria.MOD		DEFINE:GriaType|0
CATEGORY=Internal|Racial Traits ~ Gria.MOD		DEFINE:GriaBaseSpeed|0
CATEGORY=Internal|Racial Traits ~ Gria.MOD		DEFINE:GriaLanguages|0
CATEGORY=Internal|Racial Traits ~ Gria.MOD		DEFINE:GriaFearless|0
CATEGORY=Internal|Racial Traits ~ Gria.MOD		DEFINE:GriaAthleticism|0
CATEGORY=Internal|Racial Traits ~ Gria.MOD		DEFINE:GriaSurvivialist|0
CATEGORY=Internal|Racial Traits ~ Gria.MOD		DEFINE:GriaDestructive|0
CATEGORY=Internal|Racial Traits ~ Gria.MOD		DEFINE:GriaWeaponFamiliarity|0
CATEGORY=Internal|Racial Traits ~ Gria.MOD		DEFINE:GriaLowLightVision|0
CATEGORY=Internal|Racial Traits ~ Hume.MOD		DEFINE:HumeAbilityScoreRacialTraits|0
CATEGORY=Internal|Racial Traits ~ Hume.MOD		DEFINE:HumeSize|0
CATEGORY=Internal|Racial Traits ~ Hume.MOD		DEFINE:HumeBaseSpeed|0
CATEGORY=Internal|Racial Traits ~ Hume.MOD		DEFINE:HumeLanguages|0
CATEGORY=Internal|Racial Traits ~ Hume.MOD		DEFINE:HumeBonusFeat|0
CATEGORY=Internal|Racial Traits ~ Hume.MOD		DEFINE:HumeSkills|0
CATEGORY=Internal|Racial Traits ~ Mandragora.MOD	DEFINE:MandragoraAbilityScoreRacialTraits|0
CATEGORY=Internal|Racial Traits ~ Mandragora.MOD	DEFINE:MandragoraType|0
CATEGORY=Internal|Racial Traits ~ Mandragora.MOD	DEFINE:MandragoraSize|0
CATEGORY=Internal|Racial Traits ~ Mandragora.MOD	DEFINE:MandragoraBaseSpeed|0
CATEGORY=Internal|Racial Traits ~ Mandragora.MOD	DEFINE:MandragoraLanguages|0
CATEGORY=Internal|Racial Traits ~ Mandragora.MOD	DEFINE:MandragoraNaturalArmor|0
CATEGORY=Internal|Racial Traits ~ Mandragora.MOD	DEFINE:MandragoraPlantResistance|0
CATEGORY=Internal|Racial Traits ~ Mandragora.MOD	DEFINE:MandragoraCamouflage|0
CATEGORY=Internal|Racial Traits ~ Mandragora.MOD	DEFINE:MandragoraInTunewiththeEarth|0
CATEGORY=Internal|Racial Traits ~ Mandragora.MOD	DEFINE:MandragoraSpellLikeAbility|0
CATEGORY=Internal|Racial Traits ~ Mandragora.MOD	DEFINE:MandragoraShriek|0
CATEGORY=Internal|Racial Traits ~ Mandragora.MOD	DEFINE:MandragoraBioluminescence|0
CATEGORY=Internal|Racial Traits ~ Mandragora.MOD	DEFINE:MandragoraSunlightSustenance|0
CATEGORY=Internal|Racial Traits ~ Mandragora.MOD	DEFINE:MandragoraLowLightVision|0
CATEGORY=Internal|Racial Traits ~ Mandragora.MOD	DEFINE:MandragoraTemperatureVulnerability|0
CATEGORY=Internal|Racial Traits ~ Mandragora.MOD	DEFINE:MandragoraVulnerabletoFire|0
CATEGORY=Internal|Racial Traits ~ Mandragora.MOD	DEFINE:MandragoraWeakenedbyCold|0
CATEGORY=Internal|Racial Traits ~ Mithra.MOD		DEFINE:MithraAbilityScoreRacialTraits|0
CATEGORY=Internal|Racial Traits ~ Mithra.MOD		DEFINE:MithraType|0
CATEGORY=Internal|Racial Traits ~ Mithra.MOD		DEFINE:MithraSize|0
CATEGORY=Internal|Racial Traits ~ Mithra.MOD		DEFINE:MithraBaseSpeed|0
CATEGORY=Internal|Racial Traits ~ Mithra.MOD		DEFINE:MithraLanguages|0
CATEGORY=Internal|Racial Traits ~ Mithra.MOD		DEFINE:MithraCat'sLuck|0
CATEGORY=Internal|Racial Traits ~ Mithra.MOD		DEFINE:MithraNaturalHunter|0
CATEGORY=Internal|Racial Traits ~ Mithra.MOD		DEFINE:MithraSprinter|0
CATEGORY=Internal|Racial Traits ~ Mithra.MOD		DEFINE:MithraLowLightVision|0
CATEGORY=Internal|Racial Traits ~ Moogle.MOD		DEFINE:MoogleAbilityScoreRacialTraits|0
CATEGORY=Internal|Racial Traits ~ Moogle.MOD		DEFINE:MoogleType|0
CATEGORY=Internal|Racial Traits ~ Moogle.MOD		DEFINE:MoogleSize|0
CATEGORY=Internal|Racial Traits ~ Moogle.MOD		DEFINE:MoogleBaseSpeed|0
CATEGORY=Internal|Racial Traits ~ Moogle.MOD		DEFINE:MoogleLanguages|0
CATEGORY=Internal|Racial Traits ~ Moogle.MOD		DEFINE:MoogleDefensiveTraining|0
CATEGORY=Internal|Racial Traits ~ Moogle.MOD		DEFINE:MoogleGoodMerchant|0
CATEGORY=Internal|Racial Traits ~ Moogle.MOD		DEFINE:MoogleKeenSenses|0
CATEGORY=Internal|Racial Traits ~ Moogle.MOD		DEFINE:MoogleConstructFamiliarity|0
CATEGORY=Internal|Racial Traits ~ Moogle.MOD		DEFINE:MoogleLowLightVision|0
CATEGORY=Internal|Racial Traits ~ Moogle.MOD		DEFINE:MoogleHydrophobia|0
CATEGORY=Internal|Racial Traits ~ Nu Mou.MOD		DEFINE:NuMouAbilityScoreRacialTraits|0
CATEGORY=Internal|Racial Traits ~ Nu Mou.MOD		DEFINE:NuMouType|0
CATEGORY=Internal|Racial Traits ~ Nu Mou.MOD		DEFINE:NuMouSize|0
CATEGORY=Internal|Racial Traits ~ Nu Mou.MOD		DEFINE:NuMouBaseSpeed|0
CATEGORY=Internal|Racial Traits ~ Nu Mou.MOD		DEFINE:NuMouLanguages|0
CATEGORY=Internal|Racial Traits ~ Nu Mou.MOD		DEFINE:NuMouEnchantmentResistance|0
CATEGORY=Internal|Racial Traits ~ Nu Mou.MOD		DEFINE:NuMouLorekeeper|0
CATEGORY=Internal|Racial Traits ~ Nu Mou.MOD		DEFINE:NuMouWellSpoken|0
CATEGORY=Internal|Racial Traits ~ Nu Mou.MOD		DEFINE:NuMouOverwhelmingCaster|0
CATEGORY=Internal|Racial Traits ~ Nu Mou.MOD		DEFINE:NuMouLowLightVision|0
CATEGORY=Internal|Racial Traits ~ Nu Mou.MOD		DEFINE:NuMouPoorSwimmer|0
CATEGORY=Internal|Racial Traits ~ Qu.MOD			DEFINE:QuAbilityScoreRacialTraits|0
CATEGORY=Internal|Racial Traits ~ Qu.MOD			DEFINE:QuSize|0
CATEGORY=Internal|Racial Traits ~ Qu.MOD			DEFINE:QuType|0
CATEGORY=Internal|Racial Traits ~ Qu.MOD			DEFINE:QuBaseSpeed|0
CATEGORY=Internal|Racial Traits ~ Qu.MOD			DEFINE:QuLanguages|0
CATEGORY=Internal|Racial Traits ~ Qu.MOD			DEFINE:QuStrongStomach|0
CATEGORY=Internal|Racial Traits ~ Qu.MOD			DEFINE:QuExpertChefs|0
CATEGORY=Internal|Racial Traits ~ Qu.MOD			DEFINE:QuGreatLungs|0
CATEGORY=Internal|Racial Traits ~ Qu.MOD			DEFINE:QuWeaponFamiliarity|0
CATEGORY=Internal|Racial Traits ~ Ronso.MOD		DEFINE:RonsoAbilityScoreRacialTraits|0
CATEGORY=Internal|Racial Traits ~ Ronso.MOD		DEFINE:RonsoSize|0
CATEGORY=Internal|Racial Traits ~ Ronso.MOD		DEFINE:RonsoType|0
CATEGORY=Internal|Racial Traits ~ Ronso.MOD		DEFINE:RonsoBaseSpeed|0
CATEGORY=Internal|Racial Traits ~ Ronso.MOD		DEFINE:RonsoLanguages|0
CATEGORY=Internal|Racial Traits ~ Ronso.MOD		DEFINE:RonsoArcticFur|0
CATEGORY=Internal|Racial Traits ~ Ronso.MOD		DEFINE:RonsoSurvivalist|0
CATEGORY=Internal|Racial Traits ~ Ronso.MOD		DEFINE:RonsoMountaineers|0
CATEGORY=Internal|Racial Traits ~ Ronso.MOD		DEFINE:RonsoGore|0
CATEGORY=Internal|Racial Traits ~ Ronso.MOD		DEFINE:RonsoPowerfulCharge|0
CATEGORY=Internal|Racial Traits ~ Ronso.MOD		DEFINE:RonsoStandOnYourOwnFeet|0
CATEGORY=Internal|Racial Traits ~ Seeq.MOD		DEFINE:SeeqAbilityScoreRacialTraits|0
CATEGORY=Internal|Racial Traits ~ Seeq.MOD		DEFINE:SeeqSize|0
CATEGORY=Internal|Racial Traits ~ Seeq.MOD		DEFINE:SeeqType|0
CATEGORY=Internal|Racial Traits ~ Seeq.MOD		DEFINE:SeeqBaseSpeed|0
CATEGORY=Internal|Racial Traits ~ Seeq.MOD		DEFINE:SeeqLanguages|0
CATEGORY=Internal|Racial Traits ~ Seeq.MOD		DEFINE:SeeqHardy|0
CATEGORY=Internal|Racial Traits ~ Seeq.MOD		DEFINE:SeeqStability|0
CATEGORY=Internal|Racial Traits ~ Seeq.MOD		DEFINE:SeeqGreed|0
CATEGORY=Internal|Racial Traits ~ Seeq.MOD		DEFINE:SeeqWordontheStreet|0
CATEGORY=Internal|Racial Traits ~ Seeq.MOD		DEFINE:SeeqLowLightVision|0
CATEGORY=Internal|Racial Traits ~ Tarutaru.MOD		DEFINE:TarutaruAbilityScoreRacialTraits|0
CATEGORY=Internal|Racial Traits ~ Tarutaru.MOD		DEFINE:TarutaruType|0
CATEGORY=Internal|Racial Traits ~ Tarutaru.MOD		DEFINE:TarutaruSize|0
CATEGORY=Internal|Racial Traits ~ Tarutaru.MOD		DEFINE:TarutaruBaseSpeed|0
CATEGORY=Internal|Racial Traits ~ Tarutaru.MOD		DEFINE:TarutaruLanguages|0
CATEGORY=Internal|Racial Traits ~ Tarutaru.MOD		DEFINE:TarutaruDefensiveTraining|0
CATEGORY=Internal|Racial Traits ~ Tarutaru.MOD		DEFINE:TarutaruMagicResistant|0
CATEGORY=Internal|Racial Traits ~ Tarutaru.MOD		DEFINE:TarutaruMagicExpert|0
CATEGORY=Internal|Racial Traits ~ Tarutaru.MOD		DEFINE:TarutaruTalented|0
CATEGORY=Internal|Racial Traits ~ Tarutaru.MOD		DEFINE:TarutaruMagicAptitude|0
CATEGORY=Internal|Racial Traits ~ Tarutaru.MOD		DEFINE:TarutaruSpellFocus|0
CATEGORY=Internal|Racial Traits ~ Tarutaru.MOD		DEFINE:TarutaruSpellLikeAbility|0
CATEGORY=Internal|Racial Traits ~ Tarutaru.MOD		DEFINE:TarutaruLowlightVision|0
CATEGORY=Internal|Racial Traits ~ Varg.MOD		DEFINE:VargAbilityScoreRacialTraits|0
CATEGORY=Internal|Racial Traits ~ Varg.MOD		DEFINE:VargSize|0
CATEGORY=Internal|Racial Traits ~ Varg.MOD		DEFINE:VargType|0
CATEGORY=Internal|Racial Traits ~ Varg.MOD		DEFINE:VargBaseSpeed|0
CATEGORY=Internal|Racial Traits ~ Varg.MOD		DEFINE:VargLanguages|0
CATEGORY=Internal|Racial Traits ~ Varg.MOD		DEFINE:VargArmor|0
CATEGORY=Internal|Racial Traits ~ Varg.MOD		DEFINE:VargKeenSenses|0
CATEGORY=Internal|Racial Traits ~ Varg.MOD		DEFINE:VargBite|0
CATEGORY=Internal|Racial Traits ~ Varg.MOD		DEFINE:VargDarkvision|0
CATEGORY=Internal|Racial Traits ~ Varg.MOD		DEFINE:VargEmotionless|0
CATEGORY=Internal|Racial Traits ~ Viera.MOD		DEFINE:VieraAbilityScoreRacialTraits|0
CATEGORY=Internal|Racial Traits ~ Viera.MOD		DEFINE:VieraSize|0
CATEGORY=Internal|Racial Traits ~ Viera.MOD		DEFINE:VieraType|0
CATEGORY=Internal|Racial Traits ~ Viera.MOD		DEFINE:VieraBaseSpeed|0
CATEGORY=Internal|Racial Traits ~ Viera.MOD		DEFINE:VieraLanguages|0
CATEGORY=Internal|Racial Traits ~ Viera.MOD		DEFINE:VieraVieranImmunities|0
CATEGORY=Internal|Racial Traits ~ Viera.MOD		DEFINE:VieraKeenSenses|0
CATEGORY=Internal|Racial Traits ~ Viera.MOD		DEFINE:VieraHunter|0
CATEGORY=Internal|Racial Traits ~ Viera.MOD		DEFINE:VieraMistSensitive|0
CATEGORY=Internal|Racial Traits ~ Viera.MOD		DEFINE:VieraWeaponFamiliarity|0
CATEGORY=Internal|Racial Traits ~ Viera.MOD		DEFINE:VieraLowLightVision|0



CATEGORY=Internal|Racial Traits ~ Aegyl.MOD			BONUS:VAR|AegylAbilityScoreRacialTraits|1|PREFACT:AegylAbilityScoreRacialTraits=True							
CATEGORY=Internal|Racial Traits ~ Aegyl.MOD			BONUS:VAR|AegylSize|1|PREFACT:AegylSize=True					
CATEGORY=Internal|Racial Traits ~ Aegyl.MOD			BONUS:VAR|AegylType|1|PREFACT:AegylType=True					
CATEGORY=Internal|Racial Traits ~ Aegyl.MOD			BONUS:VAR|AegylBaseSpeed|1|PREFACT:AegylBaseSpeed=True					
CATEGORY=Internal|Racial Traits ~ Aegyl.MOD			BONUS:VAR|AegylLanguages|1|PREFACT:AegylLanguages=True					
CATEGORY=Internal|Racial Traits ~ Aegyl.MOD			BONUS:VAR|AegylEnergyResistance|1|PREFACT:AegylEnergyResistance=True					
CATEGORY=Internal|Racial Traits ~ Aegyl.MOD			BONUS:VAR|AegylKeenSenses|1|PREFACT:AegylKeenSenses=True					
CATEGORY=Internal|Racial Traits ~ Aegyl.MOD			BONUS:VAR|AegylGlidingWings|1|PREFACT:AegylGlidingWings=True					
CATEGORY=Internal|Racial Traits ~ Aegyl.MOD			BONUS:VAR|AegylLowlightVision|1|PREFACT:AegylLowlightVision=True					
CATEGORY=Internal|Racial Traits ~ Aegyl.MOD			BONUS:VAR|AegylEmotionless|1|PREFACT:AegylEmotionless=True					
CATEGORY=Internal|Racial Traits ~ Bangaa.MOD			BONUS:VAR|BangaaAbilityScoreRacialTraits|1|PREFACT:BangaaAbilityScoreRacialTraits=True				
CATEGORY=Internal|Racial Traits ~ Bangaa.MOD			BONUS:VAR|BangaaSize|1|PREFACT:BangaaSize=True					
CATEGORY=Internal|Racial Traits ~ Bangaa.MOD			BONUS:VAR|BangaaType|1|PREFACT:BangaaType=True					
CATEGORY=Internal|Racial Traits ~ Bangaa.MOD			BONUS:VAR|BangaaBaseSpeed|1|PREFACT:BangaaBaseSpeed=True					
CATEGORY=Internal|Racial Traits ~ Bangaa.MOD			BONUS:VAR|BangaaLanguages|1|PREFACT:BangaaLanguages=True					
CATEGORY=Internal|Racial Traits ~ Bangaa.MOD			BONUS:VAR|BangaaStability|1|PREFACT:BangaaStability=True					
CATEGORY=Internal|Racial Traits ~ Bangaa.MOD			BONUS:VAR|BangaaThickskinned|1|PREFACT:BangaaThickskinned=True				
CATEGORY=Internal|Racial Traits ~ Bangaa.MOD			BONUS:VAR|BangaaKeenSenses|1|PREFACT:BangaaKeenSenses=True					
CATEGORY=Internal|Racial Traits ~ Bangaa.MOD			BONUS:VAR|BangaaWellBalanced|1|PREFACT:BangaaWellBalanced=True				
CATEGORY=Internal|Racial Traits ~ Bangaa.MOD			BONUS:VAR|BangaaBite|1|PREFACT:BangaaBite=True					
CATEGORY=Internal|Racial Traits ~ Bangaa.MOD			BONUS:VAR|BangaaHoldBreath|1|PREFACT:BangaaHoldBreath=True					
CATEGORY=Internal|Racial Traits ~ Bangaa.MOD			BONUS:VAR|BangaaLowLightVision|1|PREFACT:BangaaLowLightVision=True					
CATEGORY=Internal|Racial Traits ~ Burmecian.MOD			BONUS:VAR|BurmecianAbilityScoreRacialTraits|1|PREFACT:BurmecianAbilityScoreRacialTraits=True					
CATEGORY=Internal|Racial Traits ~ Burmecian.MOD			BONUS:VAR|BurmecianSize|1|PREFACT:BurmecianSize=True					
CATEGORY=Internal|Racial Traits ~ Burmecian.MOD			BONUS:VAR|BurmecianType|1|PREFACT:BurmecianType=True					
CATEGORY=Internal|Racial Traits ~ Burmecian.MOD			BONUS:VAR|BurmecianBaseSpeed|1|PREFACT:BurmecianBaseSpeed=True				
CATEGORY=Internal|Racial Traits ~ Burmecian.MOD			BONUS:VAR|BurmecianLanguages|1|PREFACT:BurmecianLanguages=True				
CATEGORY=Internal|Racial Traits ~ Burmecian.MOD			BONUS:VAR|BurmecianDiseaseImmunity|1|PREFACT:BurmecianDiseaseImmunity=True				
CATEGORY=Internal|Racial Traits ~ Burmecian.MOD			BONUS:VAR|BurmecianKeenSenses|1|PREFACT:BurmecianKeenSenses=True					
CATEGORY=Internal|Racial Traits ~ Burmecian.MOD			BONUS:VAR|BurmecianNaturalJumper|1|PREFACT:BurmecianNaturalJumper=True					
CATEGORY=Internal|Racial Traits ~ Burmecian.MOD			BONUS:VAR|BurmecianRodentEmpathy|1|PREFACT:BurmecianRodentEmpathy=True					
CATEGORY=Internal|Racial Traits ~ Burmecian.MOD			BONUS:VAR|BurmecianDarkvision|1|PREFACT:BurmecianDarkvision=True					
CATEGORY=Internal|Racial Traits ~ Burmecian.MOD			BONUS:VAR|BurmecianBite|1|PREFACT:BurmecianBite=True					
CATEGORY=Internal|Racial Traits ~ Burmecian.MOD			BONUS:VAR|BurmecianCorneredFury|1|PREFACT:BurmecianCorneredFury=True					
CATEGORY=Internal|Racial Traits ~ Dwarf.MOD			BONUS:VAR|DwarfAbilityScoreRacialTraits|1|PREFACT:DwarfAbilityScoreRacialTraits=True					
CATEGORY=Internal|Racial Traits ~ Dwarf.MOD			BONUS:VAR|DwarfSize|1|PREFACT:DwarfSize=True					
CATEGORY=Internal|Racial Traits ~ Dwarf.MOD			BONUS:VAR|DwarfType|1|PREFACT:DwarfType=True					
CATEGORY=Internal|Racial Traits ~ Dwarf.MOD			BONUS:VAR|DwarfBaseSpeed|1|PREFACT:DwarfBaseSpeed=True					
CATEGORY=Internal|Racial Traits ~ Dwarf.MOD			BONUS:VAR|DwarfLanguages|1|PREFACT:DwarfLanguages=True					
CATEGORY=Internal|Racial Traits ~ Dwarf.MOD			BONUS:VAR|DwarfDefensiveTraining|1|PREFACT:DwarfDefensiveTraining=True					
CATEGORY=Internal|Racial Traits ~ Dwarf.MOD			BONUS:VAR|DwarfHardy|1|PREFACT:DwarfHardy=True					
CATEGORY=Internal|Racial Traits ~ Dwarf.MOD			BONUS:VAR|DwarfStability|1|PREFACT:DwarfStability=True					
CATEGORY=Internal|Racial Traits ~ Dwarf.MOD			BONUS:VAR|DwarfGreed|1|PREFACT:DwarfGreed=True					
CATEGORY=Internal|Racial Traits ~ Dwarf.MOD			BONUS:VAR|DwarfStonecunning|1|PREFACT:DwarfStonecunning=True					
CATEGORY=Internal|Racial Traits ~ Dwarf.MOD			BONUS:VAR|DwarfHatred|1|PREFACT:DwarfHatred=True					
CATEGORY=Internal|Racial Traits ~ Dwarf.MOD			BONUS:VAR|DwarfWeaponFamiliarity|1|PREFACT:DwarfWeaponFamiliarity=True					
CATEGORY=Internal|Racial Traits ~ Dwarf.MOD			BONUS:VAR|DwarfDarkvision|1|PREFACT:DwarfDarkvision=True					
CATEGORY=Internal|Racial Traits ~ Elvaan.MOD			BONUS:VAR|ElvaanAbilityScoreRacialTraits|1|PREFACT:ElvaanAbilityScoreRacialTraits=True				
CATEGORY=Internal|Racial Traits ~ Elvaan.MOD			BONUS:VAR|ElvaanSize|1|PREFACT:ElvaanSize=True					
CATEGORY=Internal|Racial Traits ~ Elvaan.MOD			BONUS:VAR|ElvaanType|1|PREFACT:ElvaanType=True					
CATEGORY=Internal|Racial Traits ~ Elvaan.MOD			BONUS:VAR|ElvaanBaseSpeed|1|PREFACT:ElvaanBaseSpeed=True					
CATEGORY=Internal|Racial Traits ~ Elvaan.MOD			BONUS:VAR|ElvaanLanguages|1|PREFACT:ElvaanLanguages=True					
CATEGORY=Internal|Racial Traits ~ Elvaan.MOD			BONUS:VAR|ElvaanKeenSenses|1|PREFACT:ElvaanKeenSenses=True					
CATEGORY=Internal|Racial Traits ~ Elvaan.MOD			BONUS:VAR|ElvaanMartialBackground|1|PREFACT:ElvaanMartialBackground=True					
CATEGORY=Internal|Racial Traits ~ Elvaan.MOD			BONUS:VAR|ElvaanNobleUpbringing|1|PREFACT:ElvaanNobleUpbringing=True					
CATEGORY=Internal|Racial Traits ~ Elvaan.MOD			BONUS:VAR|ElvaanHatred|1|PREFACT:ElvaanHatred=True				
CATEGORY=Internal|Racial Traits ~ Elvaan.MOD			BONUS:VAR|ElvaanWeaponFamiliarity|1|PREFACT:ElvaanWeaponFamiliarity=True					
CATEGORY=Internal|Racial Traits ~ Elvaan.MOD			BONUS:VAR|ElvaanLowlightVision|1|PREFACT:ElvaanLowlightVision=True					
CATEGORY=Internal|Racial Traits ~ Galka.MOD			BONUS:VAR|GalkaAbilityScoreRacialTraits|1|PREFACT:GalkaAbilityScoreRacialTraits=True					
CATEGORY=Internal|Racial Traits ~ Galka.MOD			BONUS:VAR|GalkaSize|1|PREFACT:GalkaSize=True					
CATEGORY=Internal|Racial Traits ~ Galka.MOD			BONUS:VAR|GalkaType|1|PREFACT:GalkaType=True					
CATEGORY=Internal|Racial Traits ~ Galka.MOD			BONUS:VAR|GalkaBaseSpeed|1|PREFACT:GalkaBaseSpeed=True					
CATEGORY=Internal|Racial Traits ~ Galka.MOD			BONUS:VAR|GalkaLanguages|1|PREFACT:GalkaLanguages=True					
CATEGORY=Internal|Racial Traits ~ Galka.MOD			BONUS:VAR|GalkaHearty|1|PREFACT:GalkaHearty=True					
CATEGORY=Internal|Racial Traits ~ Galka.MOD			BONUS:VAR|GalkaStability|1|PREFACT:GalkaStability=True					
CATEGORY=Internal|Racial Traits ~ Galka.MOD			BONUS:VAR|GalkaImposingFigure|1|PREFACT:GalkaImposingFigure=True					
CATEGORY=Internal|Racial Traits ~ Galka.MOD			BONUS:VAR|GalkaMetalworker|1|PREFACT:GalkaMetalworker=True					
CATEGORY=Internal|Racial Traits ~ Galka.MOD			BONUS:VAR|GalkaFerocity|1|PREFACT:GalkaFerocity=True					
CATEGORY=Internal|Racial Traits ~ Galka.MOD			BONUS:VAR|GalkaWeaponFamiliarity|1|PREFACT:GalkaWeaponFamiliarity=True					
CATEGORY=Internal|Racial Traits ~ Galka.MOD			BONUS:VAR|GalkaLowLightVision|1|PREFACT:GalkaLowLightVision=True					
CATEGORY=Internal|Racial Traits ~ Gria.MOD			BONUS:VAR|GriaAbilityScoreRacialTraits|1|PREFACT:GriaAbilityScoreRacialTraits=True					
CATEGORY=Internal|Racial Traits ~ Gria.MOD			BONUS:VAR|GriaSize|1|PREFACT:GriaSize=True					
CATEGORY=Internal|Racial Traits ~ Gria.MOD			BONUS:VAR|GriaType|1|PREFACT:GriaType=True					
CATEGORY=Internal|Racial Traits ~ Gria.MOD			BONUS:VAR|GriaBaseSpeed|1|PREFACT:GriaBaseSpeed=True					
CATEGORY=Internal|Racial Traits ~ Gria.MOD			BONUS:VAR|GriaLanguages|1|PREFACT:GriaLanguages=True					
CATEGORY=Internal|Racial Traits ~ Gria.MOD			BONUS:VAR|GriaFearless|1|PREFACT:GriaFearless=True				
CATEGORY=Internal|Racial Traits ~ Gria.MOD			BONUS:VAR|GriaAthleticism|1|PREFACT:GriaAthleticism=True					
CATEGORY=Internal|Racial Traits ~ Gria.MOD			BONUS:VAR|GriaSurvivialist|1|PREFACT:GriaSurvivialist=True					
CATEGORY=Internal|Racial Traits ~ Gria.MOD			BONUS:VAR|GriaDestructive|1|PREFACT:GriaDestructive=True					
CATEGORY=Internal|Racial Traits ~ Gria.MOD			BONUS:VAR|GriaWeaponFamiliarity|1|PREFACT:GriaWeaponFamiliarity=True					
CATEGORY=Internal|Racial Traits ~ Gria.MOD			BONUS:VAR|GriaLowLightVision|1|PREFACT:GriaLowLightVision=True				
CATEGORY=Internal|Racial Traits ~ Hume.MOD			BONUS:VAR|HumeAbilityScoreRacialTraits|1|PREFACT:HumeAbilityScoreRacialTraits=True					
CATEGORY=Internal|Racial Traits ~ Hume.MOD			BONUS:VAR|HumeSize|1|PREFACT:HumeSize=True					
CATEGORY=Internal|Racial Traits ~ Hume.MOD			BONUS:VAR|HumeBaseSpeed|1|PREFACT:HumeBaseSpeed=True					
CATEGORY=Internal|Racial Traits ~ Hume.MOD			BONUS:VAR|HumeLanguages|1|PREFACT:HumeLanguages=True					
CATEGORY=Internal|Racial Traits ~ Hume.MOD			BONUS:VAR|HumeBonusFeat|1|PREFACT:HumeBonusFeat=True					
CATEGORY=Internal|Racial Traits ~ Hume.MOD			BONUS:VAR|HumeSkills|1|PREFACT:HumeSkills=True					
CATEGORY=Internal|Racial Traits ~ Mandragora.MOD		BONUS:VAR|MandragoraAbilityScoreRacialTraits|1|PREFACT:MandragoraAbilityScoreRacialTraits=True					
CATEGORY=Internal|Racial Traits ~ Mandragora.MOD		BONUS:VAR|MandragoraType|1|PREFACT:MandragoraType=True					
CATEGORY=Internal|Racial Traits ~ Mandragora.MOD		BONUS:VAR|MandragoraSize|1|PREFACT:MandragoraSize=True					
CATEGORY=Internal|Racial Traits ~ Mandragora.MOD		BONUS:VAR|MandragoraBaseSpeed|1|PREFACT:MandragoraBaseSpeed=True					
CATEGORY=Internal|Racial Traits ~ Mandragora.MOD		BONUS:VAR|MandragoraLanguages|1|PREFACT:MandragoraLanguages=True					
CATEGORY=Internal|Racial Traits ~ Mandragora.MOD		BONUS:VAR|MandragoraNaturalArmor|1|PREFACT:MandragoraNaturalArmor=True					
CATEGORY=Internal|Racial Traits ~ Mandragora.MOD		BONUS:VAR|MandragoraPlantResistance|1|PREFACT:MandragoraPlantResistance=True					
CATEGORY=Internal|Racial Traits ~ Mandragora.MOD		BONUS:VAR|MandragoraCamouflage|1|PREFACT:MandragoraCamouflage=True					
CATEGORY=Internal|Racial Traits ~ Mandragora.MOD		BONUS:VAR|MandragoraInTunewiththeEarth|1|PREFACT:MandragoraInTunewiththeEarth=True					
CATEGORY=Internal|Racial Traits ~ Mandragora.MOD		BONUS:VAR|MandragoraSpellLikeAbility|1|PREFACT:MandragoraSpellLikeAbility=True					
CATEGORY=Internal|Racial Traits ~ Mandragora.MOD		BONUS:VAR|MandragoraShriek|1|PREFACT:MandragoraShriek=True					
CATEGORY=Internal|Racial Traits ~ Mandragora.MOD		BONUS:VAR|MandragoraBioluminescence|1|PREFACT:MandragoraBioluminescence=True					
CATEGORY=Internal|Racial Traits ~ Mandragora.MOD		BONUS:VAR|MandragoraSunlightSustenance|1|PREFACT:MandragoraSunlightSustenance=True					
CATEGORY=Internal|Racial Traits ~ Mandragora.MOD		BONUS:VAR|MandragoraLowLightVision|1|PREFACT:MandragoraLowLightVision=True				
CATEGORY=Internal|Racial Traits ~ Mandragora.MOD		BONUS:VAR|MandragoraTemperatureVulnerability|1|PREFACT:MandragoraTemperatureVulnerability=True					
CATEGORY=Internal|Racial Traits ~ Mandragora.MOD		BONUS:VAR|MandragoraVulnerabletoFire|1|PREFACT:MandragoraVulnerabletoFire=True					
CATEGORY=Internal|Racial Traits ~ Mandragora.MOD		BONUS:VAR|MandragoraWeakenedbyCold|1|PREFACT:MandragoraWeakenedbyCold=True				
CATEGORY=Internal|Racial Traits ~ Mithra.MOD			BONUS:VAR|MithraAbilityScoreRacialTraits|1|PREFACT:MithraAbilityScoreRacialTraits=True				
CATEGORY=Internal|Racial Traits ~ Mithra.MOD			BONUS:VAR|MithraType|1|PREFACT:MithraType=True					
CATEGORY=Internal|Racial Traits ~ Mithra.MOD			BONUS:VAR|MithraSize|1|PREFACT:MithraSize=True					
CATEGORY=Internal|Racial Traits ~ Mithra.MOD			BONUS:VAR|MithraBaseSpeed|1|PREFACT:MithraBaseSpeed=True					
CATEGORY=Internal|Racial Traits ~ Mithra.MOD			BONUS:VAR|MithraLanguages|1|PREFACT:MithraLanguages=True					
CATEGORY=Internal|Racial Traits ~ Mithra.MOD			BONUS:VAR|MithraCat'sLuck|1|PREFACT:MithraCat'sLuck=True					
CATEGORY=Internal|Racial Traits ~ Mithra.MOD			BONUS:VAR|MithraNaturalHunter|1|PREFACT:MithraNaturalHunter=True					
CATEGORY=Internal|Racial Traits ~ Mithra.MOD			BONUS:VAR|MithraSprinter|1|PREFACT:MithraSprinter=True					
CATEGORY=Internal|Racial Traits ~ Mithra.MOD			BONUS:VAR|MithraLowLightVision|1|PREFACT:MithraLowLightVision=True					
CATEGORY=Internal|Racial Traits ~ Moogle.MOD			BONUS:VAR|MoogleAbilityScoreRacialTraits|1|PREFACT:MoogleAbilityScoreRacialTraits=True				
CATEGORY=Internal|Racial Traits ~ Moogle.MOD			BONUS:VAR|MoogleType|1|PREFACT:MoogleType=True					
CATEGORY=Internal|Racial Traits ~ Moogle.MOD			BONUS:VAR|MoogleSize|1|PREFACT:MoogleSize=True					
CATEGORY=Internal|Racial Traits ~ Moogle.MOD			BONUS:VAR|MoogleBaseSpeed|1|PREFACT:MoogleBaseSpeed=True					
CATEGORY=Internal|Racial Traits ~ Moogle.MOD			BONUS:VAR|MoogleLanguages|1|PREFACT:MoogleLanguages=True					
CATEGORY=Internal|Racial Traits ~ Moogle.MOD			BONUS:VAR|MoogleDefensiveTraining|1|PREFACT:MoogleDefensiveTraining=True					
CATEGORY=Internal|Racial Traits ~ Moogle.MOD			BONUS:VAR|MoogleGoodMerchant|1|PREFACT:MoogleGoodMerchant=True				
CATEGORY=Internal|Racial Traits ~ Moogle.MOD			BONUS:VAR|MoogleKeenSenses|1|PREFACT:MoogleKeenSenses=True					
CATEGORY=Internal|Racial Traits ~ Moogle.MOD			BONUS:VAR|MoogleConstructFamiliarity|1|PREFACT:MoogleConstructFamiliarity=True					
CATEGORY=Internal|Racial Traits ~ Moogle.MOD			BONUS:VAR|MoogleLowLightVision|1|PREFACT:MoogleLowLightVision=True					
CATEGORY=Internal|Racial Traits ~ Moogle.MOD			BONUS:VAR|MoogleHydrophobia|1|PREFACT:MoogleHydrophobia=True					
CATEGORY=Internal|Racial Traits ~ Nu Mou.MOD			BONUS:VAR|NuMouAbilityScoreRacialTraits|1|PREFACT:NuMouAbilityScoreRacialTraits=True					
CATEGORY=Internal|Racial Traits ~ Nu Mou.MOD			BONUS:VAR|NuMouType|1|PREFACT:NuMouType=True					
CATEGORY=Internal|Racial Traits ~ Nu Mou.MOD			BONUS:VAR|NuMouSize|1|PREFACT:NuMouSize=True					
CATEGORY=Internal|Racial Traits ~ Nu Mou.MOD			BONUS:VAR|NuMouBaseSpeed|1|PREFACT:NuMouBaseSpeed=True					
CATEGORY=Internal|Racial Traits ~ Nu Mou.MOD			BONUS:VAR|NuMouLanguages|1|PREFACT:NuMouLanguages=True					
CATEGORY=Internal|Racial Traits ~ Nu Mou.MOD			BONUS:VAR|NuMouEnchantmentResistance|1|PREFACT:NuMouEnchantmentResistance=True					
CATEGORY=Internal|Racial Traits ~ Nu Mou.MOD			BONUS:VAR|NuMouLorekeeper|1|PREFACT:NuMouLorekeeper=True					
CATEGORY=Internal|Racial Traits ~ Nu Mou.MOD			BONUS:VAR|NuMouWellSpoken|1|PREFACT:NuMouWellSpoken=True					
CATEGORY=Internal|Racial Traits ~ Nu Mou.MOD			BONUS:VAR|NuMouOverwhelmingCaster|1|PREFACT:NuMouOverwhelmingCaster=True					
CATEGORY=Internal|Racial Traits ~ Nu Mou.MOD			BONUS:VAR|NuMouLowLightVision|1|PREFACT:NuMouLowLightVision=True					
CATEGORY=Internal|Racial Traits ~ Nu Mou.MOD			BONUS:VAR|NuMouPoorSwimmer|1|PREFACT:NuMouPoorSwimmer=True					
CATEGORY=Internal|Racial Traits ~ Qu.MOD				BONUS:VAR|QuAbilityScoreRacialTraits|1|PREFACT:QuAbilityScoreRacialTraits=True					
CATEGORY=Internal|Racial Traits ~ Qu.MOD				BONUS:VAR|QuSize|1|PREFACT:QuSize=True				
CATEGORY=Internal|Racial Traits ~ Qu.MOD				BONUS:VAR|QuType|1|PREFACT:QuType=True				
CATEGORY=Internal|Racial Traits ~ Qu.MOD				BONUS:VAR|QuBaseSpeed|1|PREFACT:QuBaseSpeed=True					
CATEGORY=Internal|Racial Traits ~ Qu.MOD				BONUS:VAR|QuLanguages|1|PREFACT:QuLanguages=True					
CATEGORY=Internal|Racial Traits ~ Qu.MOD				BONUS:VAR|QuStrongStomach|1|PREFACT:QuStrongStomach=True					
CATEGORY=Internal|Racial Traits ~ Qu.MOD				BONUS:VAR|QuExpertChefs|1|PREFACT:QuExpertChefs=True					
CATEGORY=Internal|Racial Traits ~ Qu.MOD				BONUS:VAR|QuGreatLungs|1|PREFACT:QuGreatLungs=True				
CATEGORY=Internal|Racial Traits ~ Qu.MOD				BONUS:VAR|QuWeaponFamiliarity|1|PREFACT:QuWeaponFamiliarity=True					
CATEGORY=Internal|Racial Traits ~ Ronso.MOD			BONUS:VAR|RonsoAbilityScoreRacialTraits|1|PREFACT:RonsoAbilityScoreRacialTraits=True					
CATEGORY=Internal|Racial Traits ~ Ronso.MOD			BONUS:VAR|RonsoSize|1|PREFACT:RonsoSize=True					
CATEGORY=Internal|Racial Traits ~ Ronso.MOD			BONUS:VAR|RonsoType|1|PREFACT:RonsoType=True					
CATEGORY=Internal|Racial Traits ~ Ronso.MOD			BONUS:VAR|RonsoBaseSpeed|1|PREFACT:RonsoBaseSpeed=True					
CATEGORY=Internal|Racial Traits ~ Ronso.MOD			BONUS:VAR|RonsoLanguages|1|PREFACT:RonsoLanguages=True					
CATEGORY=Internal|Racial Traits ~ Ronso.MOD			BONUS:VAR|RonsoArcticFur|1|PREFACT:RonsoArcticFur=True					
CATEGORY=Internal|Racial Traits ~ Ronso.MOD			BONUS:VAR|RonsoSurvivalist|1|PREFACT:RonsoSurvivalist=True					
CATEGORY=Internal|Racial Traits ~ Ronso.MOD			BONUS:VAR|RonsoMountaineers|1|PREFACT:RonsoMountaineers=True					
CATEGORY=Internal|Racial Traits ~ Ronso.MOD			BONUS:VAR|RonsoGore|1|PREFACT:RonsoGore=True					
CATEGORY=Internal|Racial Traits ~ Ronso.MOD			BONUS:VAR|RonsoPowerfulCharge|1|PREFACT:RonsoPowerfulCharge=True					
CATEGORY=Internal|Racial Traits ~ Ronso.MOD			BONUS:VAR|RonsoStandOnYourOwnFeet|1|PREFACT:RonsoStandOnYourOwnFeet=True					
CATEGORY=Internal|Racial Traits ~ Seeq.MOD			BONUS:VAR|SeeqAbilityScoreRacialTraits|1|PREFACT:SeeqAbilityScoreRacialTraits=True					
CATEGORY=Internal|Racial Traits ~ Seeq.MOD			BONUS:VAR|SeeqSize|1|PREFACT:SeeqSize=True					
CATEGORY=Internal|Racial Traits ~ Seeq.MOD			BONUS:VAR|SeeqType|1|PREFACT:SeeqType=True					
CATEGORY=Internal|Racial Traits ~ Seeq.MOD			BONUS:VAR|SeeqBaseSpeed|1|PREFACT:SeeqBaseSpeed=True					
CATEGORY=Internal|Racial Traits ~ Seeq.MOD			BONUS:VAR|SeeqLanguages|1|PREFACT:SeeqLanguages=True					
CATEGORY=Internal|Racial Traits ~ Seeq.MOD			BONUS:VAR|SeeqHardy|1|PREFACT:SeeqHardy=True					
CATEGORY=Internal|Racial Traits ~ Seeq.MOD			BONUS:VAR|SeeqStability|1|PREFACT:SeeqStability=True					
CATEGORY=Internal|Racial Traits ~ Seeq.MOD			BONUS:VAR|SeeqGreed|1|PREFACT:SeeqGreed=True					
CATEGORY=Internal|Racial Traits ~ Seeq.MOD			BONUS:VAR|SeeqWordontheStreet|1|PREFACT:SeeqWordontheStreet=True					
CATEGORY=Internal|Racial Traits ~ Seeq.MOD			BONUS:VAR|SeeqLowLightVision|1|PREFACT:SeeqLowLightVision=True				
CATEGORY=Internal|Racial Traits ~ Tarutaru.MOD			BONUS:VAR|TarutaruAbilityScoreRacialTraits|1|PREFACT:TarutaruAbilityScoreRacialTraits=True					
CATEGORY=Internal|Racial Traits ~ Tarutaru.MOD			BONUS:VAR|TarutaruType|1|PREFACT:TarutaruType=True				
CATEGORY=Internal|Racial Traits ~ Tarutaru.MOD			BONUS:VAR|TarutaruSize|1|PREFACT:TarutaruSize=True				
CATEGORY=Internal|Racial Traits ~ Tarutaru.MOD			BONUS:VAR|TarutaruBaseSpeed|1|PREFACT:TarutaruBaseSpeed=True					
CATEGORY=Internal|Racial Traits ~ Tarutaru.MOD			BONUS:VAR|TarutaruLanguages|1|PREFACT:TarutaruLanguages=True					
CATEGORY=Internal|Racial Traits ~ Tarutaru.MOD			BONUS:VAR|TarutaruDefensiveTraining|1|PREFACT:TarutaruDefensiveTraining=True					
CATEGORY=Internal|Racial Traits ~ Tarutaru.MOD			BONUS:VAR|TarutaruMagicResistant|1|PREFACT:TarutaruMagicResistant=True					
CATEGORY=Internal|Racial Traits ~ Tarutaru.MOD			BONUS:VAR|TarutaruMagicExpert|1|PREFACT:TarutaruMagicExpert=True					
CATEGORY=Internal|Racial Traits ~ Tarutaru.MOD			BONUS:VAR|TarutaruTalented|1|PREFACT:TarutaruTalented=True					
CATEGORY=Internal|Racial Traits ~ Tarutaru.MOD			BONUS:VAR|TarutaruMagicAptitude|1|PREFACT:TarutaruMagicAptitude=True					
CATEGORY=Internal|Racial Traits ~ Tarutaru.MOD			BONUS:VAR|TarutaruSpellFocus|1|PREFACT:TarutaruSpellFocus=True				
CATEGORY=Internal|Racial Traits ~ Tarutaru.MOD			BONUS:VAR|TarutaruSpellLikeAbility|1|PREFACT:TarutaruSpellLikeAbility=True				
CATEGORY=Internal|Racial Traits ~ Tarutaru.MOD			BONUS:VAR|TarutaruLowlightVision|1|PREFACT:TarutaruLowlightVision=True					
CATEGORY=Internal|Racial Traits ~ Varg.MOD			BONUS:VAR|VargAbilityScoreRacialTraits|1|PREFACT:VargAbilityScoreRacialTraits=True					
CATEGORY=Internal|Racial Traits ~ Varg.MOD			BONUS:VAR|VargSize|1|PREFACT:VargSize=True					
CATEGORY=Internal|Racial Traits ~ Varg.MOD			BONUS:VAR|VargType|1|PREFACT:VargType=True					
CATEGORY=Internal|Racial Traits ~ Varg.MOD			BONUS:VAR|VargBaseSpeed|1|PREFACT:VargBaseSpeed=True					
CATEGORY=Internal|Racial Traits ~ Varg.MOD			BONUS:VAR|VargLanguages|1|PREFACT:VargLanguages=True					
CATEGORY=Internal|Racial Traits ~ Varg.MOD			BONUS:VAR|VargArmor|1|PREFACT:VargArmor=True					
CATEGORY=Internal|Racial Traits ~ Varg.MOD			BONUS:VAR|VargKeenSenses|1|PREFACT:VargKeenSenses=True					
CATEGORY=Internal|Racial Traits ~ Varg.MOD			BONUS:VAR|VargBite|1|PREFACT:VargBite=True					
CATEGORY=Internal|Racial Traits ~ Varg.MOD			BONUS:VAR|VargDarkvision|1|PREFACT:VargDarkvision=True					
CATEGORY=Internal|Racial Traits ~ Varg.MOD			BONUS:VAR|VargEmotionless|1|PREFACT:VargEmotionless=True					
CATEGORY=Internal|Racial Traits ~ Viera.MOD			BONUS:VAR|VieraAbilityScoreRacialTraits|1|PREFACT:VieraAbilityScoreRacialTraits=True					
CATEGORY=Internal|Racial Traits ~ Viera.MOD			BONUS:VAR|VieraSize|1|PREFACT:VieraSize=True					
CATEGORY=Internal|Racial Traits ~ Viera.MOD			BONUS:VAR|VieraType|1|PREFACT:VieraType=True					
CATEGORY=Internal|Racial Traits ~ Viera.MOD			BONUS:VAR|VieraBaseSpeed|1|PREFACT:VieraBaseSpeed=True					
CATEGORY=Internal|Racial Traits ~ Viera.MOD			BONUS:VAR|VieraLanguages|1|PREFACT:VieraLanguages=True					
CATEGORY=Internal|Racial Traits ~ Viera.MOD			BONUS:VAR|VieraVieranImmunities|1|PREFACT:VieraVieranImmunities=True					
CATEGORY=Internal|Racial Traits ~ Viera.MOD			BONUS:VAR|VieraKeenSenses|1|PREFACT:VieraKeenSenses=True					
CATEGORY=Internal|Racial Traits ~ Viera.MOD			BONUS:VAR|VieraHunter|1|PREFACT:VieraHunter=True					
CATEGORY=Internal|Racial Traits ~ Viera.MOD			BONUS:VAR|VieraMistSensitive|1|PREFACT:VieraMistSensitive=True				
CATEGORY=Internal|Racial Traits ~ Viera.MOD			BONUS:VAR|VieraWeaponFamiliarity|1|PREFACT:VieraWeaponFamiliarity=True					
CATEGORY=Internal|Racial Traits ~ Viera.MOD			BONUS:VAR|VieraLowLightVision|1|PREFACT:VieraLowLightVision=True					
