

ABILITYCATEGORY:Aegyl Race Trait		VISIBLE:QUALIFY	EDITABLE:YES	EDITPOOL:NO		CATEGORY:Special Ability	TYPE:Aegyl Race Trait					PLURAL:Aegyl Race Traits	DISPLAYLOCATION:Race Traits
ABILITYCATEGORY:Bangaa Race Trait		VISIBLE:QUALIFY	EDITABLE:YES	EDITPOOL:NO		CATEGORY:Special Ability	TYPE:Bangaa Race Trait					PLURAL:Bangaa Race Traits	DISPLAYLOCATION:Race Traits
ABILITYCATEGORY:Burmecian Race Trait	VISIBLE:QUALIFY	EDITABLE:YES	EDITPOOL:NO		CATEGORY:Special Ability	TYPE:Burmecian Race Trait				PLURAL:Burmecian Race Traits	DISPLAYLOCATION:Race Traits
ABILITYCATEGORY:Dwarf Race Trait	VISIBLE:QUALIFY	EDITABLE:YES	EDITPOOL:NO		CATEGORY:Special Ability	TYPE:Dwarf Race Trait				PLURAL:Dwarf Race Traits	DISPLAYLOCATION:Race Traits
ABILITYCATEGORY:Elvaan Race Trait	VISIBLE:QUALIFY	EDITABLE:YES	EDITPOOL:NO		CATEGORY:Special Ability	TYPE:Elvaan Race Trait				PLURAL:Elvaan Race Traits	DISPLAYLOCATION:Race Traits
ABILITYCATEGORY:Galka Race Trait	VISIBLE:QUALIFY	EDITABLE:YES	EDITPOOL:NO		CATEGORY:Special Ability	TYPE:Galka Race Trait				PLURAL:Galka Race Traits	DISPLAYLOCATION:Race Traits
ABILITYCATEGORY:Gria Race Trait	VISIBLE:QUALIFY	EDITABLE:YES	EDITPOOL:NO		CATEGORY:Special Ability	TYPE:Gria Race Trait				PLURAL:Gria Race Traits	DISPLAYLOCATION:Race Traits
ABILITYCATEGORY:Hume Race Trait	VISIBLE:QUALIFY	EDITABLE:YES	EDITPOOL:NO		CATEGORY:Special Ability	TYPE:Hume Race Trait				PLURAL:Hume Race Traits	DISPLAYLOCATION:Race Traits
ABILITYCATEGORY:Mandragora Race Trait	VISIBLE:QUALIFY	EDITABLE:YES	EDITPOOL:NO		CATEGORY:Special Ability	TYPE:Mandragora Race Trait				PLURAL:Mandragora Race Traits	DISPLAYLOCATION:Race Traits
ABILITYCATEGORY:Mithra Race Trait	VISIBLE:QUALIFY	EDITABLE:YES	EDITPOOL:NO		CATEGORY:Special Ability	TYPE:Mithra Race Trait				PLURAL:Mithra Race Traits	DISPLAYLOCATION:Race Traits
ABILITYCATEGORY:Moogle Race Trait	VISIBLE:QUALIFY	EDITABLE:YES	EDITPOOL:NO		CATEGORY:Special Ability	TYPE:Moogle Race Trait				PLURAL:Moogle Race Traits	DISPLAYLOCATION:Race Traits
ABILITYCATEGORY:Nu Mou Race Trait	VISIBLE:QUALIFY	EDITABLE:YES	EDITPOOL:NO		CATEGORY:Special Ability	TYPE:Nu Mou Race Trait				PLURAL:Nu Mou Race Traits	DISPLAYLOCATION:Race Traits
ABILITYCATEGORY:Qu Race Trait	VISIBLE:QUALIFY	EDITABLE:YES	EDITPOOL:NO		CATEGORY:Special Ability	TYPE:Qu Race Trait				PLURAL:Qu Race Traits	DISPLAYLOCATION:Race Traits
ABILITYCATEGORY:Ronso Race Trait	VISIBLE:QUALIFY	EDITABLE:YES	EDITPOOL:NO		CATEGORY:Special Ability	TYPE:Ronso Race Trait				PLURAL:Ronso Race Traits	DISPLAYLOCATION:Race Traits
ABILITYCATEGORY:Seeq Race Trait	VISIBLE:QUALIFY	EDITABLE:YES	EDITPOOL:NO		CATEGORY:Special Ability	TYPE:Seeq Race Trait				PLURAL:Seeq Race Traits	DISPLAYLOCATION:Race Traits
ABILITYCATEGORY:Tarutaru Race Trait	VISIBLE:QUALIFY	EDITABLE:YES	EDITPOOL:NO		CATEGORY:Special Ability	TYPE:Tarutaru Race Trait				PLURAL:Tarutaru Race Traits	DISPLAYLOCATION:Race Traits
ABILITYCATEGORY:Varg Race Trait	VISIBLE:QUALIFY	EDITABLE:YES	EDITPOOL:NO		CATEGORY:Special Ability	TYPE:Varg Race Trait				PLURAL:Varg Race Traits	DISPLAYLOCATION:Race Traits
ABILITYCATEGORY:Viera Race Trait	VISIBLE:QUALIFY	EDITABLE:YES	EDITPOOL:NO		CATEGORY:Special Ability	TYPE:Viera Race Trait				PLURAL:Viera Race Traits	DISPLAYLOCATION:Race Traits

# Mithra Subrace

# Classes
ABILITYCATEGORY:Archer Class Feature	VISIBLE:QUALIFY	EDITABLE:YES	EDITPOOL:NO		CATEGORY:Special Ability	TYPE:Archer Class Feature	PLURAL:Archer Class Features	DISPLAYLOCATION:Class Features
ABILITYCATEGORY:Bard Class Feature	VISIBLE:QUALIFY	EDITABLE:YES	EDITPOOL:NO		CATEGORY:Special Ability	TYPE:Bard Class Feature	PLURAL:Bard Class Features	DISPLAYLOCATION:Class Features
ABILITYCATEGORY:Beastmaster Class Feature	VISIBLE:QUALIFY	EDITABLE:YES	EDITPOOL:NO		CATEGORY:Special Ability	TYPE:Beastmaster Class Feature	PLURAL:Beastmaster Class Features	DISPLAYLOCATION:Class Features
ABILITYCATEGORY:Black Mage Class Feature	VISIBLE:QUALIFY	EDITABLE:YES	EDITPOOL:NO		CATEGORY:Special Ability	TYPE:Black Mage Class Feature	PLURAL:Black Mage Class Features	DISPLAYLOCATION:Class Features
ABILITYCATEGORY:Blue Mage Class Feature	VISIBLE:QUALIFY	EDITABLE:YES	EDITPOOL:NO		CATEGORY:Special Ability	TYPE:Blue Mage Class Feature	PLURAL:Blue Mage Class Features	DISPLAYLOCATION:Class Features
ABILITYCATEGORY:Chemist Class Feature	VISIBLE:QUALIFY	EDITABLE:YES	EDITPOOL:NO		CATEGORY:Special Ability	TYPE:Chemist Class Feature	PLURAL:Chemist Class Features	DISPLAYLOCATION:Class Features
ABILITYCATEGORY:Chocobo Knight Class Feature	VISIBLE:QUALIFY	EDITABLE:YES	EDITPOOL:NO		CATEGORY:Special Ability	TYPE:Chocobo Knight Class Feature	PLURAL:Chocobo Knight Class Features	DISPLAYLOCATION:Class Features
ABILITYCATEGORY:Dark Knight Class Feature	VISIBLE:QUALIFY	EDITABLE:YES	EDITPOOL:NO		CATEGORY:Special Ability	TYPE:Dark Knight Class Feature	PLURAL:Dark Knight Class Features	DISPLAYLOCATION:Class Features
ABILITYCATEGORY:Dragoon Class Feature	VISIBLE:QUALIFY	EDITABLE:YES	EDITPOOL:NO		CATEGORY:Special Ability	TYPE:Dragoon Class Feature	PLURAL:Dragoon Class Features	DISPLAYLOCATION:Class Features
ABILITYCATEGORY:Fighter Class Feature	VISIBLE:QUALIFY	EDITABLE:YES	EDITPOOL:NO		CATEGORY:Special Ability	TYPE:Fighter Class Feature	PLURAL:Fighter Class Features	DISPLAYLOCATION:Class Features
ABILITYCATEGORY:Geomancer Class Feature	VISIBLE:QUALIFY	EDITABLE:YES	EDITPOOL:NO		CATEGORY:Special Ability	TYPE:Geomancer Class Feature	PLURAL:Geomancer Class Features	DISPLAYLOCATION:Class Features
ABILITYCATEGORY:Holy Knight Class Feature	VISIBLE:QUALIFY	EDITABLE:YES	EDITPOOL:NO		CATEGORY:Special Ability	TYPE:Holy Knight Class Feature	PLURAL:Holy Knight Class Features	DISPLAYLOCATION:Class Features
ABILITYCATEGORY:Illusionist Class Feature	VISIBLE:QUALIFY	EDITABLE:YES	EDITPOOL:NO		CATEGORY:Special Ability	TYPE:Illusionist Class Feature	PLURAL:Illusionist Class Features	DISPLAYLOCATION:Class Features
ABILITYCATEGORY:Knight Class Feature	VISIBLE:QUALIFY	EDITABLE:YES	EDITPOOL:NO		CATEGORY:Special Ability	TYPE:Knight Class Feature	PLURAL:Knight Class Features	DISPLAYLOCATION:Class Features
ABILITYCATEGORY:Monk Class Feature	VISIBLE:QUALIFY	EDITABLE:YES	EDITPOOL:NO		CATEGORY:Special Ability	TYPE:Monk Class Feature	PLURAL:Monk Class Features	DISPLAYLOCATION:Class Features
ABILITYCATEGORY:Necromancer Class Feature	VISIBLE:QUALIFY	EDITABLE:YES	EDITPOOL:NO		CATEGORY:Special Ability	TYPE:Necromancer Class Feature	PLURAL:Necromancer Class Features	DISPLAYLOCATION:Class Features
ABILITYCATEGORY:Red Mage Class Feature	VISIBLE:QUALIFY	EDITABLE:YES	EDITPOOL:NO		CATEGORY:Special Ability	TYPE:Red Mage Class Feature	PLURAL:Red Mage Class Features	DISPLAYLOCATION:Class Features
ABILITYCATEGORY:Summoner Class Feature	VISIBLE:QUALIFY	EDITABLE:YES	EDITPOOL:NO		CATEGORY:Special Ability	TYPE:Summoner Class Feature	PLURAL:Summoner Class Features	DISPLAYLOCATION:Class Features
ABILITYCATEGORY:Thief Class Feature	VISIBLE:QUALIFY	EDITABLE:YES	EDITPOOL:NO		CATEGORY:Special Ability	TYPE:Thief Class Feature	PLURAL:Thief Class Features	DISPLAYLOCATION:Class Features
ABILITYCATEGORY:Time Mage Class Feature	VISIBLE:QUALIFY	EDITABLE:YES	EDITPOOL:NO		CATEGORY:Special Ability	TYPE:Time Mage Class Feature	PLURAL:Time Mage Class Features	DISPLAYLOCATION:Class Features
ABILITYCATEGORY:White Mage Class Feature	VISIBLE:QUALIFY	EDITABLE:YES	EDITPOOL:NO		CATEGORY:Special Ability	TYPE:White Mage Class Feature	PLURAL:White Mage Class Features	DISPLAYLOCATION:Class Features
# Hybrid
ABILITYCATEGORY:Black Belt Class Feature	VISIBLE:QUALIFY	EDITABLE:YES	EDITPOOL:NO		CATEGORY:Special Ability	TYPE:Black Belt Class Feature	PLURAL:Black Belt Class Features	DISPLAYLOCATION:Class Features
ABILITYCATEGORY:Dancer Class Feature	VISIBLE:QUALIFY	EDITABLE:YES	EDITPOOL:NO		CATEGORY:Special Ability	TYPE:Dancer Class Feature	PLURAL:Dancer Class Features	DISPLAYLOCATION:Class Features
ABILITYCATEGORY:Scholar Class Feature	VISIBLE:QUALIFY	EDITABLE:YES	EDITPOOL:NO		CATEGORY:Special Ability	TYPE:Scholar Class Feature	PLURAL:Scholar Class Features	DISPLAYLOCATION:Class Features
ABILITYCATEGORY:Sword Saint Class Feature	VISIBLE:QUALIFY	EDITABLE:YES	EDITPOOL:NO		CATEGORY:Special Ability	TYPE:Sword Saint Class Feature	PLURAL:Sword Saint Class Features	DISPLAYLOCATION:Class Features

