
# Archer: A ranged specialist whose ability to defeat foes from afar is unmatched.
CLASS:Archer	MAXLEVEL:20
#CLASS:Archer	FACT:Abb|	FACT:ClassType|
CLASS:Archer	HD:8	TYPE:Base.PC	SOURCEPAGE:p.62	DEFINE:ArcherLVL|0	BONUS:VAR|ArcherLVL|CL
CLASS:Archer	BONUS:COMBAT|BASEAB|classlevel("APPLIEDAS=NONEPIC")*3/4|TYPE=Base.REPLACE|PREVAREQ:UseAlternateBABProgression,0
CLASS:Archer		BONUS:VAR|ClassBABModerate|classlevel("APPLIEDAS=NONEPIC")|PREVAREQ:UseFractionalBAB,1
CLASS:Archer	BONUS:SAVE|BASE.Fortitude|classlevel("APPLIEDAS=NONEPIC")/3
CLASS:Archer	BONUS:SAVE|BASE.Reflex|classlevel("APPLIEDAS=NONEPIC")/2+2
CLASS:Archer	BONUS:SAVE|BASE.Will|classlevel("APPLIEDAS=NONEPIC")/3
CLASS:Archer	STARTSKILLPTS:4	CSKILL:Acrobatics (Dex)|Climb (Str)|Craft (Int)|Heal (Wis)|Knowledge (geography) (Int)|Knowledge (nature) (Int)|Perception (Wis)|Ride (Dex)|Stealth (Dex)|Survival (Wis)|Swim

# Bard: A performer whose music works magic—a wanderer, a storyteller, and an inspirer.
CLASS:Bard	MAXLEVEL:20
#CLASS:Bard	FACT:Abb|	FACT:ClassType|
CLASS:Bard	HD:	TYPE:Base.PC.Prestige.Monster	SOURCEPAGE:p.	DEFINE:BardLVL|0	BONUS:VAR|BardLVL|CL
CLASS:Bard	BONUS:COMBAT|BASEAB|classlevel("APPLIEDAS=NONEPIC")|TYPE=Base.REPLACE|PREVAREQ:UseAlternateBABProgression,0
CLASS:Bard		BONUS:VAR|ClassBABPoor|classlevel("APPLIEDAS=NONEPIC")|PREVAREQ:UseFractionalBAB,1
CLASS:Bard		BONUS:VAR|ClassBABModerate|classlevel("APPLIEDAS=NONEPIC")|PREVAREQ:UseFractionalBAB,1
CLASS:Bard	BONUS:SAVE|BASE.Fortitude|classlevel("APPLIEDAS=NONEPIC")
CLASS:Bard	BONUS:SAVE|BASE.Reflex|classlevel("APPLIEDAS=NONEPIC")
CLASS:Bard	BONUS:SAVE|BASE.Will|classlevel("APPLIEDAS=NONEPIC")
CLASS:Bard	PRETEXT:
CLASS:Bard	STARTSKILLPTS:6	CSKILL:
CLASS:Bard	FACT:SpellType|
CLASS:Bard	SPELLSTAT:	MEMORIZE:
CLASS:Bard	BONUS:CASTERLEVEL|Bard|Caster_Level_BL_Stripped_Bard	DEFINE:Caster_Level_BL_Stripped_Bard|0	BONUS:VAR|Caster_Level_BL_Stripped_Bard|Caster_Level_Bard-CasterLevelBLBard	BONUS:VAR|Caster_Level_Bard|CL+Caster_Level_Bonus+CasterLevelBLBard	DEFINE:CasterLevelBLBard|0	BONUS:VAR|CasterLevelBL_x_Bard|charbonusto("PCLEVEL","Bard")	BONUS:VAR|Caster_Level_Highest__Arcane|Caster_Level_Bard|TYPE=Base

# Beastmaster: A ferocious warrior who fights along with his animal companion.
CLASS:Beastmaster	MAXLEVEL:20
#CLASS:Beastmaster	FACT:Abb|	FACT:ClassType|
CLASS:Beastmaster	HD:	TYPE:Base.PC.Prestige.Monster	SOURCEPAGE:p.	DEFINE:BeastmasterLVL|0	BONUS:VAR|BeastmasterLVL|CL
CLASS:Beastmaster	BONUS:COMBAT|BASEAB|classlevel("APPLIEDAS=NONEPIC")|TYPE=Base.REPLACE|PREVAREQ:UseAlternateBABProgression,0
CLASS:Beastmaster		BONUS:VAR|ClassBABPoor|classlevel("APPLIEDAS=NONEPIC")|PREVAREQ:UseFractionalBAB,1
CLASS:Beastmaster		BONUS:VAR|ClassBABModerate|classlevel("APPLIEDAS=NONEPIC")|PREVAREQ:UseFractionalBAB,1
CLASS:Beastmaster	BONUS:SAVE|BASE.Fortitude|classlevel("APPLIEDAS=NONEPIC")
CLASS:Beastmaster	BONUS:SAVE|BASE.Reflex|classlevel("APPLIEDAS=NONEPIC")
CLASS:Beastmaster	BONUS:SAVE|BASE.Will|classlevel("APPLIEDAS=NONEPIC")
CLASS:Beastmaster	PRETEXT:
CLASS:Beastmaster	STARTSKILLPTS:4	CSKILL:
CLASS:Beastmaster	FACT:SpellType|
CLASS:Beastmaster	SPELLSTAT:	MEMORIZE:
CLASS:Beastmaster	BONUS:CASTERLEVEL|Beastmaster|Caster_Level_BL_Stripped_Beastmaster	DEFINE:Caster_Level_BL_Stripped_Beastmaster|0	BONUS:VAR|Caster_Level_BL_Stripped_Beastmaster|Caster_Level_Beastmaster-CasterLevelBLBeastmaster	BONUS:VAR|Caster_Level_Beastmaster|CL+Caster_Level_Bonus+CasterLevelBLBeastmaster	DEFINE:CasterLevelBLBeastmaster|0	BONUS:VAR|CasterLevelBL_x_Beastmaster|charbonusto("PCLEVEL","Beastmaster")	BONUS:VAR|Caster_Level_Highest__Arcane|Caster_Level_Beastmaster|TYPE=Base

# Black Mage: A potent spellcaster schooled in the magical art of destruction magic.
CLASS:Black Mage	MAXLEVEL:20
#CLASS:Black Mage	FACT:Abb|	FACT:ClassType|
CLASS:Black Mage	HD:	TYPE:Base.PC.Prestige.Monster	SOURCEPAGE:p.	DEFINE:BlackMageLVL|0	BONUS:VAR|BlackMageLVL|CL
CLASS:Black Mage	BONUS:COMBAT|BASEAB|classlevel("APPLIEDAS=NONEPIC")|TYPE=Base.REPLACE|PREVAREQ:UseAlternateBABProgression,0
CLASS:Black Mage		BONUS:VAR|ClassBABPoor|classlevel("APPLIEDAS=NONEPIC")|PREVAREQ:UseFractionalBAB,1
CLASS:Black Mage		BONUS:VAR|ClassBABModerate|classlevel("APPLIEDAS=NONEPIC")|PREVAREQ:UseFractionalBAB,1
CLASS:Black Mage	BONUS:SAVE|BASE.Fortitude|classlevel("APPLIEDAS=NONEPIC")
CLASS:Black Mage	BONUS:SAVE|BASE.Reflex|classlevel("APPLIEDAS=NONEPIC")
CLASS:Black Mage	BONUS:SAVE|BASE.Will|classlevel("APPLIEDAS=NONEPIC")
CLASS:Black Mage	PRETEXT:
CLASS:Black Mage	STARTSKILLPTS:2	CSKILL:
CLASS:Black Mage	FACT:SpellType|
CLASS:Black Mage	SPELLSTAT:	MEMORIZE:
CLASS:Black Mage	BONUS:CASTERLEVEL|Black Mage|Caster_Level_BL_Stripped_BlackMage	DEFINE:Caster_Level_BL_Stripped_BlackMage|0	BONUS:VAR|Caster_Level_BL_Stripped_BlackMage|Caster_Level_BlackMage-CasterLevelBLBlackMage	BONUS:VAR|Caster_Level_BlackMage|CL+Caster_Level_Bonus+CasterLevelBLBlackMage	DEFINE:CasterLevelBLBlackMage|0	BONUS:VAR|CasterLevelBL_x_BlackMage|charbonusto("PCLEVEL","BlackMage")	BONUS:VAR|Caster_Level_Highest__Arcane|Caster_Level_BlackMage|TYPE=Base

# Blue Mage: A unique spellcaster who practices the mystical art of creature magic.
CLASS:Blue Mage	MAXLEVEL:20
#CLASS:Blue Mage	FACT:Abb|	FACT:ClassType|
CLASS:Blue Mage	HD:	TYPE:Base.PC.Prestige.Monster	SOURCEPAGE:p.	DEFINE:BlueMageLVL|0	BONUS:VAR|BlueMageLVL|CL
CLASS:Blue Mage	BONUS:COMBAT|BASEAB|classlevel("APPLIEDAS=NONEPIC")|TYPE=Base.REPLACE|PREVAREQ:UseAlternateBABProgression,0
CLASS:Blue Mage		BONUS:VAR|ClassBABPoor|classlevel("APPLIEDAS=NONEPIC")|PREVAREQ:UseFractionalBAB,1
CLASS:Blue Mage		BONUS:VAR|ClassBABModerate|classlevel("APPLIEDAS=NONEPIC")|PREVAREQ:UseFractionalBAB,1
CLASS:Blue Mage	BONUS:SAVE|BASE.Fortitude|classlevel("APPLIEDAS=NONEPIC")
CLASS:Blue Mage	BONUS:SAVE|BASE.Reflex|classlevel("APPLIEDAS=NONEPIC")
CLASS:Blue Mage	BONUS:SAVE|BASE.Will|classlevel("APPLIEDAS=NONEPIC")
CLASS:Blue Mage	PRETEXT:
CLASS:Blue Mage	STARTSKILLPTS:6	CSKILL:
CLASS:Blue Mage	FACT:SpellType|
CLASS:Blue Mage	SPELLSTAT:	MEMORIZE:
CLASS:Blue Mage	BONUS:CASTERLEVEL|Blue Mage|Caster_Level_BL_Stripped_BlueMage	DEFINE:Caster_Level_BL_Stripped_BlueMage|0	BONUS:VAR|Caster_Level_BL_Stripped_BlueMage|Caster_Level_BlueMage-CasterLevelBLBlueMage	BONUS:VAR|Caster_Level_BlueMage|CL+Caster_Level_Bonus+CasterLevelBLBlueMage	DEFINE:CasterLevelBLBlueMage|0	BONUS:VAR|CasterLevelBL_x_BlueMage|charbonusto("PCLEVEL","BlueMage")	BONUS:VAR|Caster_Level_Highest__Arcane|Caster_Level_BlueMage|TYPE=Base

# Chemist: A mystical brewer of chemicals that heal, enhance, or explode allies and enemies alike.
CLASS:Chemist	MAXLEVEL:20
#CLASS:Chemist	FACT:Abb|	FACT:ClassType|
CLASS:Chemist	HD:	TYPE:Base.PC.Prestige.Monster	SOURCEPAGE:p.	DEFINE:ChemistLVL|0	BONUS:VAR|ChemistLVL|CL
CLASS:Chemist	BONUS:COMBAT|BASEAB|classlevel("APPLIEDAS=NONEPIC")|TYPE=Base.REPLACE|PREVAREQ:UseAlternateBABProgression,0
CLASS:Chemist		BONUS:VAR|ClassBABPoor|classlevel("APPLIEDAS=NONEPIC")|PREVAREQ:UseFractionalBAB,1
CLASS:Chemist		BONUS:VAR|ClassBABModerate|classlevel("APPLIEDAS=NONEPIC")|PREVAREQ:UseFractionalBAB,1
CLASS:Chemist	BONUS:SAVE|BASE.Fortitude|classlevel("APPLIEDAS=NONEPIC")
CLASS:Chemist	BONUS:SAVE|BASE.Reflex|classlevel("APPLIEDAS=NONEPIC")
CLASS:Chemist	BONUS:SAVE|BASE.Will|classlevel("APPLIEDAS=NONEPIC")
CLASS:Chemist	PRETEXT:
CLASS:Chemist	STARTSKILLPTS:4	CSKILL:
CLASS:Chemist	FACT:SpellType|
CLASS:Chemist	SPELLSTAT:	MEMORIZE:
CLASS:Chemist	BONUS:CASTERLEVEL|Chemist|Caster_Level_BL_Stripped_Chemist	DEFINE:Caster_Level_BL_Stripped_Chemist|0	BONUS:VAR|Caster_Level_BL_Stripped_Chemist|Caster_Level_Chemist-CasterLevelBLChemist	BONUS:VAR|Caster_Level_Chemist|CL+Caster_Level_Bonus+CasterLevelBLChemist	DEFINE:CasterLevelBLChemist|0	BONUS:VAR|CasterLevelBL_x_Chemist|charbonusto("PCLEVEL","Chemist")	BONUS:VAR|Caster_Level_Highest__Arcane|Caster_Level_Chemist|TYPE=Base

# Chocobo Knight: A mounted charger representing the ultimate in mounted warfare.
CLASS:Chocobo Knight	MAXLEVEL:20
#CLASS:Chocobo Knight	FACT:Abb|	FACT:ClassType|
CLASS:Chocobo Knight	HD:	TYPE:Base.PC.Prestige.Monster	SOURCEPAGE:p.	DEFINE:ChocoboKnightLVL|0	BONUS:VAR|ChocoboKnightLVL|CL
CLASS:Chocobo Knight	BONUS:COMBAT|BASEAB|classlevel("APPLIEDAS=NONEPIC")|TYPE=Base.REPLACE|PREVAREQ:UseAlternateBABProgression,0
CLASS:Chocobo Knight		BONUS:VAR|ClassBABPoor|classlevel("APPLIEDAS=NONEPIC")|PREVAREQ:UseFractionalBAB,1
CLASS:Chocobo Knight		BONUS:VAR|ClassBABModerate|classlevel("APPLIEDAS=NONEPIC")|PREVAREQ:UseFractionalBAB,1
CLASS:Chocobo Knight	BONUS:SAVE|BASE.Fortitude|classlevel("APPLIEDAS=NONEPIC")
CLASS:Chocobo Knight	BONUS:SAVE|BASE.Reflex|classlevel("APPLIEDAS=NONEPIC")
CLASS:Chocobo Knight	BONUS:SAVE|BASE.Will|classlevel("APPLIEDAS=NONEPIC")
CLASS:Chocobo Knight	PRETEXT:
CLASS:Chocobo Knight	STARTSKILLPTS:4	CSKILL:
CLASS:Chocobo Knight	FACT:SpellType|
CLASS:Chocobo Knight	SPELLSTAT:	MEMORIZE:
CLASS:Chocobo Knight	BONUS:CASTERLEVEL|Chocobo Knight|Caster_Level_BL_Stripped_ChocoboKnight	DEFINE:Caster_Level_BL_Stripped_ChocoboKnight|0	BONUS:VAR|Caster_Level_BL_Stripped_ChocoboKnight|Caster_Level_ChocoboKnight-CasterLevelBLChocoboKnight	BONUS:VAR|Caster_Level_ChocoboKnight|CL+Caster_Level_Bonus+CasterLevelBLChocoboKnight	DEFINE:CasterLevelBLChocoboKnight|0	BONUS:VAR|CasterLevelBL_x_ChocoboKnight|charbonusto("PCLEVEL","ChocoboKnight")	BONUS:VAR|Caster_Level_Highest__Arcane|Caster_Level_ChocoboKnight|TYPE=Base

# Dark Knight: An unholy champion of evil seeking fame and personal power.
CLASS:Dark Knight	MAXLEVEL:20
#CLASS:Dark Knight	FACT:Abb|	FACT:ClassType|
CLASS:Dark Knight	HD:	TYPE:Base.PC.Prestige.Monster	SOURCEPAGE:p.	DEFINE:DarkKnightLVL|0	BONUS:VAR|DarkKnightLVL|CL
CLASS:Dark Knight	BONUS:COMBAT|BASEAB|classlevel("APPLIEDAS=NONEPIC")|TYPE=Base.REPLACE|PREVAREQ:UseAlternateBABProgression,0
CLASS:Dark Knight		BONUS:VAR|ClassBABPoor|classlevel("APPLIEDAS=NONEPIC")|PREVAREQ:UseFractionalBAB,1
CLASS:Dark Knight		BONUS:VAR|ClassBABModerate|classlevel("APPLIEDAS=NONEPIC")|PREVAREQ:UseFractionalBAB,1
CLASS:Dark Knight	BONUS:SAVE|BASE.Fortitude|classlevel("APPLIEDAS=NONEPIC")
CLASS:Dark Knight	BONUS:SAVE|BASE.Reflex|classlevel("APPLIEDAS=NONEPIC")
CLASS:Dark Knight	BONUS:SAVE|BASE.Will|classlevel("APPLIEDAS=NONEPIC")
CLASS:Dark Knight	PRETEXT:
CLASS:Dark Knight	STARTSKILLPTS:2	CSKILL:
CLASS:Dark Knight	FACT:SpellType|
CLASS:Dark Knight	SPELLSTAT:	MEMORIZE:
CLASS:Dark Knight	BONUS:CASTERLEVEL|DarkKnight|Caster_Level_BL_Stripped_DarkKnight	DEFINE:Caster_Level_BL_Stripped_DarkKnight|0	BONUS:VAR|Caster_Level_BL_Stripped_DarkKnight|Caster_Level_DarkKnight-CasterLevelBLDarkKnight	BONUS:VAR|Caster_Level_DarkKnight|CL+Caster_Level_Bonus+CasterLevelBLDarkKnight	DEFINE:CasterLevelBLDarkKnight|0	BONUS:VAR|CasterLevelBL_x_DarkKnight|charbonusto("PCLEVEL","DarkKnight")	BONUS:VAR|Caster_Level_Highest__Arcane|Caster_Level_DarkKnight|TYPE=Base

# Dragoon: An unstoppable lancer capable of tremendous jumps and flashy polearm techniques.
CLASS:Dragoon	MAXLEVEL:20
#CLASS:Dragoon	FACT:Abb|	FACT:ClassType|
CLASS:Dragoon	HD:	TYPE:Base.PC.Prestige.Monster	SOURCEPAGE:p.	DEFINE:DragoonLVL|0	BONUS:VAR|DragoonLVL|CL
CLASS:Dragoon	BONUS:COMBAT|BASEAB|classlevel("APPLIEDAS=NONEPIC")|TYPE=Base.REPLACE|PREVAREQ:UseAlternateBABProgression,0
CLASS:Dragoon		BONUS:VAR|ClassBABPoor|classlevel("APPLIEDAS=NONEPIC")|PREVAREQ:UseFractionalBAB,1
CLASS:Dragoon		BONUS:VAR|ClassBABModerate|classlevel("APPLIEDAS=NONEPIC")|PREVAREQ:UseFractionalBAB,1
CLASS:Dragoon	BONUS:SAVE|BASE.Fortitude|classlevel("APPLIEDAS=NONEPIC")
CLASS:Dragoon	BONUS:SAVE|BASE.Reflex|classlevel("APPLIEDAS=NONEPIC")
CLASS:Dragoon	BONUS:SAVE|BASE.Will|classlevel("APPLIEDAS=NONEPIC")
CLASS:Dragoon	PRETEXT:
CLASS:Dragoon	STARTSKILLPTS:2	CSKILL:
CLASS:Dragoon	FACT:SpellType|
CLASS:Dragoon	SPELLSTAT:	MEMORIZE:
CLASS:Dragoon	BONUS:CASTERLEVEL|Dragoon|Caster_Level_BL_Stripped_Dragoon	DEFINE:Caster_Level_BL_Stripped_Dragoon|0	BONUS:VAR|Caster_Level_BL_Stripped_Dragoon|Caster_Level_Dragoon-CasterLevelBLDragoon	BONUS:VAR|Caster_Level_Dragoon|CL+Caster_Level_Bonus+CasterLevelBLDragoon	DEFINE:CasterLevelBLDragoon|0	BONUS:VAR|CasterLevelBL_x_Dragoon|charbonusto("PCLEVEL","Dragoon")	BONUS:VAR|Caster_Level_Highest__Arcane|Caster_Level_Dragoon|TYPE=Base

# Fighter: A raging berserker with exceptional combat capability and unequaled skill with weapons.
CLASS:Fighter	MAXLEVEL:20
#CLASS:Fighter	FACT:Abb|	FACT:ClassType|
CLASS:Fighter	HD:	TYPE:Base.PC.Prestige.Monster	SOURCEPAGE:p.	DEFINE:FighterLVL|0	BONUS:VAR|FighterLVL|CL
CLASS:Fighter	BONUS:COMBAT|BASEAB|classlevel("APPLIEDAS=NONEPIC")|TYPE=Base.REPLACE|PREVAREQ:UseAlternateBABProgression,0
CLASS:Fighter		BONUS:VAR|ClassBABPoor|classlevel("APPLIEDAS=NONEPIC")|PREVAREQ:UseFractionalBAB,1
CLASS:Fighter		BONUS:VAR|ClassBABModerate|classlevel("APPLIEDAS=NONEPIC")|PREVAREQ:UseFractionalBAB,1
CLASS:Fighter	BONUS:SAVE|BASE.Fortitude|classlevel("APPLIEDAS=NONEPIC")
CLASS:Fighter	BONUS:SAVE|BASE.Reflex|classlevel("APPLIEDAS=NONEPIC")
CLASS:Fighter	BONUS:SAVE|BASE.Will|classlevel("APPLIEDAS=NONEPIC")
CLASS:Fighter	PRETEXT:
CLASS:Fighter	STARTSKILLPTS:2	CSKILL:
CLASS:Fighter	FACT:SpellType|
CLASS:Fighter	SPELLSTAT:	MEMORIZE:
CLASS:Fighter	BONUS:CASTERLEVEL|Fighter|Caster_Level_BL_Stripped_Fighter	DEFINE:Caster_Level_BL_Stripped_Fighter|0	BONUS:VAR|Caster_Level_BL_Stripped_Fighter|Caster_Level_Fighter-CasterLevelBLFighter	BONUS:VAR|Caster_Level_Fighter|CL+Caster_Level_Bonus+CasterLevelBLFighter	DEFINE:CasterLevelBLFighter|0	BONUS:VAR|CasterLevelBL_x_Fighter|charbonusto("PCLEVEL","Fighter")	BONUS:VAR|Caster_Level_Highest__Arcane|Caster_Level_Fighter|TYPE=Base

# Geomancer: An elemental spellcaster who uses the environment as her playground.
CLASS:Geomancer	MAXLEVEL:20
#CLASS:Geomancer	FACT:Abb|	FACT:ClassType|
CLASS:Geomancer	HD:	TYPE:Base.PC.Prestige.Monster	SOURCEPAGE:p.	DEFINE:GeomancerLVL|0	BONUS:VAR|GeomancerLVL|CL
CLASS:Geomancer	BONUS:COMBAT|BASEAB|classlevel("APPLIEDAS=NONEPIC")|TYPE=Base.REPLACE|PREVAREQ:UseAlternateBABProgression,0
CLASS:Geomancer		BONUS:VAR|ClassBABPoor|classlevel("APPLIEDAS=NONEPIC")|PREVAREQ:UseFractionalBAB,1
CLASS:Geomancer		BONUS:VAR|ClassBABModerate|classlevel("APPLIEDAS=NONEPIC")|PREVAREQ:UseFractionalBAB,1
CLASS:Geomancer	BONUS:SAVE|BASE.Fortitude|classlevel("APPLIEDAS=NONEPIC")
CLASS:Geomancer	BONUS:SAVE|BASE.Reflex|classlevel("APPLIEDAS=NONEPIC")
CLASS:Geomancer	BONUS:SAVE|BASE.Will|classlevel("APPLIEDAS=NONEPIC")
CLASS:Geomancer	PRETEXT:
CLASS:Geomancer	STARTSKILLPTS:4	CSKILL:
CLASS:Geomancer	FACT:SpellType|
CLASS:Geomancer	SPELLSTAT:	MEMORIZE:
CLASS:Geomancer	BONUS:CASTERLEVEL|Geomancer|Caster_Level_BL_Stripped_Geomancer	DEFINE:Caster_Level_BL_Stripped_Geomancer|0	BONUS:VAR|Caster_Level_BL_Stripped_Geomancer|Caster_Level_Geomancer-CasterLevelBLGeomancer	BONUS:VAR|Caster_Level_Geomancer|CL+Caster_Level_Bonus+CasterLevelBLGeomancer	DEFINE:CasterLevelBLGeomancer|0	BONUS:VAR|CasterLevelBL_x_Geomancer|charbonusto("PCLEVEL","Geomancer")	BONUS:VAR|Caster_Level_Highest__Arcane|Caster_Level_Geomancer|TYPE=Base

# Holy Knight: A champion of justice, protected and strengthened by an array of holy powers.
CLASS:Holy Knight	MAXLEVEL:20
#CLASS:Holy Knight	FACT:Abb|	FACT:ClassType|
CLASS:Holy Knight	HD:	TYPE:Base.PC.Prestige.Monster	SOURCEPAGE:p.	DEFINE:HolyKnightLVL|0	BONUS:VAR|HolyKnightLVL|CL
CLASS:Holy Knight	BONUS:COMBAT|BASEAB|classlevel("APPLIEDAS=NONEPIC")|TYPE=Base.REPLACE|PREVAREQ:UseAlternateBABProgression,0
CLASS:Holy Knight		BONUS:VAR|ClassBABPoor|classlevel("APPLIEDAS=NONEPIC")|PREVAREQ:UseFractionalBAB,1
CLASS:Holy Knight		BONUS:VAR|ClassBABModerate|classlevel("APPLIEDAS=NONEPIC")|PREVAREQ:UseFractionalBAB,1
CLASS:Holy Knight	BONUS:SAVE|BASE.Fortitude|classlevel("APPLIEDAS=NONEPIC")
CLASS:Holy Knight	BONUS:SAVE|BASE.Reflex|classlevel("APPLIEDAS=NONEPIC")
CLASS:Holy Knight	BONUS:SAVE|BASE.Will|classlevel("APPLIEDAS=NONEPIC")
CLASS:Holy Knight	PRETEXT:
CLASS:Holy Knight	STARTSKILLPTS:2	CSKILL:
CLASS:Holy Knight	FACT:SpellType|
CLASS:Holy Knight	SPELLSTAT:	MEMORIZE:
CLASS:Holy Knight	BONUS:CASTERLEVEL|HolyKnight|Caster_Level_BL_Stripped_HolyKnight	DEFINE:Caster_Level_BL_Stripped_HolyKnight|0	BONUS:VAR|Caster_Level_BL_Stripped_HolyKnight|Caster_Level_HolyKnight-CasterLevelBLHolyKnight	BONUS:VAR|Caster_Level_HolyKnight|CL+Caster_Level_Bonus+CasterLevelBLHolyKnight	DEFINE:CasterLevelBLHolyKnight|0	BONUS:VAR|CasterLevelBL_x_HolyKnight|charbonusto("PCLEVEL","HolyKnight")	BONUS:VAR|Caster_Level_Highest__Arcane|Caster_Level_HolyKnight|TYPE=Base

# Illusionist: A tricksy mage who uses illusions and trickery to control the battlefield.
CLASS:Illusionist	MAXLEVEL:20
#CLASS:Illusionist	FACT:Abb|	FACT:ClassType|
CLASS:Illusionist	HD:	TYPE:Base.PC.Prestige.Monster	SOURCEPAGE:p.	DEFINE:IllusionistLVL|0	BONUS:VAR|IllusionistLVL|CL
CLASS:Illusionist	BONUS:COMBAT|BASEAB|classlevel("APPLIEDAS=NONEPIC")|TYPE=Base.REPLACE|PREVAREQ:UseAlternateBABProgression,0
CLASS:Illusionist		BONUS:VAR|ClassBABPoor|classlevel("APPLIEDAS=NONEPIC")|PREVAREQ:UseFractionalBAB,1
CLASS:Illusionist		BONUS:VAR|ClassBABModerate|classlevel("APPLIEDAS=NONEPIC")|PREVAREQ:UseFractionalBAB,1
CLASS:Illusionist	BONUS:SAVE|BASE.Fortitude|classlevel("APPLIEDAS=NONEPIC")
CLASS:Illusionist	BONUS:SAVE|BASE.Reflex|classlevel("APPLIEDAS=NONEPIC")
CLASS:Illusionist	BONUS:SAVE|BASE.Will|classlevel("APPLIEDAS=NONEPIC")
CLASS:Illusionist	PRETEXT:
CLASS:Illusionist	STARTSKILLPTS:4	CSKILL:
CLASS:Illusionist	FACT:SpellType|
CLASS:Illusionist	SPELLSTAT:	MEMORIZE:
CLASS:Illusionist	BONUS:CASTERLEVEL|Illusionist|Caster_Level_BL_Stripped_Illusionist	DEFINE:Caster_Level_BL_Stripped_Illusionist|0	BONUS:VAR|Caster_Level_BL_Stripped_Illusionist|Caster_Level_Illusionist-CasterLevelBLIllusionist	BONUS:VAR|Caster_Level_Illusionist|CL+Caster_Level_Bonus+CasterLevelBLIllusionist	DEFINE:CasterLevelBLIllusionist|0	BONUS:VAR|CasterLevelBL_x_Illusionist|charbonusto("PCLEVEL","Illusionist")	BONUS:VAR|Caster_Level_Highest__Arcane|Caster_Level_Illusionist|TYPE=Base

# Knight: An armored combatant with a code of honor, defending those in need.
CLASS:Knight	MAXLEVEL:20
#CLASS:Knight	FACT:Abb|	FACT:ClassType|
CLASS:Knight	HD:	TYPE:Base.PC.Prestige.Monster	SOURCEPAGE:p.	DEFINE:KnightLVL|0	BONUS:VAR|KnightLVL|CL
CLASS:Knight	BONUS:COMBAT|BASEAB|classlevel("APPLIEDAS=NONEPIC")|TYPE=Base.REPLACE|PREVAREQ:UseAlternateBABProgression,0
CLASS:Knight		BONUS:VAR|ClassBABPoor|classlevel("APPLIEDAS=NONEPIC")|PREVAREQ:UseFractionalBAB,1
CLASS:Knight		BONUS:VAR|ClassBABModerate|classlevel("APPLIEDAS=NONEPIC")|PREVAREQ:UseFractionalBAB,1
CLASS:Knight	BONUS:SAVE|BASE.Fortitude|classlevel("APPLIEDAS=NONEPIC")
CLASS:Knight	BONUS:SAVE|BASE.Reflex|classlevel("APPLIEDAS=NONEPIC")
CLASS:Knight	BONUS:SAVE|BASE.Will|classlevel("APPLIEDAS=NONEPIC")
CLASS:Knight	PRETEXT:
CLASS:Knight	STARTSKILLPTS:2	CSKILL:
CLASS:Knight	FACT:SpellType|
CLASS:Knight	SPELLSTAT:	MEMORIZE:
CLASS:Knight	BONUS:CASTERLEVEL|Knight|Caster_Level_BL_Stripped_Knight	DEFINE:Caster_Level_BL_Stripped_Knight|0	BONUS:VAR|Caster_Level_BL_Stripped_Knight|Caster_Level_Knight-CasterLevelBLKnight	BONUS:VAR|Caster_Level_Knight|CL+Caster_Level_Bonus+CasterLevelBLKnight	DEFINE:CasterLevelBLKnight|0	BONUS:VAR|CasterLevelBL_x_Knight|charbonusto("PCLEVEL","Knight")	BONUS:VAR|Caster_Level_Highest__Arcane|Caster_Level_Knight|TYPE=Base

# Monk: A martial artist whose unarmed strikes hit fast and hard—a master of exotic powers.
CLASS:Monk	MAXLEVEL:20
#CLASS:Monk	FACT:Abb|	FACT:ClassType|
CLASS:Monk	HD:	TYPE:Base.PC.Prestige.Monster	SOURCEPAGE:p.	DEFINE:MonkLVL|0	BONUS:VAR|MonkLVL|CL
CLASS:Monk	BONUS:COMBAT|BASEAB|classlevel("APPLIEDAS=NONEPIC")|TYPE=Base.REPLACE|PREVAREQ:UseAlternateBABProgression,0
CLASS:Monk		BONUS:VAR|ClassBABPoor|classlevel("APPLIEDAS=NONEPIC")|PREVAREQ:UseFractionalBAB,1
CLASS:Monk		BONUS:VAR|ClassBABModerate|classlevel("APPLIEDAS=NONEPIC")|PREVAREQ:UseFractionalBAB,1
CLASS:Monk	BONUS:SAVE|BASE.Fortitude|classlevel("APPLIEDAS=NONEPIC")
CLASS:Monk	BONUS:SAVE|BASE.Reflex|classlevel("APPLIEDAS=NONEPIC")
CLASS:Monk	BONUS:SAVE|BASE.Will|classlevel("APPLIEDAS=NONEPIC")
CLASS:Monk	PRETEXT:
CLASS:Monk	STARTSKILLPTS:4	CSKILL:
CLASS:Monk	FACT:SpellType|
CLASS:Monk	SPELLSTAT:	MEMORIZE:
CLASS:Monk	BONUS:CASTERLEVEL|Monk|Caster_Level_BL_Stripped_Monk	DEFINE:Caster_Level_BL_Stripped_Monk|0	BONUS:VAR|Caster_Level_BL_Stripped_Monk|Caster_Level_Monk-CasterLevelBLMonk	BONUS:VAR|Caster_Level_Monk|CL+Caster_Level_Bonus+CasterLevelBLMonk	DEFINE:CasterLevelBLMonk|0	BONUS:VAR|CasterLevelBL_x_Monk|charbonusto("PCLEVEL","Monk")	BONUS:VAR|Caster_Level_Highest__Arcane|Caster_Level_Monk|TYPE=Base

# Necromancer: A ghastly spellcaster who summons undead to follow his every command.
CLASS:Necromancer	MAXLEVEL:20
#CLASS:Necromancer	FACT:Abb|	FACT:ClassType|
CLASS:Necromancer	HD:	TYPE:Base.PC.Prestige.Monster	SOURCEPAGE:p.	DEFINE:NecromancerLVL|0	BONUS:VAR|NecromancerLVL|CL
CLASS:Necromancer	BONUS:COMBAT|BASEAB|classlevel("APPLIEDAS=NONEPIC")|TYPE=Base.REPLACE|PREVAREQ:UseAlternateBABProgression,0
CLASS:Necromancer		BONUS:VAR|ClassBABPoor|classlevel("APPLIEDAS=NONEPIC")|PREVAREQ:UseFractionalBAB,1
CLASS:Necromancer		BONUS:VAR|ClassBABModerate|classlevel("APPLIEDAS=NONEPIC")|PREVAREQ:UseFractionalBAB,1
CLASS:Necromancer	BONUS:SAVE|BASE.Fortitude|classlevel("APPLIEDAS=NONEPIC")
CLASS:Necromancer	BONUS:SAVE|BASE.Reflex|classlevel("APPLIEDAS=NONEPIC")
CLASS:Necromancer	BONUS:SAVE|BASE.Will|classlevel("APPLIEDAS=NONEPIC")
CLASS:Necromancer	PRETEXT:
CLASS:Necromancer	STARTSKILLPTS:2	CSKILL:
CLASS:Necromancer	FACT:SpellType|
CLASS:Necromancer	SPELLSTAT:	MEMORIZE:
CLASS:Necromancer	BONUS:CASTERLEVEL|Necromancer|Caster_Level_BL_Stripped_Necromancer	DEFINE:Caster_Level_BL_Stripped_Necromancer|0	BONUS:VAR|Caster_Level_BL_Stripped_Necromancer|Caster_Level_Necromancer-CasterLevelBLNecromancer	BONUS:VAR|Caster_Level_Necromancer|CL+Caster_Level_Bonus+CasterLevelBLNecromancer	DEFINE:CasterLevelBLNecromancer|0	BONUS:VAR|CasterLevelBL_x_Necromancer|charbonusto("PCLEVEL","Necromancer")	BONUS:VAR|Caster_Level_Highest__Arcane|Caster_Level_Necromancer|TYPE=Base

# Red Mage: A jack-of-all-trades who is able to use both black and white magic to a limited degree.
CLASS:Red Mage	MAXLEVEL:20
#CLASS:Red Mage	FACT:Abb|	FACT:ClassType|
CLASS:Red Mage	HD:	TYPE:Base.PC.Prestige.Monster	SOURCEPAGE:p.	DEFINE:NecromancerLVL|0	BONUS:VAR|NecromancerLVL|CL
CLASS:Red Mage	BONUS:COMBAT|BASEAB|classlevel("APPLIEDAS=NONEPIC")|TYPE=Base.REPLACE|PREVAREQ:UseAlternateBABProgression,0
CLASS:Red Mage		BONUS:VAR|ClassBABPoor|classlevel("APPLIEDAS=NONEPIC")|PREVAREQ:UseFractionalBAB,1
CLASS:Red Mage		BONUS:VAR|ClassBABModerate|classlevel("APPLIEDAS=NONEPIC")|PREVAREQ:UseFractionalBAB,1
CLASS:Red Mage	BONUS:SAVE|BASE.Fortitude|classlevel("APPLIEDAS=NONEPIC")
CLASS:Red Mage	BONUS:SAVE|BASE.Reflex|classlevel("APPLIEDAS=NONEPIC")
CLASS:Red Mage	BONUS:SAVE|BASE.Will|classlevel("APPLIEDAS=NONEPIC")
CLASS:Red Mage	PRETEXT:
CLASS:Red Mage	STARTSKILLPTS:4	CSKILL:
CLASS:Red Mage	FACT:SpellType|
CLASS:Red Mage	SPELLSTAT:	MEMORIZE:
CLASS:Red Mage	BONUS:CASTERLEVEL|RedMage|Caster_Level_BL_Stripped_RedMage	DEFINE:Caster_Level_BL_Stripped_RedMage|0	BONUS:VAR|Caster_Level_BL_Stripped_RedMage|Caster_Level_RedMage-CasterLevelBLRedMage	BONUS:VAR|Caster_Level_RedMage|CL+Caster_Level_Bonus+CasterLevelBLRedMage	DEFINE:CasterLevelBLRedMage|0	BONUS:VAR|CasterLevelBL_x_RedMage|charbonusto("PCLEVEL","RedMage")	BONUS:VAR|Caster_Level_Highest__Arcane|Caster_Level_RedMage|TYPE=Base

# Summoner: A specialized spellcaster who summons an elemental avatar to defend him.
CLASS:Summoner	MAXLEVEL:20
#CLASS:Summoner	FACT:Abb|	FACT:ClassType|
CLASS:Summoner	HD:	TYPE:Base.PC.Prestige.Monster	SOURCEPAGE:p.	DEFINE:SummonerLVL|0	BONUS:VAR|SummonerLVL|CL
CLASS:Summoner	BONUS:COMBAT|BASEAB|classlevel("APPLIEDAS=NONEPIC")|TYPE=Base.REPLACE|PREVAREQ:UseAlternateBABProgression,0
CLASS:Summoner		BONUS:VAR|ClassBABPoor|classlevel("APPLIEDAS=NONEPIC")|PREVAREQ:UseFractionalBAB,1
CLASS:Summoner		BONUS:VAR|ClassBABModerate|classlevel("APPLIEDAS=NONEPIC")|PREVAREQ:UseFractionalBAB,1
CLASS:Summoner	BONUS:SAVE|BASE.Fortitude|classlevel("APPLIEDAS=NONEPIC")
CLASS:Summoner	BONUS:SAVE|BASE.Reflex|classlevel("APPLIEDAS=NONEPIC")
CLASS:Summoner	BONUS:SAVE|BASE.Will|classlevel("APPLIEDAS=NONEPIC")
CLASS:Summoner	PRETEXT:
CLASS:Summoner	STARTSKILLPTS:2	CSKILL:
CLASS:Summoner	FACT:SpellType|
CLASS:Summoner	SPELLSTAT:	MEMORIZE:
CLASS:Summoner	BONUS:CASTERLEVEL|Summoner|Caster_Level_BL_Stripped_Summoner	DEFINE:Caster_Level_BL_Stripped_Summoner|0	BONUS:VAR|Caster_Level_BL_Stripped_Summoner|Caster_Level_Summoner-CasterLevelBLSummoner	BONUS:VAR|Caster_Level_Summoner|CL+Caster_Level_Bonus+CasterLevelBLSummoner	DEFINE:CasterLevelBLSummoner|0	BONUS:VAR|CasterLevelBL_x_Summoner|charbonusto("PCLEVEL","Summoner")	BONUS:VAR|Caster_Level_Highest__Arcane|Caster_Level_Summoner|TYPE=Base

# Thief: A tricky, skillful scout who wins the battle by stealth rather than brute force.
CLASS:Thief	MAXLEVEL:20
#CLASS:Thief	FACT:Abb|	FACT:ClassType|
CLASS:Thief	HD:	TYPE:Base.PC.Prestige.Monster	SOURCEPAGE:p.	DEFINE:ThiefLVL|0	BONUS:VAR|ThiefLVL|CL
CLASS:Thief	BONUS:COMBAT|BASEAB|classlevel("APPLIEDAS=NONEPIC")|TYPE=Base.REPLACE|PREVAREQ:UseAlternateBABProgression,0
CLASS:Thief		BONUS:VAR|ClassBABPoor|classlevel("APPLIEDAS=NONEPIC")|PREVAREQ:UseFractionalBAB,1
CLASS:Thief		BONUS:VAR|ClassBABModerate|classlevel("APPLIEDAS=NONEPIC")|PREVAREQ:UseFractionalBAB,1
CLASS:Thief	BONUS:SAVE|BASE.Fortitude|classlevel("APPLIEDAS=NONEPIC")
CLASS:Thief	BONUS:SAVE|BASE.Reflex|classlevel("APPLIEDAS=NONEPIC")
CLASS:Thief	BONUS:SAVE|BASE.Will|classlevel("APPLIEDAS=NONEPIC")
CLASS:Thief	PRETEXT:
CLASS:Thief	STARTSKILLPTS:8	CSKILL:
CLASS:Thief	FACT:SpellType|
CLASS:Thief	SPELLSTAT:	MEMORIZE:
CLASS:Thief	BONUS:CASTERLEVEL|Thief|Caster_Level_BL_Stripped_Thief	DEFINE:Caster_Level_BL_Stripped_Thief|0	BONUS:VAR|Caster_Level_BL_Stripped_Thief|Caster_Level_Thief-CasterLevelBLThief	BONUS:VAR|Caster_Level_Thief|CL+Caster_Level_Bonus+CasterLevelBLThief	DEFINE:CasterLevelBLThief|0	BONUS:VAR|CasterLevelBL_x_Thief|charbonusto("PCLEVEL","Thief")	BONUS:VAR|Caster_Level_Highest__Arcane|Caster_Level_Thief|TYPE=Base

# Time Mage: A controller of time and space who uses time to his advantage.
CLASS:Time Mage	MAXLEVEL:20
#CLASS:Time Mage	FACT:Abb|	FACT:ClassType|
CLASS:Time Mage	HD:	TYPE:Base.PC.Prestige.Monster	SOURCEPAGE:p.	DEFINE:TimeMageLVL|0	BONUS:VAR|TimeMageLVL|CL
CLASS:Time Mage	BONUS:COMBAT|BASEAB|classlevel("APPLIEDAS=NONEPIC")|TYPE=Base.REPLACE|PREVAREQ:UseAlternateBABProgression,0
CLASS:Time Mage		BONUS:VAR|ClassBABPoor|classlevel("APPLIEDAS=NONEPIC")|PREVAREQ:UseFractionalBAB,1
CLASS:Time Mage		BONUS:VAR|ClassBABModerate|classlevel("APPLIEDAS=NONEPIC")|PREVAREQ:UseFractionalBAB,1
CLASS:Time Mage	BONUS:SAVE|BASE.Fortitude|classlevel("APPLIEDAS=NONEPIC")
CLASS:Time Mage	BONUS:SAVE|BASE.Reflex|classlevel("APPLIEDAS=NONEPIC")
CLASS:Time Mage	BONUS:SAVE|BASE.Will|classlevel("APPLIEDAS=NONEPIC")
CLASS:Time Mage	PRETEXT:
CLASS:Time Mage	STARTSKILLPTS:2	CSKILL:
CLASS:Time Mage	FACT:SpellType|
CLASS:Time Mage	SPELLSTAT:	MEMORIZE:
CLASS:Time Mage	BONUS:CASTERLEVEL|TimeMage|Caster_Level_BL_Stripped_TimeMage	DEFINE:Caster_Level_BL_Stripped_TimeMage|0	BONUS:VAR|Caster_Level_BL_Stripped_TimeMage|Caster_Level_TimeMage-CasterLevelBLTimeMage	BONUS:VAR|Caster_Level_TimeMage|CL+Caster_Level_Bonus+CasterLevelBLTimeMage	DEFINE:CasterLevelBLTimeMage|0	BONUS:VAR|CasterLevelBL_x_TimeMage|charbonusto("PCLEVEL","TimeMage")	BONUS:VAR|Caster_Level_Highest__Arcane|Caster_Level_TimeMage|TYPE=Base

# White Mage: A defensive spellcaster schooled in the magical art of holy and healing magic.
CLASS:White Mage	MAXLEVEL:20
#CLASS:White Mage	FACT:Abb|	FACT:ClassType|
CLASS:White Mage	HD:	TYPE:Base.PC.Prestige.Monster	SOURCEPAGE:p.	DEFINE:WhiteMageLVL|0	BONUS:VAR|WhiteMageLVL|CL
CLASS:White Mage	BONUS:COMBAT|BASEAB|classlevel("APPLIEDAS=NONEPIC")|TYPE=Base.REPLACE|PREVAREQ:UseAlternateBABProgression,0
CLASS:White Mage		BONUS:VAR|ClassBABPoor|classlevel("APPLIEDAS=NONEPIC")|PREVAREQ:UseFractionalBAB,1
CLASS:White Mage		BONUS:VAR|ClassBABModerate|classlevel("APPLIEDAS=NONEPIC")|PREVAREQ:UseFractionalBAB,1
CLASS:White Mage	BONUS:SAVE|BASE.Fortitude|classlevel("APPLIEDAS=NONEPIC")
CLASS:White Mage	BONUS:SAVE|BASE.Reflex|classlevel("APPLIEDAS=NONEPIC")
CLASS:White Mage	BONUS:SAVE|BASE.Will|classlevel("APPLIEDAS=NONEPIC")
CLASS:White Mage	PRETEXT:
CLASS:White Mage	STARTSKILLPTS:2	CSKILL:
CLASS:White Mage	FACT:SpellType|
CLASS:White Mage	SPELLSTAT:	MEMORIZE:
CLASS:White Mage	BONUS:CASTERLEVEL|WhiteMage|Caster_Level_BL_Stripped_WhiteMage	DEFINE:Caster_Level_BL_Stripped_WhiteMage|0	BONUS:VAR|Caster_Level_BL_Stripped_WhiteMage|Caster_Level_WhiteMage-CasterLevelBLWhiteMage	BONUS:VAR|Caster_Level_WhiteMage|CL+Caster_Level_Bonus+CasterLevelBLWhiteMage	DEFINE:CasterLevelBLWhiteMage|0	BONUS:VAR|CasterLevelBL_x_WhiteMage|charbonusto("PCLEVEL","WhiteMage")	BONUS:VAR|Caster_Level_Highest__Arcane|Caster_Level_WhiteMage|TYPE=Base


# Hybrid Classes
# Black Belt: Unifying two of the game's greatest pugilists, the fighter and the monk, the black belt forgoes mysticism and spiritual training to focus on raw physical mastery.
CLASS:Black Belt	MAXLEVEL:20
#CLASS:Black Belt	FACT:Abb|	FACT:ClassType|
CLASS:Black Belt	HD:	TYPE:Base.PC.Prestige.Monster	SOURCEPAGE:p.	DEFINE:BlackBeltLVL|0	BONUS:VAR|BlackBeltLVL|CL
CLASS:Black Belt	BONUS:COMBAT|BASEAB|classlevel("APPLIEDAS=NONEPIC")|TYPE=Base.REPLACE|PREVAREQ:UseAlternateBABProgression,0
CLASS:Black Belt		BONUS:VAR|ClassBABPoor|classlevel("APPLIEDAS=NONEPIC")|PREVAREQ:UseFractionalBAB,1
CLASS:Black Belt		BONUS:VAR|ClassBABModerate|classlevel("APPLIEDAS=NONEPIC")|PREVAREQ:UseFractionalBAB,1
CLASS:Black Belt	BONUS:SAVE|BASE.Fortitude|classlevel("APPLIEDAS=NONEPIC")
CLASS:Black Belt	BONUS:SAVE|BASE.Reflex|classlevel("APPLIEDAS=NONEPIC")
CLASS:Black Belt	BONUS:SAVE|BASE.Will|classlevel("APPLIEDAS=NONEPIC")
CLASS:Black Belt	PRETEXT:
CLASS:Black Belt	STARTSKILLPTS:4	CSKILL:
CLASS:Black Belt	FACT:SpellType|
CLASS:Black Belt	SPELLSTAT:	MEMORIZE:
CLASS:Black Belt	BONUS:CASTERLEVEL|BlackBelt|Caster_Level_BL_Stripped_BlackBelt	DEFINE:Caster_Level_BL_Stripped_BlackBelt|0	BONUS:VAR|Caster_Level_BL_Stripped_BlackBelt|Caster_Level_BlackBelt-CasterLevelBLBlackBelt	BONUS:VAR|Caster_Level_BlackBelt|CL+Caster_Level_Bonus+CasterLevelBLBlackBelt	DEFINE:CasterLevelBLBlackBelt|0	BONUS:VAR|CasterLevelBL_x_BlackBelt|charbonusto("PCLEVEL","BlackBelt")	BONUS:VAR|Caster_Level_Highest__Arcane|Caster_Level_BlackBelt|TYPE=Base

# Dancer: The dancer blends the passion and relentlessness of the monk with the inspiration of the bard, inspiring her fellows from the front lines.
CLASS:Dancer	MAXLEVEL:20
#CLASS:Dancer	FACT:Abb|	FACT:ClassType|
CLASS:Dancer	HD:	TYPE:Base.PC.Prestige.Monster	SOURCEPAGE:p.	DEFINE:DancerLVL|0	BONUS:VAR|DancerLVL|CL
CLASS:Dancer	BONUS:COMBAT|BASEAB|classlevel("APPLIEDAS=NONEPIC")|TYPE=Base.REPLACE|PREVAREQ:UseAlternateBABProgression,0
CLASS:Dancer		BONUS:VAR|ClassBABPoor|classlevel("APPLIEDAS=NONEPIC")|PREVAREQ:UseFractionalBAB,1
CLASS:Dancer		BONUS:VAR|ClassBABModerate|classlevel("APPLIEDAS=NONEPIC")|PREVAREQ:UseFractionalBAB,1
CLASS:Dancer	BONUS:SAVE|BASE.Fortitude|classlevel("APPLIEDAS=NONEPIC")
CLASS:Dancer	BONUS:SAVE|BASE.Reflex|classlevel("APPLIEDAS=NONEPIC")
CLASS:Dancer	BONUS:SAVE|BASE.Will|classlevel("APPLIEDAS=NONEPIC")
CLASS:Dancer	PRETEXT:
CLASS:Dancer	STARTSKILLPTS:4	CSKILL:
CLASS:Dancer	FACT:SpellType|
CLASS:Dancer	SPELLSTAT:	MEMORIZE:
CLASS:Dancer	BONUS:CASTERLEVEL|Dancer|Caster_Level_BL_Stripped_Dancer	DEFINE:Caster_Level_BL_Stripped_Dancer|0	BONUS:VAR|Caster_Level_BL_Stripped_Dancer|Caster_Level_Dancer-CasterLevelBLDancer	BONUS:VAR|Caster_Level_Dancer|CL+Caster_Level_Bonus+CasterLevelBLDancer	DEFINE:CasterLevelBLDancer|0	BONUS:VAR|CasterLevelBL_x_Dancer|charbonusto("PCLEVEL","Dancer")	BONUS:VAR|Caster_Level_Highest__Arcane|Caster_Level_Dancer|TYPE=Base

# Scholar: A melding of black mage and white mage, the scholar is an arcane tinkerer and spell-twister, reshaping magic to her whims.
CLASS:Scholar	MAXLEVEL:20
#CLASS:Scholar	FACT:Abb|	FACT:ClassType|
CLASS:Scholar	HD:	TYPE:Base.PC.Prestige.Monster	SOURCEPAGE:p.	DEFINE:ScholarLVL|0	BONUS:VAR|ScholarLVL|CL
CLASS:Scholar	BONUS:COMBAT|BASEAB|classlevel("APPLIEDAS=NONEPIC")|TYPE=Base.REPLACE|PREVAREQ:UseAlternateBABProgression,0
CLASS:Scholar		BONUS:VAR|ClassBABPoor|classlevel("APPLIEDAS=NONEPIC")|PREVAREQ:UseFractionalBAB,1
CLASS:Scholar		BONUS:VAR|ClassBABModerate|classlevel("APPLIEDAS=NONEPIC")|PREVAREQ:UseFractionalBAB,1
CLASS:Scholar	BONUS:SAVE|BASE.Fortitude|classlevel("APPLIEDAS=NONEPIC")
CLASS:Scholar	BONUS:SAVE|BASE.Reflex|classlevel("APPLIEDAS=NONEPIC")
CLASS:Scholar	BONUS:SAVE|BASE.Will|classlevel("APPLIEDAS=NONEPIC")
CLASS:Scholar	PRETEXT:
CLASS:Scholar	STARTSKILLPTS:2	CSKILL:
CLASS:Scholar	FACT:SpellType|
CLASS:Scholar	SPELLSTAT:	MEMORIZE:
CLASS:Scholar	BONUS:CASTERLEVEL|Scholar|Caster_Level_BL_Stripped_Scholar	DEFINE:Caster_Level_BL_Stripped_Scholar|0	BONUS:VAR|Caster_Level_BL_Stripped_Scholar|Caster_Level_Scholar-CasterLevelBLScholar	BONUS:VAR|Caster_Level_Scholar|CL+Caster_Level_Bonus+CasterLevelBLScholar	DEFINE:CasterLevelBLScholar|0	BONUS:VAR|CasterLevelBL_x_Scholar|charbonusto("PCLEVEL","Scholar")	BONUS:VAR|Caster_Level_Highest__Arcane|Caster_Level_Scholar|TYPE=Base

# Sword Saint: Bringing together the divine sword skills of the holy knight and the unholy sword skills of the dark knight, the sword saint uses martial mastery of the sword and bewildering melee skills to lay her opponents low.
CLASS:Sword Saint	MAXLEVEL:20
#CLASS:Sword Saint	FACT:Abb|	FACT:ClassType|
CLASS:Sword Saint	HD:	TYPE:Base.PC.Prestige.Monster	SOURCEPAGE:p.	DEFINE:SwordSaintLVL|0	BONUS:VAR|SwordSaintLVL|CL
CLASS:Sword Saint	BONUS:COMBAT|BASEAB|classlevel("APPLIEDAS=NONEPIC")|TYPE=Base.REPLACE|PREVAREQ:UseAlternateBABProgression,0
CLASS:Sword Saint		BONUS:VAR|ClassBABPoor|classlevel("APPLIEDAS=NONEPIC")|PREVAREQ:UseFractionalBAB,1
CLASS:Sword Saint		BONUS:VAR|ClassBABModerate|classlevel("APPLIEDAS=NONEPIC")|PREVAREQ:UseFractionalBAB,1
CLASS:Sword Saint	BONUS:SAVE|BASE.Fortitude|classlevel("APPLIEDAS=NONEPIC")
CLASS:Sword Saint	BONUS:SAVE|BASE.Reflex|classlevel("APPLIEDAS=NONEPIC")
CLASS:Sword Saint	BONUS:SAVE|BASE.Will|classlevel("APPLIEDAS=NONEPIC")
CLASS:Sword Saint	PRETEXT:
CLASS:Sword Saint	STARTSKILLPTS:2	CSKILL:
CLASS:Sword Saint	FACT:SpellType|
CLASS:Sword Saint	SPELLSTAT:	MEMORIZE:
CLASS:Sword Saint	BONUS:CASTERLEVEL|SwordSaint|Caster_Level_BL_Stripped_SwordSaint	DEFINE:Caster_Level_BL_Stripped_SwordSaint|0	BONUS:VAR|Caster_Level_BL_Stripped_SwordSaint|Caster_Level_SwordSaint-CasterLevelBLSwordSaint	BONUS:VAR|Caster_Level_SwordSaint|CL+Caster_Level_Bonus+CasterLevelBLSwordSaint	DEFINE:CasterLevelBLSwordSaint|0	BONUS:VAR|CasterLevelBL_x_SwordSaint|charbonusto("PCLEVEL","SwordSaint")	BONUS:VAR|Caster_Level_Highest__Arcane|Caster_Level_SwordSaint|TYPE=Base


# Prestige Classes

# Arithmetician
# Clan Hunter
# Diamond Magister
# Dragon Disciple
# Elemental Fist Disciple
# Elementalist
# Fencer
# Green Mage
# Judge Magister
# Lucky Gambler
# Magicite Knight
# Mediator
# Mime
# Mystic Knight
# Ninja
# Onyx Magister
# Oracle
# Paradigm Shifter
# Phantom Blade
# Ruby Magister
# Samurai
# Sapphire Magister
# Skald

