
Light Armor Placeholder		TYPE:ARMOR.ArmorProfLight
Medium Armor Placeholder	TYPE:ARMOR.ArmorProfMedium
Heavy Armor Placeholder		TYPE:ARMOR.ArmorProfHeavy


Buckler		TYPE:Buckler.SHIELD
Shield (Heavy)	TYPE:Heavy.SHIELD
Shield (Light)	TYPE:Light.SHIELD
Shield (Tower)	TYPE:SHIELD.Tower
# Ammo
Bolts, Crossbow (10)				KEY:Bolts (Crossbow/10)		SIZE:M	TYPE:Ammunition.Ammo.Ammo_Crossbow	COST:2	WT:1	BASEQTY:10
Bullets, Sling (10)				KEY:Bullets (Sling/10)		SIZE:M	TYPE:Ammunition.Ammo.Ammo_Sling	COST:2	WT:5	BASEQTY:10
Bolts (10)						KEY:Bolts (10)			SIZE:M	TYPE:Ammunition.Ammo.Ammo_Crossbow	COST:2	WT:1	BASEQTY:10
Bolts (5)						KEY:Bolts (5)			SIZE:M	TYPE:Ammunition.Ammo.Ammo_Crossbow	COST:2	WT:1	BASEQTY:5
Arrows (20)						KEY:Arrows (20)			SIZE:M	TYPE:Ammunition.Ammo.Ammo_Bow		COST:2	WT:3	BASEQTY:20



# Simple Weapons	
Combat gloves					KEY:Combat gloves				PROFICIENCY:WEAPON|Combat gloves				SIZE:M	DAMAGE:1	CRITRANGE:1	CRITMULT:x2	TYPE:Weapon.Melee.Simple.Auto		COST:3	WT:1	
Unarmed Strike					KEY:Unarmed Strike			PROFICIENCY:WEAPON|Unarmed Strike				SIZE:M	DAMAGE:1d3	CRITRANGE:1	CRITMULT:x2	TYPE:Weapon.Melee.Simple.Auto		COST:0	WT:0	
# Light
Dagger						KEY:Dagger					PROFICIENCY:WEAPON|Dagger					SIZE:M	DAMAGE:1d4	CRITRANGE:2	CRITMULT:x2	TYPE:Weapon.Melee.Simple.Light	COST:3	WT:1	WIELD:Light
Dagger, Punching					KEY:Dagger (Punching)			PROFICIENCY:WEAPON|Dagger (Punching)			SIZE:M	DAMAGE:1d4	CRITRANGE:1	CRITMULT:x3	TYPE:Weapon.Melee.Simple.Light	COST:3	WT:1	WIELD:Light
Gauntlet, Spiked					KEY:Gauntlet (Spiked)			PROFICIENCY:WEAPON|Gauntlet (Spiked)			SIZE:M	DAMAGE:1d4	CRITRANGE:1	CRITMULT:x2	TYPE:Weapon.Melee.Simple.Light	COST:7	WT:1	WIELD:Light
Mace, Light						KEY:Mace (Light)				PROFICIENCY:WEAPON|Mace (Light)				SIZE:M	DAMAGE:1d6	CRITRANGE:1	CRITMULT:x2	TYPE:Weapon.Melee.Simple.Light	COST:7	WT:4	WIELD:Light
Sickle						KEY:Sickle					PROFICIENCY:WEAPON|Sickle					SIZE:M	DAMAGE:1d6	CRITRANGE:1	CRITMULT:x2	TYPE:Weapon.Melee.Simple.Light	COST:9	WT:2	WIELD:Light
# One-Handed Melee Weapons
Club							KEY:Club					PROFICIENCY:WEAPON|Club						SIZE:M	DAMAGE:1d6	CRITRANGE:1	CRITMULT:x2	TYPE:Weapon.Melee.Simple		COST:0	WT:3	WIELD:OneHanded
Mace, Heavy						KEY:Mace (Heavy)				PROFICIENCY:WEAPON|Mace (Heavy)				SIZE:M	DAMAGE:1d8	CRITRANGE:1	CRITMULT:x2	TYPE:Weapon.Melee.Simple		COST:18	WT:8	WIELD:OneHanded
Morningstar						KEY:Morningstar				PROFICIENCY:WEAPON|Morningstar				SIZE:M	DAMAGE:1d8	CRITRANGE:1	CRITMULT:x2	TYPE:Weapon.Melee.Simple		COST:12	WT:6	WIELD:OneHanded
Shortspear						KEY:Shortspear				PROFICIENCY:WEAPON|Shortspear					SIZE:M	DAMAGE:1d6	CRITRANGE:1	CRITMULT:x2	TYPE:Weapon.Melee.Simple		COST:2	WT:3	WIELD:OneHanded
# Two-Handed Melee Weapons
Longspear						KEY:Longspear				PROFICIENCY:WEAPON|Longspear					SIZE:M	DAMAGE:1d8	CRITRANGE:1	CRITMULT:x3	TYPE:Weapon.Melee.Simple		COST:7	WT:9	WIELD:TwoHanded
Quarterstaff					KEY:Quarterstaff				PROFICIENCY:WEAPON|Quarterstaff				SIZE:M	DAMAGE:1d6	CRITRANGE:1	CRITMULT:x2	TYPE:Weapon.Melee.Simple		COST:0	WT:4	WIELD:TwoHanded
Spear							KEY:Spear					PROFICIENCY:WEAPON|Spear					SIZE:M	DAMAGE:1d8	CRITRANGE:1	CRITMULT:x2	TYPE:Weapon.Melee.Simple		COST:3	WT:6	WIELD:TwoHanded
#Ranged Weapons
Crossbow, Heavy					KEY:Crossbow (Heavy)			PROFICIENCY:WEAPON|Crossbow (Heavy)				SIZE:M	DAMAGE:1d10	CRITRANGE:2	CRITMULT:x2	TYPE:Weapon.Ranged.Simple		COST:75	WT:8	SLOTS:2
Crossbow, Light					KEY:Crossbow (Light)			PROFICIENCY:WEAPON|Crossbow (Light)				SIZE:M	DAMAGE:1d8	CRITRANGE:2	CRITMULT:x2	TYPE:Weapon.Ranged.Simple		COST:53	WT:4	SLOTS:2
Dart							KEY:Dart					PROFICIENCY:WEAPON|Dart						SIZE:M	DAMAGE:1d4	CRITRANGE:1	CRITMULT:x2	TYPE:Weapon.Ranged.Simple		COST:7	WT:.5	SLOTS:2
Javelin						KEY:Javelin					PROFICIENCY:WEAPON|Javelin					SIZE:M	DAMAGE:1d6	CRITRANGE:1	CRITMULT:x2	TYPE:Weapon.Ranged.Simple		COST:2	WT:2	SLOTS:2
Sling							KEY:Sling					PROFICIENCY:WEAPON|Sling					SIZE:M	DAMAGE:1d4	CRITRANGE:1	CRITMULT:x2	TYPE:Weapon.Ranged.Simple		COST:0	WT:0	SLOTS:2

#Martial Weapons
# Light Melee Weapons
Axe, Throwing					KEY:Axe (Throwing)			PROFICIENCY:WEAPON|Axe (Throwing)				SIZE:M	DAMAGE:1d6	CRITRANGE:1	CRITMULT:x2	TYPE:Weapon.Melee.Martial.Light	COST:12	WT:2	WIELD:Light
Hammer, Light					KEY:Hammer (Light)			PROFICIENCY:WEAPON|Hammer (Light)				SIZE:M	DAMAGE:1d4	CRITRANGE:1	CRITMULT:x2	TYPE:Weapon.Melee.Martial.Light	COST:2	WT:2	WIELD:Light
Handaxe						KEY:Handaxe					PROFICIENCY:WEAPON|Handaxe					SIZE:M	DAMAGE:1d6	CRITRANGE:1	CRITMULT:x3	TYPE:Weapon.Melee.Martial.Light	COST:9	WT:3	WIELD:Light
Kukri							KEY:Kukri					PROFICIENCY:WEAPON|Kukri					SIZE:M	DAMAGE:1d4	CRITRANGE:3	CRITMULT:x2	TYPE:Weapon.Melee.Martial.Light	COST:12	WT:2	WIELD:Light
Pick, Light						KEY:Pick (Light)				PROFICIENCY:WEAPON|Pick (Light)				SIZE:M	DAMAGE:1d4	CRITRANGE:1	CRITMULT:x2	TYPE:Weapon.Melee.Martial.Light	COST:6	WT:3	WIELD:Light
Sap							KEY:Sap					PROFICIENCY:WEAPON|Sap						SIZE:M	DAMAGE:1d6	CRITRANGE:1	CRITMULT:x2	TYPE:Weapon.Melee.Martial.Light	COST:2	WT:2	WIELD:Light
Shield, Light					KEY:Shield (Light)			PROFICIENCY:WEAPON|Shield (Light)				SIZE:M	DAMAGE:1d3	CRITRANGE:1	CRITMULT:x2	TYPE:Weapon.Melee.Martial.Light	COST:0	WT:0	WIELD:Light
Spiked Armor					KEY:Spiked Armor				PROFICIENCY:WEAPON|Spiked Armor				SIZE:M	DAMAGE:1d6	CRITRANGE:1	CRITMULT:x2	TYPE:Weapon.Melee.Martial.Light	COST:0	WT:0	WIELD:Light
Spiked Shield, Light				KEY:Spiked Shield (Light)		PROFICIENCY:WEAPON|Spiked Shield (Light)			SIZE:M	DAMAGE:1d4	CRITRANGE:1	CRITMULT:x2	TYPE:Weapon.Melee.Martial.Light	COST:0	WT:0	WIELD:Light
Sword, Short					KEY:Sword (Short)				PROFICIENCY:WEAPON|Sword (Short)				SIZE:M	DAMAGE:1d6	CRITRANGE:2	CRITMULT:x2	TYPE:Weapon.Melee.Martial.Light	COST:15	WT:2	WIELD:Light
# One-Handed Melee Weapons
Battleaxe						KEY:Battleaxe				PROFICIENCY:WEAPON|Battleaxe					SIZE:M	DAMAGE:1d8	CRITRANGE:1	CRITMULT:x2	TYPE:Weapon.Melee.Martial		COST:15	WT:6	WIELD:OneHanded
Flail							KEY:Flail					PROFICIENCY:WEAPON|Flail					SIZE:M	DAMAGE:1d8	CRITRANGE:1	CRITMULT:x2	TYPE:Weapon.Melee.Martial		COST:12	WT:5	WIELD:OneHanded
Longsword						KEY:Longsword				PROFICIENCY:WEAPON|Longsword					SIZE:M	DAMAGE:1d8	CRITRANGE:2	CRITMULT:x2	TYPE:Weapon.Melee.Martial		COST:15	WT:4	WIELD:OneHanded
Pick, Heavy						KEY:Pick (Heavy)				PROFICIENCY:WEAPON|Pick (Heavy)				SIZE:M	DAMAGE:1d6	CRITRANGE:1	CRITMULT:x2	TYPE:Weapon.Melee.Martial		COST:12	WT:6	WIELD:OneHanded
Rapier						KEY:Rapier					PROFICIENCY:WEAPON|Rapier					SIZE:M	DAMAGE:1d6	CRITRANGE:3	CRITMULT:x2	TYPE:Weapon.Melee.Martial		COST:30	WT:2	WIELD:OneHanded
Scimitar						KEY:Scimitar				PROFICIENCY:WEAPON|Scimitar					SIZE:M	DAMAGE:1d6	CRITRANGE:3	CRITMULT:x2	TYPE:Weapon.Melee.Martial		COST:23	WT:4	WIELD:OneHanded
Shield, Heavy					KEY:Shield (Heavy)			PROFICIENCY:WEAPON|Shield (Heavy)				SIZE:M	DAMAGE:1d4	CRITRANGE:1	CRITMULT:x2	TYPE:Weapon.Melee.Martial		COST:0	WT:0	WIELD:OneHanded
Spiked Shield, Heavy				KEY:Spiked Shield (Heavy)		PROFICIENCY:WEAPON|Spiked Shield (Heavy)			SIZE:M	DAMAGE:1d6	CRITRANGE:1	CRITMULT:x2	TYPE:Weapon.Melee.Martial		COST:0	WT:0	WIELD:OneHanded
Trident						KEY:Trident					PROFICIENCY:WEAPON|Trident					SIZE:M	DAMAGE:1d8	CRITRANGE:1	CRITMULT:x2	TYPE:Weapon.Melee.Martial		COST:23	WT:4	WIELD:OneHanded
Warhammer						KEY:Warhammer				PROFICIENCY:WEAPON|Warhammer					SIZE:M	DAMAGE:1d8	CRITRANGE:1	CRITMULT:x2	TYPE:Weapon.Melee.Martial		COST:18	WT:5	WIELD:OneHanded
# Two-Handed Melee Weapons
Falchion						KEY:Falchion				PROFICIENCY:WEAPON|Falchion					SIZE:M	DAMAGE:2d4	CRITRANGE:3	CRITMULT:x2	TYPE:Weapon.Melee.Martial		COST:108	WT:8	WIELD:TwoHanded
Glaive						KEY:Glaive					PROFICIENCY:WEAPON|Glaive					SIZE:M	DAMAGE:1d10	CRITRANGE:1	CRITMULT:x2	TYPE:Weapon.Melee.Martial		COST:12	WT:10	WIELD:TwoHanded
Greataxe						KEY:Greataxe				PROFICIENCY:WEAPON|Greataxe					SIZE:M	DAMAGE:1d12	CRITRANGE:1	CRITMULT:x2	TYPE:Weapon.Melee.Martial		COST:30	WT:12	WIELD:TwoHanded
Greatclub						KEY:Greatclub				PROFICIENCY:WEAPON|Greatclub					SIZE:M	DAMAGE:1d10	CRITRANGE:1	CRITMULT:x2	TYPE:Weapon.Melee.Martial		COST:7	WT:8	WIELD:TwoHanded
Flail, Heavy					KEY:Flail (Heavy)				PROFICIENCY:WEAPON|Flail (Heavy)				SIZE:M	DAMAGE:1d10	CRITRANGE:2	CRITMULT:x2	TYPE:Weapon.Melee.Martial		COST:23	WT:10	WIELD:TwoHanded
Greatsword						KEY:Greatsword				PROFICIENCY:WEAPON|Greatsword					SIZE:M	DAMAGE:2d6	CRITRANGE:2	CRITMULT:x2	TYPE:Weapon.Melee.Martial		COST:75	WT:8	WIELD:TwoHanded
Guisarme						KEY:Guisarme				PROFICIENCY:WEAPON|Guisarme					SIZE:M	DAMAGE:2d4	CRITRANGE:1	CRITMULT:x2	TYPE:Weapon.Melee.Martial		COST:13	WT:12	WIELD:TwoHanded
Halberd						KEY:Halberd					PROFICIENCY:WEAPON|Halberd					SIZE:M	DAMAGE:1d10	CRITRANGE:1	CRITMULT:x2	TYPE:Weapon.Melee.Martial		COST:15	WT:12	WIELD:TwoHanded
Lance							KEY:Lance					PROFICIENCY:WEAPON|Lance					SIZE:M	DAMAGE:1d8	CRITRANGE:1	CRITMULT:x2	TYPE:Weapon.Melee.Martial		COST:15	WT:10	WIELD:TwoHanded
Ranseur						KEY:Ranseur					PROFICIENCY:WEAPON|Ranseur					SIZE:M	DAMAGE:2d4	CRITRANGE:1	CRITMULT:x2	TYPE:Weapon.Melee.Martial		COST:15	WT:12	WIELD:TwoHanded
Scythe						KEY:Scythe					PROFICIENCY:WEAPON|Scythe					SIZE:M	DAMAGE:2d4	CRITRANGE:1	CRITMULT:x2	TYPE:Weapon.Melee.Martial		COST:27	WT:10	WIELD:TwoHanded
# Ranged Weapons
Longbow						KEY:Longbow					PROFICIENCY:WEAPON|Longbow					SIZE:M	DAMAGE:1d8	CRITRANGE:1	CRITMULT:x2	TYPE:Weapon.Ranged.Martial		COST:108	WT:3	SLOTS:2
Longbow, Composite				KEY:Longbow (Composite)			PROFICIENCY:WEAPON|Longbow (Composite)			SIZE:M	DAMAGE:1d8	CRITRANGE:1	CRITMULT:x2	TYPE:Weapon.Ranged.Martial		COST:150	WT:3	SLOTS:2
Shortbow						KEY:Shortbow				PROFICIENCY:WEAPON|Shortbow					SIZE:M	DAMAGE:1d6	CRITRANGE:1	CRITMULT:x2	TYPE:Weapon.Ranged.Martial		COST:45	WT:2	SLOTS:2
Shortbow, Composite				KEY:Shortbow (Composite)		PROFICIENCY:WEAPON|Shortbow (Composite)			SIZE:M	DAMAGE:1d6	CRITRANGE:1	CRITMULT:x2	TYPE:Weapon.Ranged.Martial		COST:108	WT:2	SLOTS:2
# Exotic Weapons
#Light Melee Weapons
Kama							KEY:Kama					PROFICIENCY:WEAPON|Kama						SIZE:M	DAMAGE:1d6	CRITRANGE:1	CRITMULT:x2	TYPE:Weapon.Melee.Exotic.Light	COST:3	WT:2	WIELD:Light
Nunchaku						KEY:Nunchaku				PROFICIENCY:WEAPON|Nunchaku					SIZE:M	DAMAGE:1d6	CRITRANGE:1	CRITMULT:x2	TYPE:Weapon.Melee.Exotic.Light	COST:3	WT:2	WIELD:Light
Sai							KEY:Sai					PROFICIENCY:WEAPON|Sai						SIZE:M	DAMAGE:1d4	CRITRANGE:1	CRITMULT:x2	TYPE:Weapon.Melee.Exotic.Light	COST:2	WT:1	WIELD:Light
Siangham						KEY:Siangham				PROFICIENCY:WEAPON|Siangham					SIZE:M	DAMAGE:1d6	CRITRANGE:1	CRITMULT:x2	TYPE:Weapon.Melee.Exotic.Light	COST:4	WT:1	WIELD:Light
#One-Handed Melee Weapons
Sword, Knight					KEY:Sword (Knight)			PROFICIENCY:WEAPON|Sword (Knight)				SIZE:M	DAMAGE:1d10	CRITRANGE:2	CRITMULT:x2	TYPE:Weapon.Melee.Exotic		COST:53	WT:6	WIELD:OneHanded
Whip							KEY:Whip					PROFICIENCY:WEAPON|Whip						SIZE:M	DAMAGE:1d3	CRITRANGE:1	CRITMULT:x2	TYPE:Weapon.Melee.Exotic		COST:2	WT:2	WIELD:OneHanded
# Two-Handed Melee
Chain, Spiked					KEY:Chain (Spiked)			PROFICIENCY:WEAPON|Chain (Spiked)				SIZE:M	DAMAGE:2d4	CRITRANGE:1	CRITMULT:x2	TYPE:Weapon.Melee.Exotic		COST:37	WT:10	WIELD:TwoHanded
Flail, Dire						KEY:Flail (Dire)				PROFICIENCY:WEAPON|Flail (Dire)				SIZE:M	DAMAGE:1d8	CRITRANGE:1	CRITMULT:x2	TYPE:Weapon.Melee.Exotic		COST:135	WT:10	WIELD:TwoHanded
Fork, Qu Battle					KEY:Fork (Qu Battle)			PROFICIENCY:WEAPON|Fork (Qu Battle)				SIZE:M	DAMAGE:1d10	CRITRANGE:1	CRITMULT:x2	TYPE:Weapon.Melee.Exotic		COST:125	WT:12	WIELD:TwoHanded
Sword, Buster					KEY:Sword (Buster)			PROFICIENCY:WEAPON|Sword (Buster)				SIZE:M	DAMAGE:2d8	CRITRANGE:3	CRITMULT:x2	TYPE:Weapon.Melee.Exotic		COST:600	WT:35	WIELD:TwoHanded
Sword, Two-bladed					KEY:Sword (Two-bladed)			PROFICIENCY:WEAPON|Sword (Two-bladed)			SIZE:M	DAMAGE:1d8	CRITRANGE:2	CRITMULT:x2	TYPE:Weapon.Melee.Exotic		COST:150	WT:10	WIELD:TwoHanded
War Pick, Galkan					KEY:War Pick (Galkan)			PROFICIENCY:WEAPON|War Pick (Galkan)			SIZE:M	DAMAGE:2d6	CRITRANGE:1	CRITMULT:x2	TYPE:Weapon.Melee.Exotic		COST:75	WT:12	WIELD:TwoHanded
# Ranged Weapons
Bolas							KEY:Bolas					PROFICIENCY:WEAPON|Bolas					SIZE:M	DAMAGE:1d4	CRITRANGE:1	CRITMULT:x2	TYPE:Weapon.Ranged.Exotic		COST:7	WT:2	SLOTS:2
Crossbow, Hand					KEY:Crossbow (Hand)			PROFICIENCY:WEAPON|Crossbow (Hand)				SIZE:M	DAMAGE:1d4	CRITRANGE:2	CRITMULT:x2	TYPE:Weapon.Ranged.Exotic		COST:150	WT:2	SLOTS:2
Crossbow, Repeating Heavy			KEY:Crossbow (Repeating/Heavy)	PROFICIENCY:WEAPON|Crossbow (Repeating/Heavy)		SIZE:M	DAMAGE:1d10	CRITRANGE:2	CRITMULT:x2	TYPE:Weapon.Ranged.Exotic		COST:600	WT:12	SLOTS:2
Crossbow, Repeating Light			KEY:Crossbow (Repeating/Light)	PROFICIENCY:WEAPON|Crossbow (Repeating/Light)		SIZE:M	DAMAGE:1d8	CRITRANGE:2	CRITMULT:x2	TYPE:Weapon.Ranged.Exotic		COST:375	WT:6	SLOTS:2
Greatbow						KEY:Greatbow				PROFICIENCY:WEAPON|Greatbow					SIZE:M	DAMAGE:1d10	CRITRANGE:1	CRITMULT:x3	TYPE:Weapon.Ranged.Exotic		COST:250	WT:5	SLOTS:2
Net							KEY:Net					PROFICIENCY:WEAPON|Net						SIZE:M	DAMAGE:0	CRITRANGE:	CRITMULT:x2	TYPE:Weapon.Ranged.Exotic		COST:20	WT:6	SLOTS:2
Power Rod						KEY:Power Rod				PROFICIENCY:WEAPON|Power Rod					SIZE:M	DAMAGE:1d4	CRITRANGE:1	CRITMULT:x2	TYPE:Weapon.Ranged.Exotic		COST:50	WT:3	SLOTS:2
Power Staff						KEY:Power Staff				PROFICIENCY:WEAPON|Power Staff				SIZE:M	DAMAGE:1d6	CRITRANGE:1	CRITMULT:x2	TYPE:Weapon.Ranged.Exotic		COST:75	WT:4	SLOTS:2
Shuriken (5)					KEY:Shuriken				PROFICIENCY:WEAPON|Shuriken					SIZE:M	DAMAGE:1d2	CRITRANGE:1	CRITMULT:x2	TYPE:Weapon.Ranged.Exotic		COST:1	WT:.5	SLOTS:2

