


Aegyl		SIZE:M		SOURCEPAGE:p.13	RACETYPE:Humanoid	TYPE:Humanoid.PC	RACESUBTYPE:Aegyl	MOVE:Walk,30	BONUS:VAR|Manueverability|4	BONUS:VAR|AC_Natural_Armor|0|TYPE=Base	FACE:5	REACH:5	LEGS:2	HANDS:2	STARTFEATS:1	BONUS:STAT|STR|0	BONUS:STAT|DEX|2	BONUS:STAT|CON|-2	BONUS:STAT|INT|0	BONUS:STAT|WIS|2	BONUS:STAT|CHA|-2	ABILITY:Internal|AUTOMATIC|Race Traits ~ Aegyl
Bangaa	
	SIZE:M	
	SOURCEPAGE:p.15	RACETYPE:Humanoid	TYPE:Humanoid.PC
	RACESUBTYPE:Retilian
	MOVE:Walk,30,Swim,30
	LEGS:2
	HANDS:2
	STARTFEATS:1
	ABILITY:Internal|AUTOMATIC|Bite
	BONUS:STAT|STR|0
	BONUS:STAT|DEX|2
	BONUS:STAT|CON|0
	BONUS:STAT|INT|-2
	BONUS:STAT|WIS|2
	BONUS:STAT|CHA|0
	ABILITY:Internal|AUTOMATIC|Race Traits ~ Bangaa

Burmecian	
	SIZE:M
	SOURCEPAGE:p.17	RACETYPE:Humanoid		TYPE:Humanoid.PC
	RACESUBTYPE:Burmecian
	MOVE:Walk,30
	BONUS:VAR|AC_Natural_Armor|0|TYPE=Base
	LEGS:2
	HANDS:2
	STARTFEATS:1
	ABILITY:Internal|AUTOMATIC|Bite
	BONUS:STAT|STR|-2
	BONUS:STAT|DEX|2
	BONUS:STAT|CON|0
	BONUS:STAT|INT|2
	BONUS:STAT|WIS|0
	BONUS:STAT|CHA|0
	ABILITY:Internal|AUTOMATIC|Race Traits ~ Burmecian

Dwarf	
	SIZE:M	
	SOURCEPAGE:p.	RACETYPE:Humanoid	TYPE:Humanoid.PC
	RACESUBTYPE:Dwarf
	MOVE:Walk,20
	LEGS:2
	HANDS:2
	BONUS:STAT|STR|-2
	BONUS:STAT|DEX|2
	BONUS:STAT|CON|0
	BONUS:STAT|INT|2
	BONUS:STAT|WIS|0
	BONUS:STAT|CHA|0
	STARTFEATS:1
	ABILITY:Internal|AUTOMATIC|Race Traits ~ Dwarf

XXX	
	SIZE:	
	SOURCEPAGE:p.	RACETYPE:yyy	MONSTERCLASS:yyy:	TYPE:yyy
	RACESUBTYPE:
	MOVE:Walk,0
	BONUS:VAR|Manueverability|
	BONUS:VAR|AC_Natural_Armor|0|TYPE=Base
	FACE:
	REACH:
	LEGS:
	HANDS:
	STARTFEATS:1
	NATURALATTACKS:Claw,Natural.Melee.Weapon,*1,1d4
	NATURALATTACKS:Bite,Natural.Melee.Weapon,*1,1d6
	BONUS:STAT|STR|
	BONUS:STAT|DEX|
	BONUS:STAT|CON|
	BONUS:STAT|INT|
	BONUS:STAT|WIS|
	BONUS:STAT|CHA|
	ABILITY:Internal|AUTOMATIC|Race Traits ~ XXX
	CR:
	LEVELADJUSTMENT:
	KIT:1|XXX Default
	HITDICEADVANCEMENT:

XXX	
	SIZE:	
	SOURCEPAGE:p.	RACETYPE:yyy	MONSTERCLASS:yyy:	TYPE:yyy
	RACESUBTYPE:
	MOVE:Walk,0
	BONUS:VAR|Manueverability|
	BONUS:VAR|AC_Natural_Armor|0|TYPE=Base
	FACE:
	REACH:
	LEGS:
	HANDS:
	STARTFEATS:1
	NATURALATTACKS:Claw,Natural.Melee.Weapon,*1,1d4
	NATURALATTACKS:Bite,Natural.Melee.Weapon,*1,1d6
	BONUS:STAT|STR|
	BONUS:STAT|DEX|
	BONUS:STAT|CON|
	BONUS:STAT|INT|
	BONUS:STAT|WIS|
	BONUS:STAT|CHA|
	ABILITY:Internal|AUTOMATIC|Race Traits ~ XXX
	CR:
	LEVELADJUSTMENT:
	KIT:1|XXX Default
	HITDICEADVANCEMENT:

XXX	
	SIZE:	
	SOURCEPAGE:p.	RACETYPE:yyy	MONSTERCLASS:yyy:	TYPE:yyy
	RACESUBTYPE:
	MOVE:Walk,0
	BONUS:VAR|Manueverability|
	BONUS:VAR|AC_Natural_Armor|0|TYPE=Base
	FACE:
	REACH:
	LEGS:
	HANDS:
	STARTFEATS:1
	NATURALATTACKS:Claw,Natural.Melee.Weapon,*1,1d4
	NATURALATTACKS:Bite,Natural.Melee.Weapon,*1,1d6
	BONUS:STAT|STR|
	BONUS:STAT|DEX|
	BONUS:STAT|CON|
	BONUS:STAT|INT|
	BONUS:STAT|WIS|
	BONUS:STAT|CHA|
	ABILITY:Internal|AUTOMATIC|Race Traits ~ XXX
	CR:
	LEVELADJUSTMENT:
	KIT:1|XXX Default
	HITDICEADVANCEMENT:

XXX	
	SIZE:	
	SOURCEPAGE:p.	RACETYPE:yyy	MONSTERCLASS:yyy:	TYPE:yyy
	RACESUBTYPE:
	MOVE:Walk,0
	BONUS:VAR|Manueverability|
	BONUS:VAR|AC_Natural_Armor|0|TYPE=Base
	FACE:
	REACH:
	LEGS:
	HANDS:
	STARTFEATS:1
	NATURALATTACKS:Claw,Natural.Melee.Weapon,*1,1d4
	NATURALATTACKS:Bite,Natural.Melee.Weapon,*1,1d6
	BONUS:STAT|STR|
	BONUS:STAT|DEX|
	BONUS:STAT|CON|
	BONUS:STAT|INT|
	BONUS:STAT|WIS|
	BONUS:STAT|CHA|
	ABILITY:Internal|AUTOMATIC|Race Traits ~ XXX
	CR:
	LEVELADJUSTMENT:
	KIT:1|XXX Default
	HITDICEADVANCEMENT:

XXX	
	SIZE:	
	SOURCEPAGE:p.	RACETYPE:yyy	MONSTERCLASS:yyy:	TYPE:yyy
	RACESUBTYPE:
	MOVE:Walk,0
	BONUS:VAR|Manueverability|
	BONUS:VAR|AC_Natural_Armor|0|TYPE=Base
	FACE:
	REACH:
	LEGS:
	HANDS:
	STARTFEATS:1
	NATURALATTACKS:Claw,Natural.Melee.Weapon,*1,1d4
	NATURALATTACKS:Bite,Natural.Melee.Weapon,*1,1d6
	BONUS:STAT|STR|
	BONUS:STAT|DEX|
	BONUS:STAT|CON|
	BONUS:STAT|INT|
	BONUS:STAT|WIS|
	BONUS:STAT|CHA|
	ABILITY:Internal|AUTOMATIC|Race Traits ~ XXX
	CR:
	LEVELADJUSTMENT:
	KIT:1|XXX Default
	HITDICEADVANCEMENT:
