
Use Fractional BAB	VISIBLE:YES	DEFINE:UseFractionalBAB|0	BONUS:VAR|UseFractionalBAB|1|TYPE=NoStack		BONUS:VAR|UseAlternateBABProgression|1
Use Fractional Save	VISIBLE:YES	DEFINE:UseFractionalSave|0	BONUS:VAR|UseFractionalSave|1|TYPE=NoStack	BONUS:VAR|UseAlternateSaveProgression|1



Default Bonus Languages ~ Aegyl		VISIBLE:NO	LANGBONUS:Draconic,Dwarven,Elvaan,Galkan,Giant,Goblin,Orc
Default Bonus Languages ~ Bangaa		VISIBLE:NO	LANGBONUS:Draconic,Giant,Ignan,Numish,Seeq,Terran
Default Bonus Languages ~ Burmecian		VISIBLE:NO	LANGBONUS:Draconic,Dwarven,Elvaan,Galkan,Giant,Goblin,Orc
Default Bonus Languages ~ Dwarf		VISIBLE:NO	LANGBONUS:Galkan,Giant,Goblin,Lalafell,Orc
Default Bonus Languages ~ Elvaan		VISIBLE:NO	LANGBONUS:Celestial,Draconic,Galkan,Gnoll,Goblin,Lalafell,Orc
Default Bonus Languages ~ Galka		VISIBLE:NO	LANGBONUS:Dwarven,Elvaan,Giant,Goblin,Lalafell,Orc
Default Bonus Languages ~ Gria		VISIBLE:NO	LANGBONUS:Bangese,Giant,Goblin,Ignan,Seeq,Terran
Default Bonus Languages ~ Hume		VISIBLE:NO	LANGBONUS:TYPE=Spoken
Default Bonus Languages ~ Mandragora	VISIBLE:NO	LANGBONUS:Draconic,Dwarven,Elvaan,Galkan,Giant,Goblin,Orc
Default Bonus Languages ~ Mithra		VISIBLE:NO	LANGBONUS:Elvaan,Gnoll,Goblin,Lalafell,Orc,Vieran
Default Bonus Languages ~ Moogle		VISIBLE:NO	LANGBONUS:Aklo,Auran,Draconic,Goblin,Numish,Sylvan
Default Bonus Languages ~ Nu Mou		VISIBLE:NO	LANGBONUS:Bangese,Celestial,Draconic,Giant,Moogle,Sylvan,Vieran
Default Bonus Languages ~ Qu			VISIBLE:NO	LANGBONUS:Bangese,Celestial,Draconic,Giant,Moogle,Sylvan,Vieran
Default Bonus Languages ~ Ronso		VISIBLE:NO	LANGBONUS:Galkan,Giant,Goblin,Lalafell,Orc
Default Bonus Languages ~ Seeq		VISIBLE:NO	LANGBONUS:Galkan,Giant,Goblin,Lalafell,Orc
Default Bonus Languages ~ Tarutaru		VISIBLE:NO	LANGBONUS:Bangese,Draconic,Giant,Goblin,Terran,Undercommon
Default Bonus Languages ~ Varg		VISIBLE:NO	LANGBONUS:Draconic,Dwarven,Elvaan,Galkan,Giant,Goblin,Orc
Default Bonus Languages ~ Viera		VISIBLE:NO	LANGBONUS:Celestial,Draconic,Elvaan,Gnoll,Goblin,Lalafell,Mithran,Orc
