# CVS $Revision: $ $Author: $ -- Sun Nov 18 19:40:52 2012 -- reformated by prettylst.pl v1.39 (build 15052)
SOURCELONG:Traveller's Handbook	SOURCESHORT:THB	SOURCEWEB:http://www.rpgrealms.com

# Mace (Heavy) for Rogue weapon proficiency.  I'll clean it all up when I get more time - Tir Gwaith

# Weapon Name			Type			Nb Hands

#Melee Weapons
# Weapon Name		Type					Nb Hands
Dagger			TYPE:Swordsman
Blade				TYPE:Swordsman
Foil				TYPE:Swordsman
Sword				TYPE:Swordsman
Cutlass			TYPE:Swordsman
Broadsword			TYPE:Swordsman
Bayonet			TYPE:Swordsman
Spear				TYPE:Armsman
Halberd			TYPE:Armsman
Pike				TYPE:Armsman
Cudgel			TYPE:Armsman

#Bows
Sling				TYPE:Archer
Shortbow			TYPE:Archer				HANDS:2
Longbow			TYPE:Archer				HANDS:2
Military xBow		TYPE:Archer
Sporting xBow		TYPE:Archer
Repeat xBow			TYPE:Archer

#Handguns
Revolver			TYPE:Marksman
Auto Pistol			TYPE:Marksman
Body Pistol			TYPE:Marksman
Snub Pistol			TYPE:Marksman

#Shotguns
Shotgun			TYPE:Marksman

#Rifles
Rifle				TYPE:Marksman
Carbine			TYPE:Marksman
Auto Rifle			TYPE:Combat Rifleman
Assault Rifle		TYPE:Combat Rifleman
Accelerator Rifle		TYPE:Combat Rifleman
ACR				TYPE:Combat Rifleman
Gauss Rifle			TYPE:Combat Rifleman

#Machine Guns
SMG				TYPE:Marksman
LMG				TYPE:Combat Rifleman

#Laser Weapons
Laser Pistol		TYPE:Lasers
Laser Carbine		TYPE:Lasers
Laser Rifle			TYPE:Lasers

#Support Weapons
LAG				TYPE:Combat Rifleman
Grenade Launcher		TYPE:Combat Rifleman
RAM Launcher		TYPE:Combat Rifleman
Disposable Launcher	TYPE:Combat Rifleman

#High Energy Weapons
PGMP-12			TYPE:High Energy Weapons
PGMP-13			TYPE:High Energy Weapons
PGMP-14			TYPE:High Energy Weapons
FGMP-14			TYPE:High Energy Weapons
FGMP-15			TYPE:High Energy Weapons

#Misc
Unarmed Strike		TYPE:Natural

###Block: Natural Weapons
# Weapon Name	Type
Antennae		TYPE:Natural
Arm			TYPE:Natural
Bite			TYPE:Natural
Butt			TYPE:Natural
Charge		TYPE:Natural
Chain Rake		TYPE:Natural
Claw			TYPE:Natural
Claws			TYPE:Natural
Crush			TYPE:Natural
Dewclaw		TYPE:Natural
Gore			TYPE:Natural
Hoof			TYPE:Natural
Horn			TYPE:Natural
Hug			TYPE:Natural
Lower Arms		TYPE:Natural
Pincer		TYPE:Natural
Quill			TYPE:Natural
Rake			TYPE:Natural
Ranged Touch	TYPE:Natural
Ray			TYPE:Natural
Slam			TYPE:Natural
Slap			TYPE:Natural
Snakes		TYPE:Natural
Spikes		TYPE:Natural
Sting			TYPE:Natural
Strand		TYPE:Natural
Sweep			TYPE:Natural
Tail			TYPE:Natural
Tail Slap		TYPE:Natural
Tendril		TYPE:Natural
Tentacle		TYPE:Natural
Tentacle Slap	TYPE:Natural
Tentacle Rake	TYPE:Natural
Touch			TYPE:Natural
Web			TYPE:Natural
Wing			TYPE:Natural

Grapple		TYPE:Natural



#Dummy
Heavy Weapons	TYPE:Heavy Weapons
Ship's Weapondry	TYPE:Ship's Weapondry
Field Artillery	TYPE:Field Artillery
