#
# Current Ver: $Revision: 7100 $
# Last Editor: $Author: eddyanthony $
# Last Edited: $Date: 2008-07-12 13:22:04 -0700 (Sat, 12 Jul 2008) $
#
# message displayed when experience added allows character to advance a level
LEVELMSG:Congratulations, you can advance with that much experience!
#
#
ALIGNMENTNAME:Alignment
HPNAME:Hit Points
HPABBREV:HP
#ALTHPNAME:
#ALTHPABBREV:

# AC tags can be used to display AC info by using appropriate name and abbrev.
# ACNAME: and ACABBREV: are required for proper usage.
ACNAME:Armor Class
ACABBREV:AC

# Whether to allow AutoResizing of Equipment for nonmedium characters in this gamemode
ALLOWAUTORESIZE:Y

# Stacking bonuses
BONUSSTACKS:Defense.Dodge.Circumstance.NotRanged.NotFlatFooted

#
#misc. currency specific items
#
CURRENCYUNIT:Gold
CURRENCYUNITABBREV:gp

#

# The following determine whether some Class-related
# variables are displayed on the Classes tab.
# SHOWCLASSDEFENSE: determines whether BONUS:COMBAT|AC|x|TYPE=ClassDefense
#  value is displayed.
# DISPLAYVARIABLExTEXT: determines the Label displayed for the variable
# DISPLAYVARIABLExNAME: determines the variable displayed.
#  This must match the DEFINE: variable in order to be displayed
# Up to 3 variables can be displayed in this manner

SHOWCLASSDEFENSE:No
#DISPLAYVARIABLE1TEXT:
#DISPLAYVARIABLE1NAME:
#DISPLAYVARIABLE2TEXT:
#DISPLAYVARIABLE2NAME:
#DISPLAYVARIABLE3TEXT:
#DISPLAYVARIABLE3NAME:

#
# Whether or not the game mode displays these tabs
#
TAB:CLASS		NAME:in_class					CONTEXT:tabpages\tabclasses.html
TAB:DESCRIPTION	NAME:in_descrip					CONTEXT:tabpages\tabdescription.html
TAB:DOMAINS		NAME:in_domains			VISIBLE:NO	CONTEXT:tabpages\tabdomains.html
TAB:FEATS		NAME:in_feats					CONTEXT:tabpages\tabfeatsandabilities.html
TAB:INVENTORY	NAME:in_inventory					CONTEXT:tabpages\tabinventory.html
TAB:RACE		NAME:in_race					CONTEXT:tabpages\tabraces.html
TAB:SKILLS		NAME:in_skills			VISIBLE:NO	CONTEXT:tabpages\tabskills.html
TAB:SPELLS		NAME:in_spells					CONTEXT:tabpages\tabspells.html
TAB:SUMMARY		NAME:in_summary					CONTEXT:tabpages\tabsummary.html
# Inventory subpanels
TAB:EQUIPPING	NAME:in_InfoEquipping				CONTEXT:tabpages\tabinventory.html
TAB:TEMPMOD		NAME:in_InfoTempMod				CONTEXT:tabpages\tabtemporarybonuses.html
#
# Menu entry (under Settings-->Campaign), and tool tip displayed for said entry
# use & for mnemonic, && for & (MENUENTRY only)
#
MENUENTRY:4e
MENUTOOLTIP:Use 4e character creation settings
DISPLAYORDER:1
ALLOWEDMODES:4e
#
# SHORTRANGE sets the Short Range as referenced by
#  TOHIT-SHORTRANGE and DAMAGE-SHORTRANGE
# Integer value, defaults to zero if tag not present to allow GameModes
# without shortrange bonus/limitations
SHORTRANGE:30
#
# RANGEPENALTY sets the modification of the to-hit value for
# each range increment after the first.
# Integer value, defaults to zero if tag not present to allow GameModes
# without range increment bonus/limitations
RANGEPENALTY:-2

# SQUARESIZE defines the size of a battlemap square in feet.
SQUARESIZE:5

#SPELLRANGExxx specifies the formula used to compute spell ranges
#The formula is evaluated by the PlayerCharacter.getVariableValue() routine
SPELLRANGE:CLOSE|floor(CASTERLEVEL/2)*5+25
SPELLRANGE:MEDIUM|(CASTERLEVEL*10)+100
SPELLRANGE:LONG|(CASTERLEVEL*40)+400

#SKILLMULTIPLIER by level (assumes 1 for all levels beyond those in | delimited list)
#e.g. SKILLMULTIPLIER:2|2|2 would give a x2 mult at levels 1 to 3, and x1 beyond that
SKILLMULTIPLIER:4
SPELLBASEDC:10+SPELLLEVEL+BASESPELLSTAT

#BONUSFEATLEVELSTARTINTERVAL:level|interval
#level = first level where you gain an additional feat
# (use more than one of these tags for additional feats)
#interval = multiples of levels after the start level that you gain an additional feat (0 = only at start)
#this is handled in the races.lst by the STARTFEATS tag
#BONUSFEATLEVELSTARTINTERVAL:1|0
BONUSFEATLEVELSTARTINTERVAL:2|2

#BONUSSTATLEVELSTARTINTERVAL:level|interval
#level = first level where you gain an additional stat
# (use more than one of these tags for additional stat)
#interval = multiples of levels after the start level that you gain an additional stat (0 = only at start)
#BONUSSTATLEVELSTARTINTERVAL:4|4
BONUSSTATLEVELSTARTINTERVAL:4|if(mod(TL,10)>0&&mod(mod(TL,10),4)==0,1,0)|2
#
#BONUSSTATLEVELSTARTINTERVAL:4|(((TL+6)*3)/10)-2|2
#
#BONUSSTATLEVELSTARTINTERVAL:4|0|2
#BONUSSTATLEVELSTARTINTERVAL:8|0|2
#BONUSSTATLEVELSTARTINTERVAL:11|0|2
#BONUSSTATLEVELSTARTINTERVAL:14|0|2
#BONUSSTATLEVELSTARTINTERVAL:18|0|2
#BONUSSTATLEVELSTARTINTERVAL:24|0|2
#BONUSSTATLEVELSTARTINTERVAL:28|0|2


# Calculations for AC. Same as those used on the
# output sheets with the 'BONUS.' stripped off
#BONUS_ACTOUCH:COMBAT.AC.TOTAL.!Armor.!NaturalArmor
#BONUS_ACFLAT:COMBAT.AC.TOTAL.!Ability.PRESTAT:1,DEX=10.!PRESA:1,Uncanny Dodge.MIN=0
#No longer required.

# Ammo is made in batches of 50, so the "plus" cost
# per unit should be 2000*(PLUS*PLUS)/50
PLUSCOST:AMMUNITION|BASEQTY*40*PLUS*PLUS
PLUSCOST:ARMOR|1000*PLUS*PLUS
PLUSCOST:SHIELD|1000*PLUS*PLUS
PLUSCOST:WEAPON|(2000*PLUS*PLUS)+(2000*ALTPLUS*ALTPLUS)

#Attack/Check Cycle attributes
BABMAXATT:1
BABATTCYC:30
BABMINVAL:1
# Epic stuff
BABMAXLVL:30
CHECKSMAXLVL:30

#Class Types
CLASSTYPE:PC			CRFORMULA:0			ISMONSTER:NO	
CLASSTYPE:NPC			CRFORMULA:0			ISMONSTER:NO	
CLASSTYPE:Monster			CRFORMULA:0			ISMONSTER:YES	

#AC Types
ACTYPE:Total				ADD:TOTAL
ACTYPE:Flatfooted				ADD:Flatfooted
#ADD:TOTAL		REMOVE:Ability|PRESTAT:1,DEX=10|!PREABILITY:1,CATEGORY=Special Ability,Uncanny Dodge	REMOVE:Dodge|!PREABILITY:1,CATEGORY=Special Ability,Uncanny Dodge
ACTYPE:Touch				ADD:Touch
#ADD:TOTAL		REMOVE:Armor|NaturalArmor|Shield|NaturalArmorEnhancement
ACTYPE:Base					ADD:Base
ACTYPE:Armor				ADD:Armor
ACTYPE:Shield				ADD:Shield
ACTYPE:Ability				ADD:Ability
ACTYPE:Size					ADD:Size
ACTYPE:NaturalArmor			ADD:NaturalArmor|NaturalArmorEnhancement
ACTYPE:NaturalArmorEnhancement	ADD:NaturalArmorEnhancement
ACTYPE:Misc					ADD:TOTAL		REMOVE:Base|Armor|Shield|Ability|Size|NaturalArmor|NaturalArmorEnhancement
ACTYPE:ClassDefense			ADD:ClassDefense
ACTYPE:Dodge				ADD:Dodge
ACTYPE:Deflection				ADD:Deflection
ACTYPE:Insight				ADD:Insight

ACTYPE:Moral
ACTYPE:Sacred
ACTYPE:Profane

# Damage die changes on size
BASEDICE:1d2	UP:1d3,1d4,1d6,1d8,2d6,3d6,4d6,6d6,8d6,12d6	DOWN:1,0
BASEDICE:1d3	UP:1d4,1d6,1d8,2d6,3d6,4d6,6d6,8d6,12d6		DOWN:1d2,1,0
BASEDICE:1d4	UP:1d6,1d8,2d6,3d6,4d6,6d6,8d6,12d6			DOWN:1d3,1d2,1,0
BASEDICE:1d6	UP:1d8,2d6,3d6,4d6,6d6,8d6,12d6			DOWN:1d4,1d3,1d2,1
BASEDICE:1d8	UP:2d6,3d6,4d6,6d6,8d6,12d6				DOWN:1d6,1d4,1d3,1d2
BASEDICE:1d10	UP:2d8,3d8,4d8,6d8,8d8,12d8				DOWN:1d8,1d6,1d4,1d3
BASEDICE:1d12	UP:3d6,4d6,6d6,8d6,12d6					DOWN:1d10,1d8,1d6,1d4
BASEDICE:2d4	UP:2d6,3d6,4d6,6d6,8d6,12d6				DOWN:1d6,1d4,1d3,1d2
BASEDICE:2d6	UP:3d6,4d6,6d6,8d6,12d6					DOWN:1d10,1d8,1d6,1d4
BASEDICE:2d8	UP:3d8,4d8,6d8,8d8,12d8					DOWN:2d6,1d10,1d8,1d6
BASEDICE:2d10	UP:4d8,6d8,8d8,12d8					DOWN:2d8,2d6,1d10,1d8
BASEDICE:3d6	UP:4d6,6d6,8d6,12d6					DOWN:2d6,1d10,1d8,1d6,1d4

# Penalty to attacks for different sized weapons
EQSIZEPENALTY:35 Size Penalty		BONUS:WEAPON|TOHIT|(PC.SIZE.INT-EQUIP.SIZE.INT)*-2|PREVARGT:PC.SIZE.INT,EQUIP.SIZE.INT|!PRETYPE:2,Melee,Natural|TYPE=DifferentEQSizePenalty	BONUS:WEAPON|TOHIT|(EQUIP.SIZE.INT-PC.SIZE.INT)*-2|PREVARGT:EQUIP.SIZE.INT,PC.SIZE.INT|!PRETYPE:2,Melee,Natural|TYPE=DifferentEQSizePenalty

# Long and Short weapon damage types
WEAPONTYPE:Bludgeoning|B
WEAPONTYPE:Piercing|P
WEAPONTYPE:Slashing|S
WEAPONTYPE:Fire|F
WEAPONTYPE:Acid|A
WEAPONTYPE:Electricity|E
WEAPONTYPE:Cold|C
WEAPONTYPE:Poison|Po
WEAPONTYPE:Sonic|So

# Weapon proficiency categories
WEAPONCATEGORY:Improvised
WEAPONCATEGORY:Simple
WEAPONCATEGORY:Military
WEAPONCATEGORY:Superior
#
WEAPONCATEGORY:Natural




# Non-proficient penalty
#WEAPONNONPROFPENALTY:0

# Number of hands required to wield weapon categories
#									Object Size difference
# 											Damage multiplier: hands = multiplier
WIELDCATEGORY:Light		HANDS:1		FINESSABLE:Yes		SIZEDIFF:-1	DAMAGEMULT:1=1,2=1
WIELDCATEGORY:OneHanded		HANDS:1					SIZEDIFF:0	DAMAGEMULT:1=1,2=1.5
WIELDCATEGORY:TwoHanded		HANDS:2					SIZEDIFF:1	DAMAGEMULT:2=1.5
WIELDCATEGORY:TooSmall		HANDS:999
WIELDCATEGORY:TooLarge		HANDS:999
WIELDCATEGORY:Unusable		HANDS:999
WIELDCATEGORY:None		HANDS:0

# Light weapon vs PC size changes
WIELDCATEGORY:Light		PREVARLTEQ:EQUIP.SIZE.INT,PC.SIZE.INT-1	SWITCH:TooSmall
WIELDCATEGORY:Light		PREVAREQ:EQUIP.SIZE.INT,PC.SIZE.INT+1	SWITCH:OneHanded
WIELDCATEGORY:Light		PREVAREQ:EQUIP.SIZE.INT,PC.SIZE.INT+2	SWITCH:TwoHanded
WIELDCATEGORY:Light		PREVARGTEQ:EQUIP.SIZE.INT,PC.SIZE.INT+3	SWITCH:TooLarge

# OneHanded weapon vs PC size changes
WIELDCATEGORY:OneHanded		PREVARLTEQ:EQUIP.SIZE.INT,PC.SIZE.INT-2	SWITCH:TooSmall
WIELDCATEGORY:OneHanded		PREVAREQ:EQUIP.SIZE.INT,PC.SIZE.INT-1	SWITCH:Light
WIELDCATEGORY:OneHanded		PREVAREQ:EQUIP.SIZE.INT,PC.SIZE.INT+1	SWITCH:TwoHanded
WIELDCATEGORY:OneHanded		PREVARGTEQ:EQUIP.SIZE.INT,PC.SIZE.INT+2	SWITCH:TooLarge

# TwoHanded weapon vs PC size changes
WIELDCATEGORY:TwoHanded		PREVARLTEQ:EQUIP.SIZE.INT,PC.SIZE.INT-3	SWITCH:TooSmall
WIELDCATEGORY:TwoHanded		PREVAREQ:EQUIP.SIZE.INT,PC.SIZE.INT-2	SWITCH:Light
WIELDCATEGORY:TwoHanded		PREVAREQ:EQUIP.SIZE.INT,PC.SIZE.INT-1	SWITCH:OneHanded
WIELDCATEGORY:TwoHanded		PREVARGTEQ:EQUIP.SIZE.INT,PC.SIZE.INT+1	SWITCH:TooLarge

#
# Wield Category Steps
#  This is used when figuring bonuses that allow you to wield Larger or Smaller size weapons
WCSTEPSFORMULA:EQUIP.SIZE.INT-PC.SIZE.INT

WIELDCATEGORY:TooSmall		UP:Light|OneHanded|TwoHanded					ZERO:Light
WIELDCATEGORY:Light		UP:OneHanded|TwoHanded
WIELDCATEGORY:OneHanded		UP:TwoHanded			DOWN:Light
WIELDCATEGORY:TwoHanded						DOWN:OneHanded|Light
WIELDCATEGORY:TooLarge						DOWN:TwoHanded|OneHanded|Light	ZERO:TwoHanded

#
# Dice rolling methods for character creation
#
ROLLMETHOD:3d6						SORTKEY:A1	METHOD:3d6
ROLLMETHOD:4d4						SORTKEY:A2	METHOD:4d4
ROLLMETHOD:4d6 drop lowest				SORTKEY:A3	METHOD:roll(4,6,[2,3,4])
ROLLMETHOD:4d6, reroll 1's				SORTKEY:A4	METHOD:4d5+4
ROLLMETHOD:4d6, reroll 1's, drop the lowest	SORTKEY:A5	METHOD:3+roll(4,5,[2,3,4])
ROLLMETHOD:5d6 drop 2 lowest				SORTKEY:A6	METHOD:roll(5,6,[3,4,5])

#define this game mode's default unit set
#as specified in unitset.lst
#
DEFAULTUNITSET:Imperial 4e

# Unit Set
UNITSET:Imperial 4e			HEIGHTUNIT:ftin	HEIGHTFACTOR:1		HEIGHTPATTERN:#		DISTANCEUNIT:sq.	DISTANCEFACTOR:1	DISTANCEPATTERN:#	WEIGHTUNIT:lbs.	WEIGHTFACTOR:1	WEIGHTPATTERN:#.##
#COMMENT: Allow people to port over races and use regular MOVE:Walk,30 = Walk 6 sq.
UNITSET:Imperial 4e (Conversion)	HEIGHTUNIT:ftin	HEIGHTFACTOR:1		HEIGHTPATTERN:#		DISTANCEUNIT:sq.	DISTANCEFACTOR:.2	DISTANCEPATTERN:#	WEIGHTUNIT:lbs.	WEIGHTFACTOR:1	WEIGHTPATTERN:#.##
UNITSET:Imperial		HEIGHTUNIT:ftin	HEIGHTFACTOR:1		HEIGHTPATTERN:#		DISTANCEUNIT:ft.	DISTANCEFACTOR:1	DISTANCEPATTERN:#	WEIGHTUNIT:lbs.	WEIGHTFACTOR:1	WEIGHTPATTERN:#.##
UNITSET:Metric		HEIGHTUNIT:cm	HEIGHTFACTOR:2.54		HEIGHTPATTERN:#		DISTANCEUNIT:m	DISTANCEFACTOR:0.3	DISTANCEPATTERN:#.##	WEIGHTUNIT:kg	WEIGHTFACTOR:0.5	WEIGHTPATTERN:#.###

#
# Reach mode formula to calculate weapon reach for a player
#
# RACEREACH = player's natural reach
# REACH = equipment's reach
# REACHMULT = equipment's reach multiple
#
WEAPONREACH:(RACEREACH+(max(0,REACH-5)))*REACHMULT

#
# Ability Categories
#

ABILITYCATEGORY:FEAT		VISIBLE:YES		EDITABLE:YES	EDITPOOL:YES	FRACTIONALPOOL:NO		CATEGORY:FEAT	PLURAL:Feats	DISPLAYLOCATION:Feats
ABILITYCATEGORY:Internal	VISIBLE:NO		EDITABLE:NO		EDITPOOL:NO		FRACTIONALPOOL:NO		CATEGORY:Internal
###COMMENT: Internal Category is for all hidden abilities.


PREVIEWDIR:d20/4e
PREVIEWSHEET:Standard.htm.ftl
INFOSHEET:SUMMARY|preview/summary/35e_info.html.ftl
INFOSHEET:SKILLS|preview/skills/35e_skills.html

OUTPUTSHEET:DIRECTORY|d20/4e
OUTPUTSHEET:DEFAULT.PDF|csheet_fantasy_grey_light.xslt
OUTPUTSHEET:DEFAULT.HTM|csheet_standard_4e.htm

# DIESIZES values are used by the HITEDIE tag to bump up/down HD per level.
DIESIZES:1,2,3,MIN=4,6,8,10,MAX=12,20,100,1000 

# Types which automatic resizing is activated on
RESIZABLEEQUIPTYPE:Shield|Weapon|Armor|Ammunition|Resizable



#
# DONE
#
