#
# $Id: sizeAdjustment.lst 202 2006-03-14 23:28:28Z nuance $
#
#
#SIZENAME:F		ABB:F	DISPLAYNAME:Fine
#SIZENAME:Dimunitive	ABB:D	DISPLAYNAME:Diminutive

SIZENAME:T		ABB:T	DISPLAYNAME:Tiny	BONUS:ITEMCOST|TYPE=Ammunition,TYPE=Armor,TYPE=Shield,TYPE=Weapon|0.5
SIZENAME:T		BONUS:ITEMWEIGHT|TYPE=Ammunition,TYPE=Armor,TYPE=Shield,TYPE=Weapon|0.1	BONUS:ITEMWEIGHT|TYPE=Goods|0.25
SIZENAME:T		BONUS:ACVALUE|TYPE.Armor,TYPE.Shield|0.5	BONUS:COMBAT|AC|2|TYPE=Size	BONUS:COMBAT|TOHIT|2|TYPE=SIZE	BONUS:COMBAT|TOHIT.GRAPPLE|-10|TYPE=Size
SIZENAME:T		BONUS:ITEMCAPACITY|TYPE=Goods|0.25
SIZENAME:T		BONUS:SKILL|Stealth|8|TYPE=SIZE
SIZENAME:T		BONUS:LOADMULT|TYPE=SIZE|0.25|PRELEGSGTEQ:4
SIZENAME:T		BONUS:STAT|STR|2|PREBASESIZELT:Tiny
SIZENAME:T			BONUS:STAT|DEX|-2|PREBASESIZELT:Tiny
#
SIZENAME:S		ABB:S	DISPLAYNAME:Small	BONUS:ITEMCOST|TYPE=Ammunition,TYPE=Armor,TYPE=Shield,TYPE=Weapon|1
SIZENAME:S		BONUS:ITEMWEIGHT|TYPE=Ammunition,TYPE=Armor,TYPE=Shield,TYPE=Weapon|0.5	BONUS:ITEMWEIGHT|TYPE=Goods|0.25
SIZENAME:S		BONUS:ACVALUE|TYPE.Armor,TYPE.Shield|1	BONUS:COMBAT|AC|1|TYPE=Size	BONUS:COMBAT|TOHIT|1|TYPE=SIZE	BONUS:COMBAT|TOHIT.GRAPPLE|-5|TYPE=Size
SIZENAME:S		BONUS:ITEMCAPACITY|TYPE=Goods|0.25
SIZENAME:S		BONUS:SKILL|Stealth|4|TYPE=SIZE
SIZENAME:S		BONUS:LOADMULT|TYPE=SIZE|0.25|PRELEGSGTEQ:4
SIZENAME:S		BONUS:STAT|STR|2|PREBASESIZELT:Tiny		BONUS:STAT|STR|4|PREBASESIZELT:Small
SIZENAME:S			BONUS:STAT|DEX|-2|PREBASESIZELT:Tiny	BONUS:STAT|DEX|-2|PREBASESIZELT:Small
#
SIZENAME:M		ABB:M	DISPLAYNAME:Medium	BONUS:ITEMCOST|TYPE=Ammunition,TYPE=Armor,TYPE=Shield,TYPE=Weapon|1
SIZENAME:M		BONUS:ITEMWEIGHT|TYPE=Ammunition,TYPE=Armor,TYPE=Shield,TYPE=Weapon|1	BONUS:ITEMWEIGHT|TYPE=Goods|1
SIZENAME:M		BONUS:ACVALUE|TYPE.Armor,TYPE.Shield|1
SIZENAME:M		BONUS:ITEMCAPACITY|TYPE=Goods|1	ISDEFAULTSIZE:Y
SIZENAME:M		BONUS:LOADMULT|TYPE=SIZE|0.5|PRELEGSGTEQ:4
SIZENAME:M		BONUS:STAT|STR|2|PREBASESIZELT:Tiny		BONUS:STAT|STR|4|PREBASESIZELT:Small	BONUS:STAT|STR|4|PREBASESIZELT:Medium
SIZENAME:M			BONUS:STAT|DEX|-2|PREBASESIZELT:Tiny	BONUS:STAT|DEX|-2|PREBASESIZELT:Small	BONUS:STAT|DEX|-2|PREBASESIZELT:Medium
SIZENAME:M		BONUS:STAT|CON|2|PREBASESIZELT:Medium
#
SIZENAME:L		ABB:L	DISPLAYNAME:Large	BONUS:ITEMCOST|TYPE=Ammunition,TYPE=Armor,TYPE=Shield,TYPE=Weapon|2
SIZENAME:L		BONUS:ITEMWEIGHT|TYPE=Ammunition,TYPE=Armor,TYPE=Shield,TYPE=Weapon|2	BONUS:ITEMWEIGHT|TYPE=Goods|1
SIZENAME:L		BONUS:ACVALUE|TYPE.Armor,TYPE.Shield|1	BONUS:COMBAT|AC|-1|TYPE=Size	BONUS:COMBAT|TOHIT|-1|TYPE=SIZE	BONUS:COMBAT|TOHIT.GRAPPLE|5|TYPE=Size
SIZENAME:L		BONUS:ITEMCAPACITY|TYPE=Goods|1
SIZENAME:L		BONUS:SKILL|Stealth|-4|TYPE=SIZE
SIZENAME:L		BONUS:LOADMULT|TYPE=SIZE|1|PRELEGSGTEQ:4
SIZENAME:L		BONUS:COMBAT|AC|2|PREBASESIZELTEQ:Medium|TYPE=NaturalArmor.STACK
SIZENAME:L		BONUS:STAT|STR|2|PREBASESIZELT:Tiny		BONUS:STAT|STR|4|PREBASESIZELT:Small	BONUS:STAT|STR|4|PREBASESIZELT:Medium	BONUS:STAT|STR|8|PREBASESIZELT:Large
SIZENAME:L			BONUS:STAT|DEX|-2|PREBASESIZELT:Tiny	BONUS:STAT|DEX|-2|PREBASESIZELT:Small	BONUS:STAT|DEX|-2|PREBASESIZELT:Medium	BONUS:STAT|DEX|-2|PREBASESIZELT:Large
SIZENAME:L		BONUS:STAT|CON|2|PREBASESIZELT:Medium	BONUS:STAT|CON|4|PREBASESIZELT:Large
#
SIZENAME:H		ABB:H	DISPLAYNAME:Huge	BONUS:ITEMCOST|TYPE=Ammunition,TYPE=Armor,TYPE=Shield,TYPE=Weapon|4
SIZENAME:H		BONUS:ITEMWEIGHT|TYPE=Ammunition,TYPE=Armor,TYPE=Shield,TYPE=Weapon|5	BONUS:ITEMWEIGHT|TYPE=Goods|1
SIZENAME:H		BONUS:ACVALUE|TYPE.Armor,TYPE.Shield|1	BONUS:COMBAT|AC|-2|TYPE=Size	BONUS:COMBAT|TOHIT|-2|TYPE=SIZE	BONUS:COMBAT|TOHIT.GRAPPLE|10|TYPE=Size
SIZENAME:H		BONUS:ITEMCAPACITY|TYPE=Goods|1
SIZENAME:H		BONUS:SKILL|Stealth|-8|TYPE=SIZE
SIZENAME:H		BONUS:LOADMULT|TYPE=SIZE|2|PRELEGSGTEQ:4
SIZENAME:H		BONUS:COMBAT|AC|2|PREBASESIZELTEQ:Medium|TYPE=NaturalArmor.STACK		BONUS:COMBAT|AC|3|PREBASESIZELTEQ:Large|TYPE=NaturalArmor.STACK
SIZENAME:H		BONUS:STAT|STR|2|PREBASESIZELT:Tiny		BONUS:STAT|STR|4|PREBASESIZELT:Small	BONUS:STAT|STR|4|PREBASESIZELT:Medium	BONUS:STAT|STR|8|PREBASESIZELT:Large	BONUS:STAT|STR|8|PREBASESIZELT:Huge
SIZENAME:H			BONUS:STAT|DEX|-2|PREBASESIZELT:Tiny	BONUS:STAT|DEX|-2|PREBASESIZELT:Small	BONUS:STAT|DEX|-2|PREBASESIZELT:Medium	BONUS:STAT|DEX|-2|PREBASESIZELT:Large	BONUS:STAT|DEX|-2|PREBASESIZELT:Huge
SIZENAME:H		BONUS:STAT|CON|2|PREBASESIZELT:Medium	BONUS:STAT|CON|4|PREBASESIZELT:Large	BONUS:STAT|CON|4|PREBASESIZELT:Huge
#
SIZENAME:G	ABB:G	DISPLAYNAME:Gargantuan	BONUS:ITEMCOST|TYPE=Ammunition,TYPE=Armor,TYPE=Shield,TYPE=Weapon|8
SIZENAME:G	BONUS:ITEMWEIGHT|TYPE=Ammunition,TYPE=Armor,TYPE=Shield,TYPE=Weapon|8	BONUS:ITEMWEIGHT|TYPE=Goods|1
SIZENAME:G	BONUS:ACVALUE|TYPE.Armor,TYPE.Shield|1	BONUS:COMBAT|AC|-4|TYPE=Size	BONUS:COMBAT|TOHIT|-4|TYPE=SIZE	BONUS:COMBAT|TOHIT.GRAPPLE|16|TYPE=Size
SIZENAME:G	BONUS:ITEMCAPACITY|TYPE=Goods|1
SIZENAME:G	BONUS:SKILL|Stealth|-12|TYPE=SIZE
SIZENAME:G	BONUS:LOADMULT|TYPE=SIZE|4|PRELEGSGTEQ:4
SIZENAME:G	BONUS:COMBAT|AC|2|PREBASESIZELTEQ:Medium|TYPE=NaturalArmor.STACK				BONUS:COMBAT|AC|3|PREBASESIZELTEQ:Large|TYPE=NaturalArmor.STACK		BONUS:COMBAT|AC|4|PREBASESIZELTEQ:Huge|TYPE=NaturalArmor.STACK
SIZENAME:G	BONUS:STAT|STR|2|PREBASESIZELT:Tiny		BONUS:STAT|STR|4|PREBASESIZELT:Small	BONUS:STAT|STR|4|PREBASESIZELT:Medium	BONUS:STAT|STR|8|PREBASESIZELT:Large	BONUS:STAT|STR|8|PREBASESIZELT:Huge		BONUS:STAT|STR|8|PREBASESIZELT:Gargantuan
SIZENAME:G		BONUS:STAT|DEX|-2|PREBASESIZELT:Tiny	BONUS:STAT|DEX|-2|PREBASESIZELT:Small	BONUS:STAT|DEX|-2|PREBASESIZELT:Medium	BONUS:STAT|DEX|-2|PREBASESIZELT:Large	BONUS:STAT|DEX|-2|PREBASESIZELT:Huge
SIZENAME:G	BONUS:STAT|CON|2|PREBASESIZELT:Medium	BONUS:STAT|CON|4|PREBASESIZELT:Large	BONUS:STAT|CON|4|PREBASESIZELT:Huge		BONUS:STAT|CON|4|PREBASESIZELT:Gargantuan
#
