SOURCELONG:Arcana Evolved	SOURCESHORT:AE


CLASS:Akashic	HD:6	TYPE:Base.PC	ABB:Aka		SOURCEPAGE:p.39	BONUS:CHECKS|BASE.Will|(CL/2)+2	BONUS:CHECKS|BASE.Reflex,BASE.Fortitude|CL/3	BONUS:COMBAT|BAB|CL*3/4|TYPE=Base.REPLACE
CLASS:Akashic	STARTSKILLPTS:8	CSKILL:TYPE=Standard
###Block:
1	ABILITY:Akashic Class Feature|AUTOMATIC|Skill Memory	BONUS:VAR|AkashicSkillMemoryBonus|2
2	ABILITY:Akashic Class Feature|AUTOMATIC|Perfect Recall
3	ABILITY:Akashic Class Feature|AUTOMATIC|Delve into Collective Memory
4	ABILITY:Akashic Class Feature|AUTOMATIC|Minor akashic ability	DEFINE:MinorAkashicAbilityCount|0	BONUS:VAR|MinorAkashicAbilityCount|1
8	ABILITY:Akashic Class Feature|AUTOMATIC|Lesser akashic ability	DEFINE:LesserAkashicAbilityCount|0	BONUS:VAR|LesserAkashicAbilityCount|1
12	ABILITY:Akashic Class Feature|AUTOMATIC|Feat memory
15	ABILITY:Akashic Class Feature|AUTOMATIC|Greater akashic ability	DEFINE:GreaterAkashicAbilityCount|0	BONUS:VAR|GreaterAkashicAbilityCount|1
20	ABILITY:Akashic Class Feature|AUTOMATIC|Spell memory	DEFINE:AkashicSpellMemoryTimes|0	BONUS:VAR|AkashicSpellMemoryTimes|1
21	ABILITY:Akashic Class Feature|AUTOMATIC|Momentary Memory Ability		BONUS:VAR|AkashicSpellMemoryTimes|1	DEFINE:MomentaryMemoryAbilityCount|0	BONUS:VAR|MomentaryMemoryAbilityCount|1
22	ABILITY:Akashic Class Feature|AUTOMATIC|Greater Spell Memory	DEFINE:AkashicGreaterSpellMemoryTimes|0	BONUS:VAR|AkashicGreaterSpellMemoryTimes|1	BONUS:VAR|MomentaryMemoryAbilityCount|1
25	ABILITY:Akashic Class Feature|AUTOMATIC|Class Ability		BONUS:VAR|AkashicSkillMemoryBonus|2
###Block:
5	BONUS:VAR|MinorAkashicAbilityCount|1
6	BONUS:VAR|MinorAkashicAbilityCount|1
7	BONUS:VAR|MinorAkashicAbilityCount|1
9	BONUS:VAR|AkashicSkillMemoryBonus|2
10	BONUS:VAR|LesserAkashicAbilityCount|1
11	BONUS:VAR|LesserAkashicAbilityCount|1
13	BONUS:VAR|LesserAkashicAbilityCount|1
14	BONUS:VAR|LesserAkashicAbilityCount|1
16	BONUS:VAR|GreaterAkashicAbilityCount|1
17	BONUS:VAR|AkashicSkillMemoryBonus|2
18	BONUS:VAR|GreaterAkashicAbilityCount|1
19	BONUS:VAR|GreaterAkashicAbilityCount|1
23	BONUS:VAR|AkashicGreaterSpellMemoryTimes|1	BONUS:VAR|MomentaryMemoryAbilityCount|1
24	BONUS:VAR|MomentaryMemoryAbilityCount|1

#	Champion	
CLASS:Champion	HD:10	TYPE:Base.PC	ABB:Cha	SOURCEPAGE:p.44	BONUS:CHECKS|BASE.Fortitude,BASE.Will|CL/2+2	BONUS:CHECKS|BASE.Reflex|CL/3	BONUS:COMBAT|BAB|CL|TYPE=Base.REPLACE	DEFINE:ChampionLVL|CL
CLASS:Champion	STARTSKILLPTS:2	CSKILL:Climb|TYPE=Craft|Diplomacy|Heal|Jump|TYPE=Knowledge|Ride|Spot|Swim
###Block: Class Features
1	ABILITY:Champion Class Feature|AUTOMATIC|Champion Ability ~ Champion|Weapon and Armor Proficiency ~ Champion
2	ABILITY:Champion Class Feature|AUTOMATIC|Call or Imbue Shield ~ Champion
4	ABILITY:Champion Class Feature|AUTOMATIC|Call Upon Power ~ Champion
7	ABILITY:Champion Class Feature|AUTOMATIC|Call or Imbue Weapon ~ Champion
9	ABILITY:Champion Class Feature|AUTOMATIC|Heartening Cry ~ Champion
10	ABILITY:Champion Class Feature|AUTOMATIC|Focused Devotion ~ Champion
12	ABILITY:Champion Class Feature|AUTOMATIC|Take on the Mantle ~ Champion
16	ABILITY:Champion Class Feature|AUTOMATIC|Avatar's Ally ~ Champion
17	ABILITY:Champion Class Feature|AUTOMATIC|Unassailable Soul ~ Champion
19	ABILITY:Champion Class Feature|AUTOMATIC|Avatar ~ Champion
22	ABILITY:Champion Class Feature|AUTOMATIC|Unassailable Body ~ Champion
23	ABILITY:Champion Class Feature|AUTOMATIC|True Shield ~ Champion
24	ABILITY:Champion Class Feature|AUTOMATIC|True Weapon ~ Champion
###Block:
1	BONUS:VAR|ChampionAbilityCount|1+CL/5
16	BONUS:VAR|AvatarAllyLVL|1+(CL>20)



#	Greenbond	53
CLASS:Greenbond	HD:6	TYPE:Base.PC	ABB:Cha	SOURCEPAGE:p.53	BONUS:CHECKS|BASE.Fortitude,BASE.Will|CL/2+2	BONUS:CHECKS|BASE.Reflex|CL/3	BONUS:COMBAT|BAB|CL*3/4|TYPE=Base.REPLACE	DEFINE:ChampionLVL|CL
CLASS:Greenbond	STARTSKILLPTS:4	CSKILL:Concentration|TYPE=Craft|Diplomacy|Gather Information|Handle Animal|Heal|Knowledge (Ceremony)|Knowledge (Geography)|Knowledge (Magic)|Knowledge (Nature)|Listen|Speak Language|Spellcraft|Survival|Swim
CLASS:Greenbond	SPELLSTAT:CHA	SPELLTYPE:Simple	BONUS:CASTERLEVEL|Greenbond|CL
#LEVEL=0|LEVEL=1|LEVEL=2|LEVEL=3|LEVEL=4|LEVEL=5|LEVEL=6|LEVEL=7|LEVEL=8	SPELLBOOK:YES	BONUS:CASTERLEVEL|Mage Blade|CL
###Block: Class Features
1	ABILITY:Greenbond Class Feature|AUTOMATIC|infuse with life (1d8+level)|Nature sense
2	ABILITY:Greenbond Class Feature|AUTOMATIC|Nature's gift (lesser)
3	ABILITY:Greenbond Class Feature|AUTOMATIC|Trackless step
4	ABILITY:Greenbond Class Feature|AUTOMATIC|Infuse with life (2d8+level)
5	ABILITY:Greenbond Class Feature|AUTOMATIC|Bond with the Green
6	ABILITY:Greenbond Class Feature|AUTOMATIC|Percipience
7	ABILITY:Greenbond Class Feature|AUTOMATIC|Infuse with life (3d8+level)
8	ABILITY:Greenbond Class Feature|AUTOMATIC|Speak with spirits (lesser)
10	ABILITY:Greenbond Class Feature|AUTOMATIC|Infuse with life (4d8+level)
12	ABILITY:Greenbond Class Feature|AUTOMATIC|Nature's gift (greater)
13	ABILITY:Greenbond Class Feature|AUTOMATIC|Infuse with life (6d8+level)
14	ABILITY:Greenbond Class Feature|AUTOMATIC|Speak with spirits (greater)
15	ABILITY:Greenbond Class Feature|AUTOMATIC|Bond with the Green
16	ABILITY:Greenbond Class Feature|AUTOMATIC|Infuse with life (8d8+level)
17	ABILITY:Greenbond Class Feature|AUTOMATIC|Spiritform
19	ABILITY:Greenbond Class Feature|AUTOMATIC|Infuse with life (10d8+level)
20	ABILITY:Greenbond Class Feature|AUTOMATIC|Bond with the Green
21	ABILITY:Greenbond Class Feature|AUTOMATIC|Bond with the Green
22	ABILITY:Greenbond Class Feature|AUTOMATIC|Infuse with life (12d8+level)
23	ABILITY:Greenbond Class Feature|AUTOMATIC|Bond with the Green
24	ABILITY:Greenbond Class Feature|AUTOMATIC|Bond with the Green
25	ABILITY:Greenbond Class Feature|AUTOMATIC|Infuse with life (14d8+level or perfect health)
###Block: Casting Progression
1	CAST:2,1
2	CAST:3,2
3	CAST:3,2,1
4	CAST:3,3,2
5	CAST:4,3,2,1
6	CAST:4,3,3,2
7	CAST:4,4,3,2,1
8	CAST:4,4,3,3,2
9	CAST:5,4,4,3,2,1
10	CAST:5,4,4,3,3,2
11	CAST:5,5,4,4,3,2,1
12	CAST:5,5,4,4,3,3,2
13	CAST:5,5,5,4,4,3,2,1
14	CAST:6,5,5,4,4,3,3,2
15	CAST:6,5,5,5,4,4,3,2,1
16	CAST:6,6,5,5,4,4,3,3,2
17	CAST:6,6,5,5,5,4,4,3,2,1
18	CAST:6,6,6,5,5,4,4,3,3,2
19	CAST:6,6,6,5,5,5,4,4,3,2
20	CAST:7,6,6,6,5,5,4,4,3,3
21	CAST:7,6,6,6,5,5,5,4,4,3,1
22	CAST:7,7,6,6,6,5,5,4,4,3,2
23	CAST:0,7,6,6,6,5,5,5,4,4,3
24	CAST:0,7,7,6,6,6,5,5,4,4,4
25	CAST:0,0,7,6,6,6,5,5,5,4,4



# Class Name	Hit Dice	Type			Abbreviation	Source Page		
CLASS:Mage Blade	HD:8		TYPE:Base.PC	ABB:MB		SOURCEPAGE:p.	BONUS:COMBAT|BAB|CL*3/4|TYPE=Base.REPLACE	BONUS:CHECKS|BASE.Reflex,BASE.Fortitude,BASE.Will|(CL>1)+(CL>2)+(CL>5)+(CL>6)+(CL>10)+(CL>12)+(CL>15)+(CL>17)+(CL>19)+(CL>21)+(CL>23)
# Class Name	Skill Pts/Lvl	Class Skill
CLASS:Mage Blade	STARTSKILLPTS:2	CSKILL:Alchemy|Climb|Concentration|TYPE=Craft|Intimidate|Jump|TYPE=Knowledge|Search|Speak Language|Spellcraft|Swim
# Class Name	Spell Stat		Spell Type		Automatically Known Spell Levels									Spellbook		Caster level
CLASS:Mage Blade	SPELLSTAT:CHA	SPELLTYPE:Simple	KNOWNSPELLS:LEVEL=0|LEVEL=1|LEVEL=2|LEVEL=3|LEVEL=4|LEVEL=5|LEVEL=6|LEVEL=7|LEVEL=8	SPELLBOOK:YES	BONUS:CASTERLEVEL|Mage Blade|CL
###Block:
9	BONUS:VAR|AthameLVL|1+(CL>13)
###Block:
5	BONUS:ABILITYPOOL|Mage Blade Feat|min(CL/5,4)+(CL>20)+(CL>22)+(CL>23)
###Block:		
1	ABILITY:Mage Blade Class Feature|AUTOMATIC|Weapon and Armor Proficiency ~ Mage Blade
1	ABILITY:Mage Blade Class Feature|AUTOMATIC|Athame ~ Mage Blade
4	ABILITY:Mage Blade Class Feature|AUTOMATIC|Shimmering Shield ~ Mage Blade
6	ABILITY:Mage Blade Class Feature|AUTOMATIC|Athame Defense ~ Mage Blade
7	ABILITY:Mage Blade Class Feature|AUTOMATIC|Sprightly Step ~ Mage Blade
9	ABILITY:Mage Blade Class Feature|AUTOMATIC|Summon Athame ~ Mage Blade
11	ABILITY:Mage Blade Class Feature|AUTOMATIC|Slice through Wardings ~ Mage Blade
12	ABILITY:Mage Blade Class Feature|AUTOMATIC|Familiarity with Magic ~ Mage Blade
16	ABILITY:Mage Blade Class Feature|AUTOMATIC|Spell Parry ~ Mage Blade
18	ABILITY:Mage Blade Class Feature|AUTOMATIC|Slice through Spells ~ Mage Blade
###Block: 
1	CAST:2,0
2	CAST:2,1
3	CAST:3,2
4	CAST:3,2,0
5	CAST:3,2,1
6	CAST:3,2,2
7	CAST:4,3,2,0
8	CAST:4,3,2,1
9	CAST:4,3,2,2
10	CAST:4,3,3,2,0
11	CAST:4,4,3,2,1
12	CAST:4,4,3,2,2
13	CAST:4,4,3,3,2,0
14	CAST:4,4,4,3,2,1
15	CAST:4,4,4,3,2,2
16	CAST:4,4,4,3,3,2,0
17	CAST:4,4,4,4,3,2,1
18	CAST:4,4,4,4,3,2,2
19	CAST:4,4,4,4,3,3,2,0
20	CAST:4,4,4,4,4,3,2,1
21	CAST:4,4,4,4,4,3,2,2
22	CAST:4,4,4,4,4,3,3,2,0
23	CAST:4,4,4,4,4,3,3,2,1
24	CAST:4,4,4,4,4,3,3,2,2
25	CAST:4,4,4,4,4,3,3,3,2

#KNOWN:6,6,6,6,6,4,3,2KNOWN:6,6,6,6,6,5,4,3,0KNOWN:6,6,6,6,6,5,4,3,1KNOWN:6,6,6,6,6,5,4,3,2KNOWN:6,6,6,6,6,6,5,4,3
#KNOWN:2,1	KNOWN:3,2	KNOWN:3,3	KNOWN:3,3,0	KNOWN:4,3,1
#KNOWN:4,4,2	KNOWN:4,4,3,0	KNOWN:5,4,3,1
#KNOWN:5,5,3,2	KNOWN:5,5,4,3,0	KNOWN:6,5,4,3,1
#KNOWN:6,6,4,3,2	KNOWN:6,6,5,4,3,0	KNOWN:6,6,5,4,3,1
#KNOWN:6,6,5,4,3,2	KNOWN:6,6,6,5,4,3,0
#KNOWN:6,6,6,5,4,3,1	KNOWN:6,6,6,5,4,3,2
#KNOWN:6,6,6,6,5,4,3,0	KNOWN:6,6,6,6,5,4,3,1
###END MAGE BLADE

#	MAGISTER

# Class Name	Hit Dice	Type			Abbreviation	Source Page				Automatically Gained Language	Save checks bonus											Combat bonus
CLASS:Magister	HD:6		TYPE:Base.PC	ABB:MAG		SOURCEPAGE:p.	BONUS:CHECKS|BASE.Reflex,BASE.Fortitude|CL/3	BONUS:CHECKS|BASE.Will|CL/2+3	BONUS:COMBAT|BAB|CL/2|TYPE=Base.REPLACE
# Class Name	Skill Pts/Lvl	Class Skill
CLASS:Magister	STARTSKILLPTS:2	CSKILL:Alchemy|Concentration|TYPE=Craft|Decipher Script|Innuendo|Intimidate|TYPE=Knowledge|Search|Speak Language|Spellcraft
# Class Name	Spell Stat		Spell Type		Automatically Known Spell Levels												Spellbook		Caster level
CLASS:Magister	SPELLSTAT:INT	SPELLTYPE:Arcane	KNOWNSPELLS:LEVEL=0|LEVEL=1|LEVEL=2|LEVEL=3|LEVEL=4|LEVEL=5|LEVEL=6|LEVEL=7|LEVEL=8|LEVEL=9|LEVEL=10	SPELLBOOK:YES	BONUS:CASTERLEVEL|Magister|CL
###Block: Proficiencies
1	AUTO:WEAPONPROF|Magister's Staff
5	AUTO:WEAPONPROF|Sword Stave
5	BONUS:ABILITYPOOL|Magister Feat|CL/5
###Block: Class Features

###Block: Spell Level progression
1	CAST:2,1				KNOWN:5,3					SAB:Magister's Staff
2	CAST:3,2				KNOWN:6,3
3	CAST:3,2,1				KNOWN:6,4,2
4	CAST:3,3,2				KNOWN:7,4,3
5	CAST:4,3,2,1			KNOWN:7,5,3,2
6	CAST:4,3,3,2			KNOWN:8,5,4,3				SAB:Familiarity with magic
7	CAST:4,4,3,2,1			KNOWN:8,6,4,3,2
8	CAST:4,4,3,3,2			KNOWN:9,6,5,4,3
9	CAST:5,4,4,3,2,1			KNOWN:9,7,5,4,3,2
10	CAST:5,4,4,3,3,2			KNOWN:9,7,6,5,4,3
11	CAST:5,5,4,4,3,2,1		KNOWN:9,8,6,5,4,3,2
12	CAST:5,5,4,4,3,3,2		KNOWN:9,8,7,6,5,4,3			SAB:Lesser aspect of power
13	CAST:5,5,5,4,4,3,2,1		KNOWN:9,9,7,6,5,4,3,2
14	CAST:6,5,5,4,4,3,3,2		KNOWN:9,9,8,7,6,5,4,3			SAB:Lesser mind over matter
15	CAST:6,5,5,5,4,4,3,2,1		KNOWN:9,9,8,7,6,5,4,3,2
16	CAST:6,6,5,5,4,4,3,3,2		KNOWN:9,9,9,8,7,6,5,4,3
17	CAST:6,6,5,5,5,4,4,3,2,1	KNOWN:9,9,9,8,7,6,5,4,3,2
18	CAST:6,6,6,5,5,4,4,3,3,2	KNOWN:9,9,9,9,8,7,6,5,4,3		SAB:Greater aspect of power
19	CAST:6,6,6,5,5,5,4,4,3,2	KNOWN:9,9,9,9,8,7,6,5,4,3
20	CAST:7,6,6,6,5,5,4,4,3,3	KNOWN:9,9,9,9,9,8,7,6,5,4
21	CAST:99,6,6,6,5,5,5,4,4,3,1	KNOWN:99,9,9,9,9,8,7,6,5,4,1
22	CAST:99,7,6,6,6,5,5,4,4,3,2	KNOWN:99,99,9,9,9,9,8,7,6,5,2		SAB:Greater mind over matter
23	CAST:99,99,6,6,6,5,5,5,4,4,3	KNOWN:99,99,99,9,9,9,8,7,6,5,3
24	CAST:99,99,7,6,6,6,5,5,4,4,4	KNOWN:99,99,99,99,9,9,9,8,7,6,4	SAB:Master's aspect of power
25	CAST:99,99,99,6,6,6,5,5,5,4,4	KNOWN:99,99,99,99,99,9,9,8,7,6,4

#	Oathsworn

#	Ritual Warrior

#	Runethane

#	Totem Warrior

#	Unfettered

#	Warmain

#	Witch

### >>>RACIAL CLASSES<<<

# Class Name	Hit Dice	Type			Abbreviation	Source Page				Automatically Gained Language	Save checks bonus											Combat bonus
CLASS:Litorian	HD:8		TYPE:Base.PC	ABB:Lit		SOURCEPAGE:Arcana Evolved	AUTO:LANG|Literacy		BONUS:CHECKS|BASE.Will|CL/3	BONUS:CHECKS|BASE.Fortitude,BASE.Reflex|CL/2+2	BONUS:COMBAT|BAB|CL|TYPE=Base.REPLACE
# Class Name	Skill Pts/Lvl	Class Skill
CLASS:Litorian	STARTSKILLPTS:2	CSKILL:Balance|Climb|TYPE=Craft|Jump|Knowledge (Litorians)|Search|Sneak|Survival

###Block:Proficiencies
1																																											AUTO:FEAT|All Automatic Proficiencies|Simple Weapon Proficiencies
1																																											AUTO:FEAT|Armor Proficiency (Light)
1																																					AUTO:ARMORPROF|ARMORTYPE=Light
1																																																						AUTO:SHIELDPROF|Shield (Light)
###Racial Levels
1																					BONUS:STAT|STR,DEX|1
2	SAB:Scent														BONUS:MOVEADD|TYPE.Walk|10
3																					BONUS:STAT|CON,DEX|1																																				AUTO:WEAPONPROF|Bite (Litorian)
###Evolved Levels
4																					BONUS:STAT|STR,CON|1
5										BONUS:COMBAT|AC|TYPE.Natural|1										BONUS:WEAPONPROF=Bite (Litorian)|DAMAGE,TOHIT|1	ADD:SPELLCASTER|Arcane
6	SAB:Litorian Claws: 1d8 natural damage	SAB:Pounce												BONUS:STAT|DEX|2																																					AUTO:WEAPONPROF|Claws (Litorian)


#	Mojh
#	Rune Children
#	Sibeccai
#	Verrik

### HIDDEN

# Class Name	Visible
CLASS:Simple	VISIBLE:NO
# Class Name	Spell Stat		Spell Type		Automatically Known Spell Levels												Spellbook		Caster level
CLASS:Simple	SPELLSTAT:INT	SPELLTYPE:Arcane	KNOWNSPELLS:LEVEL=0|LEVEL=1|LEVEL=2|LEVEL=3|LEVEL=4|LEVEL=5|LEVEL=6|LEVEL=7|LEVEL=8|LEVEL=9|LEVEL=10	SPELLBOOK:YES	BONUS:CASTERLEVEL|Simple|CL

# Class Name	Visible
CLASS:Complex	VISIBLE:NO
# Class Name	Spell Stat		Spell Type		Automatically Known Spell Levels												Spellbook		Caster level
CLASS:Complex	SPELLSTAT:INT	SPELLTYPE:Arcane	KNOWNSPELLS:LEVEL=0|LEVEL=1|LEVEL=2|LEVEL=3|LEVEL=4|LEVEL=5|LEVEL=6|LEVEL=7|LEVEL=8|LEVEL=9|LEVEL=10	SPELLBOOK:YES	BONUS:CASTERLEVEL|Complex|CL

# Class Name	Visible
CLASS:Exotic	VISIBLE:NO
# Class Name	Spell Stat		Spell Type		Automatically Known Spell Levels												Spellbook		Caster level
CLASS:Exotic	SPELLSTAT:INT	SPELLTYPE:Arcane	KNOWNSPELLS:LEVEL=0|LEVEL=1|LEVEL=2|LEVEL=3|LEVEL=4|LEVEL=5|LEVEL=6|LEVEL=7|LEVEL=8|LEVEL=9|LEVEL=10	SPELLBOOK:YES	BONUS:CASTERLEVEL|Exotic|CL
