###ARCANA EVOLVED
#NAME							TYPE:			PRE
Ability Focus					KEY:Ability Focus ~ AE										TYPE:General																																																																																			PRETEXT:Special ability that requires a saving throw																															DESC:+2 to the DC for saves against focused ability
Aid Spellcasting																		TYPE:General																			PRECLASS:1,SPELLCASTER=1																																																		PRESTAT:2,INT=15,CHA=15																																														DESC:Add +1 bonus to ally's spell DC or caster level																																																																																																																																								TEMPDESC:Ability to cast spells
Armor Proficiency (Exotic)																TYPE:General																																						PREMULT:1,[PREPROFWITHARMOR:1,TYPE.Heavy],[PREFEAT:1,Armor Proficiency (Heavy)]																																																																							DESC:No armor check penalty on attack rolls																																																AUTO:ARMORPROF|ARMORTYPE=Exotic
Bite																				TYPE:General																																																				PRERACE:1,Dracha,Litorian,Mojh,Sibeccai																																																																DESC:Use bite as a weapon
Bloody Strike																		TYPE:General																	PREATT:5																																																																																																								DESC:Foe loses 1 hp per round
Compensate for Size																	TYPE:General																																																																									PRESTAT:1,DEX=13																																															DESC:+1 to AC and attack rolls against larger foes
Complex Spell																		TYPE:General																			PRECLASS:1,SPELLCASTER=1																																												PRESKILL:1,Spellcraft=4			PRESTAT:1,INT=11																																															DESC:Caster can ready complex spells of one spell level																			STACK:YES	MULT:YES	CHOOSE:NOCHOICE																																																														BONUS:ABILITYPOOL|Complex Spell MP|1
Conjure Mastery																		TYPE:General																			PRECLASS:1,SPELLCASTER=7																																																		PRESTAT:1,CHA=17																																															DESC:Summoned creatures gain +2 bonus to Strength, Dexterity, and Constitution
Defensive Move																		TYPE:General																																																																									PRESTAT:1,DEX=13																																															DESC:+4 Dodge bonus to AC against ranged attacks
Defensive Stance					KEY:Defensive Stance ~ Malhavoc								TYPE:General																																																																									PRESTAT:1,DEX=13																																															DESC:+1 dodge bonus to AC against all melee attacks
Empower Spell-Like Ability																TYPE:General																																																																																			PRETEXT:Spell-like ability at caster level 6th or higher																														DESC:Use one ability as an empowered spell-like ability three times per day
Exotic Spell																		TYPE:General																			PRECLASS:1,SPELLCASTER=1																																																																																																			DESC:Caster can ready one exotic spell
Expertise																			TYPE:General																																																																									PRESTAT:1,INT=13																																															DESC:Trade attack bonus for AC (maximum 5 points)
First Strike																		TYPE:General																																																																									PRESTAT:1,DEX=13																																															DESC:+1d6 damage bonus against flat-footed foes
Flail Defense																		TYPE:General																																																																									PRESTAT:1,DEX=13																																															DESC:Negate parry penalty and gain +1 parry bonus to AC Improved Bull Rush General Strength 13, Power Attack +4 bonus on bull rush attempts; no attack of opportunity
#Improved Disarm												TYPE:General																											PREFEAT:1,Expertise																																											PRESTAT:1,INT=13																																																	DESC:+4 bonus on disarm attempts; no attack of opportunity
#Improved Trip												TYPE:General																											PREFEAT:1,Expertise																																											PRESTAT:1,INT=13																																																	DESC:+4 bonus on trip attempts; no attack of opportunity
Low Blow																			TYPE:General																	PREATT:3																																																																																																								DESC:Foe dazed 1 round
Modify Combat Style																	TYPE:General																	PREATT:7																																																																																																								DESC:+2 competence bonus to attack rolls against one foe
Modify Spell																		TYPE:General.Metamagic		VISIBLE:DISPLAY														PRECLASS:1,SPELLCASTER=1																																																																						SERVESAS:FEAT|Empower Spell|Enlarge Spell|Extend Spell|Heighten Spell|Silent Spell|Still Spell|Widen Spell												DESC:Choose a modification - Increase Power, Double Range, Double Duration, No Verbal Component, No Somatic Components, Double Area Or Number Of Targets																																				VFEAT:Modify Spell ~ Double Area or Targets|Modify Spell ~ Double Duration|Modify Spell ~ Double Range|Modify Spell ~ Increase Power|Modify Spell ~ No Somatic Components|Modify Spell ~ No Verbal Component
###
Modify Spell ~ Increase Power																					VISIBLE:EXPORT																						PREFEAT:1,Modify Spell																																																																																												DESC:[Lv+2] All the variables, numeric effects increase by one-half. Saving throws and opposed rolls (such as caster power checks) are not affected.
Modify Spell ~ Double Range																					VISIBLE:EXPORT																						PREFEAT:1,Modify Spell																																																																																												DESC:[Lv+1] If the range determines its area or effect, the dimensions of its area or effect increase proportionally.
Modify Spell ~ Double Duration																				VISIBLE:EXPORT																						PREFEAT:1,Modify Spell																																																																																												DESC:[Lv+1] Durations of Concentration, Instantaneous, or Permanent are not affected.
Modify Spell ~ No Verbal Component																				VISIBLE:EXPORT																						PREFEAT:1,Modify Spell																																																																																												DESC:[Lv+1] Spell can be cast with no verbal components.
Modify Spell ~ No Somatic Components																			VISIBLE:EXPORT																						PREFEAT:1,Modify Spell																																																																																												DESC:[Lv+1] Spell can be cast without gestures or movements.
Modify Spell ~ Double Area or Targets																			VISIBLE:EXPORT																						PREFEAT:1,Modify Spell																																																																																												DESC:[Lv+3] Touch spells cannot be affected.
###	#DESC:Laden spell has additional power
Paralyzing Blow																		TYPE:General																	PREATT:15																																																																																																								DESC:Foe paralyzed for 1 round
Power Charge																		TYPE:General																											PREFEAT:1,Power Attack																																											PRESTAT:1,STR=13																																															DESC:Inflict double damage on a charge attack
Rapid Strike																		TYPE:General																	PREATT:3									PREFEAT:1,Weapon Focus																																											PRESTAT:1,DEX=15																																															DESC:With your chosen weapon, as part of a Full Attack, you may make one extra melee attack at Half your base attack bonus once per day per level.
Speed Burst																			TYPE:General																																																																																																																					DEFINE:SpeedburstTimes|0	DESC:You can take an extra move action %1 times per day|SpeedburstTimes																																																																																																																									BONUS:VAR|SpeedburstTimes|TL/2

#Speed Burst2												TYPE:General																																																																																																																																																																									DESC:You can take an extra move action %1 times per day [once per day per two levels]|SpeedburstTimes	DEFINE:SpeedburstTimes|0	BONUS:VAR|SpeedburstTimes|HD/2
#Speed Burst3												TYPE:General																																																																																																																																																																									DESC:You can take an extra move action %1 times per day [once per day per two levels]|SpeedburstTimes	DEFINE:SpeedburstTimes|0		BONUS:VAR|SpeedburstTimes|TL/2

Stomp																				TYPE:General																																																																PRESIZEGTEQ:L							PRESTAT:1,STR=19																																															DESC:Smaller characters within 10 feet fall prone
Stunning Blow																		TYPE:General																	PREATT:6																																																																																																								DESC:Foe is stunned for 1 round
Sturdy																			TYPE:General																																																																																																																										DESC:Doubles Constitution bonus to hp for one level
Tough Hide																			TYPE:General																																																																																			PRETEXT:Must have a natural armor class at least one.																															DESC:Natural armor improves by +1 bonus
Trample						KEY:Trample ~ AE											TYPE:General																																																																																			PRETEXT:Either Mounted Combat or at least size Large																															DESC:Opponent cannot attempt to avoid overrun
#Two-Weapon Fighting
Two-Weapon Fighting (Massive)																TYPE:General																	PREATT:7									PREFEAT:1,Two-Weapon Fighting																																										PRESTAT:1,STR=17																																															DESC:Use any one-handed weapon as off-hand weapon
Unarmed Strike (Defensive)									OUTPUTNAME:Unarmed Strike, Defensive*	TYPE:General																																																																																																																										DESC:Unarmed character is considered armed; ?2 penalty to attack rolls, +2 dodge bonus to AC
Unarmed Strike (Mighty)										OUTPUTNAME:Unarmed Strike, Mighty*		TYPE:General																																																																																																																										DESC:Unarmed character is considered armed; ?2 penalty to AC, +2 bonus to damage

Attune to Magic Item																	TYPE:Ceremonial																																																																									PRESTAT:1,WIS=13				PRETEMPLATE:1,Truename																																								DESC:Learn function of magic item
Battle Mage																			TYPE:Ceremonial																																																																															PRETEMPLATE:1,Truename																																								DESC:+2 bonus to casting defensively; war template
Blessed Mage																		TYPE:Ceremonial																																																																															PRETEMPLATE:1,Truename																																								DESC:Cure spells +1 caster level; blessed template
Blood as Power																		TYPE:Ceremonial																			PRECLASS:1,SPELLCASTER=1																																																		PRESTAT:1,WIS=17				PRETEMPLATE:1,Truename																																								DESC:Three times per day, caster can spend 6 hp per spell level to cast spell
Bonded Item																			TYPE:Ceremonial																																																																															PRETEMPLATE:1,Truename																																								DESC:+1 on attempt to use one specific item
Brandish Magical Might																	TYPE:Ceremonial																			PRECLASS:1,SPELLCASTER=3,Psychic=3,Psion=3																																															PRESTAT:1,CHA=17,INT=17,WIS=17	PRETEMPLATE:1,Truename																																								DESC:Add ability score bonus to spell resistance checks
Chi-Julud																			TYPE:Ceremonial																																																				PRERACE:1,Giant																			PRESTAT:2,WIS=13,CHA=13			PRETEMPLATE:1,Truename																																								DESC:Wisdom modifier adds to Strength, Charisma modifier adds to Constitution
Corrupt Mage																		TYPE:Ceremonial																																																																															PRETEMPLATE:1,Truename																																								DESC:Special access to negative energy spells; corrupt template
Creator Mage																		TYPE:Ceremonial																			PRECLASS:1,SPELLCASTER=9																																																		PRESTAT:1,INT=17				PRETEMPLATE:1,Truename																																								DESC:Permanency or programmed template
Crippling Strike																		TYPE:Ceremonial																																																											PRESA:1,Sneak Attack											PRESTAT:1,INT=17				PRETEMPLATE:1,Truename																																								DESC:Deal 1 point of Strength damage with sneak attack
Defensive Roll																		TYPE:Ceremonial																																																																									PRESTAT:1,WIS=13				PRETEMPLATE:1,Truename																																								DESC:Avoid being reduced to 0 hp or below once per day
Dragon Mage																			TYPE:Ceremonial																																						PREMULT:1,[PRESKILL:1,Knowledge (Dragon)=5],[PRERACE:1,Dragon]																															PRETEMPLATE:1,Truename																																								DESC:Special access to dragon spells; dragon template
Eldritch Training																		TYPE:Ceremonial																																																																									PRESTAT:1,INT=15				PRETEMPLATE:1,Truename																																								DESC:+1 bonus to Spellcraft and Knowledge (magic) checks; eldritch template																																								TEMPLATE:Eldritch																																																																BONUS:SKILL|Spellcraft,Knowledge (Magic),Knowledge (Arcana)|1
Elemental Mage																		TYPE:Ceremonial																																																																															PRETEMPLATE:1,Truename																																								DESC:Special access to spells of one element;elemental template
Energy Mage																			TYPE:Ceremonial																																																																															PRETEMPLATE:1,Truename																																								DESC:Special access to spells of one energy;energy template
Fey Mage																			TYPE:Ceremonial																																																																			PRESKILL:1,Knowledge (Faen)=5								PRETEMPLATE:1,Truename																																								DESC:Special access to faen spells; faen template or must be a faen
Fleet of Foot - Malhavoc									OUTPUTNAME:Fleet of Foot			TYPE:Ceremonial																																																																															PRETEMPLATE:1,Truename																																								DESC:+10 feet bonus to ground speed																																																																																																												BONUS:MOVEADD|TYPE.Walk|10
Focused Healing																		TYPE:Ceremonial																																																																									PRESTAT:1,WIS=11				PRETEMPLATE:1,Truename																																								DESC:Heal self 2 hp per level once per day
Giantish Mage																		TYPE:Ceremonial																																						PREMULT:1,[PRESKILL:1,Knowledge (Giant)=5],[PRERACE:1,Giant]																															PRETEMPLATE:1,Truename																																								DESC:Special access to giant spells; giant template
Hands as Weapons																		TYPE:Ceremonial																																																																															PRETEMPLATE:1,Truename																																								DESC:Hands can hold magical weapon abilities
Hunter Mage																			TYPE:Ceremonial																																																																															PRETEMPLATE:1,Truename																																								DESC:+2 bonus to Survival checks and +1 damage rolls against enemy; enemy bane template
Infuse Weapon																		TYPE:Ceremonial																	PREATT:4									PREFEAT:2,Weapon Focus,Weapon Specialization																																													PRETEMPLATE:1,Truename																																								DESC:Grant +1d6 points of elemental damage to weapon
Intuitive Sense																		TYPE:Ceremonial																																																																															PRETEMPLATE:1,Truename																																								DESC:Keep Dexterity bonus to AC when flat footed|!PREFEAT:1,Intuitive Sense Tier ~ 2
#Intuitive Sense Tier ~ 2		OUTPUTNAME:Intuitive Sense			TYPE:Ceremonial	PRETEMPLATE:1,Truename	PREFEAT:1,Intuitive Sense	PRELEVEL:18																																																																																																																																																														DESC:Can't be flanked
Iron Flesh												OUTPUTNAME:Iron Flesh				TYPE:Ceremonial																																																																															PRETEMPLATE:1,Truename																																			DEFINE:IronFleshBonus|0		DESC:+%1 natural armor bonus to AC|IronFleshBonus																																																																																															BONUS:COMBAT|AC|1|TYPE=NaturalArmor																								BONUS:VAR|IronFleshBonus|1
Iron Flesh ~ Tier 2										OUTPUTNAME:Iron Flesh				TYPE:Ceremonial																											PREFEAT:1,Iron Flesh					PRELEVEL:MIN=18																																																																																																																																																																																												BONUS:COMBAT|AC|2|TYPE=NaturalArmor																								BONUS:VAR|IronFleshBonus|1
Litorian Mage																		TYPE:Ceremonial																																						PREMULT:1,[PRESKILL:1,Knowledge (Litorian)=5],[PRERACE:1,Litorian]																														PRETEMPLATE:1,Truename																																								DESC:Special access to litorian spells; litorian template
Mighty Hurl																			TYPE:Ceremonial																																																																															PRETEMPLATE:1,Truename																																								DESC:Ignore first range increment with thrown weapon; +1 damage with thrown weapons
Mirror Sight																		TYPE:Ceremonial																			PRECLASS:1,SPELLCASTER=1																																																		PRESTAT:1,CHA=19				PRETEMPLATE:1,Truename																																								DESC:Use mirror to see other places
Opportunist																			TYPE:Ceremonial																																																																									PRESTAT:1,INT=15				PRETEMPLATE:1,Truename																																								DESC:Make attack of opportunity against foe another strikes
Peaceful Mage																		TYPE:Ceremonial																																																																									PRESTAT:1,WIS=13				PRETEMPLATE:1,Truename																																								DESC:+1 caster level to all spells that do not cause harm;subdual template
Power of the Name																		TYPE:Ceremonial																																																																									PRESTAT:1,INT=17				PRETEMPLATE:1,Truename																																								DESC:Use Truename to compel another's action
Priest																			TYPE:Ceremonial																																																																			PRESKILL:1,Knowledge (Religion)=1	PRESTAT:1,WIS=11				PRETEMPLATE:1,Truename																																								DESC:+2 bonus to Bluff, Diplomacy, Intimidate and Gather Information checks involving religion
Psion																				TYPE:Ceremonial																																																																									PRESTAT:1,INT=15				PRETEMPLATE:1,Truename																																								DESC:Special access to psionic spells; psionic template
Quicken Spell ~ MP										OUTPUTNAME:Quicken Spell			TYPE:Ceremonial																			PRECLASS:1,SPELLCASTER=10																																																		PRESTAT:1,INT=15				PRETEMPLATE:1,Truename																																								DESC:Three times per day cast spell much more quickly.
#Rapid Reload												TYPE:Ceremonial																	PREATT:3									PREFEAT:1,Weapon Focus																																											PRESTAT:1,DEX=15				PRETEMPLATE:1,Truename																																										DESC:Reload weapon faster or gain additional ranged attack once per day per level
Resistant Spell																		TYPE:Ceremonial																			PRECLASS:1,SPELLCASTER=7																																																		PRESTAT:1,INT=17				PRETEMPLATE:1,Truename																																								DESC:+2 bonus to DC to dispel spells
Ritual Combat																		TYPE:Ceremonial																																																																									PRESTAT:1,WIS=11				PRETEMPLATE:1,Truename																																								DESC:Use three 1st-rank combat rites per day
Runecaster																			TYPE:Ceremonial																																																																			PRESKILL:1,Knowledge (Runes)=1							PRETEMPLATE:1,Truename																																								DESC:Use Knowledge (runes) rather than Spellcraft; runic template
Sanctum																			TYPE:Ceremonial																																																																															PRETEMPLATE:1,Truename																																								DESC:+2 bonus to some skill checks made in sanctum; sanctum template
Sense the Unseen																		TYPE:Ceremonial																																																																															PRETEMPLATE:1,Truename																																								DESC:Reroll miss chances when attacking unseen foe
Sibeccai Mage																		TYPE:Ceremonial																																																																			PRESKILL:1,Knowledge (Sibeccai)=5							PRETEMPLATE:1,Truename																																								DESC:Special access to sibeccai spells; sibeccai template or must be a sibeccai
Skill Application																		TYPE:Ceremonial																																																																															PRETEMPLATE:1,Truename																																								DESC:+2 bonus to two related skills
Skill Mastery																		TYPE:Ceremonial																																			PRELEVEL:MIN=6																																										PRETEMPLATE:1,Truename																																								DESC:Take 10 on three skills despite circumstances
Slippery Mind																		TYPE:Ceremonial																																																																															PRETEMPLATE:1,Truename																																								DESC:Reroll saving throws against enchantments
Tattooed Spell																		TYPE:Ceremonial																																																																															PRETEMPLATE:1,Truename																																								DESC:Store spell in a tattoo																								STACK:YES	MULT:YES	CHOOSE:SPELLS|SPELLTYPE=Arcane,SPELLTYPE=Divine[KNOWN=YES]									SELECT:1
Title																				TYPE:Ceremonial																																			PRELEVEL:MIN=9																																										PRETEMPLATE:1,Truename																																								DESC:+1 inherent bonus to Charisma																																																																																																																												BONUS:STAT|CHA|1
Unraveling Mage																		TYPE:Ceremonial																			PRECLASS:1,SPELLCASTER=10																																																		PRESTAT:1,INT=17				PRETEMPLATE:1,Truename																																								DESC:+2 bonus to caster power checks when dispelling; unraveling template
Weapon Specialization				KEY:Weapon Specialization ~ AE									TYPE:Ceremonial																	PREATT:4									PREFEAT:1,Weapon Focus																																																	PRETEMPLATE:1,Truename																																								DESC:+2 bonus to damage rolls with one weapon																							MULT:YES	CHOOSE:WEAPONPROFICIENCY|FEAT=Weapon Focus											SELECT:1																																																																																							BONUS:WEAPONPROF=%LIST|DAMAGE|2
Wild Mage																			TYPE:Ceremonial																																																																															PRETEMPLATE:1,Truename																																								DESC:Target of spell must make two saves; wild template

Craft Charged Item																	TYPE:ItemCreation																			PRECLASS:1,SPELLCASTER=5																																																																																																			DESC:Create charged magic items
Craft Constant Item																	TYPE:ItemCreation																			PRECLASS:1,SPELLCASTER=12																																																																																																			DESC:Create constant magic items
Craft Single-Use Item																	TYPE:ItemCreation																			PRECLASS:1,SPELLCASTER=3																																																																																																			DESC:Create single-use magic items
Craft Spell-Completion Item																TYPE:ItemCreation																			PRECLASS:1,SPELLCASTER=1																																																																																																			DESC:Create spell-completion magic items

Affinity With Skill																	TYPE:Talent																																																																																				PRETEXT:Max Level 1																																				DESC:+4 bonus to one specific skill																									MULT:YES	CHOOSE:SKILL|TYPE=Charisma|TYPE=Constitution|TYPE=Dexterity|TYPE=Intelligence|TYPE=Strength|TYPE=Wisdom	SELECT:1																																																																			BONUS:SKILL|LIST|4
Ambidexterity																		TYPE:Talent																																																																										PRESTAT:1,DEX=15								PRETEXT:Max Level 1																																				DESC:Ignore off-hand penalties
Born Hero																			TYPE:Talent																																																																																				PRETEXT:Max Level 1																																				DESC:Extra hero points
Born Leader																			TYPE:Talent																																																																																				PRETEXT:Max Level 1																																				DESC:+4 bonus to Diplomacy checks; +1 to compulsion DCs
Defensive																			TYPE:Talent																																																																																				PRETEXT:Max Level 1																																				DESC:+1 dodge bonus to AC, ?1 to all attacks
Eidetic Memory																		TYPE:Talent																																																																																				PRETEXT:Max Level 1																																				DESC:+1 bonus to all Knowledge skills; +4 to Intelligence checks																																																																																																												BONUS:SKILL|TYPE.Knowledge|1
Elemental Resistance																	TYPE:Talent																																																																																				PRETEXT:Max Level 1																																				DESC:Resistance 5 versus one element
Energy Resistance																		TYPE:Talent																																																																																				PRETEXT:Max Level 1																																				DESC:Resistance 5 versus one energy type
Fast Healer																			TYPE:Talent																																																																																				PRETEXT:Max Level 1																																				DESC:Heal naturally 1.5 times faster than normal
Light Sleeper																		TYPE:Talent																																																																																				PRETEXT:Max Level 1																																				DESC:Make Listen checks while asleep as if awake
Natural Archer																		TYPE:Talent																																																																																				PRETEXT:Max Level 1																																				DESC:+1 attack bonus with bows, +1 AC bonus against bows
Natural Swordsman																		TYPE:Talent																																																																																				PRETEXT:Max Level 1																																				DESC:+1 attack bonus with swords, +1 AC bonus against swords
Night Owl																			TYPE:Talent																																																																																				PRETEXT:Max Level 1																																				DESC:+1 bonus to attacks, saves, and checks at night
Resistance to Disease																	TYPE:Talent																																																																																				PRETEXT:Max Level 1																																				DESC:+4 bonus to saves against disease
Resistance to Magic																	TYPE:Talent																																																																																				PRETEXT:Max Level 1																																				DESC:+1 bonus to saves against magic
Resistance to Poison																	TYPE:Talent																																																																																				PRETEXT:Max Level 1																																				DESC:+4 bonus to saves against poison
Sensitive						KEY:Sensitive ~ AE											TYPE:Talent																																																																																				PRETEXT:Max Level 1																																				DESC:50%% chance to sense magic
Signature Spell																		TYPE:Talent																																							PREMULT:2,[PRETEXT:Max Level 1],[PRECLASS:1,SPELLCASTER=1]																																																																											DESC:Cast one spell as if two levels higher than normal
Spell Affinity																		TYPE:Talent																																							PREMULT:2,[PRETEXT:Max Level 1],[PRECLASS:1,SPELLCASTER=1]																																																																											DESC:One spell becomes one level lower
Spell Artist																		TYPE:Talent																																							PREMULT:2,[PRETEXT:Max Level 1],[PRECLASS:1,SPELLCASTER=1]																																																																											DESC:Spells difficult to identify or counterspell
Unique Spell																		TYPE:Talent																																							PREMULT:2,[PRETEXT:Max Level 1],[PRECLASS:1,SPELLCASTER=1]																																																																											DESC:Develop a new spell
The Voice																			TYPE:Talent																																																																																				PRETEXT:Max Level 1																																				DESC:+1 bonus to Bluff, Diplomacy, Gather Information checks; +2 bonus to Perform (storytelling) checks
Way With Animals																		TYPE:Talent																																																																																				PRETEXT:Max Level 1																																				DESC:Apply Charisma skills to animals
Wealthy																			TYPE:Talent																																																																																				PRETEXT:Max Level 1																																				DESC:Start with double maximum starting cash

###
Armor Proficiency (Heavy).MOD																TYPE:Mage Blade
Armor Proficiency (Medium).MOD															TYPE:Mage Blade
Bloody Strike.MOD																		TYPE:Mage Blade
Bonded Item.MOD																		TYPE:Mage Blade
Combat Reflexes.MOD																	TYPE:Mage Blade
Complex Spell.MOD																		TYPE:Mage Blade
Defensive Move.MOD																	TYPE:Mage Blade
Mobility.MOD																		TYPE:Mage Blade
Defensive Stance ~ Malhavoc.MOD															TYPE:Mage Blade
Unarmed Strike (Defensive).MOD															TYPE:Mage Blade
Expertise.MOD																		TYPE:Mage Blade
Improved Disarm.MOD																	TYPE:Mage Blade
Improved Trip.MOD																		TYPE:Mage Blade
Armor Proficiency (Exotic).MOD															TYPE:Mage Blade
Exotic Weapon Proficiency.MOD																TYPE:Mage Blade
Exotic Spell.MOD																		TYPE:Mage Blade
Hunter Mage.MOD																		TYPE:Mage Blade
Improved Critical.MOD																	TYPE:Mage Blade
Improved Initiative.MOD																	TYPE:Mage Blade
Modify Spell.MOD																		TYPE:Mage Blade
Point Blank Shot.MOD																	TYPE:Mage Blade
Far Shot.MOD																		TYPE:Mage Blade
Precise Shot.MOD																		TYPE:Mage Blade
Shot on the Run.MOD																	TYPE:Mage Blade
Psion.MOD																			TYPE:Mage Blade
Quick Draw.MOD																		TYPE:Mage Blade
Rapid Strike.MOD																		TYPE:Mage Blade
Stunning Blow.MOD																		TYPE:Mage Blade
Two Weapon Fighting.MOD																	TYPE:Mage Blade
Weapon Finesse.MOD																	TYPE:Mage Blade
Weapon Focus.MOD																		TYPE:Mage Blade


#Version 2
# CVS $Revision: $ $Author: $ -- Wed Mar 20 16:10:53 2013 -- reformated by prettylst.pl v1.39 (build 15052)
SOURCELONG:Arcana Evolved	SOURCESHORT:AE


##ARCANA TRANSCENDENCE - FEATS LIMITED
# Feat Name				Output Name						Type					Visible	Req. Att.	Required Class						Required Feat						Required Lvl	Multiple Requirements											Required Race					Req. Special Ability		Minimum Size	Required Skill				Required Stat				Required Template		Required Text								Special ABility																																							Description																											Stackable?	Multiple?	Choose																																			Selections	Template		Automatically Gained Armor Prof.	Automatically Gained Feat	Combat bonus			Bonus to DC			Add to base move							Bonus to skill									Stat bonus		Weapon prof. bonus			Temporary effect description		List of Class Spells by Level
Arcane Strike										TYPE:Mage Blade			VISIBLE:NO			PRECLASS:1,Mage Blade=1																																																																							SAB:Damage a foe's SR with athame.																																				DESC:Damage a foe's SR with athame.
Athame Retort										TYPE:Mage Blade							PRECLASS:1,Mage Blade=10																																				PRESA:1,Athame Defense																																																																								DESC:An athame strikes those who take attacks of class ability, Combat Reflexes opportunity against you.
Born to the Blade										TYPE:Mage Blade.Talent						PRECLASS:1,Mage Blade=1																																																													PRETEXT:Max Level 1																																																DESC:Gain a +2 bonus on initiative and +1 bonus on save DCs.																																																																										BONUS:COMBAT|INITIATIVE|2	BONUS:DC|ALLSPELLS|1
Improved Athame Defense									TYPE:Mage Blade							PRECLASS:1,Mage Blade=1																																					PRESA:1,Athame Defense																																																																								DESC:Cast without provoking attacks of opportunity while using athame.
Improved Spell Parry									TYPE:Mage Blade							PRECLASS:1,Mage Blade=1																																					PRESA:1,Spell Parry																																																																								DESC:Deflect a parried spell to hit your foe.
Improved Sprightly Step									TYPE:Mage Blade							PRECLASS:1,Mage Blade=1																																					PRESA:1,Sprightly Step																																																																								DESC:Use abilities that function in no armor or light armor in medium armor.
Mage Blade Strike										TYPE:Mage Blade.Ceremonial					PRECLASS:1,Mage Blade=1																																																																																																																DESC:Store a spell within your athame.
Mage Blade's Torrent									TYPE:Mage Blade.Ceremonial					PRECLASS:1,Mage Blade=1,SPELLCASTER=10		PREFEAT:1,Mage Blade Strike																																																																																																							DESC:Replace one attack with a spell.
Searing Shield										TYPE:Mage Blade.Ceremonial					PRECLASS:1,Mage Blade=1																																					PRESA:1,Shimmering Shield																																																																							DESC:A shimmering shield damages foes.
Superior Athame Defense									TYPE:Mage Blade							PRECLASS:1,Mage Blade=1					PREFEAT:1,Improved Athame Defense																																																																																																						DESC:You cannot be flanked while holding your athame.

###ARCANA EVOLVED
#NAME							TYPE:			PRE
Ability Focus										TYPE:General																																																																							PRETEXT:Special ability that requires a saving throw																																											DESC:+2 to the DC for saves against focused ability
Aid Spellcasting										TYPE:General							PRECLASS:1,SPELLCASTER=1																																																		PRESTAT:2,INT=15,CHA=15																																																										DESC:Add +1 bonus to ally's spell DC or caster level																																																																																																																		TEMPDESC:Ability to cast spells
Armor Proficiency (Exotic)								TYPE:General																										PREMULT:1,[PREPROFWITHARMOR:1,TYPE.Heavy],[PREFEAT:1,Armor Proficiency (Heavy)]																																																																																			DESC:No armor check penalty on attack rolls																																																																		AUTO:ARMORPROF|ARMORTYPE=Exotic
#	Heavy
#	Light
#	Med
Bite												TYPE:General																																								PRERACE:1,Dracha,Litorian,Mojh,Sibeccai																																																																												DESC:Use bite as a weapon
Bloody Strike										TYPE:General					PREATT:5																																																																																																																				DESC:Foe loses 1 hp per round
#	Cleave
#	Combat Reflexes
Compensate for Size									TYPE:General																																																													PRESTAT:1,DEX=13																																																											DESC:+1 to AC and attack rolls against larger foes
Complex Spell										TYPE:General							PRECLASS:1,SPELLCASTER=1																																												PRESKILL:1,Spellcraft=4			PRESTAT:1,INT=11																																																											DESC:Caster can ready complex spells of one spell level																			STACK:NO	MULT:YES	CHOOSE:FEATSELECTION|Complex Level 0|Complex Level 1|Complex Level 10|Complex Level 2|Complex Level 3|Complex Level 4|Complex Level 5|Complex Level 6|Complex Level 7|Complex Level 8|Complex Level 9|TITLE=Add a Feat												AUTO:FEAT|%LIST
Conjure Mastery										TYPE:General							PRECLASS:1,SPELLCASTER=7																																																		PRESTAT:1,CHA=17																																																											DESC:Summoned creatures gain +2 bonus to Strength, Dexterity, and Constitution
Defensive Move										TYPE:General																																																													PRESTAT:1,DEX=13																																																											DESC:+4 Dodge bonus to AC against ranged attacks
Defensive Stance ~ Malhavoc	OUTPUTNAME:Defensive Stance			TYPE:General																																																													PRESTAT:1,DEX=13																																																											DESC:+1 dodge bonus to AC against melee attacks
Empower Spell-Like Ability								TYPE:General																																																																							PRETEXT:Spell-like ability at caster level 6th or higher																																										DESC:Use one ability as an empowered spell-like ability three times per day
Exotic Spell										TYPE:General							PRECLASS:1,SPELLCASTER=1																																																																																																															DESC:Caster can ready one exotic spell
Expertise											TYPE:General																																																													PRESTAT:1,INT=13																																																											DESC:Trade attack bonus for AC (maximum 5 points)
#	Far Shot
First Strike										TYPE:General																																																													PRESTAT:1,DEX=13																																																											DESC:+1d6 damage bonus against flat-footed foes
Flail Defense										TYPE:General																																																													PRESTAT:1,DEX=13																																																											DESC:Negate parry penalty and gain +1 parry bonus to AC Improved Bull Rush General Strength 13, Power Attack +4 bonus on bull rush attempts; no attack of opportunity
#	Flyby Attack
#	Great Fortitude
#	Improved Bull Rush
#	Improved Critical
Improved Disarm										TYPE:General															PREFEAT:1,Expertise																																											PRESTAT:1,INT=13																																																											DESC:+4 bonus on disarm attempts; no attack of opportunity
#	Improved Initiative
#	Improved Sunder
Improved Trip										TYPE:General															PREFEAT:1,Expertise																																											PRESTAT:1,INT=13																																																											DESC:+4 bonus on trip attempts; no attack of opportunity
#	Iron Will
#	Lightning Reflexes
Low Blow											TYPE:General					PREATT:3																																																																																																																				DESC:Foe dazed 1 round
#	Mobility
Modify Combat Style									TYPE:General					PREATT:7																																																																																																																				DESC:+2 competence bonus to attack rolls against one foe
Modify Spell										TYPE:General.Metamagic						PRECLASS:1,SPELLCASTER=1																																																																																																															DESC:Laden spell has additional power
#	Mounted Archery
#	Mounted Combat
Paralyzing Blow										TYPE:General					PREATT:15																																																																																																																				DESC:Foe paralyzed for 1 round
#	Point Blank Shot
#	Power Attack
Power Charge										TYPE:General															PREFEAT:1,Power Attack																																											PRESTAT:1,STR=13																																																											DESC:Inflict double damage on a charge attack
#	Precise Shot
#	Quick Draw
#	Quicken Spell-Like Ability
Rapid Strike										TYPE:General					PREATT:3									PREFEAT:1,Weapon Focus																																											PRESTAT:1,DEX=15																																																											DESC:With your chosen weapon, as part of a Full Attack, you may make one extra melee attack at Half your base attack bonus once per day per level.
#	Ride-By Attack
#	Shield Proficiency
#	Shield Specialization
#	Shot on the Run
#	Skill Focus
Speed Burst											TYPE:General																																																																																																																										DESC:Extra move action once per day per two levels
Stomp												TYPE:General																																																				PRESIZEGTEQ:L							PRESTAT:1,STR=19																																																											DESC:Smaller characters within 10 feet fall prone
Stunning Blow										TYPE:General					PREATT:6																																																																																																																				DESC:Foe is stunned for 1 round
Sturdy											TYPE:General																																																																																																																										DESC:Doubles Constitution bonus to hp for one level
Tough Hide											TYPE:General																																																																							PRETEXT:Must have a natural armor class at least one.																																											DESC:Natural armor improves by +1 bonus
#	Track
Trample											TYPE:General																																																																							PRETEXT:Either Mounted Combat or at least size Large																																											DESC:Opponent cannot attempt to avoid overrun
#	Two-Weapon Defense
Two-Weapon Fighting
Two-Weapon Fighting (Massive)								TYPE:General					PREATT:7									PREFEAT:1,Two-Weapon Fighting																																										PRESTAT:1,STR=17																																																											DESC:Use any one-handed weapon as off-hand weapon
Unarmed Strike (Defensive)	OUTPUTNAME:Unarmed Strike, Defensive	TYPE:General																																																																																																																										DESC:Unarmed character is considered armed; -2 penalty to attack rolls, +2 dodge bonus to AC
Unarmed Strike (Mighty)		OUTPUTNAME:Unarmed Strike, Mighty		TYPE:General																																																																																																																										DESC:Unarmed character is considered armed; -2 penalty to AC, +2 bonus to damage
#	Weapon Finesse
#	Weapon Focus
#	Weapon Proficiency, Exotic
#	Weapon Proficiency, Martial
#	Weapon Proficiency, Simple

Attune to Magic Item									TYPE:Ceremonial																																																													PRESTAT:1,WIS=13				PRETEMPLATE:1,Truename																																																				DESC:Learn function of magic item
Battle Mage											TYPE:Ceremonial																																																																			PRETEMPLATE:1,Truename																																																				DESC:+2 bonus to casting defensively; war template
Blessed Mage										TYPE:Ceremonial																																																																			PRETEMPLATE:1,Truename																																																				DESC:Cure spells +1 caster level; blessed template
Blood as Power										TYPE:Ceremonial							PRECLASS:1,SPELLCASTER=1																																																		PRESTAT:1,WIS=17				PRETEMPLATE:1,Truename																																																				DESC:Three times per day, caster can spend 6 hp per spell level to cast spell
Bonded Item											TYPE:Ceremonial																																																																			PRETEMPLATE:1,Truename																																																				DESC:+1 on attempt to use one specific item
Brandish Magical Might									TYPE:Ceremonial							PRECLASS:1,SPELLCASTER=3,Psychic=3,Psion=3																																															PRESTAT:1,CHA=17,INT=17,WIS=17	PRETEMPLATE:1,Truename																																																				DESC:Add ability score bonus to spell resistance checks
Chi-Julud											TYPE:Ceremonial																																								PRERACE:1,Giant																			PRESTAT:2,WIS=13,CHA=13			PRETEMPLATE:1,Truename																																																				DESC:Wisdom modifier adds to Strength, Charisma modifier adds to Constitution
Corrupt Mage										TYPE:Ceremonial																																																																			PRETEMPLATE:1,Truename																																																				DESC:Special access to negative energy spells; corrupt template
Creator Mage										TYPE:Ceremonial							PRECLASS:1,SPELLCASTER=9																																																		PRESTAT:1,INT=17				PRETEMPLATE:1,Truename																																																				DESC:Permanency or programmed template
Crippling Strike										TYPE:Ceremonial																																															PRESA:1,Sneak Attack											PRESTAT:1,INT=17				PRETEMPLATE:1,Truename																																																				DESC:Deal 1 point of Strength damage with sneak attack
Defensive Roll										TYPE:Ceremonial																																																													PRESTAT:1,WIS=13				PRETEMPLATE:1,Truename																																																				DESC:Avoid being reduced to 0 hp or below once per day
Dragon Mage											TYPE:Ceremonial																										PREMULT:1,[PRESKILL:1,Knowledge (Dragon)=5],[PRERACE:1,Dragon]																															PRETEMPLATE:1,Truename																																																				DESC:Special access to dragon spells; dragon template
Eldritch Training										TYPE:Ceremonial																																																													PRESTAT:1,INT=15				PRETEMPLATE:1,Truename																																																				DESC:+1 bonus to Spellcraft and Knowledge (magic) checks; eldritch template																																																										TEMPLATE:Eldritch																														BONUS:SKILL|Spellcraft,Knowledge (Magic),Knowledge (Arcana)|1
Elemental Mage										TYPE:Ceremonial																																																																			PRETEMPLATE:1,Truename																																																				DESC:Special access to spells of one element;elemental template
Energy Mage											TYPE:Ceremonial																																																																			PRETEMPLATE:1,Truename																																																				DESC:Special access to spells of one energy;energy template
Fey Mage											TYPE:Ceremonial																																																							PRESKILL:1,Knowledge (Faen)=5								PRETEMPLATE:1,Truename																																																				DESC:Special access to faen spells; faen template or must be a faen
Fleet of Foot - Malhavoc	OUTPUTNAME:Fleet of Foot			TYPE:Ceremonial																																																																			PRETEMPLATE:1,Truename																																																				DESC:+10 feet bonus to ground speed																																																																																								BONUS:MOVEADD|TYPE.Walk|10
Focused Healing										TYPE:Ceremonial																																																													PRESTAT:1,WIS=11				PRETEMPLATE:1,Truename																																																				DESC:Heal self 2 hp per level once per day
Giantish Mage										TYPE:Ceremonial																										PREMULT:1,[PRESKILL:1,Knowledge (Giant)=5],[PRERACE:1,Giant]																															PRETEMPLATE:1,Truename																																																				DESC:Special access to giant spells; giant template
Hands as Weapons										TYPE:Ceremonial																																																																			PRETEMPLATE:1,Truename																																																				DESC:Hands can hold magical weapon abilities
Hunter Mage											TYPE:Ceremonial																																																																			PRETEMPLATE:1,Truename																																																				DESC:+2 bonus to Survival checks and +1 damage rolls against enemy; enemy bane template
Infuse Weapon										TYPE:Ceremonial					PREATT:4									PREFEAT:2,Weapon Focus,Weapon Specialization																																													PRETEMPLATE:1,Truename																																																				DESC:Grant +1d6 points of elemental damage to weapon
Intuitive Sense										TYPE:Ceremonial																																																																			PRETEMPLATE:1,Truename																																																				DESC:Keep Dexterity bonus to AC when flat footed
#Intuitive Sense Tier:2		OUTPUTNAME:Intuitive Sense	TYPE:Ceremonial	PRETEMPLATE:1,Truename	PREFEAT:1,Intuitive Sense	PRELEVEL:??
Iron Flesh											TYPE:Ceremonial																																																																			PRETEMPLATE:1,Truename																																																				DESC:+1 natural armor bonus to AC
Litorian Mage										TYPE:Ceremonial																										PREMULT:1,[PRESKILL:1,Knowledge (Litorian)=5],[PRERACE:1,Litorian]																														PRETEMPLATE:1,Truename																																																				DESC:Special access to litorian spells; litorian template
Mighty Hurl											TYPE:Ceremonial																																																																			PRETEMPLATE:1,Truename																																																				DESC:Ignore first range increment with thrown weapon; +1 damage with thrown weapons
Mirror Sight										TYPE:Ceremonial							PRECLASS:1,SPELLCASTER=1																																																		PRESTAT:1,CHA=19				PRETEMPLATE:1,Truename																																																				DESC:Use mirror to see other places
Opportunist											TYPE:Ceremonial																																																													PRESTAT:1,INT=15				PRETEMPLATE:1,Truename																																																				DESC:Make attack of opportunity against foe another strikes
Peaceful Mage										TYPE:Ceremonial																																																													PRESTAT:1,WIS=13				PRETEMPLATE:1,Truename																																																				DESC:+1 caster level to all spells that do not cause harm;subdual template
Power of the Name										TYPE:Ceremonial																																																													PRESTAT:1,INT=17				PRETEMPLATE:1,Truename																																																				DESC:Use Truename to compel another's action
Priest											TYPE:Ceremonial																																																							PRESKILL:1,Knowledge (Religion)=1	PRESTAT:1,WIS=11				PRETEMPLATE:1,Truename																																																				DESC:+2 bonus to Bluff, Diplomacy, Intimidate and Gather Information checks involving religion
Psion												TYPE:Ceremonial																																																													PRESTAT:1,INT=15				PRETEMPLATE:1,Truename																																																				DESC:Special access to psionic spells; psionic template
Quicken Spell ~ MP		OUTPUTNAME:Quicken Spell			TYPE:Ceremonial							PRECLASS:1,SPELLCASTER=10																																																		PRESTAT:1,INT=15				PRETEMPLATE:1,Truename																																																				DESC:Three times per day cast spell much more quickly.
Rapid Reload										TYPE:Ceremonial					PREATT:3									PREFEAT:1,Weapon Focus																																											PRESTAT:1,DEX=15				PRETEMPLATE:1,Truename																																																				DESC:Reload weapon faster or gain additional ranged attack once per day per level
Resistant Spell										TYPE:Ceremonial							PRECLASS:1,SPELLCASTER=7																																																		PRESTAT:1,INT=17				PRETEMPLATE:1,Truename																																																				DESC:+2 bonus to DC to dispel spells
Ritual Combat										TYPE:Ceremonial																																																													PRESTAT:1,WIS=11				PRETEMPLATE:1,Truename																																																				DESC:Use three 1st-rank combat rites per day
Runecaster											TYPE:Ceremonial																																																							PRESKILL:1,Knowledge (Runes)=1							PRETEMPLATE:1,Truename																																																				DESC:Use Knowledge (runes) rather than Spellcraft;runic template
Sanctum											TYPE:Ceremonial																																																																			PRETEMPLATE:1,Truename																																																				DESC:+2 bonus to some skill checks made in sanctum;sanctum template
Sense the Unseen										TYPE:Ceremonial																																																																			PRETEMPLATE:1,Truename																																																				DESC:Reroll miss chances when attacking unseen foe
Sibeccai Mage										TYPE:Ceremonial																																																							PRESKILL:1,Knowledge (Sibeccai)=5							PRETEMPLATE:1,Truename																																																				DESC:Special access to sibeccai spells; sibeccai template or must be a sibeccai
Skill Application										TYPE:Ceremonial																																																																			PRETEMPLATE:1,Truename																																																				DESC:+2 bonus to two related skills
Skill Mastery										TYPE:Ceremonial																							PRELEVEL:MIN=6																																										PRETEMPLATE:1,Truename																																																				DESC:Take 10 on three skills despite circumstances
Slippery Mind										TYPE:Ceremonial																																																																			PRETEMPLATE:1,Truename																																																				DESC:Reroll saving throws against enchantments
Tattooed Spell										TYPE:Ceremonial							PRECLASS:1,Wizard=1																																																									PRETEMPLATE:1,Truename																																																				DESC:Store spell in a tattoo																								STACK:YES	MULT:YES	CHOOSE:SPELLS|CLASSLIST=Wizard[KNOWN=YES]																														SELECT:INT
#	CHOOSE:SPELLLEVEL|TYPE=Arcane|0|MAXLEVEL|TYPE=Divine|0|MAXLEVEL		option 2	CHOOSE:SPELLLEVEL|2|CLASS=Wizard|0|MAXLEVEL|TYPE=Divine|0|MAXLEVEL	CHOOSE:SPELLLEVEL|TYPE=Arcane|0|MAXLEVEL|TYPE=Divine|0|MAXLEVEL
Title												TYPE:Ceremonial																							PRELEVEL:MIN=9																																										PRETEMPLATE:1,Truename																																																				DESC:+1 inherent bonus to Charisma																																																																																																												BONUS:STAT|CHA|1
Unraveling Mage										TYPE:Ceremonial							PRECLASS:1,SPELLCASTER=10																																																		PRESTAT:1,INT=17				PRETEMPLATE:1,Truename																																																				DESC:+2 bonus to caster power checks when dispelling; unraveling template
Weapon Specialization									TYPE:Ceremonial					PREATT:4									PREFEAT:1,Weapon Focus																																																	PRETEMPLATE:1,Truename																																																				DESC:+2 bonus to damage rolls with one weapon																							MULT:YES	CHOOSE:WEAPONPROFICIENCY|FEAT=Weapon Focus																																																																													BONUS:WEAPONPROF=%LIST|DAMAGE|2
Wild Mage											TYPE:Ceremonial																																																																			PRETEMPLATE:1,Truename																																																				DESC:Target of spell must make two saves; wild template

Craft Charged Item									TYPE:ItemCreation							PRECLASS:1,SPELLCASTER=5																																																																																																															DESC:Create charged magic items
Craft Constant Item									TYPE:ItemCreation							PRECLASS:1,SPELLCASTER=12																																																																																																															DESC:Create constant magic items
Craft Single-Use Item									TYPE:ItemCreation							PRECLASS:1,SPELLCASTER=3																																																																																																															DESC:Create single-use magic items
Craft Spell-Completion Item								TYPE:ItemCreation							PRECLASS:1,SPELLCASTER=1																																																																																																															DESC:Create spell-completion magic items

Affinity With Skill									TYPE:Talent																																																																								PRETEXT:Max Level 1																																																DESC:+4 bonus to one specific skill																									MULT:YES	CHOOSE:SKILL|TYPE=Charisma|TYPE=Constitution|TYPE=Dexterity|TYPE=Intelligence|TYPE=Strength|TYPE=Wisdom																																																					BONUS:SKILL|LIST|4
Ambidexterity										TYPE:Talent																																																														PRESTAT:1,DEX=15								PRETEXT:Max Level 1																																																DESC:Ignore off-hand penalties
Born Hero											TYPE:Talent																																																																								PRETEXT:Max Level 1																																																DESC:Extra hero points
Born Leader											TYPE:Talent																																																																								PRETEXT:Max Level 1																																																DESC:+4 bonus to Diplomacy checks; +1 to compulsion DCs
Defensive											TYPE:Talent																																																																								PRETEXT:Max Level 1																																																DESC:+1 dodge bonus to AC, -1 to all attacks
Eidetic Memory										TYPE:Talent																																																																								PRETEXT:Max Level 1																																																DESC:+1 bonus to all Knowledge skills; +4 to Intelligence checks
Elemental Resistance									TYPE:Talent																																																																								PRETEXT:Max Level 1																																																DESC:Resistance 5 versus one element
Energy Resistance										TYPE:Talent																																																																								PRETEXT:Max Level 1																																																DESC:Resistance 5 versus one energy type
Fast Healer											TYPE:Talent																																																																								PRETEXT:Max Level 1																																																DESC:Heal naturally 1.5 times faster than normal
Light Sleeper										TYPE:Talent																																																																								PRETEXT:Max Level 1																																																DESC:Make Listen checks while asleep as if awake
Natural Archer										TYPE:Talent																																																																								PRETEXT:Max Level 1																																																DESC:+1 attack bonus with bows, +1 AC bonus against bows
Natural Swordsman										TYPE:Talent																																																																								PRETEXT:Max Level 1																																																DESC:+1 attack bonus with swords, +1 AC bonus against swords
Night Owl											TYPE:Talent																																																																								PRETEXT:Max Level 1																																																DESC:+1 bonus to attacks, saves, and checks at night
Resistance to Disease									TYPE:Talent																																																																								PRETEXT:Max Level 1																																																DESC:+4 bonus to saves against disease
Resistance to Magic									TYPE:Talent																																																																								PRETEXT:Max Level 1																																																DESC:+1 bonus to saves against magic
Resistance to Poison									TYPE:Talent																																																																								PRETEXT:Max Level 1																																																DESC:+4 bonus to saves against poison
Sensitive											TYPE:Talent																																																																								PRETEXT:Max Level 1																																																DESC:50%% chance to sense magic
Signature Spell										TYPE:Talent																											PREMULT:2,[PRETEXT:Max Level 1],[PRECLASS:1,SPELLCASTER=1]																																																																																							DESC:Cast one spell as if two levels higher than normal
Spell Affinity										TYPE:Talent																											PREMULT:2,[PRETEXT:Max Level 1],[PRECLASS:1,SPELLCASTER=1]																																																																																							DESC:One spell becomes one level lower
Spell Artist										TYPE:Talent																											PREMULT:2,[PRETEXT:Max Level 1],[PRECLASS:1,SPELLCASTER=1]																																																																																							DESC:Spells difficult to identify or counterspell
Unique Spell										TYPE:Talent																											PREMULT:2,[PRETEXT:Max Level 1],[PRECLASS:1,SPELLCASTER=1]																																																																																							DESC:Develop a new spell
The Voice											TYPE:Talent																																																																								PRETEXT:Max Level 1																																																DESC:+1 bonus to Bluff, Diplomacy, Gather Information checks; +2 bonus to Perform (storytelling) checks
Way With Animals										TYPE:Talent																																																																								PRETEXT:Max Level 1																																																DESC:Apply Charisma skills to animals
Wealthy											TYPE:Talent																																																																								PRETEXT:Max Level 1																																																DESC:Start with double maximum starting cash

###HIDDEN:

##Mage Blade Class Abilities
Sprightly Step										TYPE:ClassAbility			VISIBLE:NO																																																																													SAB:Sprightly Step (Ex): Gains proficiency with medium armor and retains a normal movement rate.																																																																																																																						BONUS:MOVEADD|TYPE.Walk|10|PREARMORTYPE:1,TYPE.Medium
Shimmering Shield										TYPE:ClassAbility			VISIBLE:NO																																																																													SAB:Shimmering Shield (Sp): Call a shimmering aura that grants a +2 deflection bonus to Armor Class per four class levels. Standard action, lasts 1 round/level.
Slice through Wardings									TYPE:ClassAbility			VISIBLE:NO																																																																													SAB:Slice Through Wardings (Su): Once per day per class level, the mage blade can ignore all magic-based protections (Armor Class bonuses, defensive field, and so on) on a foe in a single attack with the athame. (Must declare use before attack).
Familiarity with Magic									TYPE:ClassAbility			VISIBLE:NO																																																																													SAB:Familiarity With Magic (Ex): Gain +2 competence bonus to all saving throws against spells and spell-like abilities (including magic items). Further gain a +2 competence bonus to Armor Class against spells requiring attack rolls.
Spell Parry											TYPE:ClassAbility			VISIBLE:NO																																																																													SAB:Spell Parry (Su):Gain the ability to parry spells.

###Complex Spell - Addon
Complex Level 0																																																																																																																																																																																																																																																																						SPELLLEVEL:CLASS|SPELLCASTER.Arcane=0|Appropriate Size ~ MP,Detect Creature ~ MP,Disorient ~ MP,Door Warning ~ MP,Telekinesis ~ MP (Lesser),Touch of Nausea ~ MP
Complex Level 1																																																																																																																																																																																																																																																																						SPELLLEVEL:CLASS|SPELLCASTER.Arcane=1|Cold Blast ~ MP,Conjure Energy Creature I ~ MP,Creature Loresight ~ MP,Directed Charm ~ MP,Distraction ~ MP,Familiarity of Place ~ MP (Lesser),Fireburst ~ MP,Harden ~ MP,Illusory Creature ~ MP (Lesser),Magic Armor ~ MP,Magic Weapon ~ MP,Object Loresight ~ MP,Open Lock ~ MP,Protect Staff ~ MP,Shock ~ MP,Stone Blast ~ MP,Touch of Disruption ~ MP,Touch of Pain ~ MP,Water Roil ~ MP,Wind Churn ~ MP
Complex Level 2																																																																																																																																																																																																																																																																						SPELLLEVEL:CLASS|SPELLCASTER.Arcane=2|Boil ~ MP,Bypass Ward ~ MP,Conjure Energy Creature II ~ MP,Drain Away Speed ~ MP (Lesser),Earth Burst ~ MP,Eldritch Web ~ MP,Energy Blade ~ MP,Enhance Magical Flow ~ MP (Lesser),Greenspy ~ MP,Location Loresight ~ MP,Magnetism ~ MP,Mark Allies ~ MP,Read Mind ~ MP,Scream ~ MP,Shield Companion ~ MP,Silent Sheath ~ MP,Staff Focus ~ MP,Wolf Form ~ MP
Complex Level 3																																																																																																																																																																																																																																																																						SPELLLEVEL:CLASS|SPELLCASTER.Arcane=3|Acid Pit ~ MP,Arrow Reflection ~ MP,Attack From Within ~ MP (Elemental),Blast of Castigation ~ MP,Carnivorous Plant Defense ~ MP,Clairaudience/Clairvoyance ~ MP,Clinging Shadows ~ MP,Conjure Energy Creature III ~ MP,Dispel Magic ~ MP,Eldritch Wall ~ MP (Lesser),Flight ~ MP,Focused Power ~ MP,Illusory Creature ~ MP (Greater),Invisibility ~ MP,Invisibility Prohibition ~ MP,Lion's Form ~ MP,Locate Object ~ MP,Magic Circle ~ MP,Remove Disease ~ MP,Sanction Staff ~ MP,Sorcerous Blast ~ MP,Steal Health ~ MP,Suggestion ~ MP,Tracer ~ MP,Unknown ~ MP
Complex Level 4																																																																																																																																																																																																																																																																						SPELLLEVEL:CLASS|SPELLCASTER.Arcane=4|Attack From Within ~ MP (Energy),Bind With Plants ~ MP,Call Radont ~ MP,Chains of Vengeance ~ MP,Conjure Energy Creature IV ~ MP,Detect Scrying ~ MP,Dimensional Door ~ MP,Elemental Trap ~ MP,Enhance Magical Flow ~ MP (Greater),Locate Creature ~ MP,Modify Memory ~ MP,Neutralize Poison ~ MP,Protection From Energy ~ MP,Resilient Sphere ~ MP (Lesser),Stone Arm ~ MP,Stone Leg ~ MP,Telekinesis ~ MP (Greater),Touch of the Harrid ~ MP
Complex Level 5																																																																																																																																																																																																																																																																						SPELLLEVEL:CLASS|SPELLCASTER.Arcane=5|Control Undead ~ MP,Defensive Field ~ MP,Drain Away Speed ~ MP (Greater),Eldritch Wall ~ MP (Greater),Gird the Warrior ~ MP,Massive Sword ~ MP,Remove Malady ~ MP,Restoration ~ MP,Scrying ~ MP,Sealed Door ~ MP (Greater),Teleport ~ MP,Wall of Iron ~ MP,Wall of Thorns ~ MP
Complex Level 6																																																																																																																																																																																																																																																																						SPELLLEVEL:CLASS|SPELLCASTER.Arcane=6|Animate the Dead ~ MP (Greater),Bloodblade ~ MP,Conjure Energy Creature VI ~ MP,Discorporate ~ MP,Freeze ~ MP,Resilient Sphere ~ MP (Greater),Rouse Undead Spirit ~ MP,Security ~ MP,Shaped Strike ~ MP,Shape Element ~ MP,Stimulate ~ MP,Transform Into Plant ~ MP,Vitrification ~ MP
Complex Level 7																																																																																																																																																																																																																																																																						SPELLLEVEL:CLASS|SPELLCASTER.Arcane=7|Burning Thorns ~ MP,Call Undead ~ MP,Caustic Burst ~ MP,Conjure Energy Creature VII ~ MP,Control Weather ~ MP,Extend Life ~ MP,Incorporeal Form ~ MP,Null Magic Zone ~ MP,Phase Door ~ MP,Raise the Dead ~ MP (Lesser),Ride the Lightning ~ MP,Spellmaster ~ MP,Spell Turning ~ MP
Complex Level 8																																																																																																																																																																																																																																																																						SPELLLEVEL:CLASS|SPELLCASTER.Arcane=8|Call Outside ~ MP,Conjure Energy Creature VIII ~ MP,Freezing Cloud ~ MP,Mass Devastation ~ MP,Permanent Rest ~ MP,Portal to Another Plane ~ MP,Psychic Blast ~ MP,Spell Magnet ~ MP,Telekinetic Shield ~ MP
Complex Level 9																																																																																																																																																																																																																																																																						SPELLLEVEL:CLASS|SPELLCASTER.Arcane=9|Conjure Energy Creature IX ~ MP,Duplicate ~ MP,Raise the Dead ~ MP (Greater),Temporal Stasis ~ MP,Trap Soul ~ MP
Complex Level 10																																																																																																																																																																																																																																																																						SPELLLEVEL:CLASS|SPELLCASTER.Arcane=10|Bolt of Power ~ MP,Conjure Energy Creature X ~ MP,Perfect Ward ~ MP,Rouse Ghostly Army ~ MP,Telekinesis ~ MP (True),Undo ~ MP
#
### EOF
#
