# CVS $Revision: $ $Author: $ -- Sun Dec  8 22:17:49 2013 -- reformated by prettylst.pl v1.50 (build 22352)
SOURCELONG:Arcana Evolved	SOURCESHORT:AE

# Skill Name				Key Stat	Untrained?		Skill Penalty Apply	Type							Source Page		Choose			Bonus to skill					Automatically Gained Language
Alchemy					KEYSTAT:INT	USEUNTRAINED:NO					TYPE:Standard.Intelligence			SOURCEPAGE:p.105
Appraise					KEYSTAT:INT	USEUNTRAINED:YES					TYPE:Standard.Intelligence			SOURCEPAGE:p.106
Balance					KEYSTAT:DEX	USEUNTRAINED:YES	ACHECK:YES			TYPE:Standard.Dexterity				SOURCEPAGE:p.106
Bluff						KEYSTAT:CHA	USEUNTRAINED:YES					TYPE:Standard.Intelligence			SOURCEPAGE:p.106
Climb						KEYSTAT:STR	USEUNTRAINED:YES	ACHECK:YES			TYPE:Standard.Strength				SOURCEPAGE:p.107
Concentration				KEYSTAT:CON	USEUNTRAINED:YES					TYPE:Standard.Constitution			SOURCEPAGE:p.108
Craft						KEYSTAT:INT	USEUNTRAINED:NO					TYPE:Standard.Intelligence.Craft		SOURCEPAGE:p.109
Decipher Script				KEYSTAT:INT	USEUNTRAINED:NO					TYPE:Standard.Intelligence			SOURCEPAGE:p.110
Diplomacy					KEYSTAT:CHA	USEUNTRAINED:YES					TYPE:Standard.Charisma				SOURCEPAGE:p.110
Disable Device				KEYSTAT:INT	USEUNTRAINED:NO					TYPE:Standard.Intelligence			SOURCEPAGE:p.110
Disguise					KEYSTAT:CHA	USEUNTRAINED:YES					TYPE:Standard.Intelligence			SOURCEPAGE:p.110
Escape Artist				KEYSTAT:DEX	USEUNTRAINED:YES	ACHECK:YES			TYPE:Standard.Dexterity				SOURCEPAGE:p.111
Forgery					KEYSTAT:INT	USEUNTRAINED:YES					TYPE:Standard.Intelligence			SOURCEPAGE:p.112
Gather Information			KEYSTAT:CHA	USEUNTRAINED:YES					TYPE:Standard.Intelligence			SOURCEPAGE:p.112
Handle Animal				KEYSTAT:CHA	USEUNTRAINED:NO					TYPE:Standard.Intelligence			SOURCEPAGE:p.113
Heal						KEYSTAT:WIS	USEUNTRAINED:YES					TYPE:Standard.Wisdom				SOURCEPAGE:p.113
Innuendo					KEYSTAT:WIS	USEUNTRAINED:NO					TYPE:Standard.Wisdom				SOURCEPAGE:p.113
Intimidate					KEYSTAT:CHA	USEUNTRAINED:YES					TYPE:Standard.Intelligence			SOURCEPAGE:p.114
Jump						KEYSTAT:STR	USEUNTRAINED:YES	ACHECK:YES			TYPE:Standard.Strength				SOURCEPAGE:p.115
Knowledge (Common)			KEYSTAT:INT	USEUNTRAINED:YES					TYPE:Standard.Intelligence.Knowledge	SOURCEPAGE:p.115
Knowledge (Architecture)		KEYSTAT:INT	USEUNTRAINED:NO					TYPE:Standard.Intelligence.Knowledge	SOURCEPAGE:p.115
Knowledge (Ceremony)			KEYSTAT:INT	USEUNTRAINED:NO					TYPE:Standard.Intelligence.Knowledge	SOURCEPAGE:p.115
Knowledge (Cosmology)			KEYSTAT:INT	USEUNTRAINED:NO					TYPE:Standard.Intelligence.Knowledge	SOURCEPAGE:p.115
Knowledge (Dangerous Beasts)		KEYSTAT:INT	USEUNTRAINED:NO					TYPE:Standard.Intelligence.Knowledge	SOURCEPAGE:p.115
Knowledge (Dracha)			KEYSTAT:INT	USEUNTRAINED:NO					TYPE:Standard.Intelligence.Knowledge	SOURCEPAGE:p.115
Knowledge (Dragons)			KEYSTAT:INT	USEUNTRAINED:NO					TYPE:Standard.Intelligence.Knowledge	SOURCEPAGE:p.115
Knowledge (Engineering)			KEYSTAT:INT	USEUNTRAINED:NO					TYPE:Standard.Intelligence.Knowledge	SOURCEPAGE:p.115
Knowledge (Faen)				KEYSTAT:INT	USEUNTRAINED:NO					TYPE:Standard.Intelligence.Knowledge	SOURCEPAGE:p.115
Knowledge (Geography)			KEYSTAT:INT	USEUNTRAINED:NO					TYPE:Standard.Intelligence.Knowledge	SOURCEPAGE:p.115
Knowledge (Giants)			KEYSTAT:INT	USEUNTRAINED:NO					TYPE:Standard.Intelligence.Knowledge	SOURCEPAGE:p.115
Knowledge (History)			KEYSTAT:INT	USEUNTRAINED:NO					TYPE:Standard.Intelligence.Knowledge	SOURCEPAGE:p.115
Knowledge (Humans)			KEYSTAT:INT	USEUNTRAINED:NO					TYPE:Standard.Intelligence.Knowledge	SOURCEPAGE:p.115
Knowledge (Litorians)			KEYSTAT:INT	USEUNTRAINED:NO					TYPE:Standard.Intelligence.Knowledge	SOURCEPAGE:p.115
Knowledge (Magic)				KEYSTAT:INT	USEUNTRAINED:NO					TYPE:Standard.Intelligence.Knowledge	SOURCEPAGE:p.115
Knowledge (Mojh)				KEYSTAT:INT	USEUNTRAINED:NO					TYPE:Standard.Intelligence.Knowledge	SOURCEPAGE:p.115
Knowledge (Nature)			KEYSTAT:INT	USEUNTRAINED:NO					TYPE:Standard.Intelligence.Knowledge	SOURCEPAGE:p.115
Knowledge (Nobility and Courtesy)	KEYSTAT:INT	USEUNTRAINED:NO					TYPE:Standard.Intelligence.Knowledge	SOURCEPAGE:p.115
Knowledge (Religion)			KEYSTAT:INT	USEUNTRAINED:NO					TYPE:Standard.Intelligence.Knowledge	SOURCEPAGE:p.115
Knowledge (Runes)				KEYSTAT:INT	USEUNTRAINED:NO					TYPE:Standard.Intelligence.Knowledge	SOURCEPAGE:p.115
Knowledge (Sailing and Navigation)	KEYSTAT:INT	USEUNTRAINED:NO					TYPE:Standard.Intelligence.Knowledge	SOURCEPAGE:p.115
Knowledge (Science)			KEYSTAT:INT	USEUNTRAINED:NO					TYPE:Standard.Intelligence.Knowledge	SOURCEPAGE:p.115
Knowledge (Sibeccai)			KEYSTAT:INT	USEUNTRAINED:NO					TYPE:Standard.Intelligence.Knowledge	SOURCEPAGE:p.115
Knowledge (Verrik)			KEYSTAT:INT	USEUNTRAINED:NO					TYPE:Standard.Intelligence.Knowledge	SOURCEPAGE:p.115
Listen					KEYSTAT:WIS	USEUNTRAINED:YES					TYPE:Standard.Wisdom				SOURCEPAGE:p.116
Open Lock					KEYSTAT:DEX	USEUNTRAINED:NO					TYPE:Standard.Dexterity				SOURCEPAGE:p.116
Perform (ballad)				KEYSTAT:CHA	USEUNTRAINED:NO					TYPE:Standard.Charisma.Perform		SOURCEPAGE:p.116
Perform (chant)				KEYSTAT:CHA	USEUNTRAINED:NO					TYPE:Standard.Charisma.Perform		SOURCEPAGE:p.116
Perform (comedy)				KEYSTAT:CHA	USEUNTRAINED:NO					TYPE:Standard.Charisma.Perform		SOURCEPAGE:p.116
Perform (dance)				KEYSTAT:CHA	USEUNTRAINED:NO					TYPE:Standard.Charisma.Perform		SOURCEPAGE:p.116
Perform (drama)				KEYSTAT:CHA	USEUNTRAINED:NO					TYPE:Standard.Charisma.Perform		SOURCEPAGE:p.116
Perform (drums)				KEYSTAT:CHA	USEUNTRAINED:NO					TYPE:Standard.Charisma.Perform		SOURCEPAGE:p.116
Perform (epic)				KEYSTAT:CHA	USEUNTRAINED:NO					TYPE:Standard.Charisma.Perform		SOURCEPAGE:p.116
Perform (flute)				KEYSTAT:CHA	USEUNTRAINED:NO					TYPE:Standard.Charisma.Perform		SOURCEPAGE:p.116
Perform (harp)				KEYSTAT:CHA	USEUNTRAINED:NO					TYPE:Standard.Charisma.Perform		SOURCEPAGE:p.116
Perform (juggling)			KEYSTAT:CHA	USEUNTRAINED:NO					TYPE:Standard.Charisma.Perform		SOURCEPAGE:p.116
Perform (lute)				KEYSTAT:CHA	USEUNTRAINED:NO					TYPE:Standard.Charisma.Perform		SOURCEPAGE:p.116
Perform (mandolin)			KEYSTAT:CHA	USEUNTRAINED:NO					TYPE:Standard.Charisma.Perform		SOURCEPAGE:p.116
Perform (mime)				KEYSTAT:CHA	USEUNTRAINED:NO					TYPE:Standard.Charisma.Perform		SOURCEPAGE:p.116
Perform (ode)				KEYSTAT:CHA	USEUNTRAINED:NO					TYPE:Standard.Charisma.Perform		SOURCEPAGE:p.116
Perform (pan pipes)			KEYSTAT:CHA	USEUNTRAINED:NO					TYPE:Standard.Charisma.Perform		SOURCEPAGE:p.116
Perform (recorder)			KEYSTAT:CHA	USEUNTRAINED:NO					TYPE:Standard.Charisma.Perform		SOURCEPAGE:p.116
Perform (singing)				KEYSTAT:CHA	USEUNTRAINED:NO					TYPE:Standard.Charisma.Perform		SOURCEPAGE:p.116
Perform (storytelling)			KEYSTAT:CHA	USEUNTRAINED:NO					TYPE:Standard.Charisma.Perform		SOURCEPAGE:p.116
Perform (trumpet)				KEYSTAT:CHA	USEUNTRAINED:NO					TYPE:Standard.Charisma.Perform		SOURCEPAGE:p.116
Ride						KEYSTAT:DEX	USEUNTRAINED:YES					TYPE:Standard.Dexterity				SOURCEPAGE:p.117
Search					KEYSTAT:INT	USEUNTRAINED:YES					TYPE:Standard.Intelligence			SOURCEPAGE:p.117
Sense Motive				KEYSTAT:WIS	USEUNTRAINED:YES					TYPE:Standard.Wisdom				SOURCEPAGE:p.118
Sleight of Hand				KEYSTAT:DEX	USEUNTRAINED:NO	ACHECK:YES			TYPE:Standard.Dexterity				SOURCEPAGE:p.118
Sneak						KEYSTAT:DEX	USEUNTRAINED:YES	ACHECK:YES			TYPE:Standard.Dexterity				SOURCEPAGE:p.119
Speak Language						USEUNTRAINED:NO					TYPE:Standard.None				SOURCEPAGE:p.119	CHOOSE:LANG|TYPE=Spoken								AUTO:LANG|%LIST
Spellcraft					KEYSTAT:INT	USEUNTRAINED:NO					TYPE:Standard.Intelligence			SOURCEPAGE:p.119
Spot						KEYSTAT:WIS	USEUNTRAINED:YES					TYPE:Standard.Wisdom				SOURCEPAGE:p.120
Survival					KEYSTAT:WIS	USEUNTRAINED:YES					TYPE:Standard.Wisdom				SOURCEPAGE:p.120
Swim						KEYSTAT:STR	USEUNTRAINED:YES					TYPE:Standard.Strength				SOURCEPAGE:p.120					BONUS:SKILL|Swim|-WT/5|TYPE=WeightPenalty
Tumble					KEYSTAT:DEX	USEUNTRAINED:NO	ACHECK:YES			TYPE:Standard.Dexterity				SOURCEPAGE:p.121
Use Magic Device				KEYSTAT:CHA	USEUNTRAINED:NO					TYPE:Standard.Charisma				SOURCEPAGE:p.121
Use Rope					KEYSTAT:DEX	USEUNTRAINED:YES					TYPE:Standard.Dexterity				SOURCEPAGE:p.122
