# CVS $Revision: $ $Author: $ -- Fri Sep  5 11:40:25 2014 -- reformated by prettylst.pl v1.51 (build 24947)
SOURCELONG:Traveller's Aid 1 Personal Weapons	SOURCESHORT:TA1	SOURCEWEB:http://www.rpgrealms.com

###Block:Ranged Weapons
# BOW WEAPONS AND OTHER LOW-TECH MISSILE WEAPONS
# Equipment Name		Required Weapon Proficiency			Type											Contains			Cost		Weight	Critical Hit Multiplier	Critical Hit Range	Damage		Range		Size		Source Page
#Shortbow			PROFICIENCY:WEAPON|Shortbow			TYPE:Weapon.Ranged.Piercing.Container.Projectile.Bow.Shortbow.TL1	CONTAINS:1|Arrow=1	COST:50	WT:.5		CRITMULT:x2			CRITRANGE:1			DAMAGE:1d6		RANGE:18	SIZE:M	SOURCEPAGE:Traveller's Aid 1 - Personal Weapons
#Longbow			PROFICIENCY:WEAPON|Longbow			TYPE:Weapon.Ranged.Piercing.Container.Projectile.Bow.Longbow.TL1	CONTAINS:1|Arrow=1	COST:75	WT:.5		CRITMULT:x2			CRITRANGE:1			DAMAGE:1d8		RANGE:30	SIZE:L	SOURCEPAGE:Traveller's Aid 1 - Personal Weapons
# Equipment Name		Required Weapon Proficiency			Type											Contains			Cost		Weight	Crit Mult	Crit Range	Damage		Range		Size		Source Page
War Bow			PROFICIENCY:WEAPON|War Bow			TYPE:Weapon.Ranged.Piercing.Container.Projectile.Bow.TL1		CONTAINS:1|Arrow=1	COST:75	WT:0.5	CRITMULT:x2	CRITRANGE:1	DAMAGE:1d8		RANGE:30	SIZE:L	SOURCEPAGE:Traveller's Aid 1 - Personal Weapons
Compound Bow		PROFICIENCY:WEAPON|Compound Bow		TYPE:Weapon.Ranged.Piercing.Container.Projectile.Bow.TL7		CONTAINS:1|Arrow=1	COST:200	WT:0.5	CRITMULT:x2	CRITRANGE:1	DAMAGE:1d8		RANGE:45	SIZE:L	SOURCEPAGE:Traveller's Aid 1 - Personal Weapons
Light Crossbow		PROFICIENCY:WEAPON|Light Crossbow		TYPE:Weapon.Ranged.Piercing.Container.Projectile.Crossbow.TL3	CONTAINS:1|Bolt=1		COST:150	WT:3		CRITMULT:x2	CRITRANGE:2	DAMAGE:1d8		RANGE:24	SIZE:S	SOURCEPAGE:Traveller's Aid 1 - Personal Weapons
Sporting Crossbow		PROFICIENCY:WEAPON|Sporting Crossbow	TYPE:Weapon.Ranged.Piercing.Container.Projectile.Crossbow.TL3	CONTAINS:1|Bolt=1		COST:150	WT:3		CRITMULT:x2	CRITRANGE:2	DAMAGE:1d8		RANGE:24	SIZE:S	SOURCEPAGE:Traveller's Aid 1 - Personal Weapons
Military Crossbow		PROFICIENCY:WEAPON|Military Crossbow	TYPE:Weapon.Ranged.Piercing.Container.Projectile.Crossbow.TL2	CONTAINS:1|Bolt=1		COST:50	WT:6		CRITMULT:x2	CRITRANGE:2	DAMAGE:1d10		RANGE:36	SIZE:M	SOURCEPAGE:Traveller's Aid 1 - Personal Weapons
Repeating Crossbow	PROFICIENCY:WEAPON|Repeating Crossbow	TYPE:Weapon.Ranged.Piercing.Container.Projectile.Crossbow.TL3	CONTAINS:5|Bolt=5		COST:200	WT:4		CRITMULT:x2	CRITRANGE:2	DAMAGE:1d8		RANGE:24	SIZE:M	SOURCEPAGE:Traveller's Aid 1 - Personal Weapons
Advanced Crossbow		PROFICIENCY:WEAPON|Advanced Crossbow	TYPE:Weapon.Ranged.Piercing.Container.Projectile.Crossbow.TL7	CONTAINS:1|Bolt=1		COST:250	WT:4		CRITMULT:x2	CRITRANGE:2	DAMAGE:1d10		RANGE:45	SIZE:M	SOURCEPAGE:Traveller's Aid 1 - Personal Weapons
#Sling				PROFICIENCY:WEAPON|Sling			TYPE:Weapon.Ranged.Bludgeoning.Container.Projectile.Sling.TL0	CONTAINS:1|SlingStone=1	COST:1	WT:.1		CRITMULT:x2			CRITRANGE:1			DAMAGE:1d4		RANGE:15	SIZE:S	SOURCEPAGE:Traveller's Aid 1 - Personal Weapons
Boomerang			PROFICIENCY:WEAPON|Boomerang			TYPE:Weapon.Ranged.Bludgeoning.Thrown.TL0									COST:5	WT:0.1	CRITMULT:x2	CRITRANGE:1	DAMAGE:1d4		RANGE:12	SIZE:S	SOURCEPAGE:Traveller's Aid 1 - Personal Weapons
Javelin			PROFICIENCY:WEAPON|Javelin			TYPE:Weapon.Ranged.Piercing.Thrown.TL1									COST:12	WT:1		CRITMULT:x2	CRITRANGE:1	DAMAGE:1d6		RANGE:10	SIZE:M	SOURCEPAGE:Traveller's Aid 1 - Personal Weapons
Axe				PROFICIENCY:WEAPON|Axe				TYPE:Weapon.Ranged.Slashing.Thrown.TL1									COST:15	WT:0.4	CRITMULT:x2	CRITRANGE:1	DAMAGE:1d6		RANGE:3	SIZE:S	SOURCEPAGE:Traveller's Aid 1 - Personal Weapons
Knife				PROFICIENCY:WEAPON|Knife			TYPE:Weapon.Ranged.Piercing.Thrown.TL1									COST:10	WT:0.15	CRITMULT:x2	CRITRANGE:2	DAMAGE:1d3		RANGE:2	SIZE:T	SOURCEPAGE:Traveller's Aid 1 - Personal Weapons
Throwing Steel		PROFICIENCY:WEAPON|Throwing Steel		TYPE:Weapon.Ranged.Piercing.Thrown.TL1									COST:5	WT:0.5	CRITMULT:x2	CRITRANGE:1	DAMAGE:1				SIZE:T	SOURCEPAGE:Traveller's Aid 1 - Personal Weapons
Net				PROFICIENCY:WEAPON|Net				TYPE:Weapon.Ranged.Thrown.TL0											COST:20	WT:4		CRITMULT:x2	CRITRANGE:1	DAMAGE:Special			SIZE:L	SOURCEPAGE:Traveller's Aid 1 - Personal Weapons


###Block:FIREARMS
# BLACK POWDER FIREARMS
# HANDGUNS
# Equipment Name			Required Weapon Proficiency			Type											Contains			Cost		Weight	Crit Mult	Crit Range	Damage	Range		Size		Source Page							Special Property
Small Black Powder Pistol	PROFICIENCY:WEAPON|Black Powder Pistol	TYPE:Weapon.Ranged.Piercing.Container.Black Powder.Handgun.TL2	CONTAINS:*1|Shot=1	COST:100	WT:0.4	CRITMULT:x2	CRITRANGE:1	DAMAGE:1d6	RANGE:9	SIZE:S	SOURCEPAGE:Traveller's Aid 1 - Personal Weapons
Large Black Powder Pistol	PROFICIENCY:WEAPON|Black Powder Pistol	TYPE:Weapon.Ranged.Piercing.Container.Black Powder.Handgun.TL2	CONTAINS:*1|Shot=1	COST:150	WT:0.75	CRITMULT:x2	CRITRANGE:1	DAMAGE:1d8	RANGE:3	SIZE:S	SOURCEPAGE:Traveller's Aid 1 - Personal Weapons
Horse Pistol			PROFICIENCY:WEAPON|Black Powder Pistol	TYPE:Weapon.Ranged.Piercing.Container.Black Powder.Handgun.TL2	CONTAINS:*1|Shot=1	COST:150	WT:0.75	CRITMULT:x2	CRITRANGE:1	DAMAGE:1d8	RANGE:3	SIZE:S	SOURCEPAGE:Traveller's Aid 1 - Personal Weapons
Duck's Foot Pistol		PROFICIENCY:WEAPON|Black Powder Pistol	TYPE:Weapon.Ranged.Piercing.Container.Black Powder.Handgun.TL2	CONTAINS:*1|Shot=1	COST:150	WT:0.75	CRITMULT:x2	CRITRANGE:1	DAMAGE:1d6	RANGE:6	SIZE:S	SOURCEPAGE:Traveller's Aid 1 - Personal Weapons	SPROP:Weapon fires a spread of 6 shots in a wide cone. Treat as ``panic fire''.


###Block:FIREARMS
# BLACK POWDER FIREARMS
# RIFLES AND OTHER LARGE GUNS
# Equipment Name		Required Weapon Proficiency			Type											Contains			Cost		Weight	Crit Mult	Crit Range	Damage	Range		Size		Source Page							Special Property
Black Powder Carbine	PROFICIENCY:WEAPON|Black Powder Carbine	TYPE:Weapon.Ranged.Piercing.Container.Black Powder.Rifle.TL2	CONTAINS:*1|Shot=1	COST:250	WT:1.5	CRITMULT:x2	CRITRANGE:1	DAMAGE:1d8	RANGE:12	SIZE:S	SOURCEPAGE:Traveller's Aid 1 - Personal Weapons
Black Powder Musket	PROFICIENCY:WEAPON|Black Powder Musket	TYPE:Weapon.Ranged.Piercing.Container.Black Powder.Rifle.TL2	CONTAINS:*1|Shot=1	COST:350	WT:3.5	CRITMULT:x2	CRITRANGE:1	DAMAGE:1d10	RANGE:25	SIZE:M	SOURCEPAGE:Traveller's Aid 1 - Personal Weapons
Black Powder Shotgun	PROFICIENCY:WEAPON|Black Powder Shotgun	TYPE:Weapon.Ranged.Piercing.Container.Black Powder.Shotgun.TL2	CONTAINS:*1|Shot=1	COST:100	WT:3		CRITMULT:x2	CRITRANGE:1	DAMAGE:3d6	RANGE:3	SIZE:M	SOURCEPAGE:Traveller's Aid 1 - Personal Weapons	SPROP:Fires Buckshot.Up to 3m 3d6 damage, up to 6m 2d6 damage and 1d6 in a 2 meter wide path 6m to maximum range. -2 PV (an additional -1 PV per range band after the first in addition to normal range penalties).
Coach Pistol		PROFICIENCY:WEAPON|Coach Pistol		TYPE:Weapon.Ranged.Piercing.Container.Black Powder.Handgun.TL2	CONTAINS:*1|Shot=1	COST:100	WT:2		CRITMULT:x2	CRITRANGE:1	DAMAGE:3d6	RANGE:2	SIZE:S	SOURCEPAGE:Traveller's Aid 1 - Personal Weapons	SPROP:Fires Buckshot.Up to 3m 3d6 damage, up to 6m 2d6 damage and 1d6 in a 2 meter wide path 6m to maximum range. -2 PV (an additional -1 PV per range band after the first in addition to normal range penalties).
Black Powder Rifle	PROFICIENCY:WEAPON|Black Powder Rifle	TYPE:Weapon.Ranged.Piercing.Container.Black Powder.Rifle.TL3	CONTAINS:*1|Shot=1	COST:400	WT:3		CRITMULT:x2	CRITRANGE:1	DAMAGE:1d10	RANGE:50	SIZE:M	SOURCEPAGE:Traveller's Aid 1 - Personal Weapons


###Block:FIREARMS
# MODERN FIREARMS
# HANDGUNS
# Equipment Name		Required Weapon Proficiency		Type										Contains				Cost		Weight	Crit Mult	Crit Range	Damage	Range		Size		Source Page
Derringer			PROFICIENCY:WEAPON|Derringer		TYPE:Weapon.Ranged.Piercing.Container.Handgun.8mm.TL4		CONTAINS:*1|H_M_Bul_8mm=1	COST:150	WT:0.5	CRITMULT:x2	CRITRANGE:1	DAMAGE:1d8	RANGE:5	SIZE:T	SOURCEPAGE:Traveller's Aid 1 - Personal Weapons
Holdout Revolver		PROFICIENCY:WEAPON|Revolver		TYPE:Weapon.Ranged.Piercing.Container.Handgun.8mm.TL6		CONTAINS:*5|H_M_Bul_8mm=5	COST:100	WT:0.65	CRITMULT:x2	CRITRANGE:1	DAMAGE:1d6	RANGE:15	SIZE:T	SOURCEPAGE:Traveller's Aid 1 - Personal Weapons
Holdout Auto Pistol	PROFICIENCY:WEAPON|Auto Pistol	TYPE:Weapon.Ranged.Piercing.Container.Handgun.8mm.TL6		CONTAINS:*1|H_M_Mag_8mm=1	COST:150	WT:0.5	CRITMULT:x2	CRITRANGE:1	DAMAGE:1d6	RANGE:15	SIZE:S	SOURCEPAGE:Traveller's Aid 1 - Personal Weapons
#Body Pistol			PROFICIENCY:WEAPON|Body Pistol	TYPE:Weapon.Ranged.Piercing.Container.Handgun.5mm.TL9		CONTAINS:*1|H_M_Mag_5mm=1	COST:200	WT:.25	CRITMULT:x2			CRITRANGE:1			DAMAGE:1d6	RANGE:24	SIZE:S	SOURCEPAGE:Traveller's Aid 1 - Personal Weapons
Heavy Body Pistol		PROFICIENCY:WEAPON|Body Pistol	TYPE:Weapon.Ranged.Piercing.Container.Handgun.10mm.TL9	CONTAINS:*1|H_M_Mag_10mm=1	COST:200	WT:0.25	CRITMULT:x2	CRITRANGE:1	DAMAGE:1d8	RANGE:30	SIZE:S	SOURCEPAGE:Traveller's Aid 1 - Personal Weapons
#Revolver			PROFICIENCY:WEAPON|Revolver		TYPE:Weapon.Ranged.Piercing.Container.Handgun.10mm.TL4	CONTAINS:*6|H_M_Bul_10mm=6	COST:150	WT:.9		CRITMULT:x2			CRITRANGE:1			DAMAGE:1d10	RANGE:30	SIZE:S	SOURCEPAGE:Traveller's Aid 1 - Personal Weapons
#Auto Pistol			PROFICIENCY:WEAPON|Auto Pistol	TYPE:Weapon.Ranged.Piercing.Container.Handgun.10mm.TL5	CONTAINS:*1|H_M_Mag_10mm=1	COST:200	WT:.75	CRITMULT:x2			CRITRANGE:1			DAMAGE:1d10	RANGE:45	SIZE:S	SOURCEPAGE:Traveller's Aid 1 - Personal Weapons
Staple Gun			PROFICIENCY:WEAPON|Staple Gun		TYPE:Weapon.Ranged.Piercing.Container.Handgun.10mm.TL11	CONTAINS:*1|H_M_Mag_10mm=1	COST:200	WT:0.75	CRITMULT:x2	CRITRANGE:1	DAMAGE:1d8	RANGE:25	SIZE:S	SOURCEPAGE:Traveller's Aid 1 - Personal Weapons
Heavy Revolver		PROFICIENCY:WEAPON|Revolver		TYPE:Weapon.Ranged.Piercing.Container.Handgun.12mm.TL6	CONTAINS:*6|H_M_Bul_12mm=6	COST:400	WT:1.5	CRITMULT:x2	CRITRANGE:1	DAMAGE:1d12	RANGE:45	SIZE:S	SOURCEPAGE:Traveller's Aid 1 - Personal Weapons
Magnum Revolver		PROFICIENCY:WEAPON|Revolver		TYPE:Weapon.Ranged.Piercing.Container.Handgun.12mm.TL6	CONTAINS:*6|H_M_Bul_12mm=6	COST:400	WT:1.5	CRITMULT:x2	CRITRANGE:1	DAMAGE:1d12	RANGE:45	SIZE:S	SOURCEPAGE:Traveller's Aid 1 - Personal Weapons
Heavy Auto Pistol		PROFICIENCY:WEAPON|Auto Pistol	TYPE:Weapon.Ranged.Piercing.Container.Handgun.12mm.TL8	CONTAINS:*1|H_M_Mag_12mm=1	COST:500	WT:1.5	CRITMULT:x2	CRITRANGE:1	DAMAGE:1d12	RANGE:65	SIZE:S	SOURCEPAGE:Traveller's Aid 1 - Personal Weapons
Magnum Auto Pistol	PROFICIENCY:WEAPON|Auto Pistol	TYPE:Weapon.Ranged.Piercing.Container.Handgun.12mm.TL8	CONTAINS:*1|H_M_Mag_12mm=1	COST:500	WT:1.5	CRITMULT:x2	CRITRANGE:1	DAMAGE:1d12	RANGE:65	SIZE:S	SOURCEPAGE:Traveller's Aid 1 - Personal Weapons
Gauss Pistol		PROFICIENCY:WEAPON|Gauss Pistol	TYPE:Weapon.Ranged.Piercing.Container.Handgun.4mm.TL13	CONTAINS:*1|H_M_Mag_4mm=1	COST:2500	WT:1.25	CRITMULT:x3	CRITRANGE:1	DAMAGE:1d12	RANGE:80	SIZE:S	SOURCEPAGE:Traveller's Aid 1 - Personal Weapons


###Block:FIREARMS
# MODERN FIREARMS
# RIFLES
# Equipment Name	Required Weapon Proficiency		Type									Contains					Cost		Weight	Critical Hit Multiplier	Critical Hit Range	Damage	Modifier			Range		Size		Source Page
#Carbine		PROFICIENCY:WEAPON|Carbine		TYPE:Weapon.Ranged.Piercing.Container.Rifle.7mm.TL5	CONTAINS:*1|R_CAR_M_Mag_7mm=1		COST:200	WT:3		CRITMULT:x2			CRITRANGE:1			DAMAGE:1d10					RANGE:45	SIZE:S	SOURCEPAGE:Traveller's Aid 1 - Personal Weapons
#Rifle			PROFICIENCY:WEAPON|Rifle		TYPE:Weapon.Ranged.Piercing.Container.Rifle.7mm.TL5	CONTAINS:*1|R_STD_M_Mag_7mm=1		COST:200	WT:4		CRITMULT:x3			CRITRANGE:1			DAMAGE:1d12	EQMOD:SCOPESTD		RANGE:72	SIZE:M	SOURCEPAGE:Traveller's Aid 1 - Personal Weapons
#Auto Rifle		PROFICIENCY:WEAPON|Auto Rifle		TYPE:Weapon.Ranged.Piercing.Container.Rifle.7mm.TL6	CONTAINS:*1|R_AUT_M_Mag_7mm=1		COST:1000	WT:5		CRITMULT:x2			CRITRANGE:1			DAMAGE:1d12	EQMOD:SCOPESTD		RANGE:60	SIZE:M	SOURCEPAGE:Traveller's Aid 1 - Personal Weapons
#Assault Rifle	PROFICIENCY:WEAPON|Assault Rifle	TYPE:Weapon.Ranged.Piercing.Container.Rifle.5mm.TL7	CONTAINS:*1|R_ASS_M_Mag_5mm=1		COST:300	WT:3		CRITMULT:x2			CRITRANGE:1			DAMAGE:1d12	EQMOD:SCOPESTD		RANGE:45	SIZE:M	SOURCEPAGE:Traveller's Aid 1 - Personal Weapons
# Equipment Name	Required Weapon Proficiency		Type									Contains					Cost		Weight	Crit Mult	Crit Range	Damage	Modifier			Range		Size		Source Page
Light ACR		PROFICIENCY:WEAPON|Light ACR		TYPE:Weapon.Ranged.Piercing.Container.Rifle.7mm.TL10	CONTAINS:*1|R_ACR_M_Mag_7mm=1		COST:1000	WT:3.5	CRITMULT:x2	CRITRANGE:1	DAMAGE:1d12	EQMOD:HUD.SCOPEELEOPT	RANGE:72	SIZE:M	SOURCEPAGE:Traveller's Aid 1 - Personal Weapons
Survival Rifle	PROFICIENCY:WEAPON|Survival Rifle	TYPE:Weapon.Ranged.Piercing.Container.Rifle.5mm.TL6	CONTAINS:*1|R_SUR_M_Bul_5mm=1		COST:50	WT:2		CRITMULT:x2	CRITRANGE:1	DAMAGE:1d6	EQMOD:SCOPESTD		RANGE:25	SIZE:S	SOURCEPAGE:Traveller's Aid 1 - Personal Weapons
Hunting Rifle	PROFICIENCY:WEAPON|Hunting Rifle	TYPE:Weapon.Ranged.Piercing.Container.Rifle.10mm.TL6	CONTAINS:*1|R_HUN_M_Bul_10mm=1	COST:1000	WT:7		CRITMULT:x2	CRITRANGE:1	DAMAGE:2d8	EQMOD:SCOPESTD		RANGE:96	SIZE:M	SOURCEPAGE:Traveller's Aid 1 - Personal Weapons


###Block:FIREARMS
# MODERN FIREARMS
# SUBMACHINEGUNS (SMGS)
# Equipment Name	Required Weapon Proficiency		Type										Contains				Cost		Weight	Critical Hit Multiplier	Critical Hit Range	Damage	Modifier		Range		Size		Source Page
#SMG			PROFICIENCY:WEAPON|SMG			TYPE:Weapon.Ranged.Piercing.Container.Machine Gun.10mm.TL5	CONTAINS:*1|M_M_Mag_10mm=1	COST:500	WT:2.5	CRITMULT:x2			CRITRANGE:1			DAMAGE:1d10	EQMOD:LAS_DOT	RANGE:45	SIZE:S	SOURCEPAGE:Traveller's Aid 1 - Personal Weapons
# Equipment Name	Required Weapon Proficiency		Type										Contains				Cost		Weight	Crit Mult	Crit Range	Damage	Modifier		Range		Size		Source Page
Assault Pistol	PROFICIENCY:WEAPON|Assault Pistol	TYPE:Weapon.Ranged.Piercing.Container.Machine Gun.8mm.TL5	CONTAINS:*1|M_M_Mag_8mm=1	COST:750	WT:1		CRITMULT:x2	CRITRANGE:1	DAMAGE:1d10	EQMOD:LAS_DOT	RANGE:24	SIZE:S	SOURCEPAGE:Traveller's Aid 1 - Personal Weapons


###Block:FIREARMS
# MODERN FIREARMS
# SHOTGUNS
# Equipment Name		Required Weapon Proficiency		Type											Contains					Cost		Weight	Crit Mult	Crit Range	Damage	Modifier		Range		Size		Source Page							Special Property
Sporting Shotgun Single	PROFICIENCY:WEAPON|Sporting Shotgun	TYPE:Weapon.Ranged.Piercing.Container.Shotgun.Cartridge.TL5		CONTAINS:*1|S_M_Cart=1			COST:150	WT:3		CRITMULT:x2	CRITRANGE:1	DAMAGE:3d6				RANGE:3	SIZE:M	SOURCEPAGE:Traveller's Aid 1 - Personal Weapons	SPROP:Fires Buckshot.Up to 3m 3d6 damage, up to 6m 2d6 damage and 1d6 in a 2 meter wide path 6m to maximum range. -2 PV (an additional -1 PV per range band after the first in addition to normal range penalties).
Sporting Shotgun Double	PROFICIENCY:WEAPON|Sporting Shotgun	TYPE:Weapon.Ranged.Piercing.Container.Shotgun.Cartridge.TL5		CONTAINS:*2|S_M_Cart=2			COST:150	WT:3		CRITMULT:x2	CRITRANGE:1	DAMAGE:3d6				RANGE:3	SIZE:M	SOURCEPAGE:Traveller's Aid 1 - Personal Weapons	SPROP:Fires Buckshot.Up to 3m 3d6 damage, up to 6m 2d6 damage and 1d6 in a 2 meter wide path 6m to maximum range. -2 PV (an additional -1 PV per range band after the first in addition to normal range penalties).
Sawn-off Shotgun Single	PROFICIENCY:WEAPON|Sawn off Shotgun	TYPE:Weapon.Ranged.Piercing.Container.Shotgun.Cartridge.TL5		CONTAINS:*1|S_M_Cart=1			COST:150	WT:2		CRITMULT:x2	CRITRANGE:1	DAMAGE:3d6				RANGE:2	SIZE:S	SOURCEPAGE:Traveller's Aid 1 - Personal Weapons	SPROP:Fires Buckshot.Up to 3m 3d6 damage, up to 6m 2d6 damage and 1d6 in a 2 meter wide path 6m to maximum range. -2 PV (an additional -1 PV per range band after the first in addition to normal range penalties).
Sawn-off Shotgun Double	PROFICIENCY:WEAPON|Sawn off Shotgun	TYPE:Weapon.Ranged.Piercing.Container.Shotgun.Cartridge.TL5		CONTAINS:*2|S_M_Cart=2			COST:150	WT:2		CRITMULT:x2	CRITRANGE:1	DAMAGE:3d6				RANGE:2	SIZE:S	SOURCEPAGE:Traveller's Aid 1 - Personal Weapons	SPROP:Fires Buckshot.Up to 3m 3d6 damage, up to 6m 2d6 damage and 1d6 in a 2 meter wide path 6m to maximum range. -2 PV (an additional -1 PV per range band after the first in addition to normal range penalties).
Combat Shotgun Pump	PROFICIENCY:WEAPON|Combat Shotgun	TYPE:Weapon.Ranged.Piercing.Container.Shotgun.Cartridge.TL6		CONTAINS:*6|S_M_Cart=6			COST:200	WT:3.75	CRITMULT:x2	CRITRANGE:1	DAMAGE:3d6				RANGE:3	SIZE:M	SOURCEPAGE:Traveller's Aid 1 - Personal Weapons	SPROP:Fires Buckshot.Up to 3m 3d6 damage, up to 6m 2d6 damage and 1d6 in a 2 meter wide path 6m to maximum range. -2 PV (an additional -1 PV per range band after the first in addition to normal range penalties).
Combat Shotgun Magazine	PROFICIENCY:WEAPON|Combat Shotgun	TYPE:Weapon.Ranged.Piercing.Container.Shotgun.Cartridge.TL6		CONTAINS:*1|S_M_Mag_Cart=1		COST:200	WT:3.75	CRITMULT:x2	CRITRANGE:1	DAMAGE:3d6				RANGE:3	SIZE:M	SOURCEPAGE:Traveller's Aid 1 - Personal Weapons	SPROP:TL9+ Less Feed Failure Fires Buckshot.Up to 3m 3d6 damage, up to 6m 2d6 damage and 1d6 in a 2 meter wide path 6m to maximum range. -2 PV (an additional -1 PV per range band after the first in addition to normal range penalties).
Military Shotgun		PROFICIENCY:WEAPON|Military Shotgun	TYPE:Weapon.Ranged.Piercing.Container.Shotgun.Mil Cartridge.TL8	CONTAINS:*1|S_M_Mag_MIL_Cart=1	COST:1500	WT:5		CRITMULT:x2	CRITRANGE:1	DAMAGE:3d8	EQMOD:HUD.LAS_DOT	RANGE:7	SIZE:M	SOURCEPAGE:Traveller's Aid 1 - Personal Weapons	SPROP:Fires Buckshot.Up to 3m 3d8 damage, up to 6m 2d8 damage and 1d8 in a 2 meter wide path 6m to maximum range. -2 PV (an additional -1 PV per range band after the first in addition to normal range penalties).
Assault Shotgun		PROFICIENCY:WEAPON|Assault Shotgun	TYPE:Weapon.Ranged.Piercing.Container.Shotgun.Ass Cartridge.TL7	CONTAINS:*1|S_M_Mag_ASS_Cart=1	COST:750	WT:4.5	CRITMULT:x2	CRITRANGE:1	DAMAGE:3d6	EQMOD:HUD.LAS_DOT	RANGE:3	SIZE:M	SOURCEPAGE:Traveller's Aid 1 - Personal Weapons	SPROP:Fires Buckshot.Up to 3m 3d6 damage, up to 6m 2d6 damage and 1d6 in a 2 meter wide path 6m to maximum range. -2 PV (an additional -1 PV per range band after the first in addition to normal range penalties).


###Block:FIREARMS
# MODERN FIREARMS
# LOW-G WEAPONS
# Equipment Name	Required Weapon Proficiency		Type											Contains				Cost		Weight	Crit Mult	Crit Range	Damage	Modifier		Range		Size		Source Page
Snub Derringer	PROFICIENCY:WEAPON|Snub Derringer	TYPE:Weapon.Ranged.Piercing.Container.Low-G.Handgun.18mm.TL8	CONTAINS:*1|H_M_Bul_18mm=1	COST:200	WT:0.2	CRITMULT:x2	CRITRANGE:1	DAMAGE:1d10	EQMOD:LAS_DOT	RANGE:8	SIZE:T	SOURCEPAGE:Traveller's Aid 1 - Personal Weapons
#Snub Revolver	PROFICIENCY:WEAPON|Snub Revolver		TYPE:Weapon.Ranged.Piercing.Container.Low-G.Handgun.10mm.TL8	CONTAINS:*6|H_M_Bul_10mm=6		COST:150	WT:.25	CRITMULT:x2			CRITRANGE:1			DAMAGE:1d10	EQMOD:LAS_DOT	RANGE:18	SIZE:S	SOURCEPAGE:Traveller's Aid 1 - Personal Weapons
#Snub Pistol		PROFICIENCY:WEAPON|Snub Pistol		TYPE:Weapon.Ranged.Piercing.Container.Low-G.Handgun.18mm.TL8	CONTAINS:*1|H_M_Mag_18mm=1		COST:250	WT:1		CRITMULT:x2			CRITRANGE:1			DAMAGE:1d10	EQMOD:LAS_DOT	RANGE:21	SIZE:S	SOURCEPAGE:Traveller's Aid 1 - Personal Weapons
Snub Autopistol	PROFICIENCY:WEAPON|Snub Autopistol	TYPE:Weapon.Ranged.Piercing.Container.Low-G.Handgun.18mm.TL9	CONTAINS:*1|H_M_Mag_18mm=1	COST:250	WT:0.8	CRITMULT:x2	CRITRANGE:1	DAMAGE:1d10	EQMOD:LAS_DOT	RANGE:29	SIZE:S	SOURCEPAGE:Traveller's Aid 1 - Personal Weapons
#Snub SMG		PROFICIENCY:WEAPON|Snub SMG			TYPE:Weapon.Ranged.Piercing.Container.Low-G.Machine Gun.18mm.TL8	CONTAINS:*1|M_SNU_M_Mag_18mm=1	COST:400	WT:2		CRITMULT:x2			CRITRANGE:1			DAMAGE:1d10	EQMOD:LAS_DOT	RANGE:24	SIZE:S	SOURCEPAGE:Traveller's Aid 1 - Personal Weapons
#Accelerator Rifle	PROFICIENCY:WEAPON|Accelerator Rifle	TYPE:Weapon.Ranged.Piercing.Container.Low-G.Rifle.12mm.TL9		CONTAINS:*1|R_M_Mag_12mm=1		COST:900	WT:2.5	CRITMULT:x2			CRITRANGE:1			DAMAGE:1d12	EQMOD:SCOPESTD	RANGE:60	SIZE:M	SOURCEPAGE:Traveller's Aid 1 - Personal Weapons


###Block:FIREARMS
# MODERN FIREARMS
# DISCHARGERS
# Equipment Name	Required Weapon Proficiency	Type								Contains			Cost		Weight	Crit Mult	Crit Range	Damage	Range		Size		Source Page
Baton Gun		PROFICIENCY:WEAPON|Baton Gun	TYPE:Weapon.Ranged.Bludgeoning.Container.TL8	CONTAINS:*1|BatonRnd=1	COST:100	WT:1		CRITMULT:x2	CRITRANGE:1	DAMAGE:2d8	RANGE:8	SIZE:M	SOURCEPAGE:Traveller's Aid 1 - Personal Weapons
#Thud Gun		PROFICIENCY:WEAPON|Thud Gun		TYPE:Weapon.Ranged.Bludgeoning.Container.TL8	CONTAINS:*1|BatonRnd=1		COST:100	WT:1		CRITMULT:x2			CRITRANGE:1			DAMAGE:2d8	RANGE:8	SIZE:M	SOURCEPAGE:Traveller's Aid 1 - Personal Weapons
#Riot Cannon		PROFICIENCY:WEAPON|Riot Cannon	TYPE:Weapon.Ranged.Piercing.Container.TL8		CONTAINS:*1|Mag_BatonRnd=1	COST:300	WT:1		CRITMULT:x2			CRITRANGE:1			DAMAGE:3d8	RANGE:4	SIZE:M	SOURCEPAGE:Traveller's Aid 1 - Personal Weapons


###Block:FIREARMS
# MODERN FIREARMS
# LASER WEAPONS
# Equipment Name	Required Weapon Proficiency		Type										Contains			Cost		Weight	Critical Hit Multiplier	Critical Hit Range	Damage	Range		Size		Source Page
#Laser Pistol	PROFICIENCY:WEAPON|Laser Pistol	TYPE:Weapon.Ranged.Piercing.Laser.Hangun.Container.TL9	CONTAINS:*1|L_M_Pow=1	COST:1000	WT:1.2	CRITMULT:x2			CRITRANGE:1			DAMAGE:2d10	RANGE:36	SIZE:S	SOURCEPAGE:Traveller's Aid 1 - Personal Weapons
#Laser Carbine	PROFICIENCY:WEAPON|Laser Carbine	TYPE:Weapon.Ranged.Piercing.Laser.Rifle.Container.TL9		CONTAINS:*1|L_M_Pow=1	COST:2500	WT:5		CRITMULT:x2			CRITRANGE:1			DAMAGE:3d8	RANGE:45	SIZE:S	SOURCEPAGE:Traveller's Aid 1 - Personal Weapons
#Laser Rifle		PROFICIENCY:WEAPON|Laser Rifle	TYPE:Weapon.Ranged.Piercing.Laser.Rifle.Container.TL9		CONTAINS:*1|L_M_Pow=1	COST:3500	WT:6		CRITMULT:x2			CRITRANGE:1			DAMAGE:3d10	RANGE:60	SIZE:M	SOURCEPAGE:Traveller's Aid 1 - Personal Weapons


###Block:FIREARMS
# MODERN FIREARMS
# NON-LETHAL WEAPONS
# Equipment Name	Required Weapon Proficiency			Type				Cost		Weight	Crit Mult	Crit Range	Damage	Range		Size		Source Page							Special Property
1-Shot sprayer	PROFICIENCY:WEAPON|1-Shot sprayer		TYPE:Weapon.Ranged.TL6	COST:25	WT:0.01	CRITMULT:x2	CRITRANGE:1			RANGE:2	SIZE:T	SOURCEPAGE:Traveller's Aid 1 - Personal Weapons	SPROP:Special
6-Shot Hand Spray	PROFICIENCY:WEAPON|6-Shot Hand Spray	TYPE:Weapon.Ranged.TL6	COST:25	WT:0.01	CRITMULT:x2	CRITRANGE:1			RANGE:2	SIZE:S	SOURCEPAGE:Traveller's Aid 1 - Personal Weapons	SPROP:Special
Squealer		PROFICIENCY:WEAPON|Squealer			TYPE:Weapon.Melee.TL7	COST:10	WT:0.01	CRITMULT:x2	CRITRANGE:1			RANGE:2	SIZE:S	SOURCEPAGE:Traveller's Aid 1 - Personal Weapons	SPROP:Special
Tranq Pistol	PROFICIENCY:WEAPON|Tranq Pistol		TYPE:Weapon.Ranged.TL9	COST:75	WT:0.4	CRITMULT:x2	CRITRANGE:1			RANGE:5	SIZE:S	SOURCEPAGE:Traveller's Aid 1 - Personal Weapons	SPROP:Special
Stungun		PROFICIENCY:WEAPON|Stungun			TYPE:Weapon.Ranged.TL7	COST:50	WT:0.01	CRITMULT:x2	CRITRANGE:1	DAMAGE:1d6	RANGE:2	SIZE:S	SOURCEPAGE:Traveller's Aid 1 - Personal Weapons	SPROP:Special

# Notes:
# A weapon listed as Highly Accurate or Long Barrel may or may not give a +1 bonus to-hit, at the Referee's option.
# All handguns come with 3 unloaded magazines (if appropriate), a configurable holster and webbing, but no ammunition.
# Snub weapons come with holster and webbing, a laser dot pointer and 3 magazines, but no ammunition.
# Costs are for standard Snub weapon ammunition.
# Speciality ammunition is subject to the normal cost multipliers.
# Shotguns normally come with a sling and 3 drums or magazines, but no ammunition.
# Military and Assault shotguns have a laser pointer as standard, and a HUD interface.
# Rifles (except the Carbine) come with a robust telescopic sight as standard.
# The ACR has an electronic sight and HUD interface as standard.
# SMGs come with a sling or holster (if the configuration fits), and 3 magazines, but no ammunition.
# SMGs - Laser pointers are usually standard. Ammunition is standard pistol-caliber rounds.
