
# Bab and save alternative progression rules


BONUS:VAR|UseAlternateBABProgression|1
BONUS:VAR|UseAlternateSaveProgression|1
DEFINE:UseAlternateBABProgression|0
DEFINE:UseAlternateSaveProgression|0

DEFINE:xxxRule|0
BONUS:VAR|xxxRule|1
#BONUS:COMBAT|EPICAB|-max(((TL-HD)-19)/2,0)|TYPE=Epic
BONUS:COMBAT|BASEAB|ClassBABFull|TYPE=ClassBABFull
BONUS:COMBAT|BASEAB|ClassBABModerate*3/4|TYPE=ClassBABModerate
BONUS:COMBAT|BASEAB|ClassBABPoor*1/2|TYPE=ClassBABPoor

BONUS:SAVE|BASE.Fortitude|ClassSave_Fortitude
BONUS:SAVE|BASE.Reflex|ClassSave_Reflex
BONUS:SAVE|BASE.Will|ClassSave_Will


BONUS:VAR|ClassSave_Fortitude|(ClassSaveGood_Fortitude/2+2)+(ClassSavePoor_Fortitude/3)
BONUS:VAR|ClassSave_Reflex|(ClassSaveGood_Reflex/2+2)+(ClassSavePoor_Reflex/3)
BONUS:VAR|ClassSave_Will|(ClassSaveGood_Will/2+2)+(ClassSavePoor_Will/3)



-Class-
Select one per class using the .MOD mechanic

BONUS:VAR|ClassBABFull|classlevel("APPLIEDAS=NONEPIC")|PREVARGTEQ:xxxRule,1
BONUS:VAR|ClassBABModerate|classlevel("APPLIEDAS=NONEPIC")|PREVARGTEQ:xxxRule,1
BONUS:VAR|ClassBABPoor|classlevel("APPLIEDAS=NONEPIC")|PREVARGTEQ:xxxRule,1

-Class Saves-
BONUS:VAR|ClassSaveGood_Fortitude|classlevel("APPLIEDAS=NONEPIC")|PREVARGTEQ:xxxRule,1
BONUS:VAR|ClassSavePoor_Fortitude|classlevel("APPLIEDAS=NONEPIC")|PREVARGTEQ:xxxRule,1

BONUS:VAR|ClassSaveGood_Reflex|classlevel("APPLIEDAS=NONEPIC")|PREVARGTEQ:xxxRule,1
BONUS:VAR|ClassSavePoor_Reflex|classlevel("APPLIEDAS=NONEPIC")|PREVARGTEQ:xxxRule,1

BONUS:VAR|ClassSavePoor_Will|classlevel("APPLIEDAS=NONEPIC")|PREVARGTEQ:xxxRule,1
BONUS:VAR|ClassSaveGood_Will|classlevel("APPLIEDAS=NONEPIC")|PREVARGTEQ:xxxRule,1

# Defines
DEFINE:ClassBABFull|0
DEFINE:ClassBABModerate|0
DEFINE:ClassBABPoor|0

DEFINE:ClassSave_Fortitude|0
DEFINE:ClassSave_Reflex|0
DEFINE:ClassSave_Will|0

DEFINE:ClassSaveGood_Fortitude|0
DEFINE:ClassSaveGood_Reflex|0
DEFINE:ClassSaveGood_Will|0
DEFINE:ClassSavePoor_Fortitude|0
DEFINE:ClassSavePoor_Reflex|0
DEFINE:ClassSavePoor_Will|0


