# CVS $Revision: $ $Author: $ -- Fri May  3 14:36:53 2013 -- reformated by prettylst.pl v1.50 (build 19967)


# Class Name	Hit Dice	Type		Class Type		Abbreviation	Max Level	Ex Class			Source Page		Save checks bonus											Combat bonus					Monster Role
CLASS:Barbarian	HD:12		TYPE:PC	CLASSTYPE:PC	ABB:Brb		MAXLEVEL:20	EXCLASS:Ex-Barbarian	SOURCEPAGE:p.24	BONUS:CHECKS|BASE.Fortitude|CL/2+2	BONUS:CHECKS|BASE.Reflex,BASE.Will|CL/3	BONUS:COMBAT|BAB|CL|TYPE=Base.REPLACE	ROLE:Combat
# Class Name	Restricted AL
CLASS:Barbarian	!PREALIGN:LG,LN,LE
# Class Name	Skill Pts/Lvl	Class Skill
CLASS:Barbarian	STARTSKILLPTS:4	CSKILL:Climb|TYPE=Craft|Handle Animal|Intimidate|Jump|Listen|Ride|Survival|Swim	DEFINE:IlliteracyLVL|CL
###Block:
1	BONUS:VAR|BarbRageTimesLVL,BarbRagePowerLVL|CL|!PREABILITY:1,CATEGORY=ACF,TYPE.BarbarianRage
2	BONUS:VAR|UncannyDodgeFlankingLevel|CL|TYPE=EachClass.REPLACE
3	BONUS:VAR|TrapSenseBonus|CL/3
7	BONUS:VAR|BarbarianDRLVL|CL
###Block: Level Progression
1	ABILITY:Barbarian Ability|AUTOMATIC|Weapon and Armor Proficiency ~ Barbarian|!PREABILITY:1,CATEGORY=ACF,TYPE.BarbarianProficiencies
1	ABILITY:Barbarian Ability|AUTOMATIC|Fast Movement ~ Barbarian|!PREABILITY:1,CATEGORY=ACF,TYPE.BarbarianFastMovement
1	ABILITY:Barbarian Ability|AUTOMATIC|Illiteracy ~ Barbarian|PREVAREQ:TL,IlliteracyLVL
1	ABILITY:Barbarian Ability|AUTOMATIC|Rage ~ Barbarian|!PREABILITY:1,CATEGORY=ACF,TYPE.BarbarianRage
2	ABILITY:Barbarian Ability|AUTOMATIC|Uncanny Dodge ~ Barbarian|!PREABILITY:1,CATEGORY=ACF,TYPE.BarbarianUncannyDodge
3	ABILITY:Barbarian Ability|AUTOMATIC|Trap Sense ~ Barbarian|!PREABILITY:1,CATEGORY=ACF,TYPE.BarbarianTrapSense
5	ABILITY:Barbarian Ability|AUTOMATIC|Improved Uncanny Dodge ~ Barbarian|!PREABILITY:1,CATEGORY=ACF,TYPE.BarbarianImprovedUncannyDodge
7	ABILITY:Barbarian Ability|AUTOMATIC|Damage Reduction ~ Barbarian|!PREABILITY:1,CATEGORY=ACF,TYPE.BarbarianDamageReduction
11	ABILITY:Barbarian Ability|AUTOMATIC|Greater Rage ~ Barbarian|!PREABILITY:1,CATEGORY=ACF,TYPE.BarbarianGreaterRage
14	ABILITY:Barbarian Ability|AUTOMATIC|Indomitable Will ~ Barbarian|!PREABILITY:1,CATEGORY=ACF,TYPE.BarbarianIndomitableWill
17	ABILITY:Barbarian Ability|AUTOMATIC|Tireless Rage ~ Barbarian|!PREABILITY:1,CATEGORY=ACF,TYPE.BarbarianTirelessRage
20	ABILITY:Barbarian Ability|AUTOMATIC|Mighty Rage ~ Barbarian|!PREABILITY:1,CATEGORY=ACF,TYPE.BarbarianMightyRage

# Class Name		Hit Dice	Type			Class Type		Abbreviation	Source Page		Visible	Save checks bonus											Combat bonus					Monster Role
CLASS:Ex-Barbarian	HD:12		TYPE:Base.PC	CLASSTYPE:PC	ABB:XBrb		SOURCEPAGE:p.26	VISIBLE:NO	BONUS:CHECKS|BASE.Fortitude|CL/2+2	BONUS:CHECKS|BASE.Reflex,BASE.Will|CL/3	BONUS:COMBAT|BAB|CL|TYPE=Base.REPLACE	ROLE:Combat	DEFINE:IlliteracyLVL|CL
# Class Name		Skill Pts/Lvl	Class Skill
CLASS:Ex-Barbarian	STARTSKILLPTS:4	CSKILL:Climb|TYPE=Craft|Handle Animal|Intimidate|Jump|Listen|Ride|Survival|Swim
###Block:
2	BONUS:VAR|UncannyDodgeFlankingLevel|CL|TYPE=EachClass.REPLACE
3	BONUS:VAR|TrapSense|CL/3
7	BONUS:VAR|BarbarianDRLVL|CL
###Block: Level progression
1	ABILITY:Barbarian Ability|AUTOMATIC|Weapon and Armor Proficiency ~ Barbarian|!PREABILITY:1,CATEGORY=ACF,TYPE.BarbarianProficiencies
1	ABILITY:Barbarian Ability|AUTOMATIC|Illiteracy ~ Barbarian|PREVAREQ:TL,IlliteracyLVL
1	ABILITY:Barbarian Ability|AUTOMATIC|Fast Movement ~ Barbarian|!PREABILITY:1,CATEGORY=ACF,TYPE.BarbarianFastMovement
2	ABILITY:Barbarian Ability|AUTOMATIC|Uncanny Dodge ~ Barbarian|!PREABILITY:1,CATEGORY=ACF,TYPE.BarbarianUncannyDodge
3	ABILITY:Barbarian Ability|AUTOMATIC|Trap Sense ~ Barbarian|!PREABILITY:1,CATEGORY=ACF,TYPE.BarbarianTrapSense
7	ABILITY:Barbarian Ability|AUTOMATIC|Damage Reduction ~ Barbarian|!PREABILITY:1,CATEGORY=ACF,TYPE.BarbarianDamageReduction

# Class Name	Hit Dice	Type			Class Type		Abbreviation	Max Level	Source Page		Save checks bonus											Combat bonus					Monster Role
CLASS:Bard		HD:6		TYPE:Base.PC	CLASSTYPE:PC	ABB:Brd		MAXLEVEL:20	SOURCEPAGE:p.26	BONUS:CHECKS|BASE.Fortitude|CL/3	BONUS:CHECKS|BASE.Reflex,BASE.Will|CL/2+2	BONUS:COMBAT|BAB|CL*3/4|TYPE=Base.REPLACE	ROLE:Bard
# Class Name	Restricted AL
CLASS:Bard		!PREALIGN:LG,LN,LE
# Class Name	Skill Pts/Lvl	Class Skill
CLASS:Bard		STARTSKILLPTS:6	CSKILL:Appraise|Balance|Bluff|Climb|Concentration|TYPE=Craft|Decipher Script|Diplomacy|Disguise|Escape Artist|Gather Information|Hide|Jump|TYPE=Knowledge|Listen|Move Silently|TYPE=Perform|TYPE=Profession|Sense Motive|Sleight of Hand|Speak Language|Spellcraft|Swim|Tumble|Use Magic Device
# Class Name	Spell Stat		Spell Type		Memorize	Caster level
CLASS:Bard		SPELLSTAT:CHA	SPELLTYPE:Arcane	MEMORIZE:NO	BONUS:CASTERLEVEL|Bard|CL
###Block: Bardic abilities level definitions.
1	BONUS:VAR|BardicKnowledgeLvl|CL
1	BONUS:VAR|BardicKnowledge|BardicKnowledgeLvl
1	BONUS:VAR|BardicMusicLvl|CL
1	BONUS:VAR|BardicMusicTimes|CL
1	BONUS:VAR|InspireDurationBase|5
###Block:
1	ABILITY:Bard Ability|AUTOMATIC|Weapon and Armor Proficiency ~ Bard|!PREABILITY:1,CATEGORY=ACF,TYPE.BardProficiencies
1	ABILITY:Bard Ability|AUTOMATIC|Bardic Knowledge ~ Bard|!PREABILITY:1,CATEGORY=ACF,TYPE.BardBardicKnowledge
1	ABILITY:Bard Ability|AUTOMATIC|Bardic Music ~ Bard|!PREABILITY:1,CATEGORY=ACF,TYPE.BardBardicMusic
###Block: Bardic Music Abilities
1	ABILITY:Bard Ability|AUTOMATIC|Countersong ~ Bardic Music|PRESKILL:1,TYPE.Perform=3|PREVARGTEQ:BardicMusicLvl,1|!PREABILITY:1,CATEGORY=ACF,TYPE.BardCountersong
1	ABILITY:Bard Ability|AUTOMATIC|Fascinate ~ Bardic Music|PRESKILL:1,TYPE.Perform=3|PREVARGTEQ:BardicMusicLvl,1|!PREABILITY:1,CATEGORY=ACF,TYPE.BardFascinate
1	ABILITY:Bard Ability|AUTOMATIC|Inspire Courage ~ Bardic Music|PRESKILL:1,TYPE.Perform=3|PREVARGTEQ:BardicMusicLvl,1|!PREABILITY:1,CATEGORY=ACF,TYPE.BardInspireCourage
1	ABILITY:Bard Ability|AUTOMATIC|Inspire Competence ~ Bardic Music|PRESKILL:1,TYPE.Perform=6|PREVARGTEQ:BardicMusicLvl,3|!PREABILITY:1,CATEGORY=ACF,TYPE.BardCompetence
1	ABILITY:Bard Ability|AUTOMATIC|Suggestion ~ Bardic Music|PRESKILL:1,TYPE.Perform=9|PREVARGTEQ:BardicMusicLvl,6|!PREABILITY:1,CATEGORY=ACF,TYPE.BardSuggestion
1	ABILITY:Bard Ability|AUTOMATIC|Inspire Greatness ~ Bardic Music|PRESKILL:1,TYPE.Perform=12|PREVARGTEQ:BardicMusicLvl,9|!PREABILITY:1,CATEGORY=ACF,TYPE.BardInspireGreatness
1	ABILITY:Bard Ability|AUTOMATIC|Song of Freedom ~ Bardic Music|PRESKILL:1,TYPE.Perform=15|PREVARGTEQ:BardicMusicLvl,12|!PREABILITY:1,CATEGORY=ACF,TYPE.BardSongOfFreedom
1	ABILITY:Bard Ability|AUTOMATIC|Inspire Heroics ~ Bardic Music|PRESKILL:1,TYPE.Perform=18|PREVARGTEQ:BardicMusicLvl,15|!PREABILITY:1,CATEGORY=ACF,TYPE.BardInspireHeroics
1	ABILITY:Bard Ability|AUTOMATIC|Mass Suggestion ~ Bardic Music|PRESKILL:1,TYPE.Perform=21|PREVARGTEQ:BardicMusicLvl,18|!PREABILITY:1,CATEGORY=ACF,TYPE.BardMassSuggestion
###Block: Level progression
1	CAST:2			KNOWN:4
2	CAST:3,0			KNOWN:5,2
3	CAST:3,1			KNOWN:6,3
4	CAST:3,2,0			KNOWN:6,3,2
5	CAST:3,3,1			KNOWN:6,4,3
6	CAST:3,3,2			KNOWN:6,4,3
7	CAST:3,3,2,0		KNOWN:6,4,4,2
8	CAST:3,3,3,1		KNOWN:6,4,4,3
9	CAST:3,3,3,2		KNOWN:6,4,4,3
10	CAST:3,3,3,2,0		KNOWN:6,4,4,4,2
11	CAST:3,3,3,3,1		KNOWN:6,4,4,4,3
12	CAST:3,3,3,3,2		KNOWN:6,4,4,4,3
13	CAST:3,3,3,3,2,0		KNOWN:6,4,4,4,4,2
14	CAST:4,3,3,3,3,1		KNOWN:6,4,4,4,4,3
15	CAST:4,4,3,3,3,2		KNOWN:6,4,4,4,4,3
16	CAST:4,4,4,3,3,2,0	KNOWN:6,5,4,4,4,4,2
17	CAST:4,4,4,4,3,3,1	KNOWN:6,5,5,4,4,4,3
18	CAST:4,4,4,4,4,3,2	KNOWN:6,5,5,5,4,4,3
19	CAST:4,4,4,4,4,4,3	KNOWN:6,5,5,5,5,4,4
20	CAST:4,4,4,4,4,4,4	KNOWN:6,5,5,5,5,5,4

# Ex Bard	SOURCEPAGE:p.30	Doesn't do anything except prevent leveling in the class.

# Class Name	Hit Dice	Type			Class Type		Abbreviation	Max Level	Source Page		Bonus Languages					Save checks bonus											Combat bonus					Add domain number		Monster Role
CLASS:Cleric	HD:8		TYPE:Base.PC	CLASSTYPE:PC	ABB:Clr		MAXLEVEL:20	SOURCEPAGE:p.30	LANGBONUS:Abyssal,Celestial,Infernal	BONUS:CHECKS|BASE.Fortitude,BASE.Will|CL/2+2	BONUS:CHECKS|BASE.Reflex|CL/3	BONUS:COMBAT|BAB|CL*3/4|TYPE=Base.REPLACE	BONUS:DOMAIN|NUMBER|2	ROLE:Cleric
# Class Name	Skill Pts/Lvl	Class Skill
CLASS:Cleric	STARTSKILLPTS:2	CSKILL:Concentration|TYPE=Craft|Diplomacy|Heal|Knowledge (Arcana)|Knowledge (History)|Knowledge (Religion)|Knowledge (The Planes)|TYPE=Profession|Spellcraft
# Class Name	Spell Stat		Spell Type		Automatically Known Spell Levels											Caster level
CLASS:Cleric	SPELLSTAT:WIS	SPELLTYPE:Divine	KNOWNSPELLS:LEVEL=0|LEVEL=1|LEVEL=2|LEVEL=3|LEVEL=4|LEVEL=5|LEVEL=6|LEVEL=7|LEVEL=8|LEVEL=9	BONUS:CASTERLEVEL|Cleric|CL
###Block:
1	BONUS:VAR|AlignmentAuraBase|CL
1	BONUS:VAR|TurnLevelBase,TurnDamagePlusBase|CL|TYPE=Level.REPLACE
1	BONUS:VAR|TurnTimesBase|3+CHA|TYPE=Base
1	BONUS:VAR|TurnCheckBase|CHA|TYPE=Base
###Block:
1	PROHIBITSPELL:ALIGNMENT.Chaotic|PREALIGN:LG,LN,LE
1	PROHIBITSPELL:ALIGNMENT.Chaotic|PREDEITYALIGN:LG,LN,LE
1	PROHIBITSPELL:ALIGNMENT.Evil|PREALIGN:LG,NG,CG
1	PROHIBITSPELL:ALIGNMENT.Evil|PREDEITYALIGN:LG,NG,CG
1	PROHIBITSPELL:ALIGNMENT.Good|PREALIGN:LE,NE,CE
1	PROHIBITSPELL:ALIGNMENT.Good|PREDEITYALIGN:LE,NE,CE
1	PROHIBITSPELL:ALIGNMENT.Lawful|PREALIGN:CG,CN,CE
1	PROHIBITSPELL:ALIGNMENT.Lawful|PREDEITYALIGN:CG,CN,CE
###Block:
1	ABILITY:Cleric Ability|AUTOMATIC|Weapon and Armor Proficiency ~ Cleric|!PREABILITY:1,CATEGORY=ACF,TYPE.ClericProficiences
1	ABILITY:Cleric Ability|AUTOMATIC|Aura ~ Cleric
1	ABILITY:Cleric Ability|AUTOMATIC|Spells ~ Cleric
1	ABILITY:Cleric Ability|AUTOMATIC|Spontaneous Casting ~ Cleric
1	ABILITY:Cleric Ability|AUTOMATIC|Turn or Rebuke Undead ~ Cleric
###Block:
1	TEMPLATE:RighteousMightDR
###Block:
1	CAST:3,1
2	CAST:4,2
3	CAST:4,2,1
4	CAST:5,3,2
5	CAST:5,3,2,1
6	CAST:5,3,3,2
7	CAST:6,4,3,2,1
8	CAST:6,4,3,3,2
9	CAST:6,4,4,3,2,1
10	CAST:6,4,4,3,3,2
11	CAST:6,5,4,4,3,2,1
12	CAST:6,5,4,4,3,3,2
13	CAST:6,5,5,4,4,3,2,1
14	CAST:6,5,5,4,4,3,3,2
15	CAST:6,5,5,5,4,4,3,2,1
16	CAST:6,5,5,5,4,4,3,3,2
17	CAST:6,5,5,5,5,4,4,3,2,1
18	CAST:6,5,5,5,5,4,4,3,3,2
19	CAST:6,5,5,5,5,5,4,4,3,3
20	CAST:6,5,5,5,5,5,4,4,4,4

# Class Name	Hit Dice	Type			Class Type		Abbreviation	Max Level	Ex Class		Source Page		Bonus Languages	Automatically Gained Language	Save checks bonus											Combat bonus					Monster Role
CLASS:Druid		HD:8		TYPE:Base.PC	CLASSTYPE:PC	ABB:Drd		MAXLEVEL:20	EXCLASS:Ex Druid	SOURCEPAGE:p.33	LANGBONUS:Sylvan	AUTO:LANG|Druidic			BONUS:CHECKS|BASE.Fortitude,BASE.Will|CL/2+2	BONUS:CHECKS|BASE.Reflex|CL/3	BONUS:COMBAT|BAB|CL*3/4|TYPE=Base.REPLACE	ROLE:Druid
# Class Name	Restricted AL
CLASS:Druid		!PREALIGN:LG,LE,CG,CE
# Class Name	Skill Pts/Lvl	Class Skill
CLASS:Druid		STARTSKILLPTS:4	CSKILL:Concentration|TYPE=Craft|Diplomacy|Handle Animal|Heal|Knowledge (Nature)|Listen|TYPE=Profession|Ride|Spellcraft|Spot|Survival|Swim
# Class Name	Spell Stat		Spell Type		Automatically Known Spell Levels											Caster level
CLASS:Druid		SPELLSTAT:WIS	SPELLTYPE:Divine	KNOWNSPELLS:LEVEL=0|LEVEL=1|LEVEL=2|LEVEL=3|LEVEL=4|LEVEL=5|LEVEL=6|LEVEL=7|LEVEL=8|LEVEL=9	BONUS:CASTERLEVEL|Druid|CL
###Block:
1	TEMPLATE:Timeless Body
###Block:
1	BONUS:VAR|DruidWildShape|CL
1	BONUS:VAR|WildEmpathy|CL
1	BONUS:VAR|AnimalCompanionLVL|CL
###Block:
1	PROHIBITSPELL:ALIGNMENT.Chaotic|PREALIGN:LG,LN,LE
1	PROHIBITSPELL:ALIGNMENT.Chaotic|PREDEITYALIGN:LG,LN,LE
1	PROHIBITSPELL:ALIGNMENT.Evil|PREALIGN:LG,NG,CG
1	PROHIBITSPELL:ALIGNMENT.Evil|PREDEITYALIGN:LG,NG,CG
1	PROHIBITSPELL:ALIGNMENT.Good|PREALIGN:LE,NE,CE
1	PROHIBITSPELL:ALIGNMENT.Good|PREDEITYALIGN:LE,NE,CE
1	PROHIBITSPELL:ALIGNMENT.Lawful|PREALIGN:CG,CN,CE
1	PROHIBITSPELL:ALIGNMENT.Lawful|PREDEITYALIGN:CG,CN,CE
###Block:
1	ABILITY:Druid Ability|AUTOMATIC|Weapon and Armor Proficiency ~ Druid|!PREABILITY:1,CATEGORY=ACF,TYPE.DruidProficiencies
1	ABILITY:Druid Ability|AUTOMATIC|Spells ~ Druid
1	ABILITY:Druid Ability|AUTOMATIC|Spontaneous Casting ~ Druid|!PREABILITY:1,CATEGORY=ACF,TYPE.DruidSpontaneousCasting
1	ABILITY:Druid Ability|AUTOMATIC|Animal Companion ~ Druid|!PREABILITY:1,CATEGORY=ACF,TYPE.DruidAnimalCompanion
1	ABILITY:Druid Ability|AUTOMATIC|Nature Sense ~ Druid|!PREABILITY:1,CATEGORY=ACF,TYPE.DruidNatureSense
1	ABILITY:Druid Ability|AUTOMATIC|Wild Empathy ~ Druid|!PREABILITY:1,CATEGORY=ACF,TYPE.DruidWildEmpathy
2	ABILITY:Druid Ability|AUTOMATIC|Woodland Stride ~ Druid|!PREABILITY:1,CATEGORY=ACF,TYPE.DruidWoodlandStride
3	ABILITY:Druid Ability|AUTOMATIC|Trackless Step ~ Druid|!PREABILITY:1,CATEGORY=ACF,TYPE.DruidTracklessStep
4	ABILITY:Druid Ability|AUTOMATIC|Resist Nature's Lure ~ Druid|!PREABILITY:1,CATEGORY=ACF,TYPE.DruidResistNaturesLure
5	ABILITY:Druid Ability|AUTOMATIC|Wild Shape ~ Druid|!PREABILITY:1,CATEGORY=ACF,TYPE.DruidWildShape
9	ABILITY:Druid Ability|AUTOMATIC|Venom Immunity ~ Druid|!PREABILITY:1,CATEGORY=ACF,TYPE.DruidVenomImmunity
13	ABILITY:Druid Ability|AUTOMATIC|A Thousand Faces ~ Druid|!PREABILITY:1,CATEGORY=ACF,TYPE.DruidAThousandFaces
15	ABILITY:Druid Ability|AUTOMATIC|Timeless Body ~ Druid|!PREABILITY:1,CATEGORY=ACF,TYPE.DruidTimelessBody
###Block: Normal Progression
1	CAST:3,1
2	CAST:4,2
3	CAST:4,2,1
4	CAST:5,3,2
5	CAST:5,3,2,1
6	CAST:5,3,3,2
7	CAST:6,4,3,2,1
8	CAST:6,4,3,3,2
9	CAST:6,4,4,3,2,1
10	CAST:6,4,4,3,3,2
11	CAST:6,5,4,4,3,2,1
12	CAST:6,5,4,4,3,3,2
13	CAST:6,5,5,4,4,3,2,1
14	CAST:6,5,5,4,4,3,3,2
15	CAST:6,5,5,5,4,4,3,2,1
16	CAST:6,5,5,5,4,4,3,3,2
17	CAST:6,5,5,5,5,4,4,3,2,1
18	CAST:6,5,5,5,5,4,4,3,3,2
19	CAST:6,5,5,5,5,5,4,4,3,3
20	CAST:6,5,5,5,5,5,4,4,4,4

# Class Name	Hit Dice	Type			Class Type		Abbreviation	Max Level	Source Page		Bonus Languages	Visible	Automatically Gained Language	Save checks bonus											Combat bonus					Monster Role
CLASS:Ex Druid	HD:8		TYPE:Base.PC	CLASSTYPE:PC	ABB:XDrd		MAXLEVEL:20	SOURCEPAGE:p.37	LANGBONUS:Sylvan	VISIBLE:NO	AUTO:LANG|Druidic			BONUS:CHECKS|BASE.Fortitude,BASE.Will|CL/2+2	BONUS:CHECKS|BASE.Reflex|CL/3	BONUS:COMBAT|BAB|CL*3/4|TYPE=Base.REPLACE	ROLE:Druid
# Class Name	Skill Pts/Lvl	Class Skill
CLASS:Ex Druid	STARTSKILLPTS:4	CSKILL:Concentration|TYPE=Craft|Diplomacy|Handle Animal|Heal|Knowledge (Nature)|Listen|TYPE=Profession|Ride|Spellcraft|Spot|Survival|Swim
###Block:
1	ABILITY:Druid Ability|AUTOMATIC|Weapon and Armor Proficiency ~ Druid|!PREABILITY:1,CATEGORY=ACF,TYPE.DruidProficiencies

# Class Name	Hit Dice	Type			Class Type		Abbreviation	Max Level	Source Page		Define			Save checks bonus											Combat bonus					Monster Role
CLASS:Fighter	HD:10		TYPE:Base.PC	CLASSTYPE:PC	ABB:Ftr		MAXLEVEL:20	SOURCEPAGE:p.37	DEFINE:FighterLVL|CL	BONUS:CHECKS|BASE.Fortitude|CL/2+2	BONUS:CHECKS|BASE.Reflex,BASE.Will|CL/3	BONUS:COMBAT|BAB|CL|TYPE=Base.REPLACE	ROLE:Combat
# Class Name	Skill Pts/Lvl	Class Skill
CLASS:Fighter	STARTSKILLPTS:2	CSKILL:Climb|TYPE=Craft|Handle Animal|Intimidate|Jump|Ride|Swim
###Block:
1	ABILITY:Fighter Ability|AUTOMATIC|Weapon and Armor Proficiency ~ Fighter|!PREABILITY:1,CATEGORY=ACF,TYPE.FighterProficiencies
1	ABILITY:Fighter Ability|AUTOMATIC|Bonus Feats ~ Fighter|!PREABILITY:1,CATEGORY=ACF,TYPE.FighterBonusFeat,TYPE.FighterBonusFeats
###Block: Qualifications from PCGen RSRD
1	ABILITY:Special Ability|AUTOMATIC|Fighter Level Advanced Feat Tracker
1	ABILITY:Special Ability|AUTOMATIC|Weapon Specialization Qualify|!PREABILITY:1,CATEGORY=ACF,TYPE.FighterWeaponSpecialization
1	ABILITY:Special Ability|AUTOMATIC|Greater Weapon Focus Qualify|!PREABILITY:1,CATEGORY=ACF,TYPE.FighterGreaterWeaponFocus
1	ABILITY:Special Ability|AUTOMATIC|Greater Weapon Specialization Qualify|!PREABILITY:1,CATEGORY=ACF,TYPE.FighterGreaterWeaponSpecialization


# Class Name	Hit Dice	Type			Class Type		Abbreviation	Max Level	Source Page		Define						Save checks bonus								Combat bonus
CLASS:Monk		HD:8		TYPE:Base.PC	CLASSTYPE:PC	ABB:Mnk		MAXLEVEL:20	SOURCEPAGE:p.39	DEFINE:FlurryOfBlows|1	DEFINE:MonkLVL|CL	BONUS:CHECKS|BASE.Fortitude,BASE.Reflex,BASE.Will|CL/2+2	BONUS:COMBAT|BAB|CL*3/4|TYPE=Base.REPLACE
# Class Name	Required AL
CLASS:Monk		PREALIGN:LG,LN,LE
# Class Name	Skill Pts/Lvl	Class Skill
CLASS:Monk		STARTSKILLPTS:4	CSKILL:Balance|Climb|Concentration|TYPE=Craft|Diplomacy|Escape Artist|Hide|Jump|Knowledge (Arcana)|Knowledge (Religion)|Listen|Move Silently|TYPE=Perform|TYPE=Profession|Sense Motive|Spot|Swim|Tumble
###Block:
1	KIT:1|Monk Flurry of Blows
###Block:
1	BONUS:VAR|MonkACLVL|CL
1	BONUS:VAR|MonkMoveLVL|CL
1	BONUS:VAR|FlurryLVL,StunningFistMonkLVL|MonkLVL
1	BONUS:VAR|MonkBonusFeatLVL|CL
4	BONUS:VAR|KiStrikeLVL|CL
1	BONUS:VAR|MonkFeatCount|1
2	BONUS:VAR|MonkFeatCount|1
6	BONUS:VAR|MonkFeatCount|1
2	BONUS:VAR|EvasionUsable,ImprovedEvasionUsable|1|TYPE=Prerequisite|PREEQUIP:1,TYPE=Medium,TYPE=Heavy
4	BONUS:VAR|SlowFallLVL|CL
7	BONUS:VAR|WholenessBodyLVL|CL
13	BONUS:VAR|DiamondSoulLVL|CL
15	BONUS:VAR|QuiveringPalmLVL|CL
19	BONUS:VAR|EmptyBodyLVL|CL
###Block:
1	BONUS:ABILITYPOOL|Monk Feat|MonkFeatCount
###Block: RSRD Stuff From PCGen
4	ABILITY:Internal|AUTOMATIC|Monk Ki Strike Advancement|!PREABILITY:1,CATEGORY=ACF,TYPE.MonkKiStrike
1	ABILITY:Monk Ability|AUTOMATIC|Greater Flurry ~ Monk|PREVARGTEQ:GreaterFlurry,1|!PREABILITY:1,CATEGORY=ACF,TYPE.MonkGreaterFlurryOfBlows
###Block:
1	ABILITY:Monk Ability|AUTOMATIC|Weapon and Armor Proficiency ~ Monk|!PREABILITY:1,CATEGORY=ACF,TYPE.MonkProficiencies
1	ABILITY:Monk Ability|AUTOMATIC|AC Bonus ~ Monk|!PREABILITY:1,CATEGORY=ACF,TYPE.MonkACBonus
1	ABILITY:Monk Ability|AUTOMATIC|Flurry of Blows ~ Monk|!PREABILITY:1,CATEGORY=ACF,TYPE.MonkFlurryOfBlows
1	ABILITY:Monk Ability|AUTOMATIC|Unarmed Strike ~ Monk|!PREABILITY:1,CATEGORY=ACF,TYPE.MonkUnarmedStrike
1	ABILITY:Monk Ability|AUTOMATIC|Bonus Feat ~ Monk|!PREABILITY:1,CATEGORY=ACF,TYPE.MonkBonusFeats
1	ABILITY:Monk Ability|AUTOMATIC|Evasion ~ Monk|!PREABILITY:1,CATEGORY=ACF,TYPE.MonkEvasion
1	ABILITY:Monk Ability|AUTOMATIC|Fast Movement ~ Monk|!PREABILITY:1,CATEGORY=ACF,TYPE.MonkFastMovement
3	ABILITY:Monk Ability|AUTOMATIC|Still Mind ~ Monk|!PREABILITY:1,CATEGORY=ACF,TYPE.MonkStillMind
4	ABILITY:Monk Ability|AUTOMATIC|Ki Strike ~ Monk|!PREABILITY:1,CATEGORY=ACF,TYPE.MonkKiStrike
4	ABILITY:Monk Ability|AUTOMATIC|Slow Fall ~ Monk|!PREABILITY:1,CATEGORY=ACF,TYPE.MonkSlowFall
5	ABILITY:Monk Ability|AUTOMATIC|Purity of Body ~ Monk|!PREABILITY:1,CATEGORY=ACF,TYPE.MonkPurityOfBody
7	ABILITY:Monk Ability|AUTOMATIC|Wholeness of Body ~ Monk|!PREABILITY:1,CATEGORY=ACF,TYPE.MonkWholenessOfBody
9	ABILITY:Monk Ability|AUTOMATIC|Improved Evasion ~ Monk|!PREABILITY:1,CATEGORY=ACF,TYPE.MonkImprovedEvasion
11	ABILITY:Monk Ability|AUTOMATIC|Diamond Body ~ Monk|!PREABILITY:1,CATEGORY=ACF,TYPE.MonkDiamondBody
12	ABILITY:Monk Ability|AUTOMATIC|Abundant Step ~ Monk|!PREABILITY:1,CATEGORY=ACF,TYPE.MonkAbundantStep
13	ABILITY:Monk Ability|AUTOMATIC|Diamond Soul ~ Monk|!PREABILITY:1,CATEGORY=ACF,TYPE.MonkDiamondSoul
15	ABILITY:Monk Ability|AUTOMATIC|Quivering Palm ~ Monk|!PREABILITY:1,CATEGORY=ACF,TYPE.MonkQuiveringPalm
17	ABILITY:Monk Ability|AUTOMATIC|Timeless Body ~ Monk|!PREABILITY:1,CATEGORY=ACF,TYPE.MonkTimelessBody
17	ABILITY:Monk Ability|AUTOMATIC|Tongue of the Sun and Moon ~ Monk|!PREABILITY:1,CATEGORY=ACF,TYPE.MonkTongueOfTheSunAndMoon
19	ABILITY:Monk Ability|AUTOMATIC|Empty Body ~ Monk|!PREABILITY:1,CATEGORY=ACF,TYPE.MonkEmptyBody
20	ABILITY:Monk Ability|AUTOMATIC|Perfect Self ~ Monk|!PREABILITY:1,CATEGORY=ACF,TYPE.MonkPerfectSelf
###Block: Unarmed Block
1	UMULT:2
###Block:
1	UDAM:1d1,1d2,1d3,1d4,1d6,1d8,2d6,3d6,4d6
2	UDAM:1d1,1d2,1d3,1d4,1d6,1d8,2d6,3d6,4d6
3	UDAM:1d1,1d2,1d3,1d4,1d6,1d8,2d6,3d6,4d6
4	UDAM:1d2,1d3,1d4,1d6,1d8,2d6,3d6,4d6,6d6
5	UDAM:1d2,1d3,1d4,1d6,1d8,2d6,3d6,4d6,6d6
6	UDAM:1d2,1d3,1d4,1d6,1d8,2d6,3d6,4d6,6d6
7	UDAM:1d2,1d3,1d4,1d6,1d8,2d6,3d6,4d6,6d6
8	UDAM:1d3,1d4,1d6,1d8,1d10,2d8,3d8,4d8,6d8
9	UDAM:1d3,1d4,1d6,1d8,1d10,2d8,3d8,4d8,6d8
10	UDAM:1d3,1d4,1d6,1d8,1d10,2d8,3d8,4d8,6d8
11	UDAM:1d3,1d4,1d6,1d8,1d10,2d8,3d8,4d8,6d8
12	UDAM:1d4,1d6,1d8,1d10,2d6,3d6,4d6,6d6,8d6
13	UDAM:1d4,1d6,1d8,1d10,2d6,3d6,4d6,6d6,8d6
14	UDAM:1d4,1d6,1d8,1d10,2d6,3d6,4d6,6d6,8d6
15	UDAM:1d4,1d6,1d8,1d10,2d6,3d6,4d6,6d6,8d6
16	UDAM:1d6,1d8,1d10,2d6,2d8,3d8,4d8,6d8,8d8
17	UDAM:1d6,1d8,1d10,2d6,2d8,3d8,4d8,6d8,8d8
18	UDAM:1d6,1d8,1d10,2d6,2d8,3d8,4d8,6d8,8d8
19	UDAM:1d6,1d8,1d10,2d6,2d8,3d8,4d8,6d8,8d8
20	UDAM:1d8,1d10,2d6,2d8,2d10,4d8,6d8,8d8,12d8


# Class Name	Hit Dice	Type			Abbreviation	Max Level	Ex Class			Source Page		Define			Save checks bonus											Combat bonus					Monster Role
CLASS:Paladin	HD:10		TYPE:Base.PC	ABB:Pld		MAXLEVEL:20	EXCLASS:Ex Paladin	SOURCEPAGE:p.42	DEFINE:PaladinLvl|CL	BONUS:CHECKS|BASE.Fortitude|CL/2+2	BONUS:CHECKS|BASE.Reflex,BASE.Will|CL/3	BONUS:COMBAT|BAB|CL|TYPE=Base.REPLACE	ROLE:Combat
# Class Name	Required AL
CLASS:Paladin	PREALIGN:LG
# Class Name	Skill Pts/Lvl	Class Skill
CLASS:Paladin	STARTSKILLPTS:2	CSKILL:Concentration|TYPE=Craft|Diplomacy|Handle Animal|Heal|Knowledge (Nobility and Royalty)|Knowledge (Religion)|TYPE=Profession|Ride|Sense Motive
# Class Name	Spell Stat		Spell Type		Automatically Known Spell Levels				Craft Level Mult.	Caster level
CLASS:Paladin	SPELLSTAT:WIS	SPELLTYPE:Divine	KNOWNSPELLS:LEVEL=0|LEVEL=1|LEVEL=2|LEVEL=3|LEVEL=4	ITEMCREATE:0.5	BONUS:CASTERLEVEL|Paladin|CL/2|PRECLASS:1,Paladin=4
###Block:Proficiencies
###Block: Level progression
1	BONUS:VAR|AuraGood,DetectEvilLVL,PaladinSmiteEvilLVL|CL					DEFINE:AllowHolyAvenger|1
2	BONUS:VAR|LayOnHandsLVL|CL|!PREABILITY:1,CATEGORY=ACF,TYPE.PaladinLayOnHands
4	BONUS:VAR|PaladinTurnLVL|CL|!PREABILITY:1,CATEGORY=ACF,TYPE.PaladinTurnUndead
5	BONUS:VAR|SpecialMountLVL|CL|!PREABILITY:1,CATEGORY=ACF,TYPE.PaladinSpecialMount
6	BONUS:VAR|RemoveDiseaseLVL|CL|!PREABILITY:1,CATEGORY=ACF,TYPE.PaladinRemoveDisease
###Block:
1	ABILITY:Paladin Ability|AUTOMATIC|Code of Conduct ~ Paladin|Associates ~ Paladin
1	ABILITY:Paladin Ability|AUTOMATIC|Weapon and Armor Proficiency ~ Paladin|!PREABILITY:1,CATEGORY=ACF,TYPE.PaladinProficiencies
1	ABILITY:Paladin Ability|AUTOMATIC|Aura of Good ~ Paladin|!PREABILITY:1,CATEGORY=ACF,TYPE.PaladinAuraOfGood
1	ABILITY:Paladin Ability|AUTOMATIC|Detect Evil ~ Paladin|!PREABILITY:1,CATEGORY=ACF,TYPE.PaladinDetectEvil
1	ABILITY:Paladin Ability|AUTOMATIC|Smite Evil ~ Paladin|!PREABILITY:1,CATEGORY=ACF,TYPE.PaladinSmiteEvil
2	ABILITY:Paladin Ability|AUTOMATIC|Divine Grace ~ Paladin|!PREABILITY:1,CATEGORY=ACF,TYPE.PaladinDivineGrave
2	ABILITY:Paladin Ability|AUTOMATIC|Lay on Hands ~ Paladin|!PREABILITY:1,CATEGORY=ACF,TYPE.PaladinLayOnHands
3	ABILITY:Paladin Ability|AUTOMATIC|Aura of Courage ~ Paladin|!PREABILITY:1,CATEGORY=ACF,TYPE.PaladinAuraOfCourage
3	ABILITY:Paladin Ability|AUTOMATIC|Divine Health ~ Paladin|!PREABILITY:1,CATEGORY=ACF,TYPE.PaladinDivineHealth
4	ABILITY:Paladin Ability|AUTOMATIC|Turn Undead ~ Paladin|!PREABILITY:1,CATEGORY=ACF,TYPE.PaladinTurnUndead
5	ABILITY:Paladin Ability|AUTOMATIC|Special Mount ~ Paladin|!PREABILITY:1,CATEGORY=ACF,TYPE.PaladinSpecialMount
6	ABILITY:Paladin Ability|AUTOMATIC|Remove Disease ~ Paladin|!PREABILITY:1,CATEGORY=ACF,TYPE.PaladinRemoveDisease
###Block:
4	CAST:0,0
5	CAST:0,0
6	CAST:0,1
7	CAST:0,1
8	CAST:0,1,0
9	CAST:0,1,0
10	CAST:0,1,1
11	CAST:0,1,1,0
12	CAST:0,1,1,1
13	CAST:0,1,1,1
14	CAST:0,2,1,1,0
15	CAST:0,2,1,1,1
16	CAST:0,2,2,1,1
17	CAST:0,2,2,2,1
18	CAST:0,3,2,2,1
19	CAST:0,3,3,3,2
20	CAST:0,3,3,3,3

# Class Name	Hit Dice	Type			Class Type		Abbreviation	Max Level	Source Page		Visible	Save checks bonus											Combat bonus					Monster Role
CLASS:Ex Paladin	HD:10		TYPE:Base.PC	CLASSTYPE:PC	ABB:XPal		MAXLEVEL:20	SOURCEPAGE:p.44	VISIBLE:NO	BONUS:CHECKS|BASE.Fortitude|CL/2+2	BONUS:CHECKS|BASE.Reflex,BASE.Will|CL/3	BONUS:COMBAT|BAB|CL|TYPE=Base.REPLACE	ROLE:Combat
# Class Name	Skill Pts/Lvl	Class Skill
CLASS:Ex Paladin	STARTSKILLPTS:2	CSKILL:Concentration|TYPE=Craft|Diplomacy|Handle Animal|Heal|Knowledge (Nobility and Royalty)|Knowledge (Religion)|TYPE=Profession|Ride|Sense Motive
###Block:Proficiencies
1	ABILITY:Paladin Ability|AUTOMATIC|Weapon and Armor Proficiency ~ Paladin|!PREABILITY:1,CATEGORY=ACF,TYPE.PaladinProficiencies

# Class Name	Hit Dice	Type			Class Type		Abbreviation	Max Level	Source Page		Save checks bonus											Combat bonus					Monster Role
CLASS:Ranger	HD:8		TYPE:Base.PC	CLASSTYPE:PC	ABB:Rgr		MAXLEVEL:20	SOURCEPAGE:p.46	BONUS:CHECKS|BASE.Fortitude,BASE.Reflex|CL/2+2	BONUS:CHECKS|BASE.Will|CL/3	BONUS:COMBAT|BAB|CL|TYPE=Base.REPLACE	ROLE:Combat.Skill
# Class Name	Skill Pts/Lvl	Class Skill
CLASS:Ranger	STARTSKILLPTS:6	CSKILL:Climb|Concentration|TYPE=Craft|Handle Animal|Heal|Hide|Jump|Knowledge (Dungeoneering)|Knowledge (Geography)|Knowledge (Nature)|Listen|Move Silently|TYPE=Profession|Ride|Search|Spot|Survival|Swim|Use Rope
# Class Name	Spell Stat		Spell Type		Automatically Known Spell Levels				Craft Level Mult.	Caster level
CLASS:Ranger	SPELLSTAT:WIS	SPELLTYPE:Divine	KNOWNSPELLS:LEVEL=0|LEVEL=1|LEVEL=2|LEVEL=3|LEVEL=4	ITEMCREATE:0.5	BONUS:CASTERLEVEL|Ranger|CL/2|PRECLASS:1,Ranger=4
###Block:
1	BONUS:VAR|RangerFavoredEnemyLVL|CL
1	BONUS:VAR|RangerCombatTreeLVL|CL
1	BONUS:VAR|WildEmpathy|CL
4	BONUS:VAR|AnimalCompanionLVL|CL/2|!PREABILITY:1,CATEGORY=ACF,TYPE.RangerAnimalCompanion
9	BONUS:VAR|EvasionUsable,ImprovedEvasionUsable|1|TYPE=Prerequisite|PREEQUIP:1,TYPE=Medium,TYPE=Heavy
###Block:
1	ABILITY:Ranger Ability|AUTOMATIC|Weapon and Armor Proficiency ~ Ranger|!PREABILITY:1,CATEGORY=ACF,TYPE.RangerProficiencies
1	ABILITY:Ranger Ability|AUTOMATIC|Favored Enemy ~ Ranger|!PREABILITY:1,CATEGORY=ACF,TYPE.RangerFavoredEnemy
1	ABILITY:Ranger Ability|AUTOMATIC|Track ~ Ranger|!PREABILITY:1,CATEGORY=ACF,TYPE.RangerTrack
1	ABILITY:Ranger Ability|AUTOMATIC|Wild Empathy ~ Ranger|!PREABILITY:1,CATEGORY=ACF,TYPE.RangerWildEmpathy
2	ABILITY:Ranger Ability|AUTOMATIC|Combat Style ~ Ranger|!PREABILITY:1,CATEGORY=ACF,TYPE.RangerCombatTree
3	ABILITY:Ranger Ability|AUTOMATIC|Endurance ~ Ranger|!PREABILITY:1,CATEGORY=ACF,TYPE.RangerEndurance
4	ABILITY:Ranger Ability|AUTOMATIC|Animal Companion ~ Ranger|!PREABILITY:1,CATEGORY=ACF,TYPE.RangerAnimalCompanion
6	ABILITY:Ranger Ability|AUTOMATIC|Improved Combat Style ~ Ranger|!PREABILITY:1,CATEGORY=ACF,TYPE.RangerImprovedCombatStyle
7	ABILITY:Ranger Ability|AUTOMATIC|Woodland Stride ~ Ranger|!PREABILITY:1,CATEGORY=ACF,TYPE.RangerWoodlandStride
8	ABILITY:Ranger Ability|AUTOMATIC|Swift Tracker ~ Ranger|!PREABILITY:1,CATEGORY=ACF,TYPE.RangerSwiftTracker
9	ABILITY:Ranger Ability|AUTOMATIC|Evasion ~ Ranger|!PREABILITY:1,CATEGORY=ACF,TYPE.RangerEvasion
11	ABILITY:Ranger Ability|AUTOMATIC|Combat Style Mastery ~ Ranger|!PREABILITY:1,CATEGORY=ACF,TYPE.RangerCombatStyleMastery
13	ABILITY:Ranger Ability|AUTOMATIC|Camouflage ~ Ranger|!PREABILITY:1,CATEGORY=ACF,TYPE.RangerCamouflage
17	ABILITY:Ranger Ability|AUTOMATIC|Hide in Plain Sight ~ Ranger|!PREABILITY:1,CATEGORY=ACF,TYPE.RangerHideInPlainSight
###Block: Level progression
4	CAST:0,0
5	CAST:0,0
6	CAST:0,1
7	CAST:0,1
8	CAST:0,1,0
9	CAST:0,1,0
10	CAST:0,1,1
11	CAST:0,1,1,0
12	CAST:0,1,1,1
13	CAST:0,1,1,1
14	CAST:0,2,1,1,0
15	CAST:0,2,1,1,1
16	CAST:0,2,2,1,1
17	CAST:0,2,2,2,1
18	CAST:0,3,2,2,1
19	CAST:0,3,3,3,2
20	CAST:0,3,3,3,3

# Class Name	Hit Dice	Type		Class Type		Abbreviation	Max Level	Source Page		Define			Save checks bonus												Combat bonus					Monster Role
CLASS:Rogue		HD:6		TYPE:PC	CLASSTYPE:PC	ABB:Rog		MAXLEVEL:20	SOURCEPAGE:p.49	DEFINE:RogueLVL|CL	BONUS:CHECKS|BASE.Reflex|CL/2+2	BONUS:CHECKS|BASE.Fortitude,BASE.Will|CL/3	BONUS:COMBAT|BAB|CL*3/4|TYPE=Base.REPLACE	ROLE:Skill
# Class Name	Skill Pts/Lvl	Class Skill
CLASS:Rogue		STARTSKILLPTS:8	CSKILL:Appraise|Balance|Bluff|Climb|TYPE=Craft|Decipher Script|Diplomacy|Disable Device|Disguise|Escape Artist|Forgery|Gather Information|Hide|Intimidate|Jump|Knowledge (Local)|Listen|Move Silently|Open Lock|TYPE=Perform|TYPE=Profession|Search|Sense Motive|Sleight of Hand|Spot|Swim|Tumble|Use Magic Device|Use Rope
###Block: Level progression
1	BONUS:VAR|RogueSneakAttackLVL|CL
2	BONUS:VAR|EvasionUsable,ImprovedEvasionUsable|1|TYPE=Prerequisite|PREEQUIP:1,TYPE=Medium,TYPE=Heavy
3	BONUS:VAR|RogueTrapSenseLVL|CL
4	BONUS:VAR|UncannyDodgeFlankingLevel|CL|TYPE=EachClass.REPLACE
4	BONUS:VAR|UncannyDodgeLevel|CL/4
###Block: Ability Pool
10	BONUS:ABILITYPOOL|Rogue Special Ability|min(4,(CL-7)/3)
###Block:
1	ABILITY:Rogue Ability|AUTOMATIC|Weapon and Armor Proficiency ~ Rogue|!PREABILITY:1,CATEGORY=ACF,TYPE.RogueProficiencies
1	ABILITY:Rogue Ability|AUTOMATIC|Sneak Attack ~ Rogue|!PREABILITY:1,CATEGORY=ACF,TYPE.RogueSneakAttack
1	ABILITY:Rogue Ability|AUTOMATIC|Trapfinding ~ Rogue|!PREABILITY:1,CATEGORY=ACF,TYPE.RogueTrapfinding
2	ABILITY:Rogue Ability|AUTOMATIC|Evasion ~ Rogue|!PREABILITY:1,CATEGORY=ACF,TYPE.RogueEvasion
3	ABILITY:Rogue Ability|AUTOMATIC|Trap Sense ~ Rogue|!PREABILITY:1,CATEGORY=ACF,TYPE.RogueTrapSense
4	ABILITY:Rogue Ability|AUTOMATIC|Uncanny Dodge ~ Rogue|!PREABILITY:1,CATEGORY=ACF,TYPE.RogueUncannyDodge
8	ABILITY:Rogue Ability|AUTOMATIC|Improved Uncanny Dodge ~ Rogue|!PREABILITY:1,CATEGORY=ACF,TYPE.RogueImprovedUncannyDodge
10	ABILITY:Rogue Ability|AUTOMATIC|Special Abilities ~ Rogue|!PREABILITY:1,CATEGORY=ACF,TYPE.RogueSpecialAbilities

# Class Name	Hit Dice	Type		Class Type		Abbreviation	Max Level	Source Page		Define			Save checks bonus											Combat bonus					Monster Role
CLASS:Sorcerer	HD:4		TYPE:PC	CLASSTYPE:PC	ABB:Sor		MAXLEVEL:20	SOURCEPAGE:p.51	DEFINE:SorcererLVL|CL	BONUS:CHECKS|BASE.Will|CL/2+2	BONUS:CHECKS|BASE.Fortitude,BASE.Reflex|CL/3	BONUS:COMBAT|BAB|CL/2|TYPE=Base.REPLACE	ROLE:Sorcerer
# Class Name	Skill Pts/Lvl	Class Skill
CLASS:Sorcerer	STARTSKILLPTS:2	CSKILL:Bluff|Concentration|TYPE=Craft|Knowledge (Arcana)|TYPE=Profession|Spellcraft
# Class Name	Spell Stat		Spell Type		Memorize	Caster level
CLASS:Sorcerer	SPELLSTAT:CHA	SPELLTYPE:Arcane	MEMORIZE:NO	BONUS:CASTERLEVEL|Sorcerer|CL
###Block:
1	ABILITY:Sorcerer Ability|AUTOMATIC|Weapon and Armor Proficiency ~ Sorcerer|!PREABILITY:1,CATEGORY=ACF,TYPE.SorcererProficiencies
1	ABILITY:Sorcerer Ability|AUTOMATIC|Familiar ~ Sorcerer|!PREABILITY:1,CATEGORY=ACF,TYPE.SorcererFamiliar
1	ABILITY:Sorcerer Ability|AUTOMATIC|Spells ~ Sorcerer
###Block:
1	BONUS:VAR|FamiliarLVL|CL|!PREABILITY:1,CATEGORY=ACF,TYPE.SorcererSummonFamiliar
###Block:
1	CAST:5,3				KNOWN:4,2
2	CAST:6,4				KNOWN:5,2
3	CAST:6,5				KNOWN:5,3
4	CAST:6,6,3				KNOWN:6,3,1
5	CAST:6,6,4				KNOWN:6,4,2
6	CAST:6,6,5,3			KNOWN:7,4,2,1
7	CAST:6,6,6,4			KNOWN:7,5,3,2
8	CAST:6,6,6,5,3			KNOWN:8,5,3,2,1
9	CAST:6,6,6,6,4			KNOWN:8,5,4,3,2
10	CAST:6,6,6,6,5,3			KNOWN:9,5,4,3,2,1
11	CAST:6,6,6,6,6,4			KNOWN:9,5,5,4,3,2
12	CAST:6,6,6,6,6,5,3		KNOWN:9,5,5,4,3,2,1
13	CAST:6,6,6,6,6,6,4		KNOWN:9,5,5,4,4,3,2
14	CAST:6,6,6,6,6,6,5,3		KNOWN:9,5,5,4,4,3,2,1
15	CAST:6,6,6,6,6,6,6,4		KNOWN:9,5,5,4,4,4,3,2
16	CAST:6,6,6,6,6,6,6,5,3		KNOWN:9,5,5,4,4,4,3,2,1
17	CAST:6,6,6,6,6,6,6,6,4		KNOWN:9,5,5,4,4,4,3,3,2
18	CAST:6,6,6,6,6,6,6,6,5,3	KNOWN:9,5,5,4,4,4,3,3,2,1
19	CAST:6,6,6,6,6,6,6,6,6,4	KNOWN:9,5,5,4,4,4,3,3,3,2
20	CAST:6,6,6,6,6,6,6,6,6,6	KNOWN:9,5,5,4,4,4,3,3,3,3

# Class Name	Hit Dice	Type		Class Type		Abbreviation	Max Level	Source Page		Bonus Languages		Define			Save checks bonus											Combat bonus					Monster Role
CLASS:Wizard	HD:4		TYPE:PC	CLASSTYPE:PC	ABB:Wiz		MAXLEVEL:20	SOURCEPAGE:p.55	LANGBONUS:Draconic	DEFINE:WizardLVL|CL	BONUS:CHECKS|BASE.Will|CL/2+2	BONUS:CHECKS|BASE.Fortitude,BASE.Reflex|CL/3	BONUS:COMBAT|BAB|CL/2|TYPE=Base.REPLACE	ROLE:Wizard
# Class Name	Skill Pts/Lvl	Class Skill
CLASS:Wizard	STARTSKILLPTS:2	CSKILL:Concentration|TYPE=Craft|Decipher Script|TYPE=Knowledge|TYPE=Profession|Spellcraft
# Class Name	Spell Stat		Spell Type		Automatically Known Spell Levels	Spellbook		Caster level
CLASS:Wizard	SPELLSTAT:INT	SPELLTYPE:Arcane	KNOWNSPELLS:LEVEL=0			SPELLBOOK:YES	BONUS:CASTERLEVEL|Wizard|CL
#
SUBCLASS:Abjurer		COST:2	PROHIBITCOST:1	CHOICE:SCHOOL|Abjuration	KNOWNSPELLSFROMSPECIALTY:1
SUBCLASSLEVEL:1	ABILITY:Wizard Ability|AUTOMATIC|Abjurer Learning Bonus
SUBCLASS:Conjurer		COST:2	PROHIBITCOST:1	CHOICE:SCHOOL|Conjuration	KNOWNSPELLSFROMSPECIALTY:1
SUBCLASSLEVEL:1	ABILITY:Wizard Ability|AUTOMATIC|Conjurer Learning Bonus
SUBCLASS:Diviner		COST:1	PROHIBITCOST:0	CHOICE:SCHOOL|Divination	KNOWNSPELLSFROMSPECIALTY:1
SUBCLASSLEVEL:1	ABILITY:Wizard Ability|AUTOMATIC|Diviner Learning Bonus
SUBCLASS:Enchanter	COST:2	PROHIBITCOST:1	CHOICE:SCHOOL|Enchantment	KNOWNSPELLSFROMSPECIALTY:1
SUBCLASSLEVEL:1	ABILITY:Wizard Ability|AUTOMATIC|Enchanter Learning Bonus
SUBCLASS:Evoker		COST:2	PROHIBITCOST:1	CHOICE:SCHOOL|Evocation		KNOWNSPELLSFROMSPECIALTY:1
SUBCLASSLEVEL:1	ABILITY:Wizard Ability|AUTOMATIC|Evoker Learning Bonus
SUBCLASS:Illusionist	COST:2	PROHIBITCOST:1	CHOICE:SCHOOL|Illusion		KNOWNSPELLSFROMSPECIALTY:1
SUBCLASSLEVEL:1	ABILITY:Wizard Ability|AUTOMATIC|Illusionist Learning Bonus
SUBCLASS:Necromancer	COST:2	PROHIBITCOST:1	CHOICE:SCHOOL|Necromancy	KNOWNSPELLSFROMSPECIALTY:1
SUBCLASSLEVEL:1	ABILITY:Wizard Ability|AUTOMATIC|Necromancer Learning Bonus
SUBCLASS:Transmuter	COST:2	PROHIBITCOST:1	CHOICE:SCHOOL|Transmutation	KNOWNSPELLSFROMSPECIALTY:1
SUBCLASSLEVEL:1	ABILITY:Wizard Ability|AUTOMATIC|Transmuter Learning Bonus
###Block:
1	BONUS:VAR|FamiliarLVL|CL|!PREABILITY:1,CATEGORY=ACF,TYPE.WizardFamiliar
###Block:
5	BONUS:ABILITYPOOL|Wizard Feat|min((CL/5),4)
###Block:
1	ABILITY:Wizard Ability|AUTOMATIC|Weapon and Armor Proficiency ~ Wizard|!PREABILITY:1,CATEGORY=ACF,TYPE.WizardProficiencies
1	ABILITY:Wizard Ability|AUTOMATIC|Familiar ~ Wizard|!PREABILITY:1,CATEGORY=ACF,TYPE.WizardSummonFamiliar
1	ABILITY:Wizard Ability|AUTOMATIC|Scribe Scroll ~ Wizard|!PREABILITY:1,CATEGORY=ACF,TYPE.WizardScribeScroll
5	ABILITY:Wizard Ability|AUTOMATIC|Bonus Feats ~ Wizard|!PREABILITY:1,CATEGORY=ACF,TYPE.WizardBonusFeats
1	ABILITY:Wizard Ability|AUTOMATIC|Spellbooks ~ Wizard|PREMULT:1,[PREMULT:2,[PREPCLEVEL:MAX=0],[PRECLASS:1,Wizard=1]],[PREMULT:2,[!PRECLASS:1,TYPE.Base=0],[PRECLASS:1,Wizard=1]]
###Block:
1	PROHIBITSPELL:SCHOOL.Abjuration|PREVARGTEQ:ProhibitAbjuration,1
1	PROHIBITSPELL:SCHOOL.Conjuration|PREVARGTEQ:ProhibitConjuration,1
1	PROHIBITSPELL:SCHOOL.Divination|PREVARGTEQ:ProhibitDivination,1
1	PROHIBITSPELL:SCHOOL.Enchantment|PREVARGTEQ:ProhibitEnchantment,1
1	PROHIBITSPELL:SCHOOL.Evocation|PREVARGTEQ:ProhibitEvocation,1
1	PROHIBITSPELL:SCHOOL.Illusion|PREVARGTEQ:ProhibitIllusion,1
1	PROHIBITSPELL:SCHOOL.Necromancy|PREVARGTEQ:ProhibitNecromancy,1
1	PROHIBITSPELL:SCHOOL.Transmutation|PREVARGTEQ:ProhibitTransmutation,1
###Block:
1	CAST:3,1
2	CAST:4,2
3	CAST:4,2,1
4	CAST:4,3,2
5	CAST:4,3,2,1
6	CAST:4,3,3,2
7	CAST:4,4,3,2,1
8	CAST:4,4,3,3,2
9	CAST:4,4,4,3,2,1
10	CAST:4,4,4,3,3,2
11	CAST:4,4,4,4,3,2,1
12	CAST:4,4,4,4,3,3,2
13	CAST:4,4,4,4,4,3,2,1
14	CAST:4,4,4,4,4,3,3,2
15	CAST:4,4,4,4,4,4,3,2,1
16	CAST:4,4,4,4,4,4,3,3,2
17	CAST:4,4,4,4,4,4,4,3,2,1
18	CAST:4,4,4,4,4,4,4,3,3,2
19	CAST:4,4,4,4,4,4,4,4,3,3
20	CAST:4,4,4,4,4,4,4,4,4,4
