# CVS $Revision: $ $Author: $ -- Wed Sep  3 00:18:24 2014 -- reformated by prettylst.pl v1.51 (build 24947)


# Class of the Master	Type				Ability																							Bonus Ability Pool
FOLLOWER:TL=1		TYPE:Item Familiar	ABILITY:Special Ability|AUTOMATIC|Item Familiar ~ Invest Life Energy|Item Familiar ~ Invest Skill Ranks|Item Familiar ~ Invest Spell Slots
FOLLOWER:TL=7		TYPE:Item Familiar	ABILITY:Special Ability|AUTOMATIC|Item Familiar ~ Communication|Item Familiar ~ Sapience|Item Familiar ~ Senses
FOLLOWER:TL=10		TYPE:Item Familiar	ABILITY:Special Ability|AUTOMATIC|Item Familiar ~ Special Ability														BONUS:ABILITYPOOL|Item Familiar Special Ability|1
FOLLOWER:TL=14		TYPE:Item Familiar																									BONUS:ABILITYPOOL|Item Familiar Special Ability|1
FOLLOWER:TL=18		TYPE:Item Familiar																									BONUS:ABILITYPOOL|Item Familiar Special Ability|1
FOLLOWER:TL=21		TYPE:Item Familiar																									BONUS:ABILITYPOOL|Item Familiar Special Ability|(18-MASTERVAR("TL"))/3

###Block:Skeletal Minion
# Class of the Master		Type				Hit Dice	Apply Kit						Combat bonus					Stat bonus
FOLLOWER:SkeletalMinionLVL=1	TYPE:Skeletal Minion			KIT:1|Skeleton (Human Warrior) Default
FOLLOWER:SkeletalMinionLVL=2	TYPE:Skeletal Minion	HD:1									BONUS:COMBAT|AC|1|TYPE=NaturalArmor.STACK
FOLLOWER:SkeletalMinionLVL=3	TYPE:Skeletal Minion	HD:1																BONUS:STAT|STR|1	BONUS:STAT|DEX|1
FOLLOWER:SkeletalMinionLVL=4	TYPE:Skeletal Minion	HD:1									BONUS:COMBAT|AC|1|TYPE=NaturalArmor.STACK
FOLLOWER:SkeletalMinionLVL=5	TYPE:Skeletal Minion	HD:1
FOLLOWER:SkeletalMinionLVL=6	TYPE:Skeletal Minion	HD:1									BONUS:COMBAT|AC|1|TYPE=NaturalArmor.STACK	BONUS:STAT|STR|1	BONUS:STAT|DEX|1
FOLLOWER:SkeletalMinionLVL=7	TYPE:Skeletal Minion	HD:1
FOLLOWER:SkeletalMinionLVL=8	TYPE:Skeletal Minion	HD:1									BONUS:COMBAT|AC|1|TYPE=NaturalArmor.STACK
FOLLOWER:SkeletalMinionLVL=9	TYPE:Skeletal Minion	HD:1																BONUS:STAT|STR|1	BONUS:STAT|DEX|1
FOLLOWER:SkeletalMinionLVL=10	TYPE:Skeletal Minion	HD:1									BONUS:COMBAT|AC|1|TYPE=NaturalArmor.STACK
FOLLOWER:SkeletalMinionLVL=11	TYPE:Skeletal Minion	HD:1
FOLLOWER:SkeletalMinionLVL=12	TYPE:Skeletal Minion	HD:1									BONUS:COMBAT|AC|1|TYPE=NaturalArmor.STACK	BONUS:STAT|STR|1	BONUS:STAT|DEX|1
FOLLOWER:SkeletalMinionLVL=13	TYPE:Skeletal Minion	HD:1
FOLLOWER:SkeletalMinionLVL=14	TYPE:Skeletal Minion	HD:1									BONUS:COMBAT|AC|1|TYPE=NaturalArmor.STACK
FOLLOWER:SkeletalMinionLVL=15	TYPE:Skeletal Minion	HD:1																BONUS:STAT|STR|1	BONUS:STAT|DEX|1
FOLLOWER:SkeletalMinionLVL=16	TYPE:Skeletal Minion	HD:1									BONUS:COMBAT|AC|1|TYPE=NaturalArmor.STACK
FOLLOWER:SkeletalMinionLVL=17	TYPE:Skeletal Minion	HD:1
FOLLOWER:SkeletalMinionLVL=18	TYPE:Skeletal Minion	HD:1									BONUS:COMBAT|AC|1|TYPE=NaturalArmor.STACK	BONUS:STAT|STR|1	BONUS:STAT|DEX|1
FOLLOWER:SkeletalMinionLVL=19	TYPE:Skeletal Minion	HD:1
FOLLOWER:SkeletalMinionLVL=20	TYPE:Skeletal Minion	HD:1									BONUS:COMBAT|AC|1|TYPE=NaturalArmor.STACK
