#
# Dragon Magazine 311 feats
#

Bloodthirsty				CATEGORY:FEAT	TYPE:Ceremonial		VISIBLE:YES		PRESPELLCAST:TYPE=Arcane,TYPE=Divine	ADD:ABILITY|FEAT|NORMAL|Bloodleech
Elemalefic Spellcaster		CATEGORY:FEAT	TYPE:Ceremonial		VISIBLE:YES		PRESPELLCAST:TYPE=Arcane,TYPE=Divine	ADD:ABILITY|FEAT|NORMAL|Elemalefic
Ethereal Tendril			CATEGORY:FEAT	TYPE:Ceremonial		VISIBLE:YES		PRESPELLCAST:TYPE=Arcane,TYPE=Divine	ADD:ABILITY|FEAT|NORMAL|Ghost Touch
Invigorating Spellcaster	CATEGORY:FEAT	TYPE:Ceremonial		VISIBLE:YES		PRESPELLCAST:TYPE=Arcane,TYPE=Divine	ADD:ABILITY|FEAT|NORMAL|Invigorating	BONUS:SKILL|Heal|2
Spellbinder					CATEGORY:FEAT	TYPE:Ceremonial		VISIBLE:YES		PRESPELLCAST:TYPE=Arcane,TYPE=Divine	ADD:ABILITY|FEAT|NORMAL|Shackled
Spellstrike					CATEGORY:FEAT	TYPE:Ceremonial		VISIBLE:YES		PRESPELLCAST:TYPE=Arcane,TYPE=Divine	ADD:ABILITY|FEAT|NORMAL|Concussive
Superior Summons			CATEGORY:FEAT	TYPE:Ceremonial		VISIBLE:YES		PRESPELLCAST:TYPE=Arcane,TYPE=Divine	ADD:ABILITY|FEAT|NORMAL|Champion		BONUS:CASTERLEVEL|SUBSCHOOL.Summoning|1

CATEGORY=FEAT|Bloodthirsty.MOD				DESC:After a daylong ritual involving the caster and at least six others, one of whom must be a necromancer, the caster gains master of the blood. If a Bloodleech spell has been cast in the last 24 hours normal healing is at an accelerated rate, recovering hit points equal to twice character level with a night of rest, or three times character level with an entire day and night of rest.
CATEGORY=FEAT|Elemalefic Spellcaster.MOD	DESC:After a daylong ritual involving an invocation to angry elemental spirits, the caster can call up their rage to enhance spells. The caster gains a +2 bonus to Survival checks made while on any of the four elemental planes.
CATEGORY=FEAT|Ethereal Tendril.MOD			DESC:A daylong ceremony in which the caster sacrifices and devours an ether scarab. The caster gains the ability to move at normal speed (instead of half speed) when traveling on the Ethereal Plane.
CATEGORY=FEAT|Invigorating Spellcaster.MOD	DESC:A daylong ritual involving the caster and six clerics, the caster gains a +2 bonus on all Heal checks.
CATEGORY=FEAT|Spellbinder.MOD				DESC:A daylong ritual during which the caster and six participants are shackled together at the ankles, the caster gains a +2 bonus on Use Rope checks made to bind a creature. 
CATEGORY=FEAT|Spellstrike.MOD				DESC:After a daylong ritual involving the caster and at least six monks, the caster gains a +2 bonus to Concentration checks made to ignore vigorous, violent, or extraordinary violent motion while casting spells. 
CATEGORY=FEAT|Superior Summons.MOD			DESC:After a daylong ritual involving the caster and six others, at least one of whom is a conjurer, the caster gains a +1 bonus to caster level for Conjuration (Summoning) spells. 


Bloodleech		CATEGORY:FEAT	TYPE:Metamagic.SpellTemplate	VISIBLE:NO		PREABILITY:1,CATEGORY=FEAT,Bloodthirsty				ADDSPELLLEVEL:0		
Champion		CATEGORY:FEAT	TYPE:Metamagic.SpellTemplate	VISIBLE:NO		PREABILITY:1,CATEGORY=FEAT,Superior Summons			ADDSPELLLEVEL:0		
Concussive		CATEGORY:FEAT	TYPE:Metamagic.SpellTemplate	VISIBLE:NO		PREABILITY:1,CATEGORY=FEAT,Spellstrike				ADDSPELLLEVEL:0		
Ghost Touch		CATEGORY:FEAT	TYPE:Metamagic.SpellTemplate	VISIBLE:NO		PREABILITY:1,CATEGORY=FEAT,Ethereal Tendril			ADDSPELLLEVEL:0		
Elemalefic		CATEGORY:FEAT	TYPE:Metamagic.SpellTemplate	VISIBLE:NO		PREABILITY:1,CATEGORY=FEAT,Elemalefic Spellcaster	ADDSPELLLEVEL:0		
Invigorating	CATEGORY:FEAT	TYPE:Metamagic.SpellTemplate	VISIBLE:NO		PREABILITY:1,CATEGORY=FEAT,Invigorating Spellcaster	ADDSPELLLEVEL:0		
Shackled		CATEGORY:FEAT	TYPE:Metamagic.SpellTemplate	VISIBLE:NO		PREABILITY:1,CATEGORY=FEAT,Spellbinder				ADDSPELLLEVEL:0		

CATEGORY=FEAT|Bloodleech.MOD	DESC:A Bloodleech spell is considered an evil act deals an additional 1d6 damage to a living creature that is transfer to the caster as healing. Required verbal components which cannot be modified and a 25gp ruby.
CATEGORY=FEAT|Champion.MOD		DESC:Champion spell summoned creatures have maximum hit points and can receive touch spells from the caster at line of sight. Requires a 250gp topaz as an additional material component.
CATEGORY=FEAT|Concussive.MOD	DESC:An creature hit by a Concussive spell must make a Balance check (DC 10 + caster level) or be knocked prone. Requires somatic components that cannot be modified and a 25gp pearl.
CATEGORY=FEAT|Ghost Touch.MOD	DESC:Ghost Touch spells gain the Ghost Touch weapon property and are not subject to the 50%% miss chance normally applied to incorporeal targets. Requires a 50gp silver orb.
CATEGORY=FEAT|Elemalefic.MOD	DESC:This spell template can be added to any spell that does energy damage. Elemental spirits continue to deal typed damage to spell targets, 1d4, for a number of rounds equal to the spell level. Required material component costs 50gp and is specific to energy type: black dragon drool (acid), diamond dust (cold), star made of woven coper (electricity), ruby dust (fire), golden tuning fork (sonic).
CATEGORY=FEAT|Invigorating.MOD	DESC:This spell template can be added to any spell that heals hit points. In addition to healing damage it also removes the following conditions affects: dazed, exhausted, fatigued, sickened, and stunned. Required verbal component which cannot be modified.
CATEGORY=FEAT|Shackled.MOD		DESC:This spell template can be added to any spell with a duration other than instantaneous or permanent. Targets of a Shackled spell move at one-half its normal spell (rounded to the next 5-foot increment) for the duration of the spell. Required somatic components that cannot be modified. Requires a material focus (set of silver shackles worth at least 100gp) and a material component (a golden key worth at least 25gp). This templates cannot be applied to 9th level spells.

