
###Block: Arms
Buckler-axe, Dwarven	KEY:Buckler-axe (Dwarven)	SOURCEPAGE:p.153	PROFICIENCY:WEAPON|Buckler-axe (Dwarven)		TYPE:Weapon.Melee.Light.Exotic						COST:20	DAMAGE:1d6				SIZE:M	CRITRANGE:1	CRITMULT:x3	WT:4
Hammer, Throwing		KEY:Hammer (Throwing)		SOURCEPAGE:p.154	PROFICIENCY:WEAPON|Hammer (Throwing)		TYPE:Weapon.Melee.Light.Exotic						COST:30	DAMAGE:1d6				SIZE:M	CRITRANGE:1	CRITMULT:x2	WT:2	RANGE:20
Tortoise Blade, Gnome	KEY:Tortoise Blade (Gnome)	SOURCEPAGE:p.155	PROFICIENCY:WEAPON|Tortoise Blade (Gnome)		TYPE:Weapon.Melee.Light.Exotic						COST:10	DAMAGE:1d6				SIZE:M	CRITRANGE:2	CRITMULT:x2	WT:3
Quickrazor, Gnome		KEY:Quickrazor (Gnome)		SOURCEPAGE:p.154	PROFICIENCY:WEAPON|Quickrazor (Gnome)		TYPE:Weapon.Melee.Light.Exotic.Slashing.Melee.MeleeSlashing.Gnome	COST:45	DAMAGE:1d4				SIZE:M	CRITRANGE:2	CRITMULT:x2	WT:1	SPROP:The gnome quickrazor is a fast, flashy weapon favored by gnome bards, because it allows them to hold an instrument, attack with a weapon, and still keep one hand free for spellcasting. In addition, many two-weapon-wielding spellcasters find it a perfect off-hand weapon because it allows them to keep their primary weapon in hand and still cast spells with their off hand. The quickrazor features a light, wide knife blade with a very small hilt. The weapon is worn tied to the wielder's wrist in a specially designed sheath. When you attack with a quickrazor, you fl ick it out in a quick, slashing circle, catching the hilt in your hand at the end of the arc and then snapping it back into its rest. Because of this fl icking technique, drawing a quickrazor is always a free action, but at the end of your action, you must stow the quickrazor in order to use it properly again on your next turn. Stowing the weapon after attacking with it in this fashion is a free action. Because you must stow the quickrazor at the end of each attack with it, you are treated as unarmed during other creatures' actions. If you draw a quickrazor and simply wield it instead of using its intended attack method, it counts as an improvised weapon, imposing a -2 penalty on attack rolls even if you have the appropriate Exotic Weapon Proficiency feat. Quickrazors are easier to conceal than most weapons, and they grant a +4 bonus on Sleight of Hand checks to conceal them. Quickrazors grant a +2 bonus on Bluff checks made to feint in combat. Attaching a quickrazor and sheath to your wrist so that it can be wielded properly is a full-round action that provokes attacks of opportunity. A character can have only one quickrazor attached to each wrist at a time.|PRERULE:1,DisplayFullEquip
Swordcatcher, Gnome	KEY:Swordcatcher (Gnome)	SOURCEPAGE:p.155	PROFICIENCY:WEAPON|Swordcatcher (Gnome)		TYPE:Weapon.Melee.OneHanded.Exotic						COST:35	DAMAGE:1d6				SIZE:M	CRITRANGE:2	CRITMULT:x2	WT:5
Greathammer, Goliath	KEY:Greathammer (Goliath)	SOURCEPAGE:p.154	PROFICIENCY:WEAPON|Greathammer (Goliath)		TYPE:Weapon.Melee.TwoHanded.Exotic						COST:30	DAMAGE:1d12				SIZE:M	CRITRANGE:1	CRITMULT:x4	WT:30
Spear, Dwarven Double	KEY:Spear (Dwarven Double)	SOURCEPAGE:p.154	PROFICIENCY:WEAPON|Spear (Dwarven Double)		TYPE:Weapon.Melee.TwoHanded.Exotic.Double					COST:115	DAMAGE:1d8	ALTDAMAGE:1d8	SIZE:M	CRITRANGE:1	CRITMULT:x3	WT:15	ALTCRITRANGE:1	ALTCRITMULT:x3	ALTTYPE:Weapon.Melee.Slashing.Piercing
Warpike, Dwarven		KEY:Warpike (Dwarven)		SOURCEPAGE:p.155	PROFICIENCY:WEAPON|Warpike (Dwarven)		TYPE:Weapon.Melee.TwoHanded.Exotic						COST:45	DAMAGE:2d6				SIZE:M	CRITRANGE:1	CRITMULT:x3	WT:15
Crossbow, Great		KEY:Crossbow (Great)		SOURCEPAGE:p.153	PROFICIENCY:WEAPON|Crossbow (Great)			TYPE:Weapon.Ranged.TwoHanded.Exotic.Container				COST:150	DAMAGE:2d8				SIZE:M	CRITRANGE:3	CRITMULT:x2	WT:14	RANGE:120

###Block: Armor
Stone Plate			KEY:Stone Plate			SOURCEPAGE:p.158	PROFICIENCY:ARMOR|Stone Plate				TYPE:ArmorProfHeavy.ArmorType_Heavy.Armor.Heavy.Exotic.Suit.Standard.Container.ArmorType_Heavy		COST:750	WT:35		ACCHECK:-7	BONUS:VAR|ArmorCheckPenalty|7	EQMOD:STEEL	MAXDEX:1		SPELLFAILURE:30	BONUS:COMBAT|AC|6|TYPE=Armor	CONTAINS:UNLIM|Armor Crystal=1
Heavy Plate Armor		KEY:Heavy Plate Armor		SOURCEPAGE:p.155	PROFICIENCY:ARMOR|Heavy Plate Armor			TYPE:ArmorProfHeavy.ArmorType_Heavy.Armor.Heavy.Exotic.Suit.Standard.Container.ArmorType_Heavy		COST:2000	WT:100	ACCHECK:-8	BONUS:VAR|ArmorCheckPenalty|8	EQMOD:STEEL	MAXDEX:0		SPELLFAILURE:45	BONUS:COMBAT|AC|9|TYPE=Armor	CONTAINS:UNLIM|Armor Crystal=1

###Block: Shields
Shield, Tower, Steel	KEY:Shield (Tower/Steel)	SOURCEPAGE:p.158	PROFICIENCY:SHIELD|Tower Shield			TYPE:ShieldProfTower.Container.Shield.Tower.Exotic.Standard		CONTAINS:UNLIM|Shield Crystal=1	COST:75	WT:100				ACCHECK:-10	BONUS:VAR|ArmorCheckPenalty|10							EQMOD:STEEL					SIZE:M	SPELLFAILURE:50		BONUS:COMBAT|AC|4|TYPE=Shield

###Block: Exotic Armor
Twist Cloth, Gnome	KEY:Twist Cloth (Gnome)		SOURCEPAGE:p.159	PROFICIENCY:ARMOR|Twist Cloth (Gnome)		TYPE:ArmorProfExotic.Armor.Light.Exotic.Suit.Standard.Container.ArmorType_Light		COST:150	WT:5		ACCHECK:0	BONUS:VAR|ArmorCheckPenalty|0	EQMOD:CLOTH					SPELLFAILURE:5	BONUS:COMBAT|AC|1|TYPE=Armor	CONTAINS:UNLIM|Armor Crystal=1
Mammoth Leather		KEY:Mammoth Leather		SOURCEPAGE:p.157	PROFICIENCY:ARMOR|Mammoth Leather			TYPE:ArmorProfExotic.Armor.Light.Exotic.Suit.Standard.Container.ArmorType_Light		COST:45	WT:30		ACCHECK:-4	BONUS:VAR|ArmorCheckPenalty|4	EQMOD:LEATHER	MAXDEX:4		SPELLFAILURE:20	BONUS:COMBAT|AC|4|TYPE=Armor	CONTAINS:UNLIM|Armor Crystal=1
# Medium
Interlocking Scale	KEY:Interlocking Scale		SOURCEPAGE:p.156	PROFICIENCY:ARMOR|Interlocking Scale		TYPE:ArmorProfExotic.Armor.Medium.Exotic.Suit.Standard.Container.ArmorType_Medium		COST:250	WT:30		ACCHECK:-6	BONUS:VAR|ArmorCheckPenalty|6	EQMOD:STEEL		MAXDEX:2		SPELLFAILURE:30	BONUS:COMBAT|AC|4|TYPE=Armor	CONTAINS:UNLIM|Armor Crystal=1
Tumbler's Breastplate	KEY:Tumbler's Breastplate	SOURCEPAGE:p.158	PROFICIENCY:ARMOR|Tumbler's Breastplate		TYPE:ArmorProfExotic.Armor.Medium.Exotic.Suit.Standard.Container.ArmorType_Medium		COST:450	WT:30		ACCHECK:-4	BONUS:VAR|ArmorCheckPenalty|4	EQMOD:STEEL		MAXDEX:4		SPELLFAILURE:25	BONUS:COMBAT|AC|5|TYPE=Armor	CONTAINS:UNLIM|Armor Crystal=1
# Heavy
Interlocking Plate	KEY:Interlocking Plate		SOURCEPAGE:p.155	PROFICIENCY:ARMOR|Interlocking Plate		TYPE:ArmorProfExotic.Armor.Heavy.Exotic.Suit.Standard.Container.ArmorType_Heavy		COST:1750	WT:50		ACCHECK:-8	BONUS:VAR|ArmorCheckPenalty|8	EQMOD:STEEL		MAXDEX:0		SPELLFAILURE:40	BONUS:COMBAT|AC|8|TYPE=Armor	CONTAINS:UNLIM|Armor Crystal=1
Battle Plate		KEY:Battle Plate			SOURCEPAGE:p.155	PROFICIENCY:ARMOR|Battle Plate			TYPE:ArmorProfExotic.Armor.Heavy.Exotic.Suit.Standard.Container.ArmorType_Heavy		COST:2500	WT:125	ACCHECK:-7	BONUS:VAR|ArmorCheckPenalty|7	EQMOD:STEEL		MAXDEX:1		SPELLFAILURE:50	BONUS:COMBAT|AC|9|TYPE=Armor	CONTAINS:UNLIM|Armor Crystal=1
Mountain Plate		KEY:Mountain Plate		SOURCEPAGE:p.157	PROFICIENCY:ARMOR|Mountain Plate			TYPE:ArmorProfExotic.Armor.Heavy.Exotic.Suit.Standard.Container.ArmorType_Heavy		COST:3250	WT:225	ACCHECK:-9	BONUS:VAR|ArmorCheckPenalty|9	EQMOD:STEEL		MAXDEX:0		SPELLFAILURE:60	BONUS:COMBAT|AC|10|TYPE=Armor	CONTAINS:UNLIM|Armor Crystal=1

###Block: Shields
Battle Cloak, Gnome	KEY:Battle Cloak (Gnome)	SOURCEPAGE:p.155	PROFICIENCY:SHIELD|Battle Cloak (Gnome)		TYPE:ShieldProfExotic.Container.Shield.Exotic.Standard													CONTAINS:UNLIM|Shield Crystal=1	COST:5	WT:1				ACCHECK:0	BONUS:VAR|ArmorCheckPenalty|0							EQMOD:CLOTH					SIZE:M	SPELLFAILURE:0		BONUS:COMBAT|AC|1|TYPE=Shield
Shield, Extreme, Wooden	KEY:Shield (Extreme/Wooden)	SOURCEPAGE:p.157	PROFICIENCY:SHIELD|Shield (Extreme/Wooden)	TYPE:ShieldProfExotic.Container.Shield.Exotic.Standard													CONTAINS:UNLIM|Shield Crystal=1	COST:10	WT:15				ACCHECK:-4	BONUS:VAR|ArmorCheckPenalty|4							EQMOD:STEEL					SIZE:M	SPELLFAILURE:15		BONUS:COMBAT|AC|3|TYPE=Shield		SPROP: You strap a large or larger shield to your forearm and grip it with your hand. These exotic shields are so heavy that you can't use your shield hand for anything else while using one, nor can you make shield bash attacks.
Shield, Extreme, Steel	KEY:Shield (Extreme/Steel)	SOURCEPAGE:p.157	PROFICIENCY:SHIELD|Shield (Extreme/Steel)		TYPE:ShieldProfExotic.Container.Shield.Exotic.Standard													CONTAINS:UNLIM|Shield Crystal=1	COST:30	WT:25				ACCHECK:-4	BONUS:VAR|ArmorCheckPenalty|4							EQMOD:STEEL					SIZE:M	SPELLFAILURE:15		BONUS:COMBAT|AC|3|TYPE=Shield		SPROP: You strap a large or larger shield to your forearm and grip it with your hand. These exotic shields are so heavy that you can't use your shield hand for anything else while using one, nor can you make shield bash attacks.
Shield, Gauntlet		KEY:Shield (Gauntlet)		SOURCEPAGE:p.158	PROFICIENCY:SHIELD|Shield (Gauntlet)		TYPE:ShieldProfExotic.Container.Shield.Exotic.Standard	TYPE:Weapon.Melee.Martial.Unarmed.Bludgeoning.Shieldbash			CONTAINS:UNLIM|Shield Crystal=1	COST:50	WT:20				ACCHECK:-2	BONUS:VAR|ArmorCheckPenalty|2	CRITMULT:x2	CRITRANGE:1	DAMAGE:1d4	EQMOD:STEEL		WIELD:OneHanded	SIZE:M	SPELLFAILURE:35		BONUS:COMBAT|AC|2|TYPE=Shield
Shield, Rider's		KEY:Shield (Rider's)		SOURCEPAGE:p.158	PROFICIENCY:SHIELD|Shield (Rider's)			TYPE:ShieldProfExotic.Container.Shield.Exotic.Standard	TYPE:Weapon.Melee.Martial.Unarmed.Bludgeoning.Shieldbash			CONTAINS:UNLIM|Shield Crystal=1	COST:75	WT:15				ACCHECK:-2	BONUS:VAR|ArmorCheckPenalty|2	CRITMULT:x2	CRITRANGE:1	DAMAGE:1d4	EQMOD:STEEL		WIELD:OneHanded	SIZE:M	SPELLFAILURE:15		BONUS:COMBAT|AC|2|TYPE=Shield

###Block: Miscellaneous Gear
Blasting Pellets										TYPE:Miscellaneous Gear	COST:50	WT:2
Blister Oil											TYPE:Miscellaneous Gear	COST:15	WT:0.5
Earthsilk Jersey										TYPE:Miscellaneous Gear	COST:150	WT:2
Earthsilk rope (50 ft.)									TYPE:Miscellaneous Gear	COST:12	WT:7
Goliath healing kit									TYPE:Miscellaneous Gear	COST:50	WT:1
Hearthfire (12 uses)									TYPE:Miscellaneous Gear	COST:10	WT:2	BASEQTY:12
Hearthfire lantern									TYPE:Miscellaneous Gear	COST:7	WT:2
Song collar											TYPE:Miscellaneous Gear	COST:15	WT:2
Saddle, Burrower's			KEY:Saddle (Burrower's/Pack)		TYPE:Miscellaneous Gear	COST:20	WT:12
Saddle, Burrower's			KEY:Saddle (Burrower's/Riding)	TYPE:Miscellaneous Gear	COST:40	WT:25
Saddle, flyer's				KEY:Saddle (Flyer's/Military)		TYPE:Miscellaneous Gear	COST:70	WT:25
Saddle, flyer's				KEY:Saddle (Flyer's/Pack)		TYPE:Miscellaneous Gear	COST:18	WT:15
Saddle, flyer's				KEY:Saddle (Flyer's/Riding)		TYPE:Miscellaneous Gear	COST:35	WT:25
Spiderlily essence (1 application)							TYPE:Miscellaneous Gear	COST:75			QUALITY:CraftDC|25

###Block: Mounts
Ankheg		TYPE:Mount
Bulette		TYPE:Mount
Delver		TYPE:Mount
Deep hound		TYPE:Mount
Dire Badger		TYPE:Mount
Dire Eagle		TYPE:Mount
Thrum worm		TYPE:Mount
