

STARTPACK:Deep Hound Default
STAT:STR=10|DEX=10|CON=10|INT=10|WIS=10|CHA=10
# Skills: Jump +18, Listen +3, Spot +3, Survival +2*
ABILITY:CATEGORY=FEAT|Alertness
ABILITY:CATEGORY=FEAT|Tunnel Fighting
ABILITY:CATEGORY=FEAT|Improved Initiative

STARTPACK:Dire Eagle Default
STAT:STR=10|DEX=10|CON=10|INT=10|WIS=10|CHA=10
#Skills: Listen +4, Spot +20
ABILITY:CATEGORY=FEAT|Alertness
ABILITY:CATEGORY=FEAT|Flyby Attack

STARTPACK:Earth Whisper Default
STAT:STR=10|DEX=10|CON=10|INT=10|WIS=10|CHA=10
# Skills: Concentration +8, Listen +9, Spot +9
ABILITY:CATEGORY=FEAT|Ability Focus (Avarice)
ABILITY:CATEGORY=FEAT|Blind-Fight

STARTPACK:Hammer Archon Default
STAT:STR=10|DEX=10|CON=10|INT=10|WIS=10|CHA=10
#Skills: Appraise +14, Climb +20, Craft (stoneworking) +14, Jump +14, Knowledge (dungeoneering) +14, Listen +15, Search +14, Sense Motive +15, Spot +15
ABILITY:CATEGORY=FEAT|Cleave
ABILITY:CATEGORY=FEAT|Improved Critical (Warhammer)
ABILITY:CATEGORY=FEAT|Power Attack
ABILITY:CATEGORY=FEAT|Weapon Focus (Warhammer)

STARTPACK:Stone Drake Default
STAT:STR=10|DEX=10|CON=10|INT=10|WIS=10|CHA=10
# Skills: Climb +11, Hide +15, Intimidate +11, Jump +16, Listen +12, Move Silently +15, Search +11, Spot +12, Survival +10
ABILITY:CATEGORY=FEAT|Alertness
ABILITY:CATEGORY=FEAT|Improved Initiative
ABILITY:CATEGORY=FEAT|Multiattack


STARTPACK:Thrum Worm Default
STAT:STR=10|DEX=10|CON=10|INT=10|WIS=10|CHA=10
# Skills: Hide +3, Listen +3, Move Silently +3
SKILL:Hide			RANK:2
SKILL:Listen		RANK:2
SKILL:Move Silently	RANK:2
ABILITY:CATEGORY=FEAT|Blind-Fight
