

Amulet of Feathered Protection	CATEGORY:Attunement	TYPE:Attunement	PREVARGTEQ:Attunement_Amulet_Feathered_Protection,1	PREVARLT:Attuned_Item_Count,Attuned_Item_Max	BONUS:COMBAT|AC|1	BONUS:SAVE|ALL|1	ABILITY:Special Ability|AUTOMATIC|This Character is Violating a Rule (Amulet of Feathered Protection)|PREVAREQ:Attunement_Amulet_Feathered_Protection,0		BONUS:VAR|Attuned_Item_Count|1		COST:0	DESC:+1 to AC and Saving Throws, treated as falling 10 feet less when calculating fall damage.



Hardy				CATEGORY:FEAT		TYPE:Feat	BONUS:STAT|CON|1	BONUS:HP|CURRENTMAX|TL*2
CATEGORY=FEAT|Hardy.MOD			DESC:Hardy and resilient, you gain the following benefits: * Increase your Constitution score by 1, to a maximum of 20. * When you roll a Hit Die to regain hit points, the minimum number of hit points you regain from the roll equals %1. * Your hit point maximum increases by an amount equal to twice your level when you gain this feat. Whenever you gain a level thereafter, your hit point maximum increases by an additional 2 hit points.|max(2,2*CON)


###Block - Homebrew Changes (Request)
+1 Misc Bonus to Athletics		CATEGORY:Special Ability	TYPE:Homebrew Changes	BONUS:VAR|SKILL_Athletics|1		CHOOSE:NOCHOICE	MULT:YES	STACK:YES
+1 Misc Bonus to Acrobatics		CATEGORY:Special Ability	TYPE:Homebrew Changes	BONUS:VAR|SKILL_Acrobatics|1		CHOOSE:NOCHOICE	MULT:YES	STACK:YES
+1 Misc Bonus to Sleight of Hand	CATEGORY:Special Ability	TYPE:Homebrew Changes	BONUS:VAR|SKILL_Sleight_of_Hand|1	CHOOSE:NOCHOICE	MULT:YES	STACK:YES
+1 Misc Bonus to Stealth		CATEGORY:Special Ability	TYPE:Homebrew Changes	BONUS:VAR|SKILL_Stealth|1		CHOOSE:NOCHOICE	MULT:YES	STACK:YES
+1 Misc Bonus to Arcana			CATEGORY:Special Ability	TYPE:Homebrew Changes	BONUS:VAR|SKILL_Arcana|1		CHOOSE:NOCHOICE	MULT:YES	STACK:YES
+1 Misc Bonus to History		CATEGORY:Special Ability	TYPE:Homebrew Changes	BONUS:VAR|SKILL_History|1		CHOOSE:NOCHOICE	MULT:YES	STACK:YES
+1 Misc Bonus to Investigation	CATEGORY:Special Ability	TYPE:Homebrew Changes	BONUS:VAR|SKILL_Investigation|1	CHOOSE:NOCHOICE	MULT:YES	STACK:YES
+1 Misc Bonus to Nature			CATEGORY:Special Ability	TYPE:Homebrew Changes	BONUS:VAR|SKILL_Nature|1		CHOOSE:NOCHOICE	MULT:YES	STACK:YES
+1 Misc Bonus to Religion		CATEGORY:Special Ability	TYPE:Homebrew Changes	BONUS:VAR|SKILL_Religion|1		CHOOSE:NOCHOICE	MULT:YES	STACK:YES
+1 Misc Bonus to Animal Handling	CATEGORY:Special Ability	TYPE:Homebrew Changes	BONUS:VAR|SKILL_Animal_Handling|1	CHOOSE:NOCHOICE	MULT:YES	STACK:YES
+1 Misc Bonus to Insight		CATEGORY:Special Ability	TYPE:Homebrew Changes	BONUS:VAR|SKILL_Insight|1		CHOOSE:NOCHOICE	MULT:YES	STACK:YES
+1 Misc Bonus to Medicine		CATEGORY:Special Ability	TYPE:Homebrew Changes	BONUS:VAR|SKILL_Medicine|1		CHOOSE:NOCHOICE	MULT:YES	STACK:YES
+1 Misc Bonus to Perception		CATEGORY:Special Ability	TYPE:Homebrew Changes	BONUS:VAR|SKILL_Perception|1		CHOOSE:NOCHOICE	MULT:YES	STACK:YES
+1 Misc Bonus to Survival		CATEGORY:Special Ability	TYPE:Homebrew Changes	BONUS:VAR|SKILL_Survival|1		CHOOSE:NOCHOICE	MULT:YES	STACK:YES
+1 Misc Bonus to Deception		CATEGORY:Special Ability	TYPE:Homebrew Changes	BONUS:VAR|SKILL_Deception|1		CHOOSE:NOCHOICE	MULT:YES	STACK:YES
+1 Misc Bonus to Intimidation		CATEGORY:Special Ability	TYPE:Homebrew Changes	BONUS:VAR|SKILL_Intimidation|1	CHOOSE:NOCHOICE	MULT:YES	STACK:YES
+1 Misc Bonus to Performance		CATEGORY:Special Ability	TYPE:Homebrew Changes	BONUS:VAR|SKILL_Performance|1		CHOOSE:NOCHOICE	MULT:YES	STACK:YES
+1 Misc Bonus to Persuasion		CATEGORY:Special Ability	TYPE:Homebrew Changes	BONUS:VAR|SKILL_Persuasion|1		CHOOSE:NOCHOICE	MULT:YES	STACK:YES


#Source: Waterdeep - Dragon Heist
Knave's Eye Patch		SOURCELONG:Waterdeep - Dragon Heist	SOURCESHORT:WDH			CATEGORY:Attunement	TYPE:Attunement	PREVARGTEQ:Attunement_Knaves_Eye_Patch,1			PREVARLT:Attuned_Item_Count,Attuned_Item_Max							ABILITY:Special Ability|AUTOMATIC|This Character is Violating a Rule (Knave's Eye Patch)|PREVAREQ:Attunement_Knaves_Eye_Patch,0				BONUS:VAR|Attuned_Item_Count|1		COST:0	DESC:You have advantage on Wisdom (Perception) checks that rely on sight.  If you have the Sunlight Sensitivity trait, you are unaffected by the trait.  You are immune to magic that allows other creatures to read your thoughts or determine whether you are lying. Creatures can communicate telepathically with you only if you allow it.




###Block:
# Red Dragonnel
Racial Traits ~ Red Dragonnel	SOURCEPAGE:p.		CATEGORY:Internal		ABILITY:Special Ability|AUTOMATIC|TYPE=Red Dragonnel Race Trait

# Red Dragonnel	
Flyby				KEY:Red Dragonnel ~ Flyby		CATEGORY:Special Ability	SOURCEPAGE:p.	TYPE:Red Dragonnel Race Trait.SpecialQuality		DESC:The dragonnel doesn't provoke opportunity attacks when it flies out of an enemy's reach.	
Multiattack			KEY:Red Dragonnel ~ Multiattack	CATEGORY:Special Ability	SOURCEPAGE:p.	TYPE:Red Dragonnel Race Trait.SpecialQuality.Action	DESC:The dragonnel makes two Rend attacks.																																																																																																																																																																																																																																																																																																																																																																																																																																																																																																																																																																																																						SOURCEPAGE:p.291
Rend				KEY:Red Dragonnel ~ Rend		CATEGORY:Special Ability	SOURCEPAGE:p.	TYPE:Red Dragonnel Race Trait.SpecialQuality.Action	DESC:Melee Weapon Attack: +5 to hit, reach 5 ft., one target.	DESC:&nl;Hit: 10 (2d6 + 3) slashing damage plus 3 (1d6) fire damage.																																																																																																																																																																																																																																																																																																																																																																																																																																																																																																																																																																																																			SOURCEPAGE:p.291
