# Acolyte of the Skin
CLASS:Acolyte of the Skin	DESC:More than one way to skin a demon
CLASS:Acolyte of the Skin	HD:4	TYPE:Prestige
CLASS:Acolyte of the Skin	FACT:Abb|AotS	FACT:ClassType|Caster
CLASS:Acolyte of the Skin	DEFINE:AcolyteoftheSkinLVL|0	BONUS:VAR|AcolyteoftheSkinLVL|CL
CLASS:Acolyte of the Skin	SOURCEPAGE:p.43	
CLASS:Acolyte of the Skin	BONUS:COMBAT|BASEAB|classlevel("APPLIEDAS=NONEPIC")*1/2|TYPE=Base.REPLACE|PREVAREQ:UseAlternateBABProgression,0
CLASS:Acolyte of the Skin	BONUS:VAR|ClassBABPoor|classlevel("APPLIEDAS=NONEPIC")|PREVAREQ:UseFractionalBAB,1
CLASS:Acolyte of the Skin	BONUS:SAVE|BASE.Fortitude|classlevel("APPLIEDAS=NONEPIC")/2+2|PREVAREQ:UseAlternateSaveProgression,0
CLASS:Acolyte of the Skin	BONUS:SAVE|BASE.Reflex|classlevel("APPLIEDAS=NONEPIC")/3|PREVAREQ:UseAlternateSaveProgression,0
CLASS:Acolyte of the Skin	BONUS:SAVE|BASE.Will|classlevel("APPLIEDAS=NONEPIC")/2+2|PREVAREQ:UseAlternateSaveProgression,0
CLASS:Acolyte of the Skin	BONUS:VAR|ClassSaveGood_Fortitude|classlevel()|PREVAREQ:UseFractionalSave,1
CLASS:Acolyte of the Skin	BONUS:VAR|ClassSavePoor_Reflex|classlevel()|PREVAREQ:UseFractionalSave,1
CLASS:Acolyte of the Skin	BONUS:VAR|ClassSaveGood_Will|classlevel()|PREVAREQ:UseFractionalSave,1
CLASS:Acolyte of the Skin	PRETEXT:Alignment: Any nongood. Knowledge (The Planes [Outer Planes]): 8 ranks. Spells: Ability to cast 3rd-level arcane spells. Special: The acolyte of the skin must have made peaceful contact with a summoned evil outsider.	!PREALIGN:LG,NG,CG	PRESKILL:1,Knowledge (the Planes)=8	PRESPELLTYPE:1,Arcane=3
CLASS:Acolyte of the Skin	STARTSKILLPTS:2	CSKILL:Concentration|TYPE=Craft|Intimidate|TYPE=Knowledge|TYPE=Profession|Scry|Spellcraft
###Block
2:REPEATLEVEL:2	ADD:SPELLCASTER|ANY
###Block
11	PREPCLEVEL:MIN=20
###Block 
1	ABILITY:Acolyte of the Skin Class Feature|AUTOMATIC|Acolyte of the Skin ~ Weapon and Armor Proficiency
1	ABILITY:Acolyte of the Skin Class Feature|AUTOMATIC|Acolyte of the Skin ~ Spells per Day			
1	ABILITY:Acolyte of the Skin Class Feature|AUTOMATIC|Acolyte of the Skin ~ Wear Fiend			
2	ABILITY:Acolyte of the Skin Class Feature|AUTOMATIC|Acolyte of the Skin ~ Flame Resistant			
3	ABILITY:Acolyte of the Skin Class Feature|AUTOMATIC|Acolyte of the Skin ~ Fiendish Glare			
4	ABILITY:Acolyte of the Skin Class Feature|AUTOMATIC|Acolyte of the Skin ~ Fiendish Knowledge		
5	ABILITY:Acolyte of the Skin Class Feature|AUTOMATIC|Acolyte of the Skin ~ Skin Adaptation			
6	ABILITY:Acolyte of the Skin Class Feature|AUTOMATIC|Acolyte of the Skin ~ Cold Resistant			
7	ABILITY:Acolyte of the Skin Class Feature|AUTOMATIC|Acolyte of the Skin ~ Glare of the Pit		
9	ABILITY:Acolyte of the Skin Class Feature|AUTOMATIC|Acolyte of the Skin ~ Summon fiend			
10	ABILITY:Acolyte of the Skin Class Feature|AUTOMATIC|Acolyte of the Skin ~ Symbiosis				

# Alienist
CLASS:Alienist	DESC:Deals with pseudonatural creatures
CLASS:Alienist	HD:4	TYPE:Prestige
CLASS:Alienist	FACT:Abb|Aln	FACT:ClassType|Caster
CLASS:Alienist	DEFINE:AlienistLVL|0	BONUS:VAR|AlienistLVL|CL
CLASS:Alienist	SOURCEPAGE:p.45	
CLASS:Alienist	BONUS:COMBAT|BASEAB|classlevel("APPLIEDAS=NONEPIC")*1/2|TYPE=Base.REPLACE|PREVAREQ:UseAlternateBABProgression,0
CLASS:Alienist	BONUS:VAR|ClassBABPoor|classlevel("APPLIEDAS=NONEPIC")|PREVAREQ:UseFractionalBAB,1
CLASS:Alienist	BONUS:SAVE|BASE.Fortitude|classlevel("APPLIEDAS=NONEPIC")/3|PREVAREQ:UseAlternateSaveProgression,0
CLASS:Alienist	BONUS:SAVE|BASE.Reflex|classlevel("APPLIEDAS=NONEPIC")/3|PREVAREQ:UseAlternateSaveProgression,0
CLASS:Alienist	BONUS:SAVE|BASE.Will|classlevel("APPLIEDAS=NONEPIC")/2+2|PREVAREQ:UseAlternateSaveProgression,0
CLASS:Alienist	BONUS:VAR|ClassSavePoor_Fortitude|classlevel()|PREVAREQ:UseFractionalSave,1
CLASS:Alienist	BONUS:VAR|ClassSavePoor_Reflex|classlevel()|PREVAREQ:UseFractionalSave,1
CLASS:Alienist	BONUS:VAR|ClassSaveGood_Will|classlevel()|PREVAREQ:UseFractionalSave,1
CLASS:Alienist	PRETEXT:Knowledge (Arcana): 8 ranks. Knowledge (The Planes): 8 ranks. Feat: Alertness. Spells: Ability to cast at least one Divination spell and at least one summoning spell of 3rd level or higher. Special: Prior contact with an alienist or a pseudonatural creature.	PRESKILL:2,Knowledge (Arcana)=8,Knowledge (The Planes)=8	PREABILITY:1,CATEGORY=Feat,Alertness	PRESPELLSCHOOL:1,Divination=0	PRESPELLSCHOOLSUB:1,Summoning=3
CLASS:Alienist	STARTSKILLPTS:2	CSKILL:Alchemy|Concentration|Gather Information|Handle Animal|TYPE=Knowledge|Listen|TYPE=Profession|Scry|Speak Language|Spellcraft|Spot
###Block
1:REPEATLEVEL:1	ADD:SPELLCASTER|ANY
###Block
11	PREPCLEVEL:MIN=20
###Block 	
1	ABILITY:Alienist Class Feature|AUTOMATIC|Alienist ~ Weapon and Armor Proficiency	
1	ABILITY:Alienist Class Feature|AUTOMATIC|Alienist ~ Spells per Day				
1	ABILITY:Alienist Class Feature|AUTOMATIC|Alienist ~ Summon Alien				
2	ABILITY:Alienist Class Feature|AUTOMATIC|Alienist ~ Alien Blessing				
3	ABILITY:Alienist Class Feature|AUTOMATIC|Alienist ~ Metamagic Secret			
4	ABILITY:Alienist Class Feature|AUTOMATIC|Alienist ~ Mad Certainty				
5	ABILITY:Alienist Class Feature|AUTOMATIC|Alienist ~ Pseudonatural Familiar		
6	ABILITY:Alienist Class Feature|AUTOMATIC|Alienist ~ Extra Summoning			
8	ABILITY:Alienist Class Feature|AUTOMATIC|Alienist ~ Insane Certainty			
9	ABILITY:Alienist Class Feature|AUTOMATIC|Alienist ~ Timeless Body				
10	ABILITY:Alienist Class Feature|AUTOMATIC|Alienist ~ Transcendence				

#Arcane trickster	 Rogue/mage

CLASS:xxx	MAXLEVEL:20
CLASS:xxx	HD:	TYPE:Base.PC.Prestige.Monster
CLASS:xxx	FACT:Abb|	FACT:ClassType|
CLASS:xxx	DEFINE:yyyLVL|0	BONUS:VAR|yyyLVL|CL
CLASS:xxx	SOURCEPAGE:p.	
CLASS:xxx	BONUS:COMBAT|BASEAB|classlevel("APPLIEDAS=NONEPIC")|TYPE=Base.REPLACE|PREVAREQ:UseAlternateBABProgression,0
CLASS:xxx	BONUS:COMBAT|BASEAB|classlevel("APPLIEDAS=NONEPIC")*3/4|TYPE=Base.REPLACE|PREVAREQ:UseAlternateBABProgression,0
CLASS:xxx	BONUS:COMBAT|BASEAB|classlevel("APPLIEDAS=NONEPIC")*1/2|TYPE=Base.REPLACE|PREVAREQ:UseAlternateBABProgression,0
CLASS:xxx	BONUS:VAR|ClassBABPoor|classlevel("APPLIEDAS=NONEPIC")|PREVAREQ:UseFractionalBAB,1
CLASS:xxx	BONUS:VAR|ClassBABModerate|classlevel("APPLIEDAS=NONEPIC")|PREVAREQ:UseFractionalBAB,1
CLASS:xxx	BONUS:VAR|ClassBABFull|classlevel("APPLIEDAS=NONEPIC")|PREVAREQ:UseFractionalBAB,1
CLASS:xxx	BONUS:SAVE|BASE.Fortitude|classlevel("APPLIEDAS=NONEPIC")/2+2|PREVAREQ:UseAlternateSaveProgression,0
CLASS:xxx	BONUS:SAVE|BASE.Fortitude|classlevel("APPLIEDAS=NONEPIC")/3|PREVAREQ:UseAlternateSaveProgression,0
CLASS:xxx	BONUS:SAVE|BASE.Reflex|classlevel("APPLIEDAS=NONEPIC")/2+2|PREVAREQ:UseAlternateSaveProgression,0
CLASS:xxx	BONUS:SAVE|BASE.Reflex|classlevel("APPLIEDAS=NONEPIC")/3|PREVAREQ:UseAlternateSaveProgression,0
CLASS:xxx	BONUS:SAVE|BASE.Will|classlevel("APPLIEDAS=NONEPIC")/2+2|PREVAREQ:UseAlternateSaveProgression,0
CLASS:xxx	BONUS:SAVE|BASE.Will|classlevel("APPLIEDAS=NONEPIC")/3|PREVAREQ:UseAlternateSaveProgression,0
CLASS:xxx	BONUS:VAR|ClassSaveGood_Fortitude|classlevel()|PREVAREQ:UseFractionalSave,1
CLASS:xxx	BONUS:VAR|ClassSavePoor_Fortitude|classlevel()|PREVAREQ:UseFractionalSave,1
CLASS:xxx	BONUS:VAR|ClassSaveGood_Reflex|classlevel()|PREVAREQ:UseFractionalSave,1
CLASS:xxx	BONUS:VAR|ClassSavePoor_Reflex|classlevel()|PREVAREQ:UseFractionalSave,1
CLASS:xxx	BONUS:VAR|ClassSaveGood_Will|classlevel()|PREVAREQ:UseFractionalSave,1
CLASS:xxx	BONUS:VAR|ClassSavePoor_Will|classlevel()|PREVAREQ:UseFractionalSave,1
CLASS:xxx	PRETEXT:
CLASS:xxx	STARTSKILLPTS:	CSKILL:
CLASS:xxx	FACT:SpellType|
CLASS:xxx	SPELLSTAT:	MEMORIZE:
CLASS:xxx	BONUS:CASTERLEVEL|xxx|Caster_Level_yyy	DEFINE:Caster_Level_BL_Stripped_yyy|0	BONUS:VAR|Caster_Level_BL_Stripped_yyy|Caster_Level_yyy-CasterLevelBLyyy	BONUS:VAR|Caster_Level_yyy|CL+Caster_Level_Bonus+CasterLevelBLyyy	DEFINE:CasterLevelBLyyy|0	BONUS:VAR|CasterLevelBL_yyy|charbonusto("PCLEVEL","xxx")	
CLASS:xxx	BONUS:VAR|Caster_Level_Highest__Arcane|Caster_Level_yyy|TYPE=Base

#	ADD:SPELLCASTER|
###Block
#11	PREPCLEVEL:MIN=20
###Block 	ABILITY:xxx Class Feature|AUTOMATIC|

Bladesinger	 Elf fighter/mage

CLASS:xxx	MAXLEVEL:20
CLASS:xxx	HD:	TYPE:Base.PC.Prestige.Monster
CLASS:xxx	FACT:Abb|	FACT:ClassType|
CLASS:xxx	DEFINE:yyyLVL|0	BONUS:VAR|yyyLVL|CL
CLASS:xxx	SOURCEPAGE:p.	
CLASS:xxx	BONUS:COMBAT|BASEAB|classlevel("APPLIEDAS=NONEPIC")|TYPE=Base.REPLACE|PREVAREQ:UseAlternateBABProgression,0
CLASS:xxx	BONUS:COMBAT|BASEAB|classlevel("APPLIEDAS=NONEPIC")*3/4|TYPE=Base.REPLACE|PREVAREQ:UseAlternateBABProgression,0
CLASS:xxx	BONUS:COMBAT|BASEAB|classlevel("APPLIEDAS=NONEPIC")*1/2|TYPE=Base.REPLACE|PREVAREQ:UseAlternateBABProgression,0
CLASS:xxx	BONUS:VAR|ClassBABPoor|classlevel("APPLIEDAS=NONEPIC")|PREVAREQ:UseFractionalBAB,1
CLASS:xxx	BONUS:VAR|ClassBABModerate|classlevel("APPLIEDAS=NONEPIC")|PREVAREQ:UseFractionalBAB,1
CLASS:xxx	BONUS:VAR|ClassBABFull|classlevel("APPLIEDAS=NONEPIC")|PREVAREQ:UseFractionalBAB,1
CLASS:xxx	BONUS:SAVE|BASE.Fortitude|classlevel("APPLIEDAS=NONEPIC")/2+2|PREVAREQ:UseAlternateSaveProgression,0
CLASS:xxx	BONUS:SAVE|BASE.Fortitude|classlevel("APPLIEDAS=NONEPIC")/3|PREVAREQ:UseAlternateSaveProgression,0
CLASS:xxx	BONUS:SAVE|BASE.Reflex|classlevel("APPLIEDAS=NONEPIC")/2+2|PREVAREQ:UseAlternateSaveProgression,0
CLASS:xxx	BONUS:SAVE|BASE.Reflex|classlevel("APPLIEDAS=NONEPIC")/3|PREVAREQ:UseAlternateSaveProgression,0
CLASS:xxx	BONUS:SAVE|BASE.Will|classlevel("APPLIEDAS=NONEPIC")/2+2|PREVAREQ:UseAlternateSaveProgression,0
CLASS:xxx	BONUS:SAVE|BASE.Will|classlevel("APPLIEDAS=NONEPIC")/3|PREVAREQ:UseAlternateSaveProgression,0
CLASS:xxx	BONUS:VAR|ClassSaveGood_Fortitude|classlevel()|PREVAREQ:UseFractionalSave,1
CLASS:xxx	BONUS:VAR|ClassSavePoor_Fortitude|classlevel()|PREVAREQ:UseFractionalSave,1
CLASS:xxx	BONUS:VAR|ClassSaveGood_Reflex|classlevel()|PREVAREQ:UseFractionalSave,1
CLASS:xxx	BONUS:VAR|ClassSavePoor_Reflex|classlevel()|PREVAREQ:UseFractionalSave,1
CLASS:xxx	BONUS:VAR|ClassSaveGood_Will|classlevel()|PREVAREQ:UseFractionalSave,1
CLASS:xxx	BONUS:VAR|ClassSavePoor_Will|classlevel()|PREVAREQ:UseFractionalSave,1
CLASS:xxx	PRETEXT:
CLASS:xxx	STARTSKILLPTS:	CSKILL:
CLASS:xxx	FACT:SpellType|
CLASS:xxx	SPELLSTAT:	MEMORIZE:
CLASS:xxx	BONUS:CASTERLEVEL|xxx|Caster_Level_yyy	DEFINE:Caster_Level_BL_Stripped_yyy|0	BONUS:VAR|Caster_Level_BL_Stripped_yyy|Caster_Level_yyy-CasterLevelBLyyy	BONUS:VAR|Caster_Level_yyy|CL+Caster_Level_Bonus+CasterLevelBLyyy	DEFINE:CasterLevelBLyyy|0	BONUS:VAR|CasterLevelBL_yyy|charbonusto("PCLEVEL","xxx")	
CLASS:xxx	BONUS:VAR|Caster_Level_Highest__Arcane|Caster_Level_yyy|TYPE=Base

#	ADD:SPELLCASTER|
###Block
#11	PREPCLEVEL:MIN=20
###Block 	ABILITY:xxx Class Feature|AUTOMATIC|

Blood magus	 Blood energizes special abilities

CLASS:xxx	MAXLEVEL:20
CLASS:xxx	HD:	TYPE:Base.PC.Prestige.Monster
CLASS:xxx	FACT:Abb|	FACT:ClassType|
CLASS:xxx	DEFINE:yyyLVL|0	BONUS:VAR|yyyLVL|CL
CLASS:xxx	SOURCEPAGE:p.	
CLASS:xxx	BONUS:COMBAT|BASEAB|classlevel("APPLIEDAS=NONEPIC")|TYPE=Base.REPLACE|PREVAREQ:UseAlternateBABProgression,0
CLASS:xxx	BONUS:COMBAT|BASEAB|classlevel("APPLIEDAS=NONEPIC")*3/4|TYPE=Base.REPLACE|PREVAREQ:UseAlternateBABProgression,0
CLASS:xxx	BONUS:COMBAT|BASEAB|classlevel("APPLIEDAS=NONEPIC")*1/2|TYPE=Base.REPLACE|PREVAREQ:UseAlternateBABProgression,0
CLASS:xxx	BONUS:VAR|ClassBABPoor|classlevel("APPLIEDAS=NONEPIC")|PREVAREQ:UseFractionalBAB,1
CLASS:xxx	BONUS:VAR|ClassBABModerate|classlevel("APPLIEDAS=NONEPIC")|PREVAREQ:UseFractionalBAB,1
CLASS:xxx	BONUS:VAR|ClassBABFull|classlevel("APPLIEDAS=NONEPIC")|PREVAREQ:UseFractionalBAB,1
CLASS:xxx	BONUS:SAVE|BASE.Fortitude|classlevel("APPLIEDAS=NONEPIC")/2+2|PREVAREQ:UseAlternateSaveProgression,0
CLASS:xxx	BONUS:SAVE|BASE.Fortitude|classlevel("APPLIEDAS=NONEPIC")/3|PREVAREQ:UseAlternateSaveProgression,0
CLASS:xxx	BONUS:SAVE|BASE.Reflex|classlevel("APPLIEDAS=NONEPIC")/2+2|PREVAREQ:UseAlternateSaveProgression,0
CLASS:xxx	BONUS:SAVE|BASE.Reflex|classlevel("APPLIEDAS=NONEPIC")/3|PREVAREQ:UseAlternateSaveProgression,0
CLASS:xxx	BONUS:SAVE|BASE.Will|classlevel("APPLIEDAS=NONEPIC")/2+2|PREVAREQ:UseAlternateSaveProgression,0
CLASS:xxx	BONUS:SAVE|BASE.Will|classlevel("APPLIEDAS=NONEPIC")/3|PREVAREQ:UseAlternateSaveProgression,0
CLASS:xxx	BONUS:VAR|ClassSaveGood_Fortitude|classlevel()|PREVAREQ:UseFractionalSave,1
CLASS:xxx	BONUS:VAR|ClassSavePoor_Fortitude|classlevel()|PREVAREQ:UseFractionalSave,1
CLASS:xxx	BONUS:VAR|ClassSaveGood_Reflex|classlevel()|PREVAREQ:UseFractionalSave,1
CLASS:xxx	BONUS:VAR|ClassSavePoor_Reflex|classlevel()|PREVAREQ:UseFractionalSave,1
CLASS:xxx	BONUS:VAR|ClassSaveGood_Will|classlevel()|PREVAREQ:UseFractionalSave,1
CLASS:xxx	BONUS:VAR|ClassSavePoor_Will|classlevel()|PREVAREQ:UseFractionalSave,1
CLASS:xxx	PRETEXT:
CLASS:xxx	STARTSKILLPTS:	CSKILL:
CLASS:xxx	FACT:SpellType|
CLASS:xxx	SPELLSTAT:	MEMORIZE:
CLASS:xxx	BONUS:CASTERLEVEL|xxx|Caster_Level_yyy	DEFINE:Caster_Level_BL_Stripped_yyy|0	BONUS:VAR|Caster_Level_BL_Stripped_yyy|Caster_Level_yyy-CasterLevelBLyyy	BONUS:VAR|Caster_Level_yyy|CL+Caster_Level_Bonus+CasterLevelBLyyy	DEFINE:CasterLevelBLyyy|0	BONUS:VAR|CasterLevelBL_yyy|charbonusto("PCLEVEL","xxx")	
CLASS:xxx	BONUS:VAR|Caster_Level_Highest__Arcane|Caster_Level_yyy|TYPE=Base

#	ADD:SPELLCASTER|
###Block
#11	PREPCLEVEL:MIN=20
###Block 	ABILITY:xxx Class Feature|AUTOMATIC|

Candle caster	Enchants candles

CLASS:xxx	MAXLEVEL:20
CLASS:xxx	HD:	TYPE:Base.PC.Prestige.Monster
CLASS:xxx	FACT:Abb|	FACT:ClassType|
CLASS:xxx	DEFINE:yyyLVL|0	BONUS:VAR|yyyLVL|CL
CLASS:xxx	SOURCEPAGE:p.	
CLASS:xxx	BONUS:COMBAT|BASEAB|classlevel("APPLIEDAS=NONEPIC")|TYPE=Base.REPLACE|PREVAREQ:UseAlternateBABProgression,0
CLASS:xxx	BONUS:COMBAT|BASEAB|classlevel("APPLIEDAS=NONEPIC")*3/4|TYPE=Base.REPLACE|PREVAREQ:UseAlternateBABProgression,0
CLASS:xxx	BONUS:COMBAT|BASEAB|classlevel("APPLIEDAS=NONEPIC")*1/2|TYPE=Base.REPLACE|PREVAREQ:UseAlternateBABProgression,0
CLASS:xxx	BONUS:VAR|ClassBABPoor|classlevel("APPLIEDAS=NONEPIC")|PREVAREQ:UseFractionalBAB,1
CLASS:xxx	BONUS:VAR|ClassBABModerate|classlevel("APPLIEDAS=NONEPIC")|PREVAREQ:UseFractionalBAB,1
CLASS:xxx	BONUS:VAR|ClassBABFull|classlevel("APPLIEDAS=NONEPIC")|PREVAREQ:UseFractionalBAB,1
CLASS:xxx	BONUS:SAVE|BASE.Fortitude|classlevel("APPLIEDAS=NONEPIC")/2+2|PREVAREQ:UseAlternateSaveProgression,0
CLASS:xxx	BONUS:SAVE|BASE.Fortitude|classlevel("APPLIEDAS=NONEPIC")/3|PREVAREQ:UseAlternateSaveProgression,0
CLASS:xxx	BONUS:SAVE|BASE.Reflex|classlevel("APPLIEDAS=NONEPIC")/2+2|PREVAREQ:UseAlternateSaveProgression,0
CLASS:xxx	BONUS:SAVE|BASE.Reflex|classlevel("APPLIEDAS=NONEPIC")/3|PREVAREQ:UseAlternateSaveProgression,0
CLASS:xxx	BONUS:SAVE|BASE.Will|classlevel("APPLIEDAS=NONEPIC")/2+2|PREVAREQ:UseAlternateSaveProgression,0
CLASS:xxx	BONUS:SAVE|BASE.Will|classlevel("APPLIEDAS=NONEPIC")/3|PREVAREQ:UseAlternateSaveProgression,0
CLASS:xxx	BONUS:VAR|ClassSaveGood_Fortitude|classlevel()|PREVAREQ:UseFractionalSave,1
CLASS:xxx	BONUS:VAR|ClassSavePoor_Fortitude|classlevel()|PREVAREQ:UseFractionalSave,1
CLASS:xxx	BONUS:VAR|ClassSaveGood_Reflex|classlevel()|PREVAREQ:UseFractionalSave,1
CLASS:xxx	BONUS:VAR|ClassSavePoor_Reflex|classlevel()|PREVAREQ:UseFractionalSave,1
CLASS:xxx	BONUS:VAR|ClassSaveGood_Will|classlevel()|PREVAREQ:UseFractionalSave,1
CLASS:xxx	BONUS:VAR|ClassSavePoor_Will|classlevel()|PREVAREQ:UseFractionalSave,1
CLASS:xxx	PRETEXT:
CLASS:xxx	STARTSKILLPTS:	CSKILL:
CLASS:xxx	FACT:SpellType|
CLASS:xxx	SPELLSTAT:	MEMORIZE:
CLASS:xxx	BONUS:CASTERLEVEL|xxx|Caster_Level_yyy	DEFINE:Caster_Level_BL_Stripped_yyy|0	BONUS:VAR|Caster_Level_BL_Stripped_yyy|Caster_Level_yyy-CasterLevelBLyyy	BONUS:VAR|Caster_Level_yyy|CL+Caster_Level_Bonus+CasterLevelBLyyy	DEFINE:CasterLevelBLyyy|0	BONUS:VAR|CasterLevelBL_yyy|charbonusto("PCLEVEL","xxx")	
CLASS:xxx	BONUS:VAR|Caster_Level_Highest__Arcane|Caster_Level_yyy|TYPE=Base

#	ADD:SPELLCASTER|
###Block
#11	PREPCLEVEL:MIN=20
###Block 	ABILITY:xxx Class Feature|AUTOMATIC|

Dragon disciple		Latent dragon blood

CLASS:xxx	MAXLEVEL:20
CLASS:xxx	HD:	TYPE:Base.PC.Prestige.Monster
CLASS:xxx	FACT:Abb|	FACT:ClassType|
CLASS:xxx	DEFINE:yyyLVL|0	BONUS:VAR|yyyLVL|CL
CLASS:xxx	SOURCEPAGE:p.	
CLASS:xxx	BONUS:COMBAT|BASEAB|classlevel("APPLIEDAS=NONEPIC")|TYPE=Base.REPLACE|PREVAREQ:UseAlternateBABProgression,0
CLASS:xxx	BONUS:COMBAT|BASEAB|classlevel("APPLIEDAS=NONEPIC")*3/4|TYPE=Base.REPLACE|PREVAREQ:UseAlternateBABProgression,0
CLASS:xxx	BONUS:COMBAT|BASEAB|classlevel("APPLIEDAS=NONEPIC")*1/2|TYPE=Base.REPLACE|PREVAREQ:UseAlternateBABProgression,0
CLASS:xxx	BONUS:VAR|ClassBABPoor|classlevel("APPLIEDAS=NONEPIC")|PREVAREQ:UseFractionalBAB,1
CLASS:xxx	BONUS:VAR|ClassBABModerate|classlevel("APPLIEDAS=NONEPIC")|PREVAREQ:UseFractionalBAB,1
CLASS:xxx	BONUS:VAR|ClassBABFull|classlevel("APPLIEDAS=NONEPIC")|PREVAREQ:UseFractionalBAB,1
CLASS:xxx	BONUS:SAVE|BASE.Fortitude|classlevel("APPLIEDAS=NONEPIC")/2+2|PREVAREQ:UseAlternateSaveProgression,0
CLASS:xxx	BONUS:SAVE|BASE.Fortitude|classlevel("APPLIEDAS=NONEPIC")/3|PREVAREQ:UseAlternateSaveProgression,0
CLASS:xxx	BONUS:SAVE|BASE.Reflex|classlevel("APPLIEDAS=NONEPIC")/2+2|PREVAREQ:UseAlternateSaveProgression,0
CLASS:xxx	BONUS:SAVE|BASE.Reflex|classlevel("APPLIEDAS=NONEPIC")/3|PREVAREQ:UseAlternateSaveProgression,0
CLASS:xxx	BONUS:SAVE|BASE.Will|classlevel("APPLIEDAS=NONEPIC")/2+2|PREVAREQ:UseAlternateSaveProgression,0
CLASS:xxx	BONUS:SAVE|BASE.Will|classlevel("APPLIEDAS=NONEPIC")/3|PREVAREQ:UseAlternateSaveProgression,0
CLASS:xxx	BONUS:VAR|ClassSaveGood_Fortitude|classlevel()|PREVAREQ:UseFractionalSave,1
CLASS:xxx	BONUS:VAR|ClassSavePoor_Fortitude|classlevel()|PREVAREQ:UseFractionalSave,1
CLASS:xxx	BONUS:VAR|ClassSaveGood_Reflex|classlevel()|PREVAREQ:UseFractionalSave,1
CLASS:xxx	BONUS:VAR|ClassSavePoor_Reflex|classlevel()|PREVAREQ:UseFractionalSave,1
CLASS:xxx	BONUS:VAR|ClassSaveGood_Will|classlevel()|PREVAREQ:UseFractionalSave,1
CLASS:xxx	BONUS:VAR|ClassSavePoor_Will|classlevel()|PREVAREQ:UseFractionalSave,1
CLASS:xxx	PRETEXT:
CLASS:xxx	STARTSKILLPTS:	CSKILL:
CLASS:xxx	FACT:SpellType|
CLASS:xxx	SPELLSTAT:	MEMORIZE:
CLASS:xxx	BONUS:CASTERLEVEL|xxx|Caster_Level_yyy	DEFINE:Caster_Level_BL_Stripped_yyy|0	BONUS:VAR|Caster_Level_BL_Stripped_yyy|Caster_Level_yyy-CasterLevelBLyyy	BONUS:VAR|Caster_Level_yyy|CL+Caster_Level_Bonus+CasterLevelBLyyy	DEFINE:CasterLevelBLyyy|0	BONUS:VAR|CasterLevelBL_yyy|charbonusto("PCLEVEL","xxx")	
CLASS:xxx	BONUS:VAR|Caster_Level_Highest__Arcane|Caster_Level_yyy|TYPE=Base

#	ADD:SPELLCASTER|
###Block
#11	PREPCLEVEL:MIN=20
###Block 	ABILITY:xxx Class Feature|AUTOMATIC|

Elemental savant Master of one element

CLASS:xxx	MAXLEVEL:20
CLASS:xxx	HD:	TYPE:Base.PC.Prestige.Monster
CLASS:xxx	FACT:Abb|	FACT:ClassType|
CLASS:xxx	DEFINE:yyyLVL|0	BONUS:VAR|yyyLVL|CL
CLASS:xxx	SOURCEPAGE:p.	
CLASS:xxx	BONUS:COMBAT|BASEAB|classlevel("APPLIEDAS=NONEPIC")|TYPE=Base.REPLACE|PREVAREQ:UseAlternateBABProgression,0
CLASS:xxx	BONUS:COMBAT|BASEAB|classlevel("APPLIEDAS=NONEPIC")*3/4|TYPE=Base.REPLACE|PREVAREQ:UseAlternateBABProgression,0
CLASS:xxx	BONUS:COMBAT|BASEAB|classlevel("APPLIEDAS=NONEPIC")*1/2|TYPE=Base.REPLACE|PREVAREQ:UseAlternateBABProgression,0
CLASS:xxx	BONUS:VAR|ClassBABPoor|classlevel("APPLIEDAS=NONEPIC")|PREVAREQ:UseFractionalBAB,1
CLASS:xxx	BONUS:VAR|ClassBABModerate|classlevel("APPLIEDAS=NONEPIC")|PREVAREQ:UseFractionalBAB,1
CLASS:xxx	BONUS:VAR|ClassBABFull|classlevel("APPLIEDAS=NONEPIC")|PREVAREQ:UseFractionalBAB,1
CLASS:xxx	BONUS:SAVE|BASE.Fortitude|classlevel("APPLIEDAS=NONEPIC")/2+2|PREVAREQ:UseAlternateSaveProgression,0
CLASS:xxx	BONUS:SAVE|BASE.Fortitude|classlevel("APPLIEDAS=NONEPIC")/3|PREVAREQ:UseAlternateSaveProgression,0
CLASS:xxx	BONUS:SAVE|BASE.Reflex|classlevel("APPLIEDAS=NONEPIC")/2+2|PREVAREQ:UseAlternateSaveProgression,0
CLASS:xxx	BONUS:SAVE|BASE.Reflex|classlevel("APPLIEDAS=NONEPIC")/3|PREVAREQ:UseAlternateSaveProgression,0
CLASS:xxx	BONUS:SAVE|BASE.Will|classlevel("APPLIEDAS=NONEPIC")/2+2|PREVAREQ:UseAlternateSaveProgression,0
CLASS:xxx	BONUS:SAVE|BASE.Will|classlevel("APPLIEDAS=NONEPIC")/3|PREVAREQ:UseAlternateSaveProgression,0
CLASS:xxx	BONUS:VAR|ClassSaveGood_Fortitude|classlevel()|PREVAREQ:UseFractionalSave,1
CLASS:xxx	BONUS:VAR|ClassSavePoor_Fortitude|classlevel()|PREVAREQ:UseFractionalSave,1
CLASS:xxx	BONUS:VAR|ClassSaveGood_Reflex|classlevel()|PREVAREQ:UseFractionalSave,1
CLASS:xxx	BONUS:VAR|ClassSavePoor_Reflex|classlevel()|PREVAREQ:UseFractionalSave,1
CLASS:xxx	BONUS:VAR|ClassSaveGood_Will|classlevel()|PREVAREQ:UseFractionalSave,1
CLASS:xxx	BONUS:VAR|ClassSavePoor_Will|classlevel()|PREVAREQ:UseFractionalSave,1
CLASS:xxx	PRETEXT:
CLASS:xxx	STARTSKILLPTS:	CSKILL:
CLASS:xxx	FACT:SpellType|
CLASS:xxx	SPELLSTAT:	MEMORIZE:
CLASS:xxx	BONUS:CASTERLEVEL|xxx|Caster_Level_yyy	DEFINE:Caster_Level_BL_Stripped_yyy|0	BONUS:VAR|Caster_Level_BL_Stripped_yyy|Caster_Level_yyy-CasterLevelBLyyy	BONUS:VAR|Caster_Level_yyy|CL+Caster_Level_Bonus+CasterLevelBLyyy	DEFINE:CasterLevelBLyyy|0	BONUS:VAR|CasterLevelBL_yyy|charbonusto("PCLEVEL","xxx")	
CLASS:xxx	BONUS:VAR|Caster_Level_Highest__Arcane|Caster_Level_yyy|TYPE=Base

#	ADD:SPELLCASTER|
###Block
#11	PREPCLEVEL:MIN=20
###Block 	ABILITY:xxx Class Feature|AUTOMATIC|

Fatespinner		Takes reins of fate

CLASS:xxx	MAXLEVEL:20
CLASS:xxx	HD:	TYPE:Base.PC.Prestige.Monster
CLASS:xxx	FACT:Abb|	FACT:ClassType|
CLASS:xxx	DEFINE:yyyLVL|0	BONUS:VAR|yyyLVL|CL
CLASS:xxx	SOURCEPAGE:p.	
CLASS:xxx	BONUS:COMBAT|BASEAB|classlevel("APPLIEDAS=NONEPIC")|TYPE=Base.REPLACE|PREVAREQ:UseAlternateBABProgression,0
CLASS:xxx	BONUS:COMBAT|BASEAB|classlevel("APPLIEDAS=NONEPIC")*3/4|TYPE=Base.REPLACE|PREVAREQ:UseAlternateBABProgression,0
CLASS:xxx	BONUS:COMBAT|BASEAB|classlevel("APPLIEDAS=NONEPIC")*1/2|TYPE=Base.REPLACE|PREVAREQ:UseAlternateBABProgression,0
CLASS:xxx	BONUS:VAR|ClassBABPoor|classlevel("APPLIEDAS=NONEPIC")|PREVAREQ:UseFractionalBAB,1
CLASS:xxx	BONUS:VAR|ClassBABModerate|classlevel("APPLIEDAS=NONEPIC")|PREVAREQ:UseFractionalBAB,1
CLASS:xxx	BONUS:VAR|ClassBABFull|classlevel("APPLIEDAS=NONEPIC")|PREVAREQ:UseFractionalBAB,1
CLASS:xxx	BONUS:SAVE|BASE.Fortitude|classlevel("APPLIEDAS=NONEPIC")/2+2|PREVAREQ:UseAlternateSaveProgression,0
CLASS:xxx	BONUS:SAVE|BASE.Fortitude|classlevel("APPLIEDAS=NONEPIC")/3|PREVAREQ:UseAlternateSaveProgression,0
CLASS:xxx	BONUS:SAVE|BASE.Reflex|classlevel("APPLIEDAS=NONEPIC")/2+2|PREVAREQ:UseAlternateSaveProgression,0
CLASS:xxx	BONUS:SAVE|BASE.Reflex|classlevel("APPLIEDAS=NONEPIC")/3|PREVAREQ:UseAlternateSaveProgression,0
CLASS:xxx	BONUS:SAVE|BASE.Will|classlevel("APPLIEDAS=NONEPIC")/2+2|PREVAREQ:UseAlternateSaveProgression,0
CLASS:xxx	BONUS:SAVE|BASE.Will|classlevel("APPLIEDAS=NONEPIC")/3|PREVAREQ:UseAlternateSaveProgression,0
CLASS:xxx	BONUS:VAR|ClassSaveGood_Fortitude|classlevel()|PREVAREQ:UseFractionalSave,1
CLASS:xxx	BONUS:VAR|ClassSavePoor_Fortitude|classlevel()|PREVAREQ:UseFractionalSave,1
CLASS:xxx	BONUS:VAR|ClassSaveGood_Reflex|classlevel()|PREVAREQ:UseFractionalSave,1
CLASS:xxx	BONUS:VAR|ClassSavePoor_Reflex|classlevel()|PREVAREQ:UseFractionalSave,1
CLASS:xxx	BONUS:VAR|ClassSaveGood_Will|classlevel()|PREVAREQ:UseFractionalSave,1
CLASS:xxx	BONUS:VAR|ClassSavePoor_Will|classlevel()|PREVAREQ:UseFractionalSave,1
CLASS:xxx	PRETEXT:
CLASS:xxx	STARTSKILLPTS:	CSKILL:
CLASS:xxx	FACT:SpellType|
CLASS:xxx	SPELLSTAT:	MEMORIZE:
CLASS:xxx	BONUS:CASTERLEVEL|xxx|Caster_Level_yyy	DEFINE:Caster_Level_BL_Stripped_yyy|0	BONUS:VAR|Caster_Level_BL_Stripped_yyy|Caster_Level_yyy-CasterLevelBLyyy	BONUS:VAR|Caster_Level_yyy|CL+Caster_Level_Bonus+CasterLevelBLyyy	DEFINE:CasterLevelBLyyy|0	BONUS:VAR|CasterLevelBL_yyy|charbonusto("PCLEVEL","xxx")	
CLASS:xxx	BONUS:VAR|Caster_Level_Highest__Arcane|Caster_Level_yyy|TYPE=Base

#	ADD:SPELLCASTER|
###Block
#11	PREPCLEVEL:MIN=20
###Block 	ABILITY:xxx Class Feature|AUTOMATIC|

Mage of the Order	Arcane Guildmage

CLASS:xxx	MAXLEVEL:20
CLASS:xxx	HD:	TYPE:Base.PC.Prestige.Monster
CLASS:xxx	FACT:Abb|	FACT:ClassType|
CLASS:xxx	DEFINE:yyyLVL|0	BONUS:VAR|yyyLVL|CL
CLASS:xxx	SOURCEPAGE:p.	
CLASS:xxx	BONUS:COMBAT|BASEAB|classlevel("APPLIEDAS=NONEPIC")|TYPE=Base.REPLACE|PREVAREQ:UseAlternateBABProgression,0
CLASS:xxx	BONUS:COMBAT|BASEAB|classlevel("APPLIEDAS=NONEPIC")*3/4|TYPE=Base.REPLACE|PREVAREQ:UseAlternateBABProgression,0
CLASS:xxx	BONUS:COMBAT|BASEAB|classlevel("APPLIEDAS=NONEPIC")*1/2|TYPE=Base.REPLACE|PREVAREQ:UseAlternateBABProgression,0
CLASS:xxx	BONUS:VAR|ClassBABPoor|classlevel("APPLIEDAS=NONEPIC")|PREVAREQ:UseFractionalBAB,1
CLASS:xxx	BONUS:VAR|ClassBABModerate|classlevel("APPLIEDAS=NONEPIC")|PREVAREQ:UseFractionalBAB,1
CLASS:xxx	BONUS:VAR|ClassBABFull|classlevel("APPLIEDAS=NONEPIC")|PREVAREQ:UseFractionalBAB,1
CLASS:xxx	BONUS:SAVE|BASE.Fortitude|classlevel("APPLIEDAS=NONEPIC")/2+2|PREVAREQ:UseAlternateSaveProgression,0
CLASS:xxx	BONUS:SAVE|BASE.Fortitude|classlevel("APPLIEDAS=NONEPIC")/3|PREVAREQ:UseAlternateSaveProgression,0
CLASS:xxx	BONUS:SAVE|BASE.Reflex|classlevel("APPLIEDAS=NONEPIC")/2+2|PREVAREQ:UseAlternateSaveProgression,0
CLASS:xxx	BONUS:SAVE|BASE.Reflex|classlevel("APPLIEDAS=NONEPIC")/3|PREVAREQ:UseAlternateSaveProgression,0
CLASS:xxx	BONUS:SAVE|BASE.Will|classlevel("APPLIEDAS=NONEPIC")/2+2|PREVAREQ:UseAlternateSaveProgression,0
CLASS:xxx	BONUS:SAVE|BASE.Will|classlevel("APPLIEDAS=NONEPIC")/3|PREVAREQ:UseAlternateSaveProgression,0
CLASS:xxx	BONUS:VAR|ClassSaveGood_Fortitude|classlevel()|PREVAREQ:UseFractionalSave,1
CLASS:xxx	BONUS:VAR|ClassSavePoor_Fortitude|classlevel()|PREVAREQ:UseFractionalSave,1
CLASS:xxx	BONUS:VAR|ClassSaveGood_Reflex|classlevel()|PREVAREQ:UseFractionalSave,1
CLASS:xxx	BONUS:VAR|ClassSavePoor_Reflex|classlevel()|PREVAREQ:UseFractionalSave,1
CLASS:xxx	BONUS:VAR|ClassSaveGood_Will|classlevel()|PREVAREQ:UseFractionalSave,1
CLASS:xxx	BONUS:VAR|ClassSavePoor_Will|classlevel()|PREVAREQ:UseFractionalSave,1
CLASS:xxx	PRETEXT:
CLASS:xxx	STARTSKILLPTS:	CSKILL:
CLASS:xxx	FACT:SpellType|
CLASS:xxx	SPELLSTAT:	MEMORIZE:
CLASS:xxx	BONUS:CASTERLEVEL|xxx|Caster_Level_yyy	DEFINE:Caster_Level_BL_Stripped_yyy|0	BONUS:VAR|Caster_Level_BL_Stripped_yyy|Caster_Level_yyy-CasterLevelBLyyy	BONUS:VAR|Caster_Level_yyy|CL+Caster_Level_Bonus+CasterLevelBLyyy	DEFINE:CasterLevelBLyyy|0	BONUS:VAR|CasterLevelBL_yyy|charbonusto("PCLEVEL","xxx")	
CLASS:xxx	BONUS:VAR|Caster_Level_Highest__Arcane|Caster_Level_yyy|TYPE=Base

#	ADD:SPELLCASTER|
###Block
#11	PREPCLEVEL:MIN=20
###Block 	ABILITY:xxx Class Feature|AUTOMATIC|


Mindbender		Mind-control specialist

CLASS:xxx	MAXLEVEL:20
CLASS:xxx	HD:	TYPE:Base.PC.Prestige.Monster
CLASS:xxx	FACT:Abb|	FACT:ClassType|
CLASS:xxx	DEFINE:yyyLVL|0	BONUS:VAR|yyyLVL|CL
CLASS:xxx	SOURCEPAGE:p.	
CLASS:xxx	BONUS:COMBAT|BASEAB|classlevel("APPLIEDAS=NONEPIC")|TYPE=Base.REPLACE|PREVAREQ:UseAlternateBABProgression,0
CLASS:xxx	BONUS:COMBAT|BASEAB|classlevel("APPLIEDAS=NONEPIC")*3/4|TYPE=Base.REPLACE|PREVAREQ:UseAlternateBABProgression,0
CLASS:xxx	BONUS:COMBAT|BASEAB|classlevel("APPLIEDAS=NONEPIC")*1/2|TYPE=Base.REPLACE|PREVAREQ:UseAlternateBABProgression,0
CLASS:xxx	BONUS:VAR|ClassBABPoor|classlevel("APPLIEDAS=NONEPIC")|PREVAREQ:UseFractionalBAB,1
CLASS:xxx	BONUS:VAR|ClassBABModerate|classlevel("APPLIEDAS=NONEPIC")|PREVAREQ:UseFractionalBAB,1
CLASS:xxx	BONUS:VAR|ClassBABFull|classlevel("APPLIEDAS=NONEPIC")|PREVAREQ:UseFractionalBAB,1
CLASS:xxx	BONUS:SAVE|BASE.Fortitude|classlevel("APPLIEDAS=NONEPIC")/2+2|PREVAREQ:UseAlternateSaveProgression,0
CLASS:xxx	BONUS:SAVE|BASE.Fortitude|classlevel("APPLIEDAS=NONEPIC")/3|PREVAREQ:UseAlternateSaveProgression,0
CLASS:xxx	BONUS:SAVE|BASE.Reflex|classlevel("APPLIEDAS=NONEPIC")/2+2|PREVAREQ:UseAlternateSaveProgression,0
CLASS:xxx	BONUS:SAVE|BASE.Reflex|classlevel("APPLIEDAS=NONEPIC")/3|PREVAREQ:UseAlternateSaveProgression,0
CLASS:xxx	BONUS:SAVE|BASE.Will|classlevel("APPLIEDAS=NONEPIC")/2+2|PREVAREQ:UseAlternateSaveProgression,0
CLASS:xxx	BONUS:SAVE|BASE.Will|classlevel("APPLIEDAS=NONEPIC")/3|PREVAREQ:UseAlternateSaveProgression,0
CLASS:xxx	BONUS:VAR|ClassSaveGood_Fortitude|classlevel()|PREVAREQ:UseFractionalSave,1
CLASS:xxx	BONUS:VAR|ClassSavePoor_Fortitude|classlevel()|PREVAREQ:UseFractionalSave,1
CLASS:xxx	BONUS:VAR|ClassSaveGood_Reflex|classlevel()|PREVAREQ:UseFractionalSave,1
CLASS:xxx	BONUS:VAR|ClassSavePoor_Reflex|classlevel()|PREVAREQ:UseFractionalSave,1
CLASS:xxx	BONUS:VAR|ClassSaveGood_Will|classlevel()|PREVAREQ:UseFractionalSave,1
CLASS:xxx	BONUS:VAR|ClassSavePoor_Will|classlevel()|PREVAREQ:UseFractionalSave,1
CLASS:xxx	PRETEXT:
CLASS:xxx	STARTSKILLPTS:	CSKILL:
CLASS:xxx	FACT:SpellType|
CLASS:xxx	SPELLSTAT:	MEMORIZE:
CLASS:xxx	BONUS:CASTERLEVEL|xxx|Caster_Level_yyy	DEFINE:Caster_Level_BL_Stripped_yyy|0	BONUS:VAR|Caster_Level_BL_Stripped_yyy|Caster_Level_yyy-CasterLevelBLyyy	BONUS:VAR|Caster_Level_yyy|CL+Caster_Level_Bonus+CasterLevelBLyyy	DEFINE:CasterLevelBLyyy|0	BONUS:VAR|CasterLevelBL_yyy|charbonusto("PCLEVEL","xxx")	
CLASS:xxx	BONUS:VAR|Caster_Level_Highest__Arcane|Caster_Level_yyy|TYPE=Base

#	ADD:SPELLCASTER|
###Block
#11	PREPCLEVEL:MIN=20
###Block 	ABILITY:xxx Class Feature|AUTOMATIC|

Pale master		Unique necromantic spellcaster

CLASS:xxx	MAXLEVEL:20
CLASS:xxx	HD:	TYPE:Base.PC.Prestige.Monster
CLASS:xxx	FACT:Abb|	FACT:ClassType|
CLASS:xxx	DEFINE:yyyLVL|0	BONUS:VAR|yyyLVL|CL
CLASS:xxx	SOURCEPAGE:p.	
CLASS:xxx	BONUS:COMBAT|BASEAB|classlevel("APPLIEDAS=NONEPIC")|TYPE=Base.REPLACE|PREVAREQ:UseAlternateBABProgression,0
CLASS:xxx	BONUS:COMBAT|BASEAB|classlevel("APPLIEDAS=NONEPIC")*3/4|TYPE=Base.REPLACE|PREVAREQ:UseAlternateBABProgression,0
CLASS:xxx	BONUS:COMBAT|BASEAB|classlevel("APPLIEDAS=NONEPIC")*1/2|TYPE=Base.REPLACE|PREVAREQ:UseAlternateBABProgression,0
CLASS:xxx	BONUS:VAR|ClassBABPoor|classlevel("APPLIEDAS=NONEPIC")|PREVAREQ:UseFractionalBAB,1
CLASS:xxx	BONUS:VAR|ClassBABModerate|classlevel("APPLIEDAS=NONEPIC")|PREVAREQ:UseFractionalBAB,1
CLASS:xxx	BONUS:VAR|ClassBABFull|classlevel("APPLIEDAS=NONEPIC")|PREVAREQ:UseFractionalBAB,1
CLASS:xxx	BONUS:SAVE|BASE.Fortitude|classlevel("APPLIEDAS=NONEPIC")/2+2|PREVAREQ:UseAlternateSaveProgression,0
CLASS:xxx	BONUS:SAVE|BASE.Fortitude|classlevel("APPLIEDAS=NONEPIC")/3|PREVAREQ:UseAlternateSaveProgression,0
CLASS:xxx	BONUS:SAVE|BASE.Reflex|classlevel("APPLIEDAS=NONEPIC")/2+2|PREVAREQ:UseAlternateSaveProgression,0
CLASS:xxx	BONUS:SAVE|BASE.Reflex|classlevel("APPLIEDAS=NONEPIC")/3|PREVAREQ:UseAlternateSaveProgression,0
CLASS:xxx	BONUS:SAVE|BASE.Will|classlevel("APPLIEDAS=NONEPIC")/2+2|PREVAREQ:UseAlternateSaveProgression,0
CLASS:xxx	BONUS:SAVE|BASE.Will|classlevel("APPLIEDAS=NONEPIC")/3|PREVAREQ:UseAlternateSaveProgression,0
CLASS:xxx	BONUS:VAR|ClassSaveGood_Fortitude|classlevel()|PREVAREQ:UseFractionalSave,1
CLASS:xxx	BONUS:VAR|ClassSavePoor_Fortitude|classlevel()|PREVAREQ:UseFractionalSave,1
CLASS:xxx	BONUS:VAR|ClassSaveGood_Reflex|classlevel()|PREVAREQ:UseFractionalSave,1
CLASS:xxx	BONUS:VAR|ClassSavePoor_Reflex|classlevel()|PREVAREQ:UseFractionalSave,1
CLASS:xxx	BONUS:VAR|ClassSaveGood_Will|classlevel()|PREVAREQ:UseFractionalSave,1
CLASS:xxx	BONUS:VAR|ClassSavePoor_Will|classlevel()|PREVAREQ:UseFractionalSave,1
CLASS:xxx	PRETEXT:
CLASS:xxx	STARTSKILLPTS:	CSKILL:
CLASS:xxx	FACT:SpellType|
CLASS:xxx	SPELLSTAT:	MEMORIZE:
CLASS:xxx	BONUS:CASTERLEVEL|xxx|Caster_Level_yyy	DEFINE:Caster_Level_BL_Stripped_yyy|0	BONUS:VAR|Caster_Level_BL_Stripped_yyy|Caster_Level_yyy-CasterLevelBLyyy	BONUS:VAR|Caster_Level_yyy|CL+Caster_Level_Bonus+CasterLevelBLyyy	DEFINE:CasterLevelBLyyy|0	BONUS:VAR|CasterLevelBL_yyy|charbonusto("PCLEVEL","xxx")	
CLASS:xxx	BONUS:VAR|Caster_Level_Highest__Arcane|Caster_Level_yyy|TYPE=Base

#	ADD:SPELLCASTER|
###Block
#11	PREPCLEVEL:MIN=20
###Block 	ABILITY:xxx Class Feature|AUTOMATIC|

Spell Sword		Fighter/mage

CLASS:xxx	MAXLEVEL:20
CLASS:xxx	HD:	TYPE:Base.PC.Prestige.Monster
CLASS:xxx	FACT:Abb|	FACT:ClassType|
CLASS:xxx	DEFINE:yyyLVL|0	BONUS:VAR|yyyLVL|CL
CLASS:xxx	SOURCEPAGE:p.	
CLASS:xxx	BONUS:COMBAT|BASEAB|classlevel("APPLIEDAS=NONEPIC")|TYPE=Base.REPLACE|PREVAREQ:UseAlternateBABProgression,0
CLASS:xxx	BONUS:COMBAT|BASEAB|classlevel("APPLIEDAS=NONEPIC")*3/4|TYPE=Base.REPLACE|PREVAREQ:UseAlternateBABProgression,0
CLASS:xxx	BONUS:COMBAT|BASEAB|classlevel("APPLIEDAS=NONEPIC")*1/2|TYPE=Base.REPLACE|PREVAREQ:UseAlternateBABProgression,0
CLASS:xxx	BONUS:VAR|ClassBABPoor|classlevel("APPLIEDAS=NONEPIC")|PREVAREQ:UseFractionalBAB,1
CLASS:xxx	BONUS:VAR|ClassBABModerate|classlevel("APPLIEDAS=NONEPIC")|PREVAREQ:UseFractionalBAB,1
CLASS:xxx	BONUS:VAR|ClassBABFull|classlevel("APPLIEDAS=NONEPIC")|PREVAREQ:UseFractionalBAB,1
CLASS:xxx	BONUS:SAVE|BASE.Fortitude|classlevel("APPLIEDAS=NONEPIC")/2+2|PREVAREQ:UseAlternateSaveProgression,0
CLASS:xxx	BONUS:SAVE|BASE.Fortitude|classlevel("APPLIEDAS=NONEPIC")/3|PREVAREQ:UseAlternateSaveProgression,0
CLASS:xxx	BONUS:SAVE|BASE.Reflex|classlevel("APPLIEDAS=NONEPIC")/2+2|PREVAREQ:UseAlternateSaveProgression,0
CLASS:xxx	BONUS:SAVE|BASE.Reflex|classlevel("APPLIEDAS=NONEPIC")/3|PREVAREQ:UseAlternateSaveProgression,0
CLASS:xxx	BONUS:SAVE|BASE.Will|classlevel("APPLIEDAS=NONEPIC")/2+2|PREVAREQ:UseAlternateSaveProgression,0
CLASS:xxx	BONUS:SAVE|BASE.Will|classlevel("APPLIEDAS=NONEPIC")/3|PREVAREQ:UseAlternateSaveProgression,0
CLASS:xxx	BONUS:VAR|ClassSaveGood_Fortitude|classlevel()|PREVAREQ:UseFractionalSave,1
CLASS:xxx	BONUS:VAR|ClassSavePoor_Fortitude|classlevel()|PREVAREQ:UseFractionalSave,1
CLASS:xxx	BONUS:VAR|ClassSaveGood_Reflex|classlevel()|PREVAREQ:UseFractionalSave,1
CLASS:xxx	BONUS:VAR|ClassSavePoor_Reflex|classlevel()|PREVAREQ:UseFractionalSave,1
CLASS:xxx	BONUS:VAR|ClassSaveGood_Will|classlevel()|PREVAREQ:UseFractionalSave,1
CLASS:xxx	BONUS:VAR|ClassSavePoor_Will|classlevel()|PREVAREQ:UseFractionalSave,1
CLASS:xxx	PRETEXT:
CLASS:xxx	STARTSKILLPTS:	CSKILL:
CLASS:xxx	FACT:SpellType|
CLASS:xxx	SPELLSTAT:	MEMORIZE:
CLASS:xxx	BONUS:CASTERLEVEL|xxx|Caster_Level_yyy	DEFINE:Caster_Level_BL_Stripped_yyy|0	BONUS:VAR|Caster_Level_BL_Stripped_yyy|Caster_Level_yyy-CasterLevelBLyyy	BONUS:VAR|Caster_Level_yyy|CL+Caster_Level_Bonus+CasterLevelBLyyy	DEFINE:CasterLevelBLyyy|0	BONUS:VAR|CasterLevelBL_yyy|charbonusto("PCLEVEL","xxx")	
CLASS:xxx	BONUS:VAR|Caster_Level_Highest__Arcane|Caster_Level_yyy|TYPE=Base

#	ADD:SPELLCASTER|
###Block
#11	PREPCLEVEL:MIN=20
###Block 	ABILITY:xxx Class Feature|AUTOMATIC|

True necromancer	Arcane and clerical control of death

CLASS:xxx	MAXLEVEL:20
CLASS:xxx	HD:	TYPE:Base.PC.Prestige.Monster
CLASS:xxx	FACT:Abb|	FACT:ClassType|
CLASS:xxx	DEFINE:yyyLVL|0	BONUS:VAR|yyyLVL|CL
CLASS:xxx	SOURCEPAGE:p.	
CLASS:xxx	BONUS:COMBAT|BASEAB|classlevel("APPLIEDAS=NONEPIC")|TYPE=Base.REPLACE|PREVAREQ:UseAlternateBABProgression,0
CLASS:xxx	BONUS:COMBAT|BASEAB|classlevel("APPLIEDAS=NONEPIC")*3/4|TYPE=Base.REPLACE|PREVAREQ:UseAlternateBABProgression,0
CLASS:xxx	BONUS:COMBAT|BASEAB|classlevel("APPLIEDAS=NONEPIC")*1/2|TYPE=Base.REPLACE|PREVAREQ:UseAlternateBABProgression,0
CLASS:xxx	BONUS:VAR|ClassBABPoor|classlevel("APPLIEDAS=NONEPIC")|PREVAREQ:UseFractionalBAB,1
CLASS:xxx	BONUS:VAR|ClassBABModerate|classlevel("APPLIEDAS=NONEPIC")|PREVAREQ:UseFractionalBAB,1
CLASS:xxx	BONUS:VAR|ClassBABFull|classlevel("APPLIEDAS=NONEPIC")|PREVAREQ:UseFractionalBAB,1
CLASS:xxx	BONUS:SAVE|BASE.Fortitude|classlevel("APPLIEDAS=NONEPIC")/2+2|PREVAREQ:UseAlternateSaveProgression,0
CLASS:xxx	BONUS:SAVE|BASE.Fortitude|classlevel("APPLIEDAS=NONEPIC")/3|PREVAREQ:UseAlternateSaveProgression,0
CLASS:xxx	BONUS:SAVE|BASE.Reflex|classlevel("APPLIEDAS=NONEPIC")/2+2|PREVAREQ:UseAlternateSaveProgression,0
CLASS:xxx	BONUS:SAVE|BASE.Reflex|classlevel("APPLIEDAS=NONEPIC")/3|PREVAREQ:UseAlternateSaveProgression,0
CLASS:xxx	BONUS:SAVE|BASE.Will|classlevel("APPLIEDAS=NONEPIC")/2+2|PREVAREQ:UseAlternateSaveProgression,0
CLASS:xxx	BONUS:SAVE|BASE.Will|classlevel("APPLIEDAS=NONEPIC")/3|PREVAREQ:UseAlternateSaveProgression,0
CLASS:xxx	BONUS:VAR|ClassSaveGood_Fortitude|classlevel()|PREVAREQ:UseFractionalSave,1
CLASS:xxx	BONUS:VAR|ClassSavePoor_Fortitude|classlevel()|PREVAREQ:UseFractionalSave,1
CLASS:xxx	BONUS:VAR|ClassSaveGood_Reflex|classlevel()|PREVAREQ:UseFractionalSave,1
CLASS:xxx	BONUS:VAR|ClassSavePoor_Reflex|classlevel()|PREVAREQ:UseFractionalSave,1
CLASS:xxx	BONUS:VAR|ClassSaveGood_Will|classlevel()|PREVAREQ:UseFractionalSave,1
CLASS:xxx	BONUS:VAR|ClassSavePoor_Will|classlevel()|PREVAREQ:UseFractionalSave,1
CLASS:xxx	PRETEXT:
CLASS:xxx	STARTSKILLPTS:	CSKILL:
CLASS:xxx	FACT:SpellType|
CLASS:xxx	SPELLSTAT:	MEMORIZE:
CLASS:xxx	BONUS:CASTERLEVEL|xxx|Caster_Level_yyy	DEFINE:Caster_Level_BL_Stripped_yyy|0	BONUS:VAR|Caster_Level_BL_Stripped_yyy|Caster_Level_yyy-CasterLevelBLyyy	BONUS:VAR|Caster_Level_yyy|CL+Caster_Level_Bonus+CasterLevelBLyyy	DEFINE:CasterLevelBLyyy|0	BONUS:VAR|CasterLevelBL_yyy|charbonusto("PCLEVEL","xxx")	
CLASS:xxx	BONUS:VAR|Caster_Level_Highest__Arcane|Caster_Level_yyy|TYPE=Base

#	ADD:SPELLCASTER|
###Block
#11	PREPCLEVEL:MIN=20
###Block 	ABILITY:xxx Class Feature|AUTOMATIC|

Wayfarer guide	Teleportation expert

CLASS:xxx	MAXLEVEL:20
CLASS:xxx	HD:	TYPE:Base.PC.Prestige.Monster
CLASS:xxx	FACT:Abb|	FACT:ClassType|
CLASS:xxx	DEFINE:yyyLVL|0	BONUS:VAR|yyyLVL|CL
CLASS:xxx	SOURCEPAGE:p.	
CLASS:xxx	BONUS:COMBAT|BASEAB|classlevel("APPLIEDAS=NONEPIC")|TYPE=Base.REPLACE|PREVAREQ:UseAlternateBABProgression,0
CLASS:xxx	BONUS:COMBAT|BASEAB|classlevel("APPLIEDAS=NONEPIC")*3/4|TYPE=Base.REPLACE|PREVAREQ:UseAlternateBABProgression,0
CLASS:xxx	BONUS:COMBAT|BASEAB|classlevel("APPLIEDAS=NONEPIC")*1/2|TYPE=Base.REPLACE|PREVAREQ:UseAlternateBABProgression,0
CLASS:xxx	BONUS:VAR|ClassBABPoor|classlevel("APPLIEDAS=NONEPIC")|PREVAREQ:UseFractionalBAB,1
CLASS:xxx	BONUS:VAR|ClassBABModerate|classlevel("APPLIEDAS=NONEPIC")|PREVAREQ:UseFractionalBAB,1
CLASS:xxx	BONUS:VAR|ClassBABFull|classlevel("APPLIEDAS=NONEPIC")|PREVAREQ:UseFractionalBAB,1
CLASS:xxx	BONUS:SAVE|BASE.Fortitude|classlevel("APPLIEDAS=NONEPIC")/2+2|PREVAREQ:UseAlternateSaveProgression,0
CLASS:xxx	BONUS:SAVE|BASE.Fortitude|classlevel("APPLIEDAS=NONEPIC")/3|PREVAREQ:UseAlternateSaveProgression,0
CLASS:xxx	BONUS:SAVE|BASE.Reflex|classlevel("APPLIEDAS=NONEPIC")/2+2|PREVAREQ:UseAlternateSaveProgression,0
CLASS:xxx	BONUS:SAVE|BASE.Reflex|classlevel("APPLIEDAS=NONEPIC")/3|PREVAREQ:UseAlternateSaveProgression,0
CLASS:xxx	BONUS:SAVE|BASE.Will|classlevel("APPLIEDAS=NONEPIC")/2+2|PREVAREQ:UseAlternateSaveProgression,0
CLASS:xxx	BONUS:SAVE|BASE.Will|classlevel("APPLIEDAS=NONEPIC")/3|PREVAREQ:UseAlternateSaveProgression,0
CLASS:xxx	BONUS:VAR|ClassSaveGood_Fortitude|classlevel()|PREVAREQ:UseFractionalSave,1
CLASS:xxx	BONUS:VAR|ClassSavePoor_Fortitude|classlevel()|PREVAREQ:UseFractionalSave,1
CLASS:xxx	BONUS:VAR|ClassSaveGood_Reflex|classlevel()|PREVAREQ:UseFractionalSave,1
CLASS:xxx	BONUS:VAR|ClassSavePoor_Reflex|classlevel()|PREVAREQ:UseFractionalSave,1
CLASS:xxx	BONUS:VAR|ClassSaveGood_Will|classlevel()|PREVAREQ:UseFractionalSave,1
CLASS:xxx	BONUS:VAR|ClassSavePoor_Will|classlevel()|PREVAREQ:UseFractionalSave,1
CLASS:xxx	PRETEXT:
CLASS:xxx	STARTSKILLPTS:	CSKILL:
CLASS:xxx	FACT:SpellType|
CLASS:xxx	SPELLSTAT:	MEMORIZE:
CLASS:xxx	BONUS:CASTERLEVEL|xxx|Caster_Level_yyy	DEFINE:Caster_Level_BL_Stripped_yyy|0	BONUS:VAR|Caster_Level_BL_Stripped_yyy|Caster_Level_yyy-CasterLevelBLyyy	BONUS:VAR|Caster_Level_yyy|CL+Caster_Level_Bonus+CasterLevelBLyyy	DEFINE:CasterLevelBLyyy|0	BONUS:VAR|CasterLevelBL_yyy|charbonusto("PCLEVEL","xxx")	
CLASS:xxx	BONUS:VAR|Caster_Level_Highest__Arcane|Caster_Level_yyy|TYPE=Base

#	ADD:SPELLCASTER|
###Block
#11	PREPCLEVEL:MIN=20
###Block 	ABILITY:xxx Class Feature|AUTOMATIC|










