# CVS $Revision: $ $Author: $ -- Thu Aug  7 12:47:32 2014 -- reformated by prettylst.pl v1.51 (build 24365)


# Class Name			Hit Dice	Type			Max Level	Source Page		Combat bonus															Modify VAR														Bonus
CLASS:Avenging Executioner	HD:8		TYPE:Prestige	MAXLEVEL:5	SOURCEPAGE:p.24	BONUS:COMBAT|BASEAB|classlevel("APPLIEDAS=NONEPIC")*3/4|TYPE=Base.REPLACE|PREVAREQ:UseAlternateBABProgression,0	BONUS:VAR|ClassBABModerate|classlevel("APPLIEDAS=NONEPIC")|PREVAREQ:UseFractionalBAB,1	BONUS:SAVE|BASE.Reflex,BASE.Will|classlevel("APPLIEDAS=NONEPIC")/2+2	BONUS:SAVE|BASE.Fortitude|classlevel("APPLIEDAS=NONEPIC")/3
# Class Name			Restricted AL		Required Skill						Required Text								PRETOTALAB
CLASS:Avenging Executioner	!PREALIGN:LG,NG,CG	PRESKILL:3,Hide=4,Intimidate=6,Move Silently=4	PRETEXT:Must have been tragically wronged in some manner.	PRETOTALAB:5
# Class Name			Skill Pts/Lvl	Class Skill
CLASS:Avenging Executioner	STARTSKILLPTS:6	CSKILL:Balance|Bluff|Climb|TYPE=Craft|Disguise|Escape Artist|Hide|Intimidate|Jump|Listen|Move Silently|Open Lock|TYPE=Profession|Spot|Use Rope
###Block:
1	ABILITY:Avenging Executioner Class Feature|AUTOMATIC|Avenging Executioner ~ Bloody Blade|Avenging Executioner ~ Sudden Strike
2	ABILITY:Avenging Executioner Class Feature|AUTOMATIC|Avenging Executioner ~ Rapid Intimidation
4	ABILITY:Avenging Executioner Class Feature|AUTOMATIC|Avenging Executioner ~ Dread Blade
5	ABILITY:Avenging Executioner Class Feature|AUTOMATIC|Avenging Executioner ~ Bloody Murder
###Block:
1	BONUS:VAR|SuddenStrikeDice|(CL+1)/2

# Class Name		Hit Dice	Type			Max Level	Source Page		Combat bonus										Bonus
CLASS:Battle Trickster	HD:10		TYPE:Prestige	MAXLEVEL:3	SOURCEPAGE:p.28	BONUS:COMBAT|BASEAB|classlevel("APPLIEDAS=NONEPIC")|TYPE=Base.REPLACE|PREVAREQ:UseAlternateBABProgression,0	BONUS:SAVE|BASE.Fortitude|classlevel("APPLIEDAS=NONEPIC")/2+2	BONUS:SAVE|BASE.Reflex,BASE.Will|classlevel("APPLIEDAS=NONEPIC")/3
# Class Name		Required Ability							Required Skill			Required Text									PRETOTALAB
CLASS:Battle Trickster	PREABILITY:2,CATEGORY=Special Ability,TYPE.SkillTrick	PRESKILL:3,TYPE.Standard=6	PRETEXT:Any three skills 6 ranks each. Skill Tricks: Any two.	PRETOTALAB:5
# Class Name		Skill Pts/Lvl	Class Skill
CLASS:Battle Trickster	STARTSKILLPTS:4	CSKILL:Balance|Bluff|Climb|TYPE=Craft|Handle Animal|Jump|TYPE=Profession|Ride|Swim|Tumble|Use Rope
###Block:
1	ABILITY:Battle Trickster Class Feature|AUTOMATIC|Battle Trickster ~ Bonus Trick
2	ABILITY:Battle Trickster Class Feature|AUTOMATIC|Battle Trickster ~ Bonus Feat
3	ABILITY:Battle Trickster Class Feature|AUTOMATIC|Battle Trickster ~ Tricky Fighting
###Block:
1	BONUS:VAR|BonusSkillTrickCount|1
3	BONUS:VAR|BonusSkillTrickCount|1

# Class Name		Hit Dice	Type			Max Level	Source Page		Combat bonus															Modify VAR														Bonus
CLASS:Cloaked Dancer	HD:6		TYPE:Prestige	MAXLEVEL:5	SOURCEPAGE:p.31	BONUS:COMBAT|BASEAB|classlevel("APPLIEDAS=NONEPIC")*3/4|TYPE=Base.REPLACE|PREVAREQ:UseAlternateBABProgression,0	BONUS:VAR|ClassBABModerate|classlevel("APPLIEDAS=NONEPIC")|PREVAREQ:UseFractionalBAB,1	BONUS:SAVE|BASE.Reflex|classlevel("APPLIEDAS=NONEPIC")/2+2	BONUS:SAVE|BASE.Fortitude,BASE.Will|classlevel("APPLIEDAS=NONEPIC")/3
# Class Name		Required Skill
CLASS:Cloaked Dancer	PRESKILL:3,Hide=5,Perform (Dance)=10,Sleight of Hand=5
# Class Name		Skill Pts/Lvl	Class Skill
CLASS:Cloaked Dancer	STARTSKILLPTS:6	CSKILL:Appraise|Balance|Bluff|Climb|Concentration|TYPE=Craft|Diplomacy|Disguise|Escape Artist|Gather Information|Jump|TYPE=Perform|TYPE=Profession|Sense Motive|Sleight of Hand|Speak Language|Swim|Tumble|Use Magic Device|Use Rope
###Block:
1	ABILITY:Cloaked Dancer Class Feature|AUTOMATIC|Cloaked Dancer ~ Enchanting Dance
2	ABILITY:Cloaked Dancer Class Feature|AUTOMATIC|Cloaked Dancer ~ Surprise Strike
###Block:
2	BONUS:VAR|SurpriseStrikeDice|CL/2
###Block:
2	ADD:SPELLCASTER|Arcane
4	ADD:SPELLCASTER|Arcane

# Class Name		Hit Dice	Type			Max Level	Source Page		Combat bonus															Modify VAR														Bonus
CLASS:Combat Trapsmith	HD:6		TYPE:Prestige	MAXLEVEL:5	SOURCEPAGE:p.34	BONUS:COMBAT|BASEAB|classlevel("APPLIEDAS=NONEPIC")*3/4|TYPE=Base.REPLACE|PREVAREQ:UseAlternateBABProgression,0	BONUS:VAR|ClassBABModerate|classlevel("APPLIEDAS=NONEPIC")|PREVAREQ:UseFractionalBAB,1	BONUS:SAVE|BASE.Reflex,BASE.Fortitude|classlevel("APPLIEDAS=NONEPIC")/2+2	BONUS:SAVE|BASE.Will|classlevel("APPLIEDAS=NONEPIC")/3
# Class Name		Required Skill								Required Text
CLASS:Combat Trapsmith	PRESKILL:3,Craft (Trapmaking)=8,Disable Device=6,Search=6	PRETEXT:Trapfinding.
# Class Name		Skill Pts/Lvl	Class Skill
CLASS:Combat Trapsmith	STARTSKILLPTS:6	CSKILL:Appraise|Balance|Climb|Concentration|TYPE=Craft|Disable Device|Escape Artist|Hide|Jump|Knowledge (architecture and engineering)|Listen|Move Silently|Open Lock|TYPE=Profession|Search|Spot|Tumble|Use Rope
###Block:
1	ABILITY:Combat Trapsmith Class Feature|AUTOMATIC|Combat Trapsmith ~ Combat Trapping|Combat Trapsmith ~ Trap Sense
2	ABILITY:Combat Trapsmith Class Feature|AUTOMATIC|Combat Trapsmith ~ Skill Focus
4	ABILITY:Combat Trapsmith Class Feature|AUTOMATIC|Combat Trapsmith ~ Improvised Materials
5	ABILITY:Combat Trapsmith Class Feature|AUTOMATIC|Combat Trapsmith ~ Expert Trapsetter
###Block:
1	BONUS:VAR|CombatTraps|CL+1
1	BONUS:VAR|TrapSenseBonus|(CL+1)/2

# Class Name		Hit Dice	Type			Max Level	Source Page		Combat bonus															Modify VAR														Bonus
CLASS:Fortune's Friend	HD:6		TYPE:Prestige	MAXLEVEL:5	SOURCEPAGE:p.38	BONUS:COMBAT|BASEAB|classlevel("APPLIEDAS=NONEPIC")*3/4|TYPE=Base.REPLACE|PREVAREQ:UseAlternateBABProgression,0	BONUS:VAR|ClassBABModerate|classlevel("APPLIEDAS=NONEPIC")|PREVAREQ:UseFractionalBAB,1	BONUS:SAVE|BASE.Reflex|classlevel("APPLIEDAS=NONEPIC")/2+2	BONUS:SAVE|BASE.Fortitude,BASE.Will|classlevel("APPLIEDAS=NONEPIC")/3
# Class Name		Required Feat		Required Skill			PRETOTALAB
CLASS:Fortune's Friend	PREABILITY:1,CATEGORY=FEAT,TYPE=Luck	PRESKILL:1,TYPE.Standard=8	PRETOTALAB:3
# Class Name		Skill Pts/Lvl	Class Skill
CLASS:Fortune's Friend	STARTSKILLPTS:6	CSKILL:Balance|Bluff|Climb|TYPE=Craft|Decipher Script|Diplomacy|Disable Device|Disguise|Escape Artist|Gather Information|Hide|Jump|Listen|Move Silently|Open Lock|TYPE=Perform|TYPE=Profession|Search|Sleight of Hand|Spot|Swim|Tumble|Use Magic Device|Use Rope
###Block:
1	ABILITY:Fortune's Friend Class Feature|AUTOMATIC|Fortune's Friend ~ Easy Luck|Fortune's Friend ~ Extra Fortune|Fortune's Friend ~ More Luck Than Skill
2	ABILITY:Fortune's Friend Class Feature|AUTOMATIC|Fortune's Friend ~ Bonus Luck Feat
3	ABILITY:Fortune's Friend Class Feature|AUTOMATIC|Fortune's Friend ~ Fortune's Favorite
5	ABILITY:Fortune's Friend Class Feature|AUTOMATIC|Fortune's Friend ~ Lucky Strike
###Block:
2	ADD:SPELLCASTER|ANY
4	ADD:SPELLCASTER|ANY
###Block:
1	BONUS:VAR|FortunesFriendExtraFortuneCount|1
3	BONUS:VAR|FortunesFriendExtraFortuneCount|1

# Class Name	Hit Dice	Type			Max Level	Source Page		Combat bonus										Bonus
CLASS:Gray Guard	HD:10		TYPE:Prestige	MAXLEVEL:10	SOURCEPAGE:p.40	BONUS:COMBAT|BASEAB|classlevel("APPLIEDAS=NONEPIC")|TYPE=Base.REPLACE|PREVAREQ:UseAlternateBABProgression,0	BONUS:SAVE|BASE.Fortitude,BASE.Will|classlevel("APPLIEDAS=NONEPIC")/2+2	BONUS:SAVE|BASE.Reflex|classlevel("APPLIEDAS=NONEPIC")/3
# Class Name	Required Ability											Required AL	Required Skill							Required Text
CLASS:Gray Guard	PREABILITY:1,CATEGORY=Special Ability,TYPE.LayOnHands,Lay on Hands ~ Paladin	PREALIGN:LG	PRESKILL:2,Knowledge (Religion)=8,Sense Motive=4	PRETEXT: Must adhere to a code of conduct that prevents the character from performing evil acts.
# Class Name	Skill Pts/Lvl	Class Skill
CLASS:Gray Guard	STARTSKILLPTS:2	CSKILL:Bluff|Concentration|Disguise|Forgery|Handle Animal|Heal|Intimidate|Knowledge (local)|Knowledge (nobility and royalty)|Knowledge (religion)|Ride|Sense Motive
###Block:
1	ABILITY:Gray Guard Class Feature|AUTOMATIC|Gray Guard ~ Lay On Hands|Gray Guard ~ Sacrament Of Trust
2	ABILITY:Gray Guard Class Feature|AUTOMATIC|Gray Guard ~ Debilitating Touch
3	ABILITY:Gray Guard Class Feature|AUTOMATIC|Gray Guard ~ Smite Evil
4	ABILITY:Gray Guard Class Feature|AUTOMATIC|Gray Guard ~ Justice Blade
5	ABILITY:Gray Guard Class Feature|AUTOMATIC|Gray Guard ~ Devastating Touch
7	ABILITY:Gray Guard Class Feature|AUTOMATIC|Gray Guard ~ Unbound Justice
10	ABILITY:Gray Guard Class Feature|AUTOMATIC|Gray Guard ~ Sacrament Of The True Faith
###Block:
2	ADD:SPELLCASTER|Divine
4	ADD:SPELLCASTER|Divine
6	ADD:SPELLCASTER|Divine
8	ADD:SPELLCASTER|Divine
10	ADD:SPELLCASTER|Divine
###Block:
3	BONUS:VAR|SmiteEvilTimes|1
8	BONUS:VAR|SmiteEvilTimes|1
4	BONUS:VAR|GrayGuardJusticeBladeTier|1
9	BONUS:VAR|GrayGuardJusticeBladeTier|1

# Class Name		Hit Dice	Type			Max Level	Source Page		Combat bonus															Modify VAR													Bonus
CLASS:Magical Trickster	HD:6		TYPE:Prestige	MAXLEVEL:3	SOURCEPAGE:p.45	BONUS:COMBAT|BASEAB|classlevel("APPLIEDAS=NONEPIC")*1/2|TYPE=Base.REPLACE|PREVAREQ:UseAlternateBABProgression,0	BONUS:VAR|ClassBABPoor|classlevel("APPLIEDAS=NONEPIC")|PREVAREQ:UseFractionalBAB,1	BONUS:SAVE|BASE.Will|classlevel("APPLIEDAS=NONEPIC")/2+2	BONUS:SAVE|BASE.Reflex,BASE.Fortitude|classlevel("APPLIEDAS=NONEPIC")/3
# Class Name		Required Ability							Required Feat			Req. Spell Type
CLASS:Magical Trickster	PREABILITY:2,CATEGORY=Special Ability,TYPE.SkillTrick	PREABILITY:1,CATEGORY=FEAT,TYPE=Metamagic	PRESPELLTYPE:1,ANY=3
# Class Name		Skill Pts/Lvl	Class Skill
CLASS:Magical Trickster	STARTSKILLPTS:4	CSKILL:Bluff|Climb|Concentration|TYPE=Craft|Diplomacy|Jump|Knowledge (arcana)|Knowledge (religion)|TYPE=Profession|Spellcraft|Tumble|Use Rope
###Block:
1	ABILITY:Magical Trickster Class Feature|AUTOMATIC|Magical Trickster ~ Bonus Trick|Magical Trickster ~ Spontaneous Trickster
2	ABILITY:Magical Trickster Class Feature|AUTOMATIC|Magical Trickster ~ Bonus Metamagic Feat
3	ABILITY:Magical Trickster Class Feature|AUTOMATIC|Magical Trickster ~ Metamagic Trick|Magical Trickster ~ Tricky Magic
###Block:
1	BONUS:VAR|BonusSkillTrickCount|1
3	BONUS:VAR|BonusSkillTrickCount|1
###Block:
2	ADD:SPELLCASTER|ANY
3	ADD:SPELLCASTER|ANY

# Class Name	Hit Dice	Type			Max Level	Source Page		Combat bonus															Modify VAR													Bonus
CLASS:Malconvoker	HD:4		TYPE:Prestige	MAXLEVEL:9	SOURCEPAGE:p.48	BONUS:COMBAT|BASEAB|classlevel("APPLIEDAS=NONEPIC")*1/2|TYPE=Base.REPLACE|PREVAREQ:UseAlternateBABProgression,0	BONUS:VAR|ClassBABPoor|classlevel("APPLIEDAS=NONEPIC")|PREVAREQ:UseFractionalBAB,1	BONUS:SAVE|BASE.Will|classlevel("APPLIEDAS=NONEPIC")/2+2	BONUS:SAVE|BASE.Reflex,BASE.Fortitude|classlevel("APPLIEDAS=NONEPIC")/3
# Class Name	Restricted AL		Required Feat							Required Language			Required Skill						Req. Known Spell
CLASS:Malconvoker	!PREALIGN:LE,NE,CE	PREABILITY:2,CATEGORY=FEAT,Augment Summoning,Spell Focus (Conjuration)	PRELANG:2,Celestial,Infernal	PRESKILL:2,Bluff=4,Knowledge (The Planes)=4	PRESPELL:1,Summon Monster III
# Class Name	Skill Pts/Lvl	Class Skill
CLASS:Malconvoker	STARTSKILLPTS:2	CSKILL:Bluff|Concentration|TYPE=Craft|Disguise|Knowledge (arcana)|Knowledge (religion)|Knowledge (The Planes)|TYPE=Profession|Spellcraft
###Block:
1	ABILITY:Malconvoker Class Feature|AUTOMATIC|Malconvoker ~ Deceptive Summons|Malconvoker ~ Unrestricted Conjuration
2	ABILITY:Malconvoker Class Feature|AUTOMATIC|Malconvoker ~ Planar Binding
3	ABILITY:Malconvoker Class Feature|AUTOMATIC|Malconvoker ~ Skill Focus
5	ABILITY:Malconvoker Class Feature|AUTOMATIC|Malconvoker ~ Fiendish Legion
6	ABILITY:Malconvoker Class Feature|AUTOMATIC|Malconvoker ~ Deceitful Bargaining
8	ABILITY:Malconvoker Class Feature|AUTOMATIC|Malconvoker ~ Improved Calling
9	ABILITY:Malconvoker Class Feature|AUTOMATIC|Malconvoker ~ Safe Summoning
###Block:
2	ADD:SPELLCASTER|ANY
3	ADD:SPELLCASTER|ANY
4	ADD:SPELLCASTER|ANY
5	ADD:SPELLCASTER|ANY
6	ADD:SPELLCASTER|ANY
7	ADD:SPELLCASTER|ANY
8	ADD:SPELLCASTER|ANY
9	ADD:SPELLCASTER|ANY
###Block:
1	BONUS:VAR|MalconvokerDeceptiveSummonsLVL|1
4	BONUS:VAR|MalconvokerDeceptiveSummonsLVL|1
7	BONUS:VAR|MalconvokerDeceptiveSummonsLVL|1

# Class Name		Hit Dice	Type			Max Level	Source Page		Combat bonus															Modify VAR													Bonus
CLASS:Master of Masks	HD:6		TYPE:Prestige	MAXLEVEL:10	SOURCEPAGE:p.52	BONUS:COMBAT|BASEAB|classlevel("APPLIEDAS=NONEPIC")*1/2|TYPE=Base.REPLACE|PREVAREQ:UseAlternateBABProgression,0	BONUS:VAR|ClassBABPoor|classlevel("APPLIEDAS=NONEPIC")|PREVAREQ:UseFractionalBAB,1	BONUS:SAVE|BASE.Reflex,BASE.Will|classlevel("APPLIEDAS=NONEPIC")/2+2	BONUS:SAVE|BASE.Fortitude|classlevel("APPLIEDAS=NONEPIC")/3
# Class Name		Required Language	Required Skill						Required Text
CLASS:Master of Masks	PRELANG:4,ANY	PRESKILL:3,Bluff=8,Disguise=8,Perform (Act)=8	PRETEXT:Must have successfully impersonated an individual, fooling even that person's friends and associates
# Class Name		Skill Pts/Lvl	Class Skill
CLASS:Master of Masks	STARTSKILLPTS:4	CSKILL:Appraise|Bluff|TYPE=Craft|Disguise|Forgery|TYPE=Perform|Sleight of Hand|Speak Language
###Block:
1	ABILITY:Master of Masks Class Feature|AUTOMATIC|Master of Masks ~ Persona Masks
3	ABILITY:Master of Masks Class Feature|AUTOMATIC|Master of Masks ~ Mask Specialist
5	ABILITY:Master of Masks Class Feature|AUTOMATIC|Master of Masks ~ Many Faces
6	ABILITY:Master of Masks Class Feature|AUTOMATIC|Master of Masks ~ Hidden Mask
###Block:
2	ADD:SPELLCASTER|ANY
4	ADD:SPELLCASTER|ANY
7	ADD:SPELLCASTER|ANY
9	ADD:SPELLCASTER|ANY
###Block:
1	BONUS:VAR|PersonaMasksKnown|2
2	BONUS:VAR|PersonaMasksKnown|1
3	BONUS:VAR|PersonaMasksKnown|1
5	BONUS:VAR|PersonaMasksKnown|1
7	BONUS:VAR|PersonaMasksKnown|1
9	BONUS:VAR|PersonaMasksKnown|1

# Class Name	Hit Dice	Type			Max Level	Source Page		Combat bonus															Modify VAR														Bonus
CLASS:Mountebank	HD:6		TYPE:Prestige	MAXLEVEL:10	SOURCEPAGE:p.57	BONUS:COMBAT|BASEAB|classlevel("APPLIEDAS=NONEPIC")*3/4|TYPE=Base.REPLACE|PREVAREQ:UseAlternateBABProgression,0	BONUS:VAR|ClassBABModerate|classlevel("APPLIEDAS=NONEPIC")|PREVAREQ:UseFractionalBAB,1	BONUS:SAVE|BASE.Reflex|classlevel("APPLIEDAS=NONEPIC")/2+2	BONUS:SAVE|BASE.Fortitude,BASE.Will|classlevel("APPLIEDAS=NONEPIC")/3
# Class Name	Restricted AL		Required Feat		Multiple Requirements
CLASS:Mountebank	!PREALIGN:LG,LN,LE	PREABILITY:1,CATEGORY=FEAT,Deceitful	PREMULT:2,[PRESKILL:2,Bluff=8,Spellcraft=4],[PRESKILL:1,Knowledge (Arcana)=4,TYPE.Knowledge (Local)=4,Knowledge (Psionics)=4]
# Class Name	Skill Pts/Lvl	Class Skill
CLASS:Mountebank	STARTSKILLPTS:4	CSKILL:Appraise|Bluff|Concentration|Diplomacy|Disguise|Escape Artist|Forgery|Intimidate|Jump|Knowledge (arcana)|Knowledge (local)|Knowledge (Psionics)|Listen|Sense Motive|Sleight of Hand|Spellcraft|Spot|Tumble
###Block:
1	ABILITY:Mountebank Class Feature|AUTOMATIC|Mountebank ~ Tongue of the Devil
2	ABILITY:Mountebank Class Feature|AUTOMATIC|Mountebank ~ Sneak Attack
3	ABILITY:Mountebank Class Feature|AUTOMATIC|Mountebank ~ Alter Ego
4	ABILITY:Mountebank Class Feature|AUTOMATIC|Mountebank ~ Sideslip
7	ABILITY:Mountebank Class Feature|AUTOMATIC|Mountebank ~ Slippery Mind
10	ABILITY:Mountebank Class Feature|AUTOMATIC|Mountebank ~ Sudden Escape
###Block:
2	BONUS:VAR|SneakAttackDice|(CL+1)/3
4	BONUS:VAR|SlideSlipTimes|1
6	BONUS:VAR|SlideSlipTimes|1
8	BONUS:VAR|SlideSlipTimes|1
3	BONUS:VAR|MountebankAlterEgoCount|CL/3

# Class Name		Hit Dice	Type			Max Level	Source Page		Combat bonus															Modify VAR														Bonus
CLASS:Psibond Agent	HD:6		TYPE:Prestige	MAXLEVEL:10	SOURCEPAGE:p.60	BONUS:COMBAT|BASEAB|classlevel("APPLIEDAS=NONEPIC")*3/4|TYPE=Base.REPLACE|PREVAREQ:UseAlternateBABProgression,0	BONUS:VAR|ClassBABModerate|classlevel("APPLIEDAS=NONEPIC")|PREVAREQ:UseFractionalBAB,1	BONUS:SAVE|BASE.Reflex|classlevel("APPLIEDAS=NONEPIC")/2+2	BONUS:SAVE|BASE.Fortitude,BASE.Will|classlevel("APPLIEDAS=NONEPIC")/3
# Class Name		Required Language	Required Skill						Required Text													Var. Min. Value
CLASS:Psibond Agent	PRELANG:3,ANY	PRESKILL:2,Gather Information=8,Sense Motive=4	PRETEXT:Psionics: Power point reserve of at least 1.	PRETEXT:Special: Sneak attack +1d6.	PREVARGTEQ:SneakAttackDice,1
# Class Name		Skill Pts/Lvl	Class Skill
CLASS:Psibond Agent	STARTSKILLPTS:6	CSKILL:Appraise|Balance|Bluff|Climb|Concentration|TYPE=Craft|Decipher Script|Diplomacy|Disable Device|Disguise|Escape Artist|Forgery|Gather Information|Hide|Intimidate|Jump|Knowledge (local)|Listen|Move Silently|Open Lock|TYPE=Perform|TYPE=Profession|Search|Sense Motive|Sleight of Hand|Speak Language|Spot|Swim|Tumble|Use Psionic Device|Use Rope
###Block:
1	ABILITY:Psibond Agent Class Feature|AUTOMATIC|Psibond Agent ~ Psibond
3	ABILITY:Psibond Agent Class Feature|AUTOMATIC|Psibond Agent ~ Sneak Attack
5	ABILITY:Psibond Agent Class Feature|AUTOMATIC|Psibond Agent ~ Lingering Psibond
7	ABILITY:Psibond Agent Class Feature|AUTOMATIC|Psibond Agent ~ Double Psibond
###Block:
3	BONUS:VAR|SneakAttackDice|CL/3

# Class Name		Hit Dice	Type			Max Level	Source Page		Combat bonus															Modify VAR														Bonus
CLASS:Spellwarp Sniper	HD:6		TYPE:Prestige	MAXLEVEL:5	SOURCEPAGE:p.64	BONUS:COMBAT|BASEAB|classlevel("APPLIEDAS=NONEPIC")*3/4|TYPE=Base.REPLACE|PREVAREQ:UseAlternateBABProgression,0	BONUS:VAR|ClassBABModerate|classlevel("APPLIEDAS=NONEPIC")|PREVAREQ:UseFractionalBAB,1	BONUS:SAVE|BASE.Will|classlevel("APPLIEDAS=NONEPIC")/2+2	BONUS:SAVE|BASE.Reflex,BASE.Fortitude|classlevel("APPLIEDAS=NONEPIC")/3
# Class Name		Required Feat			Multiple Requirements										Required Skill					Req. Spell Type		Required Text
CLASS:Spellwarp Sniper	PREABILITY:1,CATEGORY=FEAT,Point Blank Shot	PREMULT:1,[PREVARGTEQ:SneakAttackDice,1],[PREVARGTEQ:SuddenStrikeDice,1]	PRESKILL:2,Concentration=8,Spellcraft=8	PRESPELLTYPE:1,ANY=3	PRETEXT:Special: Sneak attack or sudden strike +1d6.
# Class Name		Skill Pts/Lvl	Class Skill
CLASS:Spellwarp Sniper	STARTSKILLPTS:4	CSKILL:Concentration|TYPE=Craft|Hide|Intimidate|Knowledge (arcana)|Move Silently|TYPE=Profession|Spellcraft|Spot
###Block:
1	ABILITY:Spellwarp Sniper Class Feature|AUTOMATIC|Spellwarp Sniper ~ Spellwarp
2	ABILITY:Spellwarp Sniper Class Feature|AUTOMATIC|Spellwarp Sniper ~ Sudden Raystrike
3	ABILITY:Spellwarp Sniper Class Feature|AUTOMATIC|Spellwarp Sniper ~ Precise Shot
5	ABILITY:Spellwarp Sniper Class Feature|AUTOMATIC|Spellwarp Sniper ~ Ray Mastery
###Block:
2	BONUS:VAR|SuddenRayStrikeDice|CL/2
###Block:
1	ADD:SPELLCASTER|ANY
2	ADD:SPELLCASTER|ANY
3	ADD:SPELLCASTER|ANY
4	ADD:SPELLCASTER|ANY
5	ADD:SPELLCASTER|ANY

# Class Name		Hit Dice	Type			Max Level	Source Page		Combat bonus															Modify VAR														Bonus
CLASS:Uncanny Trickster	HD:6		TYPE:Prestige	MAXLEVEL:3	SOURCEPAGE:p.67	BONUS:COMBAT|BASEAB|classlevel("APPLIEDAS=NONEPIC")*3/4|TYPE=Base.REPLACE|PREVAREQ:UseAlternateBABProgression,0	BONUS:VAR|ClassBABModerate|classlevel("APPLIEDAS=NONEPIC")|PREVAREQ:UseFractionalBAB,1	BONUS:SAVE|BASE.Will|classlevel("APPLIEDAS=NONEPIC")/2+2	BONUS:SAVE|BASE.Reflex,BASE.Fortitude|classlevel("APPLIEDAS=NONEPIC")/3
# Class Name		Required Ability							Required Skill
CLASS:Uncanny Trickster	PREABILITY:4,CATEGORY=Special Ability,TYPE.SkillTrick	PRESKILL:4,TYPE=Standard=8
# Class Name		Skill Pts/Lvl	Class Skill
CLASS:Uncanny Trickster	STARTSKILLPTS:8	CSKILL:Appraise|Balance|Bluff|Climb|TYPE=Craft|Decipher Script|Diplomacy|Disable Device|Disguise|Escape Artist|Forgery|Gather Information|Hide|Intimidate|Jump|Listen|Move Silently|Open Lock|TYPE=Perform|TYPE=Profession|Search|Sense Motive|Sleight of Hand|Spot|Swim|Tumble|Use Magic Device|Use Rope
###Block:
1	ABILITY:Uncanny Trickster Class Feature|AUTOMATIC|Uncanny Trickster ~ Bonus Trick|Uncanny Trickster ~ Favorite Trick
3	ABILITY:Uncanny Trickster Class Feature|AUTOMATIC|Uncanny Trickster ~ Tricky Defense
###Block:
1	BONUS:VAR|BonusSkillTrickCount,FavoriteSkillTrickCount|CL
# COMMENT: Unable to Implement '+1 level of existing class Features' which grants you a level of another class you already have.
###Block:
2	ADD:SPELLCASTER|ANY
3	ADD:SPELLCASTER|ANY
