# CVS $Revision: $ $Author: $ -- Sun May 19 00:52:28 2013 -- reformated by prettylst.pl v1.50 (build 19967)
SOURCELONG:Monsters of Faerun	SOURCESHORT:MoF	SOURCEDATE:2003-05

# Class Name			Hit Dice	Type				Abbreviation	Max Level	Source Page		Save checks bonus														Combat bonus
CLASS:Beholder Mage (MoF)	HD:4		TYPE:Monster.Prestige	ABB:BeHM		MAXLEVEL:10	SOURCEPAGE:p.	BONUS:CHECKS|BASE.Fortitude|CL/3	BONUS:CHECKS|BASE.Reflex|CL/3	BONUS:CHECKS|BASE.Will|CL/2+2	BONUS:COMBAT|BAB|CL/2|TYPE=Base.REPLACE
# Class Name			Required Race				Required Text
CLASS:Beholder Mage (MoF)	PRERACE:1,RACESUBTYPE:Beholder	PRETEXT:Lose or put out central magic eye.
# Class Name			Skill Pts/Lvl	Class Skill
CLASS:Beholder Mage (MoF)	STARTSKILLPTS:2	CSKILL:Craft (Alchemy)|Appraise|Concentration|Decipher Script|TYPE=Knowledge|Speak Language|Spellcraft|Use Magic Device
# Class Name			Spell Stat		Spell Type		Spellbook		Caster level
CLASS:Beholder Mage (MoF)	SPELLSTAT:INT	SPELLTYPE:Arcane	SPELLBOOK:YES	BONUS:CASTERLEVEL|Beholder Mage (MoF)|CL
1	CAST:6,3									ABILITY:Special Ability|AUTOMATIC|Sacrifice Eyestalk
2	CAST:6,5,3
3	CAST:6,6,5,3			BONUS:VAR|FamiliarLVL|CL	ABILITY:Special Ability|AUTOMATIC|Summon Familiar
4	CAST:6,6,6,5,3
5	CAST:6,6,6,6,5,3
6	CAST:6,6,6,6,6,5,3
7	CAST:6,6,6,6,6,6,5,3
8	CAST:6,6,6,6,6,6,6,5,3
9	CAST:6,6,6,6,6,6,6,6,5,3
10	CAST:6,6,6,6,6,6,6,6,6,5
