# CVS $Revision: $ $Author: $ -- Sat Jan  4 10:42:33 2014 -- reformated by prettylst.pl v1.50 (build 22746)
# Ability Category		Visible		Category of Object	Type of Object					Plural description for UI	Display Location

#ABILITYCATEGORY:Barbarian Class Feature	VISIBLE:QUALIFY	EDITABLE:YES		EDITPOOL:NO		CATEGORY:Special Ability	TYPE:Barbarian Class Feature	PLURAL:Barbarian Class Features	DISPLAYLOCATION:Class Features
ABILITYCATEGORY:APM	VISIBLE:NO	CATEGORY:APM		



# Ability Category				Visible		Category of Object	Type of Object				Display Location
ABILITYCATEGORY:Spellmaster Spells Known	VISIBLE:QUALIFY	CATEGORY:Internal		TYPE:SpellmasterSpellKnownSelection	DISPLAYLOCATION:Class Features

ABILITYCATEGORY:Eldritch Weaver Class Feature	VISIBLE:QUALIFY	EDITABLE:YES		EDITPOOL:NO		CATEGORY:Special Ability	TYPE:Eldritch Weaver Class Feature	PLURAL:Eldritch Weaver Class Features	DISPLAYLOCATION:Class Features
ABILITYCATEGORY:Evangelist Class Feature	VISIBLE:QUALIFY	EDITABLE:YES		EDITPOOL:NO		CATEGORY:Special Ability	TYPE:Evangelist Class Feature	PLURAL:Evangelist Class Features	DISPLAYLOCATION:Class Features
ABILITYCATEGORY:Scout Class Feature	VISIBLE:QUALIFY	EDITABLE:YES		EDITPOOL:NO		CATEGORY:Special Ability	TYPE:Scout Class Feature	PLURAL:Scout Class Features	DISPLAYLOCATION:Class Features
ABILITYCATEGORY:Spellmaster Class Feature	VISIBLE:QUALIFY	EDITABLE:YES		EDITPOOL:NO		CATEGORY:Special Ability	TYPE:Spellmaster Class Feature	PLURAL:Spellmaster Class Features	DISPLAYLOCATION:Class Features
ABILITYCATEGORY:Thanemage Class Feature	VISIBLE:QUALIFY	EDITABLE:YES		EDITPOOL:NO		CATEGORY:Special Ability	TYPE:Thanemage Class Feature	PLURAL:Thanemage Class Features	DISPLAYLOCATION:Class Features
ABILITYCATEGORY:Warpriest Class Feature	VISIBLE:QUALIFY	EDITABLE:YES		EDITPOOL:NO		CATEGORY:Special Ability	TYPE:Warpriest Class Feature	PLURAL:Warpriest Class Features	DISPLAYLOCATION:Class Features

#ABILITYCATEGORY:Psychic Feat	VISIBLE:QUALIFY	CATEGORY:FEAT		TYPE:Psychic.Psychic Talent.Metapsychic	PLURAL:Psychic Feats		DISPLAYLOCATION:Feats
ABILITYCATEGORY:Race Building Customization	VISIBLE:QUALIFY	CATEGORY:Special Ability	EDITABLE:YES		EDITPOOL:NO			TYPE:Race_Build_Option	DISPLAYLOCATION:Race Traits

ABILITYCATEGORY:Favored Class Selection		VISIBLE:QUALIFY	CATEGORY:Internal	EDITABLE:YES		EDITPOOL:NO			TYPE:Favored Class		POOL:POOL_Favored_Class_Selection	DISPLAYLOCATION:Race Traits


ABILITYCATEGORY:Resistance 5 Selection	POOL:POOL_Resistance_Five_Selection	VISIBLE:QUALIFY	CATEGORY:Internal			EDITABLE:YES		EDITPOOL:NO			TYPE:ResistanceSelection5		DISPLAYLOCATION:Race Traits
ABILITYCATEGORY:Resistance 10 Selection	POOL:POOL_Resistance_Ten_Selection	VISIBLE:QUALIFY	CATEGORY:Internal			EDITABLE:YES		EDITPOOL:NO			TYPE:ResistanceSelection10		DISPLAYLOCATION:Race Traits
ABILITYCATEGORY:APM ~ Spell-like								VISIBLE:QUALIFY	CATEGORY:Special Ability	EDITABLE:YES		EDITPOOL:NO			TYPE:APM SpellLike Choice		DISPLAYLOCATION:Race Traits

ABILITYCATEGORY:ADD APM HD Class		POOL:POOL_ADD_APM_HD_Class		VISIBLE:QUALIFY	CATEGORY:Special Ability	EDITABLE:NO			EDITPOOL:NO			TYPE:ADD APM HD Class			DISPLAYLOCATION:Race Traits	
ABILITYCATEGORY:Immunity Selection		POOL:POOL_Energy_Immunity		VISIBLE:QUALIFY	CATEGORY:Special Ability	EDITABLE:YES		EDITPOOL:NO			TYPE:ImmunityEnergySelection		DISPLAYLOCATION:Race Traits


ABILITYCATEGORY:+4 Racial Bonus to Skill	POOL:POOL_Skill_Bonus_Racial_Four_Selection	VISIBLE:QUALIFY	CATEGORY:Internal			EDITABLE:YES		EDITPOOL:NO			TYPE:RaceSkillBonusFour		DISPLAYLOCATION:Race Traits
ABILITYCATEGORY:+2 Racial Bonus to Skill	POOL:POOL_Skill_Bonus_Racial_Two_Selection	VISIBLE:QUALIFY	CATEGORY:Internal			EDITABLE:YES		EDITPOOL:NO			TYPE:RaceSkillBonusTwo		DISPLAYLOCATION:Race Traits
ABILITYCATEGORY:+1 Racial Bonus to Skill	POOL:POOL_Skill_Bonus_Racial_One_Selection	VISIBLE:QUALIFY	CATEGORY:Internal			EDITABLE:YES		EDITPOOL:NO			TYPE:RaceSkillBonusOne		DISPLAYLOCATION:Race Traits


ABILITYCATEGORY:Adaptive Learning Skill	POOL:POOL_Adaptive_Learning_Skill	VISIBLE:QUALIFY	CATEGORY:Internal			EDITABLE:YES		EDITPOOL:NO			TYPE:Adaptive Learning Skill		DISPLAYLOCATION:Race Traits
