SOURCELONG:Advanced Player's Manual	SOURCESHORT:APM	SOURCEWEB:http://www.greenronin.com

# Class Name	Hit Dice	Type			Abbreviation	Source Page		Save checks bonus											Combat bonus
CLASS:Spellmaster	HD:6		TYPE:Base.PC	ABB:Sm		SOURCEPAGE:p.29	BONUS:CHECKS|BASE.Fortitude,BASE.Reflex|CL/3	BONUS:CHECKS|BASE.Will|CL/2+2	BONUS:COMBAT|BAB|(CL*3)/4|TYPE=Base.REPLACE
# Class Name	Skill Pts/Lvl	Class Skill
CLASS:Spellmaster	STARTSKILLPTS:4	CSKILL:Concentration|TYPE=Craft|Decipher Script|Diplomacy|TYPE=Knowledge|TYPE=Profession|Spellcraft|Use Magic Device
# Class Name	Spell Stat		Stat for Bonus Spells	Spell Type		Caster level				Use Spell List
CLASS:Spellmaster	SPELLSTAT:WIS	BONUSSPELLSTAT:NONE	SPELLTYPE:Arcane	BONUS:CASTERLEVEL|Spellmaster|CL	SPELLLIST:8|Bard|Cleric|Druid|Evangelist|Paladin|Ranger|Sorcerer|Warpriest
1	ABILITY:Special Ability|AUTOMATIC|Hold Spell ~ Spellmaster|Sense Magic ~ Spellmaster|Weapon and Armor Proficiencies  ~ Spellmaster
2	ABILITY:Special Ability|AUTOMATIC|Counterspell ~ Spellmaster
4	ABILITY:Special Ability|AUTOMATIC|Magic Savant ~ Spellmaster
8	ABILITY:Special Ability|AUTOMATIC|Improved Magic Savant ~ Spellmaster
12	ABILITY:Special Ability|AUTOMATIC|Greater Magic Savant ~ Spellmaster
14	ABILITY:Special Ability|AUTOMATIC|Dispel Magic ~ Spellmaster
15	ABILITY:Special Ability|AUTOMATIC|Turn Spell ~ Spellmaster
19	ABILITY:Special Ability|AUTOMATIC|Master Magic Savant ~ Spellmaster
20	ABILITY:Special Ability|AUTOMATIC|Absorb Spell ~ Spellmaster
###Block:
1	BONUS:VAR|HoldSpellNumber|(CL+3)/4	BONUS:VAR|HoldSpellDuration|10*CL
###Block:
7	SR:10+(CL/2)+WIS
###Block:
11	BONUS:MISC|SR|5
###Block:
1	CAST:2,1
2	CAST:3,1
3	CAST:3,2
4	CAST:3,2,1
5	CAST:3,3,1
6	CAST:3,3,2
7	CAST:3,3,2,1
8	CAST:3,3,3,1
9	CAST:3,3,3,2
10	CAST:3,3,3,2,1
11	CAST:3,3,3,3,1
12	CAST:3,3,3,3,2,1
13	CAST:3,3,3,3,2,1
14	CAST:4,3,3,3,3,2,1
15	CAST:4,4,3,3,3,2,1
16	CAST:4,4,4,3,3,3,2
17	CAST:4,4,4,4,3,3,2
18	CAST:4,4,4,4,4,3,3
19	CAST:4,4,4,4,4,4,3
20	CAST:4,4,4,4,4,4,4
###Block:
1	BONUS:SPELLKNOWN|CLASS=Spellmaster;LEVEL=0|3+WIS
1	BONUS:SPELLKNOWN|CLASS=Spellmaster;LEVEL=1|1+WIS
2	BONUS:SPELLKNOWN|CLASS=Spellmaster;LEVEL=1|SpellMasterLVL2Known+WIS
3	BONUS:SPELLKNOWN|CLASS=Spellmaster;LEVEL=1|SpellMasterLVL3Known+WIS
4	BONUS:SPELLKNOWN|CLASS=Spellmaster;LEVEL=2|SpellMasterLVL4Known+WIS
5	BONUS:SPELLKNOWN|CLASS=Spellmaster;LEVEL=2|SpellMasterLVL5Known+WIS
6	BONUS:SPELLKNOWN|CLASS=Spellmaster;LEVEL=2|SpellMasterLVL6Known+WIS
7	BONUS:SPELLKNOWN|CLASS=Spellmaster;LEVEL=3|SpellMasterLVL7Known+WIS
8	BONUS:SPELLKNOWN|CLASS=Spellmaster;LEVEL=3|SpellMasterLVL8Known+WIS
9	BONUS:SPELLKNOWN|CLASS=Spellmaster;LEVEL=3|SpellMasterLVL9Known+WIS
10	BONUS:SPELLKNOWN|CLASS=Spellmaster;LEVEL=4|SpellMasterLVL10Known+WIS
11	BONUS:SPELLKNOWN|CLASS=Spellmaster;LEVEL=4|SpellMasterLVL11Known+WIS
12	BONUS:SPELLKNOWN|CLASS=Spellmaster;LEVEL=5|SpellMasterLVL12Known+WIS
13	BONUS:SPELLKNOWN|CLASS=Spellmaster;LEVEL=5|SpellMasterLVL13Known+WIS
14	BONUS:SPELLKNOWN|CLASS=Spellmaster;LEVEL=6|SpellMasterLVL14Known+WIS
15	BONUS:SPELLKNOWN|CLASS=Spellmaster;LEVEL=6|SpellMasterLVL15Known+WIS
16	BONUS:SPELLKNOWN|CLASS=Spellmaster;LEVEL=6|SpellMasterLVL16Known+WIS
17	BONUS:SPELLKNOWN|CLASS=Spellmaster;LEVEL=6|SpellMasterLVL17Known+WIS
18	BONUS:SPELLKNOWN|CLASS=Spellmaster;LEVEL=6|SpellMasterLVL18Known+WIS
19	BONUS:SPELLKNOWN|CLASS=Spellmaster;LEVEL=6|SpellMasterLVL19Known+WIS
20	BONUS:SPELLKNOWN|CLASS=Spellmaster;LEVEL=6|SpellMasterLVL20Known+WIS
