# CVS $Revision: $ $Author: $ -- Thu Aug  7 12:47:32 2014 -- reformated by prettylst.pl v1.51 (build 24365)
SOURCELONG:Advanced Player's Manual	SOURCESHORT:APM	SOURCEWEB:http://www.greenronin.com

# Eldritch Weaver

# Class Name		Hit Dice	Type			Source Page		Combat bonus															Modify VAR													Bonus
CLASS:Eldritch Weaver	HD:4		TYPE:Base.PC	SOURCEPAGE:p.17	BONUS:COMBAT|BASEAB|classlevel("APPLIEDAS=NONEPIC")*1/2|TYPE=Base.REPLACE|PREVAREQ:UseAlternateBABProgression,0	BONUS:VAR|ClassBABPoor|classlevel("APPLIEDAS=NONEPIC")|PREVAREQ:UseFractionalBAB,1	BONUS:SAVE|BASE.Fortitude,BASE.Reflex|classlevel("APPLIEDAS=NONEPIC")/3	BONUS:SAVE|BASE.Will|classlevel("APPLIEDAS=NONEPIC")/2+2
# Class Name		Skill Pts/Lvl	Class Skill
CLASS:Eldritch Weaver	STARTSKILLPTS:4	CSKILL:Concentration|TYPE=Craft|Decipher Script|Diplomacy|TYPE=Knowledge|TYPE=Profession|Spellcraft|Use Magic Device
# Class Name		Spell Stat		Spell Type		Memorize		Automatically Known Spell Levels	Caster level
CLASS:Eldritch Weaver	FACT:SpellType|Arcane
CLASS:Eldritch Weaver	SPELLSTAT:INT		MEMORIZE:YES	KNOWNSPELLS:LEVEL=0			BONUS:CASTERLEVEL|Eldritch Weaver|Caster_Level_Eldritch_Weaver	DEFINE:Caster_Level_Eldritch_Weaver|0	BONUS:VAR|Caster_Level_Eldritch_Weaver|CL+Caster_Level_Bonus	DEFINE:CasterLevelBLEldritch_Weaver|0	BONUS:VAR|CasterLevelBLEldritch_Weaver|charbonusto("PCLEVEL","Eldritch_Weaver")	BONUS:VAR|Caster_Level_Highest__Arcane|Caster_Level_Eldritch_Weaver+CasterLevelBLEldritch_Weaver|TYPE=Base

###Block:
1	CAST:5,1
2	CAST:6,2
3	CAST:6,2,0
4	CAST:6,2,1
5	CAST:6,3,2,0
6	CAST:6,3,2,1
7	CAST:6,3,2,2,0
8	CAST:6,4,3,2,1
9	CAST:6,4,3,2,2,0
10	CAST:6,4,3,3,2,1
11	CAST:6,4,4,3,2,2,0
12	CAST:6,4,4,3,3,2,1
13	CAST:6,4,4,4,3,3,2,0
14	CAST:6,4,4,4,3,3,2,1
15	CAST:6,4,4,4,4,3,3,2,0
16	CAST:6,4,4,4,4,4,3,3,1
17	CAST:6,4,4,4,4,4,3,3,2,0
18	CAST:6,4,4,4,4,4,4,4,3,1
19	CAST:6,4,4,4,4,4,4,4,3,2
20	CAST:6,4,4,4,4,4,4,4,4,3
###Block:
1	ABILITY:Eldritch Weaver Class Feature|AUTOMATIC|Eldritch Weaver ~ Weapon and Armor Proficiency
1	ABILITY:Eldritch Weaver Class Feature|AUTOMATIC|Eldritch Weaver ~ Summon Familiar
4	ABILITY:Eldritch Weaver Class Feature|AUTOMATIC|Eldritch Weaver ~ Minor Thread Power
3	ABILITY:Eldritch Weaver Class Feature|AUTOMATIC|Eldritch Weaver ~ Eldritch Weaving
12	ABILITY:Eldritch Weaver Class Feature|AUTOMATIC|Eldritch Weaver ~ Major Thread Power

# Class Name	Hit Dice	Type			Source Page		Combat bonus															Modify VAR														Bonus
CLASS:Evangelist	HD:6		TYPE:Base.PC	SOURCEPAGE:p.21	BONUS:COMBAT|BASEAB|classlevel("APPLIEDAS=NONEPIC")*3/4|TYPE=Base.REPLACE|PREVAREQ:UseAlternateBABProgression,0	BONUS:VAR|ClassBABModerate|classlevel("APPLIEDAS=NONEPIC")|PREVAREQ:UseFractionalBAB,1	BONUS:SAVE|BASE.Fortitude,BASE.Reflex|classlevel("APPLIEDAS=NONEPIC")/3	BONUS:SAVE|BASE.Will|classlevel("APPLIEDAS=NONEPIC")/2+2
# Class Name	Skill Pts/Lvl	Class Skill
CLASS:Evangelist	STARTSKILLPTS:6	CSKILL:Bluff|Climb|Concentration|TYPE=Craft|Decipher Script|Diplomacy|Intimidate|Jump|Knowledge (Religion)|TYPE=Perform|TYPE=Profession|Ride|Sleight of Hand|Spellcraft|Sense Motive|Swim|Use Magic Device|Use Rope
# Class Name	Spell Stat		Spell Type		Automatically Known Spell Levels											Caster level
CLASS:Evangelist	SPELLSTAT:WIS	FACT:SpellType|Divine	KNOWNSPELLS:LEVEL=0|LEVEL=1|LEVEL=2|LEVEL=3|LEVEL=4|LEVEL=5|LEVEL=6|LEVEL=7|LEVEL=8|LEVEL=9	BONUS:CASTERLEVEL|Evangelist|Caster_Level_BL_Stripped_Evangelist	DEFINE:Caster_Level_BL_Stripped_Evangelist|0	BONUS:VAR|Caster_Level_BL_Stripped_Evangelist|Caster_Level_Evangelist-CasterLevelBLEvangelist	BONUS:VAR|Caster_Level_Evangelist|CL+Caster_Level_Bonus+CasterLevelBLEvangelist	DEFINE:CasterLevelBLEvangelist|0	BONUS:VAR|CasterLevelBL_x_Evangelist|charbonusto("PCLEVEL","Evangelist")	BONUS:VAR|Caster_Level_Highest__Divine|Caster_Level_Evangelist|TYPE=Base
1	ABILITY:Evangelist Class Feature|AUTOMATIC|Evangelist ~ Weapon and Armor Proficiency
1	ABILITY:Evangelist Class Feature|AUTOMATIC|Evangelist ~ Aura
1	ABILITY:Evangelist Class Feature|AUTOMATIC|Evangelist ~ Divine Touch
2	ABILITY:Evangelist Class Feature|AUTOMATIC|Evangelist ~ Detect Infidel
3	ABILITY:Evangelist Class Feature|AUTOMATIC|Evangelist ~ Embolden the Faithful
3	ABILITY:Evangelist Class Feature|AUTOMATIC|Evangelist ~ Shake the Infidel
4	ABILITY:Evangelist Class Feature|AUTOMATIC|Evangelist ~ Turn/Rebuke Undead
7	ABILITY:Evangelist Class Feature|AUTOMATIC|Evangelist ~ Divine Voice
14	ABILITY:Evangelist Class Feature|AUTOMATIC|Evangelist ~ Shielding Prayer
16	ABILITY:Evangelist Class Feature|AUTOMATIC|Evangelist ~ Cast out
###Block:
1	CAST:2
2	CAST:3,0
3	CAST:3,1
4	CAST:3,2,0
5	CAST:3,3,1
6	CAST:3,3,2
7	CAST:3,3,2,0
8	CAST:3,3,3,1
9	CAST:3,3,3,2
10	CAST:3,3,3,2,0
11	CAST:3,3,3,3,1
12	CAST:3,3,3,3,2
13	CAST:3,3,3,3,2,0
14	CAST:4,3,3,3,3,1
15	CAST:4,4,3,3,3,2
16	CAST:4,4,4,3,3,2,0
17	CAST:4,4,4,4,3,3,1
18	CAST:4,4,4,4,4,3,2
19	CAST:4,4,4,4,4,4,3
20	CAST:4,4,4,4,4,4,4


# Class Name	Hit Dice	Type			Source Page		Combat bonus															Modify VAR													Bonus
CLASS:Scout		HD:6		TYPE:Base.PC	SOURCEPAGE:p.25	BONUS:COMBAT|BASEAB|classlevel("APPLIEDAS=NONEPIC")*1/2|TYPE=Base.REPLACE|PREVAREQ:UseAlternateBABProgression,0	BONUS:VAR|ClassBABPoor|classlevel("APPLIEDAS=NONEPIC")|PREVAREQ:UseFractionalBAB,1	BONUS:SAVE|BASE.Fortitude,BASE.Reflex|classlevel("APPLIEDAS=NONEPIC")/3	BONUS:SAVE|BASE.Will|classlevel("APPLIEDAS=NONEPIC")/2+2
# Class Name	Skill Pts/Lvl	Class Skill
CLASS:Scout		STARTSKILLPTS:6	CSKILL:Balance|Bluff|Climb|Diplomacy|Disguise|Escape Artist|Gather Information|Handle Animal|Heal|Hide|Jump|TYPE=Knowledge|Listen|Move Silently|TYPE=Profession|Search|Sense Motive|Spot|Survival|Swim|Tumble|Use Rope
###Block:
1	ABILITY:Scout Class Feature|AUTOMATIC|Scout ~ Weapon and Armor Proficiency
1	ABILITY:Scout Class Feature|AUTOMATIC|Scout ~ Favored Weapon
1	ABILITY:Scout Class Feature|AUTOMATIC|Scout ~ Sharp Senses
2	ABILITY:Scout Class Feature|AUTOMATIC|Scout ~ Special Ability
4	ABILITY:Scout Class Feature|AUTOMATIC|Scout ~ Improved Sharp Senses
6	ABILITY:Scout Class Feature|AUTOMATIC|Scout ~ Uncanny Dodge
10	ABILITY:Scout Class Feature|AUTOMATIC|Scout ~ Greater Sharp Senses
16	ABILITY:Scout Class Feature|AUTOMATIC|Scout ~ Improved Uncanny Dodge
19	ABILITY:Scout Class Feature|AUTOMATIC|Scout ~ Preternatural Dodge


# Class Name	Hit Dice	Type			Abbreviation	Source Page		Define			Combat bonus															Modify VAR																			Bonus
CLASS:Spellmaster	HD:6		TYPE:Base.PC	FACT:Abb|Sm		SOURCEPAGE:p.29	DEFINE:SpellmasterLVL|0	BONUS:COMBAT|BASEAB|classlevel("APPLIEDAS=NONEPIC")*3/4|TYPE=Base.REPLACE|PREVAREQ:UseAlternateBABProgression,0	BONUS:VAR|ClassBABModerate|classlevel("APPLIEDAS=NONEPIC")|PREVAREQ:UseFractionalBAB,1	BONUS:VAR|SpellmasterLVL|CL	BONUS:SAVE|BASE.Fortitude,BASE.Reflex|classlevel("APPLIEDAS=NONEPIC")/3	BONUS:SAVE|BASE.Will|classlevel("APPLIEDAS=NONEPIC")/2+2
# Class Name	Skill Pts/Lvl	Class Skill
CLASS:Spellmaster	STARTSKILLPTS:4	CSKILL:Concentration|TYPE=Craft|Decipher Script|Diplomacy|TYPE=Knowledge|TYPE=Profession|Spellcraft|Use Magic Device
# Class Name	Spell Stat		Stat for Bonus Spells	Spell Type		Caster level				Use Spell List
CLASS:Spellmaster	SPELLSTAT:WIS	BONUSSPELLSTAT:NONE	FACT:SpellType|Arcane	BONUS:CASTERLEVEL|Spellmaster|Caster_Level_BL_Stripped_Spellmaster	DEFINE:Caster_Level_BL_Stripped_Spellmaster|0	BONUS:VAR|Caster_Level_BL_Stripped_Spellmaster|Caster_Level_Spellmaster-CasterLevelBLSpellmaster	BONUS:VAR|Caster_Level_Spellmaster|CL+Caster_Level_Bonus+CasterLevelBLSpellmaster	DEFINE:CasterLevelBLSpellmaster|0	BONUS:VAR|CasterLevelBL_x_Spellmaster|charbonusto("PCLEVEL","Spellmaster")	BONUS:VAR|Caster_Level_Highest__Arcane|Caster_Level_Spellmaster|TYPE=Base	SPELLLIST:8|Bard|Cleric|Druid|Evangelist|Paladin|Ranger|Sorcerer|Warpriest
###Block
1	ABILITY:Spellmaster Class Feature|AUTOMATIC|Spellmaster ~ Weapon and Armor Proficiencies
1	ABILITY:Spellmaster Class Feature|AUTOMATIC|Spellmaster ~ Hold Spell
1	ABILITY:Spellmaster Class Feature|AUTOMATIC|Spellmaster ~ Sense Magic
2	ABILITY:Spellmaster Class Feature|AUTOMATIC|Spellmaster ~ Counterspell
4	ABILITY:Spellmaster Class Feature|AUTOMATIC|Spellmaster ~ Magic Savant
7	ABILITY:Spellmaster Class Feature|AUTOMATIC|Spellmaster ~ Spell Resistance
8	ABILITY:Spellmaster Class Feature|AUTOMATIC|Spellmaster ~ Improved Magic Savant
12	ABILITY:Spellmaster Class Feature|AUTOMATIC|Spellmaster ~ Greater Magic Savant
14	ABILITY:Spellmaster Class Feature|AUTOMATIC|Spellmaster ~ Dispel Magic
15	ABILITY:Spellmaster Class Feature|AUTOMATIC|Spellmaster ~ Turn Spell
19	ABILITY:Spellmaster Class Feature|AUTOMATIC|Spellmaster ~ Master Magic Savant
20	ABILITY:Spellmaster Class Feature|AUTOMATIC|Spellmaster ~ Absorb Spell
###Block
1	CAST:2,1
2	CAST:3,1
3	CAST:3,2
4	CAST:3,2,1
5	CAST:3,3,1
6	CAST:3,3,2
7	CAST:3,3,2,1
8	CAST:3,3,3,1
9	CAST:3,3,3,2
10	CAST:3,3,3,2,1
11	CAST:3,3,3,3,1
12	CAST:3,3,3,3,2,1
13	CAST:3,3,3,3,2,1
14	CAST:4,3,3,3,3,2,1
15	CAST:4,4,3,3,3,2,1
16	CAST:4,4,4,3,3,3,2
17	CAST:4,4,4,4,3,3,2
18	CAST:4,4,4,4,4,3,3
19	CAST:4,4,4,4,4,4,3
20	CAST:4,4,4,4,4,4,4
###Block
1	BONUS:SPELLKNOWN|CLASS=Spellmaster;LEVEL=0|3+WIS
1	BONUS:SPELLKNOWN|CLASS=Spellmaster;LEVEL=1|1+WIS
2	BONUS:SPELLKNOWN|CLASS=Spellmaster;LEVEL=1|SpellMasterLVL2Known+WIS
3	BONUS:SPELLKNOWN|CLASS=Spellmaster;LEVEL=1|SpellMasterLVL3Known+WIS
4	BONUS:SPELLKNOWN|CLASS=Spellmaster;LEVEL=2|SpellMasterLVL4Known+WIS
5	BONUS:SPELLKNOWN|CLASS=Spellmaster;LEVEL=2|SpellMasterLVL5Known+WIS
6	BONUS:SPELLKNOWN|CLASS=Spellmaster;LEVEL=2|SpellMasterLVL6Known+WIS
7	BONUS:SPELLKNOWN|CLASS=Spellmaster;LEVEL=3|SpellMasterLVL7Known+WIS
8	BONUS:SPELLKNOWN|CLASS=Spellmaster;LEVEL=3|SpellMasterLVL8Known+WIS
9	BONUS:SPELLKNOWN|CLASS=Spellmaster;LEVEL=3|SpellMasterLVL9Known+WIS
10	BONUS:SPELLKNOWN|CLASS=Spellmaster;LEVEL=4|SpellMasterLVL10Known+WIS
11	BONUS:SPELLKNOWN|CLASS=Spellmaster;LEVEL=4|SpellMasterLVL11Known+WIS
12	BONUS:SPELLKNOWN|CLASS=Spellmaster;LEVEL=5|SpellMasterLVL12Known+WIS
13	BONUS:SPELLKNOWN|CLASS=Spellmaster;LEVEL=5|SpellMasterLVL13Known+WIS
14	BONUS:SPELLKNOWN|CLASS=Spellmaster;LEVEL=6|SpellMasterLVL14Known+WIS
15	BONUS:SPELLKNOWN|CLASS=Spellmaster;LEVEL=6|SpellMasterLVL15Known+WIS
16	BONUS:SPELLKNOWN|CLASS=Spellmaster;LEVEL=6|SpellMasterLVL16Known+WIS
17	BONUS:SPELLKNOWN|CLASS=Spellmaster;LEVEL=6|SpellMasterLVL17Known+WIS
18	BONUS:SPELLKNOWN|CLASS=Spellmaster;LEVEL=6|SpellMasterLVL18Known+WIS
19	BONUS:SPELLKNOWN|CLASS=Spellmaster;LEVEL=6|SpellMasterLVL19Known+WIS
20	BONUS:SPELLKNOWN|CLASS=Spellmaster;LEVEL=6|SpellMasterLVL20Known+WIS


# Class Name	Hit Dice	Type			Source Page		Combat bonus										Bonus
CLASS:Thanemage	HD:8		TYPE:Base.PC	SOURCEPAGE:p.33	BONUS:COMBAT|BASEAB|classlevel("APPLIEDAS=NONEPIC")|TYPE=Base.REPLACE|PREVAREQ:UseAlternateBABProgression,0	BONUS:SAVE|BASE.Fortitude|classlevel("APPLIEDAS=NONEPIC")/3	BONUS:SAVE|BASE.Reflex,BASE.Will|classlevel("APPLIEDAS=NONEPIC")/2+2
# Class Name	Skill Pts/Lvl	Class Skill
CLASS:Thanemage	STARTSKILLPTS:4	CSKILL:Climb|Concentration|TYPE=Craft|Decipher Script|Handle Animal|Heal|Jump|Knowledge (arcana)|TYPE=Profession|Ride|Spellcraft|Survival|Swim|Use Rope
# Class Name	Spell Stat		Spell Type		Caster level
CLASS:Thanemage	SPELLSTAT:INT	FACT:SpellType|Arcane	BONUS:CASTERLEVEL|Thanemage|Caster_Level_BL_Stripped_Thanemage	DEFINE:Caster_Level_BL_Stripped_Thanemage|0	BONUS:VAR|Caster_Level_BL_Stripped_Thanemage|Caster_Level_Thanemage-CasterLevelBLThanemage	BONUS:VAR|Caster_Level_Thanemage|CL+Caster_Level_Bonus+CasterLevelBLThanemage	DEFINE:CasterLevelBLThanemage|0	BONUS:VAR|CasterLevelBL_x_Thanemage|charbonusto("PCLEVEL","Thanemage")	BONUS:VAR|Caster_Level_Highest__Arcane|Caster_Level_Thanemage|TYPE=Base
###Block
1	ABILITY:Thanemage Class Feature|AUTOMATIC|Thanemage ~ Weapon and Armor Proficiency
1	ABILITY:Thanemage Class Feature|AUTOMATIC|Thanemage ~ Apprentice Ability
2	ABILITY:Thanemage Class Feature|AUTOMATIC|Thanemage ~ Evasion
3	ABILITY:Thanemage Class Feature|AUTOMATIC|Thanemage ~ Bonus Feat
5	ABILITY:Thanemage Class Feature|AUTOMATIC|Thanemage ~ Initiate Ability
7	ABILITY:Thanemage Class Feature|AUTOMATIC|Thanemage ~ Uncanny Dodge
10	ABILITY:Thanemage Class Feature|AUTOMATIC|Thanemage ~ Adept Ability
13	ABILITY:Thanemage Class Feature|AUTOMATIC|Thanemage ~ Improved Evasion
15	ABILITY:Thanemage Class Feature|AUTOMATIC|Thanemage ~ Master Ability
16	ABILITY:Thanemage Class Feature|AUTOMATIC|Thanemage ~ Improved Uncanny Dodge
20	ABILITY:Thanemage Class Feature|AUTOMATIC|Thanemage ~ Grand Master Ability
###Block:
1	CAST:2
2	CAST:2
3	CAST:2
4	CAST:3,0
5	CAST:3,0
6	CAST:3,1
7	CAST:3,1
8	CAST:3,1,0
9	CAST:3,1,0
10	CAST:3,1,1
11	CAST:3,1,1,0
12	CAST:3,1,1,1
13	CAST:3,1,1,1
14	CAST:4,2,1,1,0
15	CAST:4,2,1,1,1
16	CAST:4,2,2,1,1
17	CAST:4,2,2,2,1
18	CAST:4,3,2,2,1
19	CAST:4,3,3,3,2
20	CAST:4,3,3,3,3


# Class Name	Hit Dice	Type			Source Page		Combat bonus															Modify VAR														Bonus
CLASS:Warpriest	HD:10		TYPE:Base.PC	SOURCEPAGE:p.38	BONUS:COMBAT|BASEAB|classlevel("APPLIEDAS=NONEPIC")*3/4|TYPE=Base.REPLACE|PREVAREQ:UseAlternateBABProgression,0	BONUS:VAR|ClassBABModerate|classlevel("APPLIEDAS=NONEPIC")|PREVAREQ:UseFractionalBAB,1	BONUS:SAVE|BASE.Reflex|classlevel("APPLIEDAS=NONEPIC")/3	BONUS:SAVE|BASE.Fortitude,BASE.Will|classlevel("APPLIEDAS=NONEPIC")/2+2
# Class Name	Skill Pts/Lvl	Class Skill
CLASS:Warpriest	STARTSKILLPTS:2	CSKILL:Climb|Concentration|Handle Animal|Heal|Jump|Knowledge (Religion)|Ride|Spellcraft
# Class Name	Spell Stat		Spell Type		Caster level
CLASS:Warpriest	SPELLSTAT:WIS	FACT:SpellType|Divine	BONUS:CASTERLEVEL|Warpriest|Caster_Level_BL_Stripped_Warpriest	DEFINE:Caster_Level_BL_Stripped_Warpriest|0	BONUS:VAR|Caster_Level_BL_Stripped_Warpriest|Caster_Level_Warpriest-CasterLevelBLWarpriest	BONUS:VAR|Caster_Level_Warpriest|CL+Caster_Level_Bonus+CasterLevelBLWarpriest	DEFINE:CasterLevelBLWarpriest|0	BONUS:VAR|CasterLevelBL_x_Warpriest|charbonusto("PCLEVEL","Warpriest")	BONUS:VAR|Caster_Level_Highest__Divine|Caster_Level_Warpriest|TYPE=Base
###Block
1	ABILITY:Warpriest Class Feature|AUTOMATIC|Warpriest ~ Weapon and Armor Proficiency
1	ABILITY:Warpriest Class Feature|AUTOMATIC|Warpriest ~ Aura
1	ABILITY:Warpriest Class Feature|AUTOMATIC|Warpriest ~ Divine Power
2	ABILITY:Warpriest Class Feature|AUTOMATIC|Warpriest ~ Divine Deflection
7	ABILITY:Warpriest Class Feature|AUTOMATIC|Warpriest ~ Turn or Rebuke Undead
10	ABILITY:Warpriest Class Feature|AUTOMATIC|Warpriest ~ Weapon Specialization
###Block
1	CAST:2,0
2	CAST:4,1
3	CAST:4,2,0
4	CAST:4,3,1
5	CAST:4,4,2
6	CAST:4,4,3,0
7	CAST:4,4,3,1
8	CAST:4,4,4,2
9	CAST:4,4,4,3,0
10	CAST:4,4,4,3,1
11	CAST:4,4,4,4,2
12	CAST:4,4,4,4,3,0
13	CAST:4,4,4,4,3,1
14	CAST:5,4,4,4,4,2
15	CAST:5,5,4,4,4,3,0
16	CAST:5,5,5,4,4,3,1
17	CAST:5,5,5,5,4,4,2
18	CAST:5,5,5,5,5,4,3
19	CAST:5,5,5,5,5,5,4
20	CAST:5,5,5,5,5,5,5
###Block
1	KNOWN:5,3
2	KNOWN:5,4
3	KNOWN:7,5,3
4	KNOWN:7,6,4
5	KNOWN:7,6,5
6	KNOWN:7,7,5,3
7	KNOWN:7,7,6,4
8	KNOWN:7,7,6,5
9	KNOWN:8,7,6,5,3
10	KNOWN:8,7,6,6,4
11	KNOWN:8,7,7,6,4
12	KNOWN:8,8,7,6,5,3
13	KNOWN:8,8,7,6,6,4
14	KNOWN:8,8,7,6,6,5
15	KNOWN:8,8,7,7,6,6,3
16	KNOWN:8,8,7,7,7,6,4
17	KNOWN:8,8,8,7,7,6,5
18	KNOWN:8,8,8,8,7,7,6
19	KNOWN:8,8,8,8,8,7,7
20	KNOWN:8,8,8,8,8,8,8

###Block: CLASS HD / SKILL Request

# Class Name	Hit Dice	Type			Class Type		Max Level		Source Page		Combat bonus															Modify VAR														Bonus
CLASS:APM HD ~ Aberration		HD:8		TYPE:Monster.APM HD Class	FACT:ClassType|Monster		BONUS:COMBAT|BASEAB|classlevel("APPLIEDAS=NONEPIC")*3/4|TYPE=Base.REPLACE|PREVAREQ:UseAlternateBABProgression,0	BONUS:VAR|ClassBABModerate|classlevel("APPLIEDAS=NONEPIC")|PREVAREQ:UseFractionalBAB,1	BONUS:SAVE|BASE.Will|classlevel("APPLIEDAS=NONEPIC")/2+2	BONUS:SAVE|BASE.Fortitude,BASE.Reflex|classlevel("APPLIEDAS=NONEPIC")/3	BONUS:VAR|HDVarTaken|CL
CLASS:APM HD ~ Aberration	PREVARLT:CL,AberrationHD
# Class Name	Skill Pts/Lvl	Add INT to Skill Points?
CLASS:APM HD ~ Aberration	STARTSKILLPTS:2	MODTOSKILLS:YES

# Class Name	Hit Dice	Type			Class Type		Max Level		Source Page		Combat bonus															Modify VAR														Bonus
CLASS:APM HD ~ Construct	HD:10		TYPE:Monster.APM HD Class	FACT:ClassType|Monster		BONUS:COMBAT|BASEAB|classlevel("APPLIEDAS=NONEPIC")*3/4|TYPE=Base.REPLACE|PREVAREQ:UseAlternateBABProgression,0	BONUS:VAR|ClassBABModerate|classlevel("APPLIEDAS=NONEPIC")|PREVAREQ:UseFractionalBAB,1	BONUS:SAVE|BASE.Fortitude,BASE.Reflex,BASE.Will|classlevel("APPLIEDAS=NONEPIC")/3	BONUS:VAR|HDVarTaken|CL
# Class Name	Reg. Race Type
CLASS:APM HD ~ Construct	PREVARLT:CL,ConstructHD
# Class Name	Skill Pts/Lvl	Add INT to Skill Points?
CLASS:APM HD ~ Construct	STARTSKILLPTS:0+BaseClassSkillPts	MODTOSKILLS:NO	DEFINE:BaseClassSkillPts|0	BONUS:VAR|BaseClassSkillPts|2+INT
3:REPEATLEVEL:3	BONUS:ABILITYPOOL|FEAT|-1|PRETEMPLATE:1,No Intelligence Score

# Class Name	Hit Dice	Type			Class Type		Max Level		Source Page		Define			Combat bonus										Modify VAR			Bonus
CLASS:APM HD ~ Dragon	HD:12		TYPE:Monster.APM HD Class	FACT:ClassType|Monster		DEFINE:DragonLVL|0	BONUS:COMBAT|BASEAB|classlevel("APPLIEDAS=NONEPIC")|TYPE=Base.REPLACE|PREVAREQ:UseAlternateBABProgression,0	BONUS:VAR|DragonLVL|CL	BONUS:SAVE|BASE.Fortitude,BASE.Reflex,BASE.Will|classlevel("APPLIEDAS=NONEPIC")/2+2	BONUS:VAR|HDVarTaken|CL
# Class Name	Required Var. value			Reg. Race Type
CLASS:APM HD ~ Dragon	PREVARLT:CL,DragonHD
# Class Name	Skill Pts/Lvl	Add INT to Skill Points?
CLASS:APM HD ~ Dragon	STARTSKILLPTS:6	MODTOSKILLS:YES

# Class Name	Hit Dice	Type			Class Type		Max Level		Source Page		Combat bonus															Modify VAR														Bonus
CLASS:APM HD ~ Elemental	HD:8		TYPE:Monster.APM HD Class	FACT:ClassType|Monster		BONUS:COMBAT|BASEAB|classlevel("APPLIEDAS=NONEPIC")*3/4|TYPE=Base.REPLACE|PREVAREQ:UseAlternateBABProgression,0	BONUS:VAR|ClassBABModerate|classlevel("APPLIEDAS=NONEPIC")|PREVAREQ:UseFractionalBAB,1	BONUS:SAVE|BASE.Reflex|classlevel("APPLIEDAS=NONEPIC")/2+2|PRERACE:1,RACESUBTYPE=Air,RACESUBTYPE=Fire	BONUS:SAVE|BASE.Fortitude,BASE.Will|classlevel("APPLIEDAS=NONEPIC")/3|PRERACE:1,RACESUBTYPE=Air,RACESUBTYPE=Fire	BONUS:SAVE|BASE.Fortitude|classlevel("APPLIEDAS=NONEPIC")/2+2|PRERACE:1,RACESUBTYPE=Earth,RACESUBTYPE=Water	BONUS:SAVE|BASE.Will,BASE.Reflex|classlevel("APPLIEDAS=NONEPIC")/3|PRERACE:1,RACESUBTYPE=Earth,RACESUBTYPE=Water	BONUS:VAR|HDVarTaken|CL
# Class Name	Reg. Race Type
CLASS:APM HD ~ Elemental	PREVARLT:CL,ElementalHD
# Class Name	Skill Pts/Lvl	Add INT to Skill Points?
CLASS:APM HD ~ Elemental	STARTSKILLPTS:2	MODTOSKILLS:YES

# Class Name	Hit Dice	Type			Class Type		Max Level		Source Page		Ability													Combat bonus															Modify VAR													Bonus
CLASS:APM HD ~ Fey		HD:6		TYPE:Monster.APM HD Class	FACT:ClassType|Monster		ABILITY:Special Ability|AUTOMATIC|Fey Proficiencies|PREVAREQ:NoTypeProficiencies,0	BONUS:COMBAT|BASEAB|classlevel("APPLIEDAS=NONEPIC")*1/2|TYPE=Base.REPLACE|PREVAREQ:UseAlternateBABProgression,0	BONUS:VAR|ClassBABPoor|classlevel("APPLIEDAS=NONEPIC")|PREVAREQ:UseFractionalBAB,1	BONUS:SAVE|BASE.Will,BASE.Reflex|classlevel("APPLIEDAS=NONEPIC")/2+2	BONUS:SAVE|BASE.Fortitude|classlevel("APPLIEDAS=NONEPIC")/3	BONUS:VAR|HDVarTaken|CL
# Class Name	Reg. Race Type
CLASS:APM HD ~ Fey		PREVARLT:CL,FeyHD
# Class Name	Skill Pts/Lvl	Add INT to Skill Points?
CLASS:APM HD ~ Fey		STARTSKILLPTS:6	MODTOSKILLS:YES

# Class Name	Hit Dice	Type			Class Type		Max Level		Source Page		Ability														Combat bonus															Modify VAR														Bonus
CLASS:APM HD ~ Giant		HD:8		TYPE:Monster.APM HD Class	FACT:ClassType|Monster		ABILITY:Special Ability|AUTOMATIC|Giant Proficiencies|PREVAREQ:NoTypeProficiencies,0	BONUS:COMBAT|BASEAB|classlevel("APPLIEDAS=NONEPIC")*3/4|TYPE=Base.REPLACE|PREVAREQ:UseAlternateBABProgression,0	BONUS:VAR|ClassBABModerate|classlevel("APPLIEDAS=NONEPIC")|PREVAREQ:UseFractionalBAB,1	BONUS:SAVE|BASE.Fortitude|classlevel("APPLIEDAS=NONEPIC")/2+2	BONUS:SAVE|BASE.Reflex,BASE.Will|classlevel("APPLIEDAS=NONEPIC")/3	BONUS:VAR|HDVarTaken|CL
# Class Name	Reg. Race Type
CLASS:APM HD ~ Giant		PREVARLT:CL,GiantHD
# Class Name	Skill Pts/Lvl	Add INT to Skill Points?
CLASS:APM HD ~ Giant		STARTSKILLPTS:2	MODTOSKILLS:YES

# Class Name	Hit Dice	Type			Class Type		Max Level		Source Page		Ability														Combat bonus															Modify VAR														Bonus
CLASS:APM HD ~ Humanoid	HD:8		TYPE:Monster.APM HD Class	FACT:ClassType|Monster	ABILITY:Special Ability|AUTOMATIC|Humanoid Proficiencies|PREVAREQ:NoTypeProficiencies,0	BONUS:COMBAT|BASEAB|classlevel("APPLIEDAS=NONEPIC")*3/4|TYPE=Base.REPLACE|PREVAREQ:UseAlternateBABProgression,0	BONUS:VAR|ClassBABModerate|classlevel("APPLIEDAS=NONEPIC")|PREVAREQ:UseFractionalBAB,1	BONUS:SAVE|BASE.Reflex|classlevel("APPLIEDAS=NONEPIC")/2+2	BONUS:SAVE|BASE.Fortitude,BASE.Will|classlevel("APPLIEDAS=NONEPIC")/3	BONUS:VAR|HDVarTaken|CL
# Class Name	Prohibited Class							Reg. Race Type
CLASS:APM HD ~ Humanoid		PREVARLT:CL,HumanoidHD
# Class Name	Skill Pts/Lvl	Add INT to Skill Points?
CLASS:APM HD ~ Humanoid	STARTSKILLPTS:2	MODTOSKILLS:YES

# Class Name		Hit Dice	Type			Class Type		Max Level		Source Page		Combat bonus										Bonus
CLASS:APM HD ~ Magical Beast	HD:10		TYPE:Monster.APM HD Class	FACT:ClassType|Monster		BONUS:COMBAT|BASEAB|classlevel("APPLIEDAS=NONEPIC")|TYPE=Base.REPLACE|PREVAREQ:UseAlternateBABProgression,0	BONUS:SAVE|BASE.Fortitude,BASE.Reflex|classlevel("APPLIEDAS=NONEPIC")/2+2	BONUS:SAVE|BASE.Will|classlevel("APPLIEDAS=NONEPIC")/3	BONUS:VAR|HDVarTaken|CL
# Class Name		Reg. Race Type
CLASS:APM HD ~ Magical Beast		PREVARLT:CL,Magical_BeastHD
# Class Name		Skill Pts/Lvl	Add INT to Skill Points?
CLASS:APM HD ~ Magical Beast	STARTSKILLPTS:2	MODTOSKILLS:YES

# Class Name			Hit Dice	Type			Class Type		Max Level		Source Page		Ability																Combat bonus										Bonus
CLASS:APM HD ~ Monstrous humanoid	HD:8		TYPE:Monster.APM HD Class	FACT:ClassType|Monster		ABILITY:Special Ability|AUTOMATIC|Monstrous Humanoid Proficiencies|PREVAREQ:NoTypeProficiencies,0	BONUS:COMBAT|BASEAB|classlevel("APPLIEDAS=NONEPIC")|TYPE=Base.REPLACE|PREVAREQ:UseAlternateBABProgression,0	BONUS:SAVE|BASE.Will,BASE.Reflex|classlevel("APPLIEDAS=NONEPIC")/2+2	BONUS:SAVE|BASE.Fortitude|classlevel("APPLIEDAS=NONEPIC")/3	BONUS:VAR|HDVarTaken|CL
# Class Name			Reg. Race Type
CLASS:APM HD ~ Monstrous humanoid		PREVARLT:CL,Monstrous_humanoidHD
# Class Name			Skill Pts/Lvl	Add INT to Skill Points?
CLASS:APM HD ~ Monstrous humanoid	STARTSKILLPTS:2	MODTOSKILLS:YES

# Class Name	Hit Dice	Type			Class Type		Max Level		Source Page		Levels per Feat	Combat bonus															Modify VAR														Bonus
CLASS:APM HD ~ Ooze		HD:10		TYPE:Monster.APM HD Class	FACT:ClassType|Monster		BONUS:COMBAT|BASEAB|classlevel("APPLIEDAS=NONEPIC")*3/4|TYPE=Base.REPLACE|PREVAREQ:UseAlternateBABProgression,0	BONUS:VAR|ClassBABModerate|classlevel("APPLIEDAS=NONEPIC")|PREVAREQ:UseFractionalBAB,1	BONUS:SAVE|BASE.Fortitude,BASE.Reflex,BASE.Will|classlevel("APPLIEDAS=NONEPIC")/3	BONUS:VAR|HDVarTaken|CL
# Class Name	Reg. Race Type
CLASS:APM HD ~ Ooze			PREVARLT:CL,OozeHD
# Class Name	Skill Pts/Lvl	Add INT to Skill Points?
CLASS:APM HD ~ Ooze		STARTSKILLPTS:0+BaseClassSkillPts	MODTOSKILLS:NO	DEFINE:BaseClassSkillPts|0	BONUS:VAR|BaseClassSkillPts|2+INT
3:REPEATLEVEL:3	BONUS:ABILITYPOOL|FEAT|-1|PRETEMPLATE:1,No Intelligence Score

# Class Name	Hit Dice	Type			Class Type		Max Level		Source Page		Ability														Combat bonus										Bonus
CLASS:APM HD ~ Outsider	HD:8		TYPE:Monster.APM HD Class	FACT:ClassType|Monster		ABILITY:Special Ability|AUTOMATIC|Outsider Proficiencies|PREVAREQ:NoTypeProficiencies,0	BONUS:COMBAT|BASEAB|classlevel("APPLIEDAS=NONEPIC")|TYPE=Base.REPLACE|PREVAREQ:UseAlternateBABProgression,0	BONUS:SAVE|BASE.Fortitude,BASE.Reflex,BASE.Will|classlevel("APPLIEDAS=NONEPIC")/2+2	BONUS:VAR|HDVarTaken|CL
# Class Name	Reg. Race Type
CLASS:APM HD ~ Outsider		PREVARLT:CL,OutsiderHD
# Class Name	Skill Pts/Lvl	Add INT to Skill Points?
CLASS:APM HD ~ Outsider	STARTSKILLPTS:8	MODTOSKILLS:YES

# Class Name	Hit Dice	Type			Class Type		Max Level		Source Page		Combat bonus															Modify VAR														Bonus
CLASS:APM HD ~ Plant		HD:8		TYPE:Monster.APM HD Class	FACT:ClassType|Monster		BONUS:COMBAT|BASEAB|classlevel("APPLIEDAS=NONEPIC")*3/4|TYPE=Base.REPLACE|PREVAREQ:UseAlternateBABProgression,0	BONUS:VAR|ClassBABModerate|classlevel("APPLIEDAS=NONEPIC")|PREVAREQ:UseFractionalBAB,1	BONUS:SAVE|BASE.Fortitude|classlevel("APPLIEDAS=NONEPIC")/2+2	BONUS:SAVE|BASE.Will,BASE.Reflex|classlevel("APPLIEDAS=NONEPIC")/3	BONUS:VAR|HDVarTaken|CL
# Class Name	Reg. Race Type
CLASS:APM HD ~ Plant			PREVARLT:CL,PlantHD
# Class Name	Skill Pts/Lvl	Add INT to Skill Points?
CLASS:APM HD ~ Plant		STARTSKILLPTS:0+BaseClassSkillPts	MODTOSKILLS:NO	DEFINE:BaseClassSkillPts|0	BONUS:VAR|BaseClassSkillPts|2+INT
3:REPEATLEVEL:3	BONUS:ABILITYPOOL|FEAT|-1|PRETEMPLATE:1,No Intelligence Score

# Class Name	Hit Dice	Type			Class Type		Max Level		Source Page		Ability														Combat bonus															Modify VAR													Bonus
CLASS:APM HD ~ Undead	HD:12		TYPE:Monster.APM HD Class	FACT:ClassType|Monster	ABILITY:Special Ability|AUTOMATIC|Undead Proficiencies|PREVAREQ:NoTypeProficiencies,0	BONUS:COMBAT|BASEAB|classlevel("APPLIEDAS=NONEPIC")*1/2|TYPE=Base.REPLACE|PREVAREQ:UseAlternateBABProgression,0	BONUS:VAR|ClassBABPoor|classlevel("APPLIEDAS=NONEPIC")|PREVAREQ:UseFractionalBAB,1	BONUS:SAVE|BASE.Will|classlevel("APPLIEDAS=NONEPIC")/2+2	BONUS:SAVE|BASE.Fortitude,BASE.Reflex|classlevel("APPLIEDAS=NONEPIC")/3	BONUS:VAR|HDVarTaken|CL
# Class Name	Reg. Race Type
CLASS:APM HD ~ Undead		PREVARLT:CL,UndeadHD
# Class Name	Skill Pts/Lvl	Add INT to Skill Points?
CLASS:APM HD ~ Undead	STARTSKILLPTS:0+BaseClassSkillPts	MODTOSKILLS:NO	DEFINE:BaseClassSkillPts|0	BONUS:VAR|BaseClassSkillPts|4+INT
3:REPEATLEVEL:3	BONUS:ABILITYPOOL|FEAT|-1|PRETEMPLATE:1,No Intelligence Score

# Class Name	Hit Dice	Type			Class Type		Max Level		Source Page		Levels per Feat	Combat bonus															Modify VAR														Bonus
CLASS:APM HD ~ Vermin	HD:8		TYPE:Monster.APM HD Class	FACT:ClassType|Monster		BONUS:COMBAT|BASEAB|classlevel("APPLIEDAS=NONEPIC")*3/4|TYPE=Base.REPLACE|PREVAREQ:UseAlternateBABProgression,0	BONUS:VAR|ClassBABModerate|classlevel("APPLIEDAS=NONEPIC")|PREVAREQ:UseFractionalBAB,1	BONUS:SAVE|BASE.Fortitude|classlevel("APPLIEDAS=NONEPIC")/2+2	BONUS:SAVE|BASE.Will,BASE.Reflex|classlevel("APPLIEDAS=NONEPIC")/3	BONUS:VAR|HDVarTaken|CL
# Class Name	Reg. Race Type
CLASS:APM HD ~ Vermin		PREVARLT:CL,VerminHD
# Class Name	Skill Pts/Lvl	Add INT to Skill Points?
CLASS:APM HD ~ Vermin	STARTSKILLPTS:0+BaseClassSkillPts	MODTOSKILLS:NO	DEFINE:BaseClassSkillPts|0	BONUS:VAR|BaseClassSkillPts|2+INT
3:REPEATLEVEL:3	BONUS:ABILITYPOOL|FEAT|-1|PRETEMPLATE:1,No Intelligence Score
