

# Class Name	Hit Dice	Type			Class Type		Max Level		Source Page		Combat bonus															Modify VAR														Bonus
CLASS:Aberration	HD:8		TYPE:Monster	FACT:ClassType|Monster	MAXLEVEL:NOLIMIT	SOURCEPAGE:p.290	BONUS:COMBAT|BASEAB|classlevel("APPLIEDAS=NONEPIC")*3/4|TYPE=Base.REPLACE|PREVAREQ:UseAlternateBABProgression,0	BONUS:VAR|ClassBABModerate|classlevel("APPLIEDAS=NONEPIC")|PREVAREQ:UseFractionalBAB,1	BONUS:SAVE|BASE.Will|classlevel("APPLIEDAS=NONEPIC")/2+2	BONUS:SAVE|BASE.Fortitude,BASE.Reflex|classlevel("APPLIEDAS=NONEPIC")/3
# Class Name	Reg. Race Type
CLASS:Aberration	PRERACETYPE:Aberration
# Class Name	Skill Pts/Lvl	Add INT to Skill Points?
CLASS:Aberration	STARTSKILLPTS:2	MODTOSKILLS:YES

# Class Name	Hit Dice	Type			Class Type		Max Level		Source Page		Combat bonus															Modify VAR														Bonus
CLASS:Animal	HD:8		TYPE:Monster	FACT:ClassType|Monster	MAXLEVEL:NOLIMIT	SOURCEPAGE:p.290	BONUS:COMBAT|BASEAB|classlevel("APPLIEDAS=NONEPIC")*3/4|TYPE=Base.REPLACE|PREVAREQ:UseAlternateBABProgression,0	BONUS:VAR|ClassBABModerate|classlevel("APPLIEDAS=NONEPIC")|PREVAREQ:UseFractionalBAB,1	BONUS:SAVE|BASE.Fortitude,BASE.Reflex|classlevel("APPLIEDAS=NONEPIC")/2+2	BONUS:SAVE|BASE.Will|classlevel("APPLIEDAS=NONEPIC")/3
# Class Name	Prohibited Class			Reg. Race Type
CLASS:Animal	!PRECLASS:1,Animal (Will)=1	PRERACETYPE:Animal
# Class Name	Skill Pts/Lvl	Add INT to Skill Points?
CLASS:Animal	STARTSKILLPTS:2	MODTOSKILLS:YES

# Class Name		Output Name		Hit Dice	Type			Class Type		Max Level		Source Page		Combat bonus															Modify VAR														Bonus
CLASS:Animal (Will)	OUTPUTNAME:Animal	HD:8		TYPE:Monster	FACT:ClassType|Monster	MAXLEVEL:NOLIMIT	SOURCEPAGE:p.290	BONUS:COMBAT|BASEAB|classlevel("APPLIEDAS=NONEPIC")*3/4|TYPE=Base.REPLACE|PREVAREQ:UseAlternateBABProgression,0	BONUS:VAR|ClassBABModerate|classlevel("APPLIEDAS=NONEPIC")|PREVAREQ:UseFractionalBAB,1	BONUS:SAVE|BASE.Fortitude,BASE.Reflex,BASE.Will|classlevel("APPLIEDAS=NONEPIC")/2+2
# Class Name		Prohibited Class		Reg. Race Type
CLASS:Animal (Will)	!PRECLASS:1,Animal=1	PRERACETYPE:Animal
# Class Name		Skill Pts/Lvl	Add INT to Skill Points?
CLASS:Animal (Will)	STARTSKILLPTS:2	MODTOSKILLS:YES

# Class Name	Hit Dice	Type			Class Type		Max Level		Source Page		Combat bonus															Modify VAR														Bonus
CLASS:Construct	HD:10		TYPE:Monster	FACT:ClassType|Monster	MAXLEVEL:NOLIMIT	SOURCEPAGE:p.290	BONUS:COMBAT|BASEAB|classlevel("APPLIEDAS=NONEPIC")*3/4|TYPE=Base.REPLACE|PREVAREQ:UseAlternateBABProgression,0	BONUS:VAR|ClassBABModerate|classlevel("APPLIEDAS=NONEPIC")|PREVAREQ:UseFractionalBAB,1	BONUS:SAVE|BASE.Fortitude,BASE.Reflex,BASE.Will|classlevel("APPLIEDAS=NONEPIC")/3
# Class Name	Reg. Race Type
CLASS:Construct	PRERACETYPE:Construct
# Class Name	Skill Pts/Lvl	Add INT to Skill Points?
CLASS:Construct	STARTSKILLPTS:2	MODTOSKILLS:YES

# Class Name			Output Name			Hit Dice	Type			Class Type		Max Level		Source Page		Levels per Feat	Combat bonus															Modify VAR														Bonus
CLASS:Construct (Mindless)	OUTPUTNAME:Construct	HD:10		TYPE:Monster	FACT:ClassType|Monster	MAXLEVEL:NOLIMIT	SOURCEPAGE:p.290	LEVELSPERFEAT:0	BONUS:COMBAT|BASEAB|classlevel("APPLIEDAS=NONEPIC")*3/4|TYPE=Base.REPLACE|PREVAREQ:UseAlternateBABProgression,0	BONUS:VAR|ClassBABModerate|classlevel("APPLIEDAS=NONEPIC")|PREVAREQ:UseFractionalBAB,1	BONUS:SAVE|BASE.Fortitude,BASE.Reflex,BASE.Will|classlevel("APPLIEDAS=NONEPIC")/3
# Class Name			Reg. Race Type
CLASS:Construct (Mindless)	PRERACETYPE:Construct
# Class Name			Skill Pts/Lvl	Add INT to Skill Points?
CLASS:Construct (Mindless)	STARTSKILLPTS:0	MODTOSKILLS:NO

# Class Name	Hit Dice	Type			Class Type		Max Level		Source Page		Define			Combat bonus										Modify VAR			Bonus
CLASS:Dragon	HD:12		TYPE:Monster	FACT:ClassType|Monster	MAXLEVEL:NOLIMIT	SOURCEPAGE:p.290	DEFINE:DragonLVL|0	BONUS:COMBAT|BASEAB|classlevel("APPLIEDAS=NONEPIC")|TYPE=Base.REPLACE|PREVAREQ:UseAlternateBABProgression,0	BONUS:VAR|DragonLVL|CL	BONUS:SAVE|BASE.Fortitude,BASE.Reflex,BASE.Will|classlevel("APPLIEDAS=NONEPIC")/2+2
# Class Name	Required Var. value			Reg. Race Type
CLASS:Dragon	PREVAREQ:DragonAdvancementCap,0	PRERACETYPE:Dragon
# Class Name	Skill Pts/Lvl	Add INT to Skill Points?
CLASS:Dragon	STARTSKILLPTS:6	MODTOSKILLS:YES

# Class Name	Hit Dice	Type			Class Type		Max Level		Source Page		Combat bonus															Modify VAR														Bonus
CLASS:Elemental	HD:8		TYPE:Monster	FACT:ClassType|Monster	MAXLEVEL:NOLIMIT	SOURCEPAGE:p.290	BONUS:COMBAT|BASEAB|classlevel("APPLIEDAS=NONEPIC")*3/4|TYPE=Base.REPLACE|PREVAREQ:UseAlternateBABProgression,0	BONUS:VAR|ClassBABModerate|classlevel("APPLIEDAS=NONEPIC")|PREVAREQ:UseFractionalBAB,1	BONUS:SAVE|BASE.Reflex|classlevel("APPLIEDAS=NONEPIC")/2+2|PRERACE:1,RACESUBTYPE=Air,RACESUBTYPE=Fire	BONUS:SAVE|BASE.Fortitude,BASE.Will|classlevel("APPLIEDAS=NONEPIC")/3|PRERACE:1,RACESUBTYPE=Air,RACESUBTYPE=Fire	BONUS:SAVE|BASE.Fortitude|classlevel("APPLIEDAS=NONEPIC")/2+2|PRERACE:1,RACESUBTYPE=Earth,RACESUBTYPE=Water	BONUS:SAVE|BASE.Will,BASE.Reflex|classlevel("APPLIEDAS=NONEPIC")/3|PRERACE:1,RACESUBTYPE=Earth,RACESUBTYPE=Water
# Class Name	Reg. Race Type
CLASS:Elemental	PRERACETYPE:Elemental
# Class Name	Skill Pts/Lvl	Add INT to Skill Points?
CLASS:Elemental	STARTSKILLPTS:2	MODTOSKILLS:YES

# Class Name			Output Name			Hit Dice	Type			Class Type		Max Level		Source Page		Combat bonus															Modify VAR														Bonus
CLASS:Elemental (Air/Fire)	OUTPUTNAME:Elemental	HD:8		TYPE:Monster	FACT:ClassType|Monster	MAXLEVEL:NOLIMIT	SOURCEPAGE:p.290	BONUS:COMBAT|BASEAB|classlevel("APPLIEDAS=NONEPIC")*3/4|TYPE=Base.REPLACE|PREVAREQ:UseAlternateBABProgression,0	BONUS:VAR|ClassBABModerate|classlevel("APPLIEDAS=NONEPIC")|PREVAREQ:UseFractionalBAB,1	BONUS:SAVE|BASE.Reflex|classlevel("APPLIEDAS=NONEPIC")/2+2	BONUS:SAVE|BASE.Fortitude,BASE.Will|classlevel("APPLIEDAS=NONEPIC")/3
# Class Name			Reg. Race Type
CLASS:Elemental (Air/Fire)	PRERACETYPE:Elemental
# Class Name			Skill Pts/Lvl	Add INT to Skill Points?
CLASS:Elemental (Air/Fire)	STARTSKILLPTS:2	MODTOSKILLS:YES

# Class Name			Output Name			Hit Dice	Type			Class Type		Max Level		Source Page		Combat bonus															Modify VAR														Bonus
CLASS:Elemental (Earth/Water)	OUTPUTNAME:Elemental	HD:8		TYPE:Monster	FACT:ClassType|Monster	MAXLEVEL:NOLIMIT	SOURCEPAGE:p.290	BONUS:COMBAT|BASEAB|classlevel("APPLIEDAS=NONEPIC")*3/4|TYPE=Base.REPLACE|PREVAREQ:UseAlternateBABProgression,0	BONUS:VAR|ClassBABModerate|classlevel("APPLIEDAS=NONEPIC")|PREVAREQ:UseFractionalBAB,1	BONUS:SAVE|BASE.Fortitude|classlevel("APPLIEDAS=NONEPIC")/2+2	BONUS:SAVE|BASE.Will,BASE.Reflex|classlevel("APPLIEDAS=NONEPIC")/3
# Class Name			Reg. Race Type
CLASS:Elemental (Earth/Water)	PRERACETYPE:Elemental
# Class Name			Skill Pts/Lvl	Add INT to Skill Points?
CLASS:Elemental (Earth/Water)	STARTSKILLPTS:2	MODTOSKILLS:YES

# Class Name			Hit Dice	Type			Class Type		Max Level		Source Page		Levels per Feat	Combat bonus															Modify VAR														Bonus
CLASS:Elemental (Mindless)	HD:8		TYPE:Monster	FACT:ClassType|Monster	MAXLEVEL:NOLIMIT	SOURCEPAGE:p.290	LEVELSPERFEAT:0	BONUS:COMBAT|BASEAB|classlevel("APPLIEDAS=NONEPIC")*3/4|TYPE=Base.REPLACE|PREVAREQ:UseAlternateBABProgression,0	BONUS:VAR|ClassBABModerate|classlevel("APPLIEDAS=NONEPIC")|PREVAREQ:UseFractionalBAB,1	BONUS:SAVE|BASE.Reflex|classlevel("APPLIEDAS=NONEPIC")/2+2|PRERACE:1,RACESUBTYPE=Air,RACESUBTYPE=Fire	BONUS:SAVE|BASE.Fortitude,BASE.Will|classlevel("APPLIEDAS=NONEPIC")/3|PRERACE:1,RACESUBTYPE=Air,RACESUBTYPE=Fire	BONUS:SAVE|BASE.Fortitude|classlevel("APPLIEDAS=NONEPIC")/2+2|PRERACE:1,RACESUBTYPE=Earth,RACESUBTYPE=Water	BONUS:SAVE|BASE.Will,BASE.Reflex|classlevel("APPLIEDAS=NONEPIC")/3|PRERACE:1,RACESUBTYPE=Earth,RACESUBTYPE=Water
# Class Name			Reg. Race Type
CLASS:Elemental (Mindless)	PRERACETYPE:Elemental
# Class Name			Skill Pts/Lvl	Add INT to Skill Points?
CLASS:Elemental (Mindless)	STARTSKILLPTS:0	MODTOSKILLS:NO

# Class Name	Hit Dice	Type			Class Type		Max Level		Source Page		Ability													Combat bonus															Modify VAR													Bonus
CLASS:Fey		HD:6		TYPE:Monster	FACT:ClassType|Monster	MAXLEVEL:NOLIMIT	SOURCEPAGE:p.290	ABILITY:Special Ability|AUTOMATIC|Fey Proficiencies|PREVAREQ:NoTypeProficiencies,0	BONUS:COMBAT|BASEAB|classlevel("APPLIEDAS=NONEPIC")*1/2|TYPE=Base.REPLACE|PREVAREQ:UseAlternateBABProgression,0	BONUS:VAR|ClassBABPoor|classlevel("APPLIEDAS=NONEPIC")|PREVAREQ:UseFractionalBAB,1	BONUS:SAVE|BASE.Will,BASE.Reflex|classlevel("APPLIEDAS=NONEPIC")/2+2	BONUS:SAVE|BASE.Fortitude|classlevel("APPLIEDAS=NONEPIC")/3
# Class Name	Reg. Race Type
CLASS:Fey		PRERACETYPE:Fey
# Class Name	Skill Pts/Lvl	Add INT to Skill Points?
CLASS:Fey		STARTSKILLPTS:6	MODTOSKILLS:YES

# Class Name	Hit Dice	Type			Class Type		Max Level		Source Page		Ability														Combat bonus															Modify VAR														Bonus
CLASS:Giant		HD:8		TYPE:Monster	FACT:ClassType|Monster	MAXLEVEL:NOLIMIT	SOURCEPAGE:p.290	ABILITY:Special Ability|AUTOMATIC|Giant Proficiencies|PREVAREQ:NoTypeProficiencies,0	BONUS:COMBAT|BASEAB|classlevel("APPLIEDAS=NONEPIC")*3/4|TYPE=Base.REPLACE|PREVAREQ:UseAlternateBABProgression,0	BONUS:VAR|ClassBABModerate|classlevel("APPLIEDAS=NONEPIC")|PREVAREQ:UseFractionalBAB,1	BONUS:SAVE|BASE.Fortitude|classlevel("APPLIEDAS=NONEPIC")/2+2	BONUS:SAVE|BASE.Reflex,BASE.Will|classlevel("APPLIEDAS=NONEPIC")/3
# Class Name	Reg. Race Type
CLASS:Giant		PRERACETYPE:Giant
# Class Name	Skill Pts/Lvl	Add INT to Skill Points?
CLASS:Giant		STARTSKILLPTS:2	MODTOSKILLS:YES


# Class Name	Hit Dice	Type			Class Type		Max Level		Source Page		Ability														Combat bonus															Modify VAR														Bonus
CLASS:Humanoid	HD:8		TYPE:Monster	FACT:ClassType|Monster	MAXLEVEL:NOLIMIT	SOURCEPAGE:p.290	ABILITY:Special Ability|AUTOMATIC|Humanoid Proficiencies|PREVAREQ:NoTypeProficiencies,0	BONUS:COMBAT|BASEAB|classlevel("APPLIEDAS=NONEPIC")*3/4|TYPE=Base.REPLACE|PREVAREQ:UseAlternateBABProgression,0	BONUS:VAR|ClassBABModerate|classlevel("APPLIEDAS=NONEPIC")|PREVAREQ:UseFractionalBAB,1	BONUS:SAVE|BASE.Reflex|classlevel("APPLIEDAS=NONEPIC")/2+2	BONUS:SAVE|BASE.Fortitude,BASE.Will|classlevel("APPLIEDAS=NONEPIC")/3
# Class Name	Prohibited Class							Reg. Race Type
CLASS:Humanoid	!PRECLASS:1,Humanoid (Fortitude)=1,Humanoid (Will)=1	PRERACETYPE:Humanoid
# Class Name	Skill Pts/Lvl	Add INT to Skill Points?
CLASS:Humanoid	STARTSKILLPTS:2	MODTOSKILLS:YES

# Class Name			Output Name			Hit Dice	Type			Class Type		Max Level		Source Page		Ability														Combat bonus															Modify VAR														Bonus
CLASS:Humanoid (Fortitude)	OUTPUTNAME:Humanoid	HD:8		TYPE:Monster	FACT:ClassType|Monster	MAXLEVEL:NOLIMIT	SOURCEPAGE:p.290	ABILITY:Special Ability|AUTOMATIC|Humanoid Proficiencies|PREVAREQ:NoTypeProficiencies,0	BONUS:COMBAT|BASEAB|classlevel("APPLIEDAS=NONEPIC")*3/4|TYPE=Base.REPLACE|PREVAREQ:UseAlternateBABProgression,0	BONUS:VAR|ClassBABModerate|classlevel("APPLIEDAS=NONEPIC")|PREVAREQ:UseFractionalBAB,1	BONUS:SAVE|BASE.Fortitude|classlevel("APPLIEDAS=NONEPIC")/2+2	BONUS:SAVE|BASE.Reflex,BASE.Will|classlevel("APPLIEDAS=NONEPIC")/3
# Class Name			Prohibited Class					Reg. Race Type
CLASS:Humanoid (Fortitude)	!PRECLASS:1,Humanoid=1,Humanoid (Will)=1	PRERACETYPE:Humanoid
# Class Name			Skill Pts/Lvl	Add INT to Skill Points?
CLASS:Humanoid (Fortitude)	STARTSKILLPTS:2	MODTOSKILLS:YES


# Class Name		Output Name			Hit Dice	Type			Class Type		Max Level		Source Page		Ability														Combat bonus															Modify VAR														Bonus
CLASS:Humanoid (Will)	OUTPUTNAME:Humanoid	HD:8		TYPE:Monster	FACT:ClassType|Monster	MAXLEVEL:NOLIMIT	SOURCEPAGE:p.290	ABILITY:Special Ability|AUTOMATIC|Humanoid Proficiencies|PREVAREQ:NoTypeProficiencies,0	BONUS:COMBAT|BASEAB|classlevel("APPLIEDAS=NONEPIC")*3/4|TYPE=Base.REPLACE|PREVAREQ:UseAlternateBABProgression,0	BONUS:VAR|ClassBABModerate|classlevel("APPLIEDAS=NONEPIC")|PREVAREQ:UseFractionalBAB,1	BONUS:SAVE|BASE.Fortitude,BASE.Reflex|classlevel("APPLIEDAS=NONEPIC")/3	BONUS:SAVE|BASE.Will|classlevel("APPLIEDAS=NONEPIC")/2+2
# Class Name		Prohibited Class						Reg. Race Type
CLASS:Humanoid (Will)	!PRECLASS:1,Humanoid=1,Humanoid (Fortitude)=1	PRERACETYPE:Humanoid
# Class Name		Skill Pts/Lvl	Add INT to Skill Points?
CLASS:Humanoid (Will)	STARTSKILLPTS:2	MODTOSKILLS:YES


# Class Name		Hit Dice	Type			Class Type		Max Level		Source Page		Combat bonus										Bonus
CLASS:Magical Beast	HD:10		TYPE:Monster	FACT:ClassType|Monster	MAXLEVEL:NOLIMIT	SOURCEPAGE:p.290	BONUS:COMBAT|BASEAB|classlevel("APPLIEDAS=NONEPIC")|TYPE=Base.REPLACE|PREVAREQ:UseAlternateBABProgression,0	BONUS:SAVE|BASE.Fortitude,BASE.Reflex|classlevel("APPLIEDAS=NONEPIC")/2+2	BONUS:SAVE|BASE.Will|classlevel("APPLIEDAS=NONEPIC")/3
# Class Name		Reg. Race Type
CLASS:Magical Beast	PRERACETYPE:Magical Beast
# Class Name		Skill Pts/Lvl	Add INT to Skill Points?
CLASS:Magical Beast	STARTSKILLPTS:2	MODTOSKILLS:YES

# Class Name			Hit Dice	Type			Class Type		Max Level		Source Page		Ability																Combat bonus										Bonus
CLASS:Monstrous humanoid	HD:8		TYPE:Monster	FACT:ClassType|Monster	MAXLEVEL:NOLIMIT	SOURCEPAGE:p.290	ABILITY:Special Ability|AUTOMATIC|Monstrous Humanoid Proficiencies|PREVAREQ:NoTypeProficiencies,0	BONUS:COMBAT|BASEAB|classlevel("APPLIEDAS=NONEPIC")|TYPE=Base.REPLACE|PREVAREQ:UseAlternateBABProgression,0	BONUS:SAVE|BASE.Will,BASE.Reflex|classlevel("APPLIEDAS=NONEPIC")/2+2	BONUS:SAVE|BASE.Fortitude|classlevel("APPLIEDAS=NONEPIC")/3
# Class Name			Reg. Race Type
CLASS:Monstrous humanoid	PRERACETYPE:Monstrous humanoid
# Class Name			Skill Pts/Lvl	Add INT to Skill Points?
CLASS:Monstrous humanoid	STARTSKILLPTS:2	MODTOSKILLS:YES

# Class Name	Hit Dice	Type			Class Type		Max Level		Source Page		Levels per Feat	Combat bonus															Modify VAR														Bonus
CLASS:Ooze		HD:10		TYPE:Monster	FACT:ClassType|Monster	MAXLEVEL:NOLIMIT	SOURCEPAGE:p.290	LEVELSPERFEAT:0	BONUS:COMBAT|BASEAB|classlevel("APPLIEDAS=NONEPIC")*3/4|TYPE=Base.REPLACE|PREVAREQ:UseAlternateBABProgression,0	BONUS:VAR|ClassBABModerate|classlevel("APPLIEDAS=NONEPIC")|PREVAREQ:UseFractionalBAB,1	BONUS:SAVE|BASE.Fortitude,BASE.Reflex,BASE.Will|classlevel("APPLIEDAS=NONEPIC")/3
# Class Name	Reg. Race Type
CLASS:Ooze		PRERACETYPE:Ooze
# Class Name	Skill Pts/Lvl	Add INT to Skill Points?
CLASS:Ooze		STARTSKILLPTS:0	MODTOSKILLS:NO

# Class Name			Output Name		Hit Dice	Type			Class Type		Max Level		Source Page		Combat bonus															Modify VAR														Bonus
CLASS:Ooze (Intelligent)	OUTPUTNAME:Ooze	HD:10		TYPE:Monster	FACT:ClassType|Monster	MAXLEVEL:NOLIMIT	SOURCEPAGE:p.290	BONUS:COMBAT|BASEAB|classlevel("APPLIEDAS=NONEPIC")*3/4|TYPE=Base.REPLACE|PREVAREQ:UseAlternateBABProgression,0	BONUS:VAR|ClassBABModerate|classlevel("APPLIEDAS=NONEPIC")|PREVAREQ:UseFractionalBAB,1	BONUS:SAVE|BASE.Fortitude,BASE.Reflex,BASE.Will|classlevel("APPLIEDAS=NONEPIC")/3
# Class Name			Reg. Race Type
CLASS:Ooze (Intelligent)	PRERACETYPE:Ooze
# Class Name			Skill Pts/Lvl	Add INT to Skill Points?
CLASS:Ooze (Intelligent)	STARTSKILLPTS:2	MODTOSKILLS:YES

# Class Name	Hit Dice	Type			Class Type		Max Level		Source Page		Ability														Combat bonus										Bonus
CLASS:Outsider	HD:8		TYPE:Monster	FACT:ClassType|Monster	MAXLEVEL:NOLIMIT	SOURCEPAGE:p.290	ABILITY:Special Ability|AUTOMATIC|Outsider Proficiencies|PREVAREQ:NoTypeProficiencies,0	BONUS:COMBAT|BASEAB|classlevel("APPLIEDAS=NONEPIC")|TYPE=Base.REPLACE|PREVAREQ:UseAlternateBABProgression,0	BONUS:SAVE|BASE.Fortitude,BASE.Reflex,BASE.Will|classlevel("APPLIEDAS=NONEPIC")/2+2
# Class Name	Reg. Race Type
CLASS:Outsider	PRERACETYPE:Outsider
# Class Name	Skill Pts/Lvl	Add INT to Skill Points?
CLASS:Outsider	STARTSKILLPTS:8	MODTOSKILLS:YES

# Class Name	Hit Dice	Type			Class Type		Max Level		Source Page		Combat bonus															Modify VAR														Bonus
CLASS:Plant		HD:8		TYPE:Monster	FACT:ClassType|Monster	MAXLEVEL:NOLIMIT	SOURCEPAGE:p.290	BONUS:COMBAT|BASEAB|classlevel("APPLIEDAS=NONEPIC")*3/4|TYPE=Base.REPLACE|PREVAREQ:UseAlternateBABProgression,0	BONUS:VAR|ClassBABModerate|classlevel("APPLIEDAS=NONEPIC")|PREVAREQ:UseFractionalBAB,1	BONUS:SAVE|BASE.Fortitude|classlevel("APPLIEDAS=NONEPIC")/2+2	BONUS:SAVE|BASE.Will,BASE.Reflex|classlevel("APPLIEDAS=NONEPIC")/3
# Class Name	Reg. Race Type
CLASS:Plant		PRERACETYPE:Plant
# Class Name	Skill Pts/Lvl	Add INT to Skill Points?
CLASS:Plant		STARTSKILLPTS:2	MODTOSKILLS:YES

# Class Name		Output Name		Hit Dice	Type			Class Type		Max Level		Source Page		Levels per Feat	Combat bonus															Modify VAR														Bonus
CLASS:Plant (Mindless)	OUTPUTNAME:Plant	HD:8		TYPE:Monster	FACT:ClassType|Monster	MAXLEVEL:NOLIMIT	SOURCEPAGE:p.290	LEVELSPERFEAT:0	BONUS:COMBAT|BASEAB|classlevel("APPLIEDAS=NONEPIC")*3/4|TYPE=Base.REPLACE|PREVAREQ:UseAlternateBABProgression,0	BONUS:VAR|ClassBABModerate|classlevel("APPLIEDAS=NONEPIC")|PREVAREQ:UseFractionalBAB,1	BONUS:SAVE|BASE.Fortitude|classlevel("APPLIEDAS=NONEPIC")/2+2	BONUS:SAVE|BASE.Will,BASE.Reflex|classlevel("APPLIEDAS=NONEPIC")/3
# Class Name		Reg. Race Type
CLASS:Plant (Mindless)	PRERACETYPE:Plant
# Class Name		Skill Pts/Lvl	Add INT to Skill Points?
CLASS:Plant (Mindless)	STARTSKILLPTS:0	MODTOSKILLS:NO

# Class Name	Hit Dice	Type			Class Type		Max Level		Source Page		Ability														Combat bonus															Modify VAR													Bonus
CLASS:Undead	HD:12		TYPE:Monster	FACT:ClassType|Monster	MAXLEVEL:NOLIMIT	SOURCEPAGE:p.290	ABILITY:Special Ability|AUTOMATIC|Undead Proficiencies|PREVAREQ:NoTypeProficiencies,0	BONUS:COMBAT|BASEAB|classlevel("APPLIEDAS=NONEPIC")*1/2|TYPE=Base.REPLACE|PREVAREQ:UseAlternateBABProgression,0	BONUS:VAR|ClassBABPoor|classlevel("APPLIEDAS=NONEPIC")|PREVAREQ:UseFractionalBAB,1	BONUS:SAVE|BASE.Will|classlevel("APPLIEDAS=NONEPIC")/2+2	BONUS:SAVE|BASE.Fortitude,BASE.Reflex|classlevel("APPLIEDAS=NONEPIC")/3
# Class Name	Reg. Race Type
CLASS:Undead	PRERACETYPE:Undead
# Class Name	Skill Pts/Lvl	Add INT to Skill Points?
CLASS:Undead	STARTSKILLPTS:4	MODTOSKILLS:YES

# Class Name		Output Name		Hit Dice	Type			Class Type		Max Level		Source Page		Levels per Feat	Ability														Combat bonus															Modify VAR													Bonus
CLASS:Undead (Mindless)	OUTPUTNAME:Undead	HD:12		TYPE:Monster	FACT:ClassType|Monster	MAXLEVEL:NOLIMIT	SOURCEPAGE:p.290	LEVELSPERFEAT:0	ABILITY:Special Ability|AUTOMATIC|Undead Proficiencies|PREVAREQ:NoTypeProficiencies,0	BONUS:COMBAT|BASEAB|classlevel("APPLIEDAS=NONEPIC")*1/2|TYPE=Base.REPLACE|PREVAREQ:UseAlternateBABProgression,0	BONUS:VAR|ClassBABPoor|classlevel("APPLIEDAS=NONEPIC")|PREVAREQ:UseFractionalBAB,1	BONUS:SAVE|BASE.Will|classlevel("APPLIEDAS=NONEPIC")/2+2	BONUS:SAVE|BASE.Fortitude,BASE.Reflex|classlevel("APPLIEDAS=NONEPIC")/3
# Class Name		Reg. Race Type
CLASS:Undead (Mindless)	PRERACETYPE:Undead
# Class Name		Skill Pts/Lvl	Add INT to Skill Points?
CLASS:Undead (Mindless)	STARTSKILLPTS:0	MODTOSKILLS:NO

# Class Name	Hit Dice	Type			Class Type		Max Level		Source Page		Levels per Feat	Combat bonus															Modify VAR														Bonus
CLASS:Vermin	HD:8		TYPE:Monster	FACT:ClassType|Monster	MAXLEVEL:NOLIMIT	SOURCEPAGE:p.290	LEVELSPERFEAT:0	BONUS:COMBAT|BASEAB|classlevel("APPLIEDAS=NONEPIC")*3/4|TYPE=Base.REPLACE|PREVAREQ:UseAlternateBABProgression,0	BONUS:VAR|ClassBABModerate|classlevel("APPLIEDAS=NONEPIC")|PREVAREQ:UseFractionalBAB,1	BONUS:SAVE|BASE.Fortitude|classlevel("APPLIEDAS=NONEPIC")/2+2	BONUS:SAVE|BASE.Will,BASE.Reflex|classlevel("APPLIEDAS=NONEPIC")/3
# Class Name	Reg. Race Type
CLASS:Vermin	PRERACETYPE:Vermin
# Class Name	Skill Pts/Lvl	Add INT to Skill Points?
CLASS:Vermin	STARTSKILLPTS:0	MODTOSKILLS:NO

# Class Name			Output Name		Hit Dice	Type			Class Type		Max Level		Source Page		Combat bonus															Modify VAR														Bonus
CLASS:Vermin (Intelligent)	OUTPUTNAME:Vermin	HD:8		TYPE:Monster	FACT:ClassType|Monster	MAXLEVEL:NOLIMIT	SOURCEPAGE:p.290	BONUS:COMBAT|BASEAB|classlevel("APPLIEDAS=NONEPIC")*3/4|TYPE=Base.REPLACE|PREVAREQ:UseAlternateBABProgression,0	BONUS:VAR|ClassBABModerate|classlevel("APPLIEDAS=NONEPIC")|PREVAREQ:UseFractionalBAB,1	BONUS:SAVE|BASE.Fortitude|classlevel("APPLIEDAS=NONEPIC")/2+2	BONUS:SAVE|BASE.Will,BASE.Reflex|classlevel("APPLIEDAS=NONEPIC")/3
# Class Name			Reg. Race Type
CLASS:Vermin (Intelligent)	PRERACETYPE:Vermin
# Class Name			Skill Pts/Lvl	Add INT to Skill Points?
CLASS:Vermin (Intelligent)	STARTSKILLPTS:2	MODTOSKILLS:YES


#Blue - *Can also cast cleric spells and those from the Air, Evil, and Law domains as arcane spells.
#red *Can also cast cleric spells and those from the Chaos, Evil, and Fire domains as arcane spells.
#Brass *Can also cast cleric spells and those from the Chaos and Knowledge domains as arcane spells.
#Bronze *Can also cast cleric spells and those from the Animal, Law, and Water domains as arcane spells.
#Copper *Can also cast cleric spells and those from the Chaos, Earth, and Trickery domains as arcane spells.
#Gold *Can also cast cleric spells and those from the Law, Luck, and Good domains as arcane spells.
#Silver *Can also cast cleric spells and those from the Air, Good, Law, and Sun domains as arcane spells.

###Block: For Monsters that can Cast both Sorcerer and Cleric Spells as Arcane

# Class Name				Visible
CLASS:Sorcerer/Cleric (Arcane)	VISIBLE:NO
# Class Name				Spell Stat		Spell Type		Memorize	Caster level						Use Spell List
CLASS:Sorcerer/Cleric (Arcane)	FACT:SpellType|Arcane
CLASS:Sorcerer/Cleric (Arcane)	SPELLSTAT:CHA	MEMORIZE:NO	BONUS:CASTERLEVEL|Sorcerer/Cleric (Arcane)|Caster_Level_SorcererCleric	DEFINE:Caster_Level_SorcererCleric|0	BONUS:VAR|Caster_Level_SorcererCleric|CL+Caster_Level_Bonus	DEFINE:CasterLevelBLSorcererCleric|0	BONUS:VAR|CasterLevelBLSorcererCleric|charbonusto("PCLEVEL","Sorcerer/Cleric (Arcane)")	BONUS:VAR|Caster_Level_Highest__Arcane|Caster_Level_SorcererCleric+CasterLevelBLSorcererCleric|TYPE=Base	SPELLLIST:2|Cleric|Sorcerer
###Block:
1	CAST:5,3				KNOWN:4,2
2	CAST:6,4				KNOWN:5,2
3	CAST:6,5				KNOWN:5,3
4	CAST:6,6,3				KNOWN:6,3,1
5	CAST:6,6,4				KNOWN:6,4,2
6	CAST:6,6,5,3			KNOWN:7,4,2,1
7	CAST:6,6,6,4			KNOWN:7,5,3,2
8	CAST:6,6,6,5,3			KNOWN:8,5,3,2,1
9	CAST:6,6,6,6,4			KNOWN:8,5,4,3,2
10	CAST:6,6,6,6,5,3			KNOWN:9,5,4,3,2,1
11	CAST:6,6,6,6,6,4			KNOWN:9,5,5,4,3,2
12	CAST:6,6,6,6,6,5,3		KNOWN:9,5,5,4,3,2,1
13	CAST:6,6,6,6,6,6,4		KNOWN:9,5,5,4,4,3,2
14	CAST:6,6,6,6,6,6,5,3		KNOWN:9,5,5,4,4,3,2,1
15	CAST:6,6,6,6,6,6,6,4		KNOWN:9,5,5,4,4,4,3,2
16	CAST:6,6,6,6,6,6,6,5,3		KNOWN:9,5,5,4,4,4,3,2,1
17	CAST:6,6,6,6,6,6,6,6,4		KNOWN:9,5,5,4,4,4,3,3,2
18	CAST:6,6,6,6,6,6,6,6,5,3	KNOWN:9,5,5,4,4,4,3,3,2,1
19	CAST:6,6,6,6,6,6,6,6,6,4	KNOWN:9,5,5,4,4,4,3,3,3,2
20	CAST:6,6,6,6,6,6,6,6,6,6	KNOWN:9,5,5,4,4,4,3,3,3,3

