# CVS $Revision: $ $Author: $ -- Sun Dec  8 22:17:49 2013 -- reformated by prettylst.pl v1.50 (build 22352)

STARTPACK:Dragon Default Stat Array
STAT:STR=11|DEX=10|CON=11|INT=10|WIS=11|CHA=10

STARTPACK:Dragon Age 01 ~ Wyrmling	TYPE:DragonAgeSelection	!PREABILITY:1,CATEGORY=Internal,Dragon Age Selected	PRERACE:1,RACETYPE=Dragon
ABILITY:CATEGORY=Internal|Dragon Age Selected	FREE:YES

STARTPACK:Dragon Age 02 ~ Very Young	TYPE:DragonAgeSelection	!PREABILITY:1,CATEGORY=Internal,Dragon Age Selected	PRERACE:1,RACETYPE=Dragon
ABILITY:CATEGORY=Internal|Dragon Age Selected	FREE:YES
CLASS:Dragon	LEVEL:3

STARTPACK:Dragon Age 03 ~ Young	TYPE:DragonAgeSelection	!PREABILITY:1,CATEGORY=Internal,Dragon Age Selected	PRERACE:1,RACETYPE=Dragon
ABILITY:CATEGORY=Internal|Dragon Age Selected	FREE:YES
CLASS:Dragon	LEVEL:6

STARTPACK:Dragon Age 04 ~ Juvenile	TYPE:DragonAgeSelection	!PREABILITY:1,CATEGORY=Internal,Dragon Age Selected	PRERACE:1,RACETYPE=Dragon
ABILITY:CATEGORY=Internal|Dragon Age Selected	FREE:YES
CLASS:Dragon	LEVEL:9

STARTPACK:Dragon Age 05 ~ Young Adult	TYPE:DragonAgeSelection	!PREABILITY:1,CATEGORY=Internal,Dragon Age Selected	PRERACE:1,RACETYPE=Dragon
ABILITY:CATEGORY=Internal|Dragon Age Selected	FREE:YES
CLASS:Dragon	LEVEL:12

STARTPACK:Dragon Age 06 ~ Adult	TYPE:DragonAgeSelection	!PREABILITY:1,CATEGORY=Internal,Dragon Age Selected	PRERACE:1,RACETYPE=Dragon
ABILITY:CATEGORY=Internal|Dragon Age Selected	FREE:YES
CLASS:Dragon	LEVEL:15

STARTPACK:Dragon Age 07 ~ Mature Adult	TYPE:DragonAgeSelection	!PREABILITY:1,CATEGORY=Internal,Dragon Age Selected	PRERACE:1,RACETYPE=Dragon
ABILITY:CATEGORY=Internal|Dragon Age Selected	FREE:YES
CLASS:Dragon	LEVEL:18

STARTPACK:Dragon Age 08 ~ Old	TYPE:DragonAgeSelection	!PREABILITY:1,CATEGORY=Internal,Dragon Age Selected	PRERACE:1,RACETYPE=Dragon
ABILITY:CATEGORY=Internal|Dragon Age Selected
CLASS:Dragon	LEVEL:21

STARTPACK:Dragon Age 09 ~ Very Old	TYPE:DragonAgeSelection	!PREABILITY:1,CATEGORY=Internal,Dragon Age Selected	PRERACE:1,RACETYPE=Dragon
ABILITY:CATEGORY=Internal|Dragon Age Selected	FREE:YES
CLASS:Dragon	LEVEL:24

STARTPACK:Dragon Age 10 ~ Ancient	TYPE:DragonAgeSelection	!PREABILITY:1,CATEGORY=Internal,Dragon Age Selected	PRERACE:1,RACETYPE=Dragon
ABILITY:CATEGORY=Internal|Dragon Age Selected	FREE:YES
CLASS:Dragon	LEVEL:27

STARTPACK:Dragon Age 11 ~ Wyrm	TYPE:DragonAgeSelection	!PREABILITY:1,CATEGORY=Internal,Dragon Age Selected	PRERACE:1,RACETYPE=Dragon
ABILITY:CATEGORY=Internal|Dragon Age Selected	FREE:YES
CLASS:Dragon	LEVEL:30

STARTPACK:Dragon Age 12 ~ Great Wyrm	TYPE:DragonAgeSelection	!PREABILITY:1,CATEGORY=Internal,Dragon Age Selected	PRERACE:1,RACETYPE=Dragon
ABILITY:CATEGORY=Internal|Dragon Age Selected	FREE:YES
CLASS:Dragon	LEVEL:33


STARTPACK:Bronze Dragon Companion	TYPE:Companion	VISIBLE:NO	PRERACE:1,Dragon (Bronze)
CLASS:Dragon	LEVEL:9

###Block: Familiar Kits
STARTPACK:Familiar ~ Bat	TYPE:Companion	VISIBLE:NO
RACE:Companion ~ Bat	!PRERACE:1,%
ALIGN:TN
SKILL:Move Silently	RANK:4
ABILITY:CATEGORY=FEAT|Alertness
STAT:DEX=11|STR=10|CON=10|INT=10|WIS=10|CHA=10

STARTPACK:Familiar ~ Cat	TYPE:Companion	VISIBLE:NO
RACE:Companion ~ Cat	!PRERACE:1,%
ALIGN:TN
SKILL:Listen	RANK:2
SKILL:Spot		RANK:2
ABILITY:CATEGORY=FEAT|Stealthy
STAT:STR=11|DEX=11|CHA=11|CON=10|INT=10|WIS=10

STARTPACK:Familiar ~ Hawk	TYPE:Companion	VISIBLE:NO
RACE:Companion ~ Hawk	!PRERACE:1,%
ALIGN:TN
SKILL:Spot	RANK:4
ABILITY:CATEGORY=FEAT|Alertness
STAT:DEX=11|STR=10|CON=10|INT=10|WIS=10|CHA=10

STARTPACK:Familiar ~ Lizard	TYPE:Companion	VISIBLE:NO
RACE:Companion ~ Lizard	!PRERACE:1,%
ALIGN:TN
SKILL:Listen	RANK:2
SKILL:Spot		RANK:2
ABILITY:CATEGORY=FEAT|Stealthy
STAT:STR=11|DEX=11|CON=10|INT=10|WIS=10|CHA=10

STARTPACK:Familiar ~ Owl	TYPE:Companion	VISIBLE:NO
RACE:Companion ~ Owl	!PRERACE:1,%
ALIGN:TN
SKILL:Listen	RANK:2
SKILL:Spot		RANK:2
ABILITY:CATEGORY=FEAT|Alertness
STAT:DEX=11|STR=10|CON=10|INT=10|WIS=10|CHA=10

STARTPACK:Familiar ~ Rat	TYPE:Companion	VISIBLE:NO
RACE:Companion ~ Rat	!PRERACE:1,%
ALIGN:TN
SKILL:Move Silently	RANK:2
SKILL:Climb			RANK:2
SKILL:Move Silently	RANK:2	FREE:YES
ABILITY:CATEGORY=FEAT|Stealthy
STAT:DEX=11|STR=10|CON=10|INT=10|WIS=10|CHA=10

STARTPACK:Familiar ~ Raven	TYPE:Companion	VISIBLE:NO
RACE:Companion ~ Raven	!PRERACE:1,%
ALIGN:TN
SKILL:Listen	RANK:1
SKILL:Spot		RANK:3
ABILITY:CATEGORY=FEAT|Alertness
STAT:DEX=11|STR=10|CON=10|INT=10|WIS=10|CHA=10

STARTPACK:Familiar ~ Snake	TYPE:Companion	VISIBLE:NO
RACE:Companion ~ Snake (Viper/Tiny)	!PRERACE:1,%
ALIGN:TN
SKILL:Listen	RANK:1
SKILL:Spot		RANK:1
ABILITY:CATEGORY=FEAT|Improved Initiative
STAT:DEX=11|CON=11|STR=10|INT=10|WIS=10|CHA=10

STARTPACK:Familiar ~ Toad	TYPE:Companion	VISIBLE:NO
RACE:Companion ~ Toad	!PRERACE:1,%
ALIGN:TN
SKILL:Hide	RANK:4
ABILITY:CATEGORY=FEAT|Alertness
STAT:CON=11|STR=10|DEX=10|INT=10|WIS=10|CHA=10

STARTPACK:Familiar ~ Weasel	TYPE:Companion	VISIBLE:NO
RACE:Companion ~ Weasel	!PRERACE:1,%
ALIGN:TN
SKILL:Hide			RANK:1
SKILL:Move Silently	RANK:2
SKILL:Spot			RANK:1
SKILL:Spot			RANK:1	FREE:YES
ABILITY:CATEGORY=FEAT|Agile
STAT:STR=11|DEX=11|CHA=11|CON=10|INT=10|WIS=10



###Block: Animal Companion Kits

STARTPACK:Ape Companion	TYPE:Companion	VISIBLE:NO	EQUIPBUY:0	PREMULT:1,[!PRERACE:1,%],[PRERACE:1,Ape]
RACE:Companion ~ Ape	!PRERACE:1,%
ALIGN:TN
SKILL:Climb		RANK:1
SKILL:Listen	RANK:3
SKILL:Spot		RANK:3
ABILITY:CATEGORY=FEAT|Alertness
ABILITY:CATEGORY=FEAT|Toughness
STAT:STR=11|DEX=11|CHA=11|CON=10|INT=10|WIS=10

STARTPACK:Badger Companion	TYPE:Companion	VISIBLE:NO	EQUIPBUY:0	PREMULT:1,[!PRERACE:1,%],[PRERACE:1,Badger]
RACE:Companion ~ Badger	!PRERACE:1,%
ALIGN:TN
SKILL:Listen	RANK:2
SKILL:Spot		RANK:2
ABILITY:CATEGORY=FEAT|Agile
STAT:DEX=11|CON=11|STR=10|INT=10|WIS=10|CHA=10

STARTPACK:Bear (Black) Companion	TYPE:Companion	VISIBLE:NO	EQUIPBUY:0	PREMULT:1,[!PRERACE:1,%],[PRERACE:1,Bear (Black)]
RACE:Companion ~ Bear (Black)	!PRERACE:1,%
ALIGN:TN
SKILL:Listen	RANK:3
SKILL:Spot		RANK:3
ABILITY:CATEGORY=FEAT|Endurance
ABILITY:CATEGORY=FEAT|Run
STAT:STR=11|DEX=11|CON=11|INT=10|WIS=10|CHA=10

STARTPACK:Bear (Brown) Companion	TYPE:Companion	VISIBLE:NO	EQUIPBUY:0	PREMULT:1,[!PRERACE:1,%],[PRERACE:1,Bear (Brown)]
RACE:Companion ~ Bear (Brown)	!PRERACE:1,%
ALIGN:TN
SKILL:Spot		RANK:6
SKILL:Listen	RANK:3
ABILITY:CATEGORY=FEAT|Endurance
ABILITY:CATEGORY=FEAT|Run
ABILITY:CATEGORY=FEAT|Track
STAT:STR=11|DEX=11|CON=11|INT=10|WIS=10|CHA=10

STARTPACK:Bear (Polar) Companion	TYPE:Companion	VISIBLE:NO	EQUIPBUY:0	PREMULT:1,[!PRERACE:1,%],[PRERACE:1,Bear (Polar)]
RACE:Companion ~ Bear (Polar)	!PRERACE:1,%
ALIGN:TN
SKILL:Spot		RANK:6
SKILL:Listen	RANK:4
SKILL:Hide		RANK:1
ABILITY:CATEGORY=FEAT|Endurance
ABILITY:CATEGORY=FEAT|Run
ABILITY:CATEGORY=FEAT|Track
STAT:STR=11|DEX=11|CON=11|INT=10|WIS=10|CHA=10

STARTPACK:Bison Companion	TYPE:Companion	VISIBLE:NO	EQUIPBUY:0	PREMULT:1,[!PRERACE:1,%],[PRERACE:1,Bison]
RACE:Companion ~ Bison	!PRERACE:1,%
ALIGN:TN
SKILL:Spot		RANK:3
SKILL:Listen	RANK:5
ABILITY:CATEGORY=FEAT|Alertness
ABILITY:CATEGORY=FEAT|Endurance
STAT:WIS=11|STR=10|DEX=10|CON=10|INT=10|CHA=10

STARTPACK:Boar Companion	TYPE:Companion	VISIBLE:NO	EQUIPBUY:0	PREMULT:1,[!PRERACE:1,%],[PRERACE:1,Boar]
RACE:Companion ~ Boar	!PRERACE:1,%
ALIGN:TN
SKILL:Listen	RANK:4
SKILL:Spot		RANK:2
ABILITY:CATEGORY=FEAT|Alertness
ABILITY:CATEGORY=FEAT|Toughness
STAT:STR=11|CON=11|WIS=11|DEX=10|INT=10|CHA=10

STARTPACK:Camel Companion	TYPE:Companion	VISIBLE:NO	EQUIPBUY:0	PREMULT:1,[!PRERACE:1,%],[PRERACE:1,Camel]
RACE:Companion ~ Camel	!PRERACE:1,%
ALIGN:TN
SKILL:Listen	RANK:3
SKILL:Spot		RANK:3
ABILITY:CATEGORY=FEAT|Alertness
ABILITY:CATEGORY=FEAT|Endurance
STAT:WIS=11|STR=10|DEX=10|CON=10|INT=10|CHA=10

STARTPACK:Cheetah Companion	TYPE:Companion	VISIBLE:NO	EQUIPBUY:0	PREMULT:1,[!PRERACE:1,%],[PRERACE:1,Cheetah]
RACE:Companion ~ Cheetah	!PRERACE:1,%
ALIGN:TN
SKILL:Listen		RANK:1
SKILL:Spot			RANK:1
SKILL:Hide			RANK:2
SKILL:Move Silently	RANK:2
ABILITY:CATEGORY=FEAT|Alertness
ABILITY:CATEGORY=FEAT|Weapon Finesse
STAT:DEX=11|CON=11|STR=10|INT=10|WIS=10|CHA=10

STARTPACK:Crocodile Companion	TYPE:Companion	VISIBLE:NO	EQUIPBUY:0	PREMULT:1,[!PRERACE:1,%],[PRERACE:1,Crocodile]
RACE:Companion ~ Crocodile	!PRERACE:1,%
ALIGN:TN
SKILL:Hide		RANK:3
SKILL:Listen	RANK:1
SKILL:Spot		RANK:1
ABILITY:CATEGORY=FEAT|Alertness
ABILITY:CATEGORY=FEAT|Skill Focus(Hide)
STAT:STR=11|CON=11|DEX=10|INT=10|WIS=10|CHA=10

STARTPACK:Crocodile (Giant) Companion	TYPE:Companion	VISIBLE:NO	EQUIPBUY:0	PREMULT:1,[!PRERACE:1,%],[PRERACE:1,Crocodile (Giant)]
RACE:Companion ~ Crocodile (Giant)	!PRERACE:1,%
ALIGN:TN
SKILL:Hide		RANK:5
SKILL:Listen	RANK:2
SKILL:Spot		RANK:2
ABILITY:CATEGORY=FEAT|Alertness
ABILITY:CATEGORY=FEAT|Endurance
ABILITY:CATEGORY=FEAT|Skill Focus(Hide)
STAT:STR=11|CON=11|DEX=10|INT=10|WIS=10|CHA=10

STARTPACK:Dog Companion	TYPE:Companion	VISIBLE:NO	EQUIPBUY:0
RACE:Companion ~ Dog	!PRERACE:1,%
ALIGN:TN
SKILL:Listen	RANK:2
SKILL:Spot		RANK:2
ABILITY:CATEGORY=FEAT|Alertness
STAT:STR=11|DEX=11|CON=11|INT=10|WIS=10|CHA=10

STARTPACK:Dog (Riding) Companion	TYPE:Companion	VISIBLE:NO	EQUIPBUY:0
RACE:Companion ~ Dog (Riding)	!PRERACE:1,%
ALIGN:TN
SKILL:Swim		RANK:1
SKILL:Listen	RANK:2
SKILL:Spot		RANK:2
ABILITY:CATEGORY=FEAT|Alertness
STAT:STR=11|DEX=11|CON=11|INT=10|WIS=10|CHA=10

STARTPACK:Eagle Companion	TYPE:Companion	VISIBLE:NO	EQUIPBUY:0	PREMULT:1,[!PRERACE:1,%],[PRERACE:1,Eagle]
RACE:Companion ~ Eagle	!PRERACE:1,%
ALIGN:TN
SKILL:Spot	RANK:4
ABILITY:CATEGORY=FEAT|Alertness
STAT:DEX=11|STR=10|CON=10|INT=10|WIS=10|CHA=10

STARTPACK:Elephant Companion	TYPE:Companion	VISIBLE:NO	EQUIPBUY:0	PREMULT:1,[!PRERACE:1,%],[PRERACE:1,Elephant]
RACE:Companion ~ Elephant	!PRERACE:1,%
ALIGN:TN
SKILL:Spot		RANK:7
SKILL:Listen	RANK:9
ABILITY:CATEGORY=FEAT|Alertness
ABILITY:CATEGORY=FEAT|Endurance
ABILITY:CATEGORY=FEAT|Iron Will
ABILITY:CATEGORY=FEAT|Skill Focus(Listen)
STAT:CON=11|WIS=11|CHA=11|STR=10|DEX=10|INT=10

STARTPACK:Hawk Companion	TYPE:Companion	VISIBLE:NO	EQUIPBUY:0	PREMULT:1,[!PRERACE:1,%],[PRERACE:1,Hawk]
RACE:Companion ~ Hawk	!PRERACE:1,%
ALIGN:TN
SKILL:Spot	RANK:4
ABILITY:CATEGORY=FEAT|Alertness
STAT:DEX=11|STR=10|CON=10|INT=10|WIS=10|CHA=10

STARTPACK:Horse (Heavy) Companion	TYPE:Companion	VISIBLE:NO	EQUIPBUY:0	PREMULT:1,[!PRERACE:1,%],[PRERACE:1,Horse (Heavy)]
RACE:Companion ~ Horse (Heavy)	!PRERACE:1,%
ALIGN:TN
SKILL:Listen	RANK:3
SKILL:Spot		RANK:3
ABILITY:CATEGORY=FEAT|Endurance
ABILITY:CATEGORY=FEAT|Run
STAT:DEX=11|CON=11|STR=10|INT=10|WIS=10|CHA=10

STARTPACK:Horse (Light) Companion	TYPE:Companion	VISIBLE:NO	EQUIPBUY:0	PREMULT:1,[!PRERACE:1,%],[PRERACE:1,Horse (Light)]
RACE:Companion ~ Horse (Light)	!PRERACE:1,%
ALIGN:TN
SKILL:Listen	RANK:3
SKILL:Spot		RANK:3
ABILITY:CATEGORY=FEAT|Endurance
ABILITY:CATEGORY=FEAT|Run
STAT:DEX=11|CON=11|STR=10|INT=10|WIS=10|CHA=10

STARTPACK:Leopard Companion	TYPE:Companion	VISIBLE:NO	EQUIPBUY:0	PREMULT:1,[!PRERACE:1,%],[PRERACE:1,Leopard]
RACE:Companion ~ Leopard	!PRERACE:1,%
ALIGN:TN
SKILL:Listen	RANK:3
SKILL:Spot		RANK:3
ABILITY:CATEGORY=FEAT|Alertness
ABILITY:CATEGORY=FEAT|Weapon Finesse
STAT:DEX=11|CON=11|STR=10|INT=10|WIS=10|CHA=10

STARTPACK:Lion Companion	TYPE:Companion	VISIBLE:NO	EQUIPBUY:0	PREMULT:1,[!PRERACE:1,%],[PRERACE:1,Lion]
RACE:Companion ~ Lion	!PRERACE:1,%
ALIGN:TN
SKILL:Move Silently	RANK:4
SKILL:Listen		RANK:2
SKILL:Spot			RANK:2
ABILITY:CATEGORY=FEAT|Alertness
ABILITY:CATEGORY=FEAT|Run
STAT:STR=11|DEX=11|CON=11|INT=10|WIS=10|CHA=10

STARTPACK:Lizard (Monitor) Companion	TYPE:Companion	VISIBLE:NO	EQUIPBUY:0	PREMULT:1,[!PRERACE:1,%],[PRERACE:1,Lizard (Monitor)]
RACE:Companion ~ Lizard (Monitor)	!PRERACE:1,%
ALIGN:TN
SKILL:Listen		RANK:1
SKILL:Spot			RANK:1
SKILL:Climb			RANK:4
SKILL:Hide			RANK:4
SKILL:Move Silently	RANK:4
ABILITY:CATEGORY=FEAT|Alertness
ABILITY:CATEGORY=FEAT|Great Fortitude
STAT:STR=11|DEX=11|CON=11|INT=10|WIS=10|CHA=10

STARTPACK:Octopus (Giant) Companion	TYPE:Companion	VISIBLE:NO	EQUIPBUY:0	PREMULT:1,[!PRERACE:1,%],[PRERACE:1,Octopus (Giant)]
RACE:Companion ~ Octopus (Giant)	!PRERACE:1,%
ALIGN:TN
SKILL:Listen	RANK:1
SKILL:Spot		RANK:3
SKILL:Hide		RANK:10
ABILITY:CATEGORY=FEAT|Alertness
ABILITY:CATEGORY=FEAT|Skill Focus(Hide)
ABILITY:CATEGORY=FEAT|Toughness
STAT:DEX=11|CON=11|CHA=11|STR=10|INT=10|WIS=10

STARTPACK:Owl Companion	TYPE:Companion	VISIBLE:NO	EQUIPBUY:0	PREMULT:1,[!PRERACE:1,%],[PRERACE:1,Owl]
RACE:Companion ~ Owl	!PRERACE:1,%
ALIGN:TN
SKILL:Listen	RANK:2
SKILL:Spot		RANK:2
ABILITY:CATEGORY=FEAT|Alertness
STAT:DEX=11|STR=10|CON=10|INT=10|WIS=10|CHA=10

STARTPACK:Pony Companion	TYPE:Companion	VISIBLE:NO	EQUIPBUY:0	PREMULT:1,[!PRERACE:1,%],[PRERACE:1,Pony]
RACE:Companion ~ Pony	!PRERACE:1,%
ALIGN:TN
SKILL:Listen	RANK:5
SKILL:Spot		RANK:5	FREE:YES
ABILITY:CATEGORY=FEAT|Endurance
STAT:STR=11|DEX=11|WIS=11|CON=10|INT=10|CHA=10

STARTPACK:Porpoise Companion	TYPE:Companion	VISIBLE:NO	EQUIPBUY:0	PREMULT:1,[!PRERACE:1,%],[PRERACE:1,Porpoise]
RACE:Companion ~ Porpoise	!PRERACE:1,%
ALIGN:TN
SKILL:Spot		RANK:2
SKILL:Listen	RANK:3
ABILITY:CATEGORY=FEAT|Weapon Finesse
STAT:STR=11|DEX=11|CON=11|INT=10|WIS=10|CHA=10

STARTPACK:Rhinoceros Companion	TYPE:Companion	VISIBLE:NO	EQUIPBUY:0	PREMULT:1,[!PRERACE:1,%],[PRERACE:1,Rhinoceros]
RACE:Companion ~ Rhinoceros	!PRERACE:1,%
ALIGN:TN
SKILL:Listen	RANK:11
ABILITY:CATEGORY=FEAT|Alertness
ABILITY:CATEGORY=FEAT|Endurance
ABILITY:CATEGORY=FEAT|Improved Natural Attack(Gore)
STAT:CON=11|WIS=11|STR=10|DEX=10|INT=10|CHA=10

STARTPACK:Shark (Huge) Companion	TYPE:Companion	VISIBLE:NO	EQUIPBUY:0	PREMULT:1,[!PRERACE:1,%],[PRERACE:1,Shark (Huge)]
RACE:Companion ~ Shark (Huge)	!PRERACE:1,%
ALIGN:TN
SKILL:Listen	RANK:7
SKILL:Spot		RANK:7
ABILITY:CATEGORY=FEAT|Alertness
ABILITY:CATEGORY=FEAT|Great Fortitude
ABILITY:CATEGORY=FEAT|Improved Initiative
ABILITY:CATEGORY=FEAT|Iron Will
STAT:STR=11|DEX=11|CON=11|INT=10|WIS=10|CHA=10

STARTPACK:Shark (Large) Companion	TYPE:Companion	VISIBLE:NO	EQUIPBUY:0	PREMULT:1,[!PRERACE:1,%],[PRERACE:1,Shark (Large)]
RACE:Companion ~ Shark (Large)	!PRERACE:1,%
ALIGN:TN
SKILL:Spot		RANK:4
SKILL:Listen	RANK:5
ABILITY:CATEGORY=FEAT|Alertness
ABILITY:CATEGORY=FEAT|Great Fortitude
ABILITY:CATEGORY=FEAT|Improved Initiative
STAT:STR=11|DEX=11|CON=11|INT=10|WIS=10|CHA=10

STARTPACK:Shark (Medium) Companion	TYPE:Companion	VISIBLE:NO	EQUIPBUY:0	PREMULT:1,[!PRERACE:1,%],[PRERACE:1,Shark (Medium)]
RACE:Companion ~ Shark (Medium)	!PRERACE:1,%
ALIGN:TN
SKILL:Listen	RANK:3
SKILL:Spot		RANK:3
ABILITY:CATEGORY=FEAT|Alertness
ABILITY:CATEGORY=FEAT|Weapon Finesse
STAT:STR=11|DEX=11|CON=11|INT=10|WIS=10|CHA=10

STARTPACK:Snake (Constrictor) Companion	TYPE:Companion	VISIBLE:NO	EQUIPBUY:0	PREMULT:1,[!PRERACE:1,%],[PRERACE:1,Snake (Constrictor)]
RACE:Companion ~ Snake (Constrictor)	!PRERACE:1,%
ALIGN:TN
SKILL:Climb	RANK:3
SKILL:Hide	RANK:3
ABILITY:CATEGORY=FEAT|Alertness
ABILITY:CATEGORY=FEAT|Toughness
STAT:STR=11|DEX=11|CON=11|INT=10|WIS=10|CHA=10

STARTPACK:Snake (Constrictor/Giant) Companion	TYPE:Companion	VISIBLE:NO	EQUIPBUY:0	PREMULT:1,[!PRERACE:1,%],[PRERACE:1,Snake (Constrictor/Giant)]
RACE:Companion ~ Snake (Constrictor/Giant)	!PRERACE:1,%
ALIGN:TN
SKILL:Hide		RANK:8
SKILL:Climb		RANK:2
SKILL:Listen	RANK:2
SKILL:Spot		RANK:2
ABILITY:CATEGORY=FEAT|Alertness
ABILITY:CATEGORY=FEAT|Endurance
ABILITY:CATEGORY=FEAT|Skill Focus(Hide)
ABILITY:CATEGORY=FEAT|Toughness
STAT:STR=11|DEX=11|CON=11|INT=10|WIS=10|CHA=10

STARTPACK:Snake (Viper/Small) Companion	TYPE:Companion	VISIBLE:NO	EQUIPBUY:0	PREMULT:1,[!PRERACE:1,%],[PRERACE:1,Snake (Viper/Small)]
RACE:Companion ~ Snake (Viper/Small)	!PRERACE:1,%
ALIGN:TN
SKILL:Listen	RANK:2
SKILL:Spot		RANK:2
SKILL:Climb		RANK:5
ABILITY:CATEGORY=FEAT|Improved Initiative
STAT:DEX=11|CON=11|STR=10|INT=10|WIS=10|CHA=10

STARTPACK:Snake (Viper/Medium) Companion	TYPE:Companion	VISIBLE:NO	EQUIPBUY:0	PREMULT:1,[!PRERACE:1,%],[PRERACE:1,Snake (Viper/Medium)]
RACE:Companion ~ Snake (Viper/Medium)	!PRERACE:1,%
ALIGN:TN
SKILL:Hide	RANK:5
ABILITY:CATEGORY=FEAT|Improved Initiative
STAT:DEX=11|CON=11|STR=10|INT=10|WIS=10|CHA=10

STARTPACK:Snake (Viper/Large) Companion	TYPE:Companion	VISIBLE:NO	EQUIPBUY:0	PREMULT:1,[!PRERACE:1,%],[PRERACE:1,Snake (Viper/Large)]
RACE:Companion ~ Snake (Viper/Large)	!PRERACE:1,%
ALIGN:TN
SKILL:Spot	RANK:1
SKILL:Hide	RANK:5
ABILITY:CATEGORY=FEAT|Improved Initiative
ABILITY:CATEGORY=FEAT|Weapon Finesse
STAT:DEX=11|CON=11|STR=10|INT=10|WIS=10|CHA=10

STARTPACK:Snake (Viper/Huge) Companion	TYPE:Companion	VISIBLE:NO	EQUIPBUY:0	PREMULT:1,[!PRERACE:1,%],[PRERACE:1,Snake (Viper/Huge)]
RACE:Companion ~ Snake (Viper/Huge)	!PRERACE:1,%
ALIGN:TN
SKILL:Listen	RANK:2
SKILL:Spot		RANK:2
SKILL:Hide		RANK:5
ABILITY:CATEGORY=FEAT|Improved Initiative
ABILITY:CATEGORY=FEAT|Run
ABILITY:CATEGORY=FEAT|Weapon Focus(Bite)
STAT:DEX=11|CON=11|STR=10|INT=10|WIS=10|CHA=10

STARTPACK:Squid Companion	TYPE:Companion	VISIBLE:NO	EQUIPBUY:0	PREMULT:1,[!PRERACE:1,%],[PRERACE:1,Squid]
RACE:Companion ~ Squid	!PRERACE:1,%
ALIGN:TN
SKILL:Listen	RANK:4
SKILL:Spot		RANK:2
SKILL:Spot		RANK:2	FREE:YES
ABILITY:CATEGORY=FEAT|Alertness
ABILITY:CATEGORY=FEAT|Endurance
STAT:DEX=11|CON=11|STR=10|INT=10|WIS=10|CHA=10

STARTPACK:Squid (Giant) Companion	TYPE:Companion	VISIBLE:NO	EQUIPBUY:0	PREMULT:1,[!PRERACE:1,%],[PRERACE:1,Squid (Giant)]
RACE:Companion ~ Squid (Giant)	!PRERACE:1,%
ALIGN:TN
SKILL:Spot		RANK:8
SKILL:Listen	RANK:8
ABILITY:CATEGORY=FEAT|Alertness
ABILITY:CATEGORY=FEAT|Diehard
ABILITY:CATEGORY=FEAT|Endurance
ABILITY:CATEGORY=FEAT|Toughness
ABILITY:CATEGORY=FEAT|Toughness
STAT:DEX=11|CON=11|STR=10|INT=10|WIS=10|CHA=10

STARTPACK:Tiger Companion	TYPE:Companion	VISIBLE:NO	EQUIPBUY:0	PREMULT:1,[!PRERACE:1,%],[PRERACE:1,Tiger]
RACE:Companion ~ Tiger	!PRERACE:1,%
ALIGN:TN
SKILL:Hide			RANK:1
SKILL:Move Silently	RANK:3
SKILL:Swim			RANK:5
ABILITY:CATEGORY=FEAT|Improved Natural Attack(Claw)
ABILITY:CATEGORY=FEAT|Improved Natural Attack(Bite)
ABILITY:CATEGORY=FEAT|Alertness
STAT:STR=11|DEX=11|CON=11|INT=10|WIS=10|CHA=10

STARTPACK:Whale (Orca) Companion	TYPE:Companion	VISIBLE:NO	EQUIPBUY:0	PREMULT:1,[!PRERACE:1,%],[PRERACE:1,Whale (Orca)]
RACE:Companion ~ Whale (Orca)	!PRERACE:1,%
ALIGN:TN
SKILL:Listen	RANK:6
SKILL:Spot		RANK:6
ABILITY:CATEGORY=FEAT|Alertness
ABILITY:CATEGORY=FEAT|Endurance
ABILITY:CATEGORY=FEAT|Run
ABILITY:CATEGORY=FEAT|Toughness
STAT:STR=11|DEX=11|CON=11|INT=10|WIS=10|CHA=10

STARTPACK:Wolf Companion	TYPE:Companion	VISIBLE:NO	EQUIPBUY:0
RACE:Companion ~ Wolf	!PRERACE:1,%
ALIGN:TN
SKILL:Move Silently	RANK:1
SKILL:Listen		RANK:2
SKILL:Spot			RANK:2
ABILITY:CATEGORY=FEAT|Weapon Focus(Bite)
STAT:STR=11|DEX=11|CON=11|INT=10|WIS=10|CHA=10

STARTPACK:Wolverine Companion	TYPE:Companion	VISIBLE:NO	EQUIPBUY:0	PREMULT:1,[!PRERACE:1,%],[PRERACE:1,Wolverine]
RACE:Companion ~ Wolverine	!PRERACE:1,%
ALIGN:TN
SKILL:Listen	RANK:3
SKILL:Spot		RANK:3
ABILITY:CATEGORY=FEAT|Alertness
ABILITY:CATEGORY=FEAT|Toughness
STAT:DEX=11|CON=11|STR=10|INT=10|WIS=10|CHA=10

###Block: Awakened Animal and Tree

STARTPACK:Awakened Animal	VISIBLE:NO	APPLY:INSTANT
STAT:INT=roll("3d6")+var("STAT.3.BASE")-var("STAT.3")|CHA=roll("1d3")+var("STAT.5.BASE")

STARTPACK:Awakened Tree	TYPE:Companion	VISIBLE:NO	APPLY:INSTANT
NAME:Awakened Tree
STAT:INT=roll("3d6")|CHA=roll("3d6")|WIS=roll("3d6")

###Block: Vermin Intelligence for Celestial and Fiendish templates

STARTPACK:Vermin Intelligence	VISIBLE:NO	APPLY:INSTANT
STAT:INT=3





###Block: Advanced Companions
###Block: Familiar Kits

STARTPACK:Demon (Quasit) Familiar	TYPE:Companion	VISIBLE:NO	EQUIPBUY:0	PREMULT:1,[!PRERACE:1,%],[PRERACE:1,Demon (Quasit)]
RACE:Companion ~ Demon (Quasit)	!PRERACE:1,%
ALIGN:CE
SKILL:Bluff			RANK:6
SKILL:Hide			RANK:6
SKILL:Listen		RANK:6
SKILL:Move Silently	RANK:6
SKILL:Search		RANK:6
SKILL:Spellcraft		RANK:6
SKILL:Spot			RANK:5
SKILL:TYPE=Knowledge	RANK:6
ABILITY:CATEGORY=FEAT|Improved Initiative
ABILITY:CATEGORY=FEAT|Weapon Finesse
STAT:DEX=11|STR=10|CON=10|INT=10|WIS=10|CHA=10

STARTPACK:Devil (Imp) Familiar	TYPE:Companion	VISIBLE:NO	EQUIPBUY:0	PREMULT:1,[!PRERACE:1,%],[PRERACE:1,Devil (Imp)]
RACE:Companion ~ Devil (Imp)	!PRERACE:1,%
ALIGN:LE
SKILL:Diplomacy		RANK:6
SKILL:Hide			RANK:6
SKILL:Listen		RANK:6
SKILL:Move Silently	RANK:6
SKILL:Search		RANK:6
SKILL:Spellcraft		RANK:6
SKILL:Spot			RANK:6
SKILL:TYPE=Knowledge	RANK:6
ABILITY:CATEGORY=FEAT|Dodge
ABILITY:CATEGORY=FEAT|Weapon Finesse
STAT:DEX=11|STR=10|CON=10|INT=10|WIS=10|CHA=10


STARTPACK:Shocker Lizard Familiar	TYPE:Companion	VISIBLE:NO	EQUIPBUY:0	PREMULT:1,[!PRERACE:1,%],[PRERACE:1,Shocker Lizard]
STAT:DEX=11|CON=11|STR=10|INT=10|WIS=10|CHA=10
RACE:Companion ~ Shocker Lizard	!PRERACE:1,%
ALIGN:TN
SKILL:Climb		RANK:1
SKILL:Hide		RANK:1
SKILL:Jump		RANK:1
SKILL:Listen	RANK:1
SKILL:Spot		RANK:1
ABILITY:CATEGORY=FEAT|Improved Initiative

STARTPACK:Stirge Familiar	TYPE:Companion	VISIBLE:NO	EQUIPBUY:0	PREMULT:1,[!PRERACE:1,%],[PRERACE:1,Stirge]
STAT:STR=11|DEX=11|CON=10|INT=10|WIS=10|CHA=10
RACE:Companion ~ Stirge	!PRERACE:1,%
ALIGN:TN
SKILL:Listen	RANK:1
SKILL:Spot		RANK:1
SKILL:Hide		RANK:2
ABILITY:CATEGORY=FEAT|Alertness

STARTPACK:Formian (Worker) Familiar	TYPE:Companion	VISIBLE:NO	EQUIPBUY:0	PREMULT:1,[!PRERACE:1,%],[PRERACE:1,Formian (Worker)]
RACE:Companion ~ Formian (Worker)	!PRERACE:1,%
ALIGN:LN
SKILL:Listen	RANK:4
SKILL:Search	RANK:4
SKILL:Spot		RANK:4
SKILL:Climb		RANK:4
SKILL:TYPE=Craft	RANK:4
ABILITY:CATEGORY=FEAT|Skill Focus
STAT:STR=11|CON=11|CHA=11|DEX=10|INT=10|WIS=10

STARTPACK:Pseudodragon Familiar	TYPE:Companion	VISIBLE:NO	EQUIPBUY:0	PREMULT:1,[!PRERACE:1,%],[PRERACE:1,Pseudodragon]
RACE:Companion ~ Pseudodragon	!PRERACE:1,%
ALIGN:NG
SKILL:Hide			RANK:5
SKILL:Listen		RANK:5
SKILL:Search		RANK:5
SKILL:Sense Motive	RANK:5
SKILL:Spot			RANK:5
ABILITY:CATEGORY=FEAT|Alertness
STAT:DEX=11|CON=11|STR=10|INT=10|WIS=10|CHA=10


###Block: Animal Companion Kits

STARTPACK:Dinosaur (Deinonychus) Companion	TYPE:Companion	VISIBLE:NO	EQUIPBUY:0	PREMULT:1,[!PRERACE:1,%],[PRERACE:1,Dinosaur (Deinonychus)]
RACE:Companion ~ Dinosaur (Deinonychus)	!PRERACE:1,%
ALIGN:TN
SKILL:Listen	RANK:1
SKILL:Spot		RANK:1
SKILL:Survival	RANK:1
SKILL:Hide		RANK:2
SKILL:Jump		RANK:2
ABILITY:CATEGORY=FEAT|Run
ABILITY:CATEGORY=FEAT|Track
STAT:STR=11|DEX=11|CON=11|INT=10|WIS=10|CHA=10

STARTPACK:Dinosaur (Elasmosaurus) Companion	TYPE:Companion	VISIBLE:NO	EQUIPBUY:0	PREMULT:1,[!PRERACE:1,%],[PRERACE:1,Dinosaur (Elasmosaurus)]
RACE:Companion ~ Dinosaur (Elasmosaurus)	!PRERACE:1,%
ALIGN:TN
SKILL:Spot		RANK:8
SKILL:Listen	RANK:3
SKILL:Hide		RANK:2
ABILITY:CATEGORY=FEAT|Dodge
ABILITY:CATEGORY=FEAT|Great Fortitude
ABILITY:CATEGORY=FEAT|Toughness
ABILITY:CATEGORY=FEAT|Toughness
STAT:WIS=11|CHA=11|STR=10|DEX=10|CON=10|INT=10

STARTPACK:Dinosaur (Megaraptor) Companion	TYPE:Companion	VISIBLE:NO	EQUIPBUY:0	PREMULT:1,[!PRERACE:1,%],[PRERACE:1,Dinosaur (Megaraptor)]
RACE:Companion ~ Dinosaur (Megaraptor)	!PRERACE:1,%
ALIGN:TN
SKILL:Hide		RANK:3
SKILL:Listen	RANK:2
SKILL:Spot		RANK:2
SKILL:Survival	RANK:2
SKILL:Jump		RANK:2
ABILITY:CATEGORY=FEAT|Run
ABILITY:CATEGORY=FEAT|Toughness
ABILITY:CATEGORY=FEAT|Track
STAT:STR=11|DEX=11|CON=11|WIS=11|INT=10|CHA=10

STARTPACK:Dinosaur (Triceratops) Companion	TYPE:Companion	VISIBLE:NO	EQUIPBUY:0	PREMULT:1,[!PRERACE:1,%],[PRERACE:1,Dinosaur (Triceratops)]
RACE:Companion ~ Dinosaur (Triceratops)	!PRERACE:1,%
ALIGN:TN
SKILL:Spot		RANK:9
SKILL:Listen	RANK:10
ABILITY:CATEGORY=FEAT|Alertness
ABILITY:CATEGORY=FEAT|Great Fortitude
ABILITY:CATEGORY=FEAT|Toughness
ABILITY:CATEGORY=FEAT|Toughness
ABILITY:CATEGORY=FEAT|Toughness
ABILITY:CATEGORY=FEAT|Toughness
STAT:DEX=11|CON=11|CHA=11|STR=10|INT=10|WIS=10

STARTPACK:Dinosaur (Tyrannosaurus) Companion	TYPE:Companion	VISIBLE:NO	EQUIPBUY:0	PREMULT:1,[!PRERACE:1,%],[PRERACE:1,Dinosaur (Tyrannosaurus)]
RACE:Companion ~ Dinosaur (Tyrannosaurus)	!PRERACE:1,%
ALIGN:TN
SKILL:Listen	RANK:8
SKILL:Spot		RANK:8
SKILL:Hide		RANK:5
ABILITY:CATEGORY=FEAT|Alertness
ABILITY:CATEGORY=FEAT|Improved Natural Attack(Bite)
ABILITY:CATEGORY=FEAT|Run
ABILITY:CATEGORY=FEAT|Toughness
ABILITY:CATEGORY=FEAT|Toughness
ABILITY:CATEGORY=FEAT|Toughness
ABILITY:CATEGORY=FEAT|Track
STAT:CON=11|WIS=11|STR=10|DEX=10|INT=10|CHA=10

STARTPACK:Dire Animal (Dire Ape) Companion	TYPE:Companion	VISIBLE:NO	EQUIPBUY:0	PREMULT:1,[!PRERACE:1,%],[PRERACE:1,Dire Animal (Dire Ape)]
RACE:Companion ~ Dire Animal (Dire Ape)	!PRERACE:1,%
ALIGN:TN
SKILL:Spot			RANK:3
SKILL:Listen		RANK:2
SKILL:Move Silently	RANK:2
ABILITY:CATEGORY=FEAT|Alertness
ABILITY:CATEGORY=FEAT|Toughness
STAT:DEX=11|CHA=11|STR=10|CON=10|INT=10|WIS=10

STARTPACK:Dire Animal (Dire Badger) Companion	TYPE:Companion	VISIBLE:NO	EQUIPBUY:0	PREMULT:1,[!PRERACE:1,%],[PRERACE:1,Dire Animal (Dire Badger)]
RACE:Companion ~ Dire Animal (Dire Badger)	!PRERACE:1,%
ALIGN:TN
SKILL:Listen	RANK:3
SKILL:Spot		RANK:3
ABILITY:CATEGORY=FEAT|Alertness
ABILITY:CATEGORY=FEAT|Toughness
STAT:DEX=11|CON=11|STR=10|INT=10|WIS=10|CHA=10

STARTPACK:Dire Animal (Dire Bat) Companion	TYPE:Companion	VISIBLE:NO	EQUIPBUY:0	PREMULT:1,[!PRERACE:1,%],[PRERACE:1,Dire Animal (Dire Bat)]
RACE:Companion ~ Dire Animal (Dire Bat)	!PRERACE:1,%
ALIGN:TN
SKILL:Listen		RANK:4
SKILL:Move Silently	RANK:3
ABILITY:CATEGORY=FEAT|Alertness
ABILITY:CATEGORY=FEAT|Stealthy
STAT:STR=11|CON=11|DEX=10|INT=10|WIS=10|CHA=10

STARTPACK:Dire Animal (Dire Bear) Companion	TYPE:Companion	VISIBLE:NO	EQUIPBUY:0	PREMULT:1,[!PRERACE:1,%],[PRERACE:1,Dire Animal (Dire Bear)]
RACE:Companion ~ Dire Animal (Dire Bear)	!PRERACE:1,%
ALIGN:TN
SKILL:Swim		RANK:3
SKILL:Listen	RANK:7
SKILL:Spot		RANK:7
ABILITY:CATEGORY=FEAT|Alertness
ABILITY:CATEGORY=FEAT|Endurance
ABILITY:CATEGORY=FEAT|Run
ABILITY:CATEGORY=FEAT|Toughness
ABILITY:CATEGORY=FEAT|Weapon Focus(Claw)
STAT:STR=11|DEX=11|CON=11|INT=10|WIS=10|CHA=10

STARTPACK:Dire Animal (Dire Boar) Companion	TYPE:Companion	VISIBLE:NO	EQUIPBUY:0	PREMULT:1,[!PRERACE:1,%],[PRERACE:1,Dire Animal (Dire Boar)]
RACE:Companion ~ Dire Animal (Dire Boar)	!PRERACE:1,%
ALIGN:TN
SKILL:Listen	RANK:5
SKILL:Spot		RANK:5
ABILITY:CATEGORY=FEAT|Alertness
ABILITY:CATEGORY=FEAT|Endurance
ABILITY:CATEGORY=FEAT|Iron Will
STAT:STR=11|CON=11|WIS=11|DEX=10|INT=10|CHA=10

STARTPACK:Dire Animal (Dire Lion) Companion	TYPE:Companion	VISIBLE:NO	EQUIPBUY:0	PREMULT:1,[!PRERACE:1,%],[PRERACE:1,Dire Animal (Dire Lion)]
RACE:Companion ~ Dire Animal (Dire Lion)	!PRERACE:1,%
ALIGN:TN
SKILL:Listen	RANK:4
SKILL:Spot		RANK:4
ABILITY:CATEGORY=FEAT|Alertness
ABILITY:CATEGORY=FEAT|Run
ABILITY:CATEGORY=FEAT|Weapon Focus(Claw)
STAT:STR=11|DEX=11|CON=11|INT=10|WIS=10|CHA=10

STARTPACK:Dire Animal (Dire Rat) Companion	TYPE:Companion	VISIBLE:NO	EQUIPBUY:0	PREMULT:1,[!PRERACE:1,%],[PRERACE:1,Dire Animal (Dire Rat)]
RACE:Companion ~ Dire Animal (Dire Rat)	!PRERACE:1,%
ALIGN:TN
SKILL:Hide			RANK:1
SKILL:Listen		RANK:1
SKILL:Move Silently	RANK:1
SKILL:Spot			RANK:1
ABILITY:CATEGORY=FEAT|Alertness
STAT:DEX=11|STR=10|CON=10|INT=10|WIS=10|CHA=10

STARTPACK:Dire Animal (Dire Shark) Companion	TYPE:Companion	VISIBLE:NO	EQUIPBUY:0	PREMULT:1,[!PRERACE:1,%],[PRERACE:1,Companion ~ Dire Animal (Dire Shark)]
RACE:Companion ~ Dire Animal (Dire Shark)	!PRERACE:1,%
ALIGN:TN
SKILL:Listen	RANK:11
SKILL:Spot		RANK:10
ABILITY:CATEGORY=FEAT|Improved Natural Attack(Bite)
ABILITY:CATEGORY=FEAT|Toughness
ABILITY:CATEGORY=FEAT|Toughness
ABILITY:CATEGORY=FEAT|Toughness
ABILITY:CATEGORY=FEAT|Toughness
ABILITY:CATEGORY=FEAT|Weapon Focus(Bite)
STAT:STR=11|DEX=11|CON=11|INT=10|WIS=10|CHA=10

STARTPACK:Dire Animal (Dire Tiger) Companion	TYPE:Companion	VISIBLE:NO	EQUIPBUY:0	PREMULT:1,[!PRERACE:1,%],[PRERACE:1,Companion ~ Dire Animal (Dire Tiger)]
RACE:Companion ~ Dire Animal (Dire Tiger)	!PRERACE:1,%
ALIGN:TN
SKILL:Jump			RANK:2
SKILL:Spot			RANK:4
SKILL:Hide			RANK:3
SKILL:Listen		RANK:3
SKILL:Move Silently	RANK:3
SKILL:Swim			RANK:2
ABILITY:CATEGORY=FEAT|Alertness
ABILITY:CATEGORY=FEAT|Improved Natural Attack(Bite)
ABILITY:CATEGORY=FEAT|Improved Natural Attack(Claw)
ABILITY:CATEGORY=FEAT|Run
ABILITY:CATEGORY=FEAT|Stealthy
ABILITY:CATEGORY=FEAT|Weapon Focus(Claw)
STAT:STR=11|DEX=11|CON=11|INT=10|WIS=10|CHA=10

STARTPACK:Dire Animal (Dire Weasel) Companion	TYPE:Companion	VISIBLE:NO	EQUIPBUY:0	PREMULT:1,[!PRERACE:1,%],[PRERACE:1,Companion ~ Dire Animal (Dire Weasel)]
RACE:Companion ~ Dire Animal (Dire Weasel)	!PRERACE:1,%
ALIGN:TN
SKILL:Hide			RANK:2
SKILL:Move Silently	RANK:2
SKILL:Spot			RANK:2
ABILITY:CATEGORY=FEAT|Alertness
ABILITY:CATEGORY=FEAT|Stealthy
STAT:DEX=11|CHA=11|STR=10|CON=10|INT=10|WIS=10

STARTPACK:Dire Animal (Dire Wolf) Companion	TYPE:Companion	VISIBLE:NO	EQUIPBUY:0	PREMULT:1,[!PRERACE:1,%],[PRERACE:1,Companion ~ Dire Animal (Dire Wolf)]
RACE:Companion ~ Dire Animal (Dire Wolf)	!PRERACE:1,%
ALIGN:TN
SKILL:Survival	RANK:1
SKILL:Listen	RANK:2
SKILL:Spot		RANK:2
ABILITY:CATEGORY=FEAT|Alertness
ABILITY:CATEGORY=FEAT|Run
ABILITY:CATEGORY=FEAT|Weapon Focus(Bite)
STAT:STR=11|DEX=11|CON=11|INT=10|WIS=10|CHA=10

STARTPACK:Dire Animal (Dire Wolverine) Companion	TYPE:Companion	VISIBLE:NO	EQUIPBUY:0	PREMULT:1,[!PRERACE:1,%],[PRERACE:1,Companion ~ Dire Animal (Dire Wolverine)]
RACE:Companion ~ Dire Animal (Dire Wolverine)	!PRERACE:1,%
ALIGN:TN
SKILL:Listen	RANK:4
SKILL:Spot		RANK:4
ABILITY:CATEGORY=FEAT|Alertness
ABILITY:CATEGORY=FEAT|Toughness
STAT:DEX=11|CON=11|STR=10|INT=10|WIS=10|CHA=10



STARTPACK:Companion ~ Dog (Riding) Default	TYPE:DefaultMonster.Animal	VISIBLE:NO	EQUIPBUY:0	PREMULT:1,[!PRERACE:1,%],[PRERACE:1,Companion ~ Dog (Riding)]
RACE:Companion ~ Dog (Riding)	!PRERACE:1,%
NAME:Riding Dog
ALIGN:TN
SKILL:Swim		RANK:1
SKILL:Listen	RANK:2
SKILL:Spot		RANK:2
ABILITY:CATEGORY=FEAT|Alertness
STAT:STR=11|DEX=11|CON=11|INT=10|WIS=10|CHA=10



STARTPACK:Companion ~ Horse (Warhorse Heavy) Default	TYPE:DefaultMonster.Animal	VISIBLE:NO	EQUIPBUY:0	PREMULT:1,[!PRERACE:1,%],[PRERACE:1,Companion ~ Horse (Warhorse Heavy)]
RACE:Companion ~ Horse (Warhorse Heavy)	!PRERACE:1,%
NAME:Heavy Warhorse
ALIGN:TN
SKILL:Listen	RANK:4
SKILL:Spot		RANK:3
ABILITY:CATEGORY=FEAT|Endurance
ABILITY:CATEGORY=FEAT|Run
STAT:DEX=11|CON=11|WIS=11|STR=10|INT=10|CHA=10

STARTPACK:Companion ~ Pony (War) Default	TYPE:DefaultMonster.Animal	VISIBLE:NO	EQUIPBUY:0	PREMULT:1,[!PRERACE:1,%],[PRERACE:1,Companion ~ Pony (War)]
RACE:Companion ~ Pony (War)	!PRERACE:1,%
NAME:War Pony
ALIGN:TN
SKILL:Listen	RANK:5
SKILL:Spot		RANK:5	FREE:YES
ABILITY:CATEGORY=FEAT|Endurance
STAT:STR=11|DEX=11|WIS=11|CON=10|INT=10|CHA=10

STARTPACK:Companion ~ Shark (Large) Default	TYPE:DefaultMonster.Animal	VISIBLE:NO	EQUIPBUY:0	PREMULT:1,[!PRERACE:1,%],[PRERACE:1,Companion ~ Shark (Large)]
RACE:Companion ~ Shark (Large)	!PRERACE:1,%
NAME:Large Shark
ALIGN:TN
SKILL:Spot		RANK:4
SKILL:Listen	RANK:5
ABILITY:CATEGORY=FEAT|Alertness
ABILITY:CATEGORY=FEAT|Great Fortitude
ABILITY:CATEGORY=FEAT|Improved Initiative
STAT:STR=11|DEX=11|CON=11|INT=10|WIS=10|CHA=10
