# CVS $Revision: $ $Author: $ -- Sun Dec  8 22:17:49 2013 -- reformated by prettylst.pl v1.50 (build 22352)
# Template Name		Visible	Define				Modify VAR
Use Fractional BAB	VISIBLE:YES	DEFINE:UseFractionalBAB|0	BONUS:VAR|UseFractionalBAB|1|TYPE=NoStack
###Block: Size Mods for Automatic Changes
# Template Name		Size		Face/Space	Reach		Visible	Level Adjustment
REACH_0							REACH:0	VISIBLE:NO
REACH_5							REACH:5	VISIBLE:NO
REACH_10							REACH:10	VISIBLE:NO
REACH_15							REACH:15	VISIBLE:NO
REACH_20							REACH:20	VISIBLE:NO
REACH_30							REACH:30	VISIBLE:NO
#
FACE_0					FACE:0			VISIBLE:NO
FACE_1					FACE:1			VISIBLE:NO
FACE_2					FACE:2.5			VISIBLE:NO
FACE_5					FACE:5			VISIBLE:NO
FACE_10					FACE:10			VISIBLE:NO
FACE_15					FACE:15			VISIBLE:NO
FACE_20					FACE:20			VISIBLE:NO
FACE_30					FACE:30			VISIBLE:NO
#
SIZE_F			SIZE:F					VISIBLE:NO
SIZE_D			SIZE:D					VISIBLE:NO
SIZE_T			SIZE:T					VISIBLE:NO
SIZE_S			SIZE:S					VISIBLE:NO
SIZE_M			SIZE:M					VISIBLE:NO
SIZE_L			SIZE:L					VISIBLE:NO
SIZE_H			SIZE:H					VISIBLE:NO
SIZE_G			SIZE:G					VISIBLE:NO
SIZE_C			SIZE:C					VISIBLE:NO
SIZE_C+			SIZE:C+					VISIBLE:NO
#
LEVEL_ADJUSTMENT_1							VISIBLE:NO	LEVELADJUSTMENT:1
LEVEL_ADJUSTMENT_2							VISIBLE:NO	LEVELADJUSTMENT:2
LEVEL_ADJUSTMENT_3							VISIBLE:NO	LEVELADJUSTMENT:3
LEVEL_ADJUSTMENT_4							VISIBLE:NO	LEVELADJUSTMENT:4
LEVEL_ADJUSTMENT_5							VISIBLE:NO	LEVELADJUSTMENT:5
LEVEL_ADJUSTMENT_6							VISIBLE:NO	LEVELADJUSTMENT:6
LEVEL_ADJUSTMENT_7							VISIBLE:NO	LEVELADJUSTMENT:7
LEVEL_ADJUSTMENT_8							VISIBLE:NO	LEVELADJUSTMENT:8
LEVEL_ADJUSTMENT_9							VISIBLE:NO	LEVELADJUSTMENT:9
