#SIZEMULT:Fine|0.125
#SIZEMULT:Diminutive|0.25
SIZEMULT:T|0.5
SIZEMULT:S|0.75
SIZEMULT:L|2
SIZEMULT:H|4
SIZEMULT:G|8
#SIZEMULT:Colossal|16
LOAD:0|0
LOAD:1|5
LOAD:2|10
LOAD:3|15
LOAD:4|20
LOAD:5|25
LOAD:6|30
LOAD:7|35
LOAD:8|40
LOAD:9|45
LOAD:10|50
LOAD:11|55
LOAD:12|60
LOAD:13|65
LOAD:14|70
LOAD:15|80
LOAD:16|85
LOAD:17|90
LOAD:18|100
LOAD:19|105
LOAD:20|110
LOAD:21|115
LOAD:22|120
LOAD:23|125
LOAD:24|130
LOAD:25|135
LOAD:26|140
LOAD:27|145
LOAD:28|150
LOAD:29|155
LOAD:30|160
LOADMULT:4

ENCUMBRANCE:Light|1||0
ENCUMBRANCE:Medium|2||-3
ENCUMBRANCE:Heavy|3||-6
ENCUMBRANCE:OverHead|1||0
ENCUMBRANCE:OffGround|2||0
ENCUMBRANCE:PushDrag|5||0