
###Block: An underlying Ability for base class stuff that has the EXACT name of the class.

ABILITYCATEGORY:Extra Channel					VISIBLE:QUALIFY	EDITABLE:YES	EDITPOOL:YES	FRACTIONALPOOL:NO		CATEGORY:Special Ability			TYPE:ExtraChannel													PLURAL:Extra Channels				DISPLAYLOCATION:Feats
# Master Category
ABILITYCATEGORY:Afflictions					VISIBLE:YES		EDITABLE:YES	EDITPOOL:YES	FRACTIONALPOOL:NO		CATEGORY:Afflictions																			PLURAL:Afflictions				DISPLAYLOCATION:Misc
ABILITYCATEGORY:GM Awards					VISIBLE:YES		EDITABLE:YES	EDITPOOL:YES	FRACTIONALPOOL:NO		CATEGORY:Special Ability			TYPE:GM_Award													PLURAL:GM Awards					DISPLAYLOCATION:Misc


# Feat Choices
ABILITYCATEGORY:Weapon Focus					VISIBLE:QUALIFY	EDITABLE:YES	EDITPOOL:YES	FRACTIONALPOOL:NO		CATEGORY:FEAT													ABILITYLIST:Weapon Focus										DISPLAYLOCATION:Feats
ABILITYCATEGORY:Exotic Weapon Proficiency			VISIBLE:QUALIFY	EDITABLE:YES	EDITPOOL:YES	FRACTIONALPOOL:NO		CATEGORY:FEAT													ABILITYLIST:Exotic Weapon Proficiency								DISPLAYLOCATION:Feats
ABILITYCATEGORY:Martial Weapon Proficiency		VISIBLE:QUALIFY	EDITABLE:YES	EDITPOOL:YES	FRACTIONALPOOL:NO		CATEGORY:FEAT													ABILITYLIST:Martial Weapon Proficiency								DISPLAYLOCATION:Feats
ABILITYCATEGORY:Skill Focus					VISIBLE:QUALIFY	EDITABLE:YES	EDITPOOL:YES	FRACTIONALPOOL:NO		CATEGORY:FEAT													ABILITYLIST:Skill Focus											DISPLAYLOCATION:Feats
ABILITYCATEGORY:Spell Focus					VISIBLE:QUALIFY	EDITABLE:YES	EDITPOOL:YES	FRACTIONALPOOL:NO		CATEGORY:FEAT													ABILITYLIST:Spell Focus											DISPLAYLOCATION:Feats

ABILITYCATEGORY:Metamagic					VISIBLE:QUALIFY	EDITABLE:YES	EDITPOOL:YES	FRACTIONALPOOL:NO		CATEGORY:FEAT													TYPE:Metamagic											DISPLAYLOCATION:Feats



# Master Category
ABILITYCATEGORY:Intelligent Item				VISIBLE:NO												CATEGORY:Intelligent Item

# Child Categories
ABILITYCATEGORY:Intelligent Item Alignment		VISIBLE:QUALIFY	EDITABLE:YES	EDITPOOL:YES					CATEGORY:Intelligent Item			TYPE:IntelligentAlignment											PLURAL:Intelligent Item Alignment		DISPLAYLOCATION:Intelligent Magic Item
ABILITYCATEGORY:Intelligent Item Languages		VISIBLE:QUALIFY	EDITABLE:YES	EDITPOOL:YES					CATEGORY:Intelligent Item			TYPE:IntItemLang													PLURAL:Intelligent Item Languages		DISPLAYLOCATION:Intelligent Magic Item
ABILITYCATEGORY:Intelligent Item Power			VISIBLE:QUALIFY	EDITABLE:YES	EDITPOOL:YES					CATEGORY:Intelligent Item			TYPE:ItemStandardPower												PLURAL:Intelligent Item Power			DISPLAYLOCATION:Intelligent Magic Item
ABILITYCATEGORY:Intelligent Item Purpose			VISIBLE:QUALIFY	EDITABLE:YES	EDITPOOL:YES					CATEGORY:Intelligent Item			TYPE:ItemPurpose													PLURAL:Intelligent Item Purpose		DISPLAYLOCATION:Intelligent Magic Item
ABILITYCATEGORY:Intelligent Item Purpose Power		VISIBLE:QUALIFY	EDITABLE:YES	EDITPOOL:YES					CATEGORY:Intelligent Item			TYPE:ItemPurposePower												PLURAL:Intelligent Item Purpose Power	DISPLAYLOCATION:Intelligent Magic Item




###Block: Companion Support
# Ability Category					Pool							Visible		Editable?		Change Pool?	Fractional values?	Category of Object		Type of Object			Plural description for UI			Display Location
ABILITYCATEGORY:Animal Companion Feat		POOL:Pool_AnimalCompanionFeat			VISIBLE:QUALIFY	EDITABLE:YES	EDITPOOL:YES	FRACTIONALPOOL:NO		CATEGORY:Special Ability	TYPE:AnimalCompanionFeat	PLURAL:Animal Companion Feats			DISPLAYLOCATION:Feats
ABILITYCATEGORY:Companion Level Increase Choice	POOL:Pool_CompanionLevelIncreaseChoice	VISIBLE:QUALIFY	EDITABLE:YES	EDITPOOL:YES	FRACTIONALPOOL:NO		CATEGORY:Special Ability	TYPE:CompChoice			PLURAL:Companion Level Increase Choice	DISPLAYLOCATION:Character
ABILITYCATEGORY:Companion Stat Increase		POOL:Pool_CompanionStatIncrease		VISIBLE:QUALIFY	EDITABLE:YES	EDITPOOL:YES	FRACTIONALPOOL:NO		CATEGORY:Special Ability	TYPE:CompStatChoice		PLURAL:Companion Stat Increase Choice	DISPLAYLOCATION:Character
ABILITYCATEGORY:Companion Skill			POOL:Pool_CompanionSkill			VISIBLE:QUALIFY	EDITABLE:YES	EDITPOOL:YES	FRACTIONALPOOL:NO		CATEGORY:Internal			TYPE:AnimalCompanionSkill	PLURAL:Companion Skill Choice			DISPLAYLOCATION:Character

###Block: Handle Animal Tricks and Training
# Ability Category		Visible		Editable?		Change Pool?	Fractional values?	Category of Object		Type of Object	Plural description for UI	Display Location
ABILITYCATEGORY:Animal Trick	VISIBLE:QUALIFY	EDITABLE:YES	EDITPOOL:YES	FRACTIONALPOOL:NO		CATEGORY:Special Ability	TYPE:AnimalTrick	PLURAL:Animal Tricks		DISPLAYLOCATION:Character

# Companion Class
ABILITYCATEGORY:Companion Class Feature		VISIBLE:QUALIFY	EDITABLE:YES	EDITPOOL:NO		CATEGORY:Special Ability	TYPE:Companion Class Feature.CompanionClassFeatures				PLURAL:Companion Class Features			DISPLAYLOCATION:Character
ABILITYCATEGORY:Familiar Class Feature		VISIBLE:QUALIFY	EDITABLE:YES	EDITPOOL:NO		CATEGORY:Special Ability	TYPE:Familiar Class Feature.FamiliarClassFeatures				PLURAL:Familiar Class Features			DISPLAYLOCATION:Character
ABILITYCATEGORY:Familiar Alertness Choice		VISIBLE:QUALIFY	EDITABLE:YES	EDITPOOL:YES		CATEGORY:Special Ability	TYPE:Familiar Alertness Choice.FamiliarAlertnessChoice				PLURAL:Familiar Alertness Choice			DISPLAYLOCATION:Character

###Block: Racial Ability Categories
# Ability Category				Visible		Editable?		Change Pool?	Fractional values?	Category of Object		Type of Object		Plural description for UI		Display Location
ABILITYCATEGORY:Ability Bonus			VISIBLE:QUALIFY	EDITABLE:YES	EDITPOOL:YES	FRACTIONALPOOL:NO		CATEGORY:Special Ability	TYPE:AbilityBonus		PLURAL:Ability Bonuses			DISPLAYLOCATION:Character
ABILITYCATEGORY:Obsessive Bonus		VISIBLE:QUALIFY	EDITABLE:YES	EDITPOOL:YES	FRACTIONALPOOL:NO		CATEGORY:Special Ability	TYPE:ObsessiveBonus	PLURAL:Obsessive Bonuses		DISPLAYLOCATION:Character
ABILITYCATEGORY:Adaptability Bonus Feat	VISIBLE:QUALIFY	EDITABLE:YES	EDITPOOL:YES	FRACTIONALPOOL:NO		CATEGORY:FEAT			TYPE:SkillFocus		PLURAL:Adaptability Bonus Feats	DISPLAYLOCATION:Feats

###Block:
# Ability Category			Visible		Editable?		Change Pool?	Fractional values?	Category of Object		Type of Object		Plural description for UI	Display Location
ABILITYCATEGORY:Favored Class		VISIBLE:QUALIFY	EDITABLE:YES	EDITPOOL:YES	FRACTIONALPOOL:NO		CATEGORY:Special Ability	TYPE:FavoredClass		PLURAL:Favored Classes		DISPLAYLOCATION:Character
ABILITYCATEGORY:Favored Class Bonus	POOL:POOL_FavoredClassBonus	VISIBLE:QUALIFY	EDITABLE:YES	EDITPOOL:YES	FRACTIONALPOOL:NO		CATEGORY:Special Ability	TYPE:FavoredClassBonus	PLURAL:Favored Class Bonuses	DISPLAYLOCATION:Character



# Archetypes
ABILITYCATEGORY:Archetype	VISIBLE:NO		EDITABLE:YES	EDITPOOL:YES	FRACTIONALPOOL:NO		CATEGORY:Archetype
#ABILITYCATEGORY:Class Archetype	VISIBLE:YES	EDITABLE:YES		EDITPOOL:YES	FRACTIONALPOOL:NO		CATEGORY:Archetype		TYPE:Archetype	PLURAL:Archetypes				DISPLAYLOCATION:Archetype
ABILITYCATEGORY:ACF		VISIBLE:QUALIFY	EDITABLE:YES	EDITPOOL:YES	FRACTIONALPOOL:NO		CATEGORY:Archetype		TYPE:ACF		PLURAL:Alternate Class Features	DISPLAYLOCATION:Archetype
###Block: Archetype Buckets
# Ability Category			Visible		Editable?		Change Pool?	Fractional values?	Category of Object	Type of Object		Plural description for UI	Display Location
ABILITYCATEGORY:Barbarian Archetype	VISIBLE:QUALIFY	EDITABLE:YES	EDITPOOL:NO		FRACTIONALPOOL:NO		CATEGORY:Archetype	TYPE:BarbarianArchetype	PLURAL:Barbarian Archetypes	DISPLAYLOCATION:Archetype
ABILITYCATEGORY:Bard Archetype	VISIBLE:QUALIFY	EDITABLE:YES	EDITPOOL:YES	FRACTIONALPOOL:NO		CATEGORY:Archetype	TYPE:BardArchetype	PLURAL:Bard Archetypes		DISPLAYLOCATION:Archetype
ABILITYCATEGORY:Cleric Archetype	VISIBLE:QUALIFY	EDITABLE:YES	EDITPOOL:YES	FRACTIONALPOOL:NO		CATEGORY:Archetype	TYPE:ClericArchetype	PLURAL:Cleric Archetypes	DISPLAYLOCATION:Archetype
ABILITYCATEGORY:Druid Archetype	VISIBLE:QUALIFY	EDITABLE:YES	EDITPOOL:YES	FRACTIONALPOOL:NO		CATEGORY:Archetype	TYPE:DruidArchetype	PLURAL:Druid Archetypes		DISPLAYLOCATION:Archetype
ABILITYCATEGORY:Fighter Archetype	VISIBLE:QUALIFY	EDITABLE:YES	EDITPOOL:YES	FRACTIONALPOOL:NO		CATEGORY:Archetype	TYPE:FighterArchetype	PLURAL:Fighter Archetypes	DISPLAYLOCATION:Archetype
ABILITYCATEGORY:Monk Archetype	VISIBLE:QUALIFY	EDITABLE:YES	EDITPOOL:YES	FRACTIONALPOOL:NO		CATEGORY:Archetype	TYPE:MonkArchetype	PLURAL:Monk Archetypes		DISPLAYLOCATION:Archetype
ABILITYCATEGORY:Paladin Archetype	VISIBLE:QUALIFY	EDITABLE:YES	EDITPOOL:YES	FRACTIONALPOOL:NO		CATEGORY:Archetype	TYPE:PaladinArchetype	PLURAL:Paladin Archetypes	DISPLAYLOCATION:Archetype
ABILITYCATEGORY:Ranger Archetype	VISIBLE:QUALIFY	EDITABLE:YES	EDITPOOL:YES	FRACTIONALPOOL:NO		CATEGORY:Archetype	TYPE:RangerArchetype	PLURAL:Ranger Archetypes	DISPLAYLOCATION:Archetype
ABILITYCATEGORY:Rogue Archetype	VISIBLE:QUALIFY	EDITABLE:YES	EDITPOOL:YES	FRACTIONALPOOL:NO		CATEGORY:Archetype	TYPE:RogueArchetype	PLURAL:Rogue Archetypes		DISPLAYLOCATION:Archetype
ABILITYCATEGORY:Sorcerer Archetype	VISIBLE:QUALIFY	EDITABLE:YES	EDITPOOL:YES	FRACTIONALPOOL:NO		CATEGORY:Archetype	TYPE:SorcererArchetype	PLURAL:Sorcerer Archetypes	DISPLAYLOCATION:Archetype
ABILITYCATEGORY:Wizard Archetype	VISIBLE:QUALIFY	EDITABLE:YES	EDITPOOL:YES	FRACTIONALPOOL:NO		CATEGORY:Archetype	TYPE:WizardArchetype	PLURAL:Wizard Archetypes	DISPLAYLOCATION:Archetype
