# CVS $Revision: $ $Author: $ -- Fri Jan 24 02:34:19 2014 -- reformated by prettylst.pl v1.51 (build 22988)
SOURCELONG:Magic of Incarnum	SOURCESHORT:MoI	SOURCEDATE:2005-09
# Original Entry by: BahamutDragon
# Date Entered: 2014-01

# Class Name	Hit Dice	Type			Ex Class			Source Page		Define											Save checks bonus											Combat bonus		Modify VAR
CLASS:Incarnate	HD:6		TYPE:Base.PC	EXCLASS:Ex Incarnate	SOURCEPAGE:p.20	DEFINE:IncarnateLVL|CL	DEFINE:IncarnateMeldshaperLVL|0	DEFINE:IncarnumUser|1	BONUS:CHECKS|BASE.Fortitude,BASE.Will|CL/2+2	BONUS:CHECKS|BASE.Reflex|CL/3	BONUS:COMBAT|BAB|CL*1/2	BONUS:VAR|MeldshaperLVL|CL
# Class Name	Required AL
CLASS:Incarnate	PREALIGN:NG,NE,LN,CN
# Class Name	Skill Pts/Lvl	Class Skill
CLASS:Incarnate	STARTSKILLPTS:2	CSKILL:Concentration|TYPE=Craft|Knowledge (Arcana)|Knowledge (Religion)|Knowledge (The Planes)|TYPE=Profession|Spellcraft
###Block:
#1	BONUS:ABILITYPOOL|Incarnate Alignment Focus|1
1	ABILITY:Special Ability|AUTOMATIC|Incarnate Alignment Focus (Good)|PREALIGN:NG
1	ABILITY:Special Ability|AUTOMATIC|Incarnate Alignment Focus (Evil)|PREALIGN:NE
1	ABILITY:Special Ability|AUTOMATIC|Incarnate Alignment Focus (Law)|PREALIGN:LN
1	ABILITY:Special Ability|AUTOMATIC|Incarnate Alignment Focus (Chaos)|PREALIGN:CN
###Block:
1	ABILITY:Incarnate Class Feature|AUTOMATIC|Incarnate ~ Weapon and Armor Proficiency|Incarnate ~ Meldshaping|Incarnate ~ Aligned Soulmelds
1	ABILITY:Incarnate Class Feature|AUTOMATIC|Incarnate ~ Aura|Detect Opposition
2	ABILITY:Incarnate Class Feature|AUTOMATIC|Incarnate ~ Chakra Binds
3	ABILITY:Incarnate Class Feature|AUTOMATIC|Incarnate ~ Expanded Soulmeld Capacity|Incarnate ~ Incarnum Radiance
5	ABILITY:Incarnate Class Feature|AUTOMATIC|Incarnate ~ Rapid Meldshaping
7	ABILITY:Incarnate Class Feature|AUTOMATIC|Incarnate ~ Share Incarnum Radiance
20	ABILITY:Incarnate Class Feature|AUTOMATIC|Incarnate ~ Perfect Meldshaper|Incarnate ~ True Incarnation
###Block:
1	BONUS:VAR|EssentiaPool|CL			DEFINE:EssentiaPool|0
15	BONUS:VAR|EssentiaPool|(CL-14)
1	BONUS:VAR|IncarnateSoulmeldsCount|2			DEFINE:IncarnateSoulmeldsCount|0
2	BONUS:VAR|IncarnateSoulmeldsCount|1
4	BONUS:VAR|IncarnateSoulmeldsCount|(CL-1)/3
2	BONUS:VAR|IncarnateChakraBinds|(CL+2)/4		DEFINE:IncarnateChakraBinds|0
3	BONUS:VAR|IncarnumRadianceTimes|CL+2/5
3	BONUS:VAR|ExpandedSoulmelds|1
15	BONUS:VAR|ExpandedSoulmelds|1
5	BONUS:VAR|RapidMeldshapingTimes|CL+1/6

# Class Name		Hit Dice	Type			Source Page		Visible	Save checks bonus											Combat bonus
CLASS:Ex Incarnate	HD:6		TYPE:Base.PC	SOURCEPAGE:p.22	VISIBLE:NO	BONUS:CHECKS|BASE.Fortitude,BASE.Will|CL/2+2	BONUS:CHECKS|BASE.Reflex|CL/3	BONUS:COMBAT|BAB|CL*1/2		DEFINE:IncarnateLVL|CL	DEFINE:IncarnateMeldshaperLVL|CL
# Class Name		Skill Pts/Lvl	Class Skill
CLASS:Ex Incarnate	STARTSKILLPTS:2	CSKILL:Concentration|TYPE=Craft|Knowledge (Arcana)|Knowledge (Religion)|Knowledge (The Planes)|TYPE=Profession|Spellcraft
1	ABILITY:Incarnate Class Feature|AUTOMATIC|Incarnate ~ Weapon and Armor Proficiency

# Class Name	Hit Dice	Type			Base class as subclass?	Source Page		Define											Save checks bonus						Combat bonus		Modify VAR
CLASS:Soulborn	HD:10		TYPE:Base.PC	ALLOWBASECLASS:NO		SOURCEPAGE:p.25	DEFINE:SoulbornLVL|CL	DEFINE:SoulbornMeldshaperLVL|0	DEFINE:IncarnumUser|1	BONUS:CHECKS|BASE.Fortitude,BASE.Will|CL/2+2	BONUS:COMBAT|BAB|CL	BONUS:VAR|SoulbornMeldshaperLVL|CL/2
# Class Name	Required AL
CLASS:Soulborn	PREALIGN:LG,CG,LE,CE
# Class Name	Skill Pts/Lvl	Class Skill
CLASS:Soulborn	STARTSKILLPTS:2	CSKILL:Climb|Concentration|TYPE=Craft|Handle Animal|Heal|Jump|Knowledge (Arcana)|Knowledge (The Planes)|TYPE=Profession|Ride|Spellcraft|Swim
###Block: This could be skipped if there was a method to assign class skills to a class.
SUBCLASS:Lawful Good Soulborn		COST:0	PREALIGN:LG	CSKILL:Diplomacy
SUBCLASS:Chaotic Good Soulborn	COST:0	PREALIGN:CG	CSKILL:Gather Information
SUBCLASS:Lawful Evil Soulborn		COST:0	PREALIGN:LE	CSKILL:Bluff
SUBCLASS:Chaotic Evil Soulborn	COST:0	PREALIGN:CE	CSKILL:Intimidate
###Block:
1	ABILITY:Soulborn Class Feature|AUTOMATIC|Soulborn ~ Weapon and Armor Proficiency|Soulborn ~ Meldshaping|Soulborn ~ Aligned Soulmelds
1	ABILITY:Soulborn Class Feature|AUTOMATIC|Soulborn ~ Aura|Soulborn ~ Smite Opposition
2	ABILITY:Soulborn Class Feature|AUTOMATIC|Soulborn ~ Incarnum Defense
3	ABILITY:Soulborn Class Feature|AUTOMATIC|Soulborn ~ Bonus Feat
8	ABILITY:Soulborn Class Feature|AUTOMATIC|Soulborn ~ Chakra Binds
9	ABILITY:Soulborn Class Feature|AUTOMATIC|Soulborn ~ Share Incarnum Defense
19	ABILITY:Soulborn Class Feature|AUTOMATIC|Soulborn ~ Timeless Body
###Block:
1	BONUS:VAR|SmiteOppositionTimes|1+(CL/5)		DEFINE:SmiteOppositionTimes|0
4	BONUS:VAR|SoulbornSoulmeldsCount|CL/4				DEFINE:SoulbornSoulmeldsCount|0
9	BONUS:VAR|ShareIncarnumDefenseTimes|(CL-5)/4	DEFINE:ShareIncarnumDefenseTimes|0
8	BONUS:VAR|SoulbornChakraBinds|1+(CL>13)+(CL>17)		DEFINE:SoulbornChakraBinds|0
6	BONUS:VAR|EssentiaPool|(CL-4)/2+(CL>16)+(CL>18)	DEFINE:EssentiaPool|0

# Class Name	Hit Dice	Type			Source Page		Visible	Define							Save checks bonus						Combat bonus		Modify VAR
CLASS:Ex Soulborn	HD:10		TYPE:Base.PC	SOURCEPAGE:p.27	VISIBLE:NO	DEFINE:SoulbornLVL|CL	DEFINE:SoulbornMeldshaperLVL|0	BONUS:CHECKS|BASE.Fortitude,BASE.Will|CL/2+2	BONUS:COMBAT|BAB|CL	BONUS:VAR|SoulbornMeldshaperLVL|CL/2
# Class Name	Skill Pts/Lvl	Class Skill
CLASS:Ex Soulborn	STARTSKILLPTS:2	CSKILL:Climb|Concentration|TYPE=Craft|Handle Animal|Heal|Jump|Knowledge (Arcana)|Knowledge (The Planes)|TYPE=Profession|Ride|Spellcraft|Swim
1	ABILITY:Soulborn Class Feature|AUTOMATIC|Soulborn ~ Weapon and Armor Proficiency
3	ABILITY:Soulborn Class Feature|AUTOMATIC|Soulborn ~ Bonus Feat
19	ABILITY:Soulborn Class Feature|AUTOMATIC|Soulborn ~ Timeless Body

# Class Name	Hit Dice	Type			Source Page		Define											Save checks bonus											Combat bonus		Modify VAR
CLASS:Totemist	HD:8		TYPE:Base.PC	SOURCEPAGE:p.29	DEFINE:TotemistLVL|CL	DEFINE:TotemistMeldshaperLVL|0	DEFINE:IncarnumUser|1	BONUS:CHECKS|BASE.Fortitude,BASE.Reflex|CL/2+2	BONUS:CHECKS|BASE.Will|CL/3	BONUS:COMBAT|BAB|CL*3/4	BONUS:VAR|TotemistMeldshaperLVL|CL
# Class Name	Skill Pts/Lvl	Class Skill
CLASS:Totemist	STARTSKILLPTS:4	CSKILL:Concentration|TYPE=Craft|Handle Animal|Knowledge (Arcana)|Knowledge (Nature)|Knowledge (The Planes)|Listen|TYPE=Profession|Ride|Spellcraft|Spot|Survival|Swim
1	ABILITY:Totemist Class Feature|AUTOMATIC|Totemist ~ Weapon and Armor Proficiency|Totemist ~ Meldshaping
1	ABILITY:Totemist Class Feature|AUTOMATIC|Totemist ~ Wild Empathy|Totemist ~ Illiteracy
2	ABILITY:Totemist Class Feature|AUTOMATIC|Totemist ~ Chakra Binds|Totemist ~ Totem Chakra Bind
3	ABILITY:Totemist Class Feature|AUTOMATIC|Totemist ~ Totem's Protection
8	ABILITY:Totemist Class Feature|AUTOMATIC|Totemist ~ Rebind Totem Soulmeld
20	ABILITY:Totemist Class Feature|AUTOMATIC|Totemist ~ Totem Embodiment
###Block:
1	BONUS:VAR|TotemistSoulmeldsCount|(CL-1)/3							DEFINE:TotemistSoulmeldsCount|0
1	BONUS:VAR|TotemistChakraBinds|(CL+2)/4							DEFINE:TotemistChakraBinds|0
1	BONUS:VAR|EssentiaPool|CL-(CL>2)-(CL>4)-(CL>7)+(CL>17)+(CL>18)+(CL>19)	DEFINE:EssentiaPool|0
