# CVS $Revision: $ $Author: $ -- Fri Apr  1 08:57:13 2005 -- reformated by prettylst.pl v1.34 (build 455)
SOURCELONG:d20Talislanta	SOURCESHORT:d20Tal	SOURCEWEB:http://www.talislanta.com
# Orginal Entry By: Loyal

# Weapon Name		Type			Nb Hands
# SIMPLE WEAPONS
# -- unarmed
Mace (Light)		TYPE:Simple
# -- 1-handers
Throwing Stick		TYPE:Simple

# MARTIAL
# 1-handers
Bwan				TYPE:Martial
Rapier			TYPE:Martial

# 2-handers
Falchion			TYPE:Martial	HANDS:2
Battle Maul			TYPE:Martial	HANDS:2

# EXOTIC
# -- light melee
Crescent Knife		TYPE:Exotic
Crystalblade		TYPE:Exotic

# -- 2-handers
Blade Staff			TYPE:Exotic		HANDS:2

# -- ranged
Blade-Bracer		TYPE:Exotic
Net				TYPE:Exotic		HANDS:2
Rod of Alchemy		TYPE:Exotic		HANDS:2
Spring Knife		TYPE:Exotic
Star-Thrower		TYPE:Exotic		HANDS:2
Dart Thrower		TYPE:Exotic
Hurlant			TYPE:Exotic		HANDS:2
Tri-Bow			TYPE:Exotic		HANDS:2