# CVS $Revision: $ $Author: $ -- Fri Apr  1 08:57:13 2005 -- reformated by prettylst.pl v1.34 (build 455)
SOURCELONG:d20Talislanta	SOURCESHORT:d20Tal	SOURCEWEB:http://www.talislanta.com
# Orginal Entry By: Loyal

# ITEMS to alter:
#	ADD:FEAT to Pool

#core character classes

# Class Name	Hit Dice	Type			Abbreviation	Source Page		Automatic Languages	Save checks bonus												Combat bonus
CLASS:Barbarian	HD:10		TYPE:Base.PC	ABB:Brb		SOURCEPAGE:102	AUTO:LANG|Literacy		BONUS:SAVE|BASE.Reflex,BASE.Fortitude|classlevel()/2+2	BONUS:SAVE|BASE.Will|classlevel()/3	BONUS:COMBAT|BASEAB|classlevel()
# Class Name	Required Race
CLASS:Barbarian	PRERACE:1,Arimite,Cymrilian,Jaka,Thrall
# Class Name	Skill Pts/Lvl	Class Skill
CLASS:Barbarian	STARTSKILLPTS:4	CSKILL:Balance|Climb|TYPE=Craft|Handle Animal|Heal|Hide|Intimidate|Jump|Knowledge (Culture)|Knowledge (Local)|Knowledge (Nature)|Listen|Mimicry|TYPE.Perform|TYPE.Profession|Ride|Spot|Swim|TYPE.Survival
###Block:Proficiencies
1	AUTO:FEAT|Simple Weapon Proficiency|Martial Weapon Proficiency|All Automatic Proficiencies|All Martial Weapon Proficiencies
1	AUTO:FEAT|Armor Proficiency (Light)|Armor Proficiency (Medium)
1	AUTO:FEAT|Shield Proficiency
###Block: Level Progression
1	SAB:Illiteracy																					ADD:FEAT(Track,Skill Focus (Survival))1
1	SAB:Favored Terrain +% (Ex)|FavoredTerrainB	BONUS:VAR|FavoredTerrainB|1						DEFINE:FavoredTerrainB|0	ADD:FEAT(Leadership,Mounted Combat,Mounted Archery,Ride By Attack,Spirited Charge,Weapon Focus,Point Blank Shot,Far Shot,Rapid  Shot,Shot On the Run,Improved Precise Shot,Great Fortitude,Lightning Reflexes,Toughness,Self-Sufficient,Stealthy)
2																								ADD:FEAT(Leadership,Mounted Combat,Mounted Archery,Ride By Attack,Spirited Charge,Weapon Focus,Point Blank Shot,Far Shot,Rapid  Shot,Shot On the Run,Improved Precise Shot,Great Fortitude,Lightning Reflexes,Toughness,Self-Sufficient,Stealthy)
3																								ADD:FEAT(Endurance,Diehard)1
4	SAB:Barbarian Charge +% (Ex)|BarbarianCharge	BONUS:VAR|FavoredTerrainB|1	BONUS:VAR|BarbarianCharge|1	DEFINE:BarbarianCharge|0
5	SAB:Mobility
6																								ADD:FEAT(Diehard,Toughness)1
7																								ADD:FEAT(Leadership,Mounted Combat,Mounted Archery,Ride By Attack,Spirited Charge,Weapon Focus,Point Blank Shot,Far Shot,Rapid  Shot,Shot On the Run,Improved Precise Shot,Great Fortitude,Lightning Reflexes,Toughness,Self-Sufficient,Stealthy)
8									BONUS:VAR|FavoredTerrainB|1
10	SAB:Improved Mobility
11									BONUS:VAR|BarbarianCharge|1
12									BONUS:VAR|FavoredTerrainB|1											ADD:FEAT(Leadership,Mounted Combat,Mounted Archery,Ride By Attack,Spirited Charge,Weapon Focus,Point Blank Shot,Far Shot,Rapid  Shot,Shot On the Run,Improved Precise Shot,Great Fortitude,Lightning Reflexes,Toughness,Self-Sufficient,Stealthy)
14	SAB:Greater Mobility
16									BONUS:VAR|FavoredTerrainB|1
17																								ADD:FEAT(Leadership,Mounted Combat,Mounted Archery,Ride By Attack,Spirited Charge,Weapon Focus,Point Blank Shot,Far Shot,Rapid  Shot,Shot On the Run,Improved Precise Shot,Great Fortitude,Lightning Reflexes,Toughness,Self-Sufficient,Stealthy)
18									BONUS:VAR|BarbarianCharge|1
20									BONUS:VAR|FavoredTerrainB|1

# We can remove the subclasses if:
# 1) CLASS SKILL is set up - CODE FEATURE - work around, PRExxx the skills, as the skills seem to be specific to one class.
# 2) Ability to change displayed Class Name - CODE UI, OS
# 3) - change from AUTO:FEAT to ABILITY, just making this work for load. -AM/LK
# Class Name	Hit Dice	Type			Abbreviation	Subclass?		Source Page		Automatic Languages	Save checks bonus											Combat bonus
CLASS:Magician	HD:6		TYPE:Base.PC	ABB:Mag		HASSUBCLASS:YES	SOURCEPAGE:105	AUTO:LANG|Literacy		BONUS:SAVE|BASE.Will|classlevel()/2+2	BONUS:SAVE|BASE.Fortitude,BASE.Reflex|classlevel()/3	BONUS:COMBAT|BASEAB|classlevel()/2|TYPE=Base.REPLACE
# Class Name	Required Race
CLASS:Magician	PRERACE:Aeriad (Blue),Aeriad (Green),Arimite,Cymrilian,Dracartan,Gnomekin,Phantasian,Sarista,Zandir
# Class Name	Skill Pts/Lvl	Class Skill
CLASS:Magician	STARTSKILLPTS:4	CSKILL:Concentration|Craft (Talismancy)|Decipher Script|Diplomacy|Gather Information|Heal|TYPE.Knowledge|TYPE.Profession|Research|Search|Sense Motive|Spellcraft
###Block:SubClasses
SUBCLASS:Priest			COST:0
SUBCLASSLEVEL:1	CSKILL:TYPE=ModeInvocation	AUTO:FEAT|Invocation
SUBCLASS:Wizard			COST:0
SUBCLASSLEVEL:1	CSKILL:TYPE=ModeWizardry	AUTO:FEAT|Wizardry
SUBCLASS:Shaman			COST:0
SUBCLASSLEVEL:1	CSKILL:TYPE=ModeShamanism	AUTO:FEAT|Shamanism
SUBCLASS:Pyromancer		COST:0
SUBCLASSLEVEL:1	CSKILL:TYPE=ModePyromancy	AUTO:FEAT|Elementalism (Pyromancy)
SUBCLASS:Aquamancer		COST:0
SUBCLASSLEVEL:1	CSKILL:TYPE=ModeAquamancy	AUTO:FEAT|Elementalism (Aquamancy)
SUBCLASS:Geomancer		COST:0
SUBCLASSLEVEL:1	CSKILL:TYPE=ModeGeomancy	AUTO:FEAT|Elementalism (Geomancy)
SUBCLASS:Aeromancer		COST:0
SUBCLASSLEVEL:1	CSKILL:TYPE=ModeAeromancy	AUTO:FEAT|Elementalism (Aeromancy)
SUBCLASS:Natural Magician	COST:0
SUBCLASSLEVEL:1	CSKILL:TYPE=ModeNatural		AUTO:FEAT|Natural Magic
SUBCLASS:Witch			COST:0
SUBCLASSLEVEL:1	CSKILL:TYPE=ModeWitchcraft	AUTO:FEAT|Witchcraft
SUBCLASS:Crystalomancer		COST:0
SUBCLASSLEVEL:1	CSKILL:TYPE=ModeCrystalomancy	AUTO:FEAT|Crystalomancy
SUBCLASS:Mystic			COST:0
SUBCLASSLEVEL:1	CSKILL:TYPE=ModeMysticism	AUTO:FEAT|Mysticism
SUBCLASS:Necromancer		COST:0
SUBCLASSLEVEL:1	CSKILL:TYPE=ModeNecromancy	AUTO:FEAT|Necromancy			
###Block: Level Progression
1	SAB:Spellbook																AUTO:FEAT|Simple Weapon Proficiency|All Automatic Proficiencies
2	SAB:Magic Bonus +% (Ex)|MagicBonus	BONUS:VAR|MagicBonus|1					DEFINE:MagicBonus|0
3	SAB:Bonus Spells %|BonusSpells		BONUS:VAR|BonusSpells|1					DEFINE:BonusSpells|0
4							BONUS:VAR|MagicBonus|1
5	SAB:Familiar
6							BONUS:VAR|MagicBonus|1	BONUS:VAR|BonusSpells|1
8							BONUS:VAR|MagicBonus|1
9							BONUS:VAR|BonusSpells|1
10							BONUS:VAR|MagicBonus|1
12							BONUS:VAR|MagicBonus|1	BONUS:VAR|BonusSpells|1
14							BONUS:VAR|MagicBonus|1
15							BONUS:VAR|BonusSpells|1
16							BONUS:VAR|MagicBonus|1
18							BONUS:VAR|MagicBonus|1	BONUS:VAR|BonusSpells|1
20							BONUS:VAR|MagicBonus|1

# Class Name		Hit Dice	Type			Abbreviation	Source Page		Automatic Languages	Save checks bonus												Combat bonus
CLASS:Rogue (Tal)		HD:6		TYPE:Base.PC	ABB:Rog		SOURCEPAGE:107	AUTO:LANG|Literacy		BONUS:SAVE|BASE.Reflex|classlevel()/2+2	BONUS:SAVE|BASE.Fortitude,BASE.Will|classlevel()/3	BONUS:COMBAT|BASEAB|classlevel()*3/4|TYPE=Base.REPLACE
# Class Name		Required Race
CLASS:Rogue (Tal)		PRERACE:1,Aeriad (Blue),Aeriad (Green),Arimite,Cymrilian,Danuvian,Dracartan,Ferran,Gnomekin,Jaka,Phantasian,Sarista,Xambrian,Yitek,Zandir
# Class Name		Skill Pts/Lvl	Class Skill
CLASS:Rogue (Tal)		STARTSKILLPTS:8	CSKILL:Appraise|Balance|Bluff|Climb|Concentration|TYPE.Craft|Decipher Script|Diplomacy|Disable Device|Disguise|Escape Artist|Forgery|Gamble|Gather Information|Hide|Intimidate|Jump|Knowledge (Culture)|Knowledge (Local)|Listen|Move Silently|Navigate|Open Lock|TYPE.Perform|TYPE.Profession|Search|Sense Motive|Sleight of Hand|Spot|Swim|Tumble|Use Magic Device|Use Rope
###Block:Proficiencies
1	AUTO:FEAT|Simple Weapon Proficiency|Rogue Weapon Proficiencies|All Automatic Proficiencies
1	AUTO:FEAT|Armor Proficiency (Light)
###Block:Sneak Attack
1	BONUS:VAR|SneakAttack|(CL+1)/2	AUTO:FEAT|Sneak Attack
###Block:Normal Progression
1	SAB:Trapfinding
2																ADD:FEAT(Evasion,Improved Evasion)
3				BONUS:VAR|TrapSense|classlevel()/3																				AUTO:FEAT|Trap Sense
4				BONUS:VAR|UncannyDodgeFlankingLevel|CL|TYPE=EachClass.REPLACE		ADD:FEAT(Uncanny Dodge,Improved Uncanny Dodge)
8																ADD:FEAT(Uncanny Dodge,Improved Uncanny Dodge)
10																ADD:FEAT(TYPE=RogueAbilities,TYPE=General,TYPE=Metamagic,TYPE=ItemCreation)
13																ADD:FEAT(TYPE=RogueAbilities,TYPE=General,TYPE=Metamagic,TYPE=ItemCreation)
16																ADD:FEAT(TYPE=RogueAbilities,TYPE=General,TYPE=Metamagic,TYPE=ItemCreation)
19																ADD:FEAT(TYPE=RogueAbilities,TYPE=General,TYPE=Metamagic,TYPE=ItemCreation)

# Class Name	Hit Dice	Type			Abbreviation	Subclass?		Source Page		Automatic Languages	Save checks bonus											Combat bonus
CLASS:Scholar	HD:6		TYPE:Base.PC	ABB:Sch		HASSUBCLASS:YES	SOURCEPAGE:110	AUTO:LANG|Literacy		BONUS:SAVE|BASE.Will|classlevel()/2+2	BONUS:SAVE|BASE.Fortitude,BASE.Reflex|classlevel()/3	BONUS:COMBAT|BASEAB|classlevel()/2|TYPE=Base.REPLACE
# Class Name	Required Race
CLASS:Scholar	PRERACE:1,Aeriad (Blue),Aeriad (Green),Arimite,Cymrilian,Danuvian,Dracartan,Gnomekin,Phantasian,Sarista,Yitek,Zandir
# Class Name	Skill Pts/Lvl	Class Skill
CLASS:Scholar	STARTSKILLPTS:8	CSKILL:Appraise|Concentration|TYPE.Craft|TYPE.MagicCraft|Decipher Script|Diplomacy|Disable Device||Forgery|Gather Information|Heal|TYPE.Knowledge|TYPE.Profession|Research|Search|Sense Motive|Sleight of Hand|Spellcraft
###Block:SubClasses	- Change this from a Subclass to an ability.
SUBCLASS:Alchemist	COST:0
SUBCLASSLEVEL:1							ADD:FEAT(TYPE=AlchemistMinorPower)
SUBCLASSLEVEL:2	BONUS:SKILL|Craft (Alchemy)|1		ADD:FEAT(TYPE=AlchemistMinorPower)
SUBCLASSLEVEL:4	BONUS:SKILL|Craft (Alchemy)|1
SUBCLASSLEVEL:5							ADD:FEAT(TYPE=AlchemistMinorPower)
SUBCLASSLEVEL:6	BONUS:SKILL|Craft (Alchemy)|1
SUBCLASSLEVEL:7							ADD:FEAT(TYPE=AlchemistMajorPower)
SUBCLASSLEVEL:8	BONUS:SKILL|Craft (Alchemy)|1
SUBCLASSLEVEL:9							ADD:FEAT(TYPE=AlchemistMinorPower)
SUBCLASSLEVEL:10	BONUS:SKILL|Craft (Alchemy)|1
SUBCLASSLEVEL:12	BONUS:SKILL|Craft (Alchemy)|1
SUBCLASSLEVEL:13							ADD:FEAT(TYPE=AlchemistMajorPower)
SUBCLASSLEVEL:14	BONUS:SKILL|Craft (Alchemy)|1
SUBCLASSLEVEL:16	BONUS:SKILL|Craft (Alchemy)|1
SUBCLASSLEVEL:18	BONUS:SKILL|Craft (Alchemy)|1
SUBCLASSLEVEL:19							ADD:FEAT(TYPE=AlchemistMajorPower)
SUBCLASSLEVEL:20	BONUS:SKILL|Craft (Alchemy)|1
SUBCLASS:Savant		COST:0
SUBCLASSLEVEL:1							ADD:FEAT(TYPE=SavantMinorPower)
SUBCLASSLEVEL:2	BONUS:SKILL|TYPE.Knowledge|1		ADD:FEAT(TYPE=SavantMinorPower)
SUBCLASSLEVEL:4	BONUS:SKILL|TYPE.Knowledge|1
SUBCLASSLEVEL:5							ADD:FEAT(TYPE=SavantMinorPower)
SUBCLASSLEVEL:6	BONUS:SKILL|TYPE.Knowledge|1
SUBCLASSLEVEL:7							ADD:FEAT(TYPE=SavantMajorPower)
SUBCLASSLEVEL:8	BONUS:SKILL|TYPE.Knowledge|1
SUBCLASSLEVEL:9							ADD:FEAT(TYPE=SavantMinorPower)
SUBCLASSLEVEL:10	BONUS:SKILL|TYPE.Knowledge|1
SUBCLASSLEVEL:12	BONUS:SKILL|TYPE.Knowledge|1
SUBCLASSLEVEL:13							ADD:FEAT(TYPE=SavantMajorPower)
SUBCLASSLEVEL:14	BONUS:SKILL|TYPE.Knowledge|1
SUBCLASSLEVEL:16	BONUS:SKILL|TYPE.Knowledge|1
SUBCLASSLEVEL:18	BONUS:SKILL|TYPE.Knowledge|1
SUBCLASSLEVEL:19							ADD:FEAT(TYPE=SavantMajorPower)
SUBCLASSLEVEL:20	BONUS:SKILL|TYPE.Knowledge|1
SUBCLASS:Technomancer	COST:0
SUBCLASSLEVEL:1							ADD:FEAT(TYPE=TechnomancerMinorPower)
SUBCLASSLEVEL:2	BONUS:SKILL|Craft (Technomancy)|1	ADD:FEAT(TYPE=TechnomancerMinorPower)
SUBCLASSLEVEL:4	BONUS:SKILL|Craft (Technomancy)|1
SUBCLASSLEVEL:5							ADD:FEAT(TYPE=TechnomancerMinorPower)
SUBCLASSLEVEL:6	BONUS:SKILL|Craft (Technomancy)|1
SUBCLASSLEVEL:7							ADD:FEAT(TYPE=TechnomancerMajorPower)
SUBCLASSLEVEL:8	BONUS:SKILL|Craft (Technomancy)|1
SUBCLASSLEVEL:9							ADD:FEAT(TYPE=TechnomancerMinorPower)
SUBCLASSLEVEL:10	BONUS:SKILL|Craft (Technomancy)|1
SUBCLASSLEVEL:12	BONUS:SKILL|Craft (Technomancy)|1
SUBCLASSLEVEL:13							ADD:FEAT(TYPE=TechnomancerMajorPower)
SUBCLASSLEVEL:14	BONUS:SKILL|Craft (Technomancy)|1
SUBCLASSLEVEL:16	BONUS:SKILL|Craft (Technomancy)|1
SUBCLASSLEVEL:18	BONUS:SKILL|Craft (Technomancy)|1
SUBCLASSLEVEL:19							ADD:FEAT(TYPE=TechnomancerMajorPower)
SUBCLASSLEVEL:20	BONUS:SKILL|Craft (Technomancy)|1
SUBCLASS:Thaumaturge	COST:0
SUBCLASSLEVEL:1							ADD:FEAT(TYPE=ThaumaturgeMinorPower)
SUBCLASSLEVEL:2	BONUS:SKILL|Craft (Thaumaturgy)|1	ADD:FEAT(TYPE=ThaumaturgeMinorPower)
SUBCLASSLEVEL:4	BONUS:SKILL|Craft (Thaumaturgy)|1
SUBCLASSLEVEL:5							ADD:FEAT(TYPE=ThaumaturgeMinorPower)
SUBCLASSLEVEL:6	BONUS:SKILL|Craft (Thaumaturgy)|1
SUBCLASSLEVEL:7							ADD:FEAT(TYPE=ThaumaturgeMajorPower)
SUBCLASSLEVEL:8	BONUS:SKILL|Craft (Thaumaturgy)|1
SUBCLASSLEVEL:9							ADD:FEAT(TYPE=ThaumaturgeMinorPower)
SUBCLASSLEVEL:10	BONUS:SKILL|Craft (Thaumaturgy)|1
SUBCLASSLEVEL:12	BONUS:SKILL|Craft (Thaumaturgy)|1
SUBCLASSLEVEL:13							ADD:FEAT(TYPE=ThaumaturgeMajorPower)
SUBCLASSLEVEL:14	BONUS:SKILL|Craft (Thaumaturgy)|1
SUBCLASSLEVEL:16	BONUS:SKILL|Craft (Thaumaturgy)|1
SUBCLASSLEVEL:18	BONUS:SKILL|Craft (Thaumaturgy)|1
SUBCLASSLEVEL:19							ADD:FEAT(TYPE=ThaumaturgeMajorPower)
SUBCLASSLEVEL:20	BONUS:SKILL|Craft (Thaumaturgy)|1
###Block:Proficiencies
1	AUTO:FEAT|Simple Weapon Proficiency|All Automatic Proficiencies
###Block: Level Progression
1								BONUS:VAR|ScholarSpecialty|(CL=Scholar/2)	DEFINE:ScholarSpecialty|0
2	SAB:Specialty Bonus (+%)|ScholarSpecialty
3																				ADD:FEAT(Alertness,Animal Affinity,Astromancy,Botanomancy,Conveyance Expert,Diligent,Haggle,Healer,Investigator,Iron  Will,Negotiator,Operate Conveyance,Persuasive,Skill Focus,Studious)
11																				ADD:FEAT(Alertness,Animal Affinity,Astromancy,Botanomancy,Conveyance Expert,Diligent,Haggle,Healer,Investigator,Iron  Will,Negotiator,Operate Conveyance,Persuasive,Skill Focus,Studious)
15																				ADD:FEAT(Alertness,Animal Affinity,Astromancy,Botanomancy,Conveyance Expert,Diligent,Haggle,Healer,Investigator,Iron  Will,Negotiator,Operate Conveyance,Persuasive,Skill Focus,Studious)
17																				ADD:FEAT(Alertness,Animal Affinity,Astromancy,Botanomancy,Conveyance Expert,Diligent,Haggle,Healer,Investigator,Iron  Will,Negotiator,Operate Conveyance,Persuasive,Skill Focus,Studious)

### Scout (Tal)
# Class Name		Hit Dice	Type			Abbreviation	Source Page			Automatic Languages	Save checks bonus												Combat bonus
CLASS:Scout (Tal)		HD:8		TYPE:Base.PC	ABB:Sct		SOURCEPAGE:116		AUTO:LANG|Literacy		BONUS:SAVE|BASE.Reflex,BASE.Fortitude|classlevel()/2+2	BONUS:SAVE|BASE.Will|classlevel()/3	BONUS:COMBAT|BASEAB|classlevel()
# Class Name		Skill Pts/Lvl	Class Skill
CLASS:Scout (Tal)		STARTSKILLPTS:4	CSKILL:Balance|Bluff|Climb|TYPE.Craft|Gather Information|Handle Animal|Hide|Jump|Knowledge (Culture)|Knowledge (Nature)|Listen|Mimicry|Move Silently|Profession (Guide)|Ride|Search|Spot|Swim|TYPE.Survival|Use Rope
# Class Name		Race
CLASS:Scout (Tal)		PRERACE:1,Aeriad (Blue),Aeriad (Green),Arimite,Cymrilian,Danuvian,Dracartan,Gnomekin,Jaka,Sarista,Thrall,Xambrian,Yitek,Zandir
###Block:Proficiencies
1	AUTO:FEAT|Simple Weapon Proficiency|Martial Weapon Proficiency|All Automatic Proficiencies|All Martial Weapon Proficiencies
1	AUTO:FEAT|Armor Proficiency (Light)
1	AUTO:FEAT|Shield Proficiency
###Block: Combat Trees
1	BONUS:VAR|ScoutCombatTreeLVL|CL					DEFINE:ScoutCombatTreeLVL|0
1	BONUS:VAR|ScoutCombatTree|1|PREVARGTEQ:ScoutCombatTreeLVL,2	DEFINE:ScoutCombatTree|0
1	BONUS:VAR|ScoutCombatTree|1|PREVARGTEQ:ScoutCombatTreeLVL,5
1	BONUS:VAR|ScoutCombatTree|1|PREVARGTEQ:ScoutCombatTreeLVL,11
###Block: Level progression
1	AUTO:FEAT|Track		ADD:FEAT(TYPE.ScoutCombatStyle)	ADD:FEAT(TYPE.FavoredTerrain)
1	SAB:Favored Terrain +% (Ex)|FavoredTerrain1	BONUS:VAR|FavoredTerrain1|1	DEFINE:FavoredTerrain1|0
2					ADD:FEAT(TYPE.ScoutCombatStyle)
3	ADD:FEAT(Endurance,Diehard)1
4	BONUS:VAR|FavoredTerrain1|1
5
6	ADD:FEAT(Diehard,Toughness)1
7					SAB:Guide					ADD:FEAT(TYPE.FavoredTerrain)
7	SAB:2nd Favored Terrain +% (Ex)|FavoredTerrain2	BONUS:VAR|FavoredTerrain2|1	DEFINE:FavoredTerrain2|0
8	BONUS:VAR|FavoredTerrain1|1
9					SAB:Swift Tracker
10	ADD:FEAT(Toughness,Great Fortitude.Lightning Reflexes,Dodge,Improved Initiative,Self Sufficient,Stealthy,Quick Draw,Alertness,Run)
11
12	BONUS:VAR|FavoredTerrain1|1		BONUS:VAR|FavoredTerrain2|1
13					SAB:Guide (Fast Movement)		ADD:FEAT(TYPE.FavoredTerrain)
13	SAB:3rd Favored Terrain +% (Ex)|FavoredTerrain3	BONUS:VAR|FavoredTerrain3|1	DEFINE:FavoredTerrain3|0
14	ADD:FEAT(Toughness,Great Fortitude.Lightning Reflexes,Dodge,Improved Initiative,Self Sufficient,Stealthy,Quick Draw,Alertness,Run)
15					SAB:Heroic Sacrifice (Ex)
16	BONUS:VAR|FavoredTerrain1|1
17	BONUS:VAR|FavoredTerrain2|1
18	SAB:Swift Tracker (Full Speed)						ADD:FEAT(Toughness,Great Fortitude.Lightning Reflexes,Dodge,Improved Initiative,Self Sufficient,Stealthy,Quick Draw,Alertness,Run)
19					 						ADD:FEAT(TYPE.FavoredTerrain)
19	BONUS:VAR|FavoredTerrain3|1	BONUS:VAR|FavoredTerrain4|1
20	BONUS:VAR|FavoredTerrain1|1				SAB:Guide (Mounts)

# Class Name	Hit Dice	Type			Abbreviation	Source Page		Automatic Languages	Save checks bonus												Combat bonus
CLASS:Trader	HD:6		TYPE:Base.PC	ABB:Trd		SOURCEPAGE:119	AUTO:LANG|Literacy		BONUS:SAVE|BASE.Will|classlevel()/2+2	BONUS:SAVE|BASE.Fortitude,BASE.Reflex|classlevel()/3	BONUS:COMBAT|BASEAB|classlevel()*3/4|TYPE=Base.REPLACE
# Class Name	Required Race
CLASS:Trader	PRERACE:1,Aeriad (Blue),Aeriad (Green),Arimite,Cymrilian,Danuvian,Dracartan,Gnomekin,Jaka,Phantasian,Sarista,Thrall,Xambrian,Yitek,Zandir
# Class Name	Skill Pts/Lvl	Class Skill
CLASS:Trader	STARTSKILLPTS:6	CSKILL:Appraise|Bluff|TYPE.Craft|Craft (Talismancy)|Decipher Script|Diplomacy|Disable Device|Forgery|Gamble|Gather Information|Handle Animal|Intimidate|Knowledge (Culture)|Knowledge (Local)|Knowledge (Religion)|Listen|Navigate|TYPE.Perform|TYPE.Profession|Ride|Sense Motive|Speak Language
###Block:Proficiencies
1	AUTO:FEAT|Simple Weapon Proficiency|All Automatic Proficiencies
###Block:Normal Progression
1	SAB:Conceal Motive (+4 vs. Sense Motive)
1	SAB:Expert Haggler +% (Ex)|ExpertHaggler	BONUS:VAR|ExpertHaggler|4					BONUS:SKILL|Profession (Merchant)|ExpertHaggler	DEFINE:ExpertHaggler|0
2																													ADD:FEAT(Alertness,Animal Affinity,Deceitful,Diligent,Investigator,Negotiator,Persuasive)
3	SAB:Resolute (+% vs. Intimidate)|Resolute	BONUS:VAR|Resolute|CL=Trader/2												DEFINE:Resolute|0
4																																	ADD:Language(TYPE=Spoken)1
5	SAB:Deal Maker (% percent)|DealMaker		BONUS:VAR|DealMaker|10														DEFINE:DealMaker|0
6																													ADD:FEAT(Alertness,Animal Affinity,Deceitful,Diligent,Investigator,Negotiator,Persuasive)
7	SAB:Talk Down
8																																	ADD:Language(TYPE=Spoken)1
10								BONUS:VAR|ExpertHaggler|2	BONUS:VAR|DealMaker|5
12																																	ADD:Language(TYPE=Spoken)1
13																													ADD:FEAT(Alertness,Animal Affinity,Deceitful,Diligent,Investigator,Negotiator,Persuasive)
15								BONUS:VAR|DealMaker|5
16																																	ADD:Language(TYPE=Spoken)1
18																													ADD:FEAT(Alertness,Animal Affinity,Deceitful,Diligent,Investigator,Negotiator,Persuasive)
20								BONUS:VAR|ExpertHaggler|2	BONUS:VAR|DealMaker|5																	ADD:Language(TYPE=Spoken)1

# Class Name	Hit Dice	Type			Abbreviation	Source Page		Automatic Languages	Save checks bonus												Combat bonus
CLASS:Warrior	HD:10		TYPE:Base.PC	ABB:War		SOURCEPAGE:121	AUTO:LANG|Literacy		BONUS:SAVE|BASE.Fortitude|classlevel()/2+2	BONUS:SAVE|BASE.Reflex,BASE.Will|classlevel()/3	BONUS:COMBAT|BASEAB|classlevel()
# Class Name	Required Race
CLASS:Warrior	PRERACE:1,Aeriad (Blue),Aeriad (Green),Arimite,Cymrilian,Danuvian,Dracartan,Gnomekin,Jaka,Phantasian,Sarista,Thrall,Xambrian,Yitek,Zandir
# Class Name	Skill Pts/Lvl	Class Skill
CLASS:Warrior	STARTSKILLPTS:2	CSKILL:Climb|TYPE=Craft|Handle Animal|Intimidate|Jump|Knowledge (Culture)|Knowledge (Tactics)|Ride|Swim
###Block:Proficiencies
1	AUTO:FEAT|Simple Weapon Proficiency|Martial Weapon Proficiency|All Automatic Proficiencies|All Martial Weapon Proficiencies
1	AUTO:FEAT|Armor Proficiency (Light)|Armor Proficiency (Medium)|Armor Proficiency (Heavy)
1	AUTO:FEAT|Shield Proficiency
###Block: Level progression
1							ADD:FEAT(TYPE=Fighter)
2							ADD:FEAT(TYPE=Fighter)
4	BONUS:VAR|WeapSpecQualify|1		ADD:FEAT(TYPE=Fighter)
6							ADD:FEAT(TYPE=Fighter)
8	BONUS:VAR|GreatWeapFocusQualify|1	ADD:FEAT(TYPE=Fighter)
10							ADD:FEAT(TYPE=Fighter)
12	BONUS:VAR|GreatWeapSpecQualify|1		ADD:FEAT(TYPE=Fighter)
14							ADD:FEAT(TYPE=Fighter)
16							ADD:FEAT(TYPE=Fighter)
18							ADD:FEAT(TYPE=Fighter)
20							ADD:FEAT(TYPE=Fighter)
