# CVS $Revision: $ $Author: $ -- Fri Apr  1 08:57:13 2005 -- reformated by prettylst.pl v1.34 (build 455)
SOURCELONG:d20Talislanta	SOURCESHORT:d20Tal	SOURCEWEB:http://www.talislanta.com
# Orginal Entry By: Loyal

#Thrown Items (except Shuriken) can be created using the Custom Button on the Inventory Tab

#Exotic Ranged
# Equipment Name		Output Name					Required Proficiency			Type															Contains				Cost		Weight	Slot Needed	Critical Hit Multiplier	Critical Hit Range	Damage	Modifier	Wield Category	MODS			Range		Size		Source Page		Weapon prop. bonus
Blade-Bracer								PROFICIENCY:WEAPON|Blade-Bracer	TYPE:Weapon.Exotic.Ranged.Piercing.Standard.Container.Projectile.Crossbow			CONTAINS:1|Springblade=1	COST:15	WT:1				CRITMULT:x2			CRITRANGE:1			DAMAGE:1d4	EQMOD:STEEL	WIELD:Light					RANGE:10	SIZE:M	SOURCEPAGE:158
Dart Thrower								PROFICIENCY:WEAPON|Dart Thrower	TYPE:Weapon.Exotic.Ranged.Piercing.Standard.Container.Projectile.Crossbow			CONTAINS:1|Dart=1			COST:5	WT:2				CRITMULT:x2			CRITRANGE:2			DAMAGE:1d4	EQMOD:WOOD	WIELD:Light					RANGE:30	SIZE:M	SOURCEPAGE:158
Hurlant									PROFICIENCY:WEAPON|Hurlant		TYPE:Weapon.Exotic.Ranged.Piercing.Standard.Container.Projectile.Crossbow			CONTAINS:1|Bolt=1			COST:500	WT:12				CRITMULT:x2			CRITRANGE:2			DAMAGE:1d10	EQMOD:WOOD							RANGE:60	SIZE:M	SOURCEPAGE:158
Net										PROFICIENCY:WEAPON|Net			TYPE:Weapon.Exotic.Ranged.Standard.Thrown														COST:5	WT:6																						RANGE:10			SOURCEPAGE:158
Rod of Alchemy								PROFICIENCY:WEAPON|Rod of Alchemy	TYPE:Weapon.Exotic.Ranged.Standard.Container.Projectile						CONTAINS:1|Vials=5		COST:75	WT:2				CRITMULT:x2			CRITRANGE:1					EQMOD:WOOD	WIELD:Light					RANGE:10	SIZE:M
Spring Knife								PROFICIENCY:WEAPON|Spring Knife	TYPE:Weapon.Exotic.Ranged.Piercing.Standard.Container.Projectile.Crossbow			CONTAINS:1|Springblade=1	COST:5	WT:.5				CRITMULT:x2			CRITRANGE:1			DAMAGE:1d4	EQMOD:WOOD	WIELD:Light					RANGE:10	SIZE:M
Star-Thrower								PROFICIENCY:WEAPON|Star-Thrower	TYPE:Weapon.Exotic.Ranged.Bludgeoning.Standard.Container.Projectile.Crossbow			CONTAINS:1|Star=1			COST:25	WT:3				CRITMULT:x2			CRITRANGE:2			DAMAGE:1d8	EQMOD:WOOD							RANGE:80	SIZE:M
Tri-Bow									PROFICIENCY:WEAPON|Tri-Bow		TYPE:Weapon.Exotic.Ranged.Piercing.Standard.Container.Projectile.Crossbow			CONTAINS:3|Bolt=3			COST:75	WT:5				CRITMULT:x2			CRITRANGE:2			DAMAGE:1d8	EQMOD:WOOD							RANGE:150	SIZE:M	SOURCEPAGE:158

#Martial Ranged
Shortbow									PROFICIENCY:WEAPON|Shortbow		TYPE:Weapon.Martial.Ranged.Standard.Piercing.Container.Projectile.Bow.Shortbow		CONTAINS:1|Arrow=1		COST:5	WT:5		SLOTS:2	CRITMULT:x3			CRITRANGE:1			DAMAGE:1d6	EQMOD:WOOD							RANGE:150			SOURCEPAGE:158	BONUS:WEAPON|DAMAGE|MIN(STR,0)
Longbow									PROFICIENCY:WEAPON|Longbow		TYPE:Weapon.Martial.Ranged.Standard.Piercing.Container.Projectile.Bow.Longbow			CONTAINS:1|Arrow=1		COST:7	WT:7		SLOTS:2	CRITMULT:x3			CRITRANGE:1			DAMAGE:1d8	EQMOD:WOOD							RANGE:300			SOURCEPAGE:158	BONUS:WEAPON|DAMAGE|MIN(STR,0)
Shortbow (Composite)	OUTPUTNAME:[NAME] Shortbow STR	PROFICIENCY:WEAPON|Shortbow		TYPE:Weapon.Martial.Ranged.Standard.Piercing.Container.Projectile.Bow.Shortbow.Composite	CONTAINS:1|Arrow=1		COST:12	WT:7		SLOTS:2	CRITMULT:x3			CRITRANGE:1			DAMAGE:1d6	EQMOD:WOOD				MODS:REQUIRED	RANGE:70			SOURCEPAGE:158	BONUS:WEAPON|DAMAGE|MIN(STR,0)
Longbow (Composite)	OUTPUTNAME:[NAME] Longbow STR		PROFICIENCY:WEAPON|Longbow		TYPE:Weapon.Martial.Ranged.Standard.Piercing.Container.Projectile.Bow.Longbow.Composite	CONTAINS:1|Arrow=1		COST:15	WT:10		SLOTS:2	CRITMULT:x3			CRITRANGE:1			DAMAGE:1d8	EQMOD:WOOD				MODS:REQUIRED	RANGE:110			SOURCEPAGE:158	BONUS:WEAPON|DAMAGE|MIN(STR,0)

#Simple Weapons Ranged
Crossbow (Light)		OUTPUTNAME:Crossbow, [NAME]		PROFICIENCY:WEAPON|Crossbow (Light)	TYPE:Weapon.Simple.Ranged.Standard.Piercing.Container.Projectile.Crossbow			CONTAINS:1|Bolt=1			COST:10	WT:4				CRITMULT:x2			CRITRANGE:2			DAMAGE:1d8	EQMOD:WOOD							RANGE:150			SOURCEPAGE:158
Crossbow (Heavy)		OUTPUTNAME:Crossbow, [NAME]		PROFICIENCY:WEAPON|Crossbow (Heavy)	TYPE:Weapon.Simple.Ranged.Standard.Piercing.Container.Projectile.Crossbow			CONTAINS:1|Bolt=1			COST:20	WT:8				CRITMULT:x2			CRITRANGE:2			DAMAGE:1d10	EQMOD:WOOD							RANGE:200			SOURCEPAGE:158
Javelin									PROFICIENCY:WEAPON|Javelin		TYPE:Weapon.Simple.Ranged.Standard.Piercing.Thrown.Javelin											COST:1	WT:2				CRITMULT:x2			CRITRANGE:1			DAMAGE:1d6	EQMOD:WOOD							RANGE:30			SOURCEPAGE:158
Sling										PROFICIENCY:WEAPON|Sling		TYPE:Weapon.Simple.Ranged.Standard.Bludgeoning.Container.Projectile.Sling			CONTAINS:1|SlingStone=1		COST:0	WT:0				CRITMULT:x2			CRITRANGE:1			DAMAGE:1d4									RANGE:100			SOURCEPAGE:158	BONUS:WEAPON|DAMAGE|STR
Throwing Stick								PROFICIENCY:WEAPON|Throwing Stick	TYPE:Weapon.Simple.Ranged.Standard.Bludgeoning.Thrown.Stick											COST:.1	WT:3				CRITMULT:x2			CRITRANGE:1			DAMAGE:1d6	EQMOD:WOOD							RANGE:10			SOURCEPAGE:158
