# CVS $Revision: $ $Author: $ -- Fri Apr  1 08:57:13 2005 -- reformated by prettylst.pl v1.34 (build 455)
SOURCELONG:d20Talislanta	SOURCESHORT:d20Tal	SOURCEWEB:http://www.talislanta.com
# Orginal Entry By: Loyal

#Light Weight ----------------------------------------------------------------------------		--------------------------------
# Equipment Name		Required Proficiency		Type							Cost		Weight	AC Penalty Check	Critical Hit Multiplier	Critical Hit Range	Damage	Modifier	Nb Hands	Wield Category	Maximum DEX Bonus	Size		Source Page				% of Spell Failure	Combat bonus																								Add to base move
Padded Cloth		PROFICIENCY:ARMOR|Padded Cloth						TYPE:Armor.Light.Suit.Standard.Nonmetal	COST:2	WT:10		ACCHECK:0																			MAXDEX:8				SOURCEPAGE:162	SPELLFAILURE:5		BONUS:COMBAT|AC|1|TYPE=Armor.REPLACE
Garde, Half			PROFICIENCY:ARMOR|Garde			TYPE:Armor.Garde.Standard			COST:10	WT:10		ACCHECK:0		CRITMULT:x2			CRITRANGE:1			DAMAGE:1d4	EQMOD:STEEL			WIELD:Light		MAXDEX:6		SIZE:M	SOURCEPAGE:162	SPELLFAILURE:10		BONUS:COMBAT|AC|2|TYPE=Armor.REPLACE
Leather			PROFICIENCY:ARMOR|Leather							TYPE:Armor.Light.Suit.Standard.Nonmetal	COST:5	WT:15		ACCHECK:0																			MAXDEX:6				SOURCEPAGE:162	SPELLFAILURE:10		BONUS:COMBAT|AC|2|TYPE=Armor.REPLACE
Studded Leather		PROFICIENCY:ARMOR|Studded Leather						TYPE:Armor.Light.Suit.Standard		COST:15	WT:20		ACCHECK:-1																			MAXDEX:5				SOURCEPAGE:162	SPELLFAILURE:15		BONUS:COMBAT|AC|3|TYPE=Armor.REPLACE
Silver Gauntlets		PROFICIENCY:ARMOR|Silver Gauntlets						TYPE:Armor.Light.Standard			COST:1000	WT:10		ACCHECK:0												EQMOD:STEEL						MAXDEX:6				SOURCEPAGE:162	SPELLFAILURE:10		BONUS:COMBAT|AC|2|TYPE=Armor.REPLACE
Spangalor			PROFICIENCY:ARMOR|Spangalor							TYPE:Armor.Light.Suit.Standard		COST:400	WT:25		ACCHECK:-2												EQMOD:STEEL						MAXDEX:6				SOURCEPAGE:162	SPELLFAILURE:10		BONUS:COMBAT|AC|3|TYPE=Armor.REPLACE

#Medium Weight ---------------------------------------------------------------------------		----------------------------------
Breastplate								TYPE:Armor.Medium.Suit.Standard		COST:200	WT:30		ACCHECK:-4												EQMOD:STEEL						MAXDEX:3				SOURCEPAGE:162	SPELLFAILURE:25		BONUS:COMBAT|AC|5|TYPE=Armor.REPLACE
# Breastplate, Blue Iron	PROFICIENCY:ARMOR|
# Breastplate, Red Iron	PROFICIENCY:ARMOR|
Chain Mail			PROFICIENCY:ARMOR|Chain Mail					TYPE:Armor.Medium.Suit.Standard		COST:250	WT:40		ACCHECK:-5												EQMOD:STEEL						MAXDEX:2				SOURCEPAGE:162	SPELLFAILURE:30		BONUS:COMBAT|AC|5|TYPE=Armor.REPLACE
# Chain Mail, Red Iron	PROFICIENCY:ARMOR|					TYPE:Armor.Medium.Suit.Standard			COST:250	WT:40		ACCHECK:-5												EQMOD:STEEL						MAXDEX:2				SOURCEPAGE:162	SPELLFAILURE:30		BONUS:COMBAT|AC|5|TYPE=Armor.REPLACE
Corselet and Bracers	PROFICIENCY:ARMOR|Corselet and Bracers						TYPE:Armor.Medium.Standard			COST:300	WT:35		ACCHECK:-5												EQMOD:STEEL						MAXDEX:2				SOURCEPAGE:162	SPELLFAILURE:30		BONUS:COMBAT|AC|5|TYPE=Armor.REPLACE
Dragon Scale		PROFICIENCY:ARMOR|Dragon Scale							TYPE:Armor.Medium.Suit.Standard		COST:200	WT:30		ACCHECK:-4																			MAXDEX:3				SOURCEPAGE:162	SPELLFAILURE:25		BONUS:COMBAT|AC|4|TYPE=Armor.REPLACE
Gnomekin Scale		PROFICIENCY:ARMOR|Gnomekin Scale					TYPE:Armor.Medium.Suit.Standard		COST:300	WT:35		ACCHECK:-4																			MAXDEX:3		SIZE:S	SOURCEPAGE:162	SPELLFAILURE:25		BONUS:COMBAT|AC|5|TYPE=Armor.REPLACE
Hide				PROFICIENCY:ARMOR|Hide					TYPE:Armor.Medium.Suit.Standard		COST:20	WT:20		ACCHECK:-3																			MAXDEX:4				SOURCEPAGE:162	SPELLFAILURE:20		BONUS:COMBAT|AC|3|TYPE=Armor.REPLACE

#Heavy Weight ----------------------------------------------------------------------------		---------------------------------
Full Garde			PROFICIENCY:ARMOR|Garde			TYPE:Armor.Garde.Standard			COST:40	WT:40		ACCHECK:-3		CRITMULT:x2			CRITRANGE:1			DAMAGE:1d4	EQMOD:STEEL			WIELD:Light		MAXDEX:3		SIZE:M	SOURCEPAGE:162	SPELLFAILURE:25		BONUS:COMBAT|AC|5|TYPE=Armor.REPLACE																				BONUS:MOVEADD|TYPE.Walk|-10
Half-Plate			PROFICIENCY:ARMOR|Half-Plate					TYPE:Armor.Heavy.Suit.Standard		COST:500	WT:50		ACCHECK:-7												EQMOD:STEEL						MAXDEX:0				SOURCEPAGE:162	SPELLFAILURE:40		BONUS:COMBAT|AC|7|TYPE=Armor.REPLACE
# Half-Plate, Red Iron	PROFICIENCY:ARMOR|					TYPE:Armor.Heavy.Suit.Standard			COST:500	WT:50		ACCHECK:-6												EQMOD:STEEL						MAXDEX:1				SOURCEPAGE:162	SPELLFAILURE:35		BONUS:COMBAT|AC|6|TYPE=Armor.REPLACE
Kang Battle Armor		PROFICIENCY:ARMOR|Kang Battle Armor					TYPE:Armor.Heavy.Suit.Standard		COST:1000	WT:50		ACCHECK:-6												EQMOD:STEEL						MAXDEX:1				SOURCEPAGE:162	SPELLFAILURE:35		BONUS:COMBAT|AC|8|TYPE=Armor.REPLACE
# Kang Battle Armor	PROFICIENCY:ARMOR|					TYPE:Armor.Heavy.Suit.Standard			COST:1000	WT:50		ACCHECK:-7												EQMOD:STEEL						MAXDEX:1				SOURCEPAGE:162	SPELLFAILURE:35		BONUS:COMBAT|AC|8|TYPE=Armor.REPLACE

#Shields ---------------------------------------------------------------------------------		---------------------------------
Buckler			PROFICIENCY:SHIELD|Buckler		TYPE:Shield.Buckler.Standard			COST:10	WT:5		ACCHECK:-1												EQMOD:STEEL	HANDS:0									SOURCEPAGE:162	SPELLFAILURE:5		BONUS:COMBAT|AC|1|TYPE=Shield.REPLACE	BONUS:COMBAT|TOHIT|-1|PREEQUIPBOTH:1,TYPE=Melee	BONUS:COMBAT|TOHIT-SECONDARY|-1|PREEQUIPSECONDARY:1,TYPE=Melee
Shield			PROFICIENCY:SHIELD|Shield (Light)	TYPE:Shield.Light.Standard			COST:20	WT:15		ACCHECK:-1		CRITMULT:x2			CRITRANGE:1			DAMAGE:1d3	EQMOD:STEEL			WIELD:Light					SIZE:M	SOURCEPAGE:162	SPELLFAILURE:5		BONUS:COMBAT|AC|1|TYPE=Shield.REPLACE
# Shield, Adamant		PROFICIENCY:SHIELD|Shield (Light)	TYPE:Shield.Light.Standard				COST:20	WT:15		ACCHECK:-1		CRITMULT:x2			CRITRANGE:1			DAMAGE:1d3	EQMOD:STEEL			WIELD:Light					SIZE:M	SOURCEPAGE:162	SPELLFAILURE:5		BONUS:COMBAT|AC|1|TYPE=Shield.REPLACE
# Shield, Blue Iron	PROFICIENCY:SHIELD|Shield (Light)	TYPE:Shield.Light.Standard				COST:20	WT:15		ACCHECK:-1		CRITMULT:x2			CRITRANGE:1			DAMAGE:1d3	EQMOD:STEEL			WIELD:Light					SIZE:M	SOURCEPAGE:162	SPELLFAILURE:5		BONUS:COMBAT|AC|1|TYPE=Shield.REPLACE
# Shield, Red Iron	PROFICIENCY:SHIELD|Shield (Light)	TYPE:Shield.Light.Standard				COST:20	WT:15		ACCHECK:-1		CRITMULT:x2			CRITRANGE:1			DAMAGE:1d3	EQMOD:STEEL			WIELD:Light					SIZE:M	SOURCEPAGE:162	SPELLFAILURE:5		BONUS:COMBAT|AC|1|TYPE=Shield.REPLACE
Shield, Hide/Wood		PROFICIENCY:SHIELD|Shield (Light)	TYPE:Shield.Light.Standard			COST:.5	WT:5		ACCHECK:-1		CRITMULT:x2			CRITRANGE:1			DAMAGE:1d3	EQMOD:WOOD			WIELD:Light					SIZE:M	SOURCEPAGE:162	SPELLFAILURE:5		BONUS:COMBAT|AC|1|TYPE=Shield.REPLACE
