
# Default Defines
Default	CATEGORY:Internal
	DEFINE:Qualified_Dwarf|0			
	DEFINE:Qualified_Elf|0			
	DEFINE:Qualified_Gnome|0		
	DEFINE:Qualified_HalfElf|0		
	DEFINE:Qualified_Halfling|0		
	BONUS:VAR|Qualified_Dwarf|1|PREMULT:1,[PRERACE:1,Dwarf],[PREMULT:2,[PRESTAT:6,STR=8,DEX=2,CON=11,INT=3,WIS=3,CHA=3],[!PRESTAT:6,STR=18,DEX=17,CON=19,INT=18,WIS=18,CHA=17]]
	BONUS:VAR|Qualified_Elf|1|PREMULT:1,[PRERACE:1,Elf],[PREMULT:2,[PRESTAT:6,STR=3,DEX=6,CON=7,INT=8,WIS=3,CHA=8],[!PRESTAT:6,STR=18,DEX=19,CON=18,INT=18,WIS=18,CHA=18]]
	BONUS:VAR|Qualified_Gnome|1|PREMULT:1,[PRERACE:1,Gnome],[PREMULT:2,[PRESTAT:6,STR=6,DEX=3,CON=8,INT=6,WIS=2,CHA=3],[!PRESTAT:6,STR=18,DEX=18,CON=18,INT=19,WIS=18,CHA=18]]
	BONUS:VAR|Qualified_HalfElf|1|PREMULT:1,[PRERACE:1,Half-Elf],[PREMULT:2,[PRESTAT:6,STR=3,DEX=6,CON=6,INT=4,WIS=3,CHA=3],[!PRESTAT:6,STR=18,DEX=18,CON=18,INT=18,WIS=18,CHA=18]]
	BONUS:VAR|Qualified_Halfling|1|PREMULT:1,[PRERACE:1,Halfling],[PREMULT:2,[PRESTAT:6,STR=7,DEX=7,CON=10,INT=6,WIS=3,CHA=3],[!PRESTAT:6,STR=18,DEX=19,CON=18,INT=18,WIS=17,CHA=18]]


# Combat Skill Points

Ambidexterity

# Singles
Weapon Group / Axe
	Battle Axe
	Hand/Throwing Axe
	Pole Axe
Weapon Group / Bow
	Bow
Weapon Group / Cavalry
	Flail
	Mace
	Pick (Horseman)
Weapon Group / Club
	Club
	Morning Star
	War Hammer
Weapon Group / Crossbow
	Crossbow
Weapon Group / Infantry
	Flail
	Mace
	Pick (Footman)
Weapon Group / Lance
	Lance
Weapon Group / Long Blade
	Bastard Sword
	Long Sword
	Scimitar
	Two-Handed Sword
Weapon Group / Medium Blade
	Broad Sword
	Cutlass
	Khopesh
Weapon Group / Short Blade
	Dagger/Dirk
	Knife
	Sickle
	Short Sword
Weapon Group / Pole Arm
	Pole Arm
Weapon Group / Release Action
	Lasso
	Net
	Scourge
	Sling
	Staff Sling
	Whip
Weapon Group / Spear
	Harpoon
	Javelin
	Spear
	Trident

# Weaponry by Type
Weaponry Type / Slashing
Weaponry Type / Bludgeoning
Weaponry Type / Piercing


# Melee Weaponry Methods
Single-Weapon Method
Two-Handed Method
Weapon-Shield Method
Shield Bash
Dual-Weapon Method
Weaponry Specialization	PRECLASS:1,Fighter=1

# Ranged Weaponry Methods
Missile-Weapon Method
Hurle-Weapon Method

# Unarmed
Brawling-Attack
Wrestling
Unarmed Combat Specialization		PRECLASS:1,Fighter=1


