# CVS $Revision: 1 $ $Author: echuir $ -- Mon May 20 19:40:09 2013
SOURCELONG:Sword and Fist
SOURCESHORT:sf

Initiate Superior Weapon Focus
    TYPE:OrderBow
    CATEGORY:Internal
    VISIBLE:NO
    SAB:Superior Weapon Focus (%CHOICE)
    STACK:NO
    MULT:YES
    CHOOSE:WEAPONPROFICIENCY|FEAT=Weapon Specialization
    BONUS:WEAPONPROF=%LIST|TOHIT|1
    
Initiate Superior Weapon Specialization
    TYPE:OrderBow
    CATEGORY:Internal
    VISIBLE:NO
    SAB:Superior Weapon Specialization (%CHOICE)
    STACK:NO
    MULT:YES
    CHOOSE:WEAPONPROFICIENCY|FEAT=Weapon Specialization
    BONUS:WEAPONPROF=%LIST|DAMAGE|2

Lightning Fists
    TYPE:General
    CATEGORY:Internal
    PRECLASS:1,Monk=4
    PRESTAT:1,DEX=15
    DESC:Your skill and agility allow you to attempt a series of blindingly fast blows.
    SOURCEPAGE:p.7
    BENEFIT:You can make two extra attacks in a round. All attacks made this round suffer a 5 attack penalty. This feat requires the full attack action.
    
Mantis Leap
    TYPE:General
    CATEGORY:Internal
    PRECLASS:1,Monk=7
    PRESKILL:1,Jump=5
    DESC:You deliver a powerful attack after making a jump.
    SOURCEPAGE:p.7
    BENEFIT:Designate an opponent who is within the maximum distance you can reach with a successful Jump check. Make a normal Jump check; if your check is successful, you can make a normal charge attack against the opponent you designated as part of the same action. If your charge attack is successful, you inflict normal damage, plus your Strength modifier multiplied by 2.

Supreme Cleave
    TYPE:MasterSamurai
    CATEGORY:Internal
    PRECLASS:1,Master Samurai=2
    DESC:Can make a 5' step before making a Cleave or Great Cleave
    SOURCEPAGE:30
    
Supreme Mobility
    TYPE:MasterSamurai
    CATEGORY:Internal
    PRECLASS:1,Master Samurai=3
    DESC:Add +6 to dodge against attacks of opportunity
    SOURCEPAGE:30

Initiate Zen Archery
    TYPE:OrderOfTheBowInitiate
    CATEGORY:Internal
    PRECLASS:1,Order of the Bow Initiate=4
    DESC:Gain Zen Archery for free. If the Initiate already has the feat, then the Wisdom modifier stacks with the Dexterity modifier for ranged attacks.
    BONUS:COMBAT|TOHIT-SHORTRANGE|(WISMAXDEX)-DEX|!PREFEAT:1,Zen Archery
    BONUS:COMBAT|TOHIT-SHORTRANGE|WIS|PREFEAT:1,Zen Archery
    SOURCEPAGE:p.33
    
Tribal Protector Wild Fighting
    TYPE:TribalProtector
    CATEGORY:Internal
    PRECLASS:1,Tribal Protector=2
    SAB:Wild Fighting (Ex)
    DESC:Use the temp bonus tab to apply it to weapons.
    BONUS:WEAPON|ATTACKS|1|PREAPPLY:Weapon
    BONUS:WEAPON|TOHIT|-2|PREAPPLY:Weapon
    SOURCEPAGE:p.36

Weapon Master Weapon Choice   
    TYPE:WeaponMasterWeaponChoice
    CATEGORY:Internal
    VISIBLE:NO
    MULT:YES
    CHOOSE:WEAPONPROFICIENCY|FEAT=Weapon Focus
    PRECLASS:1,Weapon Master=1
    DESC:All the Weapon Master special abilities work only with his Weapon of Choice.
    SOURCEPAGE:p.38
    
Weapon Master Superior Weapon Focus
    TYPE:WeaponMaster		
    CATEGORY:Internal
    VISIBLE:NO
    MULT:YES
    CHOOSE:WEAPONPROFICIENY|FEAT=Weapon Master Weapon Choice
    PRECLASS:1,Weapon Master=3
    BONUS:WEAPONPROF=%LIST|TOHIT|1
    SOURCEPAGE:p.39
    
Weapon Master Superior Combat Reflexes
    TYPE:WeaponMaster
    CATEGORY:Internal
    VISIBLE:NO			
    PRECLASS:1,Weapon Master=5
    SAB:Up to % attacks of opportunity in a round|WeaponMasterSuperiorCombatReflexes
    DEFINE:WeaponMasterSuperiorCombatReflexes|DEX+WIS
    DESC:You can make a total attacks of opportunity in a round equal to your Dexterity modifier plus your Wisdom modifier
    SOURCEPAGE:p.39

Weapon Master Ki Critical
    TYPE:WeaponMaster
    CATEGORY:Internal
    VISIBLE:NO
    PRECLASS:1,Weapon Master=7
    SAB:Ki Critical
    DESC:Gain Improved Critical for free. If the Weapon Master already possess this feat, add an additional +2 to your weapon of choice's threat range for critical hit.
    MULT:YES
    CHOOSE:WEAPONPROFICIENCY|FEAT=Weapon Master Weapon of Choice
    BONUS:WEAPONPROF=%LIST|CRITRANGEDOUBLE|1|!PREFEAT:1,Improved Critical	
    BONUS:WEAPONPROF=%LIST|CRITRANGEADD|2|PREFEAT:1,Improved Critical
    SOURCEPAGE:p.39

Weapon Master Ki Whirlwind
    TYPE:WeaponMaster
    CATEGORY:Internal
    VISIBLE:NO
    PRECLASS:1,Weapon Master=9
    SAB:Ki Whirlwind: You can make a Whirlwind Attack as a standard action rather than a full action.
    SOURCEPAGE:p.39
