
# Cavalier
CLASS:Cavalier	HD:10	MAXLEVEL:10	TYPE:Prestige	BONUS:COMBAT|BAB|CL|TYPE=Base.REPLACE	BONUS:CHECKS|BASE.Reflex|CL/3	BONUS:CHECKS|BASE.Fortitude,BASE.Will|CL/2+2	SOURCEPAGE:p.12
CLASS:Cavalier	PREALIGN:LG,LN,LE	PREATT:8	PREMULT:2,[PREFEAT:4,Spirited Charge,Weapon Focus (Lance),Mounted Combat,Ride-by Attack],[PREFEAT:1,Weapon Focus (TYPE=Sword)]	PRESKILL:3,Handle Animal=4,Knowledge (Nobility and Royalty)=4,Ride=6	PRETEXT:Equipment: Masterwork heavy armor and masterwork large shield.
CLASS:Cavalier	STARTSKILLPTS:2	CSKILL:Diplomacy|Intimidate|Knowledge (Nobility and Royalty)|TYPE=Profession|Ride
###Block:
1	BONUS:VAR|CavalierLanceMountedWeaponBonus|CL+1/2	BONUS:VAR|CavalierRideBonus|2+max(0,((CL-2)/2))	BONUS:VAR|CavalierTallInTheSaddleBonus|CL+1/2
2	BONUS:VAR|CavalierDeadlyChargeTimes|CL/2	BONUS:VAR|CavalierSwordMountedWeaponBonus|CL/2
###Block:
1	ABILITY:Cavalier Ability|AUTOMATIC|Weapon and Armor Proficiency ~ Cavalier|Knowledge (Nobility and Royalty) ~ Cavalier|Tall in the Saddle ~ Cavalier|Mounted Weapon Bonus ~ Cavalier|Ride Bonus ~ Cavalier
2	ABILITY:Cavalier Ability|AUTOMATIC|Deadly Charge ~ Cavalier
3	ABILITY:Cavalier Ability|AUTOMATIC|Burst of Speed ~ Cavalier
6	ABILITY:Cavalier Ability|AUTOMATIC|Full Mounted Attack ~ Cavalier


# Devoted Defender
CLASS:Devoted Defender		HD:10		MAXLEVEL:10		TYPE:Prestige		BONUS:COMBAT|BAB|CL|TYPE=Base.REPLACE		BONUS:CHECKS|BASE.Will|CL/3		BONUS:CHECKS|BASE.Fortitude,BASE.Reflex|CL/2+2	SOURCEPAGE:p.13
CLASS:Devoted Defender		PREATT:5	PREFEAT:2,Weapon Focus (TYPE=Melee),Alertness	PRESKILL:3,Search=4,Sense Motive=4,Spot=4
CLASS:Devoted Defender		STARTSKILLPTS:2	CSKILL:Climb|Innuendo|Jump|Listen|TYPE=Profession|Sense Motive|Search|Spot


# Drunken Master


Base Attack Bonus: +4.
Base Unarmed Attack Bonus: +4.
Feats: Great Fortitude, Dodge.
Tumble: 6 ranks.
Other: Evasion ability, must be chosen by existing
drunken masters and survive night of revelry among
them without being incarcerated, poisoned, or
extraordinarily embarrassed.

4	CSKILL:Balance (Dex), Bluff (Cha), Climb (Str), TYPE=Craft (Int), Escape Artist (Dex), Hide (Dex), Jump (Str), Listen (Wis), Move Silently (Dex), TYPE=Perform (Cha), TYPE=Profession (Wis), Swim (Str), and Tumble

