# CVS $Revision: $ $Author: $ -- Fri May  3 14:36:53 2013 -- reformated by prettylst.pl v1.50 (build 19967)

# Used from the PCGen RSRD Version - no changes needed at this time.

# Class Name	Hit Dice	Type			Class Type		Max Level		Source Page		Save checks bonus											Combat bonus
CLASS:Aberration	HD:8		TYPE:Monster	CLASSTYPE:Monster	MAXLEVEL:NOLIMIT	SOURCEPAGE:p.290	BONUS:CHECKS|BASE.Will|CL/2+2	BONUS:CHECKS|BASE.Fortitude,BASE.Reflex|CL/3	BONUS:COMBAT|BAB|CL*3/4|TYPE=Base.REPLACE
# Class Name	Reg. Race Type
CLASS:Aberration	PRERACETYPE:Aberration
# Class Name	Skill Pts/Lvl	Add INT to Skill Points?
CLASS:Aberration	STARTSKILLPTS:2	MODTOSKILLS:YES

# Class Name	Hit Dice	Type			Class Type		Max Level		Source Page		Save checks bonus											Combat bonus
CLASS:Animal	HD:8		TYPE:Monster	CLASSTYPE:Monster	MAXLEVEL:NOLIMIT	SOURCEPAGE:p.290	BONUS:CHECKS|BASE.Fortitude,BASE.Reflex|CL/2+2	BONUS:CHECKS|BASE.Will|CL/3	BONUS:COMBAT|BAB|CL*3/4|TYPE=Base.REPLACE
# Class Name	Prohibited Class			Reg. Race Type
CLASS:Animal	!PRECLASS:1,Animal (Will)=1	PRERACETYPE:Animal
# Class Name	Skill Pts/Lvl	Add INT to Skill Points?
CLASS:Animal	STARTSKILLPTS:2	MODTOSKILLS:YES

# Class Name		Output Name		Hit Dice	Type			Class Type		Max Level		Source Page		Save checks bonus								Combat bonus
CLASS:Animal (Will)	OUTPUTNAME:Animal	HD:8		TYPE:Monster	CLASSTYPE:Monster	MAXLEVEL:NOLIMIT	SOURCEPAGE:p.290	BONUS:CHECKS|BASE.Fortitude,BASE.Reflex,BASE.Will|CL/2+2	BONUS:COMBAT|BAB|CL*3/4|TYPE=Base.REPLACE
# Class Name		Prohibited Class		Reg. Race Type
CLASS:Animal (Will)	!PRECLASS:1,Animal=1	PRERACETYPE:Animal
# Class Name		Skill Pts/Lvl	Add INT to Skill Points?
CLASS:Animal (Will)	STARTSKILLPTS:2	MODTOSKILLS:YES

# Class Name	Hit Dice	Type			Class Type		Max Level		Source Page		Save checks bonus								Combat bonus
CLASS:Construct	HD:10		TYPE:Monster	CLASSTYPE:Monster	MAXLEVEL:NOLIMIT	SOURCEPAGE:p.290	BONUS:CHECKS|BASE.Fortitude,BASE.Reflex,BASE.Will|CL/3	BONUS:COMBAT|BAB|CL*3/4|TYPE=Base.REPLACE
# Class Name	Reg. Race Type
CLASS:Construct	PRERACETYPE:Construct
# Class Name	Skill Pts/Lvl	Add INT to Skill Points?
CLASS:Construct	STARTSKILLPTS:2	MODTOSKILLS:YES

# Class Name			Output Name			Hit Dice	Type			Class Type		Max Level		Source Page		Levels per Feat	Save checks bonus								Combat bonus
CLASS:Construct (Mindless)	OUTPUTNAME:Construct	HD:10		TYPE:Monster	CLASSTYPE:Monster	MAXLEVEL:NOLIMIT	SOURCEPAGE:p.290	LEVELSPERFEAT:0	BONUS:CHECKS|BASE.Fortitude,BASE.Reflex,BASE.Will|CL/3	BONUS:COMBAT|BAB|CL*3/4|TYPE=Base.REPLACE
# Class Name			Reg. Race Type
CLASS:Construct (Mindless)	PRERACETYPE:Construct
# Class Name			Skill Pts/Lvl	Add INT to Skill Points?
CLASS:Construct (Mindless)	STARTSKILLPTS:0	MODTOSKILLS:NO

# Class Name	Hit Dice	Type			Class Type		Max Level		Source Page		Save checks bonus								Combat bonus
CLASS:Dragon	HD:12		TYPE:Monster	CLASSTYPE:Monster	MAXLEVEL:NOLIMIT	SOURCEPAGE:p.290	BONUS:CHECKS|BASE.Fortitude,BASE.Reflex,BASE.Will|CL/2+2	BONUS:COMBAT|BAB|CL|TYPE=Base.REPLACE	DEFINE:DragonLVL|CL
# Class Name	Reg. Race Type
CLASS:Dragon	PRERACETYPE:Dragon
# Class Name	Skill Pts/Lvl	Add INT to Skill Points?
CLASS:Dragon	STARTSKILLPTS:6	MODTOSKILLS:YES

# Class Name	Hit Dice	Type			Class Type		Max Level		Source Page		Save checks bonus																																																							Combat bonus
CLASS:Elemental	HD:8		TYPE:Monster	CLASSTYPE:Monster	MAXLEVEL:NOLIMIT	SOURCEPAGE:p.290	BONUS:CHECKS|BASE.Reflex|CL/2+2|PRERACE:1,RACESUBTYPE=Air,RACESUBTYPE=Fire	BONUS:CHECKS|BASE.Fortitude,BASE.Will|CL/3|PRERACE:1,RACESUBTYPE=Air,RACESUBTYPE=Fire	BONUS:CHECKS|BASE.Fortitude|CL/2+2|PRERACE:1,RACESUBTYPE=Earth,RACESUBTYPE=Water	BONUS:CHECKS|BASE.Will,BASE.Reflex|CL/3|PRERACE:1,RACESUBTYPE=Earth,RACESUBTYPE=Water	BONUS:COMBAT|BAB|CL*3/4|TYPE=Base.REPLACE
# Class Name	Reg. Race Type
CLASS:Elemental	PRERACETYPE:Elemental
# Class Name	Skill Pts/Lvl	Add INT to Skill Points?
CLASS:Elemental	STARTSKILLPTS:2	MODTOSKILLS:YES

# Class Name			Output Name			Hit Dice	Type			Class Type		Max Level		Source Page		Save checks bonus												Combat bonus
CLASS:Elemental (Air/Fire)	OUTPUTNAME:Elemental	HD:8		TYPE:Monster	CLASSTYPE:Monster	MAXLEVEL:NOLIMIT	SOURCEPAGE:p.290	BONUS:CHECKS|BASE.Reflex|CL/2+2	BONUS:CHECKS|BASE.Fortitude,BASE.Will|CL/3	BONUS:COMBAT|BAB|CL*3/4|TYPE=Base.REPLACE
# Class Name			Reg. Race Type
CLASS:Elemental (Air/Fire)	PRERACETYPE:Elemental
# Class Name			Skill Pts/Lvl	Add INT to Skill Points?
CLASS:Elemental (Air/Fire)	STARTSKILLPTS:2	MODTOSKILLS:YES

# Class Name			Output Name			Hit Dice	Type			Class Type		Max Level		Source Page		Save checks bonus											Combat bonus
CLASS:Elemental (Earth/Water)	OUTPUTNAME:Elemental	HD:8		TYPE:Monster	CLASSTYPE:Monster	MAXLEVEL:NOLIMIT	SOURCEPAGE:p.290	BONUS:CHECKS|BASE.Fortitude|CL/2+2	BONUS:CHECKS|BASE.Will,BASE.Reflex|CL/3	BONUS:COMBAT|BAB|CL*3/4|TYPE=Base.REPLACE
# Class Name			Reg. Race Type
CLASS:Elemental (Earth/Water)	PRERACETYPE:Elemental
# Class Name			Skill Pts/Lvl	Add INT to Skill Points?
CLASS:Elemental (Earth/Water)	STARTSKILLPTS:2	MODTOSKILLS:YES

# Class Name			Hit Dice	Type			Class Type		Max Level		Source Page		Levels per Feat	Save checks bonus																																																							Combat bonus
CLASS:Elemental (Mindless)	HD:8		TYPE:Monster	CLASSTYPE:Monster	MAXLEVEL:NOLIMIT	SOURCEPAGE:p.290	LEVELSPERFEAT:0	BONUS:CHECKS|BASE.Reflex|CL/2+2|PRERACE:1,RACESUBTYPE=Air,RACESUBTYPE=Fire	BONUS:CHECKS|BASE.Fortitude,BASE.Will|CL/3|PRERACE:1,RACESUBTYPE=Air,RACESUBTYPE=Fire	BONUS:CHECKS|BASE.Fortitude|CL/2+2|PRERACE:1,RACESUBTYPE=Earth,RACESUBTYPE=Water	BONUS:CHECKS|BASE.Will,BASE.Reflex|CL/3|PRERACE:1,RACESUBTYPE=Earth,RACESUBTYPE=Water	BONUS:COMBAT|BAB|CL*3/4|TYPE=Base.REPLACE
# Class Name			Reg. Race Type
CLASS:Elemental (Mindless)	PRERACETYPE:Elemental
# Class Name			Skill Pts/Lvl	Add INT to Skill Points?
CLASS:Elemental (Mindless)	STARTSKILLPTS:0	MODTOSKILLS:NO

# Class Name	Hit Dice	Type			Class Type		Max Level		Source Page		Ability													Save checks bonus											Combat bonus
CLASS:Fey		HD:6		TYPE:Monster	CLASSTYPE:Monster	MAXLEVEL:NOLIMIT	SOURCEPAGE:p.290	ABILITY:Special Ability|AUTOMATIC|Fey Proficiencies|PREVAREQ:NoTypeProficiencies,0	BONUS:CHECKS|BASE.Will,BASE.Reflex|CL/2+2	BONUS:CHECKS|BASE.Fortitude|CL/3	BONUS:COMBAT|BAB|CL/2|TYPE=Base.REPLACE
# Class Name	Reg. Race Type
CLASS:Fey		PRERACETYPE:Fey
# Class Name	Skill Pts/Lvl	Add INT to Skill Points?
CLASS:Fey		STARTSKILLPTS:6	MODTOSKILLS:YES

# Class Name	Hit Dice	Type			Class Type		Max Level		Source Page		Ability														Save checks bonus											Combat bonus
CLASS:Giant		HD:8		TYPE:Monster	CLASSTYPE:Monster	MAXLEVEL:NOLIMIT	SOURCEPAGE:p.290	ABILITY:Special Ability|AUTOMATIC|Giant Proficiencies|PREVAREQ:NoTypeProficiencies,0	BONUS:CHECKS|BASE.Fortitude|CL/2+2	BONUS:CHECKS|BASE.Reflex,BASE.Will|CL/3	BONUS:COMBAT|BAB|CL*3/4|TYPE=Base.REPLACE
# Class Name	Reg. Race Type
CLASS:Giant		PRERACETYPE:Giant
# Class Name	Skill Pts/Lvl	Add INT to Skill Points?
CLASS:Giant		STARTSKILLPTS:2	MODTOSKILLS:YES


# Class Name	Hit Dice	Type			Class Type		Max Level		Source Page		Ability														Save checks bonus												Combat bonus
CLASS:Humanoid	HD:8		TYPE:Monster	CLASSTYPE:Monster	MAXLEVEL:NOLIMIT	SOURCEPAGE:p.290	ABILITY:Special Ability|AUTOMATIC|Humanoid Proficiencies|PREVAREQ:NoTypeProficiencies,0	BONUS:CHECKS|BASE.Reflex|CL/2+2	BONUS:CHECKS|BASE.Fortitude,BASE.Will|CL/3	BONUS:COMBAT|BAB|CL*3/4|TYPE=Base.REPLACE
# Class Name	Prohibited Class							Reg. Race Type
CLASS:Humanoid	!PRECLASS:1,Humanoid (Fortitude)=1,Humanoid (Will)=1	PRERACETYPE:Humanoid
# Class Name	Skill Pts/Lvl	Add INT to Skill Points?
CLASS:Humanoid	STARTSKILLPTS:2	MODTOSKILLS:YES

# Class Name			Output Name			Hit Dice	Type			Class Type		Max Level		Source Page		Ability														Save checks bonus											Combat bonus
CLASS:Humanoid (Fortitude)	OUTPUTNAME:Humanoid	HD:8		TYPE:Monster	CLASSTYPE:Monster	MAXLEVEL:NOLIMIT	SOURCEPAGE:p.290	ABILITY:Special Ability|AUTOMATIC|Humanoid Proficiencies|PREVAREQ:NoTypeProficiencies,0	BONUS:CHECKS|BASE.Fortitude|CL/2+2	BONUS:CHECKS|BASE.Reflex,BASE.Will|CL/3	BONUS:COMBAT|BAB|CL*3/4|TYPE=Base.REPLACE
# Class Name			Prohibited Class					Reg. Race Type
CLASS:Humanoid (Fortitude)	!PRECLASS:1,Humanoid=1,Humanoid (Will)=1	PRERACETYPE:Humanoid
# Class Name			Skill Pts/Lvl	Add INT to Skill Points?
CLASS:Humanoid (Fortitude)	STARTSKILLPTS:2	MODTOSKILLS:YES


# Class Name		Output Name			Hit Dice	Type			Class Type		Max Level		Source Page		Ability														Save checks bonus											Combat bonus
CLASS:Humanoid (Will)	OUTPUTNAME:Humanoid	HD:8		TYPE:Monster	CLASSTYPE:Monster	MAXLEVEL:NOLIMIT	SOURCEPAGE:p.290	ABILITY:Special Ability|AUTOMATIC|Humanoid Proficiencies|PREVAREQ:NoTypeProficiencies,0	BONUS:CHECKS|BASE.Fortitude,BASE.Reflex|CL/3	BONUS:CHECKS|BASE.Will|CL/2+2	BONUS:COMBAT|BAB|CL*3/4|TYPE=Base.REPLACE
# Class Name		Prohibited Class						Reg. Race Type
CLASS:Humanoid (Will)	!PRECLASS:1,Humanoid=1,Humanoid (Fortitude)=1	PRERACETYPE:Humanoid
# Class Name		Skill Pts/Lvl	Add INT to Skill Points?
CLASS:Humanoid (Will)	STARTSKILLPTS:2	MODTOSKILLS:YES


# Class Name		Hit Dice	Type			Class Type		Max Level		Source Page		Save checks bonus											Combat bonus
CLASS:Magical Beast	HD:10		TYPE:Monster	CLASSTYPE:Monster	MAXLEVEL:NOLIMIT	SOURCEPAGE:p.290	BONUS:CHECKS|BASE.Fortitude,BASE.Reflex|CL/2+2	BONUS:CHECKS|BASE.Will|CL/3	BONUS:COMBAT|BAB|CL|TYPE=Base.REPLACE
# Class Name		Reg. Race Type
CLASS:Magical Beast	PRERACETYPE:Magical Beast
# Class Name		Skill Pts/Lvl	Add INT to Skill Points?
CLASS:Magical Beast	STARTSKILLPTS:2	MODTOSKILLS:YES

# Class Name			Hit Dice	Type			Class Type		Max Level		Source Page		Ability																Save checks bonus											Combat bonus
CLASS:Monstrous humanoid	HD:8		TYPE:Monster	CLASSTYPE:Monster	MAXLEVEL:NOLIMIT	SOURCEPAGE:p.290	ABILITY:Special Ability|AUTOMATIC|Monstrous Humanoid Proficiencies|PREVAREQ:NoTypeProficiencies,0	BONUS:CHECKS|BASE.Will,BASE.Reflex|CL/2+2	BONUS:CHECKS|BASE.Fortitude|CL/3	BONUS:COMBAT|BAB|CL|TYPE=Base.REPLACE
# Class Name			Reg. Race Type
CLASS:Monstrous humanoid	PRERACETYPE:Monstrous humanoid
# Class Name			Skill Pts/Lvl	Add INT to Skill Points?
CLASS:Monstrous humanoid	STARTSKILLPTS:2	MODTOSKILLS:YES

# Class Name	Hit Dice	Type			Class Type		Max Level		Source Page		Levels per Feat	Save checks bonus								Combat bonus
CLASS:Ooze		HD:10		TYPE:Monster	CLASSTYPE:Monster	MAXLEVEL:NOLIMIT	SOURCEPAGE:p.290	LEVELSPERFEAT:0	BONUS:CHECKS|BASE.Fortitude,BASE.Reflex,BASE.Will|CL/3	BONUS:COMBAT|BAB|CL*3/4|TYPE=Base.REPLACE
# Class Name	Reg. Race Type
CLASS:Ooze		PRERACETYPE:Ooze
# Class Name	Skill Pts/Lvl	Add INT to Skill Points?
CLASS:Ooze		STARTSKILLPTS:0	MODTOSKILLS:NO

# Class Name			Output Name		Hit Dice	Type			Class Type		Max Level		Source Page		Save checks bonus								Combat bonus
CLASS:Ooze (Intelligent)	OUTPUTNAME:Ooze	HD:10		TYPE:Monster	CLASSTYPE:Monster	MAXLEVEL:NOLIMIT	SOURCEPAGE:p.290	BONUS:CHECKS|BASE.Fortitude,BASE.Reflex,BASE.Will|CL/3	BONUS:COMBAT|BAB|CL*3/4|TYPE=Base.REPLACE
# Class Name			Reg. Race Type
CLASS:Ooze (Intelligent)	PRERACETYPE:Ooze
# Class Name			Skill Pts/Lvl	Add INT to Skill Points?
CLASS:Ooze (Intelligent)	STARTSKILLPTS:2	MODTOSKILLS:YES

# Class Name	Hit Dice	Type			Class Type		Max Level		Source Page		Ability														Save checks bonus								Combat bonus
CLASS:Outsider	HD:8		TYPE:Monster	CLASSTYPE:Monster	MAXLEVEL:NOLIMIT	SOURCEPAGE:p.290	ABILITY:Special Ability|AUTOMATIC|Outsider Proficiencies|PREVAREQ:NoTypeProficiencies,0	BONUS:CHECKS|BASE.Fortitude,BASE.Reflex,BASE.Will|CL/2+2	BONUS:COMBAT|BAB|CL|TYPE=Base.REPLACE
# Class Name	Reg. Race Type
CLASS:Outsider	PRERACETYPE:Outsider
# Class Name	Skill Pts/Lvl	Add INT to Skill Points?
CLASS:Outsider	STARTSKILLPTS:8	MODTOSKILLS:YES

# Class Name	Hit Dice	Type			Class Type		Max Level		Source Page		Save checks bonus											Combat bonus
CLASS:Plant		HD:8		TYPE:Monster	CLASSTYPE:Monster	MAXLEVEL:NOLIMIT	SOURCEPAGE:p.290	BONUS:CHECKS|BASE.Fortitude|CL/2+2	BONUS:CHECKS|BASE.Will,BASE.Reflex|CL/3	BONUS:COMBAT|BAB|CL*3/4|TYPE=Base.REPLACE
# Class Name	Reg. Race Type
CLASS:Plant		PRERACETYPE:Plant
# Class Name	Skill Pts/Lvl	Add INT to Skill Points?
CLASS:Plant		STARTSKILLPTS:2	MODTOSKILLS:YES

# Class Name		Output Name		Hit Dice	Type			Class Type		Max Level		Source Page		Levels per Feat	Save checks bonus											Combat bonus
CLASS:Plant (Mindless)	OUTPUTNAME:Plant	HD:8		TYPE:Monster	CLASSTYPE:Monster	MAXLEVEL:NOLIMIT	SOURCEPAGE:p.290	LEVELSPERFEAT:0	BONUS:CHECKS|BASE.Fortitude|CL/2+2	BONUS:CHECKS|BASE.Will,BASE.Reflex|CL/3	BONUS:COMBAT|BAB|CL*3/4|TYPE=Base.REPLACE
# Class Name		Reg. Race Type
CLASS:Plant (Mindless)	PRERACETYPE:Plant
# Class Name		Skill Pts/Lvl	Add INT to Skill Points?
CLASS:Plant (Mindless)	STARTSKILLPTS:0	MODTOSKILLS:NO

# Class Name	Hit Dice	Type			Class Type		Max Level		Source Page		Ability														Save checks bonus											Combat bonus
CLASS:Undead	HD:12		TYPE:Monster	CLASSTYPE:Monster	MAXLEVEL:NOLIMIT	SOURCEPAGE:p.290	ABILITY:Special Ability|AUTOMATIC|Undead Proficiencies|PREVAREQ:NoTypeProficiencies,0	BONUS:CHECKS|BASE.Will|CL/2+2	BONUS:CHECKS|BASE.Fortitude,BASE.Reflex|CL/3	BONUS:COMBAT|BAB|CL/2|TYPE=Base.REPLACE
# Class Name	Reg. Race Type
CLASS:Undead	PRERACETYPE:Undead
# Class Name	Skill Pts/Lvl	Add INT to Skill Points?
CLASS:Undead	STARTSKILLPTS:4	MODTOSKILLS:YES

# Class Name		Output Name		Hit Dice	Type			Class Type		Max Level		Source Page		Levels per Feat	Ability														Save checks bonus											Combat bonus
CLASS:Undead (Mindless)	OUTPUTNAME:Undead	HD:12		TYPE:Monster	CLASSTYPE:Monster	MAXLEVEL:NOLIMIT	SOURCEPAGE:p.290	LEVELSPERFEAT:0	ABILITY:Special Ability|AUTOMATIC|Undead Proficiencies|PREVAREQ:NoTypeProficiencies,0	BONUS:CHECKS|BASE.Will|CL/2+2	BONUS:CHECKS|BASE.Fortitude,BASE.Reflex|CL/3	BONUS:COMBAT|BAB|CL/2|TYPE=Base.REPLACE
# Class Name		Reg. Race Type
CLASS:Undead (Mindless)	PRERACETYPE:Undead
# Class Name		Skill Pts/Lvl	Add INT to Skill Points?
CLASS:Undead (Mindless)	STARTSKILLPTS:0	MODTOSKILLS:NO

# Class Name	Hit Dice	Type			Class Type		Max Level		Source Page		Levels per Feat	Save checks bonus											Combat bonus
CLASS:Vermin	HD:8		TYPE:Monster	CLASSTYPE:Monster	MAXLEVEL:NOLIMIT	SOURCEPAGE:p.290	LEVELSPERFEAT:0	BONUS:CHECKS|BASE.Fortitude|CL/2+2	BONUS:CHECKS|BASE.Will,BASE.Reflex|CL/3	BONUS:COMBAT|BAB|CL*3/4|TYPE=Base.REPLACE
# Class Name	Reg. Race Type
CLASS:Vermin	PRERACETYPE:Vermin
# Class Name	Skill Pts/Lvl	Add INT to Skill Points?
CLASS:Vermin	STARTSKILLPTS:0	MODTOSKILLS:NO

# Class Name			Output Name		Hit Dice	Type			Class Type		Max Level		Source Page		Save checks bonus											Combat bonus
CLASS:Vermin (Intelligent)	OUTPUTNAME:Vermin	HD:8		TYPE:Monster	CLASSTYPE:Monster	MAXLEVEL:NOLIMIT	SOURCEPAGE:p.290	BONUS:CHECKS|BASE.Fortitude|CL/2+2	BONUS:CHECKS|BASE.Will,BASE.Reflex|CL/3	BONUS:COMBAT|BAB|CL*3/4|TYPE=Base.REPLACE
# Class Name			Reg. Race Type
CLASS:Vermin (Intelligent)	PRERACETYPE:Vermin
# Class Name			Skill Pts/Lvl	Add INT to Skill Points?
CLASS:Vermin (Intelligent)	STARTSKILLPTS:2	MODTOSKILLS:YES

###Block:
CLASS:Sorcerer/Cleric (Dragon)	VISIBLE:NO	SPELLTYPE:Arcane	SPELLSTAT:CHA	MEMORIZE:NO	BONUS:CASTERLEVEL|Sorcerer/Cleric (Dragon)|CL	SPELLLIST:2|Sorcerer|Cleric
# Air Domain
1	SPELLLEVEL:CLASS|Sorcerer=1|Obscuring Mist|Sorcerer=2|Wind Wall|Sorcerer=3|Gaseous Form|Sorcerer=4|Air Walk|Sorcerer=5|Control Winds|Sorcerer=6|Chain Lightning|Sorcerer=7|Control Weather|Sorcerer=8|Whirlwind|Sorcerer=9|Elemental Swarm|PREVAREQ:DragonAirAllowed,1
# Evil Domain
1	SPELLLEVEL:CLASS|Sorcerer=1|Protection from Good|Sorcerer=2|Desecrate|Sorcerer=3|Magic Circle against Good|Sorcerer=4|Unholy Blight|Sorcerer=5|Dispel Good|Sorcerer=6|Create Undead|Sorcerer=7|Blasphemy|Sorcerer=8|Unholy Aura|Sorcerer=9|Summon Monster IX|PREVAREQ:DragonEvilAllowed,1
# Law Domain
1	SPELLLEVEL:CLASS|Sorcerer=1|Protection from Chaos|Sorcerer=2|Calm Emotions|Sorcerer=3|Magic Circle against Chaos|Sorcerer=4|Order's Wrath|Sorcerer=5|Dispel Chaos|Sorcerer=6|Hold Monster|Sorcerer=7|Dictum|Sorcerer=8|Shield of Law|Sorcerer=9|Summon Monster IX|PREVAREQ:DragonLawAllowed,1
# Fire Domain
1	SPELLLEVEL:CLASS|Sorcerer=1|Burning Hands|Sorcerer=2|Produce Flame|Sorcerer=3|Resist Energy|Sorcerer=4|Wall of Fire|Sorcerer=5|Fire Shield|Sorcerer=6|Fire Seeds|Sorcerer=7|Fire Storm|Sorcerer=8|Incendiary Cloud|Sorcerer=9|Elemental Swarm|PREVAREQ:DragonFireAllowed,1
# Chaos Domain
1	SPELLLEVEL:CLASS|Sorcerer=1|Protection from Law|Sorcerer=2|Shatter|Sorcerer=3|Magic Circle against Law|Sorcerer=4|Chaos Hammer|Sorcerer=5|Dispel Law|Sorcerer=6|Animate Objects|Sorcerer=7|Word of Chaos|Sorcerer=8|Cloak of Chaos|Sorcerer=9|Summon Monster IX|PREVAREQ:DragonChaosAllowed,1
# Knowledge Domain
1	SPELLLEVEL:CLASS|Sorcerer=1|Detect Secret Doors|Sorcerer=2|Detect Thoughts|Sorcerer=3|Clairaudience/Clairvoyance|Sorcerer=4|Divination|Sorcerer=5|True Seeing|Sorcerer=6|Find the Path|Sorcerer=7|Legend Lore|Sorcerer=8|Discern Location|Sorcerer=9|Foresight|PREVAREQ:DragonKnowledgeAllowed,1
# Animal Domain
1	SPELLLEVEL:CLASS|Sorcerer=1|Calm Animals|Sorcerer=2|Hold Animal|Sorcerer=3|Dominate Animal|Sorcerer=4|Summon Nature's Ally IV|Sorcerer=5|Commune with Nature|Sorcerer=6|Antilife Shell|Sorcerer=7|Animal Shapes|Sorcerer=8|Summon Nature's Ally VIII|Sorcerer=9|Shapechange|PREVAREQ:DragonAnimalAllowed,1
# Water Domain
1	SPELLLEVEL:CLASS|Sorcerer=1|Obscuring Mist|Sorcerer=2|Fog Cloud|Sorcerer=3|Water Breathing|Sorcerer=4|Control Water|Sorcerer=5|Ice Storm|Sorcerer=6|Cone of Cold|Sorcerer=7|Acid Fog|Sorcerer=8|Horrid Wilting|Sorcerer=9|Elemental Swarm|PREVAREQ:DragonWaterAllowed,1
# Earth Domain
1	SPELLLEVEL:CLASS|Sorcerer=1|Magic Stone|Sorcerer=2|Soften Earth and Stone|Sorcerer=3|Stone Shape|Sorcerer=4|Spike Stones|Sorcerer=5|Wall of Stone|Sorcerer=6|Stoneskin|Sorcerer=7|Earthquake|Sorcerer=8|Iron Body|Sorcerer=9|Elemental Swarm|PREVAREQ:DragonEarthAllowed,1
# Trickery Domain
1	SPELLLEVEL:CLASS|Sorcerer=1|Disguise Self|Sorcerer=2|Invisibility|Sorcerer=3|Nondetection|Sorcerer=4|Confusion|Sorcerer=5|False Vision|Sorcerer=6|Mislead|Sorcerer=7|Screen|Sorcerer=8|Polymorph Any Object|Sorcerer=9|Time Stop|PREVAREQ:DragonTrickeryAllowed,1
# Good Domain
1	SPELLLEVEL:CLASS|Sorcerer=1|Protection from Evil|Sorcerer=2|Aid|Sorcerer=3|Magic Circle against Evil|Sorcerer=4|Holy Smite|Sorcerer=5|Dispel Evil|Sorcerer=6|Blade Barrier|Sorcerer=7|Holy Word|Sorcerer=8|Holy Aura|Sorcerer=9|Summon Monster IX|PREVAREQ:DragonGoodAllowed,1
# Luck Domain
1	SPELLLEVEL:CLASS|Sorcerer=1|Entropic Shield|Sorcerer=2|Aid|Sorcerer=3|Protection from Energy|Sorcerer=4|Freedom of Movement|Sorcerer=5|Break Enchantment|Sorcerer=6|Mislead|Sorcerer=7|Spell Turning|Sorcerer=8|Moment of Prescience|Sorcerer=9|Miracle|PREVAREQ:DragonLuckAllowed,1
# Sun Domain
1	SPELLLEVEL:CLASS|Sorcerer=1|Endure Elements|Sorcerer=2|Heat Metal|Sorcerer=3|Searing Light|Sorcerer=4|Fire Shield|Sorcerer=5|Flame Strike|Sorcerer=6|Fire Seeds|Sorcerer=7|Sunbeam|Sorcerer=8|Sunburst|Sorcerer=9|Prismatic Sphere|PREVAREQ:DragonSunAllowed,1
###Block:
1	CAST:5,3				KNOWN:4,2
2	CAST:6,4				KNOWN:5,2
3	CAST:6,5				KNOWN:5,3
4	CAST:6,6,3				KNOWN:6,3,1
5	CAST:6,6,4				KNOWN:6,4,2
6	CAST:6,6,5,3			KNOWN:7,4,2,1
7	CAST:6,6,6,4			KNOWN:7,5,3,2
8	CAST:6,6,6,5,3			KNOWN:8,5,3,2,1
9	CAST:6,6,6,6,4			KNOWN:8,5,4,3,2
10	CAST:6,6,6,6,5,3			KNOWN:9,5,4,3,2,1
11	CAST:6,6,6,6,6,4			KNOWN:9,5,5,4,3,2
12	CAST:6,6,6,6,6,5,3		KNOWN:9,5,5,4,3,2,1
13	CAST:6,6,6,6,6,6,4		KNOWN:9,5,5,4,4,3,2
14	CAST:6,6,6,6,6,6,5,3		KNOWN:9,5,5,4,4,3,2,1
15	CAST:6,6,6,6,6,6,6,4		KNOWN:9,5,5,4,4,4,3,2
16	CAST:6,6,6,6,6,6,6,5,3		KNOWN:9,5,5,4,4,4,3,2,1
17	CAST:6,6,6,6,6,6,6,6,4		KNOWN:9,5,5,4,4,4,3,3,2
18	CAST:6,6,6,6,6,6,6,6,5,3	KNOWN:9,5,5,4,4,4,3,3,2,1
19	CAST:6,6,6,6,6,6,6,6,6,4	KNOWN:9,5,5,4,4,4,3,3,3,2
20	CAST:6,6,6,6,6,6,6,6,6,6	KNOWN:9,5,5,4,4,4,3,3,3,3

#Blue - *Can also cast cleric spells and those from the Air, Evil, and Law domains as arcane spells.
#red *Can also cast cleric spells and those from the Chaos, Evil, and Fire domains as arcane spells.
#Brass *Can also cast cleric spells and those from the Chaos and Knowledge domains as arcane spells.
#Bronze *Can also cast cleric spells and those from the Animal, Law, and Water domains as arcane spells.
#Copper *Can also cast cleric spells and those from the Chaos, Earth, and Trickery domains as arcane spells.
#Gold *Can also cast cleric spells and those from the Law, Luck, and Good domains as arcane spells.
#Silver *Can also cast cleric spells and those from the Air, Good, Law, and Sun domains as arcane spells.

###Block: For Monsters that can Cast both Sorcerer and Cleric Spells as Arcane
CLASS:Sorcerer/Cleric (Arcane)	VISIBLE:NO	SPELLTYPE:Arcane	SPELLSTAT:CHA	MEMORIZE:NO	BONUS:CASTERLEVEL|Sorcerer/Cleric (Arcane)|CL	SPELLLIST:2|Sorcerer|Cleric
# Air Domain
1	SPELLLEVEL:CLASS|Sorcerer=1|Obscuring Mist|Sorcerer=2|Wind Wall|Sorcerer=3|Gaseous Form|Sorcerer=4|Air Walk|Sorcerer=5|Control Winds|Sorcerer=6|Chain Lightning|Sorcerer=7|Control Weather|Sorcerer=8|Whirlwind|Sorcerer=9|Elemental Swarm|PREVAREQ:AirDomainAllowed,1
# Animal Domain
1	SPELLLEVEL:CLASS|Sorcerer=1|Calm Animals|Sorcerer=2|Hold Animal|Sorcerer=3|Dominate Animal|Sorcerer=4|Summon Nature's Ally IV|Sorcerer=5|Commune with Nature|Sorcerer=6|Antilife Shell|Sorcerer=7|Animal Shapes|Sorcerer=8|Summon Nature's Ally VIII|Sorcerer=9|Shapechange|PREVAREQ:AnimalDomainAllowed,1
# Chaos Domain
1	SPELLLEVEL:CLASS|Sorcerer=1|Protection from Law|Sorcerer=2|Shatter|Sorcerer=3|Magic Circle against Law|Sorcerer=4|Chaos Hammer|Sorcerer=5|Dispel Law|Sorcerer=6|Animate Objects|Sorcerer=7|Word of Chaos|Sorcerer=8|Cloak of Chaos|Sorcerer=9|Summon Monster IX|PREVAREQ:ChaosDomainAllowed,1
# Death	
1	SPELLLEVEL:CLASS|Sorcerer=1|Cause Fear|Sorcerer=2|Death Knell|Sorcerer=3|Animate Dead|Sorcerer=4|Death Ward|Sorcerer=5|Slay Living|Sorcerer=6|Create Undead|Sorcerer=7|Destruction|Sorcerer=8|Create Greater Undead|Sorcerer=9|Wail of the Banshee|PREVAREQ:DeathDomainAllowed,1
# Destruction
1	SPELLLEVEL:CLASS|Sorcerer=1|Inflict Light Wounds|Sorcerer=2|Shatter|Sorcerer=3|Contagion|Sorcerer=4|Inflict Critical Wounds|Sorcerer=5|Inflict Light Wounds (Mass)|Sorcerer=6|Harm|Sorcerer=7|Disintegrate|Sorcerer=8|Earthquake|Sorcerer=9|Implosion|PREVAREQ:DestructionDomainAllowed,1
# Earth Domain
1	SPELLLEVEL:CLASS|Sorcerer=1|Magic Stone|Sorcerer=2|Soften Earth and Stone|Sorcerer=3|Stone Shape|Sorcerer=4|Spike Stones|Sorcerer=5|Wall of Stone|Sorcerer=6|Stoneskin|Sorcerer=7|Earthquake|Sorcerer=8|Iron Body|Sorcerer=9|Elemental Swarm|PREVAREQ:EarthDomainAllowed,1
# Evil Domain
1	SPELLLEVEL:CLASS|Sorcerer=1|Protection from Good|Sorcerer=2|Desecrate|Sorcerer=3|Magic Circle against Good|Sorcerer=4|Unholy Blight|Sorcerer=5|Dispel Good|Sorcerer=6|Create Undead|Sorcerer=7|Blasphemy|Sorcerer=8|Unholy Aura|Sorcerer=9|Summon Monster IX|PREVAREQ:EvilDomainAllowed,1
# Fire Domain
1	SPELLLEVEL:CLASS|Sorcerer=1|Burning Hands|Sorcerer=2|Produce Flame|Sorcerer=3|Resist Energy|Sorcerer=4|Wall of Fire|Sorcerer=5|Fire Shield|Sorcerer=6|Fire Seeds|Sorcerer=7|Fire Storm|Sorcerer=8|Incendiary Cloud|Sorcerer=9|Elemental Swarm|PREVAREQ:FireDomainAllowed,1
# Good Domain
1	SPELLLEVEL:CLASS|Sorcerer=1|Protection from Evil|Sorcerer=2|Aid|Sorcerer=3|Magic Circle against Evil|Sorcerer=4|Holy Smite|Sorcerer=5|Dispel Evil|Sorcerer=6|Blade Barrier|Sorcerer=7|Holy Word|Sorcerer=8|Holy Aura|Sorcerer=9|Summon Monster IX|PREVAREQ:GoodDomainAllowed,1
# Healing
1	SPELLLEVEL:CLASS|Sorcerer=1|Cure Light Wounds|Sorcerer=2|Cure Moderate Wounds|Sorcerer=3|Cure Serious Wounds|Sorcerer=4|Cure Critical Wounds|Sorcerer=5|Cure Light Wounds (Mass)|Sorcerer=6|Heal|Sorcerer=7|Regenerate|Sorcerer=8|Cure Critical Wounds (Mass)|Sorcerer=9|Heal (Mass)|PREVAREQ:HealingDomainAllowed,1
# Law Domain
1	SPELLLEVEL:CLASS|Sorcerer=1|Protection from Chaos|Sorcerer=2|Calm Emotions|Sorcerer=3|Magic Circle against Chaos|Sorcerer=4|Order's Wrath|Sorcerer=5|Dispel Chaos|Sorcerer=6|Hold Monster|Sorcerer=7|Dictum|Sorcerer=8|Shield of Law|Sorcerer=9|Summon Monster IX|PREVAREQ:LawDomainAllowed,1
# Luck Domain
1	SPELLLEVEL:CLASS|Sorcerer=1|Entropic Shield|Sorcerer=2|Aid|Sorcerer=3|Protection from Energy|Sorcerer=4|Freedom of Movement|Sorcerer=5|Break Enchantment|Sorcerer=6|Mislead|Sorcerer=7|Spell Turning|Sorcerer=8|Moment of Prescience|Sorcerer=9|Miracle|PREVAREQ:LuckDomainAllowed,1
# Knowledge Domain
1	SPELLLEVEL:CLASS|Sorcerer=1|Detect Secret Doors|Sorcerer=2|Detect Thoughts|Sorcerer=3|Clairaudience/Clairvoyance|Sorcerer=4|Divination|Sorcerer=5|True Seeing|Sorcerer=6|Find the Path|Sorcerer=7|Legend Lore|Sorcerer=8|Discern Location|Sorcerer=9|Foresight|PREVAREQ:KnowledgeDomainAllowed,1
# Magic
1	SPELLLEVEL:CLASS|Sorcerer=1|Nystul's Magic Aura|Sorcerer=2|Identify|Sorcerer=3|Dispel Magic|Sorcerer=4|Imbue with Spell Ability|Sorcerer=5|Spell Resistance|Sorcerer=6|Antimagic Field|Sorcerer=7|Spell Turning|Sorcerer=8|Protection from Spells|Sorcerer=9|Mordenkainen's Disjunction|PREVAREQ:MagicDomainAllowed,1
# Plant
1	SPELLLEVEL:CLASS|Sorcerer=1|Entangle|Sorcerer=2|Barkskin|Sorcerer=3|Plant Growth|Sorcerer=4|Command Plants|Sorcerer=5|Wall of Thorns|Sorcerer=6|Repel Wood|Sorcerer=7|Animate Plants|Sorcerer=8|Control Plants|Sorcerer=9|Shambler|PREVAREQ:PlantDomainAllowed,1
# Protection
1	SPELLLEVEL:CLASS|Sorcerer=1|Sanctuary|Sorcerer=2|Shield Other|Sorcerer=3|Protection from Energy|Sorcerer=4|Spell Immunity|Sorcerer=5|Spell Resistance|Sorcerer=6|Antimagic Field|Sorcerer=7|Repulsion|Sorcerer=8|Mind Blank|Sorcerer=9|Prismatic Sphere|PREVAREQ:ProtectionDomainAllowed,1
# Strength
1	SPELLLEVEL:CLASS|Sorcerer=1|Enlarge Person|Sorcerer=2|Bull's Strength|Sorcerer=3|Magic Vestment|Sorcerer=4|Spell Immunity|Sorcerer=5|Righteous Might|Sorcerer=6|Stoneskin|Sorcerer=7|Bigby's Grasping Hand|Sorcerer=8|Bigby's Clenched Fist|Sorcerer=9|Bigby's Crushing Hand|PREVAREQ:StrengthDomainAllowed,1
# Sun Domain
1	SPELLLEVEL:CLASS|Sorcerer=1|Endure Elements|Sorcerer=2|Heat Metal|Sorcerer=3|Searing Light|Sorcerer=4|Fire Shield|Sorcerer=5|Flame Strike|Sorcerer=6|Fire Seeds|Sorcerer=7|Sunbeam|Sorcerer=8|Sunburst|Sorcerer=9|Prismatic Sphere|PREVAREQ:SunDomainAllowed,1
# Travel
1	SPELLLEVEL:CLASS|Sorcerer=1|Longstrider|Sorcerer=2|Locate Object|Sorcerer=3|Fly|Sorcerer=4|Dimension Door|Sorcerer=5|Teleport|Sorcerer=6|Find the Path|Sorcerer=7|Teleport (Greater)|Sorcerer=8|Phase Door|Sorcerer=9|Astral Projection|PREVAREQ:TravelDomainAllowed,1
# Trickery Domain
1	SPELLLEVEL:CLASS|Sorcerer=1|Disguise Self|Sorcerer=2|Invisibility|Sorcerer=3|Nondetection|Sorcerer=4|Confusion|Sorcerer=5|False Vision|Sorcerer=6|Mislead|Sorcerer=7|Screen|Sorcerer=8|Polymorph Any Object|Sorcerer=9|Time Stop|PREVAREQ:TrickeryDomainAllowed,1
# War
1	SPELLLEVEL:CLASS|Sorcerer=1|Magic Weapon|Sorcerer=2|Spiritual Weapon|Sorcerer=3|Magic Vestment|Sorcerer=4|Divine Power|Sorcerer=5|Flame Strike|Sorcerer=6|Blade Barrier|Sorcerer=7|Power Word Blind|Sorcerer=8|Power Word Stun|Sorcerer=9|Power Word Kill|PREVAREQ:WarDomainAllowed,1
# Water Domain
1	SPELLLEVEL:CLASS|Sorcerer=1|Obscuring Mist|Sorcerer=2|Fog Cloud|Sorcerer=3|Water Breathing|Sorcerer=4|Control Water|Sorcerer=5|Ice Storm|Sorcerer=6|Cone of Cold|Sorcerer=7|Acid Fog|Sorcerer=8|Horrid Wilting|Sorcerer=9|Elemental Swarm|PREVAREQ:WaterDomainAllowed,1
###Block:
1	CAST:5,3				KNOWN:4,2
2	CAST:6,4				KNOWN:5,2
3	CAST:6,5				KNOWN:5,3
4	CAST:6,6,3				KNOWN:6,3,1
5	CAST:6,6,4				KNOWN:6,4,2
6	CAST:6,6,5,3			KNOWN:7,4,2,1
7	CAST:6,6,6,4			KNOWN:7,5,3,2
8	CAST:6,6,6,5,3			KNOWN:8,5,3,2,1
9	CAST:6,6,6,6,4			KNOWN:8,5,4,3,2
10	CAST:6,6,6,6,5,3			KNOWN:9,5,4,3,2,1
11	CAST:6,6,6,6,6,4			KNOWN:9,5,5,4,3,2
12	CAST:6,6,6,6,6,5,3		KNOWN:9,5,5,4,3,2,1
13	CAST:6,6,6,6,6,6,4		KNOWN:9,5,5,4,4,3,2
14	CAST:6,6,6,6,6,6,5,3		KNOWN:9,5,5,4,4,3,2,1
15	CAST:6,6,6,6,6,6,6,4		KNOWN:9,5,5,4,4,4,3,2
16	CAST:6,6,6,6,6,6,6,5,3		KNOWN:9,5,5,4,4,4,3,2,1
17	CAST:6,6,6,6,6,6,6,6,4		KNOWN:9,5,5,4,4,4,3,3,2
18	CAST:6,6,6,6,6,6,6,6,5,3	KNOWN:9,5,5,4,4,4,3,3,2,1
19	CAST:6,6,6,6,6,6,6,6,6,4	KNOWN:9,5,5,4,4,4,3,3,3,2
20	CAST:6,6,6,6,6,6,6,6,6,6	KNOWN:9,5,5,4,4,4,3,3,3,3

CLASS:Cleric.MOD
# Air Domain
1	SPELLLEVEL:CLASS|Cleric=1|Obscuring Mist|Cleric=2|Wind Wall|Cleric=3|Gaseous Form|Cleric=4|Air Walk|Cleric=5|Control Winds|Cleric=6|Chain Lightning|Cleric=7|Control Weather|Cleric=8|Whirlwind|Cleric=9|Elemental Swarm|PREVAREQ:AirDomainAllowed,1
# Animal Domain
1	SPELLLEVEL:CLASS|Cleric=1|Calm Animals|Cleric=2|Hold Animal|Cleric=3|Dominate Animal|Cleric=4|Summon Nature's Ally IV|Cleric=5|Commune with Nature|Cleric=6|Antilife Shell|Cleric=7|Animal Shapes|Cleric=8|Summon Nature's Ally VIII|Cleric=9|Shapechange|PREVAREQ:AnimalDomainAllowed,1
# Chaos Domain
1	SPELLLEVEL:CLASS|Cleric=1|Protection from Law|Cleric=2|Shatter|Cleric=3|Magic Circle against Law|Cleric=4|Chaos Hammer|Cleric=5|Dispel Law|Cleric=6|Animate Objects|Cleric=7|Word of Chaos|Cleric=8|Cloak of Chaos|Cleric=9|Summon Monster IX|PREVAREQ:ChaosDomainAllowed,1
# Death	
1	SPELLLEVEL:CLASS|Cleric=1|Cause Fear|Cleric=2|Death Knell|Cleric=3|Animate Dead|Cleric=4|Death Ward|Cleric=5|Slay Living|Cleric=6|Create Undead|Cleric=7|Destruction|Cleric=8|Create Greater Undead|Cleric=9|Wail of the Banshee|PREVAREQ:DeathDomainAllowed,1
# Destruction
1	SPELLLEVEL:CLASS|Cleric=1|Inflict Light Wounds|Cleric=2|Shatter|Cleric=3|Contagion|Cleric=4|Inflict Critical Wounds|Cleric=5|Inflict Light Wounds (Mass)|Cleric=6|Harm|Cleric=7|Disintegrate|Cleric=8|Earthquake|Cleric=9|Implosion|PREVAREQ:DestructionDomainAllowed,1
# Earth Domain
1	SPELLLEVEL:CLASS|Cleric=1|Magic Stone|Cleric=2|Soften Earth and Stone|Cleric=3|Stone Shape|Cleric=4|Spike Stones|Cleric=5|Wall of Stone|Cleric=6|Stoneskin|Cleric=7|Earthquake|Cleric=8|Iron Body|Cleric=9|Elemental Swarm|PREVAREQ:EarthDomainAllowed,1
# Evil Domain
1	SPELLLEVEL:CLASS|Cleric=1|Protection from Good|Cleric=2|Desecrate|Cleric=3|Magic Circle against Good|Cleric=4|Unholy Blight|Cleric=5|Dispel Good|Cleric=6|Create Undead|Cleric=7|Blasphemy|Cleric=8|Unholy Aura|Cleric=9|Summon Monster IX|PREVAREQ:EvilDomainAllowed,1
# Fire Domain
1	SPELLLEVEL:CLASS|Cleric=1|Burning Hands|Cleric=2|Produce Flame|Cleric=3|Resist Energy|Cleric=4|Wall of Fire|Cleric=5|Fire Shield|Cleric=6|Fire Seeds|Cleric=7|Fire Storm|Cleric=8|Incendiary Cloud|Cleric=9|Elemental Swarm|PREVAREQ:FireDomainAllowed,1
# Good Domain
1	SPELLLEVEL:CLASS|Cleric=1|Protection from Evil|Cleric=2|Aid|Cleric=3|Magic Circle against Evil|Cleric=4|Holy Smite|Cleric=5|Dispel Evil|Cleric=6|Blade Barrier|Cleric=7|Holy Word|Cleric=8|Holy Aura|Cleric=9|Summon Monster IX|PREVAREQ:GoodDomainAllowed,1
# Healing
1	SPELLLEVEL:CLASS|Cleric=1|Cure Light Wounds|Cleric=2|Cure Moderate Wounds|Cleric=3|Cure Serious Wounds|Cleric=4|Cure Critical Wounds|Cleric=5|Cure Light Wounds (Mass)|Cleric=6|Heal|Cleric=7|Regenerate|Cleric=8|Cure Critical Wounds (Mass)|Cleric=9|Heal (Mass)|PREVAREQ:HealingDomainAllowed,1
# Law Domain
1	SPELLLEVEL:CLASS|Cleric=1|Protection from Chaos|Cleric=2|Calm Emotions|Cleric=3|Magic Circle against Chaos|Cleric=4|Order's Wrath|Cleric=5|Dispel Chaos|Cleric=6|Hold Monster|Cleric=7|Dictum|Cleric=8|Shield of Law|Cleric=9|Summon Monster IX|PREVAREQ:LawDomainAllowed,1
# Luck Domain
1	SPELLLEVEL:CLASS|Cleric=1|Entropic Shield|Cleric=2|Aid|Cleric=3|Protection from Energy|Cleric=4|Freedom of Movement|Cleric=5|Break Enchantment|Cleric=6|Mislead|Cleric=7|Spell Turning|Cleric=8|Moment of Prescience|Cleric=9|Miracle|PREVAREQ:LuckDomainAllowed,1
# Knowledge Domain
1	SPELLLEVEL:CLASS|Cleric=1|Detect Secret Doors|Cleric=2|Detect Thoughts|Cleric=3|Clairaudience/Clairvoyance|Cleric=4|Divination|Cleric=5|True Seeing|Cleric=6|Find the Path|Cleric=7|Legend Lore|Cleric=8|Discern Location|Cleric=9|Foresight|PREVAREQ:KnowledgeDomainAllowed,1
# Magic
1	SPELLLEVEL:CLASS|Cleric=1|Nystul's Magic Aura|Cleric=2|Identify|Cleric=3|Dispel Magic|Cleric=4|Imbue with Spell Ability|Cleric=5|Spell Resistance|Cleric=6|Antimagic Field|Cleric=7|Spell Turning|Cleric=8|Protection from Spells|Cleric=9|Mordenkainen's Disjunction|PREVAREQ:MagicDomainAllowed,1
# Plant
1	SPELLLEVEL:CLASS|Cleric=1|Entangle|Cleric=2|Barkskin|Cleric=3|Plant Growth|Cleric=4|Command Plants|Cleric=5|Wall of Thorns|Cleric=6|Repel Wood|Cleric=7|Animate Plants|Cleric=8|Control Plants|Cleric=9|Shambler|PREVAREQ:PlantDomainAllowed,1
# Protection
1	SPELLLEVEL:CLASS|Cleric=1|Sanctuary|Cleric=2|Shield Other|Cleric=3|Protection from Energy|Cleric=4|Spell Immunity|Cleric=5|Spell Resistance|Cleric=6|Antimagic Field|Cleric=7|Repulsion|Cleric=8|Mind Blank|Cleric=9|Prismatic Sphere|PREVAREQ:ProtectionDomainAllowed,1
# Strength
1	SPELLLEVEL:CLASS|Cleric=1|Enlarge Person|Cleric=2|Bull's Strength|Cleric=3|Magic Vestment|Cleric=4|Spell Immunity|Cleric=5|Righteous Might|Cleric=6|Stoneskin|Cleric=7|Bigby's Grasping Hand|Cleric=8|Bigby's Clenched Fist|Cleric=9|Bigby's Crushing Hand|PREVAREQ:StrengthDomainAllowed,1
# Sun Domain
1	SPELLLEVEL:CLASS|Cleric=1|Endure Elements|Cleric=2|Heat Metal|Cleric=3|Searing Light|Cleric=4|Fire Shield|Cleric=5|Flame Strike|Cleric=6|Fire Seeds|Cleric=7|Sunbeam|Cleric=8|Sunburst|Cleric=9|Prismatic Sphere|PREVAREQ:SunDomainAllowed,1
# Travel
1	SPELLLEVEL:CLASS|Cleric=1|Longstrider|Cleric=2|Locate Object|Cleric=3|Fly|Cleric=4|Dimension Door|Cleric=5|Teleport|Cleric=6|Find the Path|Cleric=7|Teleport (Greater)|Cleric=8|Phase Door|Cleric=9|Astral Projection|PREVAREQ:TravelDomainAllowed,1
# Trickery Domain
1	SPELLLEVEL:CLASS|Cleric=1|Disguise Self|Cleric=2|Invisibility|Cleric=3|Nondetection|Cleric=4|Confusion|Cleric=5|False Vision|Cleric=6|Mislead|Cleric=7|Screen|Cleric=8|Polymorph Any Object|Cleric=9|Time Stop|PREVAREQ:TrickeryDomainAllowed,1
# War
1	SPELLLEVEL:CLASS|Cleric=1|Magic Weapon|Cleric=2|Spiritual Weapon|Cleric=3|Magic Vestment|Cleric=4|Divine Power|Cleric=5|Flame Strike|Cleric=6|Blade Barrier|Cleric=7|Power Word Blind|Cleric=8|Power Word Stun|Cleric=9|Power Word Kill|PREVAREQ:WarDomainAllowed,1
# Water Domain
1	SPELLLEVEL:CLASS|Cleric=1|Obscuring Mist|Cleric=2|Fog Cloud|Cleric=3|Water Breathing|Cleric=4|Control Water|Cleric=5|Ice Storm|Cleric=6|Cone of Cold|Cleric=7|Acid Fog|Cleric=8|Horrid Wilting|Cleric=9|Elemental Swarm|PREVAREQ:WaterDomainAllowed,1





###Block: Specific Monster Classes - Leaving for Savage Specieis Progressions
# Class Name	Hit Dice	Type			Class Type		Max Level	Source Page					Save checks bonus								Combat bonus
CLASS:Planetar	HD:8		TYPE:Monster	CLASSTYPE:Monster	MAXLEVEL:42	SOURCEPAGE:p.	BONUS:CHECKS|BASE.Fortitude,BASE.Reflex,BASE.Will|CL/2+2	BONUS:COMBAT|BAB|C
# Class Name	Required Race			Reg. Race Type
CLASS:Planetar	PRERACE:1,Angel (Planetar)	PRERACETYPE:Outsider
# Class Name	Skill Pts/Lvl	Add INT to Skill Points?
CLASS:Planetar	STARTSKILLPTS:8	MODTOSKILLS:YES
1	BONUS:PCLEVEL|Cleric|1					ADD:SPELLCASTER|Cleric
2	BONUS:PCLEVEL|Cleric|1
3	BONUS:PCLEVEL|Cleric|1
4	BONUS:PCLEVEL|Cleric|1
5	BONUS:PCLEVEL|Cleric|1
6	BONUS:PCLEVEL|Cleric|1
7	BONUS:PCLEVEL|Cleric|1	BONUS:PCLEVEL|Cleric|1
8	BONUS:PCLEVEL|Cleric|1
9	BONUS:PCLEVEL|Cleric|1
10	BONUS:PCLEVEL|Cleric|1
11	BONUS:PCLEVEL|Cleric|1
12	BONUS:PCLEVEL|Cleric|1
13	BONUS:PCLEVEL|Cleric|1
14	BONUS:PCLEVEL|Cleric|1	BONUS:PCLEVEL|Cleric|1

# Class Name	Hit Dice	Type			Class Type		Max Level	Source Page					Save checks bonus								Combat bonus
CLASS:Solar		HD:8		TYPE:Monster	CLASSTYPE:Monster	MAXLEVEL:66	SOURCEPAGE:p.	BONUS:CHECKS|BASE.Fortitude,BASE.Reflex,BASE.Will|CL/2+2	BONUS:COMBAT|BAB|CL
# Class Name	Required Race		Reg. Race Type
CLASS:Solar		PRERACE:1,Angel (Solar)	PRERACETYPE:Outsider
# Class Name	Skill Pts/Lvl	Add INT to Skill Points?
CLASS:Solar		STARTSKILLPTS:8	MODTOSKILLS:YES
1					ADD:SPELLCASTER|Cleric
2	BONUS:PCLEVEL|Cleric|1
3	BONUS:PCLEVEL|Cleric|1
4	BONUS:PCLEVEL|Cleric|1
5	BONUS:PCLEVEL|Cleric|1
6	BONUS:PCLEVEL|Cleric|1
7	BONUS:PCLEVEL|Cleric|1
9	BONUS:PCLEVEL|Cleric|1
10	BONUS:PCLEVEL|Cleric|1
11	BONUS:PCLEVEL|Cleric|1
12	BONUS:PCLEVEL|Cleric|1
13	BONUS:PCLEVEL|Cleric|1
14	BONUS:PCLEVEL|Cleric|1
16	BONUS:PCLEVEL|Cleric|1
17	BONUS:PCLEVEL|Cleric|1
18	BONUS:PCLEVEL|Cleric|1
19	BONUS:PCLEVEL|Cleric|1
20	BONUS:PCLEVEL|Cleric|1
21	BONUS:PCLEVEL|Cleric|1
22	BONUS:PCLEVEL|Cleric|1

# Class Name		Hit Dice	Type			Class Type		Max Level	Source Page					Save checks bonus								Combat bonus
CLASS:Trumpet Archon	HD:8		TYPE:Monster	CLASSTYPE:Monster	MAXLEVEL:36	SOURCEPAGE:p.	BONUS:CHECKS|BASE.Fortitude,BASE.Reflex,BASE.Will|CL/2+2	BONUS:COMBAT|BAB|CL
# Class Name		Required Race			Reg. Race Type
CLASS:Trumpet Archon	PRERACE:1,Archon (Trumpet)	PRERACETYPE:Outsider
# Class Name		Skill Pts/Lvl	Add INT to Skill Points?
CLASS:Trumpet Archon	STARTSKILLPTS:8	MODTOSKILLS:YES
1	BONUS:PCLEVEL|Cleric|1					ADD:SPELLCASTER|Cleric
2	BONUS:PCLEVEL|Cleric|1
3	BONUS:PCLEVEL|Cleric|1
4	BONUS:PCLEVEL|Cleric|1
5	BONUS:PCLEVEL|Cleric|1
6	BONUS:PCLEVEL|Cleric|1
7	BONUS:PCLEVEL|Cleric|1
8	BONUS:PCLEVEL|Cleric|1
9	BONUS:PCLEVEL|Cleric|1
10	BONUS:PCLEVEL|Cleric|1
11	BONUS:PCLEVEL|Cleric|1
12	BONUS:PCLEVEL|Cleric|1	BONUS:PCLEVEL|Cleric|1

# Class Name	Hit Dice	Type			Class Type		Max Level	Source Page					Save checks bonus											Combat bonus
CLASS:Aranea	HD:10		TYPE:Monster	CLASSTYPE:Monster	MAXLEVEL:3	SOURCEPAGE:p.	BONUS:CHECKS|BASE.Fortitude,BASE.Reflex|CL/2+2	BONUS:CHECKS|BASE.Will|CL/3	BONUS:COMBAT|BAB|CL
# Class Name	Required Race	Reg. Race Type
CLASS:Aranea	PRERACE:1,Aranea	PRERACETYPE:Magical Beast
# Class Name	Skill Pts/Lvl	Add INT to Skill Points?
CLASS:Aranea	STARTSKILLPTS:2	MODTOSKILLS:YES
1						ADD:SPELLCASTER|Sorcerer
2	BONUS:PCLEVEL|Sorcerer|1
3	BONUS:PCLEVEL|Sorcerer|1

# Class Name	Hit Dice	Type			Class Type		Max Level	Source Page				Save checks bonus								Combat bonus
CLASS:Couatl	HD:8		TYPE:Monster	CLASSTYPE:Monster	MAXLEVEL:27	SOURCEPAGE:MonstersB-C.rtf	BONUS:CHECKS|BASE.Fortitude,BASE.Reflex,BASE.Will|CL/2+2	BONUS:COMBAT|BAB|CL
# Class Name	Required Race	Reg. Race Type
CLASS:Couatl	PRERACE:1,Couatl	PRERACETYPE:Outsider
# Class Name	Skill Pts/Lvl	Add INT to Skill Points?
CLASS:Couatl	STARTSKILLPTS:8	MODTOSKILLS:YES
1						ADD:SPELLCASTER|Sorcerer
2	BONUS:PCLEVEL|Sorcerer|1
3	BONUS:PCLEVEL|Sorcerer|1
4	BONUS:PCLEVEL|Sorcerer|1
5	BONUS:PCLEVEL|Sorcerer|1
6	BONUS:PCLEVEL|Sorcerer|1
7	BONUS:PCLEVEL|Sorcerer|1
8	BONUS:PCLEVEL|Sorcerer|1
9	BONUS:PCLEVEL|Sorcerer|1

# Class Name		Output Name		Hit Dice	Type			Class Type		Max Level	Source Page				Save checks bonus											Combat bonus
CLASS:Drider Cleric	OUTPUTNAME:Drider	HD:8		TYPE:Monster	CLASSTYPE:Monster	MAXLEVEL:6	SOURCEPAGE:p.	BONUS:CHECKS|BASE.Will|CL/2+2	BONUS:CHECKS|BASE.Fortitude,BASE.Reflex|CL/3	BONUS:COMBAT|BAB|CL*3/4
# Class Name		Required Race			Reg. Race Type
CLASS:Drider Cleric	PRERACE:1,Drider (Cleric)	PRERACETYPE:Aberration
# Class Name		Skill Pts/Lvl	Add INT to Skill Points?
CLASS:Drider Cleric	STARTSKILLPTS:2	MODTOSKILLS:YES
###Block: Spontaneous casting
1	ABILITY:Special Ability|VIRTUAL|Spontaneous casting - Cure spells|PREABILITY:1,CATEGORY=Special Ability,Turn Undead
1	ABILITY:Special Ability|VIRTUAL|Spontaneous casting - Inflict spells|PREABILITY:1,CATEGORY=Special Ability,Rebuke Undead
###Block: progression
1	BONUS:ABILITYPOOL|Turn Undead|1|TYPE=ClassAbility					BONUS:VAR|TurnCheckBase|CHA|TYPE=Base	BONUS:VAR|TurnLevelBase,TurnDamagePlusBase|CL|TYPE=Level.REPLACE	BONUS:VAR|TurnTimesBase|3+CHA|TYPE=Base	DEFINE:AllowExtraTurning|1	ADD:SPELLCASTER|Cleric	ABILITY:Special Ability|AUTOMATIC|Basic Turning
2										BONUS:PCLEVEL|Cleric|1
3										BONUS:PCLEVEL|Cleric|1
4										BONUS:PCLEVEL|Cleric|1
5										BONUS:PCLEVEL|Cleric|1
6										BONUS:PCLEVEL|Cleric|1

# Class Name		Output Name		Hit Dice	Type			Class Type		Max Level	Source Page				Save checks bonus											Combat bonus
CLASS:Drider Sorcerer	OUTPUTNAME:Drider	HD:8		TYPE:Monster	CLASSTYPE:Monster	MAXLEVEL:6	SOURCEPAGE:p.	BONUS:CHECKS|BASE.Will|CL/2+2	BONUS:CHECKS|BASE.Fortitude,BASE.Reflex|CL/3	BONUS:COMBAT|BAB|CL*3/4
# Class Name		Required Race			Reg. Race Type
CLASS:Drider Sorcerer	PRERACE:1,Drider (Sorcerer)	PRERACETYPE:Aberration
# Class Name		Skill Pts/Lvl	Add INT to Skill Points?
CLASS:Drider Sorcerer	STARTSKILLPTS:2	MODTOSKILLS:YES
1						ADD:SPELLCASTER|Sorcerer
2	BONUS:PCLEVEL|Sorcerer|1
3	BONUS:PCLEVEL|Sorcerer|1
4	BONUS:PCLEVEL|Sorcerer|1
5	BONUS:PCLEVEL|Sorcerer|1
6	BONUS:PCLEVEL|Sorcerer|1

# Class Name		Output Name		Hit Dice	Type			Class Type		Max Level	Source Page				Save checks bonus											Combat bonus
CLASS:Drider Wizard	OUTPUTNAME:Drider	HD:8		TYPE:Monster	CLASSTYPE:Monster	MAXLEVEL:6	SOURCEPAGE:p.	BONUS:CHECKS|BASE.Will|CL/2+2	BONUS:CHECKS|BASE.Fortitude,BASE.Reflex|CL/3	BONUS:COMBAT|BAB|CL*3/4
# Class Name		Required Race			Reg. Race Type
CLASS:Drider Wizard	PRERACE:1,Drider (Wizard)	PRERACETYPE:Aberration
# Class Name		Skill Pts/Lvl	Add INT to Skill Points?
CLASS:Drider Wizard	STARTSKILLPTS:2	MODTOSKILLS:YES
1					ADD:SPELLCASTER|Wizard
2	BONUS:PCLEVEL|Wizard|1
3	BONUS:PCLEVEL|Wizard|1
4	BONUS:PCLEVEL|Wizard|1
5	BONUS:PCLEVEL|Wizard|1
6	BONUS:PCLEVEL|Wizard|1

# Class Name		Hit Dice	Type			Class Type		Max Level	Source Page				Save checks bonus								Combat bonus
CLASS:Formian Queen	HD:8		TYPE:Monster	CLASSTYPE:Monster	MAXLEVEL:40	SOURCEPAGE:MonstersE-F.rtf	BONUS:CHECKS|BASE.Fortitude,BASE.Reflex,BASE.Will|CL/2+2	BONUS:COMBAT|BAB|CL
# Class Name		Required Race			Reg. Race Type
CLASS:Formian Queen	PRERACE:1,Formian (Queen)	PRERACETYPE:Outsider
# Class Name		Skill Pts/Lvl	Add INT to Skill Points?
CLASS:Formian Queen	STARTSKILLPTS:8	MODTOSKILLS:YES
1						ADD:SPELLCASTER|Sorcerer
2	BONUS:PCLEVEL|Sorcerer|1
3	BONUS:PCLEVEL|Sorcerer|1
4	BONUS:PCLEVEL|Sorcerer|1
5	BONUS:PCLEVEL|Sorcerer|1
7	BONUS:PCLEVEL|Sorcerer|1
8	BONUS:PCLEVEL|Sorcerer|1
9	BONUS:PCLEVEL|Sorcerer|1
10	BONUS:PCLEVEL|Sorcerer|1
11	BONUS:PCLEVEL|Sorcerer|1
13	BONUS:PCLEVEL|Sorcerer|1
14	BONUS:PCLEVEL|Sorcerer|1
15	BONUS:PCLEVEL|Sorcerer|1
16	BONUS:PCLEVEL|Sorcerer|1
17	BONUS:PCLEVEL|Sorcerer|1
19	BONUS:PCLEVEL|Sorcerer|1
20	BONUS:PCLEVEL|Sorcerer|1

# Class Name	Hit Dice	Type			Class Type		Max Level	Source Page				Save checks bonus								Combat bonus
CLASS:Ghaele	HD:8		TYPE:Monster	CLASSTYPE:Monster	MAXLEVEL:30	SOURCEPAGE:MonstersG.rtf	BONUS:CHECKS|BASE.Fortitude,BASE.Reflex,BASE.Will|CL/2+2	BONUS:COMBAT|BAB|CL
# Class Name	Required Race	Reg. Race Type
CLASS:Ghaele	PRERACE:1,Ghaele	PRERACETYPE:Outsider
# Class Name	Skill Pts/Lvl	Add INT to Skill Points?
CLASS:Ghaele	STARTSKILLPTS:8	MODTOSKILLS:YES
###Block: Spell list adjustment
1	SPELLLEVEL:CLASS|Cleric=1|Obscuring Mist|Cleric=2|Wind Wall|Cleric=3|Gaseous Form|Cleric=4|Air Walk|Cleric=5|Control Winds|Cleric=6|Chain Lightning|Cleric=7|Control Weather|Cleric=8|Whirlwind|Cleric=9|Elemental Swarm
1	SPELLLEVEL:CLASS|Cleric=1|Calm Animals|Cleric=2|Hold Animal|Cleric=3|Dominate Animal|Cleric=4|Summon Nature's Ally IV|Cleric=5|Commune with Nature|Cleric=6|Antilife Shell|Cleric=7|Animal Shapes|Cleric=8|Summon Nature's Ally VIII|Cleric=9|Shapechange
###Block: Spellcasting progression
1	BONUS:PCLEVEL|Cleric|1					ADD:SPELLCASTER|Cleric
2	BONUS:PCLEVEL|Cleric|1
3	BONUS:PCLEVEL|Cleric|1
4	BONUS:PCLEVEL|Cleric|1	BONUS:PCLEVEL|Cleric|1
5	BONUS:PCLEVEL|Cleric|1
6	BONUS:PCLEVEL|Cleric|1
7	BONUS:PCLEVEL|Cleric|1	BONUS:PCLEVEL|Cleric|1
8	BONUS:PCLEVEL|Cleric|1
9	BONUS:PCLEVEL|Cleric|1
10	BONUS:PCLEVEL|Cleric|1	BONUS:PCLEVEL|Cleric|1

# Class Name	Hit Dice	Type			Class Type		Max Level	Source Page				Save checks bonus											Combat bonus
CLASS:Lammasu	HD:10		TYPE:Monster	CLASSTYPE:Monster	MAXLEVEL:21	SOURCEPAGE:MonstersK-L.rtf	BONUS:CHECKS|BASE.Fortitude,BASE.Reflex|CL/2+2	BONUS:CHECKS|BASE.Will|CL/3	BONUS:COMBAT|BAB|CL
# Class Name	Required Race	Reg. Race Type
CLASS:Lammasu	PRERACE:1,Lammasu	PRERACETYPE:Magical Beast
# Class Name	Skill Pts/Lvl	Add INT to Skill Points?
CLASS:Lammasu	STARTSKILLPTS:2	MODTOSKILLS:YES
1					ADD:SPELLCASTER|Cleric
2	BONUS:PCLEVEL|Cleric|1
3	BONUS:PCLEVEL|Cleric|1
4	BONUS:PCLEVEL|Cleric|1
5	BONUS:PCLEVEL|Cleric|1
6	BONUS:PCLEVEL|Cleric|1
7	BONUS:PCLEVEL|Cleric|1

# Class Name	Hit Dice	Type			Class Type		Max Level	Source Page				Save checks bonus								Combat bonus
CLASS:Lillend	HD:8		TYPE:Monster	CLASSTYPE:Monster	MAXLEVEL:21	SOURCEPAGE:MonstersK-L.rtf	BONUS:CHECKS|BASE.Fortitude,BASE.Reflex,BASE.Will|CL/2+2	BONUS:COMBAT|BAB|CL
# Class Name	Required Race	Reg. Race Type
CLASS:Lillend	PRERACE:1,Lillend	PRERACETYPE:Outsider
# Class Name	Skill Pts/Lvl	Add INT to Skill Points?
CLASS:Lillend	STARTSKILLPTS:8	MODTOSKILLS:YES
1					ADD:SPELLCASTER|Bard
3	BONUS:PCLEVEL|Bard|1
4	BONUS:PCLEVEL|Bard|1
5	BONUS:PCLEVEL|Bard|1
6	BONUS:PCLEVEL|Bard|1
7	BONUS:PCLEVEL|Bard|1

# Class Name	Hit Dice	Type			Class Type		Max Level	Source Page				Save checks bonus											Combat bonus
CLASS:Dark Naga	HD:8		TYPE:Monster	CLASSTYPE:Monster	MAXLEVEL:27	SOURCEPAGE:MonstersM-N.rtf	BONUS:CHECKS|BASE.Will|CL/2+2	BONUS:CHECKS|BASE.Fortitude,BASE.Reflex|CL/3	BONUS:COMBAT|BAB|CL*3/4
# Class Name	Required Race		Reg. Race Type
CLASS:Dark Naga	PRERACE:1,Naga (Dark)	PRERACETYPE:Aberration
# Class Name	Skill Pts/Lvl	Add INT to Skill Points?
CLASS:Dark Naga	STARTSKILLPTS:2	MODTOSKILLS:YES
1						ADD:SPELLCASTER|Sorcerer
3	BONUS:PCLEVEL|Sorcerer|1
4	BONUS:PCLEVEL|Sorcerer|1
5	BONUS:PCLEVEL|Sorcerer|1
7	BONUS:PCLEVEL|Sorcerer|1
8	BONUS:PCLEVEL|Sorcerer|1
9	BONUS:PCLEVEL|Sorcerer|1

# Class Name		Hit Dice	Type			Class Type		Max Level	Source Page				Save checks bonus											Combat bonus
CLASS:Guardian Naga	HD:8		TYPE:Monster	CLASSTYPE:Monster	MAXLEVEL:33	SOURCEPAGE:MonstersM-N.rtf	BONUS:CHECKS|BASE.Will|CL/2+2	BONUS:CHECKS|BASE.Fortitude,BASE.Reflex|CL/3	BONUS:COMBAT|BAB|CL*3/4
# Class Name		Required Race			Reg. Race Type
CLASS:Guardian Naga	PRERACE:1,Naga (Guardian)	PRERACETYPE:Aberration
# Class Name		Skill Pts/Lvl	Add INT to Skill Points?
CLASS:Guardian Naga	STARTSKILLPTS:2	MODTOSKILLS:YES
1						ADD:SPELLCASTER|Sorcerer	SPELLLIST:3|Cleric|DOMAIN.Good|DOMAIN.Law
2	BONUS:PCLEVEL|Sorcerer|1
3	BONUS:PCLEVEL|Sorcerer|1
5	BONUS:PCLEVEL|Sorcerer|1
6	BONUS:PCLEVEL|Sorcerer|1
7	BONUS:PCLEVEL|Sorcerer|1
9	BONUS:PCLEVEL|Sorcerer|1
10	BONUS:PCLEVEL|Sorcerer|1
11	BONUS:PCLEVEL|Sorcerer|1

# Class Name	Hit Dice	Type			Class Type		Max Level	Source Page				Save checks bonus											Combat bonus
CLASS:Spirit Naga	HD:8		TYPE:Monster	CLASSTYPE:Monster	MAXLEVEL:27	SOURCEPAGE:MonstersM-N.rtf	BONUS:CHECKS|BASE.Will|CL/2+2	BONUS:CHECKS|BASE.Fortitude,BASE.Reflex|CL/3	BONUS:COMBAT|BAB|CL*3/4
# Class Name	Required Race		Reg. Race Type
CLASS:Spirit Naga	PRERACE:1,Naga (Spirit)	PRERACETYPE:Aberration
# Class Name	Skill Pts/Lvl	Add INT to Skill Points?
CLASS:Spirit Naga	STARTSKILLPTS:2	MODTOSKILLS:YES
1						ADD:SPELLCASTER|Sorcerer
3	BONUS:PCLEVEL|Sorcerer|1
4	BONUS:PCLEVEL|Sorcerer|1
5	BONUS:PCLEVEL|Sorcerer|1
7	BONUS:PCLEVEL|Sorcerer|1
8	BONUS:PCLEVEL|Sorcerer|1
9	BONUS:PCLEVEL|Sorcerer|1

# Class Name	Hit Dice	Type			Class Type		Max Level	Source Page				Save checks bonus											Combat bonus
CLASS:Water Naga	HD:8		TYPE:Monster	CLASSTYPE:Monster	MAXLEVEL:21	SOURCEPAGE:MonstersM-N.rtf	BONUS:CHECKS|BASE.Will|CL/2+2	BONUS:CHECKS|BASE.Fortitude,BASE.Reflex|CL/3	BONUS:COMBAT|BAB|CL*3/4
# Class Name	Required Race		Reg. Race Type
CLASS:Water Naga	PRERACE:1,Naga (Water)	PRERACETYPE:Aberration
# Class Name	Skill Pts/Lvl	Add INT to Skill Points?
CLASS:Water Naga	STARTSKILLPTS:2	MODTOSKILLS:YES
1						ADD:SPELLCASTER|Sorcerer
2	BONUS:PCLEVEL|Sorcerer|1
3	BONUS:PCLEVEL|Sorcerer|1
4	BONUS:PCLEVEL|Sorcerer|1
5	BONUS:PCLEVEL|Sorcerer|1
6	BONUS:PCLEVEL|Sorcerer|1
7	BONUS:PCLEVEL|Sorcerer|1

# Class Name	Hit Dice	Type			Class Type		Max Level	Source Page				Save checks bonus											Combat bonus
CLASS:Nymph		HD:6		TYPE:Monster	CLASSTYPE:Monster	MAXLEVEL:12	SOURCEPAGE:MonstersM-N.rtf	BONUS:CHECKS|BASE.Will,BASE.Reflex|CL/2+2	BONUS:CHECKS|BASE.Fortitude|CL/3	BONUS:COMBAT|BAB|CL/2
# Class Name	Required Race	Reg. Race Type
CLASS:Nymph		PRERACE:1,Nymph	PRERACETYPE:Fey
# Class Name	Skill Pts/Lvl	Add INT to Skill Points?
CLASS:Nymph		STARTSKILLPTS:6	MODTOSKILLS:YES
1	BONUS:PCLEVEL|Druid|1	ADD:SPELLCASTER|Druid
2	BONUS:PCLEVEL|Druid|1
3	BONUS:PCLEVEL|Druid|1
4	BONUS:PCLEVEL|Druid|1
5	BONUS:PCLEVEL|Druid|1
6	BONUS:PCLEVEL|Druid|1

# Class Name	Hit Dice	Type			Class Type		Max Level	Source Page				Save checks bonus								Combat bonus
CLASS:Rakshasa	HD:8		TYPE:Monster	CLASSTYPE:Monster	MAXLEVEL:7	SOURCEPAGE:MonstersO-R.rtf	BONUS:CHECKS|BASE.Fortitude,BASE.Reflex,BASE.Will|CL/2+2	BONUS:COMBAT|BAB|CL
# Class Name	Required Race		Reg. Race Type
CLASS:Rakshasa	PRERACE:1,Rakshasa	PRERACETYPE:Outsider
# Class Name	Skill Pts/Lvl	Add INT to Skill Points?
CLASS:Rakshasa	STARTSKILLPTS:8	MODTOSKILLS:YES
1						ADD:SPELLCASTER|Sorcerer
2	BONUS:PCLEVEL|Sorcerer|1
3	BONUS:PCLEVEL|Sorcerer|1
4	BONUS:PCLEVEL|Sorcerer|1
5	BONUS:PCLEVEL|Sorcerer|1
6	BONUS:PCLEVEL|Sorcerer|1
7	BONUS:PCLEVEL|Sorcerer|1

# Class Name	Hit Dice	Type			Class Type		Max Level	Source Page				Save checks bonus											Combat bonus
CLASS:Androsphinx	HD:10		TYPE:Monster	CLASSTYPE:Monster	MAXLEVEL:36	SOURCEPAGE:MonstersS.rtf	BONUS:CHECKS|BASE.Fortitude,BASE.Reflex|CL/2+2	BONUS:CHECKS|BASE.Will|CL/3	BONUS:COMBAT|BAB|CL
# Class Name	Required Race				Reg. Race Type
CLASS:Androsphinx	PRERACE:1,Sphinx (Androsphinx)	PRERACETYPE:Magical Beast
# Class Name	Skill Pts/Lvl	Add INT to Skill Points?
CLASS:Androsphinx	STARTSKILLPTS:2	MODTOSKILLS:YES
1					ADD:SPELLCASTER|Cleric
2	BONUS:PCLEVEL|Cleric|1
4	BONUS:PCLEVEL|Cleric|1
6	BONUS:PCLEVEL|Cleric|1
8	BONUS:PCLEVEL|Cleric|1
10	BONUS:PCLEVEL|Cleric|1
12	BONUS:PCLEVEL|Cleric|1

###Block: Lycanthropes

# Class Name			Output Name		Hit Dice	Type			Class Type		Source Page
CLASS:Lycanthrope (Generic)	OUTPUTNAME:Animal	HD:8		TYPE:Lycanthrope	CLASSTYPE:Monster	SOURCEPAGE:MonstersK-L.rtf
# Class Name			Required Lvl	Required Template
CLASS:Lycanthrope (Generic)	PRELEVEL:MIN=1	PRETEMPLATE:1,Lycanthrope
# Class Name			Skill Pts/Lvl	Add INT to Skill Points?
CLASS:Lycanthrope (Generic)	STARTSKILLPTS:2	MODTOSKILLS:YES

# Class Name			Output Name		Hit Dice	Type			Class Type		Max Level	Source Page
CLASS:Lycanthrope (Werebear)	OUTPUTNAME:Animal	HD:8		TYPE:Lycanthrope	CLASSTYPE:Monster	MAXLEVEL:6	SOURCEPAGE:MonstersK-L.rtf
# Class Name			Required Lvl	Required Template
CLASS:Lycanthrope (Werebear)	PRELEVEL:MIN=1	PRETEMPLATE:1,Lycanthrope
# Class Name			Skill Pts/Lvl	Add INT to Skill Points?	Class Skill
CLASS:Lycanthrope (Werebear)	STARTSKILLPTS:2	MODTOSKILLS:YES			CSKILL:Listen|Spot|Swim

# Class Name			Output Name		Hit Dice	Type			Class Type		Max Level	Source Page
CLASS:Lycanthrope (Wereboar)	OUTPUTNAME:Animal	HD:8		TYPE:Lycanthrope	CLASSTYPE:Monster	MAXLEVEL:3	SOURCEPAGE:MonstersK-L.rtf
# Class Name			Required Lvl	Required Template
CLASS:Lycanthrope (Wereboar)	PRELEVEL:MIN=1	PRETEMPLATE:1,Lycanthrope
# Class Name			Skill Pts/Lvl	Add INT to Skill Points?	Class Skill
CLASS:Lycanthrope (Wereboar)	STARTSKILLPTS:2	MODTOSKILLS:YES			CSKILL:Listen|Spot

# Class Name			Output Name		Hit Dice	Type			Class Type		Max Level	Source Page
CLASS:Lycanthrope (Wererat)	OUTPUTNAME:Animal	HD:8		TYPE:Lycanthrope	CLASSTYPE:Monster	MAXLEVEL:1	SOURCEPAGE:MonstersK-L.rtf
# Class Name			Required Lvl	Required Template
CLASS:Lycanthrope (Wererat)	PRELEVEL:MIN=1	PRETEMPLATE:1,Lycanthrope
# Class Name			Skill Pts/Lvl	Add INT to Skill Points?	Class Skill
CLASS:Lycanthrope (Wererat)	STARTSKILLPTS:2	MODTOSKILLS:YES			CSKILL:Balance|Climb|Hide|Move Silently|Swim

# Class Name			Output Name		Hit Dice	Type			Class Type		Max Level	Source Page
CLASS:Lycanthrope (Weretiger)	OUTPUTNAME:Animal	HD:8		TYPE:Lycanthrope	CLASSTYPE:Monster	MAXLEVEL:6	SOURCEPAGE:MonstersK-L.rtf
# Class Name			Required Lvl	Required Template
CLASS:Lycanthrope (Weretiger)	PRELEVEL:MIN=1	PRETEMPLATE:1,Lycanthrope
# Class Name			Skill Pts/Lvl	Add INT to Skill Points?	Class Skill
CLASS:Lycanthrope (Weretiger)	STARTSKILLPTS:2	MODTOSKILLS:YES			CSKILL:Balance|Hide|Listen|Move Silently|Spot|Swim

# Class Name			Output Name		Hit Dice	Type			Class Type		Max Level	Source Page
CLASS:Lycanthrope (Werewolf)	OUTPUTNAME:Animal	HD:8		TYPE:Lycanthrope	CLASSTYPE:Monster	MAXLEVEL:2	SOURCEPAGE:MonstersK-L.rtf
# Class Name			Required Lvl	Required Template
CLASS:Lycanthrope (Werewolf)	PRELEVEL:MIN=1	PRETEMPLATE:1,Lycanthrope
# Class Name			Skill Pts/Lvl	Add INT to Skill Points?	Class Skill
CLASS:Lycanthrope (Werewolf)	STARTSKILLPTS:2	MODTOSKILLS:YES			CSKILL:Hide|Listen|Move Silently|Spot|Survival

# Class Name				Output Name		Hit Dice	Type			Class Type		Max Level	Source Page
CLASS:Lycanthrope (Dire Wereboar)	OUTPUTNAME:Animal	HD:8		TYPE:Lycanthrope	CLASSTYPE:Monster	MAXLEVEL:12	SOURCEPAGE:MonstersK-L.rtf
# Class Name				Required Lvl	Required Template
CLASS:Lycanthrope (Dire Wereboar)	PRELEVEL:MIN=1	PRETEMPLATE:1,Lycanthrope
# Class Name				Skill Pts/Lvl	Add INT to Skill Points?	Class Skill
CLASS:Lycanthrope (Dire Wereboar)	STARTSKILLPTS:2	MODTOSKILLS:YES			CSKILL:Listen|Spot


