# CVS $Revision: $ $Author: $ -- Wed Mar 20 16:10:53 2013 -- reformated by prettylst.pl v1.39 (build 15052)
SOURCELONG:Player's Handbook II	SOURCESHORT:phb2	SOURCEDATE:2006-05

#Beguiler
# Class Name	Hit Dice	Type			Save checks bonus											Combat bonus
CLASS:Beguiler	HD:6		TYPE:Base.PC	BONUS:CHECKS|BASE.Will|CL/2+2	BONUS:CHECKS|BASE.Reflex,BASE.Fortitude|CL/3	BONUS:COMBAT|BAB|CL*1/2
# Class Name	Skill Pts/Lvl	Class Skill
CLASS:Beguiler	STARTSKILLPTS:6	CSKILL:Appraise|Balance|Bluff|Climb|Concentration|Decipher Script|Diplomacy|Disable Device|Disguise|Escape Artist|Forgery|Gather Information|Hide|Jump|Knowledge (Arcana)|Knowledge (Local)|Listen|Move Silently|Open Lock|TYPE=Profession|Search|Sense Motive|Sleight of Hand|Speak Language|Spellcraft|Spot|Swim|Tumble|Use Magic Device
# Class Name	Spell Stat		Spell Type		Memorize	Automatically Known Spell Levels							Caster level			Use Spell List
CLASS:Beguiler	SPELLSTAT:INT	SPELLTYPE:Arcane	MEMORIZE:NO	KNOWNSPELLS:LEVEL=0|LEVEL=1|LEVEL=2|LEVEL=3|LEVEL=4|LEVEL=5|LEVEL=6	BONUS:CASTERLEVEL|Beguiler|CL	SPELLLIST:1|Beguiler
#Block: Proficiencies
1																AUTO:FEAT|Simple Weapon Proficiency
1																AUTO:FEAT|Armor Proficiency (Light)
1	ABILITY:Special Ability|AUTOMATIC|Armored Mage ~ Beguiler|Weapon Proficiencies ~ Beguiler|Trapfinding ~ Beguiler
###Block: Level
2													BONUS:VAR|CloakedCastingProgression|1	BONUS:VAR|SurpriseCastingProgression|1	ABILITY:Special Ability|AUTOMATIC|Cloaked Casting ~ Beguiler|Surprise Casting ~ Beguiler
3						BONUS:ABILITYPOOL|Advanced Learning|1
5																																							AUTO:FEAT|Silent Spell
6													BONUS:VAR|SurpriseCastingProgression|1
7						BONUS:ABILITYPOOL|Advanced Learning|1
8													BONUS:VAR|CloakedCastingProgression|1
10																																							AUTO:FEAT|Still Spell
11						BONUS:ABILITYPOOL|Advanced Learning|1
14													BONUS:VAR|CloakedCastingProgression|1
15						BONUS:ABILITYPOOL|Advanced Learning|1
19						BONUS:ABILITYPOOL|Advanced Learning|1
20													BONUS:VAR|CloakedCastingProgression|1
#Block: Spellcasting Section
1	CAST:5,3
2	CAST:6,4
3	CAST:6,5
4	CAST:6,6,3
5	CAST:6,6,4
6	CAST:6,6,5,3
7	CAST:6,6,6,4
8	CAST:6,6,6,5,3
9	CAST:6,6,6,6,4
10	CAST:6,6,6,6,5,3
11	CAST:6,6,6,6,6,4
12	CAST:6,6,6,6,6,5,3
13	CAST:6,6,6,6,6,6,4
14	CAST:6,6,6,6,6,6,5,3
15	CAST:6,6,6,6,6,6,6,4
16	CAST:6,6,6,6,6,6,6,5,3
17	CAST:6,6,6,6,6,6,6,6,4
18	CAST:6,6,6,6,6,6,6,6,5,3
19	CAST:6,6,6,6,6,6,6,6,6,4
20	CAST:6,6,6,6,6,6,6,6,6,5
###EOF

#Dragon Shaman

#DUSKBLADE

# Class Name	Hit Dice	Type			Abbreviation	Source Page		Save checks bonus											Combat bonus					Modify VAR
CLASS:Duskblade	HD:8		TYPE:Base.PC	ABB:DB		SOURCEPAGE:p.	BONUS:CHECKS|BASE.Will,BASE.Fortitude|CL/2+2	BONUS:CHECKS|BASE.Reflex|CL/3	BONUS:COMBAT|BAB|CL3/4|TYPE=Base.REPLACE	BONUS:VAR|FamiliarLVL|CL
# Class Name	Skill Pts/Lvl	Class Skill
CLASS:Duskblade	STARTSKILLPTS:2	CSKILL:Concentration|TYPE=Craft|Decipher Script|TYPE=Knowledge|TYPE=Profession|Spellcraft
# Class Name	Spell Stat		Spell Type		Spellbook		Caster level
CLASS:Duskblade	SPELLSTAT:INT	SPELLTYPE:Arcane	SPELLBOOK:YES	BONUS:CASTERLEVEL|Duskblade|CL
###Block: 
1	ABILITY:Special Ability|AUTOMATIC|Arcane Attunement ~ Duskblade|Armored Mage ~ Duskblade
2	ABILITY:Special Ability|AUTOMATIC|Combat Casting ~ Duskblade
3	ABILITY:Special Ability|AUTOMATIC|Arcane Channeling ~ Duskblade
5	ABILITY:Special Ability|AUTOMATIC|Quick Cast ~ Duskblade
###Block:
1	BONUS:VAR|ArmoredMageLv|1
4	BONUS:VAR|ArmoredMageLv|1
5	BONUS:VAR|DuskBladeQuickCast|1
6	BONUS:VAR|DuskBladeSpellPowerBonus|2
7	BONUS:VAR|ArmoredMageLv|1
10	BONUS:VAR|DuskBladeQuickCast|1
11	BONUS:VAR|DuskBladeSpellPowerBonus|1
13	BONUS:VAR|ArcaneChannelingLv|1
15	BONUS:VAR|DuskBladeQuickCast|1
16	BONUS:VAR|DuskBladeSpellPowerBonus|1
18	BONUS:VAR|DuskBladeSpellPowerBonus|1
20	BONUS:VAR|DuskBladeQuickCast|1
###Block:
1	CAST:3,2
2	CAST:4,3
3	CAST:5,4
4	CAST:6,5
5	CAST:6,5,2
6	CAST:6,6,3
7	CAST:6,6,5
8	CAST:6,7,6
9	CAST:6,7,6,2
10	CAST:6,8,7,3
11	CAST:6,8,7,5
12	CAST:6,8,8,6
13	CAST:6,9,8,6,2
14	CAST:6,9,8,7,3
15	CAST:6,9,8,7,5
16	CAST:6,9,9,8,6
17	CAST:6,10,9,8,6,2
18	CAST:6,10,9,8,7,3
19	CAST:6,10,10,9,7,5
20	CAST:6,10,10,10,8,6


#KNIGHT

# Class Name	Hit Dice	Type			Abbreviation	Source Page		Automatically Gained Language	Save checks bonus											Combat bonus
CLASS:Knight	HD:12		TYPE:Base.PC	ABB:Kni		SOURCEPAGE:PHB II			BONUS:CHECKS|BASE.Will|CL/2+2	BONUS:CHECKS|BASE.Fortitude,BASE.Reflex|CL/3	BONUS:COMBAT|BAB|CL|TYPE=Base.REPLACE
# Class Name	Skill Pts/Lvl	Class Skill
CLASS:Knight	STARTSKILLPTS:2	CSKILL:Climb|Handle Animal|Intimidate|Jump|Knowledge (Nobility and Royalty)|Ride|Swim

# TODO: Get Knight Profs set up to new standard
###Block:
1	ABILITY:Special Ability|AUTOMATIC|All Automatic Proficiencies|All Martial Weapon Proficiencies
1	AUTO:FEAT|Simple Weapon Proficiency
1	AUTO:FEAT|Armor Proficiency (Heavy)|Armor Proficiency (Light)|Armor Proficiency (Medium)
1	AUTO:FEAT|Shield Proficiency
###Block:
1	ABILITY:Special Ability|AUTOMATIC|Fighting Challenge ~ Knight|Knight's Challenge ~ Knight|Knight's Code ~ Knight
2	ABILITY:Special Ability|AUTOMATIC|Shield Block ~ Knight										VFEAT:Mounted Combat
3	ABILITY:Special Ability|AUTOMATIC|Bulwark of Defense ~ Knight
4	ABILITY:Special Ability|AUTOMATIC|Armor Mastery ~ Knight|Test of Mettle ~ Knight
5	ABILITY:Special Ability|AUTOMATIC|Vigilant Defender ~ Knight
6	ABILITY:Special Ability|AUTOMATIC|Shield Ally ~ Knight
8	ABILITY:Special Ability|AUTOMATIC|Call to Battle ~ Knight
12	ABILITY:Special Ability|AUTOMATIC|Daunting Challenge ~ Knight
14	ABILITY:Special Ability|AUTOMATIC|Improved Shield Ally ~ Knight
16	ABILITY:Special Ability|AUTOMATIC|Bond of Loyalty ~ Knight
17	ABILITY:Special Ability|AUTOMATIC|Impetuos Endurance ~ Knight
20	ABILITY:Special Ability|AUTOMATIC|Loyal Beyond Death ~ Knight
###Block:
4	BONUS:MOVEADD|TYPE.Walk|10|PREARMORTYPE:1,TYPE.Medium
9	BONUS:MOVEADD|TYPE.Walk|10|PREARMORTYPE:1,TYPE.Heavy,TYPE.Exotic
###Block:
5	BONUS:ABILITYPOOL|Knight's Feat|1
10	BONUS:ABILITYPOOL|Knight's Feat|1
15	BONUS:ABILITYPOOL|Knight's Feat|1
###Block:
1	BONUS:VAR|FightingChallengeLvl|1
2	BONUS:VAR|ShieldBlockLvl|1
4	BONUS:VAR|ArmorMasteryLvl|1
7	BONUS:VAR|FightingChallengeLvl|1
9	BONUS:VAR|ArmorMasteryLvl|1
11	BONUS:VAR|ShieldBlockLvl|1
13	BONUS:VAR|FightingChallengeLvl|1
19	BONUS:VAR|FightingChallengeLvl|1
20	BONUS:VAR|ShieldBlockLvl|1
