# CVS $Revision: $ $Author: $ -- Sun Dec  8 22:17:49 2013 -- reformated by prettylst.pl v1.50 (build 22352)


SOURCELONG:Player's Handbook II	SOURCESHORT:PHBII

# Feat Name				Type				Restricted Ability						Req. Att.	Required Class				Required Feat												Multiple Requirements																			Required Skill				Required Stat	Required Text																						Description																												Stackable?	Multiple?	Choose		Bonus to Ability Pool				Combat bonus	Source Page		Description of the Benefits
Acrobatic Strike			TYPE:General																																																							PRESKILL:1,Tumble=12
Arcane Flourish			TYPE:General													PRECLASS:1,TYPE.Arcane=1																																						PRESKILL:1,TYPE.Perform=4
Arcane Accompaniment		TYPE:General													PRECLASS:1,TYPE.Arcane=1		PREFEAT:1,Arcane Flourish																																PRESKILL:1,TYPE.Perform=4
Arcane Thesis			TYPE:General													PRECLASS:1,TYPE.Arcane=1																																						PRESKILL:1,Knowledge (Arcana)=9
Arcane Toughness			TYPE:General													PRECLASS:1,TYPE.Arcane=3		PREFEAT:1,Toughness
Arcane Consumption		TYPE:General													PRECLASS:1,TYPE.Arcane=6		PREFEAT:2,Toughness,Arcane Toughness
Armor Specialization		TYPE:General											PREATT:12
Battle Dancer			TYPE:General											PREATT:2																																																				PRETEXT:Bardic Music Class Ability
Bonded Familiar			TYPE:General																																																																PRETEXT:Familiar
Bounding Assault			TYPE:General											PREATT:12							PREFEAT:3,Dodge,Mobility,Spring Attack																																				PRESTAT:1,DEX=13
Rapid Blitz				TYPE:General											PREATT:18							PREFEAT:1,Bounding Assault																																						PRESTAT:1,DEX=13
Brutal Strike			TYPE:General											PREATT:6							PREFEAT:1,Power Attack																																							PRESTAT:1,STR=13
Combat Acrobat			TYPE:General																																																							PRESKILL:2,Balance=9,Tumble=9
Combat Familiar			TYPE:General													PRECLASS:1,TYPE.Arcane=1																																															PRETEXT:Familiar
Lurking Familiar			TYPE:General
Combat Tactician			TYPE:General
Cometary Collision		TYPE:General
Companion Spellbond		TYPE:General
Crossbow Sniper			TYPE:General
Cunning Evasion			TYPE:General
Dampen Spell			TYPE:General
Deadeye Shot			TYPE:General.Fighter										PREATT:4																					PREMULT:2,[PREFEAT:2,Point Blank Shot,Precise Shot],[PREABILITY:1,CATEGORY=Special Ability,Sneak Attack,Skirmish]																																					DESC:If you ready a ranged attack to occur when an ally strikes a particular target, and your ally succeeds, that target loses his Dexterity bonus to AC against your attack.
Defensive Sweep			TYPE:General
Elven Spell Lore			TYPE:General
Fade into Violence		TYPE:General
Fiery Fist				TYPE:General
Fiery Ki Defense			TYPE:General
Ki Blast				TYPE:General
Flay					TYPE:General
Grenadier				TYPE:General
Hindering Opportunist		TYPE:General
Stalwart defense			TYPE:General
Indomitable Strike		TYPE:General
Keen-Eared Scout			TYPE:General
Leap of the Heavens		TYPE:General
Lunging Strike			TYPE:General
Mad Foam Rager			TYPE:General
Master Manipulator		TYPE:General
Melee Evasion			TYPE:General

Melee Weapon Mastery		TYPE:Fighter.General	!PREABILITY:3,CATEGORY=FEAT,Melee Weapon Mastery	PREATT:8							PREFEAT:2,Weapon Focus,Weapon Specialization																																						PRETEXT:Proficiency with selected weapon, Weapon Focus with selected weapon, Weapon Specialization with selected weapon, base attack bonus +8.	DESC:You have mastered a wide range of weapons. Your training with one specific weapon now extends to other weapons of a similar sort.							STACK:YES	MULT:YES	CHOOSE:NOCHOICE	BONUS:ABILITYPOOL|Melee Weapon Mastery|1							BENEFIT:When you select this feat, choose bludgeoning, piercing, or slashing. You must have Weapon Focus and Weapon Specialization with a melee weapon that deals this type of damage. When using any melee weapon that has thedamage type you selected, you gain a +2 bonus on attack rollsand a +2 bonus on damage rolls.&nl;Special: You can select this feat more than once. Each time, you can select a new damage type. A fighter can choose Melee Weapon Mastery as one of his fighter bonus feats.

Crushing Strike			TYPE:General
Driving Attack			TYPE:General
Slashing Flurry			TYPE:General
Weapon Supremacy			TYPE:General													PRECLASS:1,Fighter=18			PREFEAT:3,Melee Weapon Mastery,Greater Weapon Focus,Greater Weapon Specialization																																																																																																			BONUS:COMBAT|AC|1
Overwhelming Assault		TYPE:General
Penetrating Shot			TYPE:General
Ranged Weapon Mastery		TYPE:Fighter.General	!PREABILITY:3,CATEGORY=FEAT,Ranged Weapon Mastery	PREATT:8							PREFEAT:2,Weapon Focus,Weapon Specialization																																						PRETEXT:Must have Weapon Focus and Weapon Specialization in the TYPE of weapon damage.										DESC:+2 to hit and damage with damage type selected																					STACK:YES	MULT:YES	CHOOSE:NOCHOICE	BONUS:ABILITYPOOL|Ranged Weapon Mastery|1
#
Robilar's Gambit			TYPE:General
Shield Specialization		TYPE:General
Active Shield Defense		TYPE:General
Agile Shield Fighter		TYPE:General
Shield Sling			TYPE:General
Shield Ward				TYPE:General
Short Haft				TYPE:General
Spectral Skirmisher		TYPE:General
Spell-Linked Familiar		TYPE:General
Steadfast Determination		TYPE:General
Telling Blow			TYPE:General
Trophy Collector			TYPE:General
Tumbling Feint			TYPE:General
Two-Weapon Pounce			TYPE:General
Two-Weapon Rend			TYPE:General
Vactic Gaze				TYPE:General													PRECLASS:1,SPELLCASTER.Arcane=9																																																																						DESC:Detect Magic at will. Sense Motive DC 5 + target's caster level [Swift action] to determine highest level of spells opponent is capable of casting.																					SOURCEPAGE:p.85
Versatile Unarmed Strike	TYPE:General
Vexing Flanker			TYPE:General
Adaptable Flanker			TYPE:General
Wanderer's Diplomacy		TYPE:General
Water Splitting Stone		TYPE:General
Weapon Supremacy			TYPE:General.Fighter																																PREMULT:1,[PREFEAT:2,Greater Weapon Focus,Greater Weapon Specialization],[PREFEAT:1,Melee Weapon Mastery,Ranged Weapon Mastery]
### Comparing my homebrew to storage versions - below is homebrew used.
Acrobatic Strike			TYPE:General																																																							PRESKILL:1,Tumble=12
Arcane Flourish			TYPE:General													PRECLASS:1,TYPE.Arcane=1																																						PRESKILL:1,TYPE.Perform=4
Arcane Accompaniment		TYPE:General													PRECLASS:1,TYPE.Arcane=1		PREFEAT:1,Arcane Flourish																																PRESKILL:1,TYPE.Perform=4
Arcane Thesis			TYPE:General													PRECLASS:1,TYPE.Arcane=1																																						PRESKILL:1,Knowledge (Arcana)=9
Arcane Toughness			TYPE:General													PRECLASS:1,TYPE.Arcane=3		PREFEAT:1,Toughness
Arcane Consumption		TYPE:General													PRECLASS:1,TYPE.Arcane=6		PREFEAT:2,Toughness,Arcane Toughness
Armor Specialization		TYPE:General											PREATT:12
Battle Dancer			TYPE:General											PREATT:2																																																				PRETEXT:Bardic Music Class Ability
Bonded Familiar			TYPE:General																																																																PRETEXT:Familiar
Bounding Assault			TYPE:General											PREATT:12							PREFEAT:3,Dodge,Mobility,Spring Attack																																				PRESTAT:1,DEX=13
Rapid Blitz				TYPE:General											PREATT:18							PREFEAT:1,Bounding Assault																																						PRESTAT:1,DEX=13
Brutal Strike			TYPE:General											PREATT:6							PREFEAT:1,Power Attack																																							PRESTAT:1,STR=13
Combat Acrobat			TYPE:General																																																							PRESKILL:2,Balance=9,Tumble=9
Combat Familiar			TYPE:General													PRECLASS:1,TYPE.Arcane=1																																															PRETEXT:Familiar

Deadeye Shot			TYPE:General.Fighter										PREATT:4																					PREMULT:2,[PREFEAT:2,Point Blank Shot,Precise Shot],[PREFEAT:1,Sneak Attack,Skirmish]																																									DESC:If you ready a ranged attack to occur when an ally strikes a particular target, and your ally succeeds, that target loses his Dexterity bonus to AC against your attack.
Vactic Gaze				TYPE:General													PRECLASS:1,SPELLCASTER.Arcane=9																																																																						DESC:Detect Magic at will. Sense Motive DC 5 + target's caster level [Swift action] to determine highest level of spells opponent is capable of casting.																					SOURCEPAGE:p.85


### Ceremony FEATS:
Ritual Blessing			TYPE:Ceremony
Ritual Blood Bonds		TYPE:Ceremony

### Combat Form Feats:
Combat Focus			TYPE:Combat Form																																																													PRESTAT:1,WIS=13																									DESC:Gain +2 to Will saves while in your combat trance; Combat trance begins after first successful attack and lasts 10 rounds +1 per additional combat form feat.																			SOURCEPAGE:p.87
Combat Stability			TYPE:Combat Form
Combat Defense			TYPE:Combat Form
Combat Vigor			TYPE:Combat Form
Combat Awareness			TYPE:Combat Form
Combat Strike			TYPE:Combat Form

### Divine Feats:
Divine Armor			TYPE:Divine
Divine Fortune			TYPE:Divine
Divine Justice			TYPE:Divine
Divine Ward				TYPE:Divine
Profance Aura			TYPE:Divine
Sacred Healing			TYPE:Divine
Sacred Purification		TYPE:Divine
Sacred Radiance			TYPE:Divine

### Heritage Feats:
Celestial Sorcerer Heritage	TYPE:Heritage
Celestial Sorcerer Aura		TYPE:Heritage
Celestial Sorcerer Lance	TYPE:Heritage
Celestial Sorcerer Wings	TYPE:Heritage
Celestial Sorcerer Lore		TYPE:Heritage
Infernal Sorcerer Heritage	TYPE:Heritage
Infernal Sorcerer Eyes		TYPE:Heritage
Infernal Sorcerer Howl		TYPE:Heritage
Infernal Sorcerer Resistance	TYPE:Heritage

### Metamagic Feats:
Blistering Spell			TYPE:Metamagic
Earthbound Spell			TYPE:Metamagic
Flash Frost Spell			TYPE:Metamagic
Smiting Spell			TYPE:Metamagic											PREATT:1																																																																												DESC:Imbue touch spell into a weapon or ammunition																																						SOURCEPAGE:p.92

### Tactical Feats:
Blood-Spiked Charger		TYPE:Tactical											PREATT:6							PREFEAT:3,Weapon Focus (Armor Spikes),Weapon Focus (Shield Spikes),Power Attack																													PRESTAT:1,STR=13																									DESC:Gain armor and shield spike manuevers.																																							SOURCEPAGE:p.92
Combat Cloak Expert		TYPE:Tactical
Combat Panache			TYPE:Tactical
Einhander				TYPE:Tactical
Mad Alchemist			TYPE:Tactical
Shadow Striker			TYPE:Tactical

#
