
CLASS:Bard.MOD
SUBCLASS:Bard (CBoEM)	COST:0	WEAPONBONUS:Longbow|Longsword|Rapier|Sap|Shortbow|Sword (Short)|Whip	PREALIGN:NG,TN,NE,CG,CN,CE	PROHIBITCOST:0	SPELLLIST:1|Bard (CBoEM)	CSKILL:Appraise|Balance|Bluff|Climb|Concentration|TYPE=Craft|Decipher Script|Diplomacy|Disguise|Escape Artist|Gather Information|Hide|Jump|TYPE=Knowledge|Listen|Move Silently|TYPE=Perform|TYPE=Profession|Sense Motive|Sleight of Hand|Speak Language|Spellcraft|Survival|Swim|Tumble|Use Magic Device
###Block
SUBCLASSLEVEL:1	
SUBCLASSLEVEL:1	CAST:0,3		KNOWN:0,2
SUBCLASSLEVEL:2	CAST:0,4		KNOWN:0,2
SUBCLASSLEVEL:3	CAST:0,5		KNOWN:0,3
SUBCLASSLEVEL:4	CAST:0,6		KNOWN:0,3
SUBCLASSLEVEL:5	CAST:0,7		KNOWN:0,4
SUBCLASSLEVEL:6	CAST:0,8,0,0	KNOWN:0,4,0,1
SUBCLASSLEVEL:7	CAST:0,8,0,1	KNOWN:0,5,0,2
SUBCLASSLEVEL:8	CAST:0,8,0,2	KNOWN:0,5,0,2
SUBCLASSLEVEL:9	CAST:0,9,0,3	KNOWN:0,6,0,3
SUBCLASSLEVEL:10	CAST:0,9,0,4	KNOWN:0,6,0,3
SUBCLASSLEVEL:11	CAST:0,9,0,5	KNOWN:0,7,0,4
SUBCLASSLEVEL:12	CAST:0,10,0,6	KNOWN:0,7,0,4
SUBCLASSLEVEL:13	CAST:0,10,0,7,0,0	KNOWN:0,8,0,5,0,1
SUBCLASSLEVEL:14	CAST:0,10,0,7,0,1	KNOWN:0,8,0,5,0,2
SUBCLASSLEVEL:15	CAST:0,11,0,7,0,2	KNOWN:0,9,0,6,0,2
SUBCLASSLEVEL:16	CAST:0,11,0,8,0,3	KNOWN:0,9,0,6,0,3
SUBCLASSLEVEL:17	CAST:0,11,0,8,0,4	KNOWN:0,10,0,7,0,3
SUBCLASSLEVEL:18	CAST:0,12,0,8,0,5	KNOWN:0,10,0,7,0,4
SUBCLASSLEVEL:19	CAST:0,12,0,9,0,6	KNOWN:0,11,0,8,0,4
SUBCLASSLEVEL:20	CAST:0,12,0,9,0,7	KNOWN:0,11,0,8,0,5
###Block
SUBCLASSLEVEL:1	ABILITY:Special Ability|AUTOMATIC|Bard (CBoEM) ~ Weapon and Armor Proficiency		
SUBCLASSLEVEL:1	ABILITY:Special Ability|AUTOMATIC|Bard (CBoEM) ~ Spellsongs					
SUBCLASSLEVEL:1	ABILITY:Special Ability|AUTOMATIC|Bard (CBoEM) ~ Bardic Knowledge				
SUBCLASSLEVEL:17	ABILITY:Special Ability|AUTOMATIC|Bard (CBoEM) ~ Improved Evasion				
SUBCLASSLEVEL:20	ABILITY:Special Ability|AUTOMATIC|Bard (CBoEM) ~ Weave Melodies				



