
CLASS:Bard.MOD
SUBCLASS:Bard (CBoEM)	COST:0	WEAPONBONUS:Longbow|Longsword|Rapier|Sap|Shortbow|Sword (Short)|Whip	PREALIGN:NG,TN,NE,CG,CN,CE	PROHIBITCOST:0	SPELLLIST:1|Bard (CBoEM)	CSKILL:Appraise|Balance|Bluff|Climb|Concentration|TYPE=Craft|Decipher Script|Diplomacy|Disguise|Escape Artist|Gather Information|Hide|Jump|TYPE=Knowledge|Listen|Move Silently|TYPE=Perform|TYPE=Profession|Sense Motive|Sleight of Hand|Speak Language|Spellcraft|Survival|Swim|Tumble|Use Magic Device	SPELLSTAT:OTHER	SOURCESHORT:CboEM	SOURCEPAGE:5
###Block
SUBCLASSLEVEL:1		BONUS:SPELLCAST|CLASS=Bard;LEVEL=1|1|PRESTAT:1,CHA=12
SUBCLASSLEVEL:1		BONUS:SPELLCAST|CLASS=Bard;LEVEL=1|1|PRESTAT:1,CHA=14
SUBCLASSLEVEL:1		BONUS:SPELLCAST|CLASS=Bard;LEVEL=1|1|PRESTAT:1,CHA=16
SUBCLASSLEVEL:1		BONUS:SPELLCAST|CLASS=Bard;LEVEL=1|1|PRESTAT:1,CHA=18
SUBCLASSLEVEL:1		BONUS:SPELLCAST|CLASS=Bard;LEVEL=1|1|PRESTAT:1,CHA=20
SUBCLASSLEVEL:1		BONUS:SPELLCAST|CLASS=Bard;LEVEL=1|1|PRESTAT:1,CHA=22
SUBCLASSLEVEL:1		BONUS:SPELLCAST|CLASS=Bard;LEVEL=1|1|PRESTAT:1,CHA=24
SUBCLASSLEVEL:1		BONUS:SPELLCAST|CLASS=Bard;LEVEL=1|1|PRESTAT:1,CHA=26
# ... and continues indefinitely - as does the bonus for 3rd level spellsongs from 6th level below, and 5th level spellsongs from level 13
SUBCLASSLEVEL:6		BONUS:SPELLCAST|CLASS=Bard;LEVEL=3|1|PRESTAT:1,CHA=16
SUBCLASSLEVEL:6		BONUS:SPELLCAST|CLASS=Bard;LEVEL=3|1|PRESTAT:1,CHA=18
SUBCLASSLEVEL:6		BONUS:SPELLCAST|CLASS=Bard;LEVEL=3|1|PRESTAT:1,CHA=20
SUBCLASSLEVEL:6		BONUS:SPELLCAST|CLASS=Bard;LEVEL=3|1|PRESTAT:1,CHA=22
SUBCLASSLEVEL:6		BONUS:SPELLCAST|CLASS=Bard;LEVEL=3|1|PRESTAT:1,CHA=24
SUBCLASSLEVEL:6		BONUS:SPELLCAST|CLASS=Bard;LEVEL=3|1|PRESTAT:1,CHA=26
SUBCLASSLEVEL:13	BONUS:SPELLCAST|CLASS=Bard;LEVEL=5|1|PRESTAT:1,CHA=20
SUBCLASSLEVEL:13	BONUS:SPELLCAST|CLASS=Bard;LEVEL=5|1|PRESTAT:1,CHA=22
SUBCLASSLEVEL:13	BONUS:SPELLCAST|CLASS=Bard;LEVEL=5|1|PRESTAT:1,CHA=24
SUBCLASSLEVEL:13	BONUS:SPELLCAST|CLASS=Bard;LEVEL=5|1|PRESTAT:1,CHA=26
#
SUBCLASSLEVEL:1	DEFINE:Spellsong|0	BONUS:VAR|Spellsong|1|PRESTAT:1,CHA=11
SUBCLASSLEVEL:1	CAST:0,3		KNOWN:0,2
SUBCLASSLEVEL:2	CAST:0,4		KNOWN:0,2
SUBCLASSLEVEL:3	CAST:0,5		KNOWN:0,3
SUBCLASSLEVEL:4	CAST:0,6		KNOWN:0,3
SUBCLASSLEVEL:5	CAST:0,7		KNOWN:0,4
SUBCLASSLEVEL:6	CAST:0,8,0,0	KNOWN:0,4,0,1	BONUS:VAR|Spellsong|1|PRESTAT:1,CHA=13
SUBCLASSLEVEL:7	CAST:0,8,0,1	KNOWN:0,5,0,2
SUBCLASSLEVEL:8	CAST:0,8,0,2	KNOWN:0,5,0,2
SUBCLASSLEVEL:9	CAST:0,9,0,3	KNOWN:0,6,0,3
SUBCLASSLEVEL:10	CAST:0,9,0,4	KNOWN:0,6,0,3
SUBCLASSLEVEL:11	CAST:0,9,0,5	KNOWN:0,7,0,4
SUBCLASSLEVEL:12	CAST:0,10,0,6	KNOWN:0,7,0,4
SUBCLASSLEVEL:13	CAST:0,10,0,7,0,0	KNOWN:0,8,0,5,0,1	BONUS:VAR|Spellsong|1|PRESTAT:1,CHA=15
SUBCLASSLEVEL:14	CAST:0,10,0,7,0,1	KNOWN:0,8,0,5,0,2
SUBCLASSLEVEL:15	CAST:0,11,0,7,0,2	KNOWN:0,9,0,6,0,2
SUBCLASSLEVEL:16	CAST:0,11,0,8,0,3	KNOWN:0,9,0,6,0,3
SUBCLASSLEVEL:17	CAST:0,11,0,8,0,4	KNOWN:0,10,0,7,0,3
SUBCLASSLEVEL:18	CAST:0,12,0,8,0,5	KNOWN:0,10,0,7,0,4
SUBCLASSLEVEL:19	CAST:0,12,0,9,0,6	KNOWN:0,11,0,8,0,4
SUBCLASSLEVEL:20	CAST:0,12,0,9,0,7	KNOWN:0,11,0,8,0,5
###Block
<<<<<<< Updated upstream
SUBCLASSLEVEL:1	ABILITY:Special Ability|AUTOMATIC|Bard (CBoEM) ~ Weapon and Armor Proficiency
SUBCLASSLEVEL:1	ABILITY:Special Ability|AUTOMATIC|Bard (CBoEM) ~ Spellsongs
SUBCLASSLEVEL:1	ABILITY:Special Ability|AUTOMATIC|Bard (CBoEM) ~ Bardic Knowledge
SUBCLASSLEVEL:17	ABILITY:Special Ability|AUTOMATIC|Bard (CBoEM) ~ Improved Evasion
SUBCLASSLEVEL:20	ABILITY:Special Ability|AUTOMATIC|Bard (CBoEM) ~ Weave Melodies
=======
SUBCLASSLEVEL:1	ABILITY:Special Ability|AUTOMATIC|Bard (CBoEM) ~ Weapon and Armor Proficiency		
SUBCLASSLEVEL:1	ABILITY:Special Ability|AUTOMATIC|Bard (CBoEM) ~ Armored Casting ~ Light
SUBCLASSLEVEL:1	ABILITY:Special Ability|AUTOMATIC|Bard (CBoEM) ~ Spellsongs					
SUBCLASSLEVEL:1	ABILITY:Special Ability|AUTOMATIC|Bard (CBoEM) ~ Bardic Knowledge				
SUBCLASSLEVEL:5	ABILITY:Special Ability|AUTOMATIC|Bard (CBoEM) ~ Weave Notes
SUBCLASSLEVEL:9	ABILITY:Special Ability|AUTOMATIC|Bard (CBoEM) ~ Evasion				
SUBCLASSLEVEL:12	ABILITY:Special Ability|AUTOMATIC|Bard (CBoEM) ~ Weave Chords
SUBCLASSLEVEL:17	ABILITY:Special Ability|AUTOMATIC|Bard (CBoEM) ~ Improved Evasion				
SUBCLASSLEVEL:20	ABILITY:Special Ability|AUTOMATIC|Bard (CBoEM) ~ Weave Melodies				
>>>>>>> Stashed changes



