#
# Current Ver: $Revision: $
# Last Editor: $Author:  $
# Last Edited: $Date: $
#
# message displayed when experience added allows character to advance a level
LEVELMSG:Congratulations, you can advance with that much experience!
#
#
#ALIGNMENTNAME:Alignment
HPNAME:Hit Points
HPABBREV:HP
#ALTHPNAME:
#ALTHPABBREV:

# AC tags can be used to display AC info by using appropriate name and abbrev.
# ACNAME: and ACABBREV: are required for proper usage.
ACNAME:AC
ACABBREV:AC

# Whether to allow AutoResizing of Equipment for nonmedium characters in this gamemode
ALLOWAUTORESIZE:Y

# Stacking bonuses
BONUSSTACKS:Defense.Dodge.Circumstance.NotRanged.NotFlatFooted

#
#misc. currency specific items
#
CURRENCYUNIT:Credit
CURRENCYUNITABBREV:cr

DEFAULTUNITSET:Metric

# The following determine whether some Class-related
# variables are displayed on the Classes tab.
# SHOWCLASSDEFENSE: determines whether BONUS:COMBAT|AC|x|TYPE=ClassDefense
#  value is displayed.
# DISPLAYVARIABLExTEXT: determines the Label displayed for the variable
# DISPLAYVARIABLExNAME: determines the variable displayed.
#  This must match the DEFINE: variable in order to be displayed
# Up to 3 variables can be displayed in this manner

SHOWCLASSDEFENSE:NO
#DISPLAYVARIABLE1TEXT:
#DISPLAYVARIABLE1NAME:
#DISPLAYVARIABLE2TEXT:
#DISPLAYVARIABLE2NAME:
#DISPLAYVARIABLE3TEXT:
#DISPLAYVARIABLE3NAME:

#
# Whether or not the game mode displays these tabs
#
TAB:ABILITIES	NAME:in_abilities_tabname	CONTEXT:tabpages\players\tabability.html
TAB:CAMPAIGNS	NAME:Source Materials	CONTEXT:tabpages\source\sourcesectionheading.html
TAB:CLASS	NAME:in_class		CONTEXT:tabpages\tabclasses.html
TAB:DESCRIPTION	NAME:in_descrip		CONTEXT:tabpages\tabdescription.html
TAB:DOMAINS	NAME:in_domains		CONTEXT:tabpages\tabdomains.html
TAB:FEATS	NAME:in_feats		CONTEXT:tabpages\tabfeatsandabilities.html
TAB:INVENTORY	NAME:in_inventory	CONTEXT:tabpages\tabinventory.html
TAB:RACE	NAME:in_race		CONTEXT:tabpages\tabraces.html
TAB:SKILLS	NAME:in_skills		CONTEXT:tabpages\tabskills.html
TAB:SPELLS	NAME:in_spells		CONTEXT:tabpages\tabspells.html
TAB:SUMMARY	NAME:in_summary		CONTEXT:tabpages\tabsummary.html
# Inventory subpanels
TAB:GEAR	NAME:in_InfoGear	CONTEXT:tabpages\tabinventory.html
TAB:EQUIPPING	NAME:in_InfoEquipping	CONTEXT:tabpages\tabinventory.html
TAB:RESOURCES	NAME:in_InfoResources	CONTEXT:tabpages\tabcompanions.html
TAB:TEMPMOD	NAME:in_InfoTempMod	CONTEXT:tabpages\tabtemporarybonuses.html
#
# Menu entry (under Settings-->Campaign), and tool tip displayed for said entry
# use & for mnemonic, && for & (MENUENTRY only)
#
MENUENTRY:Starwars Saga Edition
MENUTOOLTIP:Use the Star Wars Saga Edition character creation settings
DISPLAYORDER:1
ALLOWEDMODES:Starwars_SE|SWSE
#
# SHORTRANGE sets the Short Range as referenced by
#  TOHIT-SHORTRANGE and DAMAGE-SHORTRANGE
# Integer value, defaults to zero if tag not present to allow GameModes
# without shortrange bonus/limitations
SHORTRANGE:30
#No default depends on weapon class


#
# RANGEPENALTY sets the modification of the to-hit value for
# each range increment after the first.
# Integer value, defaults to zero if tag not present to allow GameModes
# without range increment bonus/limitations
RANGEPENALTY:-2
#-2, -5, -10


# SQUARESIZE defines the size of a battlemap square in feet.
SQUARESIZE:5




#SKILLMULTIPLIER by level (assumes 1 for all levels beyond those in | delimited list)
#e.g. SKILLMULTIPLIER:2|2|2 would give a x2 mult at levels 1 to 3, and x1 beyond that
SKILLMULTIPLIER:0
SKILLCOST_CROSSCLASS:0

#BONUSFEATLEVELSTARTINTERVAL:level|interval
#level = first level where you gain an additional feat
# (use more than one of these tags for additional feats)
#interval = multiples of levels after the start level that you gain an additional feat (0 = only at start)
#this is handled in the races.lst by the STARTFEATS tag
#BONUSFEATLEVELSTARTINTERVAL:1|0
BONUSFEATLEVELSTARTINTERVAL:3|3
#BONUSFEATLEVELSTARTINTERVAL:2|2

#BONUSSTATLEVELSTARTINTERVAL:level|interval
#level = first level where you gain an additional stat
# (use more than one of these tags for additional stat)
#interval = multiples of levels after the start level that you gain an additional stat (0 = only at start)
BONUSSTATLEVELSTARTINTERVAL:4|4|!PRECLASS:1,Beast=1
BONUSSTATLEVELSTARTINTERVAL:4|4

#Attack/Check Cycle attributes
BABMAXATT:1
BABATTCYC:20
BABMINVAL:1
CHECKSMAXLVL:20

CLASSTYPE:PC		CRFORMULA:CL		ISMONSTER:NO	XPPENALTY:NO
CLASSTYPE:Nonheroic	CRFORMULA:CL		ISMONSTER:NO	XPPENALTY:NO
CLASSTYPE:Beast		CRFORMULA:CL		ISMONSTER:YES	XPPENALTY:NO
CLASSTYPE:Prestige	CRFORMULA:CL		ISMONSTER:NO	XPPENALTY:NO

# Damage die changes on size
BASEDICE:1d2	UP:1d3,1d4,1d6,1d8,2d6,3d6,4d6,6d6,8d6,12d6	DOWN:1,0
BASEDICE:1d3	UP:1d4,1d6,1d8,2d6,3d6,4d6,6d6,8d6,12d6		DOWN:1d2,1,0
BASEDICE:1d4	UP:1d6,1d8,2d6,3d6,4d6,6d6,8d6,12d6			DOWN:1d3,1d2,1,0
BASEDICE:1d6	UP:1d8,2d6,3d6,4d6,6d6,8d6,12d6			DOWN:1d4,1d3,1d2,1
BASEDICE:1d8	UP:2d6,3d6,4d6,6d6,8d6,12d6				DOWN:1d6,1d4,1d3,1d2
BASEDICE:1d10	UP:2d8,3d8,4d8,6d8,8d8,12d8				DOWN:1d8,1d6,1d4,1d3
BASEDICE:1d12	UP:3d6,4d6,6d6,8d6,12d6					DOWN:1d10,1d8,1d6,1d4
BASEDICE:2d4	UP:2d6,3d6,4d6,6d6,8d6,12d6				DOWN:1d6,1d4,1d3,1d2
BASEDICE:2d6	UP:3d6,4d6,6d6,8d6,12d6					DOWN:1d10,1d8,1d6,1d4
BASEDICE:2d8	UP:3d8,4d8,6d8,8d8,12d8					DOWN:2d6,1d10,1d8,1d6
BASEDICE:2d10	UP:4d8,6d8,8d8,12d8					DOWN:2d8,2d6,1d10,1d8

# Penalty to attacks for different sized weapons
#EQSIZEPENALTY:35 Size Penalty		BONUS:WEAPON|TOHIT|(PC.SIZE.INT-EQUIP.SIZE.INT)*-2|PREVARGT:PC.SIZE.INT,EQUIP.SIZE.INT|!PRETYPE:2,Melee,Natural|TYPE=DifferentEQSizePenalty	BONUS:WEAPON|TOHIT|(EQUIP.SIZE.INT-PC.SIZE.INT)*-2|PREVARGT:EQUIP.SIZE.INT,PC.SIZE.INT|!PRETYPE:2,Melee,Natural|TYPE=DifferentEQSizePenalty

# Long and Short weapon damage types
WEAPONTYPE:Bludgeoning|B
WEAPONTYPE:Piercing|P
WEAPONTYPE:Slashing|S
WEAPONTYPE:Fire|F
WEAPONTYPE:Acid|A
WEAPONTYPE:Electricity|E
WEAPONTYPE:Cold|C
WEAPONTYPE:Poison|Po
WEAPONTYPE:Sonic|So
WEAPONTYPE:Energy|Ene

# Weapon proficiency categories
WEAPONCATEGORY:Advanced Melee Weapons
WEAPONCATEGORY:Heavy Weapons
WEAPONCATEGORY:Lightsabers
WEAPONCATEGORY:Pistols
WEAPONCATEGORY:Rifles
WEAPONCATEGORY:Exotic
WEAPONCATEGORY:Simple

# Non-proficient penalty
WEAPONNONPROFPENALTY:-5

# Number of hands required to wield weapon categories
#									Object Size difference
# 											Damage multiplier: hands = multiplier
WIELDCATEGORY:Light		HANDS:1		FINESSABLE:Yes	SIZEDIFF:-1	DAMAGEMULT:1=1,2=1
WIELDCATEGORY:OneHanded		HANDS:1					SIZEDIFF:0	DAMAGEMULT:1=1,2=1.5
WIELDCATEGORY:TwoHanded		HANDS:2					SIZEDIFF:1	DAMAGEMULT:2=1.5
WIELDCATEGORY:TooSmall		HANDS:999
WIELDCATEGORY:TooLarge		HANDS:999
WIELDCATEGORY:Unusable		HANDS:999
WIELDCATEGORY:None		HANDS:0

# Light weapon vs PC size changes
WIELDCATEGORY:Light		PREVARLTEQ:EQUIP.SIZE.INT,PC.SIZE.INT-1	SWITCH:TooSmall
WIELDCATEGORY:Light		PREVAREQ:EQUIP.SIZE.INT,PC.SIZE.INT+1	SWITCH:OneHanded
WIELDCATEGORY:Light		PREVAREQ:EQUIP.SIZE.INT,PC.SIZE.INT+2	SWITCH:TwoHanded
WIELDCATEGORY:Light		PREVARGTEQ:EQUIP.SIZE.INT,PC.SIZE.INT+3	SWITCH:TooLarge

# OneHanded weapon vs PC size changes
WIELDCATEGORY:OneHanded		PREVARLTEQ:EQUIP.SIZE.INT,PC.SIZE.INT-2	SWITCH:TooSmall
WIELDCATEGORY:OneHanded		PREVAREQ:EQUIP.SIZE.INT,PC.SIZE.INT-1	SWITCH:Light
WIELDCATEGORY:OneHanded		PREVAREQ:EQUIP.SIZE.INT,PC.SIZE.INT+1	SWITCH:TwoHanded
WIELDCATEGORY:OneHanded		PREVARGTEQ:EQUIP.SIZE.INT,PC.SIZE.INT+2	SWITCH:TooLarge

# TwoHanded weapon vs PC size changes
WIELDCATEGORY:TwoHanded		PREVARLTEQ:EQUIP.SIZE.INT,PC.SIZE.INT-3	SWITCH:TooSmall
WIELDCATEGORY:TwoHanded		PREVAREQ:EQUIP.SIZE.INT,PC.SIZE.INT-2	SWITCH:Light
WIELDCATEGORY:TwoHanded		PREVAREQ:EQUIP.SIZE.INT,PC.SIZE.INT-1	SWITCH:OneHanded
WIELDCATEGORY:TwoHanded		PREVARGTEQ:EQUIP.SIZE.INT,PC.SIZE.INT+1	SWITCH:TooLarge

#
# Wield Category Steps
#  This is used when figuring bonuses that allow you to wield Larger or Smaller size weapons
WCSTEPSFORMULA:EQUIP.SIZE.INT-PC.SIZE.INT

WIELDCATEGORY:TooSmall		UP:Light|OneHanded|TwoHanded					ZERO:Light
WIELDCATEGORY:Light		UP:OneHanded|TwoHanded
WIELDCATEGORY:OneHanded		UP:TwoHanded			DOWN:Light
WIELDCATEGORY:TwoHanded						DOWN:OneHanded|Light
WIELDCATEGORY:TooLarge						DOWN:TwoHanded|OneHanded|Light	ZERO:TwoHanded

#
# Dice rolling methods for character creation
#
ROLLMETHOD:3d6						METHOD:3d6
ROLLMETHOD:4d4						METHOD:4d4
ROLLMETHOD:4d6 drop lowest				METHOD:roll(4,6,[2,3,4])
ROLLMETHOD:4d6, reroll 1's				METHOD:4d5+4
ROLLMETHOD:4d6, reroll 1's, drop the lowest	METHOD:3+roll(4,5,[2,3,4])
ROLLMETHOD:5d6 drop 2 lowest				METHOD:roll(5,6,[3,4,5])

# Unit Set
#UNITSET:Imperial	HEIGHTUNIT:ftin	HEIGHTFACTOR:1		HEIGHTPATTERN:#		DISTANCEUNIT:ft.	DISTANCEFACTOR:1	DISTANCEPATTERN:#	WEIGHTUNIT:lbs.	WEIGHTFACTOR:1	WEIGHTPATTERN:#.##
UNITSET:Metric		HEIGHTUNIT:cm	HEIGHTFACTOR:2.54	HEIGHTPATTERN:#		DISTANCEUNIT:m		DISTANCEFACTOR:0.3	DISTANCEPATTERN:#.##	WEIGHTUNIT:kg	WEIGHTFACTOR:0.5	WEIGHTPATTERN:#.###

#
# Reach mode formula to calculate weapon reach for a player
#
# RACEREACH = player's natural reach
# REACH = equipment's reach
# REACHMULT = equipment's reach multiple
#
WEAPONREACH:(RACEREACH+(max(0,REACH-5)))*REACHMULT

#
# Ability Categories
#
ABILITYCATEGORY:FEAT			VISIBLE:YES		EDITABLE:YES	EDITPOOL:YES	FRACTIONALPOOL:NO		CATEGORY:FEAT	PLURAL:Feats	DISPLAYLOCATION:Feats
ABILITYCATEGORY:Internal		VISIBLE:NO		EDITABLE:NO		EDITPOOL:NO		FRACTIONALPOOL:NO		CATEGORY:Internal
ABILITYCATEGORY:Natural Attack	VISIBLE:NO		EDITABLE:NO		EDITPOOL:NO		FRACTIONALPOOL:NO		CATEGORY:Natural Attack					


PREVIEWDIR:d20/starwars_saga_edition
PREVIEWSHEET:standard.htm
INFOSHEET:SUMMARY|preview/summary/35e_info.html
INFOSHEET:SKILLS|preview/skills/35e_skills.html

# DIESIZES values are used by the HITEDIE tag to bump up/down HD per level.
DIESIZES:1,2,3,MIN=4,6,8,10,MAX=12,20,100,1000


HIDDENFEATTYPES:AttackOption|ModifyAC
HIDDENEQUIPTYPES:Light|Suit|Standard|Heavy|Medium|Melee|Finesseable|Specific|Slashing|Piercing|Bludgeoning|Energy


#
# DONE
#
