
ABILITYCATEGORY:Ander Survivor Focus		VISIBLE:QUALIFY	EDITABLE:YES	EDITPOOL:NO	DISPLAYLOCATION:Background & Class		CATEGORY:Special Ability		ABILITYLIST:Focus ~ Constitution (Stamina)|Focus ~ Strength (Climbing)
ABILITYCATEGORY:Ander Survivor Selection		VISIBLE:QUALIFY	EDITABLE:YES	EDITPOOL:NO	DISPLAYLOCATION:Background & Class		CATEGORY:Special Ability		TYPE:Ander Survivor Selection
ABILITYCATEGORY:Escaped Elven Slave Focus		VISIBLE:QUALIFY	EDITABLE:YES	EDITPOOL:NO	DISPLAYLOCATION:Background & Class		CATEGORY:Special Ability		ABILITYLIST:Focus ~ Perception (Hearing)|Focus ~ Strength (Might)
ABILITYCATEGORY:Escaped Elven Slave Selection	VISIBLE:QUALIFY	EDITABLE:YES	EDITPOOL:NO	DISPLAYLOCATION:Background & Class		CATEGORY:Special Ability		TYPE:Escaped Elven Slave Selection
ABILITYCATEGORY:Fereldan Noble Focus		VISIBLE:QUALIFY	EDITABLE:YES	EDITPOOL:NO	DISPLAYLOCATION:Background & Class		CATEGORY:Special Ability		ABILITYLIST:Focus ~ Cunning (Military Lore)|Focus ~ Strength (Intimidation)
ABILITYCATEGORY:Fereldan Noble Selection		VISIBLE:QUALIFY	EDITABLE:YES	EDITPOOL:NO	DISPLAYLOCATION:Background & Class		CATEGORY:Special Ability		TYPE:Fereldan Noble Selection
ABILITYCATEGORY:Orlesian Commoner Focus		VISIBLE:QUALIFY	EDITABLE:YES	EDITPOOL:NO	DISPLAYLOCATION:Background & Class		CATEGORY:Special Ability		ABILITYLIST:Focus ~ Dexterity (Brawling)|Focus ~ Willpower (Faith)
ABILITYCATEGORY:Orlesian Commoner Selection	VISIBLE:QUALIFY	EDITABLE:YES	EDITPOOL:NO	DISPLAYLOCATION:Background & Class		CATEGORY:Special Ability		TYPE:Orlesian Commoner Selection
ABILITYCATEGORY:Orlesian Noble Focus		VISIBLE:QUALIFY	EDITABLE:YES	EDITPOOL:NO	DISPLAYLOCATION:Background & Class		CATEGORY:Special Ability		ABILITYLIST:Focus ~ Communication (Etiquette)|Focus ~ Strength (Intimidation)
ABILITYCATEGORY:Orlesian Noble Selection		VISIBLE:QUALIFY	EDITABLE:YES	EDITPOOL:NO	DISPLAYLOCATION:Background & Class		CATEGORY:Special Ability		TYPE:Orlesian Noble Selection
ABILITYCATEGORY:Orlesian Student Focus		VISIBLE:QUALIFY	EDITABLE:YES	EDITPOOL:NO	DISPLAYLOCATION:Background & Class		CATEGORY:Special Ability		ABILITYLIST:Focus ~ Communication (Persuasion)|Focus ~ Cunning (Research)
ABILITYCATEGORY:Orlesian Student Selection	VISIBLE:QUALIFY	EDITABLE:YES	EDITPOOL:NO	DISPLAYLOCATION:Background & Class		CATEGORY:Special Ability		TYPE:Orlesian Student Selection
ABILITYCATEGORY:Rivaini Merchant Focus		VISIBLE:QUALIFY	EDITABLE:YES	EDITPOOL:NO	DISPLAYLOCATION:Background & Class		CATEGORY:Special Ability		ABILITYLIST:Focus ~ Communication (Seduction)|Focus ~ Dexterity (Acrobatics)
ABILITYCATEGORY:Rivaini Merchant Selection	VISIBLE:QUALIFY	EDITABLE:YES	EDITPOOL:NO	DISPLAYLOCATION:Background & Class		CATEGORY:Special Ability		TYPE:Rivaini Merchant Selection
ABILITYCATEGORY:Seheron Convert Focus		VISIBLE:QUALIFY	EDITABLE:YES	EDITPOOL:NO	DISPLAYLOCATION:Background & Class		CATEGORY:Special Ability		ABILITYLIST:Focus ~ Cunning (Qun)|Focus ~ Willpower (Self-Discipline)
ABILITYCATEGORY:Seheron Convert Selection		VISIBLE:QUALIFY	EDITABLE:YES	EDITPOOL:NO	DISPLAYLOCATION:Background & Class		CATEGORY:Special Ability		TYPE:Seheron Convert Selection
ABILITYCATEGORY:Tevinter Altus Focus		VISIBLE:QUALIFY	EDITABLE:YES	EDITPOOL:NO	DISPLAYLOCATION:Background & Class		CATEGORY:Special Ability		ABILITYLIST:Focus ~ Communication (Leadership)|Focus ~ Cunning (Arcane Lore)
ABILITYCATEGORY:Tevinter Altus Selection		VISIBLE:QUALIFY	EDITABLE:YES	EDITPOOL:NO	DISPLAYLOCATION:Background & Class		CATEGORY:Special Ability		TYPE:Tevinter Altus Selection
ABILITYCATEGORY:Tevinter Laetan Focus		VISIBLE:QUALIFY	EDITABLE:YES	EDITPOOL:NO	DISPLAYLOCATION:Background & Class		CATEGORY:Special Ability		ABILITYLIST:Focus ~ Communication (Deception)|Focus ~ Cunning (Arcane Lore)
ABILITYCATEGORY:Tevinter Laetan Selection		VISIBLE:QUALIFY	EDITABLE:YES	EDITPOOL:NO	DISPLAYLOCATION:Background & Class		CATEGORY:Special Ability		TYPE:Tevinter Laetan Selection
ABILITYCATEGORY:Tevinter Soporati Focus		VISIBLE:QUALIFY	EDITABLE:YES	EDITPOOL:NO	DISPLAYLOCATION:Background & Class		CATEGORY:Special Ability		ABILITYLIST:Focus ~ Constitution (Stamina)|Focus ~ Dexterity (Brawling)
ABILITYCATEGORY:Tevinter Soporati Selection	VISIBLE:QUALIFY	EDITABLE:YES	EDITPOOL:NO	DISPLAYLOCATION:Background & Class		CATEGORY:Special Ability		TYPE:Tevinter Soporati Selection
ABILITYCATEGORY:Waking Sea Raider Focus		VISIBLE:QUALIFY	EDITABLE:YES	EDITPOOL:NO	DISPLAYLOCATION:Background & Class		CATEGORY:Special Ability		ABILITYLIST:Focus ~ Dexterity (Acrobatics)|Focus ~ Perception (Seeing)
ABILITYCATEGORY:Waking Sea Raider Selection	VISIBLE:QUALIFY	EDITABLE:YES	EDITPOOL:NO	DISPLAYLOCATION:Background & Class		CATEGORY:Special Ability		TYPE:Waking Sea Raider Selection

ABILITYCATEGORY:Waking Sea Raider Language	VISIBLE:QUALIFY	EDITABLE:YES	EDITPOOL:NO	DISPLAYLOCATION:Background & Class		CATEGORY:Special Ability		TYPE:Waking Sea Raider Language



