A backpack.
• Traveler’s garb.
• A waterskin.
• If you are a mage, you get one weapon and a
wand (for your arcane lance).
• If you are a rogue, you get light leather armor and
two weapons.
• If you are a warrior, you get heavy leather armor
and three weapons.
• If you choose a bow or crossbow, you get a quiver
and 20 arrows or bolts.
• If you have the Weapon and Shield talent, you get
a medium shield.


Light Leather	PROFICIENCY:ARMOR|Light Leather	COST:15	TYPE:Armor	SPROP:Armor Rating 3	
Heavy Leather	PROFICIENCY:ARMOR|Heavy Leather	COST:30	TYPE:Armor	SPROP:Armor Rating 4	BONUS:MOVEADD|Walk|-1	BONUS:STAT|DEX|-1|!PREPROFWITHARMOR:1,Heavy Leather
Light Mail		PROFICIENCY:ARMOR|Light Mail		COST:50	TYPE:Armor	SPROP:Armor Rating 5	BONUS:MOVEADD|Walk|-2	BONUS:STAT|DEX|-2|!PREPROFWITHARMOR:1,Light Mail
Heavy Mail		PROFICIENCY:ARMOR|Heavy Mail		COST:75	TYPE:Armor	SPROP:Armor Rating 7	BONUS:MOVEADD|Walk|-3	BONUS:STAT|DEX|-3|!PREPROFWITHARMOR:1,Heavy Mail
Light Plate		PROFICIENCY:ARMOR|Light Plate		COST:100	TYPE:Armor	SPROP:Armor Rating 8	BONUS:MOVEADD|Walk|-4	BONUS:STAT|DEX|-4|!PREPROFWITHARMOR:1,Light Plate
Heavy Plate		PROFICIENCY:ARMOR|Heavy Plate		COST:150	TYPE:Armor	SPROP:Armor Rating 10	BONUS:MOVEADD|Walk|-5	BONUS:STAT|DEX|-5|!PREPROFWITHARMOR:1,Heavy Plate

Light Shield	COST:15	TYPE:Shield	BONUS:COMBAT|AC|1|TYPE=Shield
Medium Shield	COST:30	TYPE:Shield	BONUS:COMBAT|AC|1|TYPE=Shield	TYPE:Shield	BONUS:COMBAT|AC|2|TYPE=Shield|PREPROFWITHSHIELD:1,Medium Shield	
Heavy Shield	COST:60	TYPE:Shield	BONUS:COMBAT|AC|1|TYPE=Shield	TYPE:Shield	BONUS:COMBAT|AC|3|TYPE=Shield|PREPROFWITHSHIELD:1,Heavy Shield	

###Block: Weapons

Battle Axe			PROFICIENCY:WEAPON|xxx	TYPE:Weapon.Melee.Axes Group		DAMAGE:2d6		PRESTAT:1,STR=1	COST:14
Throwing Axe		PROFICIENCY:WEAPON|xxx	TYPE:Weapon.Melee.Axes Group		DAMAGE:1d6+2	PRESTAT:1,STR=1	COST:10
Two-Handed Axe		PROFICIENCY:WEAPON|xxx	TYPE:Weapon.Melee.Axes Group		DAMAGE:3d6		PRESTAT:1,STR=3	COST:20

Mace				PROFICIENCY:WEAPON|xxx	TYPE:Weapon.Melee.Bludgeons Group	DAMAGE:2d6		PRESTAT:1,STR=1	COST:12
Maul				PROFICIENCY:WEAPON|xxx	TYPE:Weapon.Melee.Bludgeons Group	DAMAGE:1d6+3	PRESTAT:1,STR=1	COST:14
Two-Handed Maul		PROFICIENCY:WEAPON|xxx	TYPE:Weapon.Melee.Bludgeons Group	DAMAGE:2d6+3	PRESTAT:1,STR=3	COST:19

Crossbow			PROFICIENCY:WEAPON|xxx	TYPE:Weapon.Ranged.Bows Group		DAMAGE:2d6+1	PRESTAT:1,STR=1	COST:20
Short Bow			PROFICIENCY:WEAPON|xxx	TYPE:Weapon.Ranged.Bows Group		DAMAGE:1d6+1	PRESTAT:1,STR=-1	COST:9
Long Bow			PROFICIENCY:WEAPON|xxx	TYPE:Weapon.Ranged.Bows Group		DAMAGE:1d6+3	PRESTAT:1,STR=1	COST:15

Fist				PROFICIENCY:WEAPON|xxx	TYPE:Weapon.Melee.Brawling Group	DAMAGE:1d3					COST:0
Gauntlet			PROFICIENCY:WEAPON|xxx	TYPE:Weapon.Melee.Brawling Group	DAMAGE:1d3+1				COST:4
Improvised Weapon		PROFICIENCY:WEAPON|xxx	TYPE:Weapon.Melee.Brawling Group	DAMAGE:1d6-1				COST:0

Bastard Sword		PROFICIENCY:WEAPON|xxx	TYPE:Weapon.Melee.Heavy Blades Group	DAMAGE:2d6+1	PRESTAT:1,STR=2	COST:20
Long Sword			PROFICIENCY:WEAPON|xxx	TYPE:Weapon.Melee.Heavy Blades Group	DAMAGE:2d6		PRESTAT:1,STR=1	COST:18
Two-Handed Sword		PROFICIENCY:WEAPON|xxx	TYPE:Weapon.Melee.Heavy Blades Group	DAMAGE:3d6		PRESTAT:1,STR=3	COST:23

Dagger			PROFICIENCY:WEAPON|xxx	TYPE:Weapon.Melee.Light Blades Group	DAMAGE:1d6+1				COST:9
Short Sword			PROFICIENCY:WEAPON|xxx	TYPE:Weapon.Melee.Light Blades Group	DAMAGE:1d6+2	PRESTAT:1,STR=-1	COST:14
Throwing Knife		PROFICIENCY:WEAPON|xxx	TYPE:Weapon.Ranged.Throwing.Light Blades Group	DAMAGE:1d6					COST:10

Spear				PROFICIENCY:WEAPON|xxx	TYPE:Weapon.Melee.Spears Group		DAMAGE:1d6+3	PRESTAT:1,STR=0	COST:12
Throwing Spear		PROFICIENCY:WEAPON|xxx	TYPE:Weapon.Ranged.Throwing.Spears Group		DAMAGE:1d6+3	PRESTAT:1,STR=0	COST:12
Two-handed Spear		PROFICIENCY:WEAPON|xxx	TYPE:Weapon.Melee.Spears Group		DAMAGE:2d6		PRESTAT:1,STR=1	COST:20

Club				PROFICIENCY:WEAPON|xxx	TYPE:Weapon.Melee.Staves Group		DAMAGE:1d6					COST:1
Morningstar			PROFICIENCY:WEAPON|xxx	TYPE:Weapon.Melee.Staves Group		DAMAGE:1d6+3	PRESTAT:1,STR=1	COST:11
Quarterstaff		PROFICIENCY:WEAPON|xxx	TYPE:Weapon.Melee.Staves Group		DAMAGE:1d6+1				COST:3

###Block: Adventurer's gear
Arrows (20)			COST:2
Bolts (20)			COST:3
Backpack			COST:9
Candle (Pair)		COST:.05
Flask				COST:.50
Flint and Steel		COST:.10
Healer's Kit		COST:25
Ink (Black, one vial)	COST:.20	KEY:Ink ~ Vial (Black)
Lamp				COST:2
Lantern			COST:5
Lock Picks			COST:12
Mountain Garb		COST:10
Musical Instrument	COST:10
Oil, Pint			COST:.08	KEY:Oil (Pint)
Pouch (Belt)		COST:1
Rope (20 yards)		COST:2
Spike				COST:.05
Tent, Large			COST:35	KEY:Tent (Large)
Tent, Small			COST:10	KEY:Tent (Small)
Torch				COST:.10
Traveler's Garb		COST:15
Waterskin			COST:.40
Whetstone			COST:.10






