#A backpack.
#Traveler’s garb.
#A waterskin.
#If you are a mage, you get one weapon and a wand (for your arcane lance).
#If you are a rogue, you get light leather armor and two weapons.
#If you are a warrior, you get heavy leather armor and three weapons.
#If you choose a bow or crossbow, you get a quiver and 20 arrows or bolts.
#If you have the Weapon and Shield talent, you get a medium shield.

###Block: Armor
Light Leather	PROFICIENCY:ARMOR|Light Leather	COST:15	TYPE:Armor	SPROP:Armor Rating 3	
Heavy Leather	PROFICIENCY:ARMOR|Heavy Leather	COST:30	TYPE:Armor	SPROP:Armor Rating 4	BONUS:MOVEADD|Walk|-1	BONUS:STAT|DEX|-1|!PREPROFWITHARMOR:1,Heavy Leather
Light Mail		PROFICIENCY:ARMOR|Light Mail		COST:50	TYPE:Armor	SPROP:Armor Rating 5	BONUS:MOVEADD|Walk|-2	BONUS:STAT|DEX|-2|!PREPROFWITHARMOR:1,Light Mail
Heavy Mail		PROFICIENCY:ARMOR|Heavy Mail		COST:75	TYPE:Armor	SPROP:Armor Rating 7	BONUS:MOVEADD|Walk|-3	BONUS:STAT|DEX|-3|!PREPROFWITHARMOR:1,Heavy Mail
Light Plate		PROFICIENCY:ARMOR|Light Plate		COST:100	TYPE:Armor	SPROP:Armor Rating 8	BONUS:MOVEADD|Walk|-4	BONUS:STAT|DEX|-4|!PREPROFWITHARMOR:1,Light Plate
Heavy Plate		PROFICIENCY:ARMOR|Heavy Plate		COST:150	TYPE:Armor	SPROP:Armor Rating 10	BONUS:MOVEADD|Walk|-5	BONUS:STAT|DEX|-5|!PREPROFWITHARMOR:1,Heavy Plate

###Block: Shields
Light Shield	COST:15	TYPE:Shield	BONUS:COMBAT|AC|1|TYPE=Shield
Medium Shield	COST:30	TYPE:Shield	BONUS:COMBAT|AC|1|TYPE=Shield	BONUS:COMBAT|AC|2|TYPE=Shield|PREPROFWITHSHIELD:1,Medium Shield	
Heavy Shield	COST:60	TYPE:Shield	BONUS:COMBAT|AC|1|TYPE=Shield	BONUS:COMBAT|AC|3|TYPE=Shield|PREPROFWITHSHIELD:1,Heavy Shield	

###Block: Weapons
# Axes Group
Battle Axe			PROFICIENCY:WEAPON|Axes Group	TYPE:Weapon.Melee.Axes Group		DAMAGE:2d6		PRESTAT:1,STR=1	COST:14
Throwing Axe		PROFICIENCY:WEAPON|Axes Group	TYPE:Weapon.Ranged.Throwing.Axes Group		DAMAGE:1d6+2	PRESTAT:1,STR=1	COST:10
Two-Handed Axe		PROFICIENCY:WEAPON|Axes Group	TYPE:Weapon.Melee.Axes Group		DAMAGE:3d6		PRESTAT:1,STR=3	COST:20

Mace				PROFICIENCY:WEAPON|Bludgeons Group	TYPE:Weapon.Melee.Bludgeons Group	DAMAGE:2d6		PRESTAT:1,STR=1	COST:12
Maul				PROFICIENCY:WEAPON|Bludgeons Group	TYPE:Weapon.Melee.Bludgeons Group	DAMAGE:1d6+3	PRESTAT:1,STR=1	COST:14
Two-Handed Maul		PROFICIENCY:WEAPON|Bludgeons Group	TYPE:Weapon.Melee.Bludgeons Group	DAMAGE:2d6+3	PRESTAT:1,STR=3	COST:19

Crossbow			PROFICIENCY:WEAPON|Bows Group	TYPE:Weapon.Ranged.Bows Group		DAMAGE:2d6+1	PRESTAT:1,STR=1	COST:20
Short Bow			PROFICIENCY:WEAPON|Bows Group	TYPE:Weapon.Ranged.Bows Group		DAMAGE:1d6+1	PRESTAT:1,STR=-1	COST:9
Long Bow			PROFICIENCY:WEAPON|Bows Group	TYPE:Weapon.Ranged.Bows Group		DAMAGE:1d6+3	PRESTAT:1,STR=1	COST:15

Fist				PROFICIENCY:WEAPON|Brawling Group	TYPE:Weapon.Melee.Brawling Group	DAMAGE:1d3					COST:0
Gauntlet			PROFICIENCY:WEAPON|Brawling Group	TYPE:Weapon.Melee.Brawling Group	DAMAGE:1d3+1				COST:4
Improvised Weapon		PROFICIENCY:WEAPON|Brawling Group	TYPE:Weapon.Melee.Brawling Group	DAMAGE:1d6-1				COST:0

Bastard Sword		PROFICIENCY:WEAPON|Heavy Blades Group	TYPE:Weapon.Melee.Heavy Blades Group	DAMAGE:2d6+1	PRESTAT:1,STR=2	COST:20
Long Sword			PROFICIENCY:WEAPON|Heavy Blades Group	TYPE:Weapon.Melee.Heavy Blades Group	DAMAGE:2d6		PRESTAT:1,STR=1	COST:18
Two-Handed Sword		PROFICIENCY:WEAPON|Heavy Blades Group	TYPE:Weapon.Melee.Heavy Blades Group	DAMAGE:3d6		PRESTAT:1,STR=3	COST:23

Dagger			PROFICIENCY:WEAPON|Light Blades Group	TYPE:Weapon.Melee.Light Blades Group	DAMAGE:1d6+1				COST:9
Short Sword			PROFICIENCY:WEAPON|Light Blades Group	TYPE:Weapon.Melee.Light Blades Group	DAMAGE:1d6+2	PRESTAT:1,STR=-1	COST:14
Throwing Knife		PROFICIENCY:WEAPON|Light Blades Group	TYPE:Weapon.Ranged.Throwing.Light Blades Group	DAMAGE:1d6					COST:10

Spear				PROFICIENCY:WEAPON|Spears Group	TYPE:Weapon.Melee.Spears Group		DAMAGE:1d6+3	PRESTAT:1,STR=0	COST:12
Throwing Spear		PROFICIENCY:WEAPON|Spears Group	TYPE:Weapon.Ranged.Throwing.Spears Group		DAMAGE:1d6+3	PRESTAT:1,STR=0	COST:12
Two-handed Spear		PROFICIENCY:WEAPON|Spears Group	TYPE:Weapon.Melee.Spears Group		DAMAGE:2d6		PRESTAT:1,STR=1	COST:20

Club				PROFICIENCY:WEAPON|Staves Group	TYPE:Weapon.Melee.Staves Group		DAMAGE:1d6					COST:1
Morningstar			PROFICIENCY:WEAPON|Staves Group	TYPE:Weapon.Melee.Staves Group		DAMAGE:1d6+3	PRESTAT:1,STR=1	COST:11
Quarterstaff		PROFICIENCY:WEAPON|Staves Group	TYPE:Weapon.Melee.Staves Group		DAMAGE:1d6+1				COST:3

###Block: Adventurer's gear
Arrows (20)			COST:2	TYPE:Adventure Gear
Bolts (20)			COST:3	TYPE:Adventure Gear
Backpack			COST:9	TYPE:Adventure Gear
Candle (Pair)		COST:.05	TYPE:Adventure Gear
Flask				COST:.50	TYPE:Adventure Gear
Flint and Steel		COST:.10	TYPE:Adventure Gear
Healer's Kit		COST:25	TYPE:Adventure Gear
Ink (Black, one vial)	COST:.20	TYPE:Adventure Gear	KEY:Ink ~ Vial (Black)
Lamp				COST:2	TYPE:Adventure Gear
Lantern			COST:5	TYPE:Adventure Gear
Lock Picks			COST:12	TYPE:Adventure Gear
Mountain Garb		COST:10	TYPE:Adventure Gear
Musical Instrument	COST:10	TYPE:Adventure Gear
Oil, Pint			COST:.08	TYPE:Adventure Gear	KEY:Oil (Pint)
Pouch (Belt)		COST:1	TYPE:Adventure Gear
Rope (20 yards)		COST:2	TYPE:Adventure Gear
Spike				COST:.05	TYPE:Adventure Gear
Tent, Large			COST:35	TYPE:Adventure Gear	KEY:Tent (Large)
Tent, Small			COST:10	TYPE:Adventure Gear	KEY:Tent (Small)
Torch				COST:.10	TYPE:Adventure Gear
Traveler's Garb		COST:15	TYPE:Adventure Gear
Waterskin			COST:.40	TYPE:Adventure Gear
Whetstone			COST:.10	TYPE:Adventure Gear

# Animals, Mounts and Vehicles
Cart				COST:20	TYPE:Vehicle
Dog				COST:15	TYPE:Animal
Draft Horse			COST:50	TYPE:Animal.Mount
Falcon			COST:75	TYPE:Animal
Feed (per day)		COST:.05	TYPE:Service
Mule				COST:20	TYPE:Animal.Mount
Riding Horse		COST:120	TYPE:Animal.Mount
Saddle			COST:20	TYPE:Gear
Saddlebags			COST:10	TYPE:Gear
Stabling (per day)	COST:.10	TYPE:Service
Wagon				COST:150	TYPE:Vehicle




