

CLASS:Avenging Executioner	HD:8		TYPE:Prestige	MAXLEVEL:5	SOURCEPAGE:p.24	BONUS:CHECKS|BASE.Reflex,BASE.Will|(CL/2)+2	BONUS:CHECKS|BASE.Fortitude|CL/3	BONUS:COMBAT|BAB|CL*3/4|TYPE=Base.REPLACE
CLASS:Avenging Executioner	!PREALIGN:LG,NG,CG	PREATT:5	PRESKILL:3,Hide=4,Intimidate=6,Move Silently=4	PRETEXT:Must have been tragically wronged in some manner.
CLASS:Avenging Executioner	STARTSKILLPTS:6	CSKILL:Balance|Bluff|Climb|TYPE=Craft|Disguise|Escape Artist|Hide|Intimidate|Jump|Listen|Move Silently|Open Lock|TYPE=Profession|Spot|Use Rope
###Block:
1	ABILITY:Avenging Executioner Class Ability|AUTOMATIC|Bloody Blade ~ Avenging Executioner|Sudden Strike ~ Avenging Executioner	DEFINE:SuddenStrikeDice|0	BONUS:VAR|SuddenStrikeDice|(CL+1)/2
2	ABILITY:Avenging Executioner Class Ability|AUTOMATIC|Rapid Intimidation ~ Avenging Executioner
4	ABILITY:Avenging Executioner Class Ability|AUTOMATIC|Dread Blade ~ Avenging Executioner
5	ABILITY:Avenging Executioner Class Ability|AUTOMATIC|Bloody Murder ~ Avenging Executioner


CLASS:Battle Trickster	HD:10		TYPE:Prestige	MAXLEVEL:3	SOURCEPAGE:p.28	BONUS:CHECKS|BASE.Fortitude|(CL/2)+2	BONUS:CHECKS|BASE.Reflex,BASE.Will|CL/3	BONUS:COMBAT|BAB|CL|TYPE=Base.REPLACE
CLASS:Battle Trickster	PREATT:5	PRESKILL:3,TYPE.Standard=6	PRETEXT:Any three skills 6 ranks each. Skill Tricks: Any two.		PREABILITY:2,CATEGORY=ST,TYPE.ST
CLASS:Battle Trickster	STARTSKILLPTS:4	CSKILL:Balance|Bluff|Climb|TYPE=Craft|Handle Animal|Jump|TYPE=Profession|Ride|Swim|Tumble|Use Rope
###Block:
1	ABILITY:Battle Trickster Class Ability|AUTOMATIC|Bonus Trick ~ Battle Trickster	DEFINE:BonusSkillTrickCount|0	BONUS:VAR|BonusSkillTrickCount|1
2	ABILITY:Battle Trickster Class Ability|AUTOMATIC|Bonus Feat ~ Battle Trickster
3	ABILITY:Battle Trickster Class Ability|AUTOMATIC|Tricky Fighting ~ Battle Trickster		BONUS:VAR|BonusSkillTrickCount|1


CLASS:Cloaked Dancer	HD:6		TYPE:Prestige	MAXLEVEL:5	SOURCEPAGE:p.31	BONUS:CHECKS|BASE.Reflex|(CL/2)+2	BONUS:CHECKS|BASE.Fortitude,BASE.Will|CL/3	BONUS:COMBAT|BAB|CL*3/4|TYPE=Base.REPLACE
CLASS:Cloaked Dancer	
CLASS:Cloaked Dancer	STARTSKILLPTS:6	CSKILL:Appraise|Balance|Bluff|Climb|Concentration|TYPE=Craft|Diplomacy|Disguise|Escape Artist|Gather Information|Jump|TYPE=Perform|TYPE=Profession|Sense Motive|Sleight of Hand|Speak Language|Swim|Tumble|Use Magic Device|Use Rope.
###Block:
1	ABILITY:Cloaked Dancer Class Ability|AUTOMATIC|Enchanting Dance ~ Cloaked Dancer
2	ABILITY:Cloaked Dancer Class Ability|AUTOMATIC|Surprise Strike ~ Cloaked Dancer	DEFINE:SurpriseStrikeDice|0	BONUS:VAR|SurpriseStrikeDice|1	ADD:SPELLCASTER|Arcane
4	BONUS:VAR|SurpriseStrikeDice|1	ADD:SPELLCASTER|Arcane

CLASS:Combat Trapsmith	HD:		TYPE:Prestige	MAXLEVEL:	SOURCEPAGE:p.	BONUS:CHECKS|BASE.Reflex,BASE.Will|(CL/2)+2	BONUS:CHECKS|BASE.Fortitude|CL/3	BONUS:COMBAT|BAB|CL*3/4|TYPE=Base.REPLACE
CLASS:Combat Trapsmith	
CLASS:Combat Trapsmith	STARTSKILLPTS:	CSKILL:
###Block:
1	ABILITY:Combat Trapsmith Class Ability|AUTOMATIC|

CLASS:Fortune's Friend	HD:		TYPE:Prestige	MAXLEVEL:	SOURCEPAGE:p.	BONUS:CHECKS|BASE.Reflex,BASE.Will|(CL/2)+2	BONUS:CHECKS|BASE.Fortitude|CL/3	BONUS:COMBAT|BAB|CL*3/4|TYPE=Base.REPLACE
CLASS:Fortune's Friend	
CLASS:Fortune's Friend	STARTSKILLPTS:	CSKILL:
###Block:
1	ABILITY:Fortune's Friend Class Ability|AUTOMATIC|

CLASS:Gray Guard	HD:		TYPE:Prestige	MAXLEVEL:	SOURCEPAGE:p.	BONUS:CHECKS|BASE.Reflex,BASE.Will|(CL/2)+2	BONUS:CHECKS|BASE.Fortitude|CL/3	BONUS:COMBAT|BAB|CL*3/4|TYPE=Base.REPLACE
CLASS:Gray Guard	
CLASS:Gray Guard	STARTSKILLPTS:	CSKILL:
###Block:
1	ABILITY:Gray Guard Class Ability|AUTOMATIC|

CLASS:Magical Trickster	HD:		TYPE:Prestige	MAXLEVEL:	SOURCEPAGE:p.	BONUS:CHECKS|BASE.Reflex,BASE.Will|(CL/2)+2	BONUS:CHECKS|BASE.Fortitude|CL/3	BONUS:COMBAT|BAB|CL*3/4|TYPE=Base.REPLACE
CLASS:Magical Trickster	
CLASS:Magical Trickster	STARTSKILLPTS:	CSKILL:
###Block:
1	ABILITY:Magical Trickster Class Ability|AUTOMATIC|

CLASS:Malconvoker	HD:		TYPE:Prestige	MAXLEVEL:	SOURCEPAGE:p.	BONUS:CHECKS|BASE.Reflex,BASE.Will|(CL/2)+2	BONUS:CHECKS|BASE.Fortitude|CL/3	BONUS:COMBAT|BAB|CL*3/4|TYPE=Base.REPLACE
CLASS:Malconvoker	
CLASS:Malconvoker	STARTSKILLPTS:	CSKILL:
###Block:
1	ABILITY:Malconvoker Class Ability|AUTOMATIC|

CLASS:Master of Masks	HD:		TYPE:Prestige	MAXLEVEL:	SOURCEPAGE:p.	BONUS:CHECKS|BASE.Reflex,BASE.Will|(CL/2)+2	BONUS:CHECKS|BASE.Fortitude|CL/3	BONUS:COMBAT|BAB|CL*3/4|TYPE=Base.REPLACE
CLASS:Master of Masks	
CLASS:Master of Masks	STARTSKILLPTS:	CSKILL:
###Block:
1	ABILITY:Master of Masks Class Ability|AUTOMATIC|

CLASS:Mountebank	HD:		TYPE:Prestige	MAXLEVEL:	SOURCEPAGE:p.	BONUS:CHECKS|BASE.Reflex,BASE.Will|(CL/2)+2	BONUS:CHECKS|BASE.Fortitude|CL/3	BONUS:COMBAT|BAB|CL*3/4|TYPE=Base.REPLACE
CLASS:Mountebank	
CLASS:Mountebank	STARTSKILLPTS:	CSKILL:
###Block:
1	ABILITY:Mountebank Class Ability|AUTOMATIC|

CLASS:Psibond Agent	HD:		TYPE:Prestige	MAXLEVEL:	SOURCEPAGE:p.	BONUS:CHECKS|BASE.Reflex,BASE.Will|(CL/2)+2	BONUS:CHECKS|BASE.Fortitude|CL/3	BONUS:COMBAT|BAB|CL*3/4|TYPE=Base.REPLACE
CLASS:Psibond Agent	
CLASS:Psibond Agent	STARTSKILLPTS:	CSKILL:
###Block:
1	ABILITY:Psibond Agent Class Ability|AUTOMATIC|

CLASS:Ssellwarp Sniper	HD:		TYPE:Prestige	MAXLEVEL:	SOURCEPAGE:p.	BONUS:CHECKS|BASE.Reflex,BASE.Will|(CL/2)+2	BONUS:CHECKS|BASE.Fortitude|CL/3	BONUS:COMBAT|BAB|CL*3/4|TYPE=Base.REPLACE
CLASS:Ssellwarp Sniper	
CLASS:Ssellwarp Sniper	STARTSKILLPTS:	CSKILL:
###Block:
1	ABILITY:Ssellwarp Sniper Class Ability|AUTOMATIC|

CLASS:Uncanny Trickster	HD:		TYPE:Prestige	MAXLEVEL:	SOURCEPAGE:p.	BONUS:CHECKS|BASE.Reflex,BASE.Will|(CL/2)+2	BONUS:CHECKS|BASE.Fortitude|CL/3	BONUS:COMBAT|BAB|CL*3/4|TYPE=Base.REPLACE
CLASS:Uncanny Trickster	
CLASS:Uncanny Trickster	STARTSKILLPTS:	CSKILL:
###Block:
1	ABILITY:Uncanny Trickster Class Ability|AUTOMATIC|

CLASS:xxx	HD:		TYPE:Prestige	MAXLEVEL:	SOURCEPAGE:p.	BONUS:CHECKS|BASE.Reflex,BASE.Will|(CL/2)+2	BONUS:CHECKS|BASE.Fortitude|CL/3	BONUS:COMBAT|BAB|CL*3/4|TYPE=Base.REPLACE
CLASS:xxx	
CLASS:xxx	STARTSKILLPTS:	CSKILL:
###Block:
1	ABILITY:xxx Class Ability|AUTOMATIC|

CLASS:xxx	HD:		TYPE:Prestige	MAXLEVEL:	SOURCEPAGE:p.	BONUS:CHECKS|BASE.Reflex,BASE.Will|(CL/2)+2	BONUS:CHECKS|BASE.Fortitude|CL/3	BONUS:COMBAT|BAB|CL*3/4|TYPE=Base.REPLACE
CLASS:xxx	
CLASS:xxx	STARTSKILLPTS:	CSKILL:
###Block:
1	ABILITY:xxx Class Ability|AUTOMATIC|

