# CVS $Revision: $ $Author: $ -- Wed Mar  5 16:52:34 2014 -- reformated by prettylst.pl v1.51 (build 22988)

#86	Deities: Domiel, Pistis Sophia.	CELESTIAL DOMAIN
#Deities: Estanna.	Community
#EnduranceDeities: Phieran.
#FEY DOMAINDeities: Valarian
#GLORY DOMAINDeities: Ayailla.
#Herald DOMAINDeities: Barachiel.
#JOY DOMAINDeities: Chaav.
#PLEASURE DOMAINDeities: Lastai.

#WRATH DOMAINDeities: Kharash.

# Domain Name	Source Page		Description																																												List of Domain Spells by Level
Celestial		SOURCEPAGE:p.86	DESC:Granted Power: You gain the supernatural ability to smite evil once per day. Add a +4 bonus to your melee attack roll and your cleric level to your damage. You must declare the smite before making the attack, and the attempt is wasted if the target is not evil.	SPELLLEVEL:DOMAIN|Celestial=1|Vision of Heaven|Celestial=2|Consecrate|Celestial=3|Blessed Sight|Celestial=4|Planar Ally (Lesser)|Celestial=5|Heavenly Lightning|Celestial=6|Call Faithful Servants|Celestial=7|Heavenly Lightning Storm|Celestial=8|Holy Aura|Celestial=9|Gate
Community		SOURCEPAGE:p.86	DESC:Granted Power: Use calm emotions as a spell-like ability once per day. Gain a +2 competence bonus on Diplomacy checks.																									SPELLLEVEL:DOMAIN|Community=1|Bless|Community=2|Status|Community=3|Prayer|Community=4|Greater Status|Community=5|Telepathic Bond|Community=6|Heroes' Feast|Community=7|Refuge|Community=8|Sympathy|Community=9|Heal (Mass)
Endurance		SOURCEPAGE:p.86	DESC:Granted Power: You can perform a feat of endurance, which is the supernatural ability to gain an enhancement bonus to Constitution equal to one-half your level. Activating the power is a free action, the power lasts 1 minute, and it is usable once per day.		SPELLLEVEL:DOMAIN|Endurance=1|Endure Elements|Endurance=2|Bear's Endurance|Endurance=3|Refreshment|Endurance=4|Sustain|Endurance=5|Stoneskin|Endurance=6|Bear's Endurance (Mass)|Endurance=7|Globe of Invulnerability|Endurance=8|Spell Turning|Endurance=9|Iron Body
Fey			SOURCEPAGE:p.86	DESC:Granted Power: Gain a +4 bonus on saving throws against the spell-like abilities of feys (such as dryads, nymphs, and sprites).																							SPELLLEVEL:DOMAIN|Fey=1|Faerie Fire|Fey=2|Charm Person|Fey=3|Inspired Aim|Fey=4|Blinding Beauty|Fey=5|Tree Stride|Fey=6|Heroes' Feast|Fey=7|Liveoak|Fey=8|Unearthly Beauty|Fey=9|Summon Nature's Ally IX

#87
Glory			SOURCEPAGE:p.87	DESC:Granted Power: Turn undead with a +2 bonus on the turning check and +1d6 to the turning damage roll.																												SPELLLEVEL:DOMAIN|Glory=1|Disrupt Undead|Glory=2|Glorious Raiment|Glory=3|Searing Light|Glory=4|Celestial Brilliance|Glory=5|Crown of Flame|Glory=6|Bolt of Glory|Glory=7|Sunbeam|Glory=8|Crown of Glory|Glory=9|Blinding Glory
Herald		SOURCEPAGE:p.87	DESC:Granted Power: Intimidate is a class skill. You gain a +4 sacred bonus on Diplomacy and Intimidate checks.																											SPELLLEVEL:DOMAIN|Herald=1|Comprehend Languages|Herald=2|Enthrall|Herald=3|Tongues|Herald=4|Sending|Herald=5|Command (Greater)|Herald=6|Dream|Herald=7|Aspect of the Deity|Herald=8|Crown of Glory|Herald=9|Aspect of the Deity (Greater)
Joy			SOURCEPAGE:p.87	DESC:Granted Power: You gain a +4 sacred bonus on Diplomacy checks.																																		SPELLLEVEL:DOMAIN|Joy=1|Vision of Heaven|Joy=2|Elation|Joy=3|Distilled Joy|Joy=4|Good Hope|Joy=5|Chaav's Laugh|Joy=6|Heroism (Greater)|Joy=7|Starmantle|Joy=8|Sympathy|Joy=9|Irresistible Dance
Pleasure		SOURCEPAGE:p.87	DESC:Granted Power: You are immune to any effect that damages or drains your Charisma.																															SPELLLEVEL:DOMAIN|Pleasure=1|Remove Fear|Pleasure=2|Lastai's Caress|Pleasure=3|Heart's Ease|Pleasure=4|Remove Fatigue|Pleasure=5|Eagle's Splendor (Mass)|Pleasure=6|Celestial Blood|Pleasure=7|Empyreal Ecstasy|Pleasure=8|Spread of Contentment|Pleasure=9|Sublime Revelry
Wrath			SOURCEPAGE:p.87	DESC:Granted Power: Once per day, you may make a free attack of opportunity against any opponent that damages you with a melee attack. This ability does not allow you to make more than one attack of opportunity in a round.								SPELLLEVEL:DOMAIN|Wrath=1|Doom|Wrath=2|Energize Potion|Wrath=3|Affliction|Wrath=4|Radiant Shield|Wrath=5|Righteous Might|Wrath=6|Vengeance Halo|Wrath=7|Righteous Smite|Wrath=8|Last Judgment|Wrath=9|Storm of Vengeance
# Glory and Wrath are in Spell Compendium
