

#Archon	SOURCEPAGE:p.159
Owl Archon		SORTKEY:Archon	SOURCEPAGE:p.159	STARTFEATS:1	RACETYPE:Outsider	TYPE:Outsider	RACESUBTYPE:Archon|Extraplanar|Good|Lawful	SIZE:L	MONSTERCLASS:Outsider:10	MOVE:Walk,30,Fly,90	DEFINE:Maneuverability|0	BONUS:VAR|Maneuverability|4	BONUS:COMBAT|AC|10|TYPE=NaturalArmor	FACE:10	REACH:10	AUTO:LANG|Celestial|Draconic|Infernal|Sylvan	NATURALATTACKS:Claw,Natural.Weapon.Melee,*2,1d8|Bite,Natural.Weapon.Melee,*1,1d6	CR:11	HITDICEADVANCEMENT:20,30	LEVELADJUSTMENT:8	KIT:1|LG	ABILITY:Internal|AUTOMATIC|Race Traits ~ Owl Archon
Sword Archon	SORTKEY:Archon	SOURCEPAGE:p.160	STARTFEATS:1	RACETYPE:Outsider	TYPE:Outsider	RACESUBTYPE:Archon|Extraplanar|Good|Lawful	SIZE:L	MONSTERCLASS:Outsider:11	MOVE:Walk,40,Fly,90	DEFINE:Maneuverability|0	BONUS:VAR|Maneuverability|4	BONUS:COMBAT|AC|14|TYPE=NaturalArmor	FACE:10	REACH:10	AUTO:LANG|Celestial|Draconic|Infernal|Sylvan	NATURALATTACKS:Armblade,Natural.Weapon.Melee,*2,1d8,SPROP=+2d6 Holy, +1d6 Fire	CR:11	HITDICEADVANCEMENT:21,33	LEVELADJUSTMENT:8	KIT:1|LG	ABILITY:Internal|AUTOMATIC|Race Traits ~ Sword Archon



#Throne Archon	SORTKEY:Archon	SOURCEPAGE:p.162	STARTFEATS:1	RACETYPE:Outsider	TYPE:Outsider	RACESUBTYPE:Archon|Extraplanar|Good|Lawful
#Warden Archon	SORTKEY:Archon	SOURCEPAGE:p.163	STARTFEATS:1	RACETYPE:Outsider	TYPE:Outsider	RACESUBTYPE:Archon|Extraplanar|Good|Lawful
#Asura		SOURCEPAGE:p.164
#Bariaur		SOURCEPAGE:p.165
#Crypt Warden	SOURCEPAGE:p.167
#-Eladrin
#Coure		SOURCEPAGE:p.168
#Firre		SOURCEPAGE:p.169
#Shiradi		SOURCEPAGE:p.170
#Tulani		SOURCEPAGE:p.171
#-Guardinal
#Equinal		SOURCEPAGE:p.173
#Musteval		SOURCEPAGE:p.174
#Ursinal		SOURCEPAGE:p.174
#Hollyphant		SOURCEPAGE:p.176
#Leskylor		SOURCEPAGE:p.177
#Three-Headed Leskylor	SOURCEPAGE:p.178
#Moon Dog			SOURCEPAGE:p.179
#Quesar			SOURCEPAGE:p.180
#Rhek				SOURCEPAGE:p.181
#Swarm (Divine Wrath)	Multiple entries
#				SOURCEPAGE:p.




