


###Prestige Class
CLASS:Disciple of the Eye	SOURCEPAGE:p.75	HD:8	MAXLEVEL:5	BONUS:CHECKS|BASE.Fortitude,BASE.Reflex,BASE.Will|CL/2+2
CLASS:Disciple of the Eye	BONUS:COMBAT|BAB|CL*3/4
CLASS:Disciple of the Eye	PRERACE:1,RACESUBTYPE=Dragonblood,RACETYPE=Dragon	PREALIGN:1,LG,LN,LE	PRESKILL:2,Concentration=8,Spot=8	PREFEAT:1,Improved Unarmed Strike
CLASS:Disciple of the Eye	STARTSKILLPTS:4	CSKILL:Concentration|Climb|TYPE=Craft|Diplomacy|Gather Information|Hide|Jump|Intimidate|Knowledge (Arcana)|Knowledge (Geography)|Listen|Move Silently|TYPE=Profession|Sense Motive|Spot|Survival|Swim|Tumble
###Block:
2	BONUS:VAR|DiscipleOfTheEyeNaturalArmorBonus|CL/2
###Block:
1	ABILITY:Disciple of the Eye Class Feature|AUTOMATIC|Disciple of the Eye ~ Fast Movement|Disciple of the Eye ~ Flurry of Blows|Disciple of the Eye ~ Wandering Eyes|Disciple of the Eye ~ Natural Armor Bonus	
2	ABILITY:Disciple of the Eye Class Feature|AUTOMATIC|Disciple of the Eye ~ Frightful Attack
3	ABILITY:Disciple of the Eye Class Feature|AUTOMATIC|Disciple of the Eye ~ Keen Senses
4	ABILITY:Disciple of the Eye Class Feature|AUTOMATIC|Disciple of the Eye ~ Glare of the Enraged Dragon
5	ABILITY:Disciple of the Eye Class Feature|AUTOMATIC|Disciple of the Eye ~ Blindsense

CLASS:Dracolexi	HD:6	SOURCEPAGE:p.79	BONUS:CHECKS|BASE.Will|CL/2+2	BONUS:CHECKS|BASE.Fortitude,BASE.Reflex|CL/3
CLASS:Dracolexi	BONUS:COMBAT|BAB|CL*1/2
CLASS:Dracolexi	PRETEXT:Feats: Eschew Materials or Still Spell. Skills: Knowledge (Arcana) 8 ranks, Perform (Oratory) 4 ranks, Spellcraft 4 ranks. Spells: Must be able to spontaneously cast 2nd-level arcane spells, must know at least one languagedependent spell. Languages: Must be able to speak Draconic plus at least two languages from the following list: Auran, Dwarven, Elven, Ignan.	PRESKILL:3,Knowledge (Arcana)=8,Perform (Oratory)=4,Spellcraft=4	PREFEAT:1,Eschew Materials,Still Spell	PRELANG:1,Draconic	PRELANG:2,Auran,Dwarven,Elven,Ignan
CLASS:Dracolexi	STARTSKILLPTS:4	CSKILL:Concentration|Climb|TYPE=Craft|Decipher Script|Gather Information|Jump|TYPE=Knowledge|TYPE=Profession|Sense Motive|Spellcraft|Search|Speak Language|Swim|Use Magic Device
###Block
1	BONUS:VAR|DracolexiDraconicWordCount|CL+2/3
1	BONUS:VAR|DracolexiDraconicWordLVL|CL
###Block
1	ABILITY:Dracolexi Class Feature|AUTOMATIC|Dracolexi ~ Spellcasting
1	ABILITY:Dracolexi Class Feature|AUTOMATIC|Dracolexi ~ Draconic Words
2	ABILITY:Dracolexi Class Feature|AUTOMATIC|Dracolexi ~ Bonus Feat
3	ABILITY:Dracolexi Class Feature|AUTOMATIC|Dracolexi ~ Power Word Spells
5	ABILITY:Dracolexi Class Feature|AUTOMATIC|Dracolexi ~ Bonus Spells Known
8	ABILITY:Dracolexi Class Feature|AUTOMATIC|Dracolexi ~ Voice in Silence

CLASS:Dragon Devotee	SOURCEPAGE:p.84	HD:6	MAXLEVEL:5	BONUS:CHECKS|BASE.Fortitude|CL/2+2	BONUS:CHECKS|BASE.Reflex,BASE.Will|CL/3
CLASS:Dragon Devotee	BONUS:COMBAT|BAB|CL*3/4
CLASS:Dragon Devotee	!PRERACE:1,RACETYPE=Dragon,RACESUBTYPE=Dragonblood	!PRETEMPLATE:1,Draconic Template	PREMULT:1,[PREATT:5],[PREVARGTEQ:BaseAttackBonus,5]	PRESKILL:1,Knowledge (Arcana)=1	PRELANG:1,Draconic
CLASS:Dragon Devotee	STARTSKILLPTS:4	CSKILL:Climb|Concentration|Intimidate|Jump|Knowledge (Arcana)|Listen|Sense Motive|Spellcraft|Spot
###Block
3	ADD:SPELLCASTER|Sorcerer
5	ADD:SPELLCASTER|Sorcerer
###Block
1	ABILITY:Dragon Devotee Class Feature|AUTOMATIC|Dragon Devotee ~ Ability Increase|Dragon Devotee ~ Natural Armor
2	ABILITY:Dragon Devotee Class Feature|AUTOMATIC|Dragon Devotee ~ Combat Technique|Dragon Devotee ~ Draconic Resistance
3	ABILITY:Dragon Devotee Class Feature|AUTOMATIC|Dragon Devotee ~ Ignore Spell Failure|Dragon Devotee ~ Spellcasting
4	ABILITY:Dragon Devotee Class Feature|AUTOMATIC|Dragon Devotee ~ Claws
5	ABILITY:Dragon Devotee Class Feature|AUTOMATIC|Dragon Devotee ~ Draconic Template

CLASS:Dragonheart Mage	SOURCEPAGE:p.88	HD:6	BONUS:CHECKS|BASE.Fortitude,BASE.Will|CL/2+2	BONUS:CHECKS|BASE.Reflex|CL/3	
CLASS:Dragonheart Mage	BONUS:COMBAT|BAB|CL*1/2
CLASS:Dragonheart Mage		PRETEXT:Spellcasting: Ability to spontaneously cast arcane spells.	PRESPELLCAST:MEMORIZE=N	PRESPELLTYPE:1,Arcane=1		PRESKILL:1,Knowledge (Arcana)=8	PREFEAT:1,Draconic Heritage	PRELANG:1,Draconic
CLASS:Dragonheart Mage	STARTSKILLPTS:2	CSKILL:Bluff|Concentration|Gather Information|TYPE=Knowledge|Listen|Speak Language|Search|Spellcraft|Spot
###Block
1	ABILITY:Dragonheart Mage Class Feature|AUTOMATIC|Dragonheart Mage ~ Draconic Breath
2	ABILITY:Dragonheart Mage Class Feature|AUTOMATIC|Dragonheart Mage ~ Spellcasting|Dragonheart Mage ~ Draconic Feat
###Block
2	ADD:SPELLCASTER|ANY
3	ADD:SPELLCASTER|ANY
4	ADD:SPELLCASTER|ANY
5	ADD:SPELLCASTER|ANY
7	ADD:SPELLCASTER|ANY
8	ADD:SPELLCASTER|ANY
9	ADD:SPELLCASTER|ANY
10	ADD:SPELLCASTER|ANY
###Block
1	BONUS:VAR|DraconicBreathDieSize|6	BONUS:VAR|DraconicBreathDice|2
6	BONUS:VAR|DraconicBreathDieSize|2
10	BONUS:VAR|DraconicBreathDieSize|-2	BONUS:VAR|DraconicBreathDice|1
###Block
2	BONUS:VAR|DraconicFeatCount|1
4	BONUS:VAR|DraconicFeatCount|1
8	BONUS:VAR|DraconicFeatCount|1
11	PREPCLEVEL:MIN=20

CLASS:Singer of Concordance	SOURCEPAGE:p.91	HD:6	BONUS:CHECKS|BASE.Reflex,BASE.Will|CL/2+2	BONUS:CHECKS|BASE.Fortitude|CL/3
CLASS:Singer of Concordance	BONUS:COMBAT|BAB|CL*1/2
CLASS:Singer of Concordance	PRERACE:1,RACESUBTYPE=Dragonblood,RACETYPE=Dragon	PRESPELLTYPE:1,Divine=3	PRESKILL:1,Knowledge (Religion)=8	PREDEITY:1,Io
CLASS:Singer of Concordance	STARTSKILLPTS:4	CSKILL:Concentration|Diplomacy|Heal|Knowledge (Arcana)|Knowledge (The Planes)|Knowledge (Religion)|TYPE=Profession|Sense Motive|Spellcraft|Survival
###Block
1	ABILITY:Singer of Concordance Class Feature|AUTOMATIC|Singer of Concordance ~ Spellcasting|Singer of Concordance ~ Aspect of Peace
2	ABILITY:Singer of Concordance Class Feature|AUTOMATIC|Singer of Concordance ~ Bonus Domain
3	ABILITY:Singer of Concordance Class Feature|AUTOMATIC|Singer of Concordance ~ Aspect of Refuge
5	ABILITY:Singer of Concordance Class Feature|AUTOMATIC|Singer of Concordance ~ Aspect of Exclusion
6	ABILITY:Singer of Concordance Class Feature|AUTOMATIC|Singer of Concordance ~ Aspect of Healing
9	ABILITY:Singer of Concordance Class Feature|AUTOMATIC|Singer of Concordance ~ Aspect of Safety
10	ABILITY:Singer of Concordance Class Feature|AUTOMATIC|Singer of Concordance ~ Sphere of Concordance
###Block
5	BONUS:VAR|AspectOfExclusionTimes|1
8	BONUS:VAR|AspectOfExclusionTimes|1
9	BONUS:VAR|AspectOfSafetyTimes|1
###Block
1	ADD:SPELLCASTER|ANY
2	ADD:SPELLCASTER|ANY
3	ADD:SPELLCASTER|ANY
4	ADD:SPELLCASTER|ANY
5	ADD:SPELLCASTER|ANY
6	ADD:SPELLCASTER|ANY
7	ADD:SPELLCASTER|ANY
8	ADD:SPELLCASTER|ANY
9	ADD:SPELLCASTER|ANY
10	ADD:SPELLCASTER|ANY
11	PREPCLEVEL:MIN=20


###Block: Substitution Classes
CLASS:Cleric.MOD
SUBSTITUTIONCLASS:Dragonblood Cleric	PRERACE:1,RACESUBTYPE=Dragonblood	HD:8		SOURCEPAGE:p.106	STARTSKILLPTS:2
SUBSTITUTIONLEVEL:1	ABILITY:Dragonblood Cleric Class Feature|AUTOMATIC|Dragonblood Cleric ~ Turn Energy
SUBSTITUTIONLEVEL:5	ABILITY:Dragonblood Cleric Class Feature|AUTOMATIC|Dragonblood Cleric ~ Energy Barrier
SUBSTITUTIONLEVEL:9	ABILITY:Dragonblood Cleric Class Feature|AUTOMATIC|Dragonblood Cleric ~ Energy Sustenance
SUBSTITUTIONLEVEL:1	BONUS:VAR|AlignmentAuraBase|CL
SUBSTITUTIONLEVEL:1	ABILITY:Cleric Class Feature|AUTOMATIC|Cleric ~ Weapon and Armor Proficiency|!PREABILITY:1,CATEGORY=ACF,TYPE.ClericProficiences
SUBSTITUTIONLEVEL:1	ABILITY:Cleric Class Feature|AUTOMATIC|Cleric ~ Aura
SUBSTITUTIONLEVEL:1	ABILITY:Cleric Class Feature|AUTOMATIC|Cleric ~ Spells
SUBSTITUTIONLEVEL:1	ABILITY:Cleric Class Feature|AUTOMATIC|Cleric ~ Spontaneous Casting
SUBSTITUTIONLEVEL:1	CAST:3,1
SUBSTITUTIONLEVEL:5	CAST:5,3,2,1	BONUS:SPELLCAST|CLASS=Cleric;LEVEL=3|-1
SUBSTITUTIONLEVEL:9	CAST:6,4,4,3,2,1	BONUS:SPELLCAST|CLASS=Cleric;LEVEL=5|-1

