
CLASS:Death's Chosen	HD:10	TYPE:PC.Prestige	DEFINE:Deaths_ChosenLVL|0	BONUS:VAR|Deaths_ChosenLVL|CL
CLASS:Death's Chosen	BONUS:COMBAT|BASEAB|classlevel("APPLIEDAS=NONEPIC")
CLASS:Death's Chosen	BONUS:SAVE|BASE.Fortitude|classlevel("APPLIEDAS=NONEPIC")/2+2
CLASS:Death's Chosen	BONUS:SAVE|BASE.Reflex|classlevel("APPLIEDAS=NONEPIC")/3
CLASS:Death's Chosen	BONUS:SAVE|BASE.Will|classlevel("APPLIEDAS=NONEPIC")/3
CLASS:Death's Chosen	SOURCEPAGE:p.41	MAXLEVEL:3
CLASS:Death's Chosen	!PREALIGN:LG,NG,CG	PRERACE:1,RACETYPE=Aberration,RACETYPE=Dragon,RACETYPE=Giant,RACETYPE=Humanoid,RACETYPE=Magical Beast,RACETYPE=Monstrous Humanoid	PRETOTALAB:5	PRESKILL:2,Knowledge (Religion)=1,Spot=2	PRETEXT:Type: Aberration, dragon, giant, humanoid, magical beast, or monstrous humanoid. Alignment: Any nongood. Base Attack Bonus: +5. Skills: Knowledge (religion) 1 rank, Spot 2 ranks. Special: The character must be accepted as a death's chosen by a sentient undead creature with at least as many Hit Dice as the character.
CLASS:Death's Chosen	STARTSKILLPTS:2	CSKILL:TYPE=Craft|Diplomacy|Gather Information|Hide|Knowledge (religion)|Listen|Move Silently|TYPE=Profession|Search|Spot
###Block
1	ABILITY:Death's Chosen Class Feature|AUTOMATIC|Death's Chosen ~ Weapon and Armor Proficiency	
1	ABILITY:Death's Chosen Class Feature|AUTOMATIC|Death's Chosen ~ Shield of the Master			
1	ABILITY:Death's Chosen Class Feature|AUTOMATIC|Death's Chosen ~ Vigor of the Chosen			
2	ABILITY:Death's Chosen Class Feature|AUTOMATIC|Death's Chosen ~ Will of the Chosen			
3	ABILITY:Death's Chosen Class Feature|AUTOMATIC|Death's Chosen ~ Bravery of the Chosen		
3	ABILITY:Death's Chosen Class Feature|AUTOMATIC|Death's Chosen ~ Unnatural Aura				

CLASS:Dirgesinger	HD:6	TYPE:PC.Prestige	DEFINE:DirgesingerLVL|0	BONUS:VAR|DirgesingerLVL|CL
CLASS:Dirgesinger	BONUS:COMBAT|BASEAB|classlevel("APPLIEDAS=NONEPIC")*3/4|TYPE=Base.REPLACE|PREVAREQ:UseAlternateBABProgression,0	
CLASS:Dirgesinger	BONUS:VAR|ClassBABModerate|classlevel("APPLIEDAS=NONEPIC")|PREVAREQ:UseFractionalBAB,1	
CLASS:Dirgesinger	BONUS:SAVE|BASE.Fortitude|classlevel("APPLIEDAS=NONEPIC")/3
CLASS:Dirgesinger	BONUS:SAVE|BASE.Reflex|classlevel("APPLIEDAS=NONEPIC")/3
CLASS:Dirgesinger	BONUS:SAVE|BASE.Will|classlevel("APPLIEDAS=NONEPIC")/2+2
CLASS:Dirgesinger	PRETEXT:Alignment: Any nongood. Skills: Knowledge (religion) 4 ranks, Perform (any) 8 ranks. Feat: Requiem. Special: Bardic music class feature.	!PREALIGN:LG,NG,CG	PRESKILL:1,Knowledge (religion)=4	PRESKILL:1,TYPE.Perform=8	PREABILITY:1,CATEGORY=FEAT,Requiem	PREABILITY:1,CATEGORY=Special Ability,TYPE.Bardic Music
CLASS:Dirgesinger	SOURCEPAGE:p.43	MAXLEVEL:5	STARTSKILLPTS:4	CSKILL:Bluff|Concentration|TYPE=Craft|Diplomacy|Intimidate|Knowledge (history)|Knowledge (religion)|Listen|TYPE=Perform|Sense Motive|Speak Language
###Block
1	ABILITY:Dirgesinger Class Feature|AUTOMATIC|Dirgesinger ~ Weapon and Armor Proficiency	
1	ABILITY:Dirgesinger Class Feature|AUTOMATIC|Dirgesinger ~ Dirgesong				
1	ABILITY:Dirgesinger Class Feature|AUTOMATIC|Dirgesinger ~ Song of Sorrow			
2	ABILITY:Dirgesinger Class Feature|AUTOMATIC|Dirgesinger ~ Song of Bolstering		
3	ABILITY:Dirgesinger Class Feature|AUTOMATIC|Dirgesinger ~ Song of Grief			
4	ABILITY:Dirgesinger Class Feature|AUTOMATIC|Dirgesinger ~ Song of Horror			
5	ABILITY:Dirgesinger Class Feature|AUTOMATIC|Dirgesinger ~ Song of Awakening			

CLASS:Master of Radiance	HD:8	TYPE:PC.Prestige	DEFINE:Master_of_RadianceLVL|0	BONUS:VAR|Master_of_RadianceLVL|CL
CLASS:Master of Radiance	BONUS:COMBAT|BASEAB|classlevel("APPLIEDAS=NONEPIC")*3/4|TYPE=Base.REPLACE|PREVAREQ:UseAlternateBABProgression,0	
CLASS:Master of Radiance	BONUS:VAR|ClassBABModerate|classlevel("APPLIEDAS=NONEPIC")|PREVAREQ:UseFractionalBAB,1	
CLASS:Master of Radiance	BONUS:SAVE|BASE.Fortitude|classlevel("APPLIEDAS=NONEPIC")/2+2
CLASS:Master of Radiance	BONUS:SAVE|BASE.Reflex|classlevel("APPLIEDAS=NONEPIC")/3
CLASS:Master of Radiance	BONUS:SAVE|BASE.Will|classlevel("APPLIEDAS=NONEPIC")/2+2
CLASS:Master of Radiance	PRETEXT:Alignment: Any nonevil. Skills: Knowledge (nature) 8 ranks, Knowledge (religion) 5 ranks. Spells: Able to cast daylight as a divine spell.	!PREALIGN:LE,CE,NE	PRESKILL:2,Knowledge (Nature)=8,Knowledge (Religion)=5	PRESPELLTYPE:1,Divine=1	PRESPELLCAST:1,Daylight
CLASS:Master of Radiance	SOURCEPAGE:p.44	MAXLEVEL:5	STARTSKILLPTS:4	CSKILL:Concentration|Diplomacy|Heal|Knowledge (Nature)|Knowledge (Religion)|TYPE=Profession|Spellcraft|Spot
###Block
2:REPEATLEVEL:1	ADD:SPELLCASTER|Divine
###Block
1	ABILITY:Master of Radiance Class Feature|AUTOMATIC|Master of Radiance ~ Weapon and Armor Proficiency	
1	ABILITY:Master of Radiance Class Feature|AUTOMATIC|Master of Radiance ~ Spells per Day/Spells Known	
1	ABILITY:Master of Radiance Class Feature|AUTOMATIC|Master of Radiance ~ Turn Undead			
1	ABILITY:Master of Radiance Class Feature|AUTOMATIC|Master of Radiance ~ Radiant Aura			
2	ABILITY:Master of Radiance Class Feature|AUTOMATIC|Master of Radiance ~ Searing Light			
5	ABILITY:Master of Radiance Class Feature|AUTOMATIC|Master of Radiance ~ Beam of Sunlight			

CLASS:Master of Shrouds	HD:8	TYPE:PC.Prestige	DEFINE:Master_of_ShroudsLVL|0	BONUS:VAR|Master_of_ShroudsLVL|CL
CLASS:Master of Shrouds	BONUS:COMBAT|BASEAB|classlevel("APPLIEDAS=NONEPIC")*3/4|TYPE=Base.REPLACE|PREVAREQ:UseAlternateBABProgression,0	
CLASS:Master of Shrouds	BONUS:VAR|ClassBABModerate|classlevel("APPLIEDAS=NONEPIC")|PREVAREQ:UseFractionalBAB,1	
CLASS:Master of Shrouds	BONUS:SAVE|BASE.Fortitude|classlevel("APPLIEDAS=NONEPIC")/3
CLASS:Master of Shrouds	BONUS:SAVE|BASE.Reflex|classlevel("APPLIEDAS=NONEPIC")/3
CLASS:Master of Shrouds	BONUS:SAVE|BASE.Will|classlevel("APPLIEDAS=NONEPIC")/2+2
CLASS:Master of Shrouds	PRETEXT:Alignment: Any nongood. Base Save Bonus: Will +5. Skills: Concentration 5 ranks, Knowledge (religion) 5 ranks, Spellcraft 5 ranks. Feats: Augment Summoning, Spell Focus (conjuration). Spells: Able to cast protection from good as a divine spell. Special: Able to rebuke undead.	!PREALIGN:LG,CG,NG	PRECHECKBASE:1,Will=5	PRESKILL:3,Concentration=5,Knowledge (Religion)=5,Spellcraft=5	PREABILITY:2,CATEGORY=FEAT,Augment Summoning,Spell Focus (Conjuration)	PREABILITY:1,CATEGORY=Special Ability,TYPE.Rebuke Undead
CLASS:Master of Shrouds	SOURCEPAGE:p.46	STARTSKILLPTS:2	CSKILL:Concentration|TYPE=Craft|Diplomacy|Hide|Knowledge (Arcana)|Knowledge (Religion)|TYPE=Profession|Spellcraft
###Block
2:REPEATLEVEL:1	ADD:SPELLCASTER|Divine
###Block
1	ABILITY:Master of Shrouds Class Feature|AUTOMATIC|Master of Shrouds ~ Weapon and Armor Proficiency	
1	ABILITY:Master of Shrouds Class Feature|AUTOMATIC|Master of Shrouds ~ Spells per Day/Spells Known	
1	ABILITY:Master of Shrouds Class Feature|AUTOMATIC|Master of Shrouds ~ Extra Rebuking			
1	ABILITY:Master of Shrouds Class Feature|AUTOMATIC|Master of Shrouds ~ Rebuke Undead			
2	ABILITY:Master of Shrouds Class Feature|AUTOMATIC|Master of Shrouds ~ Summon Undead			
5	ABILITY:Master of Shrouds Class Feature|AUTOMATIC|Master of Shrouds ~ Improved Summoning		
###Block
6	PREPCLEVEL:MIN=20

CLASS:Pale Master	HD:4	TYPE:PC.Prestige	DEFINE:Pale_MasterLVL|0	BONUS:VAR|Pale_MasterLVL|CL
CLASS:Pale Master	BONUS:COMBAT|BASEAB|classlevel("APPLIEDAS=NONEPIC")*1/2|TYPE=Base.REPLACE|PREVAREQ:UseAlternateBABProgression,0	
CLASS:Pale Master	BONUS:VAR|ClassBABPoor|classlevel("APPLIEDAS=NONEPIC")|PREVAREQ:UseFractionalBAB,1
CLASS:Pale Master	BONUS:SAVE|BASE.Fortitude|classlevel("APPLIEDAS=NONEPIC")/3
CLASS:Pale Master	BONUS:SAVE|BASE.Reflex|classlevel("APPLIEDAS=NONEPIC")/3
CLASS:Pale Master	BONUS:SAVE|BASE.Will|classlevel("APPLIEDAS=NONEPIC")/2+2
CLASS:Pale Master	PRETEXT:Alignment: Any nongood. Skill: Knowledge (religion) 8 ranks. Feat: Skill Focus (Knowledge [religion]). Spells: Able to cast command undead and vampiric touch as arcane spells. Special: The candidate must have spent three or more days locked in a tomb with animate undead. This contact may be peaceful or violent. A character who is slain by the undead and later raised still meets the requirement, although the resulting level loss may delay compliance with other prerequisites.	!PREALIGN:LG,NG,CG	PRESKILL:1,Knowledge (Religion)=8	PREABILITY:1,CATEGORY=FEAT,Skill Focus (Knowledge (Religion))	PRESPELLCAST:2,Command Undead,Vampiric Touch	PRESPELLTYPE:1,Arcane=1
CLASS:Pale Master	SOURCEPAGE:p.47	STARTSKILLPTS:2	CSKILL:Concentration|TYPE=Craft|Diplomacy|Hide|TYPE=Knowledge|Listen|Move Silently|TYPE=Profession|Spellcraft
###Block
2:REPEATLEVEL:1	ADD:SPELLCASTER|Arcane
###Block
1	ABILITY:Pale Master Class Feature|AUTOMATIC|Pale Master ~ Weapon and Armor Proficiency	
1	ABILITY:Pale Master Class Feature|AUTOMATIC|Pale Master ~ Spells per Day/Spells Known	
2	ABILITY:Pale Master Class Feature|AUTOMATIC|Pale Master ~ Animate Dead			
3	ABILITY:Pale Master Class Feature|AUTOMATIC|Pale Master ~ Darkvision				
4	ABILITY:Pale Master Class Feature|AUTOMATIC|Pale Master ~ Undead Armor Affinity		
5	ABILITY:Pale Master Class Feature|AUTOMATIC|Pale Master ~ Control Undead			
5	ABILITY:Pale Master Class Feature|AUTOMATIC|Pale Master ~ Deathless Vigor			
6	ABILITY:Pale Master Class Feature|AUTOMATIC|Pale Master ~ Undead Graft			
7	ABILITY:Pale Master Class Feature|AUTOMATIC|Pale Master ~ Tough as Bone	
8	ABILITY:Pale Master Class Feature|AUTOMATIC|Pale Master ~ Undead Cohort	
10	ABILITY:Pale Master Class Feature|AUTOMATIC|Pale Master ~ Deathless Mastery	


CLASS:Sacred Purifier	HD:8	TYPE:PC.Prestige	DEFINE:Sacred_PurifierLVL|0	BONUS:VAR|Sacred_PurifierLVL|CL
CLASS:Sacred Purifier	BONUS:COMBAT|BASEAB|classlevel("APPLIEDAS=NONEPIC")*3/4|TYPE=Base.REPLACE|PREVAREQ:UseAlternateBABProgression,0	
CLASS:Sacred Purifier	BONUS:VAR|ClassBABModerate|classlevel("APPLIEDAS=NONEPIC")|PREVAREQ:UseFractionalBAB,1	
CLASS:Sacred Purifier	BONUS:SAVE|BASE.Fortitude|classlevel("APPLIEDAS=NONEPIC")/2+2
CLASS:Sacred Purifier	BONUS:SAVE|BASE.Reflex|classlevel("APPLIEDAS=NONEPIC")/3
CLASS:Sacred Purifier	BONUS:SAVE|BASE.Will|classlevel("APPLIEDAS=NONEPIC")/2+2
CLASS:Sacred Purifier	PRETEXT:Alignment: Any good. Base Will Save Bonus: +5. Skill: Knowledge (religion) 8 ranks. Feat: Extra Turning. Spells: Able to cast 2nd-level divine spells. Special: Able to turn undead.	PREALIGN:LG,CG,NG	PRECHECKBASE:1,Will=5	PRESKILL:1,Knowledge (religion)=8	PREABILITY:1,CATEGORY=FEAT,Extra Turning	PRESPELLTYPE:1,Divine=2	PREABILITY:1,CATEGORY=Special Ability,TYPE=Turn Undead
CLASS:Sacred Purifier	SOURCEPAGE:p.49	MAXLEVEL:5	STARTSKILLPTS:2	CSKILL:Concentration|Diplomacy|Heal|Knowledge (religion)|TYPE=Profession|Search|Spellcraft
###Block
2:REPEATLEVEL:1	ADD:SPELLCASTER|Divine
###Block
1	ABILITY:Sacred Purifier Class Feature|AUTOMATIC|Sacred Purifier ~ Weapon and Armor Proficiency	
1	ABILITY:Sacred Purifier Class Feature|AUTOMATIC|Sacred Purifier ~ Spells per Day/Spells Known	
1	ABILITY:Sacred Purifier Class Feature|AUTOMATIC|Sacred Purifier ~ Greater Turning			
1	ABILITY:Sacred Purifier Class Feature|AUTOMATIC|Sacred Purifier ~ Turn Undead				
3	ABILITY:Sacred Purifier Class Feature|AUTOMATIC|Sacred Purifier ~ Sacred Strike				
5	ABILITY:Sacred Purifier Class Feature|AUTOMATIC|Sacred Purifier ~ Positive Energy Burst		

###Block: True Necromancer
CLASS:True Necromancer	HD:6		TYPE:PC.Prestige	CLASSTYPE:Prestige	ABB:TNec		SOURCEPAGE:p.51	BONUS:COMBAT|BASEAB|classlevel("APPLIEDAS=NONEPIC")*1/2|PREVAREQ:UseFractionalBAB,0		BONUS:VAR|ClassBABPoor|classlevel("APPLIEDAS=NONEPIC")|PREVAREQ:UseFractionalBAB,1	BONUS:SAVE|BASE.Fortitude|classlevel("APPLIEDAS=NONEPIC")/3	BONUS:SAVE|BASE.Reflex|classlevel("APPLIEDAS=NONEPIC")/3	BONUS:SAVE|BASE.Will|classlevel("APPLIEDAS=NONEPIC")/2+2	DEFINE:True_NecromancerLVL|0	BONUS:VAR|True_NecromancerLVL|CL
# Class Name		Required Skill								Req. Spell Type
CLASS:True Necromancer	!PREALIGN:LG,NG,CG	PRETEXT:Spells: Able to cast summon undead II as a divine spell and command undead as an arcane spell.	PRESPELL:2,Summon Undead II,Command Undead	PREABILITY:1,CATEGORY=Special Ability,Rebuke Undead	PREDOMAIN:1,Death	PRESKILL:2,Knowledge (Arcana)=8,Knowledge (Religion)=8	PRESPELLTYPE:1,Arcane=2	PRESPELLTYPE:1,Divine=2	PREABILITY:1,CATEGORY=FEAT,Spell Focus (Necromancy)
# Class Name		Skill Pts/Lvl	Class Skill
CLASS:True Necromancer	STARTSKILLPTS:2	CSKILL:Concentration|TYPE=Craft|Heal|Knowledge (Arcana)|Knowledge (Religion)|TYPE=Profession|Search|Spellcraft
###Block:
1	ABILITY:True Necromancer Class Feature|AUTOMATIC|True Necromancer ~ Weapon and Armor Proficiency
1	ABILITY:True Necromancer Class Feature|AUTOMATIC|True Necromancer ~ Spells per Day
1	ABILITY:True Necromancer Class Feature|AUTOMATIC|True Necromancer ~ Rebuke Undead
2	ABILITY:True Necromancer Class Feature|AUTOMATIC|True Necromancer ~ Create Undead	
3	ABILITY:True Necromancer Class Feature|AUTOMATIC|True Necromancer ~ Necromantic Prowess
4	ABILITY:True Necromancer Class Feature|AUTOMATIC|True Necromancer ~ Zone Of Desecration
7	ABILITY:True Necromancer Class Feature|AUTOMATIC|True Necromancer ~ Major Desecration
8	ABILITY:True Necromancer Class Feature|AUTOMATIC|True Necromancer ~ Create Greater Undead	
10	ABILITY:True Necromancer Class Feature|AUTOMATIC|True Necromancer ~ Horrid Wilting
13	ABILITY:True Necromancer Class Feature|AUTOMATIC|True Necromancer ~ Energy Drain
14	ABILITY:True Necromancer Class Feature|AUTOMATIC|True Necromancer ~ Wail Of The Banshee
###Block
1	ADD:SPELLCASTER|Arcane
2	ADD:SPELLCASTER|Divine
3	ADD:SPELLCASTER|Arcane	ADD:SPELLCASTER|Divine
4	ADD:SPELLCASTER|Arcane	ADD:SPELLCASTER|Divine
5	ADD:SPELLCASTER|Arcane	ADD:SPELLCASTER|Divine
6	ADD:SPELLCASTER|Arcane
7	ADD:SPELLCASTER|Divine
8	ADD:SPELLCASTER|Arcane	ADD:SPELLCASTER|Divine
9	ADD:SPELLCASTER|Arcane	ADD:SPELLCASTER|Divine
10	ADD:SPELLCASTER|Arcane	ADD:SPELLCASTER|Divine
11	ADD:SPELLCASTER|Arcane	ADD:SPELLCASTER|Divine
12	ADD:SPELLCASTER|Arcane	ADD:SPELLCASTER|Divine
13	ADD:SPELLCASTER|Arcane	ADD:SPELLCASTER|Divine
14	ADD:SPELLCASTER|Arcane	ADD:SPELLCASTER|Divine
###Block
15	PREPCLEVEL:MIN=20

###Block: Undead Prestige Classes
CLASS:Ephemeral Exemplar	HD:12	TYPE:PC.Prestige	DEFINE:Ephemeral_ExemplarLVL|0	BONUS:VAR|Ephemeral_ExemplarLVL|CL
CLASS:Ephemeral Exemplar	BONUS:COMBAT|BASEAB|classlevel("APPLIEDAS=NONEPIC")*1/2|TYPE=Base.REPLACE|PREVAREQ:UseAlternateBABProgression,0	
CLASS:Ephemeral Exemplar	BONUS:VAR|ClassBABPoor|classlevel("APPLIEDAS=NONEPIC")|PREVAREQ:UseFractionalBAB,1
CLASS:Ephemeral Exemplar	BONUS:SAVE|BASE.Fortitude|classlevel("APPLIEDAS=NONEPIC")/3
CLASS:Ephemeral Exemplar	BONUS:SAVE|BASE.Reflex|classlevel("APPLIEDAS=NONEPIC")/3
CLASS:Ephemeral Exemplar	BONUS:SAVE|BASE.Will|classlevel("APPLIEDAS=NONEPIC")/2+2
CLASS:Ephemeral Exemplar	PRETEXT:Type: Undead (incorporeal subtype). Base Attack Bonus: +3. Base Save Bonus: Will +5.	PRERACE:2,RACETYPE=Undead,RACESUBTYPE=Incorporeal	PRETOTALAB:3	PRECHECKBASE:1,Will=5
CLASS:Ephemeral Exemplar	SOURCEPAGE:p.53	MAXLEVEL:3	STARTSKILLPTS:4	CSKILL:Hide|Listen|Search|Spot
###Block
1	ABILITY:Ephemeral Exemplar Class Feature|AUTOMATIC|Ephemeral Exemplar ~ Weapon and Armor Proficiency	
1	ABILITY:Ephemeral Exemplar Class Feature|AUTOMATIC|Ephemeral Exemplar ~ Improved Deflection		
1	ABILITY:Ephemeral Exemplar Class Feature|AUTOMATIC|Ephemeral Exemplar ~ Turn Resistance			
2	ABILITY:Ephemeral Exemplar Class Feature|AUTOMATIC|Ephemeral Exemplar ~ Enhanced Spawn			
3	ABILITY:Ephemeral Exemplar Class Feature|AUTOMATIC|Ephemeral Exemplar ~ Ghostly Grasp			

CLASS:Lurking Terror	HD:12	TYPE:PC.Prestige	DEFINE:Lurking_TerrorLVL|0	BONUS:VAR|Lurking_TerrorLVL|CL
CLASS:Lurking Terror	BONUS:COMBAT|BASEAB|classlevel("APPLIEDAS=NONEPIC")*3/4|TYPE=Base.REPLACE|PREVAREQ:UseAlternateBABProgression,0	
CLASS:Lurking Terror	BONUS:VAR|ClassBABModerate|classlevel("APPLIEDAS=NONEPIC")|PREVAREQ:UseFractionalBAB,1	
CLASS:Lurking Terror	BONUS:SAVE|BASE.Fortitude|classlevel("APPLIEDAS=NONEPIC")/3
CLASS:Lurking Terror	BONUS:SAVE|BASE.Reflex|classlevel("APPLIEDAS=NONEPIC")/3
CLASS:Lurking Terror	BONUS:SAVE|BASE.Will|classlevel("APPLIEDAS=NONEPIC")/2+2
CLASS:Lurking Terror	PRETEXT:Type: Undead. Skills: Hide 8 ranks, Move Silently 8 ranks. Special: If the character possesses the incorporeal subtype, it need not meet the Move Silently requirement.	PRESKILL:1,Hide=8	PREMULT:1,[PRESKILL:1,Move Silently=8],[PRERACE:1,RACESUBTYPE=Incorporeal]	PRERACE:1,RACETYPE=Undead
CLASS:Lurking Terror	SOURCEPAGE:p.54	STARTSKILLPTS:4	CSKILL:Climb|Escape Artist|Hide|Jump|Listen|Move Silently|Search|Spot
###Block
1	ABILITY:Lurking Terror Class Feature|AUTOMATIC|Lurking Terror ~ Weapon and Armor Proficiency	
1	ABILITY:Lurking Terror Class Feature|AUTOMATIC|Lurking Terror ~ Deathly Power				
2	ABILITY:Lurking Terror Class Feature|AUTOMATIC|Lurking Terror ~ Improved Darkvision			
3	ABILITY:Lurking Terror Class Feature|AUTOMATIC|Lurking Terror ~ Hide in Plain Sight			

CLASS:Master Vampire	HD:12	TYPE:PC.Prestige	DEFINE:Master_VampireLVL|0	BONUS:VAR|Master_VampireLVL|CL
CLASS:Master Vampire	BONUS:COMBAT|BASEAB|classlevel("APPLIEDAS=NONEPIC")*1/2|TYPE=Base.REPLACE|PREVAREQ:UseAlternateBABProgression,0	
CLASS:Master Vampire	BONUS:VAR|ClassBABPoor|classlevel("APPLIEDAS=NONEPIC")|PREVAREQ:UseFractionalBAB,1
CLASS:Master Vampire	BONUS:SAVE|BASE.Fortitude|classlevel("APPLIEDAS=NONEPIC")/2+2
CLASS:Master Vampire	BONUS:SAVE|BASE.Reflex|classlevel("APPLIEDAS=NONEPIC")/3
CLASS:Master Vampire	BONUS:SAVE|BASE.Will|classlevel("APPLIEDAS=NONEPIC")/2+2
CLASS:Master Vampire	PRETEXT:Special: The character must be a vampire (not a vampire spawn). Special: The character must control at least two vampires or vampire spawn that it has created by means of its create spawn ability.
CLASS:Master Vampire	SOURCEPAGE:p.55	STARTSKILLPTS:4	CSKILL:Bluff|Climb|Concentration|Diplomacy|Hide|Intimidate|Listen|Move Silently|Search|Sense Motive|Spot
###Block
1	ABILITY:Master Vampire Class Feature|AUTOMATIC|Master Vampire ~ Weapon and Armor Proficiency	
1	ABILITY:Master Vampire Class Feature|AUTOMATIC|Master Vampire ~ Spells Per Day/Spells Known	
1	ABILITY:Master Vampire Class Feature|AUTOMATIC|Master Vampire ~ More Spawn				
1	ABILITY:Master Vampire Class Feature|AUTOMATIC|Master Vampire ~ Turn Resistance			
2	ABILITY:Master Vampire Class Feature|AUTOMATIC|Master Vampire ~ Enhanced Spawn				
3	ABILITY:Master Vampire Class Feature|AUTOMATIC|Master Vampire ~ Master's Chosen			

CLASS:Tomb Warden	HD:12	TYPE:PC.Prestige	DEFINE:Tomb_WardenLVL|0	BONUS:VAR|Tomb_WardenLVL|CL
CLASS:Tomb Warden	BONUS:COMBAT|BASEAB|classlevel("APPLIEDAS=NONEPIC")
CLASS:Tomb Warden	BONUS:SAVE|BASE.Fortitude|classlevel("APPLIEDAS=NONEPIC")/2+2
CLASS:Tomb Warden	BONUS:SAVE|BASE.Reflex|classlevel("APPLIEDAS=NONEPIC")/3
CLASS:Tomb Warden	BONUS:SAVE|BASE.Will|classlevel("APPLIEDAS=NONEPIC")/3
CLASS:Tomb Warden	PRETEXT:Type: Undead. Alignment: Any nonchaotic. Base Attack Bonus: +3. Base Save Bonus: Will +5. Feat: Toughness. Special: A tomb warden must dedicate itself to the protection of a tomb, graveyard, or similar resting place of the dead.		PRERACE:1,RACETYPE=Undead		!PREALIGN:CE,CG,CN		PRETOTALAB:3		PRECHECKBASE:1,Will=5		PREABILITY:1,CATEGORY=FEAT,Toughness
CLASS:Tomb Warden	SOURCEPAGE:p.57	STARTSKILLPTS:4	CSKILL:Hide|Knowledge (Religion)|Listen|Move Silently|Search|Sense Motive|Spot
###Block
1	ABILITY:Tomb Warden Class Feature|AUTOMATIC|Tomb Warden ~ Weapon and Armor Proficiency	
1	ABILITY:Tomb Warden Class Feature|AUTOMATIC|Tomb Warden ~ Turn Immunity			
2	ABILITY:Tomb Warden Class Feature|AUTOMATIC|Tomb Warden ~ Tomb Sense				
3	ABILITY:Tomb Warden Class Feature|AUTOMATIC|Tomb Warden ~ Power of the Dead			
