# CVS $Revision: $ $Author: $ -- Sun Aug 17 15:41:15 2014 -- reformated by prettylst.pl v1.51 (build 24906)

# Template Name		Hit Dice Size	Challenge Rating	Damage Reduction		Level Adjustment	Template																																					Source Page		Special ABility																																																																		Define Stat											Required AL		Required Stat	Required Template										Prohibited Template		Combat bonus																																																											Bonus to HP																																			Add to base move			Bonus to skill									Stat bonus										Modify VAR																							Add 						Ability															Feat									Virtual Feat			Move		Type		Innate Spells												Bonus
Evolved Undead					CR:1							LEVELADJUSTMENT:1																																							SOURCEPAGE:p.100	SAB:Fast Healing 3 (Ex)																																																																																																				BONUS:COMBAT|AC|1|TYPE=NaturalArmor.STACK																																																																																																											BONUS:STAT|STR|2|PRERACE:1,RACESUBTYPE=Incorporeal	BONUS:STAT|CHA|2																									
# ADD:ABILITY|FEAT|VIRTUAL|TYPE=EvolvedUndeadSpell
Ghost Brute			HITDIE:12		CR:2							LEVELADJUSTMENT:5	RACETYPE:Undead	RACESUBTYPE:Incorporeal	TEMPLATE:CHOOSE:Bloodcurdling Howl|Corrupting Touch|Loom|Slavering Doom																				SOURCEPAGE:p.101	SAB:Manifestation (Su)	SAB:Rejuvenation (Su)	SAB:Turn Resistance  +2 (Ex)																																																																																																																																																																																																	BONUS:SKILL|Hide,Listen,Search,Spot|8																																																																												MOVE:Fly,30	TYPE:Undead
Gravetouched Ghoul	HITDIE:12		CR:2							LEVELADJUSTMENT:2	RACETYPE:Undead	TEMPLATE:CHOOSE:Bite ~ Claw (Fine)|Bite ~ Claw (Diminutive)|Bite ~ Claw (Tiny)|Bite ~ Claw (Small)|Bite ~ Claw (Medium)|Bite ~ Claw (Large)|Bite ~ Claw (Huge)|Bite ~ Claw (Gargantuan)|Bite ~ Claw (Colossal)	SOURCEPAGE:p.103	SAB:Ghoul Fever (Su)	SAB:Paralysis (Ex)	SAB:Turn Resistance +2 (Ex)	SAB:Diet Dependent																																																																																							BONUS:COMBAT|AC|2|TYPE=NaturalArmor.STACK																																																																																																											BONUS:STAT|STR,INT,CHA|2	BONUS:STAT|DEX,WIS|4																																																	ABILITY:FEAT|AUTOMATIC|Multiattack														TYPE:Undead
############################
# checking resistances and stacking against the Tiefling
# hack - not adding to elec/cold resistance right now, to ensure moth calculates at 5 not 10
# TODO - fix this to get the stacking working for tiefling
#
# NOTE _ TODO  - this is (partially) duplicated into the custom_dg files too specifically for Moth.
#
Half Vampire Moth					CR:2			DR:5/Silver or Magic	LEVELADJUSTMENT:2	TEMPLATE:CHOOSE:Slam (Fine)|Slam (Diminutive)|Slam (Tiny)|Slam (Small)|Slam (Medium)|Slam (Large)|Slam (Huge)|Slam (Gargantuan)|Slam (Colossal)	TEMPLATE:CHOOSE:Blood Drain|Charm Gaze|Children of the Night				SOURCEPAGE:p.106	SAB:Blood Dependency (Ex) You must use your blood drain attack against at least one living creature each day, or make a DC15 fortitude save to avoid becoming fatigued, the DC increases by 1 daily, subsequently per week there is a DC20 save to avoid becoming exhausted	SAB:Fast Healing 1 (Ex) You gain 1HP per round as long as you have at least 1HP and are on less than half your normal full hit points.																																				BONUS:COMBAT|AC|2|TYPE=NaturalArmor.STACK																																																																																																BONUS:SKILL|Bluff,Hide,Listen,Move Silently,Spot|2|TYPE=Racial	BONUS:STAT|STR,DEX,CHA|2																																					ABILITY:Special Ability|AUTOMATIC|Fast Healing																		VFEAT:Improved Initiative
#ABILITY:Special Ability|AUTOMATIC|Resistance To Cold|Resistance To Electricity|Fast Healing
#BONUS:VAR|ColdResistanceBonus|5|PREVAREQ:ColdResistanceBonus,0	BONUS:VAR|ElectricityResistanceBonus|5|PREVAREQ:ElectricityResistanceBonus,0
#
#########################
# 'normal' version, with resistance bonuses
Half VampireA					CR:2			DR:5/Silver or Magic	LEVELADJUSTMENT:2	TEMPLATE:CHOOSE:Slam (Fine)|Slam (Diminutive)|Slam (Tiny)|Slam (Small)|Slam (Medium)|Slam (Large)|Slam (Huge)|Slam (Gargantuan)|Slam (Colossal)	TEMPLATE:CHOOSE:Blood Drain|Charm Gaze|Children of the Night				SOURCEPAGE:p.106	SAB:Blood Dependency (Ex) You must use your blood drain attack against at least one living creature each day, or make a DC15 fortitude save to avoid becoming fatigued, the DC increases by 1 daily, subsequently per week there is a DC20 save to avoid becoming exhausted	SAB:Fast Healing 1 (Ex) You gain 1HP per round as long as you have at least 1HP and are on less than half your normal full hit points.																																				BONUS:COMBAT|AC|2|TYPE=NaturalArmor.STACK																																																																																																BONUS:SKILL|Bluff,Hide,Listen,Move Silently,Spot|2|TYPE=Racial	BONUS:STAT|STR,DEX,CHA|2							BONUS:VAR|ColdResistanceBonus|5|PREVAREQ:ColdResistanceBonus,0	BONUS:VAR|ElectricityResistanceBonus|5|PREVAREQ:ElectricityResistanceBonus,0							ABILITY:Special Ability|AUTOMATIC|Fast Healing|Resistance To Cold|Resistance To Electricity										VFEAT:Improved Initiative
#########################
#Half Vampire	CR:2		LEVELADJUSTMENT:2	TEMPLATE:CHOOSE:Slam (Fine)|Slam (Diminutive)|Slam (Tiny)|Slam (Small)|Slam (Medium)|Slam (Large)|Slam (Huge)|Slam (Gargantuan)|Slam (Colossal)	TEMPLATE:CHOOSE:Blood Drain|Charm Gaze|Children of the Night				SOURCEPAGE:p.106	SAB:Blood Dependency (Ex) You must use your blood drain attack against at least one living creature each day, or make a DC15 fortitude save to avoid becoming fatigued, the DC increases by 1 daily, subsequently per week there is a DC20 save to avoid becoming exhausted	SAB:Fast Healing 1 (Ex) You gain 1HP per round as long as you have at least 1HP and are on less than half your normal full hit points.			BONUS:COMBAT|AC|2|TYPE=NaturalArmor.STACK		BONUS:SKILL|Bluff,Hide,Listen,Move Silently,Spot|2|TYPE=Racial	BONUS:STAT|STR,DEX,CHA|2	VFEAT:Improved Initiative	BONUS:VAR|ColdResistanceBonus|5|PREVAREQ:ColdResistanceBonus,0	BONUS:VAR|ElectricityResistanceBonus|5|PREVAREQ:ElectricityResistanceBonus,0	DR:5/Silver or Magic	ABILITY:Special Ability|AUTOMATIC|Resistance To Cold|Resistance To Electricity|Fast Healing
#################
#
#SAB:Cold Resistance 5 (Ex)	SAB:Electricity Resistance 5 (Ex)
#
# TODO configure a chooser for the below, and perhaps copy the Vampire Blood drain from ss_we_abilites.lst
#Blood Drain|Charm|
#
###############################
Hooded Pupil					CR:1							LEVELADJUSTMENT:4																																							SOURCEPAGE:p.108	SAB:Clutch of Orcus (Sp)	SAB:Drink Blood (Su)	SAB:Cold Resistance 5 (Ex)	SAB:Spider Climb (Su)																																																															PREALIGN:CG,CN,CE																					BONUS:COMBAT|AC|2|TYPE=NaturalArmor.STACK																																																																																																BONUS:SKILL|Hide,Listen,Move Silently,Spot|2|TYPE=Racial		BONUS:STAT|STR,WIS,CHA|2																																																					ABILITY:FEAT|AUTOMATIC|Alertness|Improved Initiative|Lightning Reflexes										SPELLS:Innate|TIMES=ATWILL|Spider Climb	SPELLS:Innate|TIMES=1|Clutch of Orcus
Mummified Creature	HITDIE:12		CR:3			DR:5/-			LEVELADJUSTMENT:4	TEMPLATE:CHOOSE:Slam (Fine)|Slam (Diminutive)|Slam (Tiny)|Slam (Small)|Slam (Medium)|Slam (Large)|Slam (Huge)|Slam (Gargantuan)|Slam (Colossal)	RACETYPE:Undead												SOURCEPAGE:p.110	SAB:Despair (Su)	SAB:Mummy Rot (Su)	SAB:Vulnerability to Fire (Ex)																																																																				PREALIGN:LE																						BONUS:COMBAT|AC|10|TYPE=NaturalArmor																																																																																											BONUS:MOVEADD|TYPE.Walk|-10												BONUS:STAT|STR|8	BONUS:STAT|INT|-4	BONUS:STAT|WIS,CHA|4																																																																TYPE:Undead
Necromental			HITDIE:12		CR:1										RACETYPE:Undead																																				SOURCEPAGE:p.112	SAB:Create Spawn (Su)	SAB:Energy Drain (Su)	SAB:Fast Healing 3 (Ex)																																																									DEFINESTAT:LOCK|INT|1	DEFINESTAT:LOCK|WIS|10	DEFINESTAT:LOCK|CHA|1	PREALIGN:NE																						BONUS:COMBAT|AC|2|TYPE=NaturalArmor.STACK																																																																																																																																																																				ABILITY:FEAT|AUTOMATIC|Great Fortitude													TYPE:Undead
Necropolitan		HITDIE:12												RACETYPE:Undead																																				SOURCEPAGE:p.114	SAB:Resist Control (Ex)	SAB:Turn Resistance +2 (Ex)	SAB:Unnatural Resilience (Ex)																																																																																																																																																																																																																																																																																				TYPE:Undead
Revived Fossil		HITDIE:12					DR:10/adamantine					RACETYPE:Undead	TEMPLATE:CHOOSE:Claw (Fine)|Claw (Diminutive)|Claw (Tiny)|Claw (Small)|Claw (Medium)|Claw (Large)|Claw (Huge)|Claw (Gargantuan)|Claw (Colossal)												SOURCEPAGE:p.118	SAB:Immunity to Cold (Ex)																																																																DEFINESTAT:LOCK|INT|10	DEFINESTAT:LOCK|WIS|10	DEFINESTAT:LOCK|CHA|1																								BONUS:COMBAT|AC|6|TYPE=NaturalArmor|PRESIZELT:S	BONUS:COMBAT|AC|9|TYPE=NaturalArmor|PRESIZEEQ:S	BONUS:COMBAT|AC|12|TYPE=NaturalArmor|PRESIZEEQ:M	BONUS:COMBAT|AC|15|TYPE=NaturalArmor|PRESIZEEQ:L	BONUS:COMBAT|AC|18|TYPE=NaturalArmor|PRESIZEEQ:H	BONUS:COMBAT|AC|24|TYPE=NaturalArmor|PRESIZEEQ:G	BONUS:COMBAT|AC|30|TYPE=NaturalArmor|PRESIZEEQ:C	BONUS:HP|CURRENTMAX|10|PRESIZEEQ:S	BONUS:HP|CURRENTMAX|20|PRESIZEEQ:M	BONUS:HP|CURRENTMAX|30|PRESIZEEQ:L	BONUS:HP|CURRENTMAX|40|PRESIZEEQ:H	BONUS:HP|CURRENTMAX|60|PRESIZEEQ:G	BONUS:HP|CURRENTMAX|80|PRESIZEEQ:G																	BONUS:STAT|DEX|-2																																																																							TYPE:Undead															BONUS:SAVE|Fortitude,Reflex|TL/3	BONUS:SAVE|Will|TL/2

#This one is odd...it can be taken multiple times, and each incarnation grants alternate movement, size, damage, etc.
Swarm Shifter																																																					SOURCEPAGE:p.124																																																																																							PRERACE:1,RACETYPE=Undead									!PRERACE:1,RACESUBTYPE=Incorporeal

Umbral Creature		HITDIE:12		CR:2																																																SOURCEPAGE:p.128	SAB:Create Spawn (Su)	SAB:Strength Damage (Su)	SAB:Inescapable Craving	SAB:Turn Resistance +2 (Ex)																																																															PREALIGN:CE		PRESTAT:1,CHA=8	PRERACE:1,RACETYPE=Aberration,RACETYPE=Dragon,RACETYPE=Giant,RACETYPE=Magical Beast,RACETYPE=Monstrous Humanoid						BONUS:COMBAT|AC|CHA|TYPE=Deflection	BONUS:COMBAT|BASEAB|TL/2.REPLACE																																																																																																																																																																													MOVE:Fly,40																	BONUS:SAVE|BASE.Fortitude,BASE.Reflex|TL/3.REPLACE	BONUS:SAVE|BASE.Will|TL/3.RELACE

###Block: Ghost Brute abilities
# Template Name		Visible	Special ABility
Bloodcurdling Howl	VISIBLE:NO	SAB:Bloodcurdling Howl (Su)
Corrupting Touch		VISIBLE:NO	SAB:Corrupting Touch (Su)
Loom				VISIBLE:NO	SAB:Loom (Su)
Slavering Doom		VISIBLE:NO	SAB:Slavering Doom (Su)

###Block: Half-Vampire abilities
# Template Name		Visible	Special ABility
Blood Drain			VISIBLE:NO	SAB:Blood Drain (Ex)
Charm Gaze			VISIBLE:NO	SAB:Charm Gaze (Su)
Children of the Night	VISIBLE:NO	SAB:Children of the Night (Su)

###Block: Hidden
# Template Name	Weapon prof. bonus				Natural Attacks
Ghostly Arm		BONUS:WEAPONPROF=Ghostly Arm|DAMAGE|-STR	NATURALATTACKS:Ghostly Arm,Weapon.Melee.Piercing,*1,1d6
Mohrgs Tongue								NATURALATTACKS:Mohrgs Tongue,Weapon.Melee.Piercing,*1,1d0


###Block: Monster classes
# Template Name			Visible	Number of Feats	Natural Attacks
Ghoul Monster Class 1		VISIBLE:NO	BONUS:FEAT|POOL|1	NATURALATTACKS:Bite,Weapon.Melee.Piercing,*1,1d4
Ghoul Monster Class 2		VISIBLE:NO				NATURALATTACKS:Claw,Weapon.Melee.Slashing,*2,1d3
Ghoul Monster Class 6		VISIBLE:NO	BONUS:FEAT|POOL|1

Mohrg Monster Class 1		VISIBLE:NO	BONUS:FEAT|POOL|1	NATURALATTACKS:Slam,Weapon.Melee.Bludgeoning,*1,1d4
Mohrg Monster Class 4		VISIBLE:NO	BONUS:FEAT|POOL|1
Mohrg Monster Class 8		VISIBLE:NO	BONUS:FEAT|POOL|1
Mohrg Monster Class 13		VISIBLE:NO	BONUS:FEAT|POOL|1
Mohrg Monster Class 17		VISIBLE:NO	BONUS:FEAT|POOL|1

Mummy Monster Class 1		VISIBLE:NO	BONUS:FEAT|POOL|1	NATURALATTACKS:Slam,Weapon.Melee.Bludgeoning,*1,1d4
Mummy Monster Class 4		VISIBLE:NO	BONUS:FEAT|POOL|1
Mummy Monster Class 10		VISIBLE:NO	BONUS:FEAT|POOL|1

Vampire Spawn Monster Class 1	VISIBLE:NO	BONUS:FEAT|POOL|1	NATURALATTACKS:Slam,Weapon.Melee.Bludgeoning,*1,1d4
Vampire Spawn Monster Class 6	VISIBLE:NO	BONUS:FEAT|POOL|1

Wight Monster Class 1		VISIBLE:NO	BONUS:FEAT|POOL|1	NATURALATTACKS:Slam,Weapon.Melee.Bludgeoning,*1,1d4
Wight Monster Class 5		VISIBLE:NO	BONUS:FEAT|POOL|1
