# Tue May 30 13:34:05 2017 -- reformated by PCGen PrettyLST v6.06.00

# Ability Category					Visible		Editable?		Change Pool?	Base Pool number			Category of Object		Type of Object				Specific choices list								Display Location
ABILITYCATEGORY:Aasimar Subrace			VISIBLE:QUALIFY	EDITABLE:YES	EDITPOOL:NO		POOL:POOL_Aasimar_Subrace	CATEGORY:Internal			TYPE:AasimarSubrace														DISPLAYLOCATION:Character
ABILITYCATEGORY:Aasimar Trait				VISIBLE:QUALIFY	EDITABLE:YES	EDITPOOL:NO							CATEGORY:Special Ability	TYPE:Aasimar Trait														DISPLAYLOCATION:Character
ABILITYCATEGORY:Firbolg Trait				VISIBLE:QUALIFY	EDITABLE:YES	EDITPOOL:NO							CATEGORY:Special Ability	TYPE:Firbolg Trait														DISPLAYLOCATION:Character
ABILITYCATEGORY:Goliath Trait				VISIBLE:QUALIFY	EDITABLE:YES	EDITPOOL:NO							CATEGORY:Special Ability	TYPE:Goliath Trait														DISPLAYLOCATION:Character
ABILITYCATEGORY:Kenku Trait				VISIBLE:QUALIFY	EDITABLE:YES	EDITPOOL:NO							CATEGORY:Special Ability	TYPE:Kenku Trait															DISPLAYLOCATION:Character
ABILITYCATEGORY:Lizardfolk Trait			VISIBLE:QUALIFY	EDITABLE:YES	EDITPOOL:NO							CATEGORY:Special Ability	TYPE:Lizardfolk Trait														DISPLAYLOCATION:Character
ABILITYCATEGORY:Tabaxi Trait				VISIBLE:QUALIFY	EDITABLE:YES	EDITPOOL:NO							CATEGORY:Special Ability	TYPE:Tabaxi Trait															DISPLAYLOCATION:Character
ABILITYCATEGORY:Triton Trait				VISIBLE:QUALIFY	EDITABLE:YES	EDITPOOL:NO							CATEGORY:Special Ability	TYPE:Triton Trait															DISPLAYLOCATION:Character
ABILITYCATEGORY:Bugbear Trait				VISIBLE:QUALIFY	EDITABLE:YES	EDITPOOL:NO							CATEGORY:Special Ability	TYPE:Base Bugbear Trait														DISPLAYLOCATION:Character
ABILITYCATEGORY:Goblin Trait				VISIBLE:QUALIFY	EDITABLE:YES	EDITPOOL:NO							CATEGORY:Special Ability	TYPE:Base Goblin Trait														DISPLAYLOCATION:Character
ABILITYCATEGORY:Hobgoblin Trait			VISIBLE:QUALIFY	EDITABLE:YES	EDITPOOL:NO							CATEGORY:Special Ability	TYPE:Base Hobgoblin Trait													DISPLAYLOCATION:Character
ABILITYCATEGORY:Kobold Trait				VISIBLE:QUALIFY	EDITABLE:YES	EDITPOOL:NO							CATEGORY:Special Ability	TYPE:Kobold Trait															DISPLAYLOCATION:Character
ABILITYCATEGORY:Orc Trait				VISIBLE:QUALIFY	EDITABLE:YES	EDITPOOL:NO							CATEGORY:Special Ability	TYPE:Orc Trait															DISPLAYLOCATION:Character
ABILITYCATEGORY:Yuan-Ti Pureblood Trait		VISIBLE:QUALIFY	EDITABLE:YES	EDITPOOL:NO							CATEGORY:Special Ability	TYPE:Yuan-Ti Pureblood Trait													DISPLAYLOCATION:Character

ABILITYCATEGORY:Hunter's Lore Skill Proficiency	VISIBLE:QUALIFY	EDITABLE:YES	EDITPOOL:NO							CATEGORY:Skill									ABILITYLIST:Animal Handling|Nature|Perception|Stealth|Survival	DISPLAYLOCATION:Character

ABILITYCATEGORY:Martial Weapon Proficiency	VISIBLE:QUALIFY	EDITABLE:YES	EDITPOOL:NO							CATEGORY:Internal			TYPE:Martial Weapon Proficiency												DISPLAYLOCATION:Character



ABILITYCATEGORY:Background / Quirk						VISIBLE:QUALIFY	EDITABLE:YES	EDITPOOL:NO		POOL:POOL_Background_Quirk									CATEGORY:Special Ability	TYPE:Quirk																																					DISPLAYLOCATION:Character
ABILITYCATEGORY:Background / Obsession					VISIBLE:QUALIFY	EDITABLE:YES	EDITPOOL:NO		POOL:POOL_Background_Obsession								CATEGORY:Special Ability	TYPE:Obsession																																				DISPLAYLOCATION:Character


ABILITYCATEGORY:Kenku Training			VISIBLE:QUALIFY	EDITABLE:YES	EDITPOOL:NO							CATEGORY:Skill									ABILITYLIST:Acrobatics|Deception|Stealth|Sleight of Hand		DISPLAYLOCATION:Character