# CVS $Revision: $ $Author: $ -- Thu Aug  4 19:56:56 2016 -- reformated by PCGen PrettyLST v6.06.00

STARTPACK:Aarakocra	VISIBLE:NO
STAT:STR=10|DEX=14|CON=10|INT=11|WIS=12|CHA=11

STARTPACK:Aboleth	VISIBLE:NO
STAT:STR=21|DEX=9|CON=15|INT=18|WIS=15|CHA=18

STARTPACK:Angel (Deva)	VISIBLE:NO
STAT:STR=18|DEX=18|CON=18|INT=17|WIS=20|CHA=20

STARTPACK:Angel (Planetar)	VISIBLE:NO
STAT:STR=24|DEX=20|CON=24|INT=19|WIS=22|CHA=25

STARTPACK:Angel (Solar)	VISIBLE:NO
STAT:STR=26|DEX=22|CON=26|INT=25|WIS=25|CHA=30

STARTPACK:Animated Object (Animated Armor)	VISIBLE:NO
STAT:STR=14|DEX=11|CON=13|INT=1|WIS=3|CHA=1

STARTPACK:Animated Object (Flying Sword)	VISIBLE:NO
STAT:STR=12|DEX=15|CON=11|INT=1|WIS=5|CHA=1

STARTPACK:Animated Object (Rug of Smothering)	VISIBLE:NO
STAT:STR=17|DEX=14|CON=10|INT=1|WIS=3|CHA=1

STARTPACK:Ankheg	VISIBLE:NO
STAT:STR=17|DEX=11|CON=13|INT=1|WIS=13|CHA=6

STARTPACK:Azer	VISIBLE:NO
STAT:STR=17|DEX=12|CON=15|INT=12|WIS=13|CHA=10

STARTPACK:Banshee	VISIBLE:NO
STAT:STR=1|DEX=14|CON=10|INT=12|WIS=11|CHA=17

STARTPACK:Basilisk	VISIBLE:NO
STAT:STR=16|DEX=8|CON=15|INT=2|WIS=8|CHA=7

STARTPACK:Behir	VISIBLE:NO
STAT:STR=23|DEX=16|CON=18|INT=7|WIS=14|CHA=12

STARTPACK:Beholder	VISIBLE:NO
STAT:STR=10|DEX=14|CON=18|INT=17|WIS=15|CHA=17

STARTPACK:Beholder (Death Tyrant)	VISIBLE:NO
STAT:STR=10|DEX=14|CON=14|INT=19|WIS=15|CHA=19

STARTPACK:Beholder (Spectator)	VISIBLE:NO
STAT:STR=8|DEX=14|CON=14|INT=13|WIS=14|CHA=11

STARTPACK:Blight (Needle Blight)	VISIBLE:NO
STAT:STR=12|DEX=12|CON=13|INT=4|WIS=8|CHA=3

STARTPACK:Blight (Twig Blight)	VISIBLE:NO
STAT:STR=6|DEX=13|CON=12|INT=4|WIS=8|CHA=3

STARTPACK:Blight (Vine Blight)	VISIBLE:NO
STAT:STR=15|DEX=8|CON=14|INT=5|WIS=10|CHA=3

STARTPACK:Bugbear	VISIBLE:NO
STAT:STR=17|DEX=14|CON=13|INT=8|WIS=11|CHA=9

STARTPACK:Bugbear (Chief)	VISIBLE:NO
STAT:STR=17|DEX=14|CON=14|INT=11|WIS=12|CHA=11

STARTPACK:Bulette	VISIBLE:NO
STAT:STR=19|DEX=11|CON=21|INT=2|WIS=10|CHA=5

STARTPACK:Bullywug	VISIBLE:NO
STAT:STR=12|DEX=12|CON=13|INT=7|WIS=10|CHA=7

STARTPACK:Cambion	VISIBLE:NO
STAT:STR=18|DEX=18|CON=16|INT=14|WIS=12|CHA=16

STARTPACK:Carrion Crawler	VISIBLE:NO
STAT:STR=14|DEX=13|CON=16|INT=1|WIS=12|CHA=5

STARTPACK:Centaur	VISIBLE:NO
STAT:STR=18|DEX=14|CON=14|INT=9|WIS=13|CHA=11

STARTPACK:Chimera	VISIBLE:NO
STAT:STR=19|DEX=11|CON=19|INT=3|WIS=14|CHA=10

STARTPACK:Chuul	VISIBLE:NO
STAT:STR=19|DEX=10|CON=16|INT=5|WIS=11|CHA=5

STARTPACK:Cloaker	VISIBLE:NO
STAT:STR=17|DEX=15|CON=12|INT=13|WIS=12|CHA=14

STARTPACK:Cockatrice	VISIBLE:NO
STAT:STR=6|DEX=12|CON=12|INT=2|WIS=13|CHA=5

STARTPACK:Couatl	VISIBLE:NO
STAT:STR=16|DEX=20|CON=17|INT=18|WIS=20|CHA=18

STARTPACK:Crawling Claw	VISIBLE:NO
STAT:STR=13|DEX=14|CON=11|INT=5|WIS=10|CHA=4

STARTPACK:Cyclops	VISIBLE:NO
STAT:STR=22|DEX=11|CON=20|INT=8|WIS=6|CHA=10

STARTPACK:Darkmantle	VISIBLE:NO
STAT:STR=16|DEX=12|CON=13|INT=2|WIS=10|CHA=5

STARTPACK:Death Knight	VISIBLE:NO
STAT:STR=20|DEX=11|CON=20|INT=12|WIS=16|CHA=18

STARTPACK:Demilich	VISIBLE:NO
STAT:STR=1|DEX=20|CON=10|INT=20|WIS=17|CHA=20

STARTPACK:Demon (Balor)	VISIBLE:NO
STAT:STR=26|DEX=15|CON=22|INT=20|WIS=16|CHA=22

STARTPACK:Demon (Barlgura)	VISIBLE:NO
STAT:STR=18|DEX=15|CON=16|INT=7|WIS=14|CHA=9

STARTPACK:Demon (Chasme)	VISIBLE:NO
STAT:STR=15|DEX=15|CON=12|INT=11|WIS=14|CHA=10

STARTPACK:Demon (Dretch)	VISIBLE:NO
STAT:STR=11|DEX=11|CON=12|INT=5|WIS=8|CHA=3

STARTPACK:Demon (Glabrezu)	VISIBLE:NO
STAT:STR=20|DEX=15|CON=21|INT=19|WIS=17|CHA=16

STARTPACK:Demon (Goristro)	VISIBLE:NO
STAT:STR=25|DEX=11|CON=25|INT=6|WIS=13|CHA=14

STARTPACK:Demon (Hezrou)	VISIBLE:NO
STAT:STR=19|DEX=17|CON=20|INT=5|WIS=12|CHA=13

STARTPACK:Demon (Manes)	VISIBLE:NO
STAT:STR=10|DEX=9|CON=13|INT=3|WIS=8|CHA=4

STARTPACK:Demon (Marilith)	VISIBLE:NO
STAT:STR=18|DEX=20|CON=20|INT=18|WIS=16|CHA=20

STARTPACK:Demon (Nalfeshnee)	VISIBLE:NO
STAT:STR=21|DEX=10|CON=22|INT=19|WIS=12|CHA=15

STARTPACK:Demon (Quasit)	VISIBLE:NO
STAT:STR=5|DEX=17|CON=10|INT=7|WIS=10|CHA=10

STARTPACK:Demon (Shadow Demon)	VISIBLE:NO
STAT:STR=1|DEX=17|CON=12|INT=14|WIS=13|CHA=14

STARTPACK:Demon (Vrock)	VISIBLE:NO
STAT:STR=17|DEX=15|CON=18|INT=8|WIS=13|CHA=8

STARTPACK:Demon (Yochlol)	VISIBLE:NO
STAT:STR=15|DEX=14|CON=18|INT=13|WIS=15|CHA=15

#STARTPACK:		VISIBLE:NO
#STARTPACK:		VISIBLE:NO
#STARTPACK:		VISIBLE:NO
#STARTPACK:		VISIBLE:NO
#STARTPACK:		VISIBLE:NO
#STARTPACK:		VISIBLE:NO
#STARTPACK:		VISIBLE:NO
#STARTPACK:		VISIBLE:NO

STARTPACK:Copper Dragon	VISIBLE:NO
STAT:STR=10|DEX=10|CON=10|INT=10|WIS=10|CHA=10
#STARTPACK:		VISIBLE:NO
#STARTPACK:		VISIBLE:NO
#STAT:STR=
#DEX=
#CON=
#INT=
#WIS=
#CHA=



STARTPACK:Goblin				VISIBLE:NO
STAT:STR=8|DEX=14|CON=10|INT=10|WIS=8|CHA=8

STARTPACK:Goblin (Boss)			VISIBLE:NO
STAT:STR=10|DEX=14|CON=10|INT=10|WIS=8|CHA=10

STARTPACK:Ogre				VISIBLE:NO
STAT:STR=19|DEX=8|CON=16|INT=5|WIS=7|CHA=7

STARTPACK:Half-Ogre			VISIBLE:NO
STAT:STR=17|DEX=10|CON=14|INT=7|WIS=9|CHA=10

STARTPACK:Orc				VISIBLE:NO
STAT:STR=16|DEX=12|CON=16|INT=7|WIS=11|CHA=10

STARTPACK:Orc (War Chief)		VISIBLE:NO
STAT:STR=18|DEX=12|CON=18|INT=11|WIS=11|CHA=16

STARTPACK:Orc (Eye of Gruumsh)	VISIBLE:NO
STAT:STR=16|DEX=12|CON=16|INT=7|WIS=13|CHA=12

STARTPACK:Orog				VISIBLE:NO
STAT:STR=18|DEX=12|CON=18|INT=12|WIS=11|CHA=12

STARTPACK:Troll				VISIBLE:NO
STAT:STR=18|DEX=13|CON=20|INT=7|WIS=9|CHA=7
