# CVS $Revision: $ $Author: $ -- Sun Aug 17 15:41:15 2014 -- reformated by prettylst.pl v1.51 (build 24906)
SOURCELONG:Draconomicon	SOURCESHORT:Dr	SOURCEDATE:2004-11

###Block: Dragon Familiar
# Class of the Master		Type			Ability																		Copy Masters BAB		Copy Masters Checks	HP formula based on Master	Use Masters skills?	Combat bonus				Misc bonus
FOLLOWER:DragonFamiliarLVL=1	TYPE:Dragon Familiar	ABILITY:Special Ability|AUTOMATIC|Familiar ~ Empathic Link|Familiar ~ Improved Evasion|Familiar ~ Share Spells	COPYMASTERBAB:MASTER	COPYMASTERCHECK:MASTER	COPYMASTERHP:max(1,MASTER/2)	USEMASTERSKILL:YES	BONUS:COMBAT|AC|1|TYPE=NaturalArmor
FOLLOWER:DragonFamiliarLVL=9	TYPE:Dragon Familiar	ABILITY:Special Ability|AUTOMATIC|Familiar ~ Deliver Touch Spells																										BONUS:COMBAT|AC|2|TYPE=NaturalArmor
FOLLOWER:DragonFamiliarLVL=13	TYPE:Dragon Familiar																																					BONUS:COMBAT|AC|3|TYPE=NaturalArmor	BONUS:MISC|SR|5
FOLLOWER:DragonFamiliarLVL=17	TYPE:Dragon Familiar	ABILITY:Special Ability|AUTOMATIC|Familiar ~ Scry on Familiar																										BONUS:COMBAT|AC|4|TYPE=NaturalArmor

###Block: Specific Familiars
# Class of the Master		Type			Required Race			Apply Kit					Define								Bonus Ability Pool					Modify VAR															Required Ability
FOLLOWER:DragonFamiliarLVL=1	TYPE:Dragon Familiar	PRERACE:1,Dragon (White)
FOLLOWER:DragonFamiliarLVL=1	TYPE:Dragon Familiar	PRERACE:1,Dragon (Black)
FOLLOWER:DragonFamiliarLVL=1	TYPE:Dragon Familiar	PRERACE:1,Dragon (Brass)
FOLLOWER:DragonFamiliarLVL=1	TYPE:Dragon Familiar	PRERACE:1,Dragon (Green)
FOLLOWER:DragonFamiliarLVL=1	TYPE:Dragon Familiar	PRERACE:1,Dragon (Copper)
FOLLOWER:DragonFamiliarLVL=1	TYPE:Dragon Familiar	PRERACE:1,Dragon (Blue)
FOLLOWER:DragonFamiliarLVL=1	TYPE:Dragon Familiar	PRERACE:1,Dragon (Red)

# Base Dragon Gains
FOLLOWER:DragonFamiliarLVL=13	TYPE:Dragon Familiar	PRERACE:1,Dragon (Bronze)	KIT:1|Dragon Age 02 ~ Very Young	DEFINE:DragonHDCap|0	DEFINE:DragonAdvancementCap|0									BONUS:VAR|DragonAdvancementCap|1|TYPE=Base
FOLLOWER:DragonFamiliarLVL=19	TYPE:Dragon Familiar	PRERACE:1,Dragon (Silver)	KIT:1|Dragon Age 02 ~ Very Young	DEFINE:DragonHDCap|0	DEFINE:DragonAdvancementCap|0									BONUS:VAR|DragonAdvancementCap|1|TYPE=Base
FOLLOWER:DragonFamiliarLVL=12	TYPE:Dragon Familiar	PRERACE:1,Dragon (Gold)		KIT:1|Dragon Age 01 ~ Wyrmling	DEFINE:DragonHDCap|0	DEFINE:DragonAdvancementCap|0									BONUS:VAR|DragonAdvancementCap|1|TYPE=Base
# This alters the Follower Adjustment if Advancement used
FOLLOWER:DragonFamiliarLVL=18	TYPE:Dragon Familiar	PRERACE:1,Dragon (Bronze)																BONUS:ABILITYPOOL|Dragon Familiar Advancement|1	BONUS:VAR|DragonFamiliarLVL|-5|PREABILITY:1,CATEGORY=Internal,Dragon Familiar Advancement 1
FOLLOWER:DragonFamiliarLVL=19	TYPE:Dragon Familiar	PRERACE:1,Dragon (Silver)																BONUS:ABILITYPOOL|Dragon Familiar Advancement|1	BONUS:VAR|DragonFamiliarLVL|-5|PREABILITY:1,CATEGORY=Internal,Dragon Familiar Advancement 1
FOLLOWER:DragonFamiliarLVL=16	TYPE:Dragon Familiar	PRERACE:1,Dragon (Gold)																	BONUS:ABILITYPOOL|Dragon Familiar Advancement|1	BONUS:VAR|DragonFamiliarLVL|-4|PREABILITY:1,CATEGORY=Internal,Dragon Familiar Advancement 1
FOLLOWER:DragonFamiliarLVL=20	TYPE:Dragon Familiar	PRERACE:1,Dragon (Gold)																	BONUS:ABILITYPOOL|Dragon Familiar Advancement|1	BONUS:VAR|DragonFamiliarLVL|-4|PREABILITY:1,CATEGORY=Internal,Dragon Familiar Advancement 2
# Applies the Kit to increase the HD if the selection is taken.
FOLLOWER:DragonFamiliarLVL=18	TYPE:Dragon Familiar	PRERACE:1,Dragon (Bronze)	BONUS:VAR|DragonAgeCategory|1																																				PREABILITY:1,CATEGORY=Internal,Dragon Familiar Advancement 1
FOLLOWER:DragonFamiliarLVL=19	TYPE:Dragon Familiar	PRERACE:1,Dragon (Silver)	BONUS:VAR|DragonAgeCategory|1																																				PREABILITY:1,CATEGORY=Internal,Dragon Familiar Advancement 1
FOLLOWER:DragonFamiliarLVL=16	TYPE:Dragon Familiar	PRERACE:1,Dragon (Gold)		BONUS:VAR|DragonAgeCategory|1																																				PREABILITY:1,CATEGORY=Internal,Dragon Familiar Advancement 1
FOLLOWER:DragonFamiliarLVL=20	TYPE:Dragon Familiar	PRERACE:1,Dragon (Gold)		BONUS:VAR|DragonAgeCategory|1																																				PREABILITY:1,CATEGORY=Internal,Dragon Familiar Advancement 2






###Block: Familiar
# Race of familiar			Type				Virtual Feat
MASTERBONUSRACE:Dragon (White)	TYPE:Dragon Familiar	ABILITY:FEAT|VIRTUAL|Alertness
MASTERBONUSRACE:Dragon (Black)	TYPE:Dragon Familiar	ABILITY:FEAT|VIRTUAL|Alertness
MASTERBONUSRACE:Dragon (Brass)	TYPE:Dragon Familiar	ABILITY:FEAT|VIRTUAL|Alertness
MASTERBONUSRACE:Dragon (Green)	TYPE:Dragon Familiar	ABILITY:FEAT|VIRTUAL|Alertness
MASTERBONUSRACE:Dragon (Copper)	TYPE:Dragon Familiar	ABILITY:FEAT|VIRTUAL|Alertness
MASTERBONUSRACE:Dragon (Blue)		TYPE:Dragon Familiar	ABILITY:FEAT|VIRTUAL|Alertness
MASTERBONUSRACE:Dragon (Bronze)	TYPE:Dragon Familiar	ABILITY:FEAT|VIRTUAL|Alertness
MASTERBONUSRACE:Dragon (Red)		TYPE:Dragon Familiar	ABILITY:FEAT|VIRTUAL|Alertness
MASTERBONUSRACE:Dragon (Silver)	TYPE:Dragon Familiar	ABILITY:FEAT|VIRTUAL|Alertness
MASTERBONUSRACE:Dragon (Gold)		TYPE:Dragon Familiar	ABILITY:FEAT|VIRTUAL|Alertness

###Block: Dragonmount
# Class of the Master		Type			Hit Dice	Spell Res.	Ability																				Copy Masters Checks	Define Stat				Combat bonus					Add to base move																																					Stat bonus
FOLLOWER:DragonMountLVL=1	TYPE:Dragon Mount	HD:2				ABILITY:Special Ability|AUTOMATIC|Special Mount ~ Empathic Link|Special Mount ~ Improved Evasion|Special Mount ~ Share Spells	COPYMASTERCHECK:MASTER	DEFINESTAT:MINVALUE|INT|6	BONUS:COMBAT|AC|4|TYPE=NaturalArmor.STACK																																								BONUS:STAT|STR|1
FOLLOWER:DragonMountLVL=3	TYPE:Dragon Mount	HD:2				ABILITY:Special Ability|AUTOMATIC|Special Mount ~ Improved Speed															DEFINESTAT:MINVALUE|INT|7	BONUS:COMBAT|AC|2|TYPE=NaturalArmor.STACK	BONUS:MOVEADD|TYPE.Walk|10|PREMOVE:1,Walk=1	BONUS:MOVEADD|TYPE.Swim|10|PREMOVE:1,Swim=1	BONUS:MOVEADD|TYPE.Climb|10|PREMOVE:1,Climb=1	BONUS:MOVEADD|TYPE.Burrow|10|PREMOVE:1,Burrow=1	BONUS:MOVEADD|TYPE.Fly|10|PREMOVE:1,Fly=1	BONUS:STAT|STR|1
FOLLOWER:DragonMountLVL=7	TYPE:Dragon Mount	HD:2				ABILITY:Special Ability|AUTOMATIC|Special Mount ~ Command																DEFINESTAT:MINVALUE|INT|8	BONUS:COMBAT|AC|2|TYPE=NaturalArmor.STACK																																								BONUS:STAT|STR|1
FOLLOWER:DragonMountLVL=11	TYPE:Dragon Mount	HD:2		SR:24																											DEFINESTAT:MINVALUE|INT|9	BONUS:COMBAT|AC|2|TYPE=NaturalArmor.STACK																																								BONUS:STAT|STR|1

###Block: Dragon Fiendish Servant
# Class of the Master				Type					Hit Dice	Spell Res.	Ability																						Copy Masters Checks	Define Stat				Combat bonus					Add to base move																																					Stat bonus
FOLLOWER:DragonFiendishServantLVL=1		TYPE:Dragon Fiendish Servant	HD:2				ABILITY:Special Ability|AUTOMATIC|Fiendish Servant ~ Empathic Link|Fiendish Servant ~ Improved Evasion|Fiendish Servant ~ Share Spells	COPYMASTERCHECK:MASTER	DEFINESTAT:MINVALUE|INT|6	BONUS:COMBAT|AC|4|TYPE=NaturalArmor.STACK																																								BONUS:STAT|STR|1
FOLLOWER:DragonFiendishServantLVL=3		TYPE:Dragon Fiendish Servant	HD:2				ABILITY:Special Ability|AUTOMATIC|Special Mount ~ Improved Speed																	DEFINESTAT:MINVALUE|INT|7	BONUS:COMBAT|AC|2|TYPE=NaturalArmor.STACK	BONUS:MOVEADD|TYPE.Walk|10|PREMOVE:1,Walk=1	BONUS:MOVEADD|TYPE.Swim|10|PREMOVE:1,Swim=1	BONUS:MOVEADD|TYPE.Climb|10|PREMOVE:1,Climb=1	BONUS:MOVEADD|TYPE.Burrow|10|PREMOVE:1,Burrow=1	BONUS:MOVEADD|TYPE.Fly|10|PREMOVE:1,Fly=1	BONUS:STAT|STR|1
FOLLOWER:DragonFiendishServantLVL=7		TYPE:Dragon Fiendish Servant	HD:2				ABILITY:Special Ability|AUTOMATIC|Fiendish Servant ~ Blood Bond																	DEFINESTAT:MINVALUE|INT|8	BONUS:COMBAT|AC|2|TYPE=NaturalArmor.STACK																																								BONUS:STAT|STR|1
FOLLOWER:DragonFiendishServantLVL=11	TYPE:Dragon Fiendish Servant	HD:2		SR:14																													DEFINESTAT:MINVALUE|INT|9	BONUS:COMBAT|AC|2|TYPE=NaturalArmor.STACK																																								BONUS:STAT|STR|1

###Block: Dragonsteed / Foster Dragon
# Class of the Master		Type
FOLLOWER:DragonSteedLVL=1	TYPE:Dragon Steed

FOLLOWER:FosterDragonLVL=1	TYPE:Foster Dragon
