# CVS $Revision: $ $Author: $ -- Thu Aug  7 12:47:32 2014 -- reformated by prettylst.pl v1.51 (build 24365)



###Block: Blood Scaled Fury

# Class Name		Hit Dice	Type				Abbreviation	Max Level	Ex Class				Source Page		Combat bonus										Bonus
CLASS:Blood Scaled Fury	HD:12		TYPE:Prestige.Dragon	ABB:BlSF		MAXLEVEL:12	EXCLASS:Ex Blood Scaled Fury	SOURCEPAGE:p.86	BONUS:COMBAT|BASEAB|classlevel("APPLIEDAS=NONEPIC")|TYPE=Base.REPLACE|PREVAREQ:UseAlternateBABProgression,0	BONUS:SAVE|BASE.Fortitude|classlevel("APPLIEDAS=NONEPIC")/2+2	BONUS:SAVE|BASE.Reflex|classlevel("APPLIEDAS=NONEPIC")/3	BONUS:SAVE|BASE.Will|classlevel("APPLIEDAS=NONEPIC")/3
# Class Name		Required Ability																Required AL		Required Feat						Required Race			Required Skill			Var. Min. Value		PRETOTALAB
CLASS:Blood Scaled Fury	PREABILITY:1,CATEGORY=Special Ability,Rage	PREABILITY:1,CATEGORY=Special Ability,Frightful Presence	PREALIGN:CG,CN,CE	PREABILITY:3,CATEGORY=FEAT,Power Attack,Shock Wave,Wingstorm	PRERACE:1,RACETYPE=Dragon	PRESKILL:1,Intimidate=14	PREVARGTEQ:RageTimes,3	PRETOTALAB:22
# Class Name		Skill Pts/Lvl	Class Skill
CLASS:Blood Scaled Fury	STARTSKILLPTS:2	CSKILL:Climb|Intimidate|Jump|Listen|Swim|Spot|Survival
#1	ABILITY:Special Ability|AUTOMATIC|Fearsome Presence
#2	ABILITY:Special Ability|AUTOMATIC|Draconic Fury|Draconic Fury ~ Blood Scaled Fury
#3	ABILITY:Special Ability|AUTOMATIC|Scales of Blood|Scales Of Blood ~ Blood Scaled Fury
#5	ABILITY:Special Ability|AUTOMATIC|Extended Fury
#8	ABILITY:Special Ability|AUTOMATIC|Incite Rage
#12	ABILITY:Special Ability|AUTOMATIC|Blinding Speed
1	ABILITY:Special Ability|AUTOMATIC|Bloodscaled Fury ~ Weapon and Armor Proficiency
1	ABILITY:Special Ability|AUTOMATIC|Bloodscaled Fury ~ Fearsome Presence
2	ABILITY:Special Ability|AUTOMATIC|Bloodscaled Fury ~ Draconic Fury
3	ABILITY:Special Ability|AUTOMATIC|Bloodscaled Fury ~ Scales of Blood
4	ABILITY:Special Ability|AUTOMATIC|Bloodscaled Fury ~ Rend
5	ABILITY:Special Ability|AUTOMATIC|Bloodscaled Fury ~ Extended Fury
8	ABILITY:Special Ability|AUTOMATIC|Bloodscaled Fury ~ Incite Rage
9	ABILITY:Special Ability|AUTOMATIC|Bloodscaled Fury ~ Tireless Fury
12	ABILITY:Special Ability|AUTOMATIC|Bloodscaled Fury ~ Blinding Speed
###Block: Vars
1	BONUS:VAR|FearsomePresence|CL
2	BONUS:VAR|BloodscaledFuryDraconicFuryLVL|CL
3	BONUS:VAR|BloodScaledFuryScalesOfBloodLVL|CL
5	BONUS:VAR|RageDuration|3
9	BONUS:VAR|TirelessRage|1
###Block:
4	VFEAT:Rend

# Class Name			Hit Dice	Type				Abbreviation	Max Level	Source Page		Visible	Combat bonus										Bonus
CLASS:Ex Blood Scaled Fury	HD:12		TYPE:Prestige.Dragon	ABB:XBlSF		MAXLEVEL:12	SOURCEPAGE:p.86	VISIBLE:NO	BONUS:COMBAT|BASEAB|classlevel("APPLIEDAS=NONEPIC")|TYPE=Base.REPLACE|PREVAREQ:UseAlternateBABProgression,0	BONUS:SAVE|BASE.Fortitude|classlevel("APPLIEDAS=NONEPIC")/2+2	BONUS:SAVE|BASE.Reflex|classlevel("APPLIEDAS=NONEPIC")/3	BONUS:SAVE|BASE.Will|classlevel("APPLIEDAS=NONEPIC")/3
# Class Name			Skill Pts/Lvl	Class Skill
CLASS:Ex Blood Scaled Fury	STARTSKILLPTS:2	CSKILL:Climb|Intimidate|Jump|Listen|Swim|Spot|Survival

###Block: Disciple of Ashardalon

# Class Name			Hit Dice	Type			Abbreviation	Max Level	Source Page		Combat bonus										Bonus
CLASS:Disciple of Ashardalon	HD:8		TYPE:Prestige	ABB:DoAs		MAXLEVEL:12	SOURCEPAGE:p.87	BONUS:COMBAT|BASEAB|classlevel("APPLIEDAS=NONEPIC")|TYPE=Base.REPLACE|PREVAREQ:UseAlternateBABProgression,0	BONUS:SAVE|BASE.Fortitude|classlevel("APPLIEDAS=NONEPIC")/2+2	BONUS:SAVE|BASE.Reflex|classlevel("APPLIEDAS=NONEPIC")/3	BONUS:SAVE|BASE.Will|classlevel("APPLIEDAS=NONEPIC")/2+2
# Class Name			Required AL		Required Feat						Required Race			Required Skill									Required Template					PRETOTALAB
CLASS:Disciple of Ashardalon	PREALIGN:LE,NE,CE	PREABILITY:2,CATEGORY=FEAT,Iron Will,Quicken Spell-Like Ability	PRERACE:1,RACETYPE=Dragon	PRESKILL:2,Knowledge (Religion)=18,Knowledge (The Planes)=18	PRETEMPLATE:1,Initiate of Ashardalon	PRETOTALAB:18
# Class Name			Skill Pts/Lvl	Class Skill
CLASS:Disciple of Ashardalon	STARTSKILLPTS:4	CSKILL:Concentration|Hide|Intimidate|Knowledge (arcana)|Knowledge (The Planes)|Knowledge (Religion)|Listen|Move Silently|Search|Sense Motive|Spellcraft|Spot
#1	ABILITY:Special Ability|AUTOMATIC|Darkness (Sp)|Fiendbond	ABILITY:Special Ability|AUTOMATIC|Resistance ~ Ashardalon|Resistance To Acid|Resistance To Cold|Resistance To Electricity|Resistance To Fire
#2	ABILITY:Special Ability|AUTOMATIC|Desecrate (Sp)
#3	ABILITY:Special Ability|AUTOMATIC|Unholy Blight (Sp)
#4	ABILITY:Special Ability|AUTOMATIC|Poison (Sp)
#5	ABILITY:Special Ability|AUTOMATIC|Contagion (Sp)
#6	ABILITY:Special Ability|AUTOMATIC|Blasphemy (Sp)|Immunity To Poison
#7	ABILITY:Special Ability|AUTOMATIC|Unhallow (Sp)
#8	ABILITY:Special Ability|AUTOMATIC|Unholy Aura (Sp)
#9	ABILITY:Special Ability|AUTOMATIC|Horrid Wilting (Sp)
#11	ABILITY:Special Ability|AUTOMATIC|Destruction (Sp)
#12	ABILITY:Special Ability|AUTOMATIC|Fiendish Perfection
###Block
1	ABILITY:Special Ability|AUTOMATIC|Disciple of Ashardalon ~ Weapon and Armor Proficiency
1	ABILITY:Special Ability|AUTOMATIC|Disciple of Ashardalon ~ Fiendbond
1	ABILITY:Special Ability|AUTOMATIC|Disciple of Ashardalon ~ Resistance
1	ABILITY:Special Ability|AUTOMATIC|Disciple of Ashardalon ~ Spell-Like Abilities
2	ABILITY:Special Ability|AUTOMATIC|Disciple of Ashardalon ~ Skill Point Increase
3	ABILITY:Special Ability|AUTOMATIC|Disciple of Ashardalon ~ Ability Increase
6	ABILITY:Special Ability|AUTOMATIC|Disciple of Ashardalon ~ Poison Immunity
7	ABILITY:Special Ability|AUTOMATIC|Disciple of Ashardalon ~ Natural Armor Increase
12	ABILITY:Special Ability|AUTOMATIC|Disciple of Ashardalon ~ Fiendish Perfection
###Block
3													BONUS:STAT|STR,DEX,INT|classlevel("APPLIEDAS=NONEPIC")/3
6													BONUS:STAT|CON,CHA|CL/6
7	BONUS:COMBAT|AC|1|TYPE=NaturalArmor.Stack
2								BONUS:SKILLPOOL|NUMBER|HD
10								BONUS:SKILLPOOL|NUMBER|HD
###Block
1	BONUS:VAR|AshardalonResistanceLVL|CL	BONUS:VAR|DarknessPerDay|3	BONUS:VAR|DarknessLVL|CL
2	BONUS:VAR|DesecratePerDay|1	BONUS:VAR|DesecrateLVL|CL
3	BONUS:VAR|UnholyBlightPerDay|1	BONUS:VAR|UnholyBlightLVL|CL
4	BONUS:VAR|PoisonPerDay|3	BONUS:VAR|PoisonLVL|CL
5	BONUS:VAR|ContagionPerDay|1	BONUS:VAR|ContagionLVL|CL
6	BONUS:VAR|BlasphemyPerDay|1	BONUS:VAR|BlasphemyLVL|CL
7	BONUS:VAR|UnhallowPerDay|1	BONUS:VAR|UnhallowLVL|CL
8	BONUS:VAR|UnholyAuraPerDay|3	BONUS:VAR|UnholyAuraLVL|CL
9	BONUS:VAR|HorridWiltingPerDay|1	BONUS:VAR|HorridWiltingLVL|CL
11	BONUS:VAR|DestructionPerDay|1	BONUS:VAR|DestructionLVL|CL

###Block: Dispassionate Watcher of Chronepsis

# Class Name					Hit Dice	Type				Abbreviation	Max Level	Source Page		Combat bonus												Modify VAR														Bonus
CLASS:Dispassionate Watcher of Chronepsis	HD:8		TYPE:Prestige.Dragon	ABB:DiWC		MAXLEVEL:12	SOURCEPAGE:p.89	BONUS:COMBAT|BASEAB|classlevel("APPLIEDAS=NONEPIC")/3*4|PREVAREQ:UseAlternateBABProgression,0	BONUS:VAR|ClassBABModerate|classlevel("APPLIEDAS=NONEPIC")|PREVAREQ:UseFractionalBAB,1	BONUS:SAVE|BASE.Fortitude|classlevel("APPLIEDAS=NONEPIC")/2+2	BONUS:SAVE|BASE.Reflex|classlevel("APPLIEDAS=NONEPIC")/3	BONUS:SAVE|BASE.Will|classlevel("APPLIEDAS=NONEPIC")/2+2
# Class Name					Required AL			Multiple Requirements																												Required Race			Required Skill			Required Casting Type
CLASS:Dispassionate Watcher of Chronepsis	PREALIGN:LN,NG,TN,NE,CN	PREMULT:1,[PREDOMAIN:1,Knowledge],[PRESPELL:3,Detect Secret Doors,Detect Thoughts,Clairaudience/Clairvoyance,Divination,True Seeing,Find the Path,Legend Lore,Discern Location,Foresight]	PRERACE:1,RACETYPE=Dragon	PRESKILL:2,TYPE.Knowledge=20	PRESPELLCAST:TYPE=Divine
# Class Name					Skill Pts/Lvl	Class Skill
CLASS:Dispassionate Watcher of Chronepsis	STARTSKILLPTS:2	CSKILL:Concentration|Decipher Script|TYPE=Knowledge|Spellcraft
###Block
1	BONUS:PCLEVEL|Cleric|classlevel("Sorcerer")	BONUS:PCLEVEL|Sorcerer|(-1)*classlevel("Sorcerer")	BONUS:VAR|CalmingAuraRange|max(FrightfulPresRange,5*HD)	BONUS:VAR|DraconicKnowledge|CL
###Block
2	BONUS:VAR|ComprehendLanguagesLVL|CL				ADD:SPELLCASTER|Divine
3										ADD:SPELLCASTER|Divine
4	BONUS:VAR|DispassionateWatcherStunningRebukeLVL|CL	ADD:SPELLCASTER|Divine
5	BONUS:VAR|TonguesLVL|CL						ADD:SPELLCASTER|Divine
6										ADD:SPELLCASTER|Divine
7										ADD:SPELLCASTER|Divine
8										ADD:SPELLCASTER|Divine
9										ADD:SPELLCASTER|Divine
10	BONUS:VAR|VisionPerDay|3	BONUS:VAR|VisionLVL|CL	ADD:SPELLCASTER|Divine
11										ADD:SPELLCASTER|Divine
12	BONUS:VAR|AnalyzeDweomerLVL|CL				ADD:SPELLCASTER|Divine
#	1	ABILITY:Special Ability|AUTOMATIC|Divine Conversion	ABILITY:Special Ability|AUTOMATIC|Calming Aura	VFEAT:Draconic Knowledge
#	2	ABILITY:Special Ability|AUTOMATIC|Comprehend Languages (Sp at will)
#	4	ABILITY:Special Ability|AUTOMATIC|Dispassionate Watcher Stunning Rebuke|Stunning Rebuke
#	5	ABILITY:Special Ability|AUTOMATIC|Tongues (Sp at will)
#	6	ABILITY:Special Ability|AUTOMATIC|Discern Lies (Su)
#	9	ABILITY:Special Ability|AUTOMATIC|Clearsight
#	10	ABILITY:Special Ability|AUTOMATIC|Vision (Sp)
#	12	ABILITY:Special Ability|AUTOMATIC|Analyze Dweomer (Sp at will)
###Block
1	ABILITY:Special Ability|AUTOMATIC|Dispassionate Watcher of Chronepsis ~ Weapon and Armor Proficiency
1	ABILITY:Special Ability|AUTOMATIC|Dispassionate Watcher of Chronepsis ~ Divine Conversion
1	ABILITY:Special Ability|AUTOMATIC|Dispassionate Watcher of Chronepsis ~ Calming Aura
1	ABILITY:Special Ability|AUTOMATIC|Dispassionate Watcher of Chronepsis ~ Draconic Knowledge
1	ABILITY:Special Ability|AUTOMATIC|Dispassionate Watcher of Chronepsis ~ Spellcasting
2	ABILITY:Special Ability|AUTOMATIC|Dispassionate Watcher of Chronepsis ~ Comprehend Languages
4	ABILITY:Special Ability|AUTOMATIC|Dispassionate Watcher of Chronepsis ~ Stunning Rebuke
5	ABILITY:Special Ability|AUTOMATIC|Dispassionate Watcher of Chronepsis ~ Tongues
6	ABILITY:Special Ability|AUTOMATIC|Dispassionate Watcher of Chronepsis ~ Discern Lies
9	ABILITY:Special Ability|AUTOMATIC|Dispassionate Watcher of Chronepsis ~ Clearsight
10	ABILITY:Special Ability|AUTOMATIC|Dispassionate Watcher of Chronepsis ~ Vision
12	ABILITY:Special Ability|AUTOMATIC|Dispassionate Watcher of Chronepsis ~ Analyze Dweomer


###Block: Dragon Ascendant

# Class Name		Hit Dice	Type				Abbreviation	Max Level	Ex Class				Source Page		Combat bonus										Bonus
CLASS:Dragon Ascendant	HD:12		TYPE:Prestige.Dragon	ABB:DrAs		MAXLEVEL:12	EXCLASS:Ex Dragon Ascendant	SOURCEPAGE:p.90	BONUS:COMBAT|BASEAB|classlevel("APPLIEDAS=NONEPIC")|TYPE=Base.REPLACE|PREVAREQ:UseAlternateBABProgression,0	BONUS:SAVE|BASE.Fortitude|classlevel("APPLIEDAS=NONEPIC")/2+2	BONUS:SAVE|BASE.Reflex|classlevel("APPLIEDAS=NONEPIC")/2+2	BONUS:SAVE|BASE.Will|classlevel("APPLIEDAS=NONEPIC")/2+2
# Class Name		Required Feat															Required Race			Required Text										PRETOTALAB
CLASS:Dragon Ascendant	PREABILITY:6,CATEGORY=FEAT,Draconic Knowledge,Fast Healing,Great Fortitude,Improved Speed,Iron Will,Lightning Reflexes	PRERACE:1,RACETYPE=Dragon	PRETEXT:Must consume all its hoards (at least of 1000'000 GP worth)	PRETOTALAB:30
# Class Name		Skill Pts/Lvl	Class Skill
CLASS:Dragon Ascendant	STARTSKILLPTS:6	CSKILL:Concentration|Diplomacy|Heal|Intimidate|Jump|Knowledge (arcana)|Knowledge (The Planes)|Knowledge (Religion)|Listen|Search|Sense Motive|Spellcraft|Spot
###Block
1		BONUS:VAR|DragonAscendantAwesomeAuraLVL|CL
11	SR:33	BONUS:VAR|FireResistanceBonus|20
###Block
#	1	ABILITY:Special Ability|AUTOMATIC|Awesome Aura
#	2	ABILITY:Special Ability|AUTOMATIC|Hit Point Increase
#	3	ABILITY:Special Ability|AUTOMATIC|Immunity To Petrification|Immunity To Polymorph
#	4	ABILITY:Special Ability|AUTOMATIC|Hit Point Increase	ABILITY:Special Ability|AUTOMATIC|Increased Damage Reduction
#	6	ABILITY:Special Ability|AUTOMATIC|Hit Point Increase	ABILITY:Special Ability|AUTOMATIC|Lifewarding
#	7	ABILITY:Special Ability|AUTOMATIC|Deflection Bonus
#	8	ABILITY:Special Ability|AUTOMATIC|Hit Point Increase
#	9	ABILITY:Special Ability|AUTOMATIC|Iron Mind
#	10	ABILITY:Special Ability|AUTOMATIC|Hit Point Increase
#	11	ABILITY:Special Ability|AUTOMATIC|Resistance To Fire
#	12	ABILITY:Special Ability|AUTOMATIC|Hit Point Increase	ABILITY:Special Ability|AUTOMATIC|Immortality ~ Dragon Descendant
###Block
1	ABILITY:Special Ability|AUTOMATIC|Dragon Ascendant ~ Weapon and Armor Proficiency
1	ABILITY:Special Ability|AUTOMATIC|Dragon Ascendant ~ Awesome Aura
2	ABILITY:Special Ability|AUTOMATIC|Dragon Ascendant ~ Hit Point Increase
3	ABILITY:Special Ability|AUTOMATIC|Dragon Ascendant ~ Transmutation Immunity
4	ABILITY:Special Ability|AUTOMATIC|Dragon Ascendant ~ Increased Damage Reduction
6	ABILITY:Special Ability|AUTOMATIC|Dragon Ascendant ~ Lifewarding
7	ABILITY:Special Ability|AUTOMATIC|Dragon Ascendant ~ Deflection Bonus
9	ABILITY:Special Ability|AUTOMATIC|Dragon Ascendant ~ Iron Mind
11	ABILITY:Special Ability|AUTOMATIC|Dragon Ascendant ~ Resistance to Fire
11	ABILITY:Special Ability|AUTOMATIC|Dragon Ascendant ~ Spell Resistance
12	ABILITY:Special Ability|AUTOMATIC|Dragon Ascendant ~ Immortality
1	ABILITY:Special Ability|AUTOMATIC|Dragon Ascendant ~ Code of Conduct

# Class Name			Hit Dice	Type				Abbreviation	Max Level	Source Page		Visible	Combat bonus										Bonus
CLASS:Ex Dragon Ascendant	HD:12		TYPE:Prestige.Dragon	ABB:DrAs		MAXLEVEL:12	SOURCEPAGE:p.90	VISIBLE:NO	BONUS:COMBAT|BASEAB|classlevel("APPLIEDAS=NONEPIC")|TYPE=Base.REPLACE|PREVAREQ:UseAlternateBABProgression,0	BONUS:SAVE|BASE.Fortitude|classlevel("APPLIEDAS=NONEPIC")/2+2	BONUS:SAVE|BASE.Reflex|classlevel("APPLIEDAS=NONEPIC")/2+2	BONUS:SAVE|BASE.Will|classlevel("APPLIEDAS=NONEPIC")/2+2
# Class Name			Skill Pts/Lvl	Class Skill
CLASS:Ex Dragon Ascendant	STARTSKILLPTS:6	CSKILL:Concentration|Diplomacy|Heal|Intimidate|Jump|Knowledge (arcana)|Knowledge (The Planes)|Knowledge (Religion)|Listen|Search|Sense Motive|Spellcraft|Spot
1		BONUS:VAR|DragonAscendantAwesomeAuraLVL|CL
11	SR:33	BONUS:VAR|FireResistanceBonus|202
###Block
#1	ABILITY:Special Ability|AUTOMATIC|Awesome Aura
#3	ABILITY:Special Ability|AUTOMATIC|Immunity To Petrification|Immunity To Polymorph
#4	ABILITY:Special Ability|AUTOMATIC|Hit Point Increase	ABILITY:Special Ability|AUTOMATIC|Increased Damage Reduction
#6	ABILITY:Special Ability|AUTOMATIC|Hit Point Increase	ABILITY:Special Ability|AUTOMATIC|Lifewarding
#7	ABILITY:Special Ability|AUTOMATIC|Deflection Bonus
#8	ABILITY:Special Ability|AUTOMATIC|Hit Point Increase
#9	ABILITY:Special Ability|AUTOMATIC|Iron Mind
#10	ABILITY:Special Ability|AUTOMATIC|Hit Point Increase
#11	ABILITY:Special Ability|AUTOMATIC|Hit Point Increase
#11	ABILITY:Special Ability|AUTOMATIC|Resistance To Fire
#12	ABILITY:Special Ability|AUTOMATIC|Hit Point Increase	ABILITY:Special Ability|AUTOMATIC|Immortality
###Block
1	ABILITY:Special Ability|AUTOMATIC|Dragon Ascendant ~ Weapon and Armor Proficiency
1	ABILITY:Special Ability|AUTOMATIC|Dragon Ascendant ~ Awesome Aura
2	ABILITY:Special Ability|AUTOMATIC|Dragon Ascendant ~ Hit Point Increase
3	ABILITY:Special Ability|AUTOMATIC|Dragon Ascendant ~ Transmutation Immunity
4	ABILITY:Special Ability|AUTOMATIC|Dragon Ascendant ~ Increased Damage Reduction
6	ABILITY:Special Ability|AUTOMATIC|Dragon Ascendant ~ Lifewarding
7	ABILITY:Special Ability|AUTOMATIC|Dragon Ascendant ~ Deflection Bonus
9	ABILITY:Special Ability|AUTOMATIC|Dragon Ascendant ~ Iron Mind
11	ABILITY:Special Ability|AUTOMATIC|Dragon Ascendant ~ Resistance to Fire
11	ABILITY:Special Ability|AUTOMATIC|Dragon Ascendant ~ Spell Resistance
12	ABILITY:Special Ability|AUTOMATIC|Dragon Ascendant ~ Immortality
1	ABILITY:Special Ability|AUTOMATIC|Dragon Ascendant ~ Code of Conduct

###Block: Elemental Master

# Class Name		Hit Dice	Type				Abbreviation	Max Level	Source Page		Define				Combat bonus										Modify VAR					Bonus
CLASS:Elemental Master	HD:12		TYPE:Prestige.Dragon	ABB:ElMa		MAXLEVEL:12	SOURCEPAGE:p.92	DEFINE:ElementalMasterLVL|0	BONUS:COMBAT|BASEAB|classlevel("APPLIEDAS=NONEPIC")|TYPE=Base.REPLACE|PREVAREQ:UseAlternateBABProgression,0	BONUS:VAR|ElementalMasterLVL|CL	BONUS:SAVE|BASE.Fortitude|classlevel("APPLIEDAS=NONEPIC")/2+2	BONUS:SAVE|BASE.Reflex|classlevel("APPLIEDAS=NONEPIC")/2+2	BONUS:SAVE|BASE.Will|classlevel("APPLIEDAS=NONEPIC")/2+2
# Class Name		Required Ability							Required Feat			Required Race																							Required Casting Type		Required Text						PRETOTALAB
CLASS:Elemental Master	PREABILITY:1,CATEGORY=Special Ability,Breath Weapon	PREABILITY:3,CATEGORY=FEAT,TYPE=Metabreath	PRERACE:1,RACETYPE=Dragon	PRERACE:1,RACESUBTYPE=Air,RACESUBTYPE=Cold,RACESUBTYPE=Earth,RACESUBTYPE=Electricity,RACESUBTYPE=Fire,RACESUBTYPE=Water	PRESPELLCAST:TYPE=Arcane	PRETEXT:Breath weapon that deals energy damage.	PRETOTALAB:20
# Class Name		Skill Pts/Lvl	Class Skill
CLASS:Elemental Master	STARTSKILLPTS:2	CSKILL:Concentration|Knowledge (arcana)|Knowledge (Geography)|Knowledge (Nature)|Knowledge (The Planes)|Spellcraft|Survival
1	BONUS:VAR|TurnLevelBase,TurnDamagePlusBase|CL
3	BONUS:VAR|ElementalMasterEnergyFocusLVL|CL
4	BONUS:VAR|ElementalMasterEnergyBurstLVL|CL
7	BONUS:VAR|ElementalMasterEnergyStormLVL|CL
#1ABILITY:Special Ability|AUTOMATIC|Basic Turning|Elemental Master Turning
#2ABILITY:Special Ability|AUTOMATIC|Elemental Master Summon Elemental|Summon Elemental (Sp)
#3ABILITY:Special Ability|AUTOMATIC|Elemental Master Energy Focus|Energy Focus
#4ABILITY:Special Ability|AUTOMATIC|Elemental Master Energy Burst|Energy Burst
#7ABILITY:Special Ability|AUTOMATIC|Elemental Master Energy Storm|Energy Storm
#12ABILITY:Special Ability|AUTOMATIC|Elemental Qualities
###Block
1	ABILITY:Special Ability|AUTOMATIC|Elemental Master ~ Weapon and Armor Proficiency
1	ABILITY:Special Ability|AUTOMATIC|Elemental Master ~ Element Mastery
1	ABILITY:Special Ability|AUTOMATIC|Elemental Master ~ Elemental Command
1	ABILITY:Special Ability|AUTOMATIC|Elemental Master ~ Energy Attunement
2	ABILITY:Special Ability|AUTOMATIC|Elemental Master ~ Energy Substitution
2	ABILITY:Special Ability|AUTOMATIC|Elemental Master ~ Summon Elemental
3	ABILITY:Special Ability|AUTOMATIC|Elemental Master ~ Energy Focus
4	ABILITY:Special Ability|AUTOMATIC|Elemental Master ~ Energy Burst
7	ABILITY:Special Ability|AUTOMATIC|Elemental Master ~ Energy Storm
10	ABILITY:Special Ability|AUTOMATIC|Elemental Master ~ Spell-Like Ability
12	ABILITY:Special Ability|AUTOMATIC|Elemental Master ~ Elemental Qualities


###Block: Hidecarved Dragon

# Class Name		Hit Dice	Type				Abbreviation	Max Level	Source Page		Combat bonus										Bonus
CLASS:Hidecarved Dragon	HD:10		TYPE:Prestige.Dragon	ABB:HidC		MAXLEVEL:12	SOURCEPAGE:p.94	BONUS:COMBAT|BASEAB|classlevel("APPLIEDAS=NONEPIC")|TYPE=Base.REPLACE|PREVAREQ:UseAlternateBABProgression,0	BONUS:SAVE|BASE.Fortitude|classlevel("APPLIEDAS=NONEPIC")/2+2	BONUS:SAVE|BASE.Reflex|classlevel("APPLIEDAS=NONEPIC")/2+2	BONUS:SAVE|BASE.Will|classlevel("APPLIEDAS=NONEPIC")/2+2
# Class Name		Required AL		Required Check Base	Required Feat		Required Race			Required Text
CLASS:Hidecarved Dragon	PREALIGN:LG,LN,LE	PRECHECKBASE:1,Will=12	PREABILITY:1,CATEGORY=FEAT,Iron Will	PRERACE:1,RACETYPE=Dragon	PRETEXT:Natural Armor Bonus at least +20
# Class Name		Skill Pts/Lvl	Class Skill
CLASS:Hidecarved Dragon	STARTSKILLPTS:4	CSKILL:Balance|Climb|Concentration|Diplomacy|Escape Artist|Hide|Jump|Knowledge (arcana)|Knowledge (Religion)|Listen|Move Silently|Sense Motive|Spot|Swim|Tumble
1															BONUS:VAR|HidecarvedIncreasedSpellResistanceLVL|CL
2															BONUS:VAR|PoisonResistanceBonus|4
3	BONUS:ABILITYPOOL|Hidecarved Resistance|2
4															BONUS:VAR|HidecarvedNaturalArmorLVL|CL|Hidecarved Natural Armor
5
6	BONUS:ABILITYPOOL|Hidecarved Immunity|1	BONUS:ABILITYPOOL|Hidecarved Resistance|1
7															BONUS:VAR|DeathWardPerDay|1	BONUS:VAR|DeathWardLVL|CL
8																										SPELLS:Innate|TIMES=1|CASTERLEVEL=CL|Death Ward,14+WIS
9															BONUS:VAR|HidecarvedWholenessOfBodyLVL|CL
10
12	BONUS:ABILITYPOOL|Hidecarved Immunity|1	BONUS:ABILITYPOOL|Hidecarved Resistance|1
#	1	ABILITY:Special Ability|AUTOMATIC|Hidecarved Increased Spell Resistance|Increased Spell Resistance
#	2	ABILITY:Special Ability|AUTOMATIC|Resistance To Poison

#	3	ABILITY:Special Ability|AUTOMATIC|Hidecarved Resistance
#	4ABILITY:Special Ability|AUTOMATIC|Still Mind
#	5ABILITY:Special Ability|AUTOMATIC|Increased Damage Reduction 2
#	7ABILITY:Special Ability|AUTOMATIC|Death Ward (Sp)
#	9ABILITY:Special Ability|AUTOMATIC|Hidecarved Wholeness of Body|Wholeness of Body
#	10ABILITY:Special Ability|AUTOMATIC|Immunity To Poison
#	12	ABILITY:Special Ability|AUTOMATIC|Superior Damage Reduction 2
###Block
1	ABILITY:Special Ability|AUTOMATIC|Hidecarved Dragon ~ Weapon and Armor Proficiency
1	ABILITY:Special Ability|AUTOMATIC|Hidecarved Dragon ~ Increased Spell Resistance
2	ABILITY:Special Ability|AUTOMATIC|Hidecarved Dragon ~ Suppress Weakness
2	ABILITY:Special Ability|AUTOMATIC|Hidecarved Dragon ~ Poison Resistance
3	ABILITY:Special Ability|AUTOMATIC|Hidecarved Dragon ~ Energy Resistance
4	ABILITY:Special Ability|AUTOMATIC|Hidecarved Dragon ~ Still Mind
4	ABILITY:Special Ability|AUTOMATIC|Hidecarved Dragon ~ Natural Armor
5	ABILITY:Special Ability|AUTOMATIC|Hidecarved Dragon ~ Increased Damage Reduction
6	ABILITY:Special Ability|AUTOMATIC|Hidecarved Dragon ~ Extra Energy Immunity
7	ABILITY:Special Ability|AUTOMATIC|Hidecarved Dragon ~ Overcome Weakness
7	ABILITY:Special Ability|AUTOMATIC|Hidecarved Dragon ~ Death Ward
9	ABILITY:Special Ability|AUTOMATIC|Hidecarved Dragon ~ Wholeness of Body
10	ABILITY:Special Ability|AUTOMATIC|Hidecarved Dragon ~ Poison Immunity
11	ABILITY:Special Ability|AUTOMATIC|Hidecarved Dragon ~ Superior Damage Reduction



###Block: Sacred Warder of Bahamut

# Class Name				Hit Dice	Type				Abbreviation	Max Level	Source Page		Combat bonus										Bonus
CLASS:Sacred Warder of Bahamut	HD:10		TYPE:Prestige.Dragon	ABB:SWaB		MAXLEVEL:12	SOURCEPAGE:p.96	BONUS:COMBAT|BASEAB|classlevel("APPLIEDAS=NONEPIC")|TYPE=Base.REPLACE|PREVAREQ:UseAlternateBABProgression,0	BONUS:SAVE|BASE.Fortitude|classlevel("APPLIEDAS=NONEPIC")/2+2	BONUS:SAVE|BASE.Reflex|classlevel("APPLIEDAS=NONEPIC")/3	BONUS:SAVE|BASE.Will|classlevel("APPLIEDAS=NONEPIC")/2+2
# Class Name				Required AL		Required Domain		Req. Damage Resistance	Required Feat				Required Race			Required Casting Type		PRETOTALAB
CLASS:Sacred Warder of Bahamut	PREALIGN:LG,NG	PREDOMAIN:1,Protection	PREDR:1,Magic=5		PREABILITY:2,CATEGORY=FEAT,Endure Blows,Power Attack	PRERACE:1,RACETYPE=Dragon	PRESPELLCAST:TYPE=Divine	PRETOTALAB:15
# Class Name				Skill Pts/Lvl	Class Skill
CLASS:Sacred Warder of Bahamut	STARTSKILLPTS:2	CSKILL:Concentration|Diplomacy|Heal|Knowledge (Religion)|Sense Motive
1	BONUS:PCLEVEL|Cleric|classlevel("Sorcerer")	BONUS:PCLEVEL|Sorcerer|(-1)*classlevel("Sorcerer")
###Block
2	BONUS:VAR|SacredWarderSmiteEvilDragonLVL|CL	ADD:SPELLCASTER|Divine
3	BONUS:VAR|SacredWarderAuraOfCourageLVL|CL		ADD:SPELLCASTER|Divine
4									ADD:SPELLCASTER|Divine
5									ADD:SPELLCASTER|Divine
6	BONUS:VAR|SmiteEvilDragons|1				ADD:SPELLCASTER|Divine
7	BONUS:VAR|SacredWarderSacredShieldLVL|CL		ADD:SPELLCASTER|Divine
8									ADD:SPELLCASTER|Divine
9									ADD:SPELLCASTER|Divine
10	BONUS:VAR|SmiteEvilDragons|1				ADD:SPELLCASTER|Divine
11									ADD:SPELLCASTER|Divine
12									ADD:SPELLCASTER|Divine
###Block
#	1ABILITY:Special Ability|AUTOMATIC|Divine Conversion
#	2ABILITY:Special Ability|AUTOMATIC|Sacred Warder Smite Evil Dragons|Smite Evil Dragons
#	3ABILITY:Special Ability|AUTOMATIC|Aura of Courage (Ex)|Immunity To Fear
#	7ABILITY:Special Ability|AUTOMATIC|Sacred Shield|Sacred Warder Sacred Shield
#	12ABILITY:Special Ability|AUTOMATIC|Area Sacred Shield
1	ABILITY:Special Ability|AUTOMATIC|Sacred Warder of Bahamut ~ Weapon and Armor Proficiency
1	ABILITY:Special Ability|AUTOMATIC|Sacred Warder of Bahamut ~ Divine Conversion
2	ABILITY:Special Ability|AUTOMATIC|Sacred Warder of Bahamut ~ Smite Evil Dragons
2	ABILITY:Special Ability|AUTOMATIC|Sacred Warder of Bahamut ~ Spellcasting
3	ABILITY:Special Ability|AUTOMATIC|Sacred Warder of Bahamut ~ Aura of Courage
7	ABILITY:Special Ability|AUTOMATIC|Sacred Warder of Bahamut ~ Sacred Shield
12	ABILITY:Special Ability|AUTOMATIC|Sacred Warder of Bahamut ~ Area Sacred Shield

###Block: Unholy Ravager of Tiamat

# Class Name				Hit Dice	Type				Abbreviation	Max Level	Source Page		Combat bonus										Bonus
CLASS:Unholy Ravager of Tiamat	HD:10		TYPE:Prestige.Dragon	ABB:URT		MAXLEVEL:12	SOURCEPAGE:p.97	BONUS:COMBAT|BASEAB|classlevel("APPLIEDAS=NONEPIC")|TYPE=Base.REPLACE|PREVAREQ:UseAlternateBABProgression,0	BONUS:SAVE|BASE.Fortitude|classlevel("APPLIEDAS=NONEPIC")/2+2	BONUS:SAVE|BASE.Reflex|classlevel("APPLIEDAS=NONEPIC")/3	BONUS:SAVE|BASE.Will|classlevel("APPLIEDAS=NONEPIC")/2+2
# Class Name				Required AL		Required Domain		Required Feat								Required Race			Required Casting Type		PRETOTALAB
CLASS:Unholy Ravager of Tiamat	PREALIGN:LE,NE	PREDOMAIN:1,Destruction	PREABILITY:3,CATEGORY=FEAT,Maximize Breath,Recover Breath,Tempest Breath	PRERACE:1,RACETYPE=Dragon	PRESPELLCAST:TYPE=Divine	PRETOTALAB:15
# Class Name				Skill Pts/Lvl	Class Skill
CLASS:Unholy Ravager of Tiamat	STARTSKILLPTS:2	CSKILL:Climb|Concentration|Intimidate|Jump|Knowledge (arcana)|Knowledge (Religion)|Spellcraft|Swim|Survival
1	BONUS:PCLEVEL|Cleric|classlevel("Sorcerer")	BONUS:PCLEVEL|Sorcerer|(-1)*classlevel("Sorcerer")	BONUS:VAR|UnholyRavagerSmiteLVL|CL
###Block
2	BONUS:VAR|BreathWeaponSubstitutionLVL|CL	ADD:SPELLCASTER|Divine
3								ADD:SPELLCASTER|Divine
4								ADD:SPELLCASTER|Divine
5								ADD:SPELLCASTER|Divine
6								ADD:SPELLCASTER|Divine
7								ADD:SPELLCASTER|Divine
8								ADD:SPELLCASTER|Divine
9								ADD:SPELLCASTER|Divine
10								ADD:SPELLCASTER|Divine
11								ADD:SPELLCASTER|Divine
12								ADD:SPELLCASTER|Divine
###Block
#	1ABILITY:Special Ability|AUTOMATIC|Divine Conversion	ABILITY:Special Ability|AUTOMATIC|Unholy Ravager Smite
#	2ABILITY:Special Ability|AUTOMATIC|Breath Weapon Substitution (Sp at will)
#	3ABILITY:Special Ability|AUTOMATIC|Aura of Despair ~ Dragon
#	7ABILITY:Special Ability|AUTOMATIC|Profane Blast|Unholy Ravager Profane Blast
#	12ABILITY:Special Ability|AUTOMATIC|Mass Profane Blast
1	ABILITY:Special Ability|AUTOMATIC|Unholy Ravager of Tiamat ~ Weapon and Armor Proficiency
1	ABILITY:Special Ability|AUTOMATIC|Unholy Ravager of Tiamat ~ Divine Conversion
1	ABILITY:Special Ability|AUTOMATIC|Unholy Ravager of Tiamat ~ Smite
2	ABILITY:Special Ability|AUTOMATIC|Unholy Ravager of Tiamat ~ Spellcasting
2	ABILITY:Special Ability|AUTOMATIC|Unholy Ravager of Tiamat ~ Breath Weapon Substitution
3	ABILITY:Special Ability|AUTOMATIC|Unholy Ravager of Tiamat ~ Aura of Despair
7	ABILITY:Special Ability|AUTOMATIC|Unholy Ravager of Tiamat ~ Profane Blast
12	ABILITY:Special Ability|AUTOMATIC|Unholy Ravager of Tiamat ~ Mass Profane Blast

### End Dragon Prestige Classes


###Block: Dracolyte

# Class Name	Hit Dice	Type			Abbreviation	Max Level	Ex Class			Source Page		Combat bonus															Modify VAR														Bonus
CLASS:Dracolyte	HD:8		TYPE:Prestige	ABB:Drl		MAXLEVEL:10	EXCLASS:Ex Dracolyte	SOURCEPAGE:p.122	BONUS:COMBAT|BASEAB|classlevel("APPLIEDAS=NONEPIC")*3/4|TYPE=Base.REPLACE|PREVAREQ:UseAlternateBABProgression,0	BONUS:VAR|ClassBABModerate|classlevel("APPLIEDAS=NONEPIC")|PREVAREQ:UseFractionalBAB,1	BONUS:SAVE|BASE.Fortitude|classlevel("APPLIEDAS=NONEPIC")/2+2	BONUS:SAVE|BASE.Reflex|classlevel("APPLIEDAS=NONEPIC")/3	BONUS:SAVE|BASE.Will|classlevel("APPLIEDAS=NONEPIC")/2+2
# Class Name	Required Feat				Required Language		Prohibited Race			Required Skill															Required Casting Type		Req. Spell Type
CLASS:Dracolyte	PREABILITY:2,CATEGORY=FEAT,Dragonfriend,Toughness	PRELANG:1,Draconic	!PRERACE:1,RACETYPE=Dragon	PRESKILL:2,Concentration=8,Knowledge (Religion)=8	PRESKILL:2,Diplomacy=4,Knowledge (Arcana)=4	PRESPELLCAST:TYPE=Divine	PRESPELLTYPE:1,Divine=2
# Class Name	Skill Pts/Lvl	Class Skill
CLASS:Dracolyte	STARTSKILLPTS:2	CSKILL:Bluff|Concentration|Diplomacy|Heal|Jump|Knowledge (arcana)|Knowledge (Religion)|Spellcraft
1										DOMAIN:Glory|Domination						ADD:SPELLCASTER|Divine
2																			ADD:SPELLCASTER|Divine
3																			ADD:SPELLCASTER|Divine
4																			ADD:SPELLCASTER|Divine
5														BONUS:VAR|FosterDragonLVL|1	ADD:SPELLCASTER|Divine
6																			ADD:SPELLCASTER|Divine
7																			ADD:SPELLCASTER|Divine
8																			ADD:SPELLCASTER|Divine
9	VISION:Darkvision (60')|Keen Senses|Low-Light Vision										ADD:SPELLCASTER|Divine
10																			ADD:SPELLCASTER|Divine
#5ABILITY:Special Ability|AUTOMATIC|Foster Dragon
#7ABILITY:Special Ability|AUTOMATIC|Immunity To Paralysis|Immunity To Sleep
#10ABILITY:Special Ability|AUTOMATIC|Dracolyte Summon Dragon|Summon Dragon
###Block
1	ABILITY:Special Ability|AUTOMATIC|Dracolyte ~ Weapon and Armor Proficiency
1	ABILITY:Special Ability|AUTOMATIC|Dracolyte ~ Spellcasting
1	ABILITY:Special Ability|AUTOMATIC|Dracolyte ~ Prestige Domain
3	ABILITY:Special Ability|AUTOMATIC|Dracolyte ~ Alertness
5	ABILITY:Special Ability|AUTOMATIC|Dracolyte ~ Foster Dragon
7	ABILITY:Special Ability|AUTOMATIC|Dracolyte ~ Immunities
9	ABILITY:Special Ability|AUTOMATIC|Dracolyte ~ Keen Senses
10	ABILITY:Special Ability|AUTOMATIC|Dracolyte ~ Summon Dragon


# Class Name		Hit Dice	Type			Abbreviation	Max Level	Source Page		Visible	Combat bonus															Modify VAR														Bonus
CLASS:Ex Dracolyte	HD:8		TYPE:Prestige	ABB:xDrl		MAXLEVEL:10	SOURCEPAGE:p.122	VISIBLE:NO	BONUS:COMBAT|BASEAB|classlevel("APPLIEDAS=NONEPIC")*3/4|TYPE=Base.REPLACE|PREVAREQ:UseAlternateBABProgression,0	BONUS:VAR|ClassBABModerate|classlevel("APPLIEDAS=NONEPIC")|PREVAREQ:UseFractionalBAB,1	BONUS:SAVE|BASE.Fortitude|classlevel("APPLIEDAS=NONEPIC")/2+2	BONUS:SAVE|BASE.Reflex|classlevel("APPLIEDAS=NONEPIC")/3	BONUS:SAVE|BASE.Will|classlevel("APPLIEDAS=NONEPIC")/2+2
# Class Name		Skill Pts/Lvl	Class Skill
CLASS:Ex Dracolyte	STARTSKILLPTS:2	CSKILL:Bluff|Concentration|Diplomacy|Heal|Jump|Knowledge (arcana)|Knowledge (Religion)|Spellcraft
1										DOMAIN:Glory|Domination						ADD:SPELLCASTER|Divine
2																			ADD:SPELLCASTER|Divine
3																			ADD:SPELLCASTER|Divine
4																			ADD:SPELLCASTER|Divine
5														BONUS:VAR|FosterDragonLVL|1	ADD:SPELLCASTER|Divine
6																			ADD:SPELLCASTER|Divine
7																			ADD:SPELLCASTER|Divine
8																			ADD:SPELLCASTER|Divine
9	VISION:Darkvision (60')|Keen Senses|Low-Light Vision										ADD:SPELLCASTER|Divine
10																			ADD:SPELLCASTER|Divine
###Block
1	ABILITY:Special Ability|AUTOMATIC|Dracolyte ~ Weapon and Armor Proficiency
1	ABILITY:Special Ability|AUTOMATIC|Dracolyte ~ Spellcasting
1	ABILITY:Special Ability|AUTOMATIC|Dracolyte ~ Prestige Domain
3	ABILITY:Special Ability|AUTOMATIC|Dracolyte ~ Alertness
5	ABILITY:Special Ability|AUTOMATIC|Dracolyte ~ Foster Dragon
7	ABILITY:Special Ability|AUTOMATIC|Dracolyte ~ Immunities
9	ABILITY:Special Ability|AUTOMATIC|Dracolyte ~ Keen Senses
10	ABILITY:Special Ability|AUTOMATIC|Dracolyte ~ Summon Dragon

###Block: Dragonkith

# Class Name	Hit Dice	Type			Abbreviation	Max Level	Source Page		Combat bonus										Bonus
CLASS:Dragonkith	HD:8		TYPE:Prestige	ABB:Dkt		MAXLEVEL:10	SOURCEPAGE:p.123	BONUS:COMBAT|BASEAB|classlevel("APPLIEDAS=NONEPIC")|TYPE=Base.REPLACE|PREVAREQ:UseAlternateBABProgression,0	BONUS:SAVE|BASE.Fortitude|classlevel("APPLIEDAS=NONEPIC")/2+2	BONUS:SAVE|BASE.Reflex|classlevel("APPLIEDAS=NONEPIC")/3	BONUS:SAVE|BASE.Will|classlevel("APPLIEDAS=NONEPIC")/3
# Class Name	Required Feat			Required Language		Required Skill				Required Text								PRETOTALAB
CLASS:Dragonkith	PREABILITY:2,CATEGORY=FEAT,Alertness,Endurance	PRELANG:1,Draconic	PRESKILL:1,Knowledge (Arcana)=1	PRETEXT:Must be chosen by a dragon of the same alignment.	PRETOTALAB:6
# Class Name	Skill Pts/Lvl	Class Skill
CLASS:Dragonkith	STARTSKILLPTS:4	CSKILL:Appraise|Bluff|TYPE=Craft|Diplomacy|Intimidate|TYPE=Knowledge|TYPE=Profession|Search|Spot
1								BONUS:VAR|DragonkithScalesLVL|CL
2								BONUS:VAR|DragonkithMightyAttackLVL|CL
3	BONUS:ABILITYPOOL|Dragonkith Resistance|1	BONUS:VAR|DragonkithResistanceLVL|CL
#1ABILITY:Special Ability|AUTOMATIC|Dragonkith Scales|Scales|Telepathic Plea
#2ABILITY:Special Ability|AUTOMATIC|Dragonkith Mighty Attack|Mighty Attack
#3ABILITY:Special Ability|AUTOMATIC|Detect Treasure|Dragonkith Detect Treasure|Dragonkith Resistance
#5ABILITY:Special Ability|AUTOMATIC|Telepathic Link
#6ABILITY:Special Ability|AUTOMATIC|Sorcerous Knack
#9ABILITY:Special Ability|AUTOMATIC|Share Spells
###Block
1	ABILITY:Special Ability|AUTOMATIC|Dragonkith ~ Weapon and Armor Proficiency
1	ABILITY:Special Ability|AUTOMATIC|Dragonkith ~ Scales
1	ABILITY:Special Ability|AUTOMATIC|Dragonkith ~ Telepathic Plea
2	ABILITY:Special Ability|AUTOMATIC|Dragonkith ~ Mighty Attack
3	ABILITY:Special Ability|AUTOMATIC|Dragonkith ~ Detect Treasure
3	ABILITY:Special Ability|AUTOMATIC|Dragonkith ~ Energy Resistance
4	ABILITY:Special Ability|AUTOMATIC|Dragonkith ~ Telepathic Link
6	ABILITY:Special Ability|AUTOMATIC|Dragonkith ~ Sorcerous Knack
9	ABILITY:Special Ability|AUTOMATIC|Dragonkith ~ Share Spells

###Block: Dragonrider

# Class Name	Hit Dice	Type			Abbreviation	Max Level	Source Page		Combat bonus										Bonus
CLASS:Dragonrider	HD:10		TYPE:Prestige	ABB:Drg		MAXLEVEL:5	SOURCEPAGE:p.124	BONUS:COMBAT|BASEAB|classlevel("APPLIEDAS=NONEPIC")|TYPE=Base.REPLACE|PREVAREQ:UseAlternateBABProgression,0	BONUS:SAVE|BASE.Fortitude|classlevel("APPLIEDAS=NONEPIC")/2+2	BONUS:SAVE|BASE.Reflex|classlevel("APPLIEDAS=NONEPIC")/3	BONUS:SAVE|BASE.Will|classlevel("APPLIEDAS=NONEPIC")/2+2
# Class Name	Required Feat						Required Language		Required Skill								PRETOTALAB
CLASS:Dragonrider	PREABILITY:1,CATEGORY=FEAT,Mounted Combat,Skill Focus (Ride)	PRELANG:1,Draconic	PRESKILL:2,Diplomacy=4,Handle Animal=4	PRESKILL:1,Ride=8	PRETOTALAB:5
# Class Name	Skill Pts/Lvl	Class Skill
CLASS:Dragonrider	STARTSKILLPTS:4	CSKILL:Balance|Concentration|Diplomacy|Handle Animal|Jump|Ride|Spot|Tumble
1								BONUS:VAR|DragonriderDragonridingLVL|CL
3	BONUS:ABILITYPOOL|Dragonrider Feat|1
#1	ABILITY:Special Ability|AUTOMATIC|Weapon and Armor Proficiency ~ Dragonrider
#1	ABILITY:Special Ability|AUTOMATIC|Dragonrider Dragonriding|Dragonriding|Immunity To Frightful Presence ~ mount
#2	ABILITY:Special Ability|AUTOMATIC|Mounted Spellcasting
#4	ABILITY:Special Ability|AUTOMATIC|Flyby Attack
#5	ABILITY:Special Ability|AUTOMATIC|Spur Mount

1															ABILITY:Special Ability|AUTOMATIC|Dragonrider ~ Weapon and Armor Proficiency
1															ABILITY:Special Ability|AUTOMATIC|Dragonrider ~ Dragonriding
1															ABILITY:Special Ability|AUTOMATIC|Dragonrider ~ Immune to Frightful Presence
2															ABILITY:Special Ability|AUTOMATIC|Dragonrider ~ Mounted Spellcasting
3															ABILITY:Special Ability|AUTOMATIC|Dragonrider ~ Bonus Feat
4															ABILITY:Special Ability|AUTOMATIC|Dragonrider ~ Flyby Attack
5															ABILITY:Special Ability|AUTOMATIC|Dragonrider ~ Spur Mount

###Block: Dragonslayer

# Class Name		Hit Dice	Type			Abbreviation	Max Level	Source Page		Combat bonus										Bonus
CLASS:Dragonslayer	HD:10		TYPE:Prestige	ABB:Drg		MAXLEVEL:10	SOURCEPAGE:p.125	BONUS:COMBAT|BASEAB|classlevel("APPLIEDAS=NONEPIC")|TYPE=Base.REPLACE|PREVAREQ:UseAlternateBABProgression,0	BONUS:SAVE|BASE.Fortitude|classlevel("APPLIEDAS=NONEPIC")/2+2	BONUS:SAVE|BASE.Reflex|classlevel("APPLIEDAS=NONEPIC")/3	BONUS:SAVE|BASE.Will|classlevel("APPLIEDAS=NONEPIC")/2+2
# Class Name		Required Feat			Required Skill		PRETOTALAB
CLASS:Dragonslayer	PREABILITY:1,CATEGORY=FEAT,Dodge,Iron Will	PRESKILL:1,Tumble=2	PRETOTALAB:5
# Class Name		Skill Pts/Lvl	Class Skill
CLASS:Dragonslayer	STARTSKILLPTS:2	CSKILL:Climb|TYPE=Craft|Intimidate|Knowledge (arcana)|Jump|Search|Tumble
1	BONUS:VAR|DragonslayerDamageBonusLVL|CL				ADD:SPELLCASTER|ANY
2	BONUS:VAR|DragonslayerOvercomeDraconicSpellResistanceLVL|0
3	BONUS:VAR|DragonslayerDRLVL|CL					ADD:SPELLCASTER|ANY
5	BONUS:VAR|DragonslayerResistanceLVL|CL				ADD:SPELLCASTER|ANY
7											ADD:SPELLCASTER|ANY
9											ADD:SPELLCASTER|ANY
#1	ABILITY:Special Ability|AUTOMATIC|Weapon and Armor Proficiency ~ Dragonslayer
#1	ABILITY:Special Ability|AUTOMATIC|Aura of Courage|Damage Bonus ~ dragons|Dragonslayer Damage Bonus|Immunity To Fear
#2	ABILITY:Special Ability|AUTOMATIC|Dragonslayer Overcome Draconic Spell Resistance|Overcome Draconic Spell Resistance
#3	ABILITY:Special Ability|AUTOMATIC|Dragonslayer DR
#5	ABILITY:Special Ability|AUTOMATIC|Resistance To Acid|Resistance To Cold|Resistance To Fire|Resistance To Sonic
#7	ABILITY:Special Ability|AUTOMATIC|Improved Critical ~ Dragonslayer
#10	ABILITY:Special Ability|AUTOMATIC|Dragonslayer True Strike Dragons|True Strike (Sp/Dragons)
###Block
1	ABILITY:Special Ability|AUTOMATIC|Dragonslayer ~ Weapon and Armor Proficiency
1	ABILITY:Special Ability|AUTOMATIC|Dragonslayer ~ Spellcasting
1	ABILITY:Special Ability|AUTOMATIC|Dragonslayer ~ Aura of Courage
1	ABILITY:Special Ability|AUTOMATIC|Dragonslayer ~ Damage Bonus
2	ABILITY:Special Ability|AUTOMATIC|Dragonslayer ~ Overcome Draconic Spell Resistance
3	ABILITY:Special Ability|AUTOMATIC|Dragonslayer ~ Damage Reduction
5	ABILITY:Special Ability|AUTOMATIC|Dragonslayer ~ Energy Resistance
6	ABILITY:Special Ability|AUTOMATIC|Dragonslayer ~ Lightning Reflexes
7	ABILITY:Special Ability|AUTOMATIC|Dragonslayer ~ Improved Critical
10	ABILITY:Special Ability|AUTOMATIC|Dragonslayer ~ True Strike

###Block: Dragonsong Lyrist

# Class Name		Hit Dice	Type			Abbreviation	Max Level	Source Page		Combat bonus															Modify VAR														Bonus
CLASS:Dragonsong Lyrist	HD:6		TYPE:Prestige	ABB:Dsl		MAXLEVEL:5	SOURCEPAGE:p.127	BONUS:COMBAT|BASEAB|classlevel("APPLIEDAS=NONEPIC")*3/4|TYPE=Base.REPLACE|PREVAREQ:UseAlternateBABProgression,0	BONUS:VAR|ClassBABModerate|classlevel("APPLIEDAS=NONEPIC")|PREVAREQ:UseFractionalBAB,1	BONUS:SAVE|BASE.Fortitude|classlevel("APPLIEDAS=NONEPIC")/3	BONUS:SAVE|BASE.Reflex|classlevel("APPLIEDAS=NONEPIC")/2+2	BONUS:SAVE|BASE.Will|classlevel("APPLIEDAS=NONEPIC")/2+2
# Class Name		Required AL				Required Feat		Required Language		Required Skill
CLASS:Dragonsong Lyrist	PREALIGN:LG,LN,NG,TN,CG,CN	PREABILITY:1,CATEGORY=FEAT,Dragonsong	PRELANG:1,Draconic	PRESKILL:3,Concentration=5,Diplomacy=5,Knowledge (Arcana)=5	PRESKILL:1,Perform (Oratory)=10,Perform (Sing)=10
# Class Name		Skill Pts/Lvl	Class Skill
CLASS:Dragonsong Lyrist	STARTSKILLPTS:4	CSKILL:Bluff|Concentration|TYPE=Craft|Diplomacy|Knowledge (arcana)|Listen|TYPE=Perform|Sense Motive
1	BONUS:VAR|GreaterDragonsongLVL|CL
###Block
2	ADD:SPELLCASTER|ANY
4	ADD:SPELLCASTER|ANY
#1	ABILITY:Special Ability|AUTOMATIC|Greater Dragonsong|Greater Dragonsong ~ Song of Strength
#2	ABILITY:Special Ability|AUTOMATIC|Greater Dragonsong ~ Song of Compulsion
#3	ABILITY:Special Ability|AUTOMATIC|Greater Dragonsong ~ Song of Flight
#4	ABILITY:Special Ability|AUTOMATIC|Greater Dragonsong ~ Song of Fear
#5	ABILITY:Special Ability|AUTOMATIC|Greater Dragonsong ~ Song of Healing
###Block
1	ABILITY:Special Ability|AUTOMATIC|Dragonsong Lyrist ~ Weapon and Armor Proficiency
1	ABILITY:Special Ability|AUTOMATIC|Dragonsong Lyrist ~ Greater Dragonsong
2	ABILITY:Special Ability|AUTOMATIC|Dragonsong Lyrist ~ Spellcasting

# Dragonstalker

# Class Name		Hit Dice	Type			Abbreviation	Max Level	Source Page		Combat bonus										Bonus
CLASS:Dragonstalker	HD:8		TYPE:Prestige	ABB:Dst		MAXLEVEL:10	SOURCEPAGE:p.128	BONUS:COMBAT|BASEAB|classlevel("APPLIEDAS=NONEPIC")|TYPE=Base.REPLACE|PREVAREQ:UseAlternateBABProgression,0	BONUS:SAVE|BASE.Fortitude|classlevel("APPLIEDAS=NONEPIC")/3	BONUS:SAVE|BASE.Reflex|classlevel("APPLIEDAS=NONEPIC")/2+2	BONUS:SAVE|BASE.Will|classlevel("APPLIEDAS=NONEPIC")/2+2
# Class Name		Required Feat			Required Language		Required Skill															PRETOTALAB
CLASS:Dragonstalker	PREABILITY:2,CATEGORY=FEAT,Blind Fight,Track	PRELANG:1,Draconic	PRESKILL:2,Gather Information=4,Knowledge (Arcana)=4	PRESKILL:3,Hide=6,Move Silently=6,Search=6	PRETOTALAB:5
# Class Name		Skill Pts/Lvl	Class Skill
CLASS:Dragonstalker	STARTSKILLPTS:4	CSKILL:Bluff|Climb|TYPE=Craft|Diplomacy|Disguise|Gather Information|Hide|Jump|Knowledge (arcana)|Knowledge (Local)|Listen|Move Silently|Search|Spot|Survival
#
1	BONUS:VAR|DragonstalkerHuntingBonusLVL|CL
2	BONUS:VAR|DragonstalkerDragonsSneakAttackLVL|CL
3	BONUS:VAR|DragonstalkerIgnoreNaturalArmorLVL|CL
#1	ABILITY:Special Ability|AUTOMATIC|Weapon and Armor Proficiency ~ Dragonstalker
#1	ABILITY:Special Ability|AUTOMATIC|Dragonstalker Hunting Bonus|Hunting bonus
#2	ABILITY:Special Ability|AUTOMATIC|Dragons Sneak Attack|Dragonstalker Dragons Sneak Attack
#3	ABILITY:Special Ability|AUTOMATIC|Dragonstalker Ignore Natural Armor|Ignore Natural Armor
#5	ABILITY:Special Ability|AUTOMATIC|Hide Scent
#9	ABILITY:Special Ability|AUTOMATIC|Dragonstalker Foil Blindsense|Foil Blindsense
#10	ABILITY:Special Ability|AUTOMATIC|Dragonstrike
###Block
1	ABILITY:Special Ability|AUTOMATIC|Dragonstalker ~ Weapon and Armor Proficiency
1	ABILITY:Special Ability|AUTOMATIC|Dragonstalker ~ Hunting Bonus
2	ABILITY:Special Ability|AUTOMATIC|Dragonstalker ~ Sneak Attack (Dragon)
3	ABILITY:Special Ability|AUTOMATIC|Dragonstalker ~ Ignore Natural Armor
5	ABILITY:Special Ability|AUTOMATIC|Dragonstalker ~ Hide Scent
9	ABILITY:Special Ability|AUTOMATIC|Dragonstalker ~ Foil Blindsense
10	ABILITY:Special Ability|AUTOMATIC|Dragonstalker ~ Dragonstrike

#

# Class Name		Hit Dice	Type			Abbreviation	Max Level	Source Page		Combat bonus															Modify VAR														Bonus
CLASS:Hoardstealer	HD:6		TYPE:Prestige	ABB:Hds		MAXLEVEL:10	SOURCEPAGE:p.130	BONUS:COMBAT|BASEAB|classlevel("APPLIEDAS=NONEPIC")*3/4|TYPE=Base.REPLACE|PREVAREQ:UseAlternateBABProgression,0	BONUS:VAR|ClassBABModerate|classlevel("APPLIEDAS=NONEPIC")|PREVAREQ:UseFractionalBAB,1	BONUS:SAVE|BASE.Fortitude|classlevel("APPLIEDAS=NONEPIC")/3	BONUS:SAVE|BASE.Reflex|classlevel("APPLIEDAS=NONEPIC")/2+2	BONUS:SAVE|BASE.Will|classlevel("APPLIEDAS=NONEPIC")/3
# Class Name		Required AL				Required Skill																	Required Text
CLASS:Hoardstealer	PREALIGN:NG,TN,NE,CG,CN,CE	PRESKILL:4,Appraise=8,Hide=8,Move Silently=8,Search=8	PRESKILL:3,Disable Device=4,Escape Artist=4,Open Lock=4	PRETEXT:the characther must have partecipated in the locatio and recovery of a treasure hoard (dragon or otherwise) valued at 5'000 GP or more.
# Class Name		Skill Pts/Lvl	Class Skill
CLASS:Hoardstealer	STARTSKILLPTS:6	CSKILL:Appraise|Balance|Bluff|Climb|Concentration|Decipher Script|Disable Device|Escape Artist|Gather Information|Jump|Open Lock|Search|Swim|Use Magic Device|Use Rope
# Class Name		Spell Stat		Spell Type		Automatically Known Spell Levels	Spellbook		Caster level
CLASS:Hoardstealer	SPELLSTAT:INT	SPELLTYPE:Arcane	KNOWNSPELLS:LEVEL=0			SPELLBOOK:YES	BONUS:CASTERLEVEL|Hoardstealer|CL
#
1	CAST:0,0		VISION:Darkvision																						BONUS:VISION|Darkvision|30
2	CAST:0,1												BONUS:VAR|HideFromDragonsPerDay|((CL+2)/4)	BONUS:VAR|HideFromDragonsLVL|CL
3	CAST:0,1,0												BONUS:VAR|HoardstealerTrapSenseLVL|CL	BONUS:VAR|HoardstealerDeepPocketsLVL|CL
4	CAST:0,1,1												BONUS:VAR|HoardstealerTreasureDowsingLVL|CL
5	CAST:0,1,1,0																									BONUS:VISION|Darkvision|30
6	CAST:0,1,1,1
7	CAST:0,2,1,1
8	CAST:0,2,1,1,1				BONUS:ABILITYPOOL|Skill Mastery|3+INT
9	CAST:0,2,2,1,1																									BONUS:VISION|Darkvision|30
10	CAST:0,2,2,2,1
#1	ABILITY:Special Ability|AUTOMATIC|Weapon and Armor Proficiency ~ Hoardstealer
#1	ABILITY:Special Ability|AUTOMATIC|Trapfinding
#2	ABILITY:Special Ability|AUTOMATIC|Hide from Dragons (Sp)
#3	ABILITY:Special Ability|AUTOMATIC|Deep Pockets|Hoardstealer Deep Pockets|Hoardstealer Trap Sense|Trap Sense Ability
#4	ABILITY:Special Ability|AUTOMATIC|Hoardstealer Treasure Dowsing|Treasure Dowsing
###Block
1	ABILITY:Special Ability|AUTOMATIC|Hoardstealer ~ Weapon and Armor Proficiency
1	ABILITY:Special Ability|AUTOMATIC|Hoardstealer ~ Spells
1	ABILITY:Special Ability|AUTOMATIC|Hoardstealer ~ Darkvision
1	ABILITY:Special Ability|AUTOMATIC|Hoardstealer ~ Trapfinding
2	ABILITY:Special Ability|AUTOMATIC|Hoardstealer ~ Hide from Dragons
3	ABILITY:Special Ability|AUTOMATIC|Hoardstealer ~ Trap Sense
3	ABILITY:Special Ability|AUTOMATIC|Hoardstealer ~ Deep Pockets
4	ABILITY:Special Ability|AUTOMATIC|Hoardstealer ~ Treasure Dowsing
8	ABILITY:Special Ability|AUTOMATIC|Hoardstealer ~ Skill Mastery


###Block: Initiate of the Draconic Mysteries

# Class Name					Hit Dice	Type			Abbreviation	Max Level	Source Page		Combat bonus															Modify VAR														Bonus
CLASS:Initiate of the Draconic Mysteries	HD:8		TYPE:Prestige	ABB:Idm		MAXLEVEL:10	SOURCEPAGE:p.131	BONUS:COMBAT|BASEAB|classlevel("APPLIEDAS=NONEPIC")*3/4|TYPE=Base.REPLACE|PREVAREQ:UseAlternateBABProgression,0	BONUS:VAR|ClassBABModerate|classlevel("APPLIEDAS=NONEPIC")|PREVAREQ:UseFractionalBAB,1	BONUS:SAVE|BASE.Fortitude|classlevel("APPLIEDAS=NONEPIC")/2+2	BONUS:SAVE|BASE.Reflex|classlevel("APPLIEDAS=NONEPIC")/2+2	BONUS:SAVE|BASE.Will|classlevel("APPLIEDAS=NONEPIC")/2+2
# Class Name					Required Feat								Required Language		Required Skill
CLASS:Initiate of the Draconic Mysteries	PREABILITY:3,CATEGORY=FEAT,Alertness,Improved Unarmed Strike,Power Attack	PRELANG:1,Draconic	PRESKILL:2,Concentration=6,Knowledge (Arcana)=6	PRESKILL:1,Jump=8	PRESKILL:2,Knowledge (Religion)=4,Tumble=4
# Class Name					Skill Pts/Lvl	Class Skill
CLASS:Initiate of the Draconic Mysteries	STARTSKILLPTS:4	CSKILL:Balance|Concentration|Diplomacy|Escape Artist|Heal|Listen|Knowledge (arcana)|Knowledge (Religion)|Spot|Tumble
1	BONUS:VAR|EvasionUsable,ImprovedEvasionUsable|1|TYPE=Prerequisite|PREEQUIP:1,TYPE=Medium,TYPE=Heavy
#1	ABILITY:Special Ability|AUTOMATIC|Evasion
#2	ABILITY:Special Ability|AUTOMATIC|Claws of the Dragon
#3	ABILITY:Special Ability|AUTOMATIC|Keen Senses
#5	ABILITY:Special Ability|AUTOMATIC|Frightful Presence|Frightful Presence ~ Initiate of the Draconic Mysteries
#6	ABILITY:Special Ability|AUTOMATIC|Improved Evasion
#7	ABILITY:Special Ability|AUTOMATIC|Spell Resistance ~ Initiate of the Draconic Mysteries
#9	ABILITY:Special Ability|AUTOMATIC|Timeless Body
#10	ABILITY:Special Ability|AUTOMATIC|Dragonshape|Dragonshape ~ Initiate of the Draconic Mysteries
###Block:
3	VISION:Darkvision (60')|Low-Light Vision
###Block:
5	BONUS:VAR|InitiateFrightfulPresenceLVL|CL
7	BONUS:VAR|InitiateSR|CL
###Block:
9	TEMPLATE:Timeless Body
###Block:
1	UDAM:1d1,1d1,1d1,1d2,1d3,1d4,1d6,1d8,2d6	UMULT:2
2	UDAM:1d1,1d1,1d1,1d2,1d3,1d4,1d6,1d8,2d6
3	UDAM:1d1,1d1,1d1,1d2,1d3,1d4,1d6,1d8,2d6
4	UDAM:1d1,1d1,1d2,1d3,1d4,1d6,1d8,2d6,2d8
5	UDAM:1d1,1d1,1d2,1d3,1d4,1d6,1d8,2d6,2d8
6	UDAM:1d1,1d1,1d2,1d3,1d4,1d6,1d8,2d6,2d8
7	UDAM:1d1,1d1,1d2,1d3,1d4,1d6,1d8,2d6,2d8
8	UDAM:1d1,1d2,1d3,1d4,1d6,1d8,2d6,2d8,3d6
9	UDAM:1d1,1d2,1d3,1d4,1d6,1d8,2d6,2d8,3d6	UMULT:3
10	UDAM:1d1,1d2,1d3,1d4,1d6,1d8,2d6,2d8,3d6
###Block
1	ABILITY:Special Ability|AUTOMATIC|Initiate of the Draconic Mysteries ~ Weapon and Armor Proficiency
1	ABILITY:Special Ability|AUTOMATIC|Initiate of the Draconic Mysteries ~ Evasion
2	ABILITY:Special Ability|AUTOMATIC|Initiate of the Draconic Mysteries ~ Claws of the Dragon
3	ABILITY:Special Ability|AUTOMATIC|Initiate of the Draconic Mysteries ~ Keen Senses
4	ABILITY:Special Ability|AUTOMATIC|Initiate of the Draconic Mysteries ~ Increased Unarmed Damage
5	ABILITY:Special Ability|AUTOMATIC|Initiate of the Draconic Mysteries ~ Frightful Presence
6	ABILITY:Special Ability|AUTOMATIC|Initiate of the Draconic Mysteries ~ Improved Evasion
7	ABILITY:Special Ability|AUTOMATIC|Initiate of the Draconic Mysteries ~ Spell Resistance
9	ABILITY:Special Ability|AUTOMATIC|Initiate of the Draconic Mysteries ~ Deadly Strike
9	ABILITY:Special Ability|AUTOMATIC|Initiate of the Draconic Mysteries ~ Timeless Body
10	ABILITY:Special Ability|AUTOMATIC|Initiate of the Draconic Mysteries ~ Dragon Shape

###Block: Platinum Knight

# Class Name		Hit Dice	Type			Abbreviation	Max Level	Source Page		Combat bonus										Bonus
CLASS:Platinum Knight	HD:8		TYPE:Prestige	ABB:Plk		MAXLEVEL:10	SOURCEPAGE:p.133	BONUS:COMBAT|BASEAB|classlevel("APPLIEDAS=NONEPIC")|TYPE=Base.REPLACE|PREVAREQ:UseAlternateBABProgression,0	BONUS:SAVE|BASE.Fortitude|classlevel("APPLIEDAS=NONEPIC")/2+2	BONUS:SAVE|BASE.Reflex|classlevel("APPLIEDAS=NONEPIC")/3	BONUS:SAVE|BASE.Will|classlevel("APPLIEDAS=NONEPIC")/2+2
# Class Name		Required AL		Required Feat		Required Language		Required Skill						PRETOTALAB
CLASS:Platinum Knight	PREALIGN:LG,NG,CG	PREABILITY:1,CATEGORY=FEAT,Dragonfriend	PRELANG:1,Draconic	PRESKILL:2,Diplomacy=4,Knowledge (Arcana)=4	PRETOTALAB:5
# Class Name		Skill Pts/Lvl	Class Skill
CLASS:Platinum Knight	STARTSKILLPTS:2	CSKILL:Concentration|Diplomacy|Heal|Intimidate|Knowledge (arcana)|Ride|Sense Motive
###Block
#1	ABILITY:Special Ability|AUTOMATIC|Weapon and Armor Proficiency ~ Platinum Knight
#1	ABILITY:Special Ability|AUTOMATIC|Immunity to Frightful Presence|Smite Evil Dragons|Smite Evil Dragons ~ Platinum Knight
#3	ABILITY:Special Ability|AUTOMATIC|Platinum Scales ~ Platinum Knight
#5	ABILITY:Special Ability|AUTOMATIC|Bahamut's Grace ~ Platinum Knight
#9	ABILITY:Special Ability|AUTOMATIC|Ability Enhancement (+2 Cha) ~ Platinum Knight
#10	ABILITY:Special Ability|AUTOMATIC|True Seeing ~ Platinum Knight
###Block Vars
1	BONUS:VAR|PlatinumKnightSmiteEvilDragonLVL|CL
2	BONUS:VAR|PlatinumKnightPlatinumScalesLVL|CL
###Block Add Spellcaster
2:REPEATLEVEL:2	ADD:SPELLCASTER|ANY
###Block
1	ABILITY:Special Ability|AUTOMATIC|Platinum Knight ~ Weapon and Armor Proficiency
1	ABILITY:Special Ability|AUTOMATIC|Platinum Knight ~ Smite Evil Dragon
1	ABILITY:Special Ability|AUTOMATIC|Platinum Knight ~ Immune to Frightful Presence
2	ABILITY:Special Ability|AUTOMATIC|Platinum Knight ~ Spellcasting
2	ABILITY:Special Ability|AUTOMATIC|Platinum Knight ~ Platinum Scales
5	ABILITY:Special Ability|AUTOMATIC|Platinum Knight ~ Bahamut's Grace
9	ABILITY:Special Ability|AUTOMATIC|Platinum Knight ~ Charisma Bonus
10	ABILITY:Special Ability|AUTOMATIC|Platinum Knight ~ True Seeing

###Block: Talon of Tiamat

# Class Name		Hit Dice	Type			Abbreviation	Max Level	Source Page		Combat bonus															Modify VAR														Bonus
CLASS:Talon of Tiamat	HD:8		TYPE:Prestige	ABB:Tot		MAXLEVEL:10	SOURCEPAGE:p.	BONUS:COMBAT|BASEAB|classlevel("APPLIEDAS=NONEPIC")*3/4|TYPE=Base.REPLACE|PREVAREQ:UseAlternateBABProgression,0	BONUS:VAR|ClassBABModerate|classlevel("APPLIEDAS=NONEPIC")|PREVAREQ:UseFractionalBAB,1	BONUS:SAVE|BASE.Fortitude|classlevel("APPLIEDAS=NONEPIC")/2+2	BONUS:SAVE|BASE.Reflex|classlevel("APPLIEDAS=NONEPIC")/3	BONUS:SAVE|BASE.Will|classlevel("APPLIEDAS=NONEPIC")/3
# Class Name		Required AL		Required Feat		Required Language		Required Skill							PRETOTALAB
CLASS:Talon of Tiamat	PREALIGN:LE,NE,CE	PREABILITY:1,CATEGORY=FEAT,Dragonthrall	PRELANG:1,Draconic	PRESKILL:3,Bluff=4,Intimidate=4,Knowledge (Arcana)=4	PRETOTALAB:4
# Class Name		Skill Pts/Lvl	Class Skill
CLASS:Talon of Tiamat	STARTSKILLPTS:2	CSKILL:Appraise|Bluff|Concentration|Intimidate|Knowledge (arcana)|Ride|Search|Sense Motive|Spellcraft
###Block Add Spellcaster
2:REPEATLEVEL:2	ADD:SPELLCASTER|ANY
###Block
2													BONUS:VAR|TalonOfTiamatVoiceOfTheDragonLVL|CL
4	VISION:Low-light
6					BONUS:ABILITYPOOL|Talon of Tiamat Immunity|1
8	VISION:Darkvision (60')									BONUS:VAR|TalonOfTiamatFrightfulPresenceLVL|CL
###Block
1	ABILITY:Special Ability|AUTOMATIC|Talon of Tiamat ~ Weapon and Armor Proficiency
1	ABILITY:Special Ability|AUTOMATIC|Talon of Tiamat ~ Breath Weapon
2	ABILITY:Special Ability|AUTOMATIC|Talon of Tiamat ~ Spellcasting
2	ABILITY:Special Ability|AUTOMATIC|Talon of Tiamat ~ Voice of the Dragon
4	ABILITY:Special Ability|AUTOMATIC|Talon of Tiamat ~ Keen Senses
6	ABILITY:Special Ability|AUTOMATIC|Talon of Tiamat ~ Immunities
8	ABILITY:Special Ability|AUTOMATIC|Talon of Tiamat ~ Frightful Presence
10	ABILITY:Special Ability|AUTOMATIC|Talon of Tiamat ~ Dominate Dragon
#1	ABILITY:Special Ability|AUTOMATIC|Weapon and Armor Proficiency ~ Talon of Tiamat
#1	ABILITY:Special Ability|AUTOMATIC|Breath Weapon ~ Cone of Frost|Talon of Tiamat Breath Weapon
#2ABILITY:Special Ability|AUTOMATIC|Talon of Tiamat Voice of the Dragon|Voice of the Dragon
#4ABILITY:Special Ability|AUTOMATIC|Keen Senses
#6ABILITY:Special Ability|AUTOMATIC|Immunity To Paralysis|Immunity To Sleep
#8ABILITY:Special Ability|AUTOMATIC|Frightful Presence|Talon of Tiamat Frightfull Presence
#10ABILITY:Special Ability|AUTOMATIC|Dominate Dragon|Talon of Tiamat Dominate Dragon


###Block: BROKEN PATCH
###Block: Dragons - Need to convert these to the new method!

# Class Name	Hit Dice	Type			Max Level		Source Page		Save checks bonus															Combat bonus
CLASS:Fang Dragon	HD:12		TYPE:Monster	MAXLEVEL:NOLIMIT	SOURCEPAGE:Drac	BONUS:CHECKS|BASE.Fortitude|CL/2+2	BONUS:CHECKS|BASE.Reflex|CL/2+2	BONUS:CHECKS|BASE.Will|CL/2+2	BONUS:COMBAT|BAB|CL|TYPE=Base.REPLACE
# Class Name	Required Race		Reg. Race Type
CLASS:Fang Dragon	PRERACE:1,Dragon (Fang%	PRERACETYPE:Dragon
# Class Name	Skill Pts/Lvl	Add INT to Skill Points?	Class Skill
CLASS:Fang Dragon	STARTSKILLPTS:6	MODTOSKILLS:YES			CSKILL:Listen|Search|Spot|Concentration|Diplomacy|Escape Artist|Intimidate|TYPE.Knowledge|Sense Motive|Use Magic Device
1																		BONUS:VAR|DragonCL|max(DragonAge,(var("BL=Sorcerer")+var("CL=Sorcerer")))	DEFINE:DragonCL|0
1	VISION:Keen Senses|Darkvision (120')|Blindsense (60')	BONUS:COMBAT|AC|CL-1|TYPE=NaturalArmor.REPLACE
###Block: Breath Weapon and other SA's
1	DEFINE:FangDragonAbilityDrainDamage|1	DEFINE:FangDragonAbilityDrainDamageDie|2	ABILITY:Special Ability|AUTOMATIC|Ability Drain ~ Fang Dragon
#1
1															ABILITY:Special Ability|AUTOMATIC|Immunity To Paralysis
1															ABILITY:Special Ability|AUTOMATIC|Immunity To Sleep
###Block: Frightful Presence
1	BONUS:VAR|FrightfulPresRange|DragonAge*30|PREVARGTEQ:DragonAge,5	ABILITY:Special Ability|AUTOMATIC|Frightful Presence
###Block: Normal Progression
1									DEFINE:DragonAge|1										ABILITY:Special Ability|AUTOMATIC|Increased Damage|Sound Imitation	ABILITY:Special Ability|AUTOMATIC|Trip	SPELLS:Innate|TIMES=ATWILL|CASTERLEVEL=DragonCL|Detect Magic|Read Magic
6									DEFINE:DragonAge|2
9									DEFINE:DragonAge|3																													SPELLS:Innate|TIMES=2|CASTERLEVEL=DragonCL|Shield
12	SR:16								DEFINE:DragonAge|4																													SPELLS:Innate|TIMES=1|CASTERLEVEL=DragonCL|Dispel Magic
15	SR:18	DR:5/Magic						DEFINE:DragonAge|5					ADD:SPELLCASTER|1|Sorcerer
18	SR:20			BONUS:PCLEVEL|Sorcerer|1	DEFINE:DragonAge|6																													SPELLS:Innate|TIMES=1|CASTERLEVEL=DragonCL|Spell Turning
21	SR:22	DR:10/Magic	BONUS:PCLEVEL|Sorcerer|1	DEFINE:DragonAge|7
24	SR:25			BONUS:PCLEVEL|Sorcerer|1	DEFINE:DragonAge|8																													SPELLS:Innate|TIMES=2|CASTERLEVEL=DragonCL|Telekinesis
27	SR:27	DR:15/Magic	BONUS:PCLEVEL|Sorcerer|1	DEFINE:DragonAge|9
30	SR:28			BONUS:PCLEVEL|Sorcerer|1	DEFINE:DragonAge|10	DEFINE:FastHealing|2						ABILITY:Special Ability|AUTOMATIC|Fast Healing
33	SR:29	DR:20/Magic	BONUS:PCLEVEL|Sorcerer|1	DEFINE:DragonAge|11
36	SR:31			BONUS:PCLEVEL|Sorcerer|1	DEFINE:DragonAge|12																													SPELLS:Innate|TIMES=2|CASTERLEVEL=DragonCL|Globe of Invulnerability
17				BONUS:PCLEVEL|Sorcerer|1
20				BONUS:PCLEVEL|Sorcerer|1
23				BONUS:PCLEVEL|Sorcerer|1
26				BONUS:PCLEVEL|Sorcerer|1
29				BONUS:PCLEVEL|Sorcerer|1
32				BONUS:PCLEVEL|Sorcerer|1
35				BONUS:PCLEVEL|Sorcerer|1
#

# Class Name		Hit Dice	Type			Max Level		Source Page		Save checks bonus															Combat bonus
CLASS:Battle Dragon	HD:12		TYPE:Monster	MAXLEVEL:NOLIMIT	SOURCEPAGE:Drac	BONUS:CHECKS|BASE.Fortitude|CL/2+2	BONUS:CHECKS|BASE.Reflex|CL/2+2	BONUS:CHECKS|BASE.Will|CL/2+2	BONUS:COMBAT|BAB|CL|TYPE=Base.REPLACE
# Class Name		Required Race			Reg. Race Type
CLASS:Battle Dragon	PRERACE:1,Dragon (Battle%	PRERACETYPE:Dragon
# Class Name		Skill Pts/Lvl	Add INT to Skill Points?	Class Skill
CLASS:Battle Dragon	STARTSKILLPTS:6	MODTOSKILLS:YES			CSKILL:Listen|Search|Spot|Concentration|Diplomacy|Escape Artist|Intimidate|TYPE.Knowledge|Sense Motive|Use Magic Device|TYPE.Perform
1																		BONUS:VAR|DragonCL|DragonAge	DEFINE:DragonCL|0
1	VISION:Keen Senses|Darkvision (120')|Blindsense (60')	BONUS:COMBAT|AC|CL-1|TYPE=NaturalArmor.REPLACE
###Block: Breath Weapon and other SA's
1	DEFINE:BreathWeaponCone|max((SIZE-1)*10,15)	DEFINE:BreathWeaponDice|(2*DragonAge)	DEFINE:BreathWeaponDamageDie|6	ABILITY:Special Ability|AUTOMATIC|Breath Weapon ~ Cone of Sonic Energy
1																						ABILITY:Special Ability|AUTOMATIC|Breath Weapon ~ Cone of Fear Gas
1																						ABILITY:Special Ability|AUTOMATIC|Immunity To Paralysis
1																						ABILITY:Special Ability|AUTOMATIC|Immunity To Sleep
###Block: Frightful Presence
1	BONUS:VAR|FrightfulPresRange|DragonAge*30|PREVARGTEQ:DragonAge,5	ABILITY:Special Ability|AUTOMATIC|Frightful Presence
###Block: Normal Progression
1						BONUS:VAR|BardicMusicTimes|1	BONUS:VAR|BardicMusicLvl|DragonCL	BONUS:VAR|InspireDurationBase|5					ABILITY:Special Ability|AUTOMATIC|Immunity To Sonic|Bardic Music
5																							DEFINE:DragonAge|1
8																							DEFINE:DragonAge|2													SPELLS:Innate|TIMES=3|CASTERLEVEL=DragonCL|Protection from Evil
11		DR:5/Magic																				DEFINE:DragonAge|3
14																							DEFINE:DragonAge|4													SPELLS:Innate|TIMES=3|CASTERLEVEL=DragonCL|Aid	SPELLS:Innate|TIMES=1|CASTERLEVEL=DragonCL|Shield Other
17	SR:21	DR:10/Magic																				DEFINE:DragonAge|5
20	SR:24																						DEFINE:DragonAge|6	ABILITY:Special Ability|AUTOMATIC|Battle Dragon Inspire Courage
23	SR:26	DR:15/Magic																				DEFINE:DragonAge|7
26	SR:29					BONUS:VAR|FastHealing|2														DEFINE:DragonAge|8	ABILITY:Special Ability|AUTOMATIC|Fast Healing
29	SR:30	DR:20/Magic	DR:5/Evil																		DEFINE:DragonAge|9
32	SR:32																						DEFINE:DragonAge|10
35	SR:33	DR:10/Evil																				DEFINE:DragonAge|11
38	SR:35					BONUS:VAR|BattleDragonBattleFuryTimesLVL|DragonCL									DEFINE:DragonAge|12	ABILITY:Special Ability|AUTOMATIC|Battle Fury|Battle Dragon Battle Fury	SPELLS:Innate|TIMES=1|CASTERLEVEL=DragonCL|Heroes' Feast
#

# Class Name		Hit Dice	Type			Max Level		Source Page		Save checks bonus															Combat bonus
CLASS:Chaos Dragon	HD:12		TYPE:Monster	MAXLEVEL:NOLIMIT	SOURCEPAGE:Drac	BONUS:CHECKS|BASE.Fortitude|CL/2+2	BONUS:CHECKS|BASE.Reflex|CL/2+2	BONUS:CHECKS|BASE.Will|CL/2+2	BONUS:COMBAT|BAB|CL|TYPE=Base.REPLACE
# Class Name		Required Race			Reg. Race Type
CLASS:Chaos Dragon	PRERACE:1,Dragon (Chaos%	PRERACETYPE:Dragon
# Class Name		Skill Pts/Lvl	Add INT to Skill Points?	Class Skill
CLASS:Chaos Dragon	STARTSKILLPTS:6	MODTOSKILLS:YES			CSKILL:Listen|Search|Spot|Concentration|Diplomacy|Escape Artist|Intimidate|TYPE.Knowledge|Sense Motive|Use Magic Device
1																		BONUS:VAR|DragonCL|DragonAge	DEFINE:DragonCL|0
1	VISION:Keen Senses|Darkvision (120')|Blindsense (60')	BONUS:COMBAT|AC|CL-1|TYPE=NaturalArmor.REPLACE
###Block: Breath Weapon and other SA's
1								DEFINE:BreathWeaponLine|max((SIZE-1)*20,30)	DEFINE:BreathWeaponDice|(2*DragonAge)	DEFINE:BreathWeaponDamageDie|4	ABILITY:Special Ability|AUTOMATIC|Breath Weapon ~ Line of Random Energy
1	BONUS:VAR|BreathWeaponDuration|DragonAge																						ABILITY:Special Ability|AUTOMATIC|Breath Weapon ~ Cone of Confusion Gas
1																													ABILITY:Special Ability|AUTOMATIC|Immunity To Paralysis
1																													ABILITY:Special Ability|AUTOMATIC|Immunity To Sleep
###Block: Frightful Presence
1	BONUS:VAR|FrightfulPresRange|DragonAge*30|PREVARGTEQ:DragonAge,5	ABILITY:Special Ability|AUTOMATIC|Frightful Presence
###Block: Normal Progression
1										ABILITY:Special Ability|AUTOMATIC|Immunity to Compulsion Effects
6						DEFINE:DragonAge|1
9						DEFINE:DragonAge|2												SPELLS:Innate|TIMES=3|CASTERLEVEL=DragonCL|Protection from Law
12		DR:5/Magic			DEFINE:DragonAge|3
15						DEFINE:DragonAge|4												SPELLS:Innate|TIMES=3|CASTERLEVEL=DragonCL|Chaos Hammer|Entropic Shield
18	SR:24	DR:10/Magic			DEFINE:DragonAge|5
21	SR:26					DEFINE:DragonAge|6												SPELLS:Innate|TIMES=1|CASTERLEVEL=DragonCL|Dispel Law|Mind Fog
24	SR:28	DR:15/Magic			DEFINE:DragonAge|7
27	SR:30					DEFINE:DragonAge|8												SPELLS:Innate|TIMES=1|CASTERLEVEL=DragonCL|Word of Chaos
30	SR:32	DR:20/Magic	DR:5/Law	DEFINE:DragonAge|9
33	SR:34					DEFINE:DragonAge|10												SPELLS:Innate|TIMES=1|CASTERLEVEL=DragonCL|Mislead
36	SR:37	DR:10/Law			DEFINE:DragonAge|11
39	SR:38					DEFINE:DragonAge|12												SPELLS:Innate|TIMES=1|CASTERLEVEL=DragonCL|Cloak of Chaos
#

# Class Name		Hit Dice	Type			Max Level		Source Page		Save checks bonus															Combat bonus
CLASS:Ethereal Dragon	HD:12		TYPE:Monster	MAXLEVEL:NOLIMIT	SOURCEPAGE:Drac	BONUS:CHECKS|BASE.Fortitude|CL/2+2	BONUS:CHECKS|BASE.Reflex|CL/2+2	BONUS:CHECKS|BASE.Will|CL/2+2	BONUS:COMBAT|BAB|CL|TYPE=Base.REPLACE
# Class Name		Required Race			Reg. Race Type
CLASS:Ethereal Dragon	PRERACE:1,Dragon (Ethereal%	PRERACETYPE:Dragon
# Class Name		Skill Pts/Lvl	Add INT to Skill Points?	Class Skill
CLASS:Ethereal Dragon	STARTSKILLPTS:6	MODTOSKILLS:YES			CSKILL:Listen|Search|Spot|Concentration|Diplomacy|Escape Artist|Intimidate|TYPE.Knowledge|Sense Motive|Use Magic Device
1																		BONUS:VAR|DragonCL|DragonAge	DEFINE:DragonCL|0
1	VISION:Keen Senses|Darkvision (120')|Blindsense (60')	BONUS:COMBAT|AC|CL-1|TYPE=NaturalArmor.REPLACE
###Block: Breath Weapon and other SA's
1	DEFINE:BreathWeaponCone|max((SIZE-1)*10,15)	DEFINE:BreathWeaponDice|(2*DragonAge)	DEFINE:BreathWeaponDamageDie|6	ABILITY:Special Ability|AUTOMATIC|Breath Weapon ~ Cone of Force
#1
1																						ABILITY:Special Ability|AUTOMATIC|Immunity To Paralysis
1																						ABILITY:Special Ability|AUTOMATIC|Immunity To Sleep
###Block: Frightful Presence
1	BONUS:VAR|FrightfulPresRange|DragonAge*30|PREVARGTEQ:DragonAge,5	ABILITY:Special Ability|AUTOMATIC|Frightful Presence
###Block: Normal Progression
1											ABILITY:Special Ability|AUTOMATIC|Immunity To Ether Cyclones|Ethereal Dragon Skills
4							DEFINE:DragonAge|1
7							DEFINE:DragonAge|2	ABILITY:Special Ability|AUTOMATIC|Ethereal Vision|See Ethereal
10		DR:5/Magic				DEFINE:DragonAge|3
13							DEFINE:DragonAge|4																		SPELLS:Innate|TIMES=1|CASTERLEVEL=DragonCL|Blink
16	SR:20	DR:10/Magic				DEFINE:DragonAge|5
19	SR:21						DEFINE:DragonAge|6																		SPELLS:Innate|TIMES=3|CASTERLEVEL=DragonCL|Dimensional Anchor	SPELLS:Innate|TIMES=1|CASTERLEVEL=DragonCL|Ethereal Jaunt
22	SR:24	DR:15/Magic				DEFINE:DragonAge|7
25	SR:25						DEFINE:DragonAge|8																		SPELLS:Innate|TIMES=1|CASTERLEVEL=DragonCL|Etherealness
28	SR:28	DR:20/Magic	DR:5/Cold Iron	DEFINE:DragonAge|9
31	SR:29						DEFINE:DragonAge|10	ABILITY:Special Ability|AUTOMATIC|Strike Ethereal Creatures
34	SR:32	DR:10/Cold Iron			DEFINE:DragonAge|11
37	SR:33						DEFINE:DragonAge|12	ABILITY:Special Ability|AUTOMATIC|Summon Ethereal Cyclones|Ethereal Dragon Summon Ethereal Cyclones
#

# Class Name		Hit Dice	Type			Max Level		Source Page		Save checks bonus															Combat bonus
CLASS:Howling Dragon	HD:12		TYPE:Monster	MAXLEVEL:NOLIMIT	SOURCEPAGE:Drac	BONUS:CHECKS|BASE.Fortitude|CL/2+2	BONUS:CHECKS|BASE.Reflex|CL/2+2	BONUS:CHECKS|BASE.Will|CL/2+2	BONUS:COMBAT|BAB|CL|TYPE=Base.REPLACE
# Class Name		Required Race			Reg. Race Type
CLASS:Howling Dragon	PRERACE:1,Dragon (Howling%	PRERACETYPE:Dragon
# Class Name		Skill Pts/Lvl	Add INT to Skill Points?	Class Skill
CLASS:Howling Dragon	STARTSKILLPTS:6	MODTOSKILLS:YES			CSKILL:Listen|Search|Spot|Concentration|Diplomacy|Escape Artist|Intimidate|TYPE.Knowledge|Sense Motive|Use Magic Device
1																		BONUS:VAR|DragonCL|DragonAge	DEFINE:DragonCL|0
1	VISION:Keen Senses|Darkvision (120')|Blindsense (60')	BONUS:COMBAT|AC|CL-1|TYPE=NaturalArmor.REPLACE
###Block: Breath Weapon and other SA's
1	DEFINE:BreathWeaponCone|max((SIZE-1)*10,15)	DEFINE:BreathWeaponDice|(2*DragonAge)	DEFINE:BreathWeaponDamageDie|10	ABILITY:Special Ability|AUTOMATIC|Breath Weapon ~ Cone of Howling Sound
1	DEFINE:BreathWeaponDamage|DragonAge																ABILITY:Special Ability|AUTOMATIC|Breath Weapon ~ Cone of Maddening Wails
1																						ABILITY:Special Ability|AUTOMATIC|Immunity To Paralysis
1																						ABILITY:Special Ability|AUTOMATIC|Immunity To Sleep
###Block: Frightful Presence
1	BONUS:VAR|FrightfulPresRange|DragonAge*30|PREVARGTEQ:DragonAge,1	ABILITY:Special Ability|AUTOMATIC|Frightful Presence
###Block: Normal Progression
1										ABILITY:Special Ability|AUTOMATIC|Immunity To Sonic
9	SR:15					DEFINE:DragonAge|1
12	SR:18					DEFINE:DragonAge|2	ABILITY:Special Ability|AUTOMATIC|Ethereal Vision|See Ethereal							SPELLS:Innate|TIMES=1|CASTERLEVEL=DragonCL|Shatter|Sound Burst
15	SR:20	DR:5/Magic			DEFINE:DragonAge|3
18	SR:22					DEFINE:DragonAge|4																		SPELLS:Innate|TIMES=1|CASTERLEVEL=DragonCL|Gust of Wind	SPELLS:Innate|TIMES=3|CASTERLEVEL=DragonCL|Hideous Laughter
21	SR:24	DR:10/Magic			DEFINE:DragonAge|5
24	SR:26					DEFINE:DragonAge|6																		SPELLS:Innate|TIMES=1|CASTERLEVEL=DragonCL|Confusion	SPELLS:Innate|TIMES=3|CASTERLEVEL=DragonCL|Wind Wall
27	SR:28	DR:15/Magic			DEFINE:DragonAge|7
30	SR:30					DEFINE:DragonAge|8																		SPELLS:Innate|TIMES=1|CASTERLEVEL=DragonCL|Phantasmal Killer|Shout
33	SR:32	DR:20/Magic	DR:5/Law	DEFINE:DragonAge|9
36	SR:33					DEFINE:DragonAge|10	ABILITY:Special Ability|AUTOMATIC|Strike Ethereal Creatures								SPELLS:Innate|TIMES=1|CASTERLEVEL=DragonCL|Insanity|Whirlwind
39	SR:35	DR:10/Law			DEFINE:DragonAge|11
42	SR:36					DEFINE:DragonAge|12	ABILITY:Special Ability|AUTOMATIC|Summon Ethereal Cyclones|Ethereal Dragon Summon Ethereal Cyclones	SPELLS:Innate|TIMES=1|CASTERLEVEL=DragonCL|Symbol of Insanity|Weird
#

# Class Name		Hit Dice	Type			Max Level		Source Page		Save checks bonus															Combat bonus
CLASS:Oceanus Dragon	HD:12		TYPE:Monster	MAXLEVEL:NOLIMIT	SOURCEPAGE:Drac	BONUS:CHECKS|BASE.Fortitude|CL/2+2	BONUS:CHECKS|BASE.Reflex|CL/2+2	BONUS:CHECKS|BASE.Will|CL/2+2	BONUS:COMBAT|BAB|CL|TYPE=Base.REPLACE
# Class Name		Required Race			Reg. Race Type
CLASS:Oceanus Dragon	PRERACE:1,Dragon (Oceanus%	PRERACETYPE:Dragon
# Class Name		Skill Pts/Lvl	Add INT to Skill Points?	Class Skill
CLASS:Oceanus Dragon	STARTSKILLPTS:6	MODTOSKILLS:YES			CSKILL:Listen|Search|Spot|Concentration|Diplomacy|Escape Artist|Intimidate|TYPE.Knowledge|Sense Motive|Use Magic Device
1																		BONUS:VAR|DragonCL|DragonAge	DEFINE:DragonCL|0
1	VISION:Keen Senses|Darkvision (120')|Blindsense (60')	BONUS:COMBAT|AC|CL-1|TYPE=NaturalArmor.REPLACE
###Block: Breath Weapon and other SA's
1	DEFINE:BreathWeaponLine|max((SIZE-1)*20,30)	DEFINE:BreathWeaponDice|(2*DragonAge)	DEFINE:BreathWeaponDamageDie|8	ABILITY:Special Ability|AUTOMATIC|Breath Weapon ~ Line of Lightning
1	DEFINE:BreathWeaponDuration|DragonAge															ABILITY:Special Ability|AUTOMATIC|Breath Weapon ~ Cone of Tranquillity Gas
1																						ABILITY:Special Ability|AUTOMATIC|Immunity To Paralysis
1																						ABILITY:Special Ability|AUTOMATIC|Immunity To Sleep
###Block: Frightful Presence
1	BONUS:VAR|FrightfulPresRange|DragonAge*30|PREVARGTEQ:DragonAge,5	ABILITY:Special Ability|AUTOMATIC|Frightful Presence
###Block: Normal Progression
1																	ABILITY:Special Ability|AUTOMATIC|Immunity To Electricity|Amphibious|Water Breathing
7													DEFINE:DragonAge|1
10													DEFINE:DragonAge|2																SPELLS:Innate|TIMES=ATWILL|CASTERLEVEL=DragonCL|Detect Evil
13		DR:5/Magic										DEFINE:DragonAge|3
16													DEFINE:DragonAge|4																SPELLS:Innate|TIMES=3|CASTERLEVEL=DragonCL|Control Water
19	SR:23	DR:10/Magic										DEFINE:DragonAge|5
22	SR:26					BONUS:VAR|OceanusDragonSmiteEvilLVL|CL	DEFINE:DragonAge|6	ABILITY:Special Ability|AUTOMATIC|Smite Evil|Oceanus Dragon Smite Evil
25	SR:27	DR:15/Magic										DEFINE:DragonAge|7
28	SR:30												DEFINE:DragonAge|8																SPELLS:Innate|TIMES=3|CASTERLEVEL=DragonCL|Holy Smite
31	SR:32	DR:20/Magic	DR:5/Evil								DEFINE:DragonAge|9
34	SR:35												DEFINE:DragonAge|10																SPELLS:Innate|TIMES=1|CASTERLEVEL=DragonCL|Control Winds|Dispel Evil
37	SR:37	DR:10/Evil										DEFINE:DragonAge|11
40	SR:40												DEFINE:DragonAge|12																SPELLS:Innate|TIMES=1|CASTERLEVEL=DragonCL|Holy Word
#

# Class Name			Hit Dice	Type			Max Level		Source Page		Save checks bonus															Combat bonus
CLASS:Pyroclastic Dragon	HD:12		TYPE:Monster	MAXLEVEL:NOLIMIT	SOURCEPAGE:Drac	BONUS:CHECKS|BASE.Fortitude|CL/2+2	BONUS:CHECKS|BASE.Reflex|CL/2+2	BONUS:CHECKS|BASE.Will|CL/2+2	BONUS:COMBAT|BAB|CL|TYPE=Base.REPLACE
# Class Name			Required Race				Reg. Race Type
CLASS:Pyroclastic Dragon	PRERACE:1,Dragon (Pyroclastic%	PRERACETYPE:Dragon
# Class Name			Skill Pts/Lvl	Add INT to Skill Points?	Class Skill
CLASS:Pyroclastic Dragon	STARTSKILLPTS:6	MODTOSKILLS:YES			CSKILL:Listen|Search|Spot|Concentration|Diplomacy|Escape Artist|Intimidate|TYPE.Knowledge|Sense Motive|Use Magic Device
1																		BONUS:VAR|DragonCL|DragonAge	DEFINE:DragonCL|0
1	VISION:Keen Senses|Darkvision (120')|Blindsense (60')	BONUS:COMBAT|AC|CL-1|TYPE=NaturalArmor.REPLACE
###Block: Breath Weapon and other SA's
1	DEFINE:BreathWeaponCone|max((SIZE-1)*10,15)	DEFINE:BreathWeaponDice|(2*DragonAge)	DEFINE:BreathWeaponDamageDie|6	ABILITY:Special Ability|AUTOMATIC|Breath Weapon ~ Cone of Superheated Ash and Crushing Waves
1	DEFINE:BreathWeaponLine|max((SIZE-1)*20,30)														ABILITY:Special Ability|AUTOMATIC|Breath Weapon ~ Line of Disintegration
1																						ABILITY:Special Ability|AUTOMATIC|Immunity To Paralysis
1																						ABILITY:Special Ability|AUTOMATIC|Immunity To Sleep
###Block: Frightful Presence
1	BONUS:VAR|FrightfulPresRange|DragonAge*30|PREVARGTEQ:DragonAge,1	ABILITY:Special Ability|AUTOMATIC|Frightful Presence
###Block: Normal Progression
1										ABILITY:Special Ability|AUTOMATIC|Immunity To Sonic|Immunity To Fire
7	SR:14					DEFINE:DragonAge|1
10	SR:15					DEFINE:DragonAge|2													SPELLS:Innate|TIMES=3|CASTERLEVEL=DragonCL|Sound Burst	SPELLS:Innate|TIMES=1|CASTERLEVEL=DragonCL|Pyrotechnics
13	SR:17	DR:5/Magic			DEFINE:DragonAge|3
16	SR:20					DEFINE:DragonAge|4													SPELLS:Innate|TIMES=3|CASTERLEVEL=DragonCL|Produce Flame	SPELLS:Innate|TIMES=1|CASTERLEVEL=DragonCL|Shatter
19	SR:22	DR:10/Magic			DEFINE:DragonAge|5
22	SR:24					DEFINE:DragonAge|6													SPELLS:Innate|TIMES=1|CASTERLEVEL=DragonCL|Shout|Wall of Fire
25	SR:26	DR:15/Magic			DEFINE:DragonAge|7
28	SR:28					DEFINE:DragonAge|8													SPELLS:Innate|TIMES=1|CASTERLEVEL=DragonCL|Fire Storm|Wall of Stone
31	SR:29	DR:20/Magic	DR:5/Good	DEFINE:DragonAge|9
34	SR:31					DEFINE:DragonAge|10													SPELLS:Innate|TIMES=1|CASTERLEVEL=DragonCL|Incendiary Cloud|Power Word Stun
37	SR:32	DR:10/Good			DEFINE:DragonAge|11
40	SR:34					DEFINE:DragonAge|12													SPELLS:Innate|TIMES=1|CASTERLEVEL=DragonCL|Meteor Swarm
#

# Class Name		Hit Dice	Type			Max Level		Source Page		Save checks bonus															Combat bonus
CLASS:Radiant Dragon	HD:12		TYPE:Monster	MAXLEVEL:NOLIMIT	SOURCEPAGE:Drac	BONUS:CHECKS|BASE.Fortitude|CL/2+2	BONUS:CHECKS|BASE.Reflex|CL/2+2	BONUS:CHECKS|BASE.Will|CL/2+2	BONUS:COMBAT|BAB|CL|TYPE=Base.REPLACE
# Class Name		Required Race			Reg. Race Type
CLASS:Radiant Dragon	PRERACE:1,Dragon (Radiant%	PRERACETYPE:Dragon
# Class Name		Skill Pts/Lvl	Add INT to Skill Points?	Class Skill
CLASS:Radiant Dragon	STARTSKILLPTS:6	MODTOSKILLS:YES			CSKILL:Listen|Search|Spot|Concentration|Diplomacy|Escape Artist|Intimidate|TYPE.Knowledge|Sense Motive|Use Magic Device
1																		BONUS:VAR|DragonCL|DragonAge	DEFINE:DragonCL|0
1	VISION:Keen Senses|Darkvision (120')|Blindsense (60')	BONUS:COMBAT|AC|CL-1|TYPE=NaturalArmor.REPLACE
###Block: Breath Weapon and other SA's
1	DEFINE:BreathWeaponLine|max((SIZE-1)*20,30)	DEFINE:BreathWeaponDice|(2*DragonAge)	DEFINE:BreathWeaponDamageDie|10	ABILITY:Special Ability|AUTOMATIC|Breath Weapon ~ Line of Force
1	DEFINE:BreathWeaponCone|max((SIZE-1)*10,15)	DEFINE:BreathWeaponDuration|DragonAge							ABILITY:Special Ability|AUTOMATIC|Breath Weapon ~ Cone of Light
1																						ABILITY:Special Ability|AUTOMATIC|Immunity To Paralysis
1																						ABILITY:Special Ability|AUTOMATIC|Immunity To Sleep
###Block: Frightful Presence
1	BONUS:VAR|FrightfulPresRange|DragonAge*30|PREVARGTEQ:DragonAge,5	ABILITY:Special Ability|AUTOMATIC|Frightful Presence
###Block: Normal Progression
1										ABILITY:Special Ability|AUTOMATIC|Immunity To Light
9						DEFINE:DragonAge|1
12						DEFINE:DragonAge|2														SPELLS:Innate|TIMES=3|CASTERLEVEL=DragonCL|Daylight
15		DR:5/Magic			DEFINE:DragonAge|3
18						DEFINE:DragonAge|4	ABILITY:Special Ability|AUTOMATIC|Dispel Darkness
21	SR:25	DR:10/Magic			DEFINE:DragonAge|5
24	SR:28					DEFINE:DragonAge|6														SPELLS:Innate|TIMES=1|CASTERLEVEL=DragonCL|Searing Light
27	SR:29	DR:15/Magic			DEFINE:DragonAge|7
30	SR:32					DEFINE:DragonAge|8	ABILITY:Special Ability|AUTOMATIC|Healing Touch|Radiant Dragon Healing Touch
33	SR:34	DR:20/Magic	DR:5/Evil	DEFINE:DragonAge|9
36	SR:37					DEFINE:DragonAge|10														SPELLS:Innate|TIMES=1|CASTERLEVEL=DragonCL|Sunburst
39	SR:39	DR:10/Evil			DEFINE:DragonAge|11
42	SR:42					DEFINE:DragonAge|12														SPELLS:Innate|TIMES=1|CASTERLEVEL=DragonCL|Prismatic Sphere
#

# Class Name	Hit Dice	Type			Max Level		Source Page		Save checks bonus															Combat bonus
CLASS:Rust Dragon	HD:12		TYPE:Monster	MAXLEVEL:NOLIMIT	SOURCEPAGE:Drac	BONUS:CHECKS|BASE.Fortitude|CL/2+2	BONUS:CHECKS|BASE.Reflex|CL/2+2	BONUS:CHECKS|BASE.Will|CL/2+2	BONUS:COMBAT|BAB|CL|TYPE=Base.REPLACE
# Class Name	Required Race		Reg. Race Type
CLASS:Rust Dragon	PRERACE:1,Dragon (Rust%	PRERACETYPE:Dragon
# Class Name	Skill Pts/Lvl	Add INT to Skill Points?	Class Skill
CLASS:Rust Dragon	STARTSKILLPTS:6	MODTOSKILLS:YES			CSKILL:Listen|Search|Spot|Concentration|Diplomacy|Escape Artist|Intimidate|TYPE.Knowledge|Sense Motive|Use Magic Device
1																		BONUS:VAR|DragonCL|DragonAge	DEFINE:DragonCL|0
1	VISION:Keen Senses|Darkvision (120')|Blindsense (60')	BONUS:COMBAT|AC|CL-1|TYPE=NaturalArmor.REPLACE
###Block: Breath Weapon and other SA's
1	DEFINE:BreathWeaponLine|max((SIZE-1)*20,30)	DEFINE:BreathWeaponDice|(2*DragonAge)	DEFINE:BreathWeaponDamageDie|4	ABILITY:Special Ability|AUTOMATIC|Breath Weapon ~ Line of Acid
1	DEFINE:BreathWeaponCone|max((SIZE-1)*10,15)														ABILITY:Special Ability|AUTOMATIC|Breath Weapon ~ Cone of Corrosive Liquid
1																						ABILITY:Special Ability|AUTOMATIC|Immunity To Paralysis
1																						ABILITY:Special Ability|AUTOMATIC|Immunity To Sleep
###Block: Frightful Presence
1	BONUS:VAR|FrightfulPresRange|DragonAge*30|PREVARGTEQ:DragonAge,2	ABILITY:Special Ability|AUTOMATIC|Frightful Presence
###Block: Normal Progression
1											ABILITY:Special Ability|AUTOMATIC|Resistance To Metal|Rusting Bite
6	SR:13						DEFINE:DragonAge|1
9	SR:14						DEFINE:DragonAge|2
12	SR:16	DR:5/Magic				DEFINE:DragonAge|3
15	SR:18						DEFINE:DragonAge|4
18	SR:20	DR:10/Magic				DEFINE:DragonAge|5
21	SR:23						DEFINE:DragonAge|6													SPELLS:Innate|TIMES=3|CASTERLEVEL=DragonCL|Wall of Iron
24	SR:25	DR:15/Magic				DEFINE:DragonAge|7
27	SR:27						DEFINE:DragonAge|8													SPELLS:Innate|TIMES=1|CASTERLEVEL=DragonCL|Acid Fog
30	SR:28	DR:20/Magic	DR:5/Chaotic	DEFINE:DragonAge|9
33	SR:30						DEFINE:DragonAge|10													SPELLS:Innate|TIMES=1|CASTERLEVEL=DragonCL|Repel Metal or Stone
36	SR:32	DR:10/Chaotic			DEFINE:DragonAge|11	ABILITY:Special Ability|AUTOMATIC|Rusting Scales
39	SR:34						DEFINE:DragonAge|12
#

# Class Name	Hit Dice	Type			Max Level		Source Page		Save checks bonus															Combat bonus
CLASS:Styx Dragon	HD:12		TYPE:Monster	MAXLEVEL:NOLIMIT	SOURCEPAGE:Drac	BONUS:CHECKS|BASE.Fortitude|CL/2+2	BONUS:CHECKS|BASE.Reflex|CL/2+2	BONUS:CHECKS|BASE.Will|CL/2+2	BONUS:COMBAT|BAB|CL|TYPE=Base.REPLACE
# Class Name	Required Race		Reg. Race Type
CLASS:Styx Dragon	PRERACE:1,Dragon (Styx%	PRERACETYPE:Dragon
# Class Name	Skill Pts/Lvl	Add INT to Skill Points?	Class Skill
CLASS:Styx Dragon	STARTSKILLPTS:6	MODTOSKILLS:YES			CSKILL:Listen|Search|Spot|Concentration|Diplomacy|Escape Artist|Intimidate|TYPE.Knowledge|Sense Motive|Use Magic Device
1																		BONUS:VAR|DragonCL|DragonAge	DEFINE:DragonCL|0
1	VISION:Keen Senses|Darkvision (120')|Blindsense (60')	BONUS:COMBAT|AC|CL-1|TYPE=NaturalArmor.REPLACE
###Block: Breath Weapon and other SA's
1	DEFINE:BreathWeaponLine|max((SIZE-1)*20,30)	DEFINE:BreathWeaponDice|DragonAge	DEFINE:BreathWeaponDamageDie|6	ABILITY:Special Ability|AUTOMATIC|Breath Weapon ~ Line of Persistent Acid
1	DEFINE:BreathWeaponCone|max((SIZE-1)*10,15)	DEFINE:BreathWeaponDamage|DragonAge							ABILITY:Special Ability|AUTOMATIC|Breath Weapon ~ Cone of Stupefying Gas
1																					ABILITY:Special Ability|AUTOMATIC|Immunity To Paralysis
1																					ABILITY:Special Ability|AUTOMATIC|Immunity To Sleep
###Block: Frightful Presence
1	BONUS:VAR|FrightfulPresRange|DragonAge*30|PREVARGTEQ:DragonAge,2	ABILITY:Special Ability|AUTOMATIC|Frightful Presence
###Block: Normal Progression
1										ABILITY:Special Ability|AUTOMATIC|Amphibious|Constrict|Improved Grab|Immunity To Poison|Immunity To Disease|Styx Adaptation|Water Breathing|Disease
6	SR:13					DEFINE:DragonAge|1
9	SR:14					DEFINE:DragonAge|2
12	SR:15	DR:5/Magic			DEFINE:DragonAge|3
15	SR:18					DEFINE:DragonAge|4																										SPELLS:Innate|TIMES=ATWILL|CASTERLEVEL=DragonCL|Curse Water	SPELLS:Innate|TIMES=3|CASTERLEVEL=DragonCL|Fog Cloud
18	SR:20	DR:10/Magic			DEFINE:DragonAge|5
21	SR:22					DEFINE:DragonAge|6																										SPELLS:Innate|TIMES=3|CASTERLEVEL=DragonCL|Deeper Darkness	SPELLS:Innate|TIMES=1|CASTERLEVEL=DragonCL|Stinking Cloud
24	SR:25	DR:15/Magic			DEFINE:DragonAge|7
27	SR:27					DEFINE:DragonAge|8																										SPELLS:Innate|TIMES=1|CASTERLEVEL=DragonCL|Hold Monster|Mind Fog
30	SR:28	DR:20/Magic	DR:5/Good	DEFINE:DragonAge|9
33	SR:30					DEFINE:DragonAge|10																										SPELLS:Innate|TIMES=3|CASTERLEVEL=DragonCL|Control Water	SPELLS:Innate|TIMES=1|CASTERLEVEL=DragonCL|Feeblemind
36	SR:31	DR:10/Good			DEFINE:DragonAge|11
39	SR:33					DEFINE:DragonAge|12	ABILITY:Special Ability|AUTOMATIC|Summon Monster ~ Styx Dragon															SPELLS:Innate|TIMES=1|CASTERLEVEL=DragonCL|Horrid Wilting
#

# Class Name		Hit Dice	Type			Max Level		Source Page		Save checks bonus															Combat bonus
CLASS:Tarterian Dragon	HD:12		TYPE:Monster	MAXLEVEL:NOLIMIT	SOURCEPAGE:Drac	BONUS:CHECKS|BASE.Fortitude|CL/2+2	BONUS:CHECKS|BASE.Reflex|CL/2+2	BONUS:CHECKS|BASE.Will|CL/2+2	BONUS:COMBAT|BAB|CL|TYPE=Base.REPLACE
# Class Name		Required Race			Reg. Race Type
CLASS:Tarterian Dragon	PRERACE:1,Dragon (Tarterian%	PRERACETYPE:Dragon
# Class Name		Skill Pts/Lvl	Add INT to Skill Points?	Class Skill
CLASS:Tarterian Dragon	STARTSKILLPTS:6	MODTOSKILLS:YES			CSKILL:Listen|Search|Spot|Concentration|Diplomacy|Escape Artist|Intimidate|TYPE.Knowledge|Sense Motive|Use Magic Device
1																		BONUS:VAR|DragonCL|DragonAge	DEFINE:DragonCL|0
1	VISION:Keen Senses|Darkvision (120')|Blindsense (60')	BONUS:COMBAT|AC|CL-1|TYPE=NaturalArmor.REPLACE
###Block: Breath Weapon and other SA's
1	DEFINE:BreathWeaponLine|max((SIZE-1)*20,30)	DEFINE:BreathWeaponDice|(2*DragonAge)	DEFINE:BreathWeaponDamageDie|8	ABILITY:Special Ability|AUTOMATIC|Breath Weapon ~ Line of Disruptive Force
1	DEFINE:BreathWeaponCone|max((SIZE-1)*10,15)	DEFINE:BreathWeaponDuration|DragonAge							ABILITY:Special Ability|AUTOMATIC|Breath Weapon ~ Cone of Will-Sapping Gas
1																						ABILITY:Special Ability|AUTOMATIC|Immunity To Paralysis
1																						ABILITY:Special Ability|AUTOMATIC|Immunity To Sleep
###Block: Frightful Presence
1	BONUS:VAR|FrightfulPresRange|DragonAge*30|PREVARGTEQ:DragonAge,1	ABILITY:Special Ability|AUTOMATIC|Frightful Presence
###Block: Normal Progression
1						BONUS:VAR|ForceResistantBonus|4					ABILITY:Special Ability|AUTOMATIC|Force Resistant|Strength of Will|Freedom of Movement (Su)
8	SR:15											DEFINE:DragonAge|1
11	SR:17											DEFINE:DragonAge|2
14	SR:19	DR:5/Magic									DEFINE:DragonAge|3
17	SR:21											DEFINE:DragonAge|4
20	SR:23	DR:10/Magic									DEFINE:DragonAge|5
23	SR:25											DEFINE:DragonAge|6																	SPELLS:Innate|TIMES=1|CASTERLEVEL=DragonCL|Resilient Sphere
26	SR:27	DR:15/Magic									DEFINE:DragonAge|7
29	SR:29											DEFINE:DragonAge|8																	SPELLS:Innate|TIMES=1|CASTERLEVEL=DragonCL|Maze
32	SR:30	DR:20/Magic	DR:5/Good							DEFINE:DragonAge|9
35	SR:32											DEFINE:DragonAge|10																	SPELLS:Innate|TIMES=1|CASTERLEVEL=DragonCL|Forcecage
38	SR:33	DR:10/Good									DEFINE:DragonAge|11
41	SR:35											DEFINE:DragonAge|12																	SPELLS:Innate|TIMES=1|CASTERLEVEL=DragonCL|Imprisonment
#

# Class Name		Hit Dice	Type			Max Level		Source Page		Save checks bonus															Combat bonus
CLASS:Shadow Dragon	HD:12		TYPE:Monster	MAXLEVEL:NOLIMIT	SOURCEPAGE:Drac	BONUS:CHECKS|BASE.Fortitude|CL/2+2	BONUS:CHECKS|BASE.Reflex|CL/2+2	BONUS:CHECKS|BASE.Will|CL/2+2	BONUS:COMBAT|BAB|CL|TYPE=Base.REPLACE
# Class Name		Required Race			Reg. Race Type
CLASS:Shadow Dragon	PRERACE:1,Dragon (Shadow%	PRERACETYPE:Dragon
# Class Name		Skill Pts/Lvl	Add INT to Skill Points?	Class Skill
CLASS:Shadow Dragon	STARTSKILLPTS:6	MODTOSKILLS:YES			CSKILL:Listen|Search|Spot|Concentration|Diplomacy|Escape Artist|Intimidate|TYPE.Knowledge|Sense Motive|Use Magic Device
1																		BONUS:VAR|DragonCL|max(DragonAge,(var("BL=Sorcerer")+var("CL=Sorcerer")))	DEFINE:DragonCL|0
1	VISION:Keen Senses|Darkvision (120')|Blindsense (60')	BONUS:COMBAT|AC|CL-1|TYPE=NaturalArmor.REPLACE
###Block: Breath Weapon and other SA's
1	DEFINE:BreathWeaponCone|max((SIZE-1)*10,15)	DEFINE:BreathWeaponDrain|0	ABILITY:Special Ability|AUTOMATIC|Breath Weapon ~ Cone of Smoky Shadows
#1
1														ABILITY:Special Ability|AUTOMATIC|Immunity To Paralysis
1														ABILITY:Special Ability|AUTOMATIC|Immunity To Sleep
###Block: Frightful Presence
1	BONUS:VAR|FrightfulPresRange|DragonAge*30|PREVARGTEQ:DragonAge,5	ABILITY:Special Ability|AUTOMATIC|Frightful Presence
###Block: Normal Progression
1																				ABILITY:Special Ability|AUTOMATIC|Immunity To Energy Drain
4	SR:12										DEFINE:DragonAge|1
7	SR:13										DEFINE:DragonAge|2						ABILITY:Special Ability|AUTOMATIC|Shadow Blend
10	SR:15										DEFINE:DragonAge|3
13	SR:17					BONUS:PCLEVEL|Sorcerer|1	DEFINE:DragonAge|4	ADD:SPELLCASTER|1|Sorcerer															SPELLS:Innate|TIMES=3|CASTERLEVEL=DragonCL|Mirror Image
16	SR:20	DR:5/Magic			BONUS:PCLEVEL|Sorcerer|1	DEFINE:DragonAge|5
19	SR:22					BONUS:PCLEVEL|Sorcerer|1	DEFINE:DragonAge|6																				SPELLS:Innate|TIMES=2|CASTERLEVEL=DragonCL|Dimension Door
22	SR:25	DR:10/Magic			BONUS:PCLEVEL|Sorcerer|1	DEFINE:DragonAge|7
25	SR:27					BONUS:PCLEVEL|Sorcerer|1	DEFINE:DragonAge|8																				SPELLS:Innate|TIMES=3|CASTERLEVEL=DragonCL|Nondetection
28	SR:28	DR:15/Magic	DR:5/Good	BONUS:PCLEVEL|Sorcerer|1	DEFINE:DragonAge|9
31	SR:30					BONUS:PCLEVEL|Sorcerer|1	DEFINE:DragonAge|10																				SPELLS:Innate|TIMES=1|CASTERLEVEL=DragonCL|Shadow Walk
34	SR:31	DR:20/Magic	DR:10/Good	BONUS:PCLEVEL|Sorcerer|1	DEFINE:DragonAge|11
37	SR:33					BONUS:PCLEVEL|Sorcerer|1	DEFINE:DragonAge|12						ABILITY:Special Ability|AUTOMATIC|Create Shadows|Shadowon Dragon Create Shadows
15						BONUS:PCLEVEL|Sorcerer|1
18						BONUS:PCLEVEL|Sorcerer|1
21						BONUS:PCLEVEL|Sorcerer|1
24						BONUS:PCLEVEL|Sorcerer|1
27						BONUS:PCLEVEL|Sorcerer|1
30						BONUS:PCLEVEL|Sorcerer|1
33						BONUS:PCLEVEL|Sorcerer|1
36						BONUS:PCLEVEL|Sorcerer|1