# CVS $Revision: $ $Author: $ -- Sun Sep  7 00:28:24 2014 -- reformated by prettylst.pl v1.51 (build 24947)
SOURCELONG:Dungeonscape	SOURCESHORT:Du	SOURCEWEB:www.wizards.com

Collapsible pole			COST:20	WT:8
# Drill
Drill (Adamantine)		COST:200	WT:1
Drill (Iron)			COST:10	WT:1
Drill (Wood)			COST:5	WT:1
Finder's chalk			COST:5
Finder's glass			COST:400	WT:0.5
Flotation bladder			COST:2	WT:2
Flour pouch				COST:0.1
Grappling hook (mithral)	COST:1000	WT:2
Grappling ladder			COST:40	WT:8
Silk and mithral			COST:650	WT:4
# Hacksaw
Hacksaw (Adamantine)		COST:600	WT:1
Hacksaw (Common)			COST:5	WT:1
Hacksaw (Superior)		COST:20	WT:1
Lard					COST:0.2	WT:10
Listening cone			COST:0.8	WT:1
Magnet				COST:20	WT:2
Manacles (adamantine)		COST:2000	WT:5
Periscope (hand)			COST:50	WT:2
Rubber ball				COST:3
Rubbing kit				COST:5	WT:1
Spike (iron)			COST:0.1	WT:1
Twine, roll (50 feet)		COST:0.1			KEY:Twine (Roll/50 ft.)
Wand bracer				COST:300	WT:5


Acid Neutralizer				COST:50	WT:1
Bottled Air				COST:50
Firmament Stone	COST:110	WT:0.5
Ghostwall shellac (bottle)	COST:150	WT:1
Lava stone	COST:24
Lava stone (Greater)	COST:144	WT:1
Lockslick (Can)	COST:180	WT:0.5
Trollbane (Vial)	COST:90

# Magic Items
Blankets of Security (set of 5)	COST:2200	WT:15
Blanket of Security			COST:440	WT:3
Boots of Sidestepping			COST:3000	WT:1
Clasp of Safeguarding			COST:1500	WT:0.3
Dancing Lantern				COST:2000	WT:3
Dancing Lantern (Intelligent)		COST:10300	WT:3
Grasping Hook				COST:500	WT:2
