# CVS $Revision: $ $Author: $ -- Sun Sep  7 00:28:24 2014 -- reformated by prettylst.pl v1.51 (build 24947)
SOURCELONG:Dungeonscape	SOURCESHORT:Du	SOURCEWEB:www.wizards.com

#SHADOWCASTER SPELLS
# Spell Name		Type			Classes of caster		School			Sub-School			Descriptor									Components	Casting Time			Range			Target Area or Effect								Duration						Save Info				Spell Resistance	Source Page			Description
Black Labyrinth		TYPE:Shadowmagic	CLASSES:Shadowcaster=9	SCHOOL:Conjuration	SUBSCHOOL:Creation	DESCRIPTOR:Shadowscape							COMPS:S	CASTTIME:1 standard action	RANGE:Long		TARGETAREA:One-mile-radius spread, centered on a point in space	DURATION:(CASTERLEVEL/2) days [D]		SAVEINFO:Will partial		SPELLRES:No		SOURCEPAGE:p.17	DESC:Shift portions of the real world in Shadow and vice-versa, creating a bewildering array of effects.
Deadly Shade		TYPE:Shadowmagic	CLASSES:Shadowcaster=6	SCHOOL:Necromancy						DESCRIPTOR:Darkened Alleys|Darkness					COMPS:S	CASTTIME:1 standard action	RANGE:Close		TARGETAREA:30-ft.-radius emanation						DURATION:(CASTERLEVEL) rounds [D]		SAVEINFO:Fortitude negates	SPELLRES:Yes	SOURCEPAGE:p.17	DESC:Area of shadow enhances or dampens damage dealt within.
Fearful Gloom		TYPE:Shadowmagic	CLASSES:Shadowcaster=4	SCHOOL:Necromancy						DESCRIPTOR:Darkened Alleys|Darkness|Fear|Mind-Affecting	COMPS:S	CASTTIME:1 standard action	RANGE:Close		TARGETAREA:30-ft.-radius emanation						DURATION:(CASTERLEVEL) rounds [D]		SAVEINFO:Will partial		SPELLRES:Yes	SOURCEPAGE:p.18	DESC:Area of shadow causes fear in all who enter.
Grasping Shadows		TYPE:Shadowmagic	CLASSES:Shadowcaster=7	SCHOOL:Conjuration	SUBSCHOOL:Creation	DESCRIPTOR:Shadowscape							COMPS:S	CASTTIME:1 standard action	RANGE:Medium	TARGETAREA:20-ft.-radius spread						DURATION:(CASTERLEVEL) rounds			SAVEINFO:Will partial		SPELLRES:No		SOURCEPAGE:p.18	DESC:Tendrils grapple foes and cause blindness.
Menagerie of Darkness	TYPE:Shadowmagic	CLASSES:Shadowcaster=8	SCHOOL:Transmutation					DESCRIPTOR:Shadowscape							COMPS:S	CASTTIME:1 standard action	RANGE:30 ft.	TARGETAREA:30-ft.-radius emanation centered on you			DURATION:(CASTERLEVEL*10) minutes		SAVEINFO:Will negates		SPELLRES:Yes	SOURCEPAGE:p.19	DESC:Transform nearby animals and vermin into shadow creatures and gain control over them.
Quicker than the Eye	TYPE:Shadowmagic	CLASSES:Shadowcaster=1	SCHOOL:Transmutation					DESCRIPTOR:Night's Long Fingers					COMPS:S	CASTTIME:1 standard action	RANGE:Personal	TARGETAREA:You									DURATION:(CASTERLEVEL) minutes [D]		SAVEINFO:None			SPELLRES:No		SOURCEPAGE:p.19	DESC:Gain bonus on Sleight of Hand checks (+5 at 1st, +10 at 5th, +15 at 10th); use Sleight of Hand at a distance.
Sickening Shadow		TYPE:Shadowmagic	CLASSES:Shadowcaster=5	SCHOOL:Necromancy						DESCRIPTOR:Darkened Alleys|Darkness					COMPS:S	CASTTIME:1 standard action	RANGE:Close		TARGETAREA:30-ft.-radius emanation						DURATION:(CASTERLEVEL) rounds [D]		SAVEINFO:Fortitude partial	SPELLRES:Yes	SOURCEPAGE:p.19	DESC:Area of shadow causes illness in all who enter.
Trail of Haze		TYPE:Shadowmagic	CLASSES:Shadowcaster=2	SCHOOL:Illusion		SUBSCHOOL:Phantasm	DESCRIPTOR:Night's Long Fingers					COMPS:S	CASTTIME:1 standard action	RANGE:Touch		TARGETAREA:One creature								DURATION:(CASTERLEVEL*10) minutes [D]	SAVEINFO:Will negates		SPELLRES:No		SOURCEPAGE:p.20	DESC:Touched target emits a trail of shadowy mist only you can see.
Umbral Fist			TYPE:Shadowmagic	CLASSES:Shadowcaster=3	SCHOOL:Transmutation					DESCRIPTOR:Night's Long Fingers					COMPS:S	CASTTIME:1 standard action	RANGE:Personal	TARGETAREA:You									DURATION:(CASTERLEVEL) rounds [D]		SAVEINFO:None			SPELLRES:No		SOURCEPAGE:p.20	DESC:Make special attacks at a distance.



###Block:
#1st-
Arcane Sight.MOD				CLASSES:Trapsmith=1
Cat's Grace.MOD				CLASSES:Trapsmith=1
Clairaudience/Clairvoyance.MOD	CLASSES:Trapsmith=1
Dispel Magic.MOD				CLASSES:Trapsmith=1
Fox's Cunning.MOD				CLASSES:Trapsmith=1
Gaseous Form.MOD				CLASSES:Trapsmith=1
Haste.MOD					CLASSES:Trapsmith=1
Knock.MOD					CLASSES:Trapsmith=1
Protection from Energy.MOD		CLASSES:Trapsmith=1
#2nd-
Arcane Eye.MOD				CLASSES:Trapsmith=2
Dimension Door.MOD			CLASSES:Trapsmith=2
Lesser Globe of Invulnerability.MOD	CLASSES:Trapsmith=2
Resilient Sphere.MOD			CLASSES:Trapsmith=2
Stoneskin.MOD				CLASSES:Trapsmith=2
Stone Shape.MOD				CLASSES:Trapsmith=2
#3rd-
Interposing Hand.MOD			CLASSES:Trapsmith=3
Break Enchantment.MOD			CLASSES:Trapsmith=3
Fabricate.MOD				CLASSES:Trapsmith=3
Dispel Magic (Greater).MOD		CLASSES:Trapsmith=3
Wall of Stone.MOD				CLASSES:Trapsmith=3
