# message displayed when experience added allows character to advance a level
#
LEVELMSG:Congratulations, you can advance with that much experience!
#
#

ACNAME:Armor Class

#
#misc. currency specific items
#
CURRENCYUNITABBREV:gp

#
#define this game mode's default unit set
#as specified in unitset.lst
#
DEFAULTUNITSET:Imperial

# Stacking bonuses
BONUSSTACKS:Defense.Dodge.Circumstance.NotRanged.NotFlatFooted

#
# Whether or not the game mode displays these tabs
#
#
TAB:CLASS		NAME:in_class		CONTEXT:tabpages\tabclasses.html
TAB:DESCRIPTION	NAME:in_descrip		CONTEXT:tabpages\tabdescription.html
TAB:DOMAINS		NAME:in_domains		CONTEXT:tabpages\tabdomains.html
TAB:FEATS		NAME:in_feats		CONTEXT:tabpages\tabfeatsandabilities.html
TAB:INVENTORY	NAME:in_inventory		CONTEXT:tabpages\tabinventory.html
TAB:RACE		NAME:in_race		CONTEXT:tabpages\tabraces.html
TAB:SKILLS		NAME:in_skills		CONTEXT:tabpages\tabskills.html
TAB:SPELLS		NAME:in_spells		CONTEXT:tabpages\tabspells.html
TAB:SUMMARY		NAME:in_summary		CONTEXT:tabpages\tabsummary.html
# Inventory subpanels
TAB:PURCHASE	NAME:in_purchase		CONTEXT:tabpages\tabinventory.html
TAB:EQUIPPING	NAME:in_InfoEquipping	CONTEXT:tabpages\tabinventory.html
TAB:COMPANIONS	NAME:in_companions	CONTEXT:tabpages\tabcompanions.html
TAB:TEMPMOD		NAME:in_InfoTempMod	CONTEXT:tabpages\tabtemporarybonuses.html
#
# Menu entry (under Settings-->Campaign), and tool tip displayed for said entry
# use & for mnemonic, && for & (MENUENTRY only)
#
MENUENTRY:3e Bahamut
DISPLAYORDER:1
ALLOWEDMODES:Bahamut3e
#
SHORTRANGE:30
#
RANGEPENALTY:-2

SQUARESIZE:5

SPELLRANGE:CLOSE|floor(CASTERLEVEL/2)*5+25
SPELLRANGE:MEDIUM|(CASTERLEVEL*10)+100
SPELLRANGE:LONG|(CASTERLEVEL*40)+400

SKILLMULTIPLIER:4
SPELLBASEDC:10+SPELLLEVEL+BASESPELLSTAT

BONUSFEATLEVELSTARTINTERVAL:3|3

BONUSSTATLEVELSTARTINTERVAL:4|4


WEAPONTYPE:Bludgeoning|B
WEAPONTYPE:Piercing|P
WEAPONTYPE:Slashing|S
WEAPONTYPE:Fire|F
WEAPONTYPE:Acid|A
WEAPONTYPE:Electricity|E
WEAPONTYPE:Cold|C
WEAPONTYPE:Poison|Po

WEAPONCATEGORY:Simple
WEAPONCATEGORY:Martial
WEAPONCATEGORY:Exotic
WEAPONCATEGORY:Natural

#added for Dragonstar
WEAPONCATEGORY:HighTechMartial
WEAPONCATEGORY:HighTechSimple
WEAPONCATEGORY:ShipWeapon


# Non-proficient penalty
WEAPONNONPROFPENALTY:-4


#Attack/Check Cycle attributes
BABMAXATT:4
BABATTCYC:5
BABMINVAL:1
MAXNONEPICLEVEL:19

#Class Types
CLASSTYPE:PC		CRFORMULA:CL		ISMONSTER:NO	XPPENALTY:YES	CRMOD:0	CRMODPRIORITY:1
CLASSTYPE:NPC		CRFORMULA:CL		ISMONSTER:NO	XPPENALTY:YES	CRMOD:-1	CRMODPRIORITY:2
CLASSTYPE:Prestige	CRFORMULA:CL		ISMONSTER:NO	XPPENALTY:NO	CRMOD:0	CRMODPRIORITY:1
CLASSTYPE:Monster		CRFORMULA:0			ISMONSTER:YES	XPPENALTY:NO

#AC Types
#ACTYPE:Armor		ADD:Armor		REMOVE:EQTYPE.Shield


ACTYPE:Total				ADD:TOTAL
ACTYPE:Flatfooted				ADD:TOTAL		REMOVE:Ability|PRESTAT:1,DEX=10|!PREABILITY:1,CATEGORY=Special Ability,Retain Dex To AC ~ Flat-footed		REMOVE:Dodge|!PREABILITY:1,CATEGORY=Special Ability,Retain Dex To AC ~ Flat-footed
ACTYPE:Touch				ADD:TOTAL		REMOVE:Armor|ArmorEnhancement|NaturalArmor|ArmorShield|ArmorShieldEnhancement|NaturalArmorEnhancement	ADD:ArmorShield|ArmorShieldEnhancement|PREVARGTEQ:ShieldAddsToTouchAC,1
ACTYPE:Base					ADD:Base
ACTYPE:Armor				ADD:Armor|ArmorEnhancement|ArmorShield|ArmorShieldEnhancement
ACTYPE:ArmorEnhancement			ADD:ArmorEnhancement
ACTYPE:ArmorShield			ADD:ArmorShield|ArmorShieldEnhancement
ACTYPE:ArmorShieldEnhancement		ADD:ArmorShieldEnhancement
ACTYPE:Ability				ADD:Ability
ACTYPE:Size					ADD:Size
ACTYPE:NaturalArmor			ADD:NaturalArmor|NaturalArmorEnhancement
ACTYPE:NaturalArmorEnhancement	ADD:NaturalArmorEnhancement
ACTYPE:Dodge				ADD:Dodge
ACTYPE:Deflection				ADD:Deflection
ACTYPE:Misc					ADD:TOTAL		REMOVE:Base|Armor|ArmorShield|Ability|Size|NaturalArmor|NaturalArmorEnhancement|Dodge|Deflection|ArmorShieldEnhancement|ArmorEnhancement
ACTYPE:Circumstance			ADD:Circumstance
ACTYPE:Insight				ADD:Insight
ACTYPE:Morale				ADD:Morale
ACTYPE:Profane				ADD:Profane
ACTYPE:Sacred				ADD:Sacred
ACTYPE:ClassDefense			ADD:ClassDefense

#AC Types
ACTYPE:Shield				ADD:Shield				REMOVE:Shield
# Comment: PCGen throwing error about missing Shield, replaced but it won't add anything.
#ADD:EQTYPE.Shield

BASEDICE:1d2	UP:1d3,1d4,1d6,1d8,2d6,2d8,4d6,4d8	DOWN:1,0
BASEDICE:1d3	UP:1d4,1d6,1d8,2d6,2d8,4d6,4d8,8d6	DOWN:1d2,1,0
BASEDICE:1d4	UP:1d6,1d8,2d6,2d8,4d6,4d8,8d6,8d8	DOWN:1d3,1d2,1,0
BASEDICE:1d6	UP:1d8,2d6,2d8,4d6,4d8,8d6,8d8	DOWN:1d4,1d3,1d2,1,0
BASEDICE:1d8	UP:2d6,2d8,4d6,4d8,8d6,8d8		DOWN:1d6,1d4,1d3,1d2,1,0
BASEDICE:1d10	UP:2d6,2d8,4d6,4d8,8d6,8d8		DOWN:1d6,1d4,1d3,1d2,1,0
BASEDICE:1d12	UP:2d8,2d8,4d6,4d8,8d6,8d8		DOWN:1d8,1d6,1d4,1d3,1d2,1,0

# Number of hands required to wield weapon categories
#									Object Size difference
#											
WIELDCATEGORY:Light		HANDS:1		FINESSABLE:Yes	
WIELDCATEGORY:OneHanded		HANDS:1					
WIELDCATEGORY:TwoHanded		HANDS:2					
#WIELDCATEGORY:TooSmall		HANDS:999
WIELDCATEGORY:TooLarge		HANDS:999
WIELDCATEGORY:Unusable		HANDS:999
WIELDCATEGORY:None		HANDS:0

# Light weapon vs PC size changes
#WIELDCATEGORY:Light		PREVARLTEQ:EQUIP.SIZE.INT,PC.SIZE.INT-1	SWITCH:TooSmall
WIELDCATEGORY:Light		PREVAREQ:EQUIP.SIZE.INT,PC.SIZE.INT+1	SWITCH:OneHanded
WIELDCATEGORY:Light		PREVAREQ:EQUIP.SIZE.INT,PC.SIZE.INT+2	SWITCH:TwoHanded
WIELDCATEGORY:Light		PREVARGTEQ:EQUIP.SIZE.INT,PC.SIZE.INT+3	SWITCH:TooLarge

# OneHanded weapon vs PC size changes
#WIELDCATEGORY:OneHanded		PREVARLTEQ:EQUIP.SIZE.INT,PC.SIZE.INT-2	SWITCH:TooSmall
WIELDCATEGORY:OneHanded		PREVARLTEQ:EQUIP.SIZE.INT,PC.SIZE.INT-1	SWITCH:Light
WIELDCATEGORY:OneHanded		PREVAREQ:EQUIP.SIZE.INT,PC.SIZE.INT+1	SWITCH:TwoHanded
WIELDCATEGORY:OneHanded		PREVARGTEQ:EQUIP.SIZE.INT,PC.SIZE.INT+2	SWITCH:TooLarge

# TwoHanded weapon vs PC size changes
#WIELDCATEGORY:TwoHanded		PREVARLTEQ:EQUIP.SIZE.INT,PC.SIZE.INT-3	SWITCH:TooSmall
WIELDCATEGORY:TwoHanded		PREVARLTEQ:EQUIP.SIZE.INT,PC.SIZE.INT-2	SWITCH:Light
WIELDCATEGORY:TwoHanded		PREVAREQ:EQUIP.SIZE.INT,PC.SIZE.INT-1	SWITCH:OneHanded
WIELDCATEGORY:TwoHanded		PREVARGTEQ:EQUIP.SIZE.INT,PC.SIZE.INT+1	SWITCH:TooLarge


#WIELDCATEGORY:TooSmall		UP:Light|OneHanded|TwoHanded					
WIELDCATEGORY:Light		UP:OneHanded|TwoHanded
WIELDCATEGORY:OneHanded		UP:TwoHanded			DOWN:Light
WIELDCATEGORY:TwoHanded						DOWN:OneHanded|Light
WIELDCATEGORY:TooLarge						DOWN:TwoHanded|OneHanded|Light

#
# Dice rolling methods for character creation
#
ROLLMETHOD:3d6						SORTKEY:A1	METHOD:3d6
ROLLMETHOD:4d4						SORTKEY:A2	METHOD:4d4
ROLLMETHOD:4d6 drop lowest				SORTKEY:A3	METHOD:roll(4,6,top(3))
ROLLMETHOD:4d6, reroll 1's				SORTKEY:A4	METHOD:roll(4,6,reroll(1))
ROLLMETHOD:4d6, reroll 1's, drop the lowest	SORTKEY:A5	METHOD:roll(4,6,top(3),reroll(1))
ROLLMETHOD:5d6 drop 2 lowest				SORTKEY:A6	METHOD:roll(5,6,top(3))

# Unit Set
UNITSET:Imperial	HEIGHTUNIT:ftin	HEIGHTFACTOR:1		HEIGHTPATTERN:#		DISTANCEUNIT:ft.	DISTANCEFACTOR:1	DISTANCEPATTERN:#.##	WEIGHTUNIT:lbs.	WEIGHTFACTOR:1	WEIGHTPATTERN:#.##
UNITSET:Metric		HEIGHTUNIT:cm	HEIGHTFACTOR:2.54	HEIGHTPATTERN:#		DISTANCEUNIT:m		DISTANCEFACTOR:0.3	DISTANCEPATTERN:#.##	WEIGHTUNIT:kg	WEIGHTFACTOR:0.5	WEIGHTPATTERN:#.###

# CR calculation and XP awards
CRTHRESHOLD:HD
CRSTEPS:1/2
MONSTERROLES:Combat|Skill|Bard|Cleric|Druid|Sorcerer|Wizard
MONSTERROLEDEFAULT:Combat

#
# Reach mode formula to calculate weapon reach for a player
#
# RACEREACH = player's natural reach
# REACH = equipment's reach
# REACHMULT = equipment's reach multiple
#
WEAPONREACH:(RACEREACH+(max(0,REACH-5)))*REACHMULT

#
# Ability Categories
#

ABILITYCATEGORY:FEAT		VISIBLE:YES		EDITABLE:YES	EDITPOOL:YES	FRACTIONALPOOL:NO		CATEGORY:FEAT	PLURAL:Feats	DISPLAYLOCATION:Feats
ABILITYCATEGORY:Internal	VISIBLE:NO		EDITABLE:NO		EDITPOOL:NO		FRACTIONALPOOL:NO		CATEGORY:Internal
###COMMENT: Internal Category is for all hidden abilities.


PREVIEWDIR:d20/fantasy
PREVIEWSHEET:Standard.htm.ftl
INFOSHEET:SUMMARY|preview/summary/35e_info.html.ftl
INFOSHEET:SKILLS|preview/skills/35e_skills.html

OUTPUTSHEET:DIRECTORY|d20/fantasy
OUTPUTSHEET:DEFAULT.PDF|csheet_fantasy_std_blue.xslt
OUTPUTSHEET:DEFAULT.HTM|csheet_fantasy_std.htm

# DIESIZES values are used by the HITEDIE tag to bump up/down HD per level.
DIESIZES:1,2,3,MIN=4,6,8,10,MAX=12,20,100,1000

# Character Types:
CHARACTERTYPE:PC|NPC


#|SRD 3.0 for Game Masters (includes Monsters)

#
# DONE
#
