# CVS $Revision: $ $Author: $ -- Sun Dec  8 22:17:49 2013 -- reformated by prettylst.pl v1.50 (build 22352)

###Psychic Skills Grouping - SORTKEY not effective?

# General Skills
# Skill Name			Key Stat	Untrained?		Exclusive?		Type														Multiple Requirements																											Source Page		Ability
Knowledge (Psychic)		KEYSTAT:INT	USEUNTRAINED:NO				TYPE:Intelligence.Knowledge																																								SOURCEPAGE:p.21
Knowledge (Spirits)		KEYSTAT:INT	USEUNTRAINED:NO				TYPE:Intelligence.Knowledge																																								SOURCEPAGE:p.

# Clairsentience skills
Psychic (Combat Sense)		SORTKEY:A	KEYSTAT:WIS	USEUNTRAINED:NO	EXCLUSIVE:YES	TYPE:PsychicCombat Sense.Combat Sense.Clairsentience.Psychic.PsychicWildTalent				PREMULT:1,[PREVARGTEQ:ClairsentienceBypass,1],[PREFEAT:1,Clairsentience,Wild Talent Psychic (Psychic (Combat Sense))]											SOURCEPAGE:p.25
Psychic (Cyberkinesis)		KEYSTAT:INT	USEUNTRAINED:NO	EXCLUSIVE:YES	TYPE:PsychicCyberkinesis.Cyberkinesis.Clairsentience.Psychic.PsychicWildTalent				PREMULT:1,[PREVARGTEQ:ClairsentienceBypass,1],[PREFEAT:1,Clairsentience,Wild Talent Psychic (Psychic (Cyberkinesis))]											SOURCEPAGE:p.26
Psychic (Enhance Senses)	KEYSTAT:WIS	USEUNTRAINED:NO	EXCLUSIVE:YES	TYPE:PsychicEnhance Senses.Enhance Senses.Clairsentience.Psychic.Psychometabolism.PsychicWildTalent	PREMULT:1,[PREVARGTEQ:ClairsentienceBypass,1],[PREVARGTEQ:PsychometabolismBypass,1],[PREFEAT:1,Clairsentience,Wild Talent Psychic (Psychic (Enhance Senses)),Psychometabolism]	SOURCEPAGE:p.29
Psychic (Precognition)		KEYSTAT:WIS	USEUNTRAINED:YES	EXCLUSIVE:YES	TYPE:PsychicPrecognition.Precognition.Clairsentience.Psychic.PsychicWildTalent				PREMULT:1,[PREVARGTEQ:ClairsentienceBypass,1],[PREFEAT:1,Clairsentience,Wild Talent Psychic (Psychic (Precognition))]											SOURCEPAGE:p.33
Psychic (Psychometry)		KEYSTAT:WIS	USEUNTRAINED:NO	EXCLUSIVE:YES	TYPE:PsychicPsychometry.Psychometry.Clairsentience.Psychic.PsychicWildTalent				PREMULT:1,[PREVARGTEQ:ClairsentienceBypass,1],[PREFEAT:1,Clairsentience,Wild Talent Psychic (Psychic (Psychometry))]											SOURCEPAGE:p.36
Psychic (Remote Viewing)	KEYSTAT:WIS	USEUNTRAINED:NO	EXCLUSIVE:YES	TYPE:PsychicRemote Viewing.Remote Viewing.Clairsentience.Psychic.PsychicWildTalent			PREMULT:1,[PREVARGTEQ:ClairsentienceBypass,1],[PREFEAT:1,Clairsentience,Wild Talent Psychic (Psychic (Remote Viewing))]											SOURCEPAGE:p.38

# Psychokinesis skills
Psychic (Cryokinesis)		KEYSTAT:INT	USEUNTRAINED:NO	EXCLUSIVE:YES	TYPE:PsychicCryokinesis.Cryokinesis.Psychokinesis.Psychic.PsychicWildTalent				PREMULT:1,[PREVARGTEQ:PsychokinesisBypass,1],[PREFEAT:1,Psychokinesis,Wild Talent Psychic (Psychic (Cyrokinesis))]											SOURCEPAGE:p.25
Psychic (Electrokinesis)	KEYSTAT:INT	USEUNTRAINED:NO	EXCLUSIVE:YES	TYPE:PsychicElectrokinesis.Electrokinesis.Psychokinesis.Psychic.PsychicWildTalent			PREMULT:1,[PREVARGTEQ:PsychokinesisBypass,1],[PREFEAT:1,Psychokinesis,Wild Talent Psychic (Psychic (Electrokinesis))]											SOURCEPAGE:p.28
Psychic (Photokinesis)		KEYSTAT:INT	USEUNTRAINED:NO	EXCLUSIVE:YES	TYPE:PsychicPhotokinesis.Photokinesis.Psychokinesis.Psychic.PsychicWildTalent				PREMULT:1,[PREVARGTEQ:PsychokinesisBypass,1],[PREFEAT:1,Psychokinesis,Wild Talent Psychic (Psychic (Photokinesis))]											SOURCEPAGE:p.32
Psychic (Pyrokinesis)		KEYSTAT:INT	USEUNTRAINED:NO	EXCLUSIVE:YES	TYPE:PsychicPyrokinesis.Pyrokinesis.Psychokinesis.Psychic.PsychicWildTalent				PREMULT:1,[PREVARGTEQ:PsychokinesisBypass,1],[PREFEAT:1,Psychokinesis,Wild Talent Psychic (Psychic (Pyrokinesis))]											SOURCEPAGE:p.37
Psychic (Telekinesis)		KEYSTAT:INT	USEUNTRAINED:NO	EXCLUSIVE:YES	TYPE:PsychicTelekinesis.Telekinesis.Psychokinesis.Psychic.PsychicWildTalent				PREMULT:1,[PREVARGTEQ:PsychokinesisBypass,1],[PREFEAT:1,Psychokinesis,Wild Talent Psychic (Psychic (Telekinesis))]											SOURCEPAGE:p.39
Psychic (Telekinetic Blast)	KEYSTAT:INT	USEUNTRAINED:NO	EXCLUSIVE:YES	TYPE:PsychicTelekinetic Blast.Telekinetic Blast.Psychokinesis.Psychic.PsychicWildTalent			PREMULT:1,[PREVARGTEQ:PsychokinesisBypass,1],[PREFEAT:1,Psychokinesis,Wild Talent Psychic (Psychic (Telekinetic Blast))]										SOURCEPAGE:p.40
Psychic (Telekinetic Grip)	KEYSTAT:INT	USEUNTRAINED:NO	EXCLUSIVE:YES	TYPE:PsychicTelekinetic Grip.Telekinetic Grip.Psychokinesis.Psychic.PsychicWildTalent			PREMULT:1,[PREVARGTEQ:PsychokinesisBypass,1],[PREFEAT:1,Psychokinesis,Wild Talent Psychic (Psychic (Telekinetic Grip))]											SOURCEPAGE:p.40
Psychic (Telekinetic Shield)	KEYSTAT:INT	USEUNTRAINED:NO	EXCLUSIVE:YES	TYPE:PsychicTelekinetic Shield.Telekinetic Shield.Psychokinesis.Psychic.PsychicWildTalent			PREMULT:1,[PREVARGTEQ:PsychokinesisBypass,1],[PREFEAT:1,Psychokinesis,Wild Talent Psychic (Psychic (Telekinetic Shield))]										SOURCEPAGE:p.40

# Psychometabolism skills
Psychic (Adaptation)		KEYSTAT:WIS	USEUNTRAINED:NO	EXCLUSIVE:YES	TYPE:PsychicAdaptation.Adaptation.Psychometabolism.Psychic.PsychicWildTalent				PREMULT:1,[PREVARGTEQ:PsychometabolismBypass,1],[PREFEAT:1,Psychometabolism,Wild Talent Psychic (Psychic (Adaptation))]											SOURCEPAGE:p.24
Psychic (Body Control)		KEYSTAT:WIS	USEUNTRAINED:YES	EXCLUSIVE:YES	TYPE:PsychicBody Control.Body Control.AdeptChoice.Psychometabolism.Psychic.PsychicWildTalent	PREMULT:1,[PREVARGTEQ:PsychometabolismBypass,1],[PREFEAT:1,Psychometabolism,Wild Talent Psychic (Psychic (Body Control))]										SOURCEPAGE:p.24
Psychic (Drain Ability (STR))	KEYSTAT:WIS	USEUNTRAINED:NO	EXCLUSIVE:YES	TYPE:PsychicDrain Ability.Drain Ability.Drain Ability Str.Psychometabolism.Psychic.PsychicWildTalent			PREMULT:1,[PREVARGTEQ:PsychometabolismBypass,1],[PREFEAT:1,Psychometabolism,Wild Talent Psychic (Psychic (Drain Ability (STR)))]
Psychic (Drain Ability (DEX))	KEYSTAT:WIS	USEUNTRAINED:NO	EXCLUSIVE:YES	TYPE:PsychicDrain Ability.Drain Ability.Drain Ability DEX.Psychometabolism.Psychic.PsychicWildTalent			PREMULT:1,[PREVARGTEQ:PsychometabolismBypass,1],[PREFEAT:1,Psychometabolism,Wild Talent Psychic (Psychic (Drain Ability (DEX)))]
Psychic (Drain Ability (CON))	KEYSTAT:WIS	USEUNTRAINED:NO	EXCLUSIVE:YES	TYPE:PsychicDrain Ability.Drain Ability.Drain Ability CON.Psychometabolism.Psychic.PsychicWildTalent			PREMULT:1,[PREVARGTEQ:PsychometabolismBypass,1],[PREFEAT:1,Psychometabolism,Wild Talent Psychic (Psychic (Drain Ability (CON)))]
Psychic (Drain Ability (INT))	KEYSTAT:WIS	USEUNTRAINED:NO	EXCLUSIVE:YES	TYPE:PsychicDrain Ability.Drain Ability.Drain Ability INT.Psychometabolism.Psychic.PsychicWildTalent			PREMULT:1,[PREVARGTEQ:PsychometabolismBypass,1],[PREFEAT:1,Psychometabolism,Wild Talent Psychic (Psychic (Drain Ability (INT)))]
Psychic (Drain Ability (WIS))	KEYSTAT:WIS	USEUNTRAINED:NO	EXCLUSIVE:YES	TYPE:PsychicDrain Ability.Drain Ability.Drain Ability WIS.Psychometabolism.Psychic.PsychicWildTalent			PREMULT:1,[PREVARGTEQ:PsychometabolismBypass,1],[PREFEAT:1,Psychometabolism,Wild Talent Psychic (Psychic (Drain Ability (WIS)))]
Psychic (Drain Ability (CHA))	KEYSTAT:WIS	USEUNTRAINED:NO	EXCLUSIVE:YES	TYPE:PsychicDrain Ability.Drain Ability.Drain Ability CHA.Psychometabolism.Psychic.PsychicWildTalent			PREMULT:1,[PREVARGTEQ:PsychometabolismBypass,1],[PREFEAT:1,Psychometabolism,Wild Talent Psychic (Psychic (Drain Ability (CHA)))]
Psychic (Drain Power)		KEYSTAT:WIS	USEUNTRAINED:NO	EXCLUSIVE:YES	TYPE:PsychicDrain Power.Drain Power.Psychometabolism.Psychic.PsychicWildTalent				PREMULT:1,[PREVARGTEQ:PsychometabolismBypass,1],[PREFEAT:1,Psychometabolism,Wild Talent Psychic (Psychic (Drain Power))]										SOURCEPAGE:p.27
Psychic (Drain Vitality)	KEYSTAT:WIS	USEUNTRAINED:NO	EXCLUSIVE:YES	TYPE:PsychicDrain Vitality.Drain Vitality.Psychometabolism.Psychic.PsychicWildTalent			PREMULT:1,[PREVARGTEQ:PsychometabolismBypass,1],[PREFEAT:1,Psychometabolism,Wild Talent Psychic (Psychic (Drain Vitality))]										SOURCEPAGE:p.27
Psychic (Enhance Ability)	KEYSTAT:WIS	USEUNTRAINED:NO	EXCLUSIVE:YES	TYPE:PsychicEnhance Ability.Enhance Ability.Psychometabolism.Psychic.PsychicWildTalent			PREMULT:1,[PREVARGTEQ:PsychometabolismBypass,1],[PREFEAT:1,Psychometabolism,Wild Talent Psychic (Psychic (Enhance Ability))]										SOURCEPAGE:p.29
Psychic (Life Drain)		KEYSTAT:WIS	USEUNTRAINED:NO	EXCLUSIVE:YES	TYPE:PsychicLife Drain.Life Drain.Psychometabolism.Psychic.PsychicWildTalent				PREMULT:1,[PREVARGTEQ:PsychometabolismBypass,1],[PREFEAT:1,Psychometabolism,Wild Talent Psychic (Psychic (Life Drain))]											SOURCEPAGE:p.30
Psychic (Life Extension)	KEYSTAT:WIS	USEUNTRAINED:NO	EXCLUSIVE:YES	TYPE:PsychicLife Extension.Life Extension.Psychometabolism.Psychic.PsychicWildTalent			PREMULT:1,[PREVARGTEQ:PsychometabolismBypass,1],[PREFEAT:1,Psychometabolism,Wild Talent Psychic (Psychic (Life Extension))]										SOURCEPAGE:p.30
Psychic (Psychic Healing)	KEYSTAT:WIS	USEUNTRAINED:NO	EXCLUSIVE:YES	TYPE:PsychicPsychic Healing.Psychic Healing.Psychometabolism.Psychic.PsychicWildTalent				PREMULT:1,[PREVARGTEQ:PsychometabolismBypass,1],[PREFEAT:1,Psychometabolism,Wild Talent Psychic (Psychic (Psychic Healing))]										SOURCEPAGE:p.33

# Psychoportation skills
Psychic (Apport)			KEYSTAT:INT	USEUNTRAINED:NO	EXCLUSIVE:YES	TYPE:PsychicApport.Apport.Psychoportation.Psychic.PsychicWildTalent				PREMULT:1,[PREVARGTEQ:PsychoportationBypass,1],[PREFEAT:1,Psychoportation,Wild Talent Psychic (Psychic (Apport))]												SOURCEPAGE:p.24
Psychic (Blink Teleport)			USEUNTRAINED:NO	EXCLUSIVE:YES	TYPE:PsychicBlink Teleport.Blink Teleport.Psychoportation.Psychic.PsychicWildTalent			PREMULT:1,[PREVARGTEQ:PsychoportationBypass,1],[PREFEAT:1,Psychoportation,Wild Talent Psychic (Psychic (Blink Teleport))]										SOURCEPAGE:p.24
Psychic (Dimensional Phase)			USEUNTRAINED:NO	EXCLUSIVE:YES	TYPE:PsychicDimensional Phase.Dimensional Phase.Psychoportation.Psychic.PsychicWildTalent			PREMULT:1,[PREVARGTEQ:PsychoportationBypass,1],[PREFEAT:1,Psychoportation,Wild Talent Psychic (Psychic (Dimensional Phase))]										SOURCEPAGE:p.26
Psychic (Teleport)		KEYSTAT:INT	USEUNTRAINED:NO	EXCLUSIVE:YES	TYPE:PsychicTeleport.Teleport.Psychoportation.Psychic.PsychicWildTalent				PREMULT:1,[PREVARGTEQ:PsychoportationBypass,1],[PREFEAT:1,Psychoportation,Wild Talent Psychic (Psychic (Teleport))]											SOURCEPAGE:p.41

# Telepathy skills
Psychic (Domination)		KEYSTAT:CHA	USEUNTRAINED:NO	EXCLUSIVE:YES	TYPE:PsychicDomination.Domination.Telepathy.Psychic.PsychicWildTalent					PREMULT:1,[PREVARGTEQ:TelepathyBypass,1],[PREFEAT:1,Telepathy,Wild Talent Psychic (Psychic (Domination))]													SOURCEPAGE:p.26
Psychic (Drain Emotion)		KEYSTAT:CHA	USEUNTRAINED:NO	EXCLUSIVE:YES	TYPE:PsychicDrain Emotion.Drain Emotion.Telepathy.Psychic.PsychicWildTalent				PREMULT:1,[PREVARGTEQ:TelepathyBypass,1],[PREFEAT:1,Telepathy,Wild Talent Psychic (Psychic (Drain Emotion))]												SOURCEPAGE:p.27
Psychic (Dreamwalk)		KEYSTAT:WIS	USEUNTRAINED:NO	EXCLUSIVE:YES	TYPE:PsychicDreamwalk.Dreamwalk.Telepathy.Psychic.PsychicWildTalent					PREMULT:1,[PREVARGTEQ:TelepathyBypass,1],[PREFEAT:1,Telepathy,Wild Talent Psychic (Psychic (Dreamwalk))]													SOURCEPAGE:p.27
Psychic (Empathy)			KEYSTAT:WIS	USEUNTRAINED:YES	EXCLUSIVE:YES	TYPE:PsychicEmpathy.Empathy.Telepathy.Psychic.PsychicWildTalent					PREMULT:1,[PREVARGTEQ:TelepathyBypass,1],[PREFEAT:1,Telepathy,Wild Talent Psychic (Psychic (Empathy))]													SOURCEPAGE:p.29	ABILITY:Special Ability|AUTOMATIC|Psychic Skill ~ Empathy
Psychic (Empathic Projection)	KEYSTAT:CHA	USEUNTRAINED:NO	EXCLUSIVE:YES	TYPE:PsychicEmpathic.Empathic Projection.Telepathy.Psychic.PsychicWildTalent			PREMULT:1,[PREVARGTEQ:TelepathyBypass,1],[PREFEAT:1,Telepathy,Wild Talent Psychic (Psychic (Empathic Projection))]											SOURCEPAGE:p.29
Psychic (Illusion)		KEYSTAT:CHA	USEUNTRAINED:NO	EXCLUSIVE:YES	TYPE:PsychicIllusion.Illusion.Telepathy.Psychic.PsychicWildTalent					PREMULT:1,[PREVARGTEQ:TelepathyBypass,1],[PREFEAT:1,Telepathy,Wild Talent Psychic (Psychic (Illusion))]													SOURCEPAGE:p.30
Psychic (Mental Contact)	KEYSTAT:CHA	USEUNTRAINED:YES	EXCLUSIVE:YES	TYPE:PsychicMental Contact.Mental Contact.Telepathy.Psychic.PsychicWildTalent				PREMULT:1,[PREVARGTEQ:TelepathyBypass,1],[PREFEAT:1,Telepathy,Wild Talent Psychic (Psychic (Mental Contact))]												SOURCEPAGE:p.31
Psychic (Mind Reading)		KEYSTAT:CHA	USEUNTRAINED:NO	EXCLUSIVE:YES	TYPE:PsychicMind Reading.Mind Reading.Telepathy.Psychic.PsychicWildTalent					PREMULT:1,[PREVARGTEQ:TelepathyBypass,1],[PREFEAT:1,Telepathy,Wild Talent Psychic (Psychic (Mind Reading))]													SOURCEPAGE:p.31
Psychic (Psychic Blast)		KEYSTAT:CHA	USEUNTRAINED:NO	EXCLUSIVE:YES	TYPE:PsychicPsyhic Blast.Psyhic Blast.Telepathy.Psychic.PsychicWildTalent						PREMULT:1,[PREVARGTEQ:TelepathyBypass,1],[PREFEAT:1,Telepathy,Wild Talent Psychic (Psychic (Psychic Blast))]												SOURCEPAGE:p.33
Psychic (Psychic Static)	KEYSTAT:CHA	USEUNTRAINED:NO	EXCLUSIVE:YES	TYPE:PsychicPsychic Static.Psychic Static.Telepathy.Psychic.PsychicWildTalent					PREMULT:1,[PREVARGTEQ:TelepathyBypass,1],[PREFEAT:1,Telepathy,Wild Talent Psychic (Psychic (Psychic Static))]												SOURCEPAGE:p.35
Psychic (Psychic Surgery)	KEYSTAT:WIS	USEUNTRAINED:NO	EXCLUSIVE:YES	TYPE:PsychicPsyhic Surgery.Psyhic Surgery.Telepathy.Psychic.PsychicWildTalent					PREMULT:1,[PREVARGTEQ:TelepathyBypass,1],[PREFEAT:1,Telepathy,Wild Talent Psychic (Psychic (Psychic Surgery))]												SOURCEPAGE:p.35
Psychic (Sense Minds)		KEYSTAT:WIS	USEUNTRAINED:NO	EXCLUSIVE:YES	TYPE:PsychicSense Minds.Sense Minds.Telepathy.Psychic.PsychicWildTalent					PREMULT:1,[PREVARGTEQ:TelepathyBypass,1],[PREFEAT:1,Telepathy,Wild Talent Psychic (Psychic (Sense Minds))]													SOURCEPAGE:p.38
Psychic (Sleep)			KEYSTAT:CHA	USEUNTRAINED:NO	EXCLUSIVE:YES	TYPE:PsychicSleep.Sleep.Telepathy.Psychic.PsychicWildTalent						PREMULT:1,[PREVARGTEQ:TelepathyBypass,1],[PREFEAT:1,Telepathy,Wild Talent Psychic (Psychic (Sleep))]														SOURCEPAGE:p.39
Psychic (Suggestion)		KEYSTAT:CHA	USEUNTRAINED:NO	EXCLUSIVE:YES	TYPE:PsychicSuggestion.Suggestion.Telepathy.Psychic.PsychicWildTalent					PREMULT:1,[PREVARGTEQ:TelepathyBypass,1],[PREFEAT:1,Telepathy,Wild Talent Psychic (Psychic (Suggestion))]													SOURCEPAGE:p.39

# General or Other
Psychic (Psychic Sense)		KEYSTAT:WIS	USEUNTRAINED:YES	EXCLUSIVE:YES	TYPE:PsychicPsychic Sense.Psychic Sense.PsychicAbility.Psychic.PsychicWildTalent					PREMULT:1,[PREVARGTEQ:PsychicBypass,1],[PREFEAT:1,Psychic Ability,Wild Talent Psychic (Psychic (Psychic Sense))]												SOURCEPAGE:p.34
Psychic (Psychic Shield)	KEYSTAT:WIS	USEUNTRAINED:YES	EXCLUSIVE:YES	TYPE:PsychicPsychic Shield.Psychic Shield.PsychicAbility.Psychic.PsychicWildTalent					PREMULT:1,[PREVARGTEQ:PsychicBypass,1],[PREFEAT:1,Psychic Ability,Wild Talent Psychic (Psychic (Psychic Shield))]												SOURCEPAGE:p.35
#
Psychic (Psychic Weapon)	KEYSTAT:WIS	USEUNTRAINED:NO	EXCLUSIVE:YES	TYPE:PsychicPsychic Weapon.Psychic Weapon.Psychic.PsychicWildTalent					PREMULT:1,[PREVARGTEQ:PsychicWeaponBypass,1],[PREFEAT:1,Psychic Weapon,Wild Talent Psychic (Psychic (Psychic Weapon))]											SOURCEPAGE:p.36
Psychic (Dimensional Shift)	KEYSTAT:INT	USEUNTRAINED:NO	EXCLUSIVE:YES	TYPE:PsychicDimensional Shift.Dimension Shift.Psychic						PREMULT:1,[PREVARGTEQ:DimensionalShiftBypass,1],[PREFEAT:1,Dimensional Shift]																		SOURCEPAGE:p.26
Psychic (Mind Switch)		KEYSTAT:CHA	USEUNTRAINED:NO	EXCLUSIVE:YES	TYPE:PsychicMind Switch.Mind Switch.Psychic								PREMULT:1,[PREVARGTEQ:MindSwitchBypass,1],[PREFEAT:1,Mind Switch]																				SOURCEPAGE:p.32
