# CVS $Revision: $ $Author: $ -- Thu Jul 10 13:59:32 2014 -- reformated by prettylst.pl v1.51 (build 24365)


# Ability Category			Visible	Editable?		Change Pool?	Fractional values?	Category of Object		Plural description for UI	Display Location
ABILITYCATEGORY:FEAT			VISIBLE:NO	EDITABLE:YES	EDITPOOL:YES	FRACTIONALPOOL:NO		CATEGORY:FEAT			PLURAL:Feats			DISPLAYLOCATION:Feats
ABILITYCATEGORY:Talent			VISIBLE:NO											CATEGORY:Talent								DISPLAYLOCATION:Class Features
ABILITYCATEGORY:Special Ability	VISIBLE:NO											CATEGORY:Special Ability
###Block: Species Traits
# Ability Category					Visible		Editable?		Change Pool?	Category of Object		Type of Object			Plural description for UI		Display Location
ABILITYCATEGORY:Human Species Trait			VISIBLE:QUALIFY	EDITABLE:YES	EDITPOOL:NO		CATEGORY:Special Ability	TYPE:HumanSpeciesTrait		PLURAL:Human Species Traits		DISPLAYLOCATION:Species Traits
ABILITYCATEGORY:Bothan Species Trait		VISIBLE:QUALIFY	EDITABLE:YES	EDITPOOL:NO		CATEGORY:Special Ability	TYPE:BothanSpeciesTrait		PLURAL:Bothan Species Traits		DISPLAYLOCATION:Species Traits
ABILITYCATEGORY:Cerean Species Trait		VISIBLE:QUALIFY	EDITABLE:YES	EDITPOOL:NO		CATEGORY:Special Ability	TYPE:CereanSpeciesTrait		PLURAL:Cerean Species Traits		DISPLAYLOCATION:Species Traits
ABILITYCATEGORY:Duros Species Trait			VISIBLE:QUALIFY	EDITABLE:YES	EDITPOOL:NO		CATEGORY:Special Ability	TYPE:DurosSpeciesTrait		PLURAL:Duros Species Traits		DISPLAYLOCATION:Species Traits
ABILITYCATEGORY:Ewok Species Trait			VISIBLE:QUALIFY	EDITABLE:YES	EDITPOOL:NO		CATEGORY:Special Ability	TYPE:EwokSpeciesTrait		PLURAL:Ewok Species Traits		DISPLAYLOCATION:Species Traits
ABILITYCATEGORY:Gamorrean Species Trait		VISIBLE:QUALIFY	EDITABLE:YES	EDITPOOL:NO		CATEGORY:Special Ability	TYPE:GamorreanSpeciesTrait	PLURAL:Gamorrean Species Traits	DISPLAYLOCATION:Species Traits
ABILITYCATEGORY:Gungan Species Trait		VISIBLE:QUALIFY	EDITABLE:YES	EDITPOOL:NO		CATEGORY:Special Ability	TYPE:GunganSpeciesTrait		PLURAL:Gungan Species Traits		DISPLAYLOCATION:Species Traits
ABILITYCATEGORY:Ithorian Species Trait		VISIBLE:QUALIFY	EDITABLE:YES	EDITPOOL:NO		CATEGORY:Special Ability	TYPE:IthorianSpeciesTrait	PLURAL:Ithorian Species Traits	DISPLAYLOCATION:Species Traits
ABILITYCATEGORY:Kel Dor Species Trait		VISIBLE:QUALIFY	EDITABLE:YES	EDITPOOL:NO		CATEGORY:Special Ability	TYPE:Kel DorSpeciesTrait	PLURAL:Kel Dor Species Traits		DISPLAYLOCATION:Species Traits
ABILITYCATEGORY:Mon Calamari Species Trait	VISIBLE:QUALIFY	EDITABLE:YES	EDITPOOL:NO		CATEGORY:Special Ability	TYPE:Mon CalamariSpeciesTrait	PLURAL:Mon Calamari Species Traits	DISPLAYLOCATION:Species Traits
ABILITYCATEGORY:Quarren Species Trait		VISIBLE:QUALIFY	EDITABLE:YES	EDITPOOL:NO		CATEGORY:Special Ability	TYPE:QuarrenSpeciesTrait	PLURAL:Quarren Species Traits		DISPLAYLOCATION:Species Traits
ABILITYCATEGORY:Rodian Species Trait		VISIBLE:QUALIFY	EDITABLE:YES	EDITPOOL:NO		CATEGORY:Special Ability	TYPE:RodianSpeciesTrait		PLURAL:Rodian Species Traits		DISPLAYLOCATION:Species Traits
ABILITYCATEGORY:Sullustan Species Trait		VISIBLE:QUALIFY	EDITABLE:YES	EDITPOOL:NO		CATEGORY:Special Ability	TYPE:SullustanSpeciesTrait	PLURAL:Sullustan Species Traits	DISPLAYLOCATION:Species Traits
ABILITYCATEGORY:Trandoshan Species Trait		VISIBLE:QUALIFY	EDITABLE:YES	EDITPOOL:NO		CATEGORY:Special Ability	TYPE:TrandoshanSpeciesTrait	PLURAL:Trandoshan Species Traits	DISPLAYLOCATION:Species Traits
ABILITYCATEGORY:Twi'lek Species Trait		VISIBLE:QUALIFY	EDITABLE:YES	EDITPOOL:NO		CATEGORY:Special Ability	TYPE:Twi'lekSpeciesTrait	PLURAL:Twi'lek Species Traits		DISPLAYLOCATION:Species Traits
ABILITYCATEGORY:Wookie Species Trait		VISIBLE:QUALIFY	EDITABLE:YES	EDITPOOL:NO		CATEGORY:Special Ability	TYPE:WookieSpeciesTrait		PLURAL:Wookie Species Traits		DISPLAYLOCATION:Species Traits
ABILITYCATEGORY:Zabrak Species Trait		VISIBLE:QUALIFY	EDITABLE:YES	EDITPOOL:NO		CATEGORY:Special Ability	TYPE:ZabrakSpeciesTrait		PLURAL:Zabrak Species Traits		DISPLAYLOCATION:Species Traits
ABILITYCATEGORY:Droid Species Trait			VISIBLE:QUALIFY	EDITABLE:YES	EDITPOOL:NO		CATEGORY:Special Ability	TYPE:DroidSpeciesTrait		PLURAL:Droid Species Traits		DISPLAYLOCATION:Species Traits
###Block: Droid Choices
# Ability Category		Visible		Editable?		Change Pool?	Fractional values?	Category of Object	Type of Object	Display Location
ABILITYCATEGORY:Droid Degree	VISIBLE:QUALIFY	EDITABLE:YES	EDITPOOL:YES	FRACTIONALPOOL:NO		CATEGORY:Internal		TYPE:DroidDegree	DISPLAYLOCATION:Race Traits
ABILITYCATEGORY:Droid Size	VISIBLE:QUALIFY	EDITABLE:YES	EDITPOOL:YES	FRACTIONALPOOL:NO		CATEGORY:Internal		TYPE:DroidSize	DISPLAYLOCATION:Race Traits
###Block: Skill Training
# Ability Category				Visible		Editable?		Change Pool?	Fractional values?	Category of Object	Specific choices list																																																																																														Display Location
ABILITYCATEGORY:Jedi Skill Training		VISIBLE:QUALIFY	EDITABLE:YES	EDITPOOL:NO		FRACTIONALPOOL:NO		CATEGORY:FEAT		ABILITYLIST:Skill Training (Acrobatics)|Skill Training (Endurance)|Skill Training (Initiative)|Skill Training (Knowledge (Bureaucracy))|Skill Training (Knowledge (Galactic Lore))|Skill Training (Knowledge (Life Sciences))|Skill Training (Knowledge (Physical Sciences))|Skill Training (Knowledge (Social Sciences))|Skill Training (Knowledge (Tactics))|Skill Training (Knowledge (Technology))|Skill Training (Perception)|Skill Training (Use the Force)																							DISPLAYLOCATION:Class Features
ABILITYCATEGORY:Noble Skill Training	VISIBLE:QUALIFY	EDITABLE:YES	EDITPOOL:NO		FRACTIONALPOOL:NO		CATEGORY:FEAT		ABILITYLIST:Skill Training (Deception)|Skill Training (Gather Information)|Skill Training (Initiative)|Skill Training (Perception)|Skill Training (Persuasion)|Skill Training (Pilot)|Skill Training (Ride)|Skill Training (Treat Injury)|Skill Training (Use Computer)|Skill Training (Knowledge (Bureaucracy))|Skill Training (Knowledge (Galactic Lore))|Skill Training (Knowledge (Life Sciences))|Skill Training (Knowledge (Physical Sciences))|Skill Training (Knowledge (Social Sciences))|Skill Training (Knowledge (Tactics))|Skill Training (Knowledge (Technology))				DISPLAYLOCATION:Class Features
ABILITYCATEGORY:Scoundrel Skill Training	VISIBLE:QUALIFY	EDITABLE:YES	EDITPOOL:NO		FRACTIONALPOOL:NO		CATEGORY:FEAT		ABILITYLIST:Skill Training (Acrobatics)|Skill Training (Deception)|Skill Training (Gather Information)|Skill Training (Initiative)|Skill Training (Knowledge (Bureaucracy))|Skill Training (Knowledge (Galactic Lore))|Skill Training (Knowledge (Life Sciences))|Skill Training (Knowledge (Physical Sciences))|Skill Training (Knowledge (Social Sciences))|Skill Training (Knowledge (Tactics))|Skill Training (Knowledge (Technology))|Skill Training (Perception)|Skill Training (Persuasion)|Skill Training (Pilot)|Skill Training (Stealth)|Skill Training (Use Computer)				DISPLAYLOCATION:Class Features
ABILITYCATEGORY:Scout Skill Training	VISIBLE:QUALIFY	EDITABLE:YES	EDITPOOL:NO		FRACTIONALPOOL:NO		CATEGORY:FEAT		ABILITYLIST:Skill Training (Climb)|Skill Training (Endurance)|Skill Training (Initiative)|Skill Training (Jump)|Skill Training (Mechanics)|Skill Training (Perception)|Skill Training (Pilot)|Skill Training (Ride)|Skill Training (Stealth)|Skill Training (Survival)|Skill Training (Swim)|Skill Training (Knowledge (Bureaucracy))|Skill Training (Knowledge (Galactic Lore))|Skill Training (Knowledge (Life Sciences))|Skill Training (Knowledge (Physical Sciences))|Skill Training (Knowledge (Social Sciences))|Skill Training (Knowledge (Tactics))|Skill Training (Knowledge (Technology))	DISPLAYLOCATION:Class Features
ABILITYCATEGORY:Soldier Skill Training	VISIBLE:QUALIFY	EDITABLE:YES	EDITPOOL:NO		FRACTIONALPOOL:NO		CATEGORY:FEAT		ABILITYLIST:Skill Training (Climb)|Skill Training (Endurance)|Skill Training (Initiative)|Skill Training (Jump)|Skill Training (Mechanics)|Skill Training (Perception)|Skill Training (Pilot)|Skill Training (Treat Injury)|Skill Training (Use Computer)																																																								DISPLAYLOCATION:Class Features
###Block: Multiclass Support
# Ability Category					Visible		Editable?		Change Pool?	Fractional values?	Category of Object	Specific choices list																								Display Location
ABILITYCATEGORY:Jedi Multiclass Selection		VISIBLE:QUALIFY	EDITABLE:YES	EDITPOOL:YES	FRACTIONALPOOL:NO		CATEGORY:FEAT		ABILITYLIST:Force Sensitivity|Weapon Proficiency (Lightsabers)|Weapon Proficiency (Simple Weapons)											DISPLAYLOCATION:Feats
ABILITYCATEGORY:Noble Multiclass Selection	VISIBLE:QUALIFY	EDITABLE:YES	EDITPOOL:YES	FRACTIONALPOOL:NO		CATEGORY:FEAT		ABILITYLIST:Linguist|Weapon Proficiency (Pistols)|Weapon Proficiency (Simple Weapons)													DISPLAYLOCATION:Feats
ABILITYCATEGORY:Scoundrel Multiclass Selection	VISIBLE:QUALIFY	EDITABLE:YES	EDITPOOL:YES	FRACTIONALPOOL:NO		CATEGORY:FEAT		ABILITYLIST:Weapon Proficiency (Pistols)|Point Blank Shot|Weapon Proficiency (Simple Weapons)												DISPLAYLOCATION:Feats
ABILITYCATEGORY:Scout Multiclass Selection	VISIBLE:QUALIFY	EDITABLE:YES	EDITPOOL:YES	FRACTIONALPOOL:NO		CATEGORY:FEAT		ABILITYLIST:Weapon Proficiency (Pistols)|Weapon Proficiency (Rifles)|Shake It Off|Weapon Proficiency (Simple Weapons)								DISPLAYLOCATION:Feats
ABILITYCATEGORY:Soldier Multiclass Selection	VISIBLE:QUALIFY	EDITABLE:YES	EDITPOOL:YES	FRACTIONALPOOL:NO		CATEGORY:FEAT		ABILITYLIST:Armor Proficiency (Light)|Armor Proficiency (Medium)|Weapon Proficiency (Pistols)|Weapon Proficiency (Rifles)|Weapon Proficiency (Simple Weapons)	DISPLAYLOCATION:Feats
###Block: Feats
# Ability Category			Visible		Editable?		Change Pool?	Fractional values?	Category of Object	Type of Object	Specific choices list				Plural description for UI	Display Location
ABILITYCATEGORY:Jedi Feat		VISIBLE:QUALIFY	EDITABLE:YES	EDITPOOL:YES	FRACTIONALPOOL:NO		CATEGORY:FEAT		TYPE:Jedi		ABILITYLIST:Weapon Focus (Lightsaber)	PLURAL:Jedi Feats			DISPLAYLOCATION:Feats
ABILITYCATEGORY:Noble Feat		VISIBLE:QUALIFY	EDITABLE:YES	EDITPOOL:YES	FRACTIONALPOOL:NO		CATEGORY:FEAT		TYPE:Noble									PLURAL:Noble Feats		DISPLAYLOCATION:Feats
ABILITYCATEGORY:Scoundrel Feat	VISIBLE:QUALIFY	EDITABLE:YES	EDITPOOL:YES	FRACTIONALPOOL:NO		CATEGORY:FEAT		TYPE:Scoundrel								PLURAL:Scoundrel Feats		DISPLAYLOCATION:Feats
ABILITYCATEGORY:Scout Feat		VISIBLE:QUALIFY	EDITABLE:YES	EDITPOOL:YES	FRACTIONALPOOL:NO		CATEGORY:FEAT		TYPE:Scout									PLURAL:Scout Feats		DISPLAYLOCATION:Feats
ABILITYCATEGORY:Soldier Feat		VISIBLE:QUALIFY	EDITABLE:YES	EDITPOOL:YES	FRACTIONALPOOL:NO		CATEGORY:FEAT		TYPE:Soldier								PLURAL:Soldier Feats		DISPLAYLOCATION:Feats
###Block: Talents
# Ability Category			Visible		Editable?		Change Pool?	Fractional values?	Category of Object	Type of Object				Plural description for UI	Display Location
ABILITYCATEGORY:Force Talent		VISIBLE:QUALIFY	EDITABLE:YES	EDITPOOL:YES	FRACTIONALPOOL:NO		CATEGORY:Talent		TYPE:ForceTalent									DISPLAYLOCATION:Class Features
ABILITYCATEGORY:Jedi Talent		VISIBLE:QUALIFY	EDITABLE:YES	EDITPOOL:NO		FRACTIONALPOOL:NO		CATEGORY:Talent		TYPE:JediTalent.ForceTalent		PLURAL:Jedi Talents		DISPLAYLOCATION:Class Features
ABILITYCATEGORY:Noble Talent		VISIBLE:QUALIFY	EDITABLE:YES	EDITPOOL:NO		FRACTIONALPOOL:NO		CATEGORY:Talent		TYPE:NobleTalent.ForceTalent		PLURAL:Noble Talents		DISPLAYLOCATION:Class Features
ABILITYCATEGORY:Scoundrel Talent	VISIBLE:QUALIFY	EDITABLE:YES	EDITPOOL:NO		FRACTIONALPOOL:NO		CATEGORY:Talent		TYPE:ScoundrelTalent.ForceTalent	PLURAL:Scoundrel Talents	DISPLAYLOCATION:Class Features
ABILITYCATEGORY:Scout Talent		VISIBLE:QUALIFY	EDITABLE:YES	EDITPOOL:NO		FRACTIONALPOOL:NO		CATEGORY:Talent		TYPE:ScoutTalent.ForceTalent		PLURAL:Scout Talents		DISPLAYLOCATION:Class Features
ABILITYCATEGORY:Soldier Talent	VISIBLE:QUALIFY	EDITABLE:YES	EDITPOOL:NO		FRACTIONALPOOL:NO		CATEGORY:Talent		TYPE:SoldierTalent.ForceTalent	PLURAL:Soldier Talents		DISPLAYLOCATION:Class Features
###Block: Prestige Talents
# Ability Category				Visible		Editable?		Change Pool?	Fractional values?	Category of Object	Type of Object												Display Location
ABILITYCATEGORY:Ace Pilot Talent		VISIBLE:QUALIFY	EDITABLE:YES	EDITPOOL:NO		FRACTIONALPOOL:NO		CATEGORY:Talent		TYPE:ExpertPilotTalent.GunnerTalent.SpacerTalent						DISPLAYLOCATION:Class Features
ABILITYCATEGORY:Bounty Hunter Talent	VISIBLE:QUALIFY	EDITABLE:YES	EDITPOOL:NO		FRACTIONALPOOL:NO		CATEGORY:Talent		TYPE:BountyHunterTalent.MisfortuneTalent.AwarenessTalent					DISPLAYLOCATION:Class Features
ABILITYCATEGORY:Crime Lord Talent		VISIBLE:QUALIFY	EDITABLE:YES	EDITPOOL:NO		FRACTIONALPOOL:NO		CATEGORY:Talent		TYPE:InfamyTalent.MastermindTalent.InfluenceTalent						DISPLAYLOCATION:Class Features
ABILITYCATEGORY:Elite Trooper Talent	VISIBLE:QUALIFY	EDITABLE:YES	EDITPOOL:NO		FRACTIONALPOOL:NO		CATEGORY:Talent		TYPE:WeaponMasterTalent.CommandoTalent.CamouflageTalent					DISPLAYLOCATION:Class Features
ABILITYCATEGORY:Force Adept Talent		VISIBLE:QUALIFY	EDITABLE:YES	EDITPOOL:NO		FRACTIONALPOOL:NO		CATEGORY:Talent		TYPE:DarkSideDevoteeTalent.ForceAdeptTalent.ForceItemTalent					DISPLAYLOCATION:Class Features
ABILITYCATEGORY:Force Disciple Talent	VISIBLE:QUALIFY	EDITABLE:YES	EDITPOOL:NO		FRACTIONALPOOL:NO		CATEGORY:Talent		TYPE:ForceAdeptTalent.ForceTalent									DISPLAYLOCATION:Class Features
ABILITYCATEGORY:Gunslinger Talent		VISIBLE:QUALIFY	EDITABLE:YES	EDITPOOL:NO		FRACTIONALPOOL:NO		CATEGORY:Talent		TYPE:GunslingerTalent.FortuneTalent.AwarenessTalent						DISPLAYLOCATION:Class Features
ABILITYCATEGORY:Jedi Knight Talent		VISIBLE:QUALIFY	EDITABLE:YES	EDITPOOL:NO		FRACTIONALPOOL:NO		CATEGORY:Talent		TYPE:ArmorSpecialistTalent.LightsaberCombatTalent.DuelistTalent.LightsaberForms	DISPLAYLOCATION:Class Features
ABILITYCATEGORY:Jedi Master Talent		VISIBLE:QUALIFY	EDITABLE:YES	EDITPOOL:NO		FRACTIONALPOOL:NO		CATEGORY:Talent		TYPE:DuelistTalent.ForceTalent									DISPLAYLOCATION:Class Features
ABILITYCATEGORY:Officer Talent		VISIBLE:QUALIFY	EDITABLE:YES	EDITPOOL:NO		FRACTIONALPOOL:NO		CATEGORY:Talent		TYPE:MilitaryTacticsTalent.LeadershipTalent.CommandoTalent					DISPLAYLOCATION:Class Features
ABILITYCATEGORY:Sith Apprentice Talent	VISIBLE:QUALIFY	EDITABLE:YES	EDITPOOL:NO		FRACTIONALPOOL:NO		CATEGORY:Talent		TYPE:ArmorSpecialistTalent.DuelistTalent.LightsaberCombatTalent.SithTalent		DISPLAYLOCATION:Class Features
ABILITYCATEGORY:Sith Lord Talent		VISIBLE:QUALIFY	EDITABLE:YES	EDITPOOL:NO		FRACTIONALPOOL:NO		CATEGORY:Talent		TYPE:SithTalent.ForceTalent										DISPLAYLOCATION:Class Features
###Block: Force Misc
# Ability Category			Visible		Editable?		Change Pool?	Fractional values?	Category of Object		Type of Object		Display Location
ABILITYCATEGORY:Force Powers		VISIBLE:QUALIFY	EDITABLE:YES	EDITPOOL:YES	FRACTIONALPOOL:NO		CATEGORY:Special Ability	TYPE:ForcePower		DISPLAYLOCATION:Class Features
ABILITYCATEGORY:Force Techniques	VISIBLE:QUALIFY	EDITABLE:YES	EDITPOOL:YES	FRACTIONALPOOL:NO		CATEGORY:Talent			TYPE:ForceTechniques	DISPLAYLOCATION:Class Features
ABILITYCATEGORY:Force Secrets		VISIBLE:QUALIFY	EDITABLE:YES	EDITPOOL:YES	FRACTIONALPOOL:NO		CATEGORY:Talent			TYPE:ForceSecrets		DISPLAYLOCATION:Class Features

###Block: Class Feature
# Ability Category			Visible		Editable?		Change Pool?	Fractional values?	Category of Object		Type of Object		Display Location
ABILITYCATEGORY:Jedi Class Feature	VISIBLE:QUALIFY	EDITABLE:YES	EDITPOOL:YES	FRACTIONALPOOL:NO		CATEGORY:Special Ability	TYPE:JediClassFeatures	DISPLAYLOCATION:Class Features

###Block: Nonheroic Character
# Ability Category			Visible		Editable?		Change Pool?	Fractional values?	Category of Object	Specific choices list																																									Display Location
ABILITYCATEGORY:Nonheroic Feat	VISIBLE:QUALIFY	EDITABLE:YES	EDITPOOL:YES	FRACTIONALPOOL:NO		CATEGORY:FEAT		ABILITYLIST:Armor Proficiency (Light)|Armor Proficiency (Medium)|Skill Focus|Skill Training|Weapon Proficiency (Advanced Melee Weapons)|Weapon Proficiency (Heavy Weapons)|Weapon Proficiency (Pistols)|Weapon Proficiency (Rifles)|Weapon Proficiency (Simple Weapons)	DISPLAYLOCATION:Feats
