# CVS $Revision: $ $Author: $ -- Thu Jul 10 14:45:53 2014 -- reformated by prettylst.pl v1.51 (build 24365)

# Class Name	Hit Dice	Type			Abbreviation	Source Page		Combat bonus		Bonus
CLASS:Jedi		HD:10		TYPE:Base.PC	ABB:Jed		SOURCEPAGE:p.38	BONUS:COMBAT|BASEAB|classlevel()	BONUS:SAVE|BASE.Fortitude,BASE.Reflex,BASE.Will|1|TYPE=Class
# Class Name	Prohibited Race
CLASS:Jedi		!PRERACE:1,Droid,RACETYPE=Droid
# Class Name	Skill Pts/Lvl	Add INT to Skill Points?	Class Skill
CLASS:Jedi		STARTSKILLPTS:0	MODTOSKILLS:NO			CSKILL:Acrobatics|Endurance|Initiative|TYPE=Knowledge|Perception|Pilot|Use the Force|Jump|Mechanics
###Block:
1	BONUS:VAR|HeroicLVL|CL	ABILITY:Internal|AUTOMATIC|Heroic PC Tracker
###Block:
1:REPEATLEVEL:1	DONOTADD:SKILLPOINTS
###Block:
1	BONUS:ABILITYPOOL|Jedi Talent|(CL+1)/2
2	BONUS:ABILITYPOOL|Jedi Feat|CL/2
###Block:
7	ABILITY:Jedi Class Feature|AUTOMATIC|Build Lightsaber

# Class Name	Hit Dice	Type			Abbreviation	Source Page		Combat bonus								Modify VAR									Bonus
CLASS:Noble		HD:6		TYPE:Base.PC	ABB:Nbl		SOURCEPAGE:p.48	BONUS:COMBAT|BASEAB|classlevel()*3/4|PREVAREQ:UseFractionalBAB,0	BONUS:VAR|ClassBABModerate|CL|PREVAREQ:UseFractionalBAB,1	BONUS:SAVE|BASE.Reflex|1|TYPE=Class	BONUS:SAVE|BASE.Will|2|TYPE=Class
# Class Name	Skill Pts/Lvl	Add INT to Skill Points?	Class Skill
CLASS:Noble		STARTSKILLPTS:0	MODTOSKILLS:NO			CSKILL:Deception|Gather Information|Initiative|TYPE=Knowledge|Perception|Persuasion|Pilot|Ride|Treat Injury|Use Computer
###Block:
1	BONUS:VAR|HeroicLVL|CL	ABILITY:Internal|AUTOMATIC|Heroic PC Tracker
###Block:
1:REPEATLEVEL:1	DONOTADD:SKILLPOINTS
###Block:
1	BONUS:ABILITYPOOL|Noble Talent|(CL+1)/2
2	BONUS:ABILITYPOOL|Noble Feat|CL/2

# Class Name	Hit Dice	Type			Abbreviation	Source Page		Combat bonus								Modify VAR									Bonus
CLASS:Scoundrel	HD:6		TYPE:Base.PC	ABB:Sdl		SOURCEPAGE:p.45	BONUS:COMBAT|BASEAB|classlevel()*3/4|PREVAREQ:UseFractionalBAB,0	BONUS:VAR|ClassBABModerate|CL|PREVAREQ:UseFractionalBAB,1	BONUS:SAVE|BASE.Reflex|2|TYPE=Class	BONUS:SAVE|BASE.Will|1|TYPE=Class
# Class Name	Skill Pts/Lvl	Add INT to Skill Points?	Class Skill
CLASS:Scoundrel	STARTSKILLPTS:0	MODTOSKILLS:NO			CSKILL:Acrobatics|Deception|Gather Information|Initiative|TYPE=Knowledge|Mechanics|Perception|Persuasion|Pilot|Stealth|Use Computer
###Block:
1	BONUS:VAR|HeroicLVL|CL	ABILITY:Internal|AUTOMATIC|Heroic PC Tracker
###Block:
1:REPEATLEVEL:1	DONOTADD:SKILLPOINTS
###Block:
1	BONUS:ABILITYPOOL|Scoundrel Talent|(CL+1)/2
2	BONUS:ABILITYPOOL|Scoundrel Feat|CL/2

# Class Name	Hit Dice	Type			Abbreviation	Source Page		Combat bonus								Modify VAR									Bonus
CLASS:Scout		HD:8		TYPE:Base.PC	ABB:Sct		SOURCEPAGE:p.48	BONUS:COMBAT|BASEAB|classlevel()*3/4|PREVAREQ:UseFractionalBAB,0	BONUS:VAR|ClassBABModerate|CL|PREVAREQ:UseFractionalBAB,1	BONUS:SAVE|BASE.Reflex|2|TYPE=Class	BONUS:SAVE|BASE.Fortitude|1|TYPE=Class
# Class Name	Skill Pts/Lvl	Add INT to Skill Points?	Class Skill
CLASS:Scout		STARTSKILLPTS:0	MODTOSKILLS:NO			CSKILL:Climb|Endurance|Initiative|Jump|TYPE=Knowledge|Mechanics|Perception|Pilot|Ride|Stealth|Survival|Swim
###Block:
1	BONUS:VAR|HeroicLVL|CL	ABILITY:Internal|AUTOMATIC|Heroic PC Tracker
###Block:
1:REPEATLEVEL:1	DONOTADD:SKILLPOINTS
###Block:
1	BONUS:ABILITYPOOL|Scout Talent|(CL+1)/2
2	BONUS:ABILITYPOOL|Scout Feat|CL/2

# Class Name	Hit Dice	Type			Abbreviation	Source Page		Combat bonus		Bonus
CLASS:Soldier	HD:10		TYPE:Base.PC	ABB:Sld		SOURCEPAGE:p.48	BONUS:COMBAT|BASEAB|classlevel()	BONUS:SAVE|BASE.Reflex|1|TYPE=Class	BONUS:SAVE|BASE.Fortitude|2|TYPE=Class
# Class Name	Skill Pts/Lvl	Add INT to Skill Points?	Class Skill
CLASS:Soldier	STARTSKILLPTS:0	MODTOSKILLS:NO			CSKILL:Climb|Endurance|Initiative|Jump|Knowledge (Tactics)|Mechanics|Perception|Pilot|Swim|Treat Injury|Use Computer
###Block:
1	BONUS:VAR|HeroicLVL|CL	ABILITY:Internal|AUTOMATIC|Heroic PC Tracker
###Block:
1:REPEATLEVEL:1	DONOTADD:SKILLPOINTS
###Block:
1	BONUS:ABILITYPOOL|Soldier Talent|(CL+1)/2
2	BONUS:ABILITYPOOL|Soldier Feat|CL/2

# Class Name	Hit Dice	Type			Abbreviation	Max Level	Source Page		Combat bonus								Modify VAR									Bonus
CLASS:Ace Pilot	HD:8		TYPE:Prestige.PC	ABB:AP		MAXLEVEL:10	SOURCEPAGE:p.206	BONUS:COMBAT|BASEAB|classlevel()*3/4|PREVAREQ:UseFractionalBAB,0	BONUS:VAR|ClassBABModerate|CL|PREVAREQ:UseFractionalBAB,1	BONUS:SAVE|Reflex|4|TYPE=Class	BONUS:SAVE|Fortitude|2|TYPE=Class
# Class Name	Required Feat							Required Non-Monster Lvl
CLASS:Ace Pilot	PREABILITY:2,CATEGORY=FEAT,Skill Training (Endurance),Vehicular Combat	PREPCLEVEL:MIN=7
# Class Name	Skill Pts/Lvl	Add INT to Skill Points?
CLASS:Ace Pilot	STARTSKILLPTS:0	MODTOSKILLS:NO
###Block:
1:REPEATLEVEL:1	DONOTADD:SKILLPOINTS
###Block:
1	BONUS:VAR|ForcePoints|6+(TL/2)|TYPE=Class
1	BONUS:VAR|HeroicLVL|CL
2	BONUS:VAR|VehicleDodgeBonus|CL/2
###Block:
1	BONUS:ABILITYPOOL|Ace Pilot Talent|(CL+1)/2
###Block:
1	ABILITY:Special Ability|AUTOMATIC|Force Points
2	ABILITY:Special Ability|AUTOMATIC|Vehicle Dodge

# Class Name		Hit Dice	Type			Abbreviation	Max Level	Combat bonus		Bonus
CLASS:Bounty Hunter	HD:10		TYPE:Prestige.PC	ABB:BH		MAXLEVEL:10	BONUS:COMBAT|BASEAB|classlevel()	BONUS:SAVE|Reflex|4|TYPE=Class	BONUS:SAVE|Fortitude|2|TYPE=Class
# Class Name		Required Ability						Required Feat				Required Non-Monster Lvl
CLASS:Bounty Hunter	PREABILITY:2,CATEGORY=Talent,TYPE.Awareness	PREABILITY:1,CATEGORY=FEAT,Skill Training (Survival)	PREPCLEVEL:MIN=7
# Class Name		Skill Pts/Lvl	Add INT to Skill Points?
CLASS:Bounty Hunter	STARTSKILLPTS:0	MODTOSKILLS:NO
###Block:
1:REPEATLEVEL:1	DONOTADD:SKILLPOINTS
###Block:
1	BONUS:VAR|ForcePoints|6+(TL/2)|TYPE=Class
1	BONUS:VAR|HeroicLVL|CL
2	BONUS:VAR|FamiliarFoeBonus|CL/2
###Block:
1	BONUS:ABILITYPOOL|Bounty Hunter Talent|(CL+1)/2
###Block:
1	ABILITY:Special Ability|AUTOMATIC|Force Points
2	ABILITY:Special Ability|AUTOMATIC|Familiar Foe

# Class Name	Hit Dice	Type			Abbreviation	Max Level	Combat bonus		Bonus
CLASS:Crime Lord	HD:8		TYPE:Prestige.PC	ABB:CL		MAXLEVEL:10	BONUS:COMBAT|BASEAB|classlevel()	BONUS:SAVE|Reflex|2|TYPE=Class	BONUS:SAVE|Will|4|TYPE=Class
# Class Name	Required Ability													Required Feat									Required Non-Monster Lvl
CLASS:Crime Lord	PREABILITY:1,CATEGORY=Talent,TYPE.FortuneTalent,TYPE.LineageTalent,TYPE.MisfortuneTalent	PREABILITY:2,CATEGORY=FEAT,Skill Training (Deception),Skill Training (Persuasion)	PREPCLEVEL:MIN=7
# Class Name	Skill Pts/Lvl	Add INT to Skill Points?
CLASS:Crime Lord	STARTSKILLPTS:0	MODTOSKILLS:NO
###Block:
1:REPEATLEVEL:1	DONOTADD:SKILLPOINTS
###Block:
1	BONUS:VAR|ForcePoints|6+(TL/2)|TYPE=Class
1	BONUS:VAR|HeroicLVL|CL
###Block:
1	BONUS:ABILITYPOOL|Crime Lord Talent|CL
###Block:
1	ABILITY:Special Ability|AUTOMATIC|Force Points
2	ABILITY:Special Ability|AUTOMATIC|Command Cover

# Class Name		Hit Dice	Type			Abbreviation	Max Level	Source Page		Combat bonus		Bonus
CLASS:Elite Trooper	HD:12		TYPE:Prestige.PC	ABB:ET		MAXLEVEL:10	SOURCEPAGE:p.211	BONUS:COMBAT|BASEAB|classlevel()	BONUS:SAVE|Reflex|2|TYPE=Class	BONUS:SAVE|Fortitude|4|TYPE=Class
# Class Name		Required Ability																																			PRETOTALAB
CLASS:Elite Trooper	PREABILITY:1,CATEGORY=Talent,TYPE.ArmorSpecialistTalent,TYPE.CommandoTalent,TYPE.WeaponSpecialistTalent	PREABILITY:4,CATEGORY=FEAT,Armor Proficiency (Light),Armor Proficiency (Medium),Martial Arts I,Point Blank Shot	PRETOTALAB:7
# Class Name		Skill Pts/Lvl	Add INT to Skill Points?
CLASS:Elite Trooper	STARTSKILLPTS:0	MODTOSKILLS:NO
###Block:
1:REPEATLEVEL:1	DONOTADD:SKILLPOINTS
###Block:
1	BONUS:VAR|ForcePoints|6+(TL/2)|TYPE=Class
1	BONUS:VAR|HeroicLVL|CL
2	BONUS:VAR|DamageReductionBonus|CL/2
###Block:
1	BONUS:ABILITYPOOL|Elite Trooper Talent|(CL+1)/2
###Block:
1	ABILITY:Special Ability|AUTOMATIC|Delay Damage ~ Elite Trooper|Force Points
2	ABILITY:Special Ability|AUTOMATIC|Damage Reduction

# Class Name	Hit Dice	Type			Abbreviation	Max Level	Combat bonus								Modify VAR									Bonus
CLASS:Force Adept	HD:8		TYPE:Prestige.PC	ABB:FA		MAXLEVEL:10	BONUS:COMBAT|BASEAB|classlevel()*3/4|PREVAREQ:UseFractionalBAB,0	BONUS:VAR|ClassBABModerate|CL|PREVAREQ:UseFractionalBAB,1	BONUS:SAVE|Will|4|TYPE=Class	BONUS:SAVE|Reflex,Fortitude|2|TYPE=Class
# Class Name	Required Ability						Required Feat								Required Non-Monster Lvl
CLASS:Force Adept	PREABILITY:3,CATEGORY=Talent,TYPE.ForceTalents	PREABILITY:1,CATEGORY=FEAT,Force Sensitivity,Skill Training (Use the Force)	PREPCLEVEL:MIN=7
# Class Name	Skill Pts/Lvl	Add INT to Skill Points?
CLASS:Force Adept	STARTSKILLPTS:0	MODTOSKILLS:NO
###Block:
1:REPEATLEVEL:1	DONOTADD:SKILLPOINTS
###Block:
1	BONUS:VAR|ForcePoints|6+(TL/2)|TYPE=Class
1	BONUS:VAR|HeroicLVL|CL
###Block:
1	BONUS:ABILITYPOOL|Force Adept Talent|(CL+1)/2
2	BONUS:ABILITYPOOL|Force Techniques|CL/2
###Block:
1	ABILITY:Special Ability|AUTOMATIC|Force Points

# Class Name		Hit Dice	Type			Abbreviation	Max Level	Combat bonus								Modify VAR									Bonus
CLASS:Force Disciple	HD:8		TYPE:Prestige.PC	ABB:FD		MAXLEVEL:10	BONUS:COMBAT|BASEAB|classlevel()*3/4|PREVAREQ:UseFractionalBAB,0	BONUS:VAR|ClassBABModerate|CL|PREVAREQ:UseFractionalBAB,1	BONUS:SAVE|Will|6|TYPE=Class	BONUS:SAVE|Reflex,Fortitude|3|TYPE=Class
# Class Name		Required Ability																							Required Feat								Required Non-Monster Lvl
CLASS:Force Disciple	PREABILITY:1,CATEGORY=Talent,Farseeing	PREABILITY:2,CATEGORY=Talent,TYPE.DarkSideDevoteeTalent,TYPE.ForceAdeptTalent,TYPE.ForceItemTalent	PREABILITY:1,CATEGORY=FEAT,Force Sensitivity,Skill Training (Use the Force)	PREPCLEVEL:MIN=12
# Class Name		Skill Pts/Lvl	Add INT to Skill Points?
CLASS:Force Disciple	STARTSKILLPTS:0	MODTOSKILLS:NO
###Block:
1:REPEATLEVEL:1	DONOTADD:SKILLPOINTS
###Block:
1	BONUS:VAR|ForcePoints|7+(TL/2)|TYPE=Class
1	BONUS:VAR|HeroicLVL|CL
###Block:
1	ABILITY:Special Ability|AUTOMATIC|Force Points|Indomitable
###Block:
1	BONUS:ABILITYPOOL|Force Disciple Talent|(CL+1)/2
2	BONUS:ABILITYPOOL|Force Secrets|CL/2

# Class Name	Hit Dice	Type			Abbreviation	Max Level	Combat bonus		Bonus
CLASS:Gunslinger	HD:8		TYPE:Prestige.PC	ABB:GS		MAXLEVEL:10	BONUS:COMBAT|BASEAB|classlevel()	BONUS:SAVE|Reflex|4|TYPE=Class	BONUS:SAVE|Will|2|TYPE=Class
# Class Name	Required Ability														Required Non-Monster Lvl
CLASS:Gunslinger	PREABILITY:4,CATEGORY=FEAT,Point Blank Shot,Precise Shot,Quick Draw,Pistols Weapon Proficiency	PREPCLEVEL:MIN=7
# Class Name	Skill Pts/Lvl	Add INT to Skill Points?
CLASS:Gunslinger	STARTSKILLPTS:0	MODTOSKILLS:NO
###Block:
1:REPEATLEVEL:1	DONOTADD:SKILLPOINTS
###Block:
1	BONUS:VAR|ForcePoints|6+(TL/2)|TYPE=Class
1	BONUS:VAR|HeroicLVL|CL
2	BONUS:VAR|TrustySidearmDamage|CL/2
###Block:
1	BONUS:ABILITYPOOL|Gunslinger Talent|(CL+1)/2
###Block:
1	ABILITY:Special Ability|AUTOMATIC|Force Points
2	ABILITY:Special Ability|AUTOMATIC|Trusty Sidearm

# Class Name	Hit Dice	Type			Abbreviation	Combat bonus		Bonus
CLASS:Jedi Knight	HD:10		TYPE:Prestige.PC	ABB:JK		BONUS:COMBAT|BASEAB|classlevel()	BONUS:SAVE|ALL|2|TYPE=Class
# Class Name	Required Feat													Required Text										PRETOTALAB
CLASS:Jedi Knight	PREABILITY:3,CATEGORY=FEAT,Force Sensitivity,Lightsabers Weapon Proficiency,Skill Training (Use the Force)	PRETEXT:Jedi Tradition	PRETEXT:Must have built your own lightsaber	PRETOTALAB:7	PREABILITY:1,CATEGORY=Special Ability,Force-Using Tradition ~ Jedi
# Class Name	Skill Pts/Lvl	Add INT to Skill Points?
CLASS:Jedi Knight	STARTSKILLPTS:0	MODTOSKILLS:NO
###Block:
1:REPEATLEVEL:1	DONOTADD:SKILLPOINTS
###Block:
1	BONUS:VAR|ForcePoints|6+(TL/2)|TYPE=Class
1	BONUS:VAR|HeroicLVL|CL
###Block:
1	BONUS:ABILITYPOOL|Jedi Knight Talent|(CL+1)/2
2	BONUS:ABILITYPOOL|Force Techniques|CL/2
###Block:
1	ABILITY:Special Ability|AUTOMATIC|Force Points

# Class Name	Hit Dice	Type			Abbreviation	Max Level	Combat bonus		Bonus
CLASS:Jedi Master	HD:10		TYPE:Prestige.PC	ABB:JM		MAXLEVEL:5	BONUS:COMBAT|BASEAB|classlevel()	BONUS:SAVE|ALL|3|TYPE=Class
# Class Name	Required Ability								Required Feat					Required Non-Monster Lvl	Required Text
CLASS:Jedi Master	PREABILITY:1,CATEGORY=Talent,TYPE.ForceTechnique	PREABILITY:1,CATEGORY=FEAT,Skill Training (Use the Force)	PREPCLEVEL:MIN=12			PRETEXT:Jedi Tradition	PREABILITY:1,CATEGORY=Special Ability,Force-Using Tradition ~ Jedi
# Class Name	Skill Pts/Lvl	Add INT to Skill Points?
CLASS:Jedi Master	STARTSKILLPTS:0	MODTOSKILLS:NO
###Block:
1:REPEATLEVEL:1	DONOTADD:SKILLPOINTS
###Block:
1	BONUS:VAR|ForcePoints|7+(TL/2)|TYPE=Class
1	BONUS:VAR|HeroicLVL|CL
###Block:
1	ABILITY:Special Ability|AUTOMATIC|Fearless|Force Points|Serenity
###Block:
1	BONUS:ABILITYPOOL|Jedi Master Talent|(CL+1)/2
2	BONUS:ABILITYPOOL|Force Secrets|CL-1

# Class Name	Hit Dice	Type			Abbreviation	Max Level	Combat bonus		Bonus
CLASS:Officer	HD:8		TYPE:Prestige.PC	ABB:OFF		MAXLEVEL:10	BONUS:COMBAT|BASEAB|classlevel()	BONUS:SAVE|Reflex|2|TYPE=Class	BONUS:SAVE|Will|4|TYPE=Class
# Class Name	Required Ability										Required Feat						Required Non-Monster Lvl	Required Text
CLASS:Officer	PREABILITY:1,CATEGORY=Talent,TYPE.LeadershipTalent,TYPE.CommandoTalent	PREABILITY:1,CATEGORY=FEAT,Skill Training (Knowledge (Tactics))	PREPCLEVEL:MIN=7			PRETEXT:Must belong to an organization with a military or paramilitaty division
# Class Name	Skill Pts/Lvl	Add INT to Skill Points?
CLASS:Officer	STARTSKILLPTS:0	MODTOSKILLS:NO
###Block:
1:REPEATLEVEL:1	DONOTADD:SKILLPOINTS
###Block:
1	BONUS:VAR|ForcePoints|6+(TL/2)|TYPE=Class
2	BONUS:VAR|ShareTalentCount|CL/2
1	BONUS:VAR|HeroicLVL|CL
###Block:
1	ABILITY:Special Ability|AUTOMATIC|Force Points
2	ABILITY:Special Ability|AUTOMATIC|Command Cover|Share Talent ~ Officer
###Block:
1	BONUS:ABILITYPOOL|Officer Talent|(CL+1)/2

# Class Name		Hit Dice	Type			Abbreviation	Max Level	Combat bonus		Bonus
CLASS:Sith Apprentice	HD:10		TYPE:Prestige.PC	ABB:SA		MAXLEVEL:10	BONUS:COMBAT|BASEAB|classlevel()	BONUS:SAVE|ALL|2|TYPE=Class
# Class Name		Required Feat					Required Non-Monster Lvl	Required Text
CLASS:Sith Apprentice	PREABILITY:1,CATEGORY=FEAT,Skill Training (Use the Force)	PREPCLEVEL:MIN=7			PRETEXT:Sith Tradition	PRETEXT:Dark Side Score must be equal to your Wisdom Score	PREABILITY:1,CATEGORY=Special Ability,Force-Using Tradition ~ Sith
# Class Name		Skill Pts/Lvl	Add INT to Skill Points?
CLASS:Sith Apprentice	STARTSKILLPTS:0	MODTOSKILLS:NO
###Block:
1:REPEATLEVEL:1	DONOTADD:SKILLPOINTS
###Block:
1	BONUS:VAR|ForcePoints|6+(TL/2)|TYPE=Class
1	BONUS:VAR|HeroicLVL|CL
###Block:
1	BONUS:ABILITYPOOL|Sith Apprentice Talent|(CL+1)/2
2	BONUS:ABILITYPOOL|Force Techniques|CL/2
###Block:
1	ABILITY:Special Ability|AUTOMATIC|Force Points

# Class Name	Hit Dice	Type			Abbreviation	Max Level	Combat bonus		Bonus
CLASS:Sith Lord	HD:10		TYPE:Prestige.PC	ABB:SL		MAXLEVEL:5	BONUS:COMBAT|BASEAB|classlevel()	BONUS:SAVE|ALL|3|TYPE=Class
# Class Name	Required Feat													Required Non-Monster Lvl	Required Template			Required Text
CLASS:Sith Lord	PREABILITY:3,CATEGORY=FEAT,Force Sensitivity,Lightsabers Weapon Proficiency,Skill Training (Use the Force)	PREPCLEVEL:MIN=12			PRETEMPLATE:1,Sith Tradition	PRETEXT:Dark Side Score must equal Wisdom Score	PREABILITY:1,CATEGORY=Special Ability,Force-Using Tradition ~ Sith
# Class Name	Skill Pts/Lvl	Add INT to Skill Points?
CLASS:Sith Lord	STARTSKILLPTS:0	MODTOSKILLS:NO
###Block:
1:REPEATLEVEL:1	DONOTADD:SKILLPOINTS
###Block:
1	BONUS:VAR|ForcePoints|7+(TL/2)|TYPE=Class
1	BONUS:VAR|HeroicLVL|CL
###Block:
1	ABILITY:Special Ability|AUTOMATIC|Fearless|Force Points|Temptation
###Block:
1	BONUS:ABILITYPOOL|Sith Lord Talent|(CL+1)/2
2	BONUS:ABILITYPOOL|Force Secrets|CL-1

# Class Name	Hit Dice	Type		Abbreviation	Combat bonus								Modify VAR
CLASS:Beast		HD:8		TYPE:Beast	ABB:Bst		BONUS:COMBAT|BASEAB|classlevel()*3/4|PREVAREQ:UseFractionalBAB,0	BONUS:VAR|ClassBABModerate|CL|PREVAREQ:UseFractionalBAB,1
# Class Name	Skill Pts/Lvl	Add INT to Skill Points?	Class Skill
CLASS:Beast		STARTSKILLPTS:0	MODTOSKILLS:NO			CSKILL:Acrobatics|Climb|Endurance|Initiative|Jump|Perception|Stealth|Survival|Swim
###Block:
1:REPEATLEVEL:1	DONOTADD:SKILLPOINTS

# Class Name			Hit Dice	Type		Abbreviation	Max Level	Combat bonus								Modify VAR
CLASS:Nonheroic Character	HD:4		TYPE:NPC	ABB:NHC		MAXLEVEL:5	BONUS:COMBAT|BASEAB|classlevel()*3/4|PREVAREQ:UseFractionalBAB,0	BONUS:VAR|ClassBABModerate|CL|PREVAREQ:UseFractionalBAB,1
# Class Name			Skill Pts/Lvl	Add INT to Skill Points?	Class Skill
CLASS:Nonheroic Character	STARTSKILLPTS:0	MODTOSKILLS:NO			CSKILL:Acrobatics|Climb|Deception|Endurance|Gather Information|Initiative|Jump|TYPE=Knowledge|Mechanics|Perception|Persuasion|Pilot|Stealth|Survival|Swim|Treat Injury|Use Computer
###Block:
1:REPEATLEVEL:1	DONOTADD:SKILLPOINTS
###BLock:
1	BONUS:ABILITYPOOL|Nonheroic Feat|3
