# CVS $Revision: $ $Author: $ -- Thu Jul  4 11:45:43 2013 -- reformated by prettylst.pl v1.50 (build 20400)

# Size Templates
Fine		SIZE:F	VISIBLE:NO
Diminutive	SIZE:D	VISIBLE:NO
Tiny		SIZE:T	VISIBLE:NO
Small		SIZE:S	VISIBLE:NO
Medium	SIZE:M	VISIBLE:NO
Large		SIZE:L	VISIBLE:NO
Huge		SIZE:H	VISIBLE:NO
Gargantuan	SIZE:G	VISIBLE:NO
Colossal	SIZE:C	VISIBLE:NO

###Block:
# Template Name			Visible	Template
First Level Class Choice	VISIBLE:NO	TEMPLATE:CHOOSE:First Level ~ Jedi|First Level ~ Noble|First Level ~ Scoundrel|First Level ~ Scout|First Level ~ Soldier

###Block: 1st level selection - To prevent class dipping they set up things to be only gained at 1st PC level.
# Template Name		Visible	Required Class
First Level ~ Jedi	VISIBLE:NO	PRECLASS:1,Jedi=0		ABILITY:Internal|AUTOMATIC|First Class Level ~ Jedi
First Level ~ Noble	VISIBLE:NO	PRECLASS:1,Noble=0	ABILITY:Internal|AUTOMATIC|First Class Level ~ Noble
First Level ~ Scoundrel	VISIBLE:NO	PRECLASS:1,Scoundrel=0	ABILITY:Internal|AUTOMATIC|First Class Level ~ Scoundrel
First Level ~ Scout	VISIBLE:NO	PRECLASS:1,Scout=0	ABILITY:Internal|AUTOMATIC|First Class Level ~ Scout
First Level ~ Soldier	VISIBLE:NO	PRECLASS:1,Soldier=0	ABILITY:Internal|AUTOMATIC|First Class Level ~ Soldier

###Block: Droid Degrees
# Template Name	Visible	Subrace	Race Subtype
1st-Degree		VISIBLE:NO	SUBRACE:YES	RACESUBTYPE:1st-Degree
2nd-Degree		VISIBLE:NO	SUBRACE:YES	RACESUBTYPE:2nd-Degree
3rd-Degree		VISIBLE:NO	SUBRACE:YES	RACESUBTYPE:3rd-Degree
4th-Degree		VISIBLE:NO	SUBRACE:YES	RACESUBTYPE:4th-Degree
5th-Degree		VISIBLE:NO	SUBRACE:YES	RACESUBTYPE:5th-Degree

###Block: Method to control Traditions? Is this the best method?
# Template Name		Visible	Required Gender
Jedi Tradition		VISIBLE:YES
Sith Tradition		VISIBLE:YES
Jensaarai Defender	VISIBLE:YES
Dathomiri Witch		VISIBLE:YES	PREGENDER:Female

#
##EOF
#
