

Knight of the Gods			ALIGN:LG
Holy Mother					ALIGN:LG
Speaker of the Word			ALIGN:LG
The True					ALIGN:LG
The Eternal Lantern			ALIGN:NG
The Raiser					ALIGN:NG
The Peacemaker				ALIGN:NG
The Pure One				ALIGN:NG
Lord of the Silver Linings		ALIGN:NG
The Traveler				ALIGN:NG
The Guardian				ALIGN:CG
Raconteur					ALIGN:CG
The Shimmering One			ALIGN:CG
The Great Huntress			ALIGN:CG
The Coddler					ALIGN:CG
The Founder					ALIGN:LN
The Mule					ALIGN:LN
PowerMaster					ALIGN:LN
The Old Man					ALIGN:LN
Eye Opener					ALIGN:LN
Mother of the Elements			ALIGN:TN
The Riftmaster				ALIGN:TN
The Bear					ALIGN:TN
The Landlord				ALIGN:TN
Fate Scribe					ALIGN:TN
Battle Rager				ALIGN:CN
The Watcher					ALIGN:CN
The Storm Lord				ALIGN:CN
Risk						ALIGN:CN
The Laughter				ALIGN:CN
The Corruptor				ALIGN:LE
The Overlord				ALIGN:LE
The Darkone					ALIGN:LE
The Flaymaster				ALIGN:LE
Harvester of Soul				ALIGN:NE
Locust Lord					ALIGN:NE
Emperor of Scorn				ALIGN:NE
The Seller of Souls			ALIGN:NE
Rotlord					ALIGN:CE
The Confuser of Ways			ALIGN:CE
Prince of Terror				ALIGN:CE
Creator of Strife				ALIGN:CE
The Vicelord				ALIGN:CE




