# CVS $Revision: $ $Author: $ -- Sun Aug 17 15:41:15 2014 -- reformated by prettylst.pl v1.51 (build 24906)





# Template Name	Unique Key			Visible	Favored Class		Auto Language			Bonus Languages								Subrace
Gold Dwarf		KEY:Dwarf ~ Gold		VISIBLE:NO	FAVOREDCLASS:Fighter	AUTO:LANG|Dwarven|Common	LANGBONUS:Giant,Gnome,Goblin,Shaaran,Terran,Untheric		SUBRACE:Gold


Half-Orc		KEY:Half-Orc ~ Faerun	VISIBLE:NO	FAVOREDCLASS:Barbarian	AUTO:LANG|Common|Orc		LANGBONUS:Damaran,Giant,Gnoll,Goblin,Illuskan,Undercommon

###Block: Creature Subtypes
# Template Name		Visible	Source Page		Level											Required AL		Required Race			Combat bonus																		Misc bonus					Add to base move			Bonus to skill													Stat bonus			Modify VAR						Favored Class		Ability																																																														Spell Res.	Vision		Lock Gender Selection	Innate Spells								Bonus
Dracolich			VISIBLE:YES	SOURCEPAGE:p.												PREALIGN:LE,NE,CE	PRERACE:1,RACETYPE=Dragon																					BONUS:MISC|SR|3	BONUS:MISC|CR|3																					BONUS:STAT|CHA|2		BONUS:VAR|ParalyzingGazeDC|10+(HD/2)+CHA					ABILITY:Special Ability|AUTOMATIC|Control Undead (Sp)	ABILITY:Special Ability|AUTOMATIC|Paralyzing Gaze	ABILITY:Special Ability|AUTOMATIC|Paralyzing Touch	ABILITY:Special Ability|AUTOMATIC|Immunity To Polymorph	ABILITY:Special Ability|AUTOMATIC|Immunity To Cold	ABILITY:Special Ability|AUTOMATIC|Immunity To Electricity	ABILITY:Special Ability|AUTOMATIC|Gaze
Shade (in darkness)	VISIBLE:YES				LEVEL:8:ABILITY:Special Ability|AUTOMATIC|Shadow Stride (Sp)	PREALIGN:LE,NE,CE	PRERACE:1,RACESUBTYPE=Shade	BONUS:COMBAT|AC|4|TYPE=Deflection	BONUS:COMBAT|TOHIT|2|TYPE=Competence	BONUS:COMBAT|DAMAGE|2|TYPE=Competence	BONUS:MISC|CR|2				BONUS:MOVEADD|TYPE.Walk|20	BONUS:SKILL|Listen,Spot|4|TYPE=Racial	BONUS:SKILL|Hide,Move Silently|8|TYPE=Racial	BONUS:STAT|CON,CHA|4	BONUS:VAR|FastHealing|2								ABILITY:Special Ability|AUTOMATIC|Control Light (Sp)	ABILITY:Special Ability|AUTOMATIC|Shadow Image (Sp)	ABILITY:Special Ability|AUTOMATIC|Shadow Travel (Sp)	ABILITY:Special Ability|AUTOMATIC|Fast Healing																													SR:11+HD	VISION:Shadesight					SPELLS:Innate|TIMES=ATWILL|CASTERLEVEL=HD|Invisibility	BONUS:SAVE|Fortitude,Reflex,Will|4|TYPE=Luck
Half-Drow	KEY:Half-Drow	VISIBLE:NO	RACESUBTYPE:Elf|Human|Drow	TEMPLATE:Half-Elf	SUBRACE:Drow	LANGBONUS:Drow Sign Language	ABILITY:Internal|AUTOMATIC|Language ~ Auto (Elf)|!PREABILITY:1,CATEGORY=Internal,TYPE.AutoLangReplace	ABILITY:Internal|AUTOMATIC|Language ~ Bonus (Elf)|!PREABILITY:1,CATEGORY=Internal,TYPE.BonusLangReplace
Drow FR Male		VISIBLE:NO	SOURCEPAGE:p.															PRERACE:1,RACESUBTYPE=Drow																																																										FAVOREDCLASS:Wizard																																																																					GENDERLOCK:Male
Drow FR Female		VISIBLE:NO	SOURCEPAGE:p.															PRERACE:1,RACESUBTYPE=Drow																																																										FAVOREDCLASS:Cleric																																																																					GENDERLOCK:Female

###Block: Creature Subtypes
# Template Name	Visible	Source Page		Ability
Rothe			VISIBLE:NO	SOURCEPAGE:p.	ABILITY:Special Ability|AUTOMATIC|Rothe ~ Stampede	ABILITY:Special Ability|AUTOMATIC|Resistance to Enchantment




###Block: Subrace Support
# Template Name		Unique Key				Visible	Favored Class		Auto Language			Bonus Languages							Subrace
Ghostwise			KEY:Ghostwise Halfling		VISIBLE:NO	FAVOREDCLASS:Barbarian	AUTO:LANG|Common|Halfling	LANGBONUS:Chondathan,Elven,Gnoll,Shaaran,Sylvan		SUBRACE:Ghostwise
Lightfoot Halfling.MOD																	LANGBONUS:Chessentan,Chondathan,Damaran,Illuskan
Strongheart			KEY:Strongheart Halfling	VISIBLE:NO	FAVOREDCLASS:Rogue	AUTO:LANG|Common|Halfling	LANGBONUS:Chondathan,Elven,Gnoll,Shaaran,Sylvan		SUBRACE:Strongheart

################################
# DG Aug 2014 - concept, FRCS has quite different pre-reqs for a lot of feats, but the PG updates the feats to 3.5 and errata's them.
# so, characters that were started with FRCS and were migrated to 3.5/PG need a way to override the pre-reqs, this is a way to do that
# The relative template is added as an alternative PRETEMPLATE to each feat
# This still needs some work to bypass the 'max 1 regional feat' limit that PG imposes (!PREABILITY:1,CATEGORY=FEAT,TYPE.Regional)
# Alternative is to duplicate all feats (major overhead and confuses feat list)
# Alternative is to have the template here grant the feat directly... need to adjust feat pool though
# Actually 'QUALIFY' is designed for this ! :-), however PRECLASSLEVELMAX:Q:1,TYPE.Base=1 seems to be bypassed, despite that Q: ...

FRCS Survivor Feat	DESC:Modifies pre-reqs to allow an FRCS generated character to use the PG rules	PREMULT:1,[PREREGION:Anauroch],[PREREGION:Chondalwood],[PREREGION:Chult],[PREREGION:Damara],[PREREGION:Hordelands],[PREREGION:Moonshaes],[PREREGION:Narfell],[PREREGION:North],[PREREGION:Shaar],[PREREGION:Rashemen],[PREREGION: Silverymoon],[PREREGION:Vaasa],[PREREGION:Vilhon Reach],[PREREGION:Western Heartlands]
# Survivor feat also has racial region prereq options:deep gnome, drow elf, ,lightfoot halfling, ghostwise halfling, shield dwarf, wild elf
FRCS Street Smart Feat	DESC:Modifies pre-reqs to allow an FRCS generated character to use the PG rules	PREMULT:1,[PREREGION:Amn],[PREREGION:Calimshan],[PREREGION:Chessenta],[PREREGION:Moonsea],[PREREGION:Unther]
#FRCS Bloodline of Fire Feat	DESC:Modifies pre-reqs to allow an FRCS generated character to use the PG rules	PREREGION:Calimshan
FRCS Bloodline of Fire Feat	DESC:Modifies pre-reqs to allow an FRCS generated character to use the PG rules	PREREGION:Calimshan	QUALIFY:FEAT|Bloodline of Fire

