# CVS $Revision: $ $Author: $ -- Sun Aug 17 15:41:15 2014 -- reformated by prettylst.pl v1.51 (build 24906)


# Ability Name							Unique Key						Category of Ability		Type													Visible		Description																														Template				Ability																																																																																																												Stat bonus									Modify VAR						Aspects
#Gold Dwarf								KEY:Dwarf ~ Gold					CATEGORY:Internal			TYPE:DwarfSubrace.AltSubraceChoice		COST:0																																											TEMPLATE:Dwarf ~ Gold		ABILITY:Internal|AUTOMATIC|Default Race Traits ~ Dwarf	ABILITY:Dwarf Race Trait|AUTOMATIC|Gold Dwarf ~ Racial Attack Bonus																																																																																								BONUS:STAT|CON|2|TYPE=Racial	BONUS:STAT|DEX|-2|TYPE=Racial

#Shield Dwarf							KEY:Dwarf ~ Shield				CATEGORY:Internal			TYPE:DwarfSubrace.AltSubraceChoice		COST:0																																											TEMPLATE:Shield Dwarf		ABILITY:Internal|AUTOMATIC|Default Race Traits ~ Dwarf																																																																																																				BONUS:STAT|CON|2|TYPE=Racial	BONUS:STAT|CHA|-2|TYPE=Racial


#Sun Elf	KEY:Elf ~ Sun	CATEGORY:Internal		TYPE:ElfSubrace	BONUS:STAT|INT|2|TYPE=Racial	BONUS:STAT|CON|-2|TYPE=Racial

#Half-Drow								KEY:Half-Elf ~ Drow				CATEGORY:Internal			TYPE:HalfElfSubrace.AltSubraceChoice	COST:0																																											TEMPLATE:Half-Drow	ABILITY:Half-Elf Race Trait|AUTOMATIC|Half-Elf ~ Elven Blood|!PREABILITY:1,CATEGORY=Special Ability,TYPE.HalfElfBlood	ABILITY:Half-Elf Race Trait|AUTOMATIC|Half-Elf ~ Darkvision	ABILITY:Half-Elf Race Trait|AUTOMATIC|Half-Elf ~ Racial +1 Skill Bonus|!PREABILITY:1,CATEGORY=Special Ability,TYPE.DisableRacialTraits,TYPE.HalfElfPerception	ABILITY:Half-Elf Race Trait|AUTOMATIC|Half-Elf ~ Racial +2 Skill Bonus|!PREABILITY:1,CATEGORY=Special Ability,TYPE.DisableRacialTraits,TYPE.HalfElfPersuasion	ABILITY:Half-Elf Race Trait|AUTOMATIC|Half-Elf ~ Racial Immunity|!PREABILITY:1,CATEGORY=Special Ability,TYPE.DisableRacialTraits,TYPE.HalfElfImunity
#Half-Orc (Faerun)							KEY:Half-Orc ~ Faerun				CATEGORY:Internal			TYPE:HalfOrcSubrace.AltSubraceChoice	COST:0																																											TEMPLATE:Half-Orc ~ Faerun	ABILITY:Half-Orc Race Trait|AUTOMATIC|Half-Orc ~ Darkvision|!PREABILITY:1,CATEGORY=Special Ability,TYPE.DisableRacialTraits,TYPE.HalofOrcRacialVision	ABILITY:Half-Orc Race Trait|AUTOMATIC|Half-Orc ~ Orc Blood|!PREABILITY:1,CATEGORY=Special Ability,TYPE.DisableRacialTraits,TYPE.HalfOrcBlood


# Dwarf
+1 racial bonus on attack rolls against aberrations	KEY:Gold Dwarf ~ Racial Attack Bonus	CATEGORY:Special Ability	TYPE:Dwarf Race Trait.Gold Dwarf Race Trait.Dwarf Race Trait.DwarfAttackBonus.SpecialQuality				DESC: Gold dwarves are trained in special combat techniques against the many bizarre creatures that live in the Underdark. (This replaces the attack bonus against orcs and goblinoids.)																																																																																																																																				ASPECT:CombatBonus|+1 racial bonus on attack rolls against aberrations

# Half-Elf
#Darkvision								KEY:Half-Elf ~ Darkvision			CATEGORY:Special Ability	TYPE:HalfElf Race Trait										VISIBLE:DISPLAY	DESC:Drow Half-Elf have 60-foot darkvision, but they do not gain any other drow traits.																																																																																																																																												BONUS:VAR|DarkvisionRange|60|TYPE=Base 	BONUS:VAR|HasLowLightVision|-1

###Block:
# Harper Scout
# Ability Name							Unique Key							Output Name										Category of Ability		Type										Visible	Multiple Requirements																		Description																																																																				Template				Ability																																																																																																							Bonus Ability Pool		Stat bonus									Cost		Source Page		List of Class Spells by Level
Weapon and Armor Proficiency					KEY:Harper Scout ~ Weapon and Armor Proficiency												CATEGORY:Special Ability	TYPE:Harper Scout Class Feature.SpecialQuality																																																																																																				ABILITY:Internal|AUTOMATIC|TYPE=WeaponProfSimple|TYPE=ArmorProfLight																																																																																																														SOURCEPAGE:p.46
Harper Knowledge							KEY:Harper Scout ~ Harper Knowledge														CATEGORY:Special Ability	TYPE:Harper Scout Class Feature.SpecialQuality																																																																																																																																																																																																																													SOURCEPAGE:p.46
Favored Enemy							KEY:Harper Scout ~ Favored Enemy														CATEGORY:Special Ability	TYPE:Harper Scout Class Feature.SpecialQuality																																																																																																																																																																																																																													SOURCEPAGE:p.46
Deneir's Eye							KEY:Harper Scout ~ Deneir's Eye														CATEGORY:Special Ability	TYPE:Harper Scout Class Feature.SpecialQuality.Supernatural																																																																																																																																																																																																																											SOURCEPAGE:p.46
Skill Focus								KEY:Harper Scout ~ Skill Focus														CATEGORY:Special Ability	TYPE:Harper Scout Class Feature.SpecialQuality																																																																																																																																																																																																																													SOURCEPAGE:p.46
Tymora's Smile							KEY:Harper Scout ~ Tymora's Smile														CATEGORY:Special Ability	TYPE:Harper Scout Class Feature.SpecialQuality.Supernatural																																																																																																																																																																																																																											SOURCEPAGE:p.46
Llira's Heart							KEY:Harper Scout ~ Llira's Heart														CATEGORY:Special Ability	TYPE:Harper Scout Class Feature.SpecialQuality.Supernatural																																																																																																																																																																																																																											SOURCEPAGE:p.46
Craft Harper Item							KEY:Harper Scout ~ Craft Harper Item													CATEGORY:Special Ability	TYPE:Harper Scout Class Feature.SpecialQuality																																																																																																																																																																																																																													SOURCEPAGE:p.47

#		KEY:xxx ~ 		CATEGORY:Special Ability	TYPE:xxx Class Feature.SpecialQuality	SOURCEPAGE:p.46
#Block: Grants Spells
# Ability Name							Unique Key							Output Name										Category of Ability		Type										Visible	Multiple Requirements																		Description																																																																				Template				Ability																																																																																																							Bonus Ability Pool		Stat bonus									Cost		Source Page		List of Class Spells by Level
Initiate of Nature ~ Druid																								CATEGORY:Internal																																																																																																																																																																																																																																										SPELLLEVEL:CLASS|Druid=3|Mold Touch|Druid=4|Briartangle,Thorn Spray|Druid=5|Fireward,Tree Healing
Initiate of Nature ~ Cleric																								CATEGORY:Internal																																																																																																																																																																																																																																										SPELLLEVEL:CLASS|Cleric=3|Mold Touch|Cleric=4|Briartangle,Thorn Spray|Cleric=5|Fireward,Tree Healing



#Gold	KEY:Dwarf ~ Gold	BONUS:STAT|CON|2|TYPE=Racial	BONUS:STAT|DEX|-2|TYPE=Racial

#+2 Constitution, -2 Dexterity	KEY:Dwarf ~ Gold Dwarf Stat	DESC:Gold dwarves are stout and tough, but not as quick or agile as other races.
#+1 racial bonus on attack rolls against aberrations	KEY:Gold Dwarf ~ Attack Bonus


#Gray	KEY:Dwarf ~ Gray


# Halflings
#Ghostwise								KEY:Halfling ~ Ghostwise															CATEGORY:Internal			TYPE:HalflingSubrace.AltSubraceChoice						PREMULT:1,[PREABILITY:1,CATEGORY=Internal,Halfling ~ Ghostwise],[!PREABILITY:1,CATEGORY=Internal,TYPE.AltSubraceChoice]																																																																							TEMPLATE:Ghostwise Halfling	ABILITY:Halfling Race Trait|AUTOMATIC|Halfling ~ Racial +2 Save Bonus|!PREABILITY:1,CATEGORY=Special Ability,TYPE.DisableRacialTraits,TYPE.HalflingMoraleSaveBonus	ABILITY:Halfling Race Trait|AUTOMATIC|Halfling ~ Speak without Sound|!PREABILITY:1,CATEGORY=Special Ability,TYPE.DisableRacialTraits	ABILITY:Halfling Race Trait|AUTOMATIC|Halfling ~ Racial Attack Bonus|!PREABILITY:1,CATEGORY=Special Ability,TYPE.DisableRacialTraits,TYPE.HalflingAttackBonus	ABILITY:Halfling Race Trait|AUTOMATIC|Halfling ~ Racial Skill Bonus|!PREABILITY:1,CATEGORY=Special Ability,TYPE.DisableRacialTraits,TYPE.HalflingSkillBonus						BONUS:STAT|STR|-2|TYPE=Racial	BONUS:STAT|DEX|2|TYPE=Racial	COST:0	SOURCEPAGE:p.17
#Strongheart								KEY:Halfling ~ Strongheart															CATEGORY:Internal			TYPE:HalflingSubrace.AltSubraceChoice						PREMULT:1,[PREABILITY:1,CATEGORY=Internal,Halflinf ~ Strongheart],[!PREABILITY:1,CATEGORY=Internal,TYPE.AltSubraceChoice]																																																																						TEMPLATE:Strongheart Halfling	ABILITY:Halfling Race Trait|AUTOMATIC|Halfling ~ Racial +2 Save Bonus|!PREABILITY:1,CATEGORY=Special Ability,TYPE.DisableRacialTraits,TYPE.HalflingMoraleSaveBonus	ABILITY:Halfling Race Trait|AUTOMATIC|Strongheart Halfling ~ Bonus Feat|!PREABILITY:1,CATEGORY=Special Ability,TYPE.DisableRacialTraits	ABILITY:Halfling Race Trait|AUTOMATIC|Halfling ~ Racial Attack Bonus|!PREABILITY:1,CATEGORY=Special Ability,TYPE.DisableRacialTraits,TYPE.HalflingAttackBonus	ABILITY:Halfling Race Trait|AUTOMATIC|Halfling ~ Racial Skill Bonus|!PREABILITY:1,CATEGORY=Special Ability,TYPE.DisableRacialTraits,TYPE.HalflingSkillBonus						BONUS:STAT|STR|-2|TYPE=Racial	BONUS:STAT|DEX|2|TYPE=Racial	COST:0	SOURCEPAGE:p.17

# Ghostwise Halfling
#Speak without Sound						KEY:Halfling ~ Speak without Sound														CATEGORY:Special Ability	TYPE:Halfling Race Trait.Race Trait.Supernatural																									DESC:A ghostwise halfling, unlike other halflings can communicate telepathically with any creature within 20 feet, just as if speaking to him or her. The halfling can only speak and listen to one person at a time, and he must share a common language with the person or creature he speaks to telepathically, or the telepathic link fails.																																																																																																																																											SOURCEPAGE:p.17

# Strongheart Halfling
#Bonus Feat								KEY:Strongheart Halfling ~ Bonus Feat													CATEGORY:Special Ability	TYPE:Halfling Race Trait.Race Trait																												DESC:Strongheart halflings gain one extra feat at 1st level, because they have a strong drive to compete and many opportunities to practice their skills.																																																																																																																																																									BONUS:ABILITYPOOL|FEAT|1

# Display new traits
#CATEGORY=Special Ability|Halfling Racial Traits.MOD																																																										DESC:&nl; A ghostwise halfling, unlike other halflings can communicate telepathically with any creature within 20 feet, just as if speaking to him or her. The halfling can only speak and listen to one person at a time, and he must share a common language with the person or creature he speaks to telepathically, or the telepathic link fails.|PREABILITY:1,CATEGORY=Special Ability,Halfling ~ Speak without Sound
#CATEGORY=Special Ability|Halfling Racial Traits.MOD																																																										DESC:&nl; Strongheart halflings gain one extra feat at 1st level, because they have a strong drive to compete and many opportunities to practice their skills.|PREABILITY:1,CATEGORY=Special Ability,Strongheart Halfling ~ Bonus Feat

#Orc Blood								KEY:Orc ~ Orc Blood																CATEGORY:Special Ability	TYPE:SpecialQuality.OrcBlood																													DESC:For all effects related to race, members of this subrace are considered an orc. Half-orcs, for example, are just as vulnerable to special effects that affect orcs as their orc ancestors are, and they can use magic items that are only usable by orcs. (See the Monster Manual for more information about orcs, and the Dungeon Master's Guide for more on magic items.)																																																																																																																																						SOURCEPAGE:p.19


# Placeholders
Tressym ~ Hide Bonus														OUTPUTNAME:+4 bonus to Hide in tall grass or tree in leaf area.	CATEGORY:Special Ability	TYPE:SpecialQuality							VISIBLE:YES																																																																																																																																																																																																																									SOURCEPAGE:FRCS
Stampede								KEY:Rothe ~ Stampede																CATEGORY:Special Ability	TYPE:SpecialQuality							VISIBLE:YES



Control Undead (Sp)																									CATEGORY:Special Ability	TYPE:SpecialQuality
Paralyzing Gaze																										CATEGORY:Special Ability	TYPE:SpecialQuality
Paralyzing Touch																										CATEGORY:Special Ability	TYPE:SpecialQuality
Immunity To Polymorph																									CATEGORY:Special Ability	TYPE:SpecialQuality
#Immunity To Cold																										CATEGORY:Special Ability	TYPE:SpecialQuality
Immunity To Electricity																									CATEGORY:Special Ability	TYPE:SpecialQuality
Gaze																												CATEGORY:Special Ability	TYPE:SpecialQuality
Control Light (Sp)																									CATEGORY:Special Ability	TYPE:SpecialQuality
Shadow Image (Sp)																										CATEGORY:Special Ability	TYPE:SpecialQuality
Shadow Travel (Sp)																									CATEGORY:Special Ability	TYPE:SpecialQuality
Shadow Stride (Sp)																									CATEGORY:Special Ability	TYPE:SpecialQuality
Resistance to Enchantment																								CATEGORY:Special Ability	TYPE:SpecialQuality

