# CVS $Revision: $ $Author: $ -- Sat Jun 13 15:30:20 2015 -- reformated by prettylst.pl v1.39 (build 8180)
SOURCELONG:World of Warcraft	SOURCESHORT:WoW	SOURCEDATE:2006-11

###Block: Racial Levels
CLASS:Ironforge Dwarf	MAXLEVEL:3
CLASS:Ironforge Dwarf	HD:8	TYPE:Monster	SOURCEPAGE:p.35	DEFINE:IronforgeDwarfLVL|0	BONUS:VAR|IronforgeDwarfLVL|CL
CLASS:Ironforge Dwarf	BONUS:COMBAT|BASEAB|classlevel("APPLIEDAS=NONEPIC")*3/4|TYPE=Base.REPLACE|PREVAREQ:UseAlternateBABProgression,0
CLASS:Ironforge Dwarf	BONUS:VAR|ClassBABModerate|classlevel("APPLIEDAS=NONEPIC")|PREVAREQ:UseFractionalBAB,1
CLASS:Ironforge Dwarf	BONUS:SAVE|BASE.Fortitude|classlevel("APPLIEDAS=NONEPIC")/2+2
CLASS:Ironforge Dwarf	BONUS:SAVE|BASE.Reflex|classlevel("APPLIEDAS=NONEPIC")+1/3
CLASS:Ironforge Dwarf	BONUS:SAVE|BASE.Will|classlevel("APPLIEDAS=NONEPIC")/3
CLASS:Ironforge Dwarf	PRETEXT:Dwarf, Ironforge	PRERACE:1,Dwarf	PREABILITY:1,CATEGORY=Internal,Dwarf ~ Ironforge
CLASS:Ironforge Dwarf	STARTSKILLPTS:2	CSKILL:Appraise|Climb|TYPE=Craft|Concentration|Listen|Search|Sense Motive|Spot
###Block
1	ABILITY:Ironforge Dwarf Racial Level|AUTOMATIC|Ironforge Dwarf ~ Level 1
1	ABILITY:Ironforge Dwarf Racial Level|AUTOMATIC|Ironforge Dwarf ~ Level 2
1	ABILITY:Ironforge Dwarf Racial Level|AUTOMATIC|Ironforge Dwarf ~ Level 3

# High Elf
CLASS:High Elf	MAXLEVEL:3
CLASS:High Elf	HD:8	TYPE:Monster	SOURCEPAGE:p.37	DEFINE:HighElfLVL|0	BONUS:VAR|HighElfLVL|CL
CLASS:High Elf	BONUS:COMBAT|BASEAB|classlevel("APPLIEDAS=NONEPIC")*3/4|TYPE=Base.REPLACE|PREVAREQ:UseAlternateBABProgression,0
CLASS:High Elf	BONUS:VAR|ClassBABModerate|classlevel("APPLIEDAS=NONEPIC")|PREVAREQ:UseFractionalBAB,1
CLASS:High Elf	BONUS:SAVE|BASE.Fortitude|classlevel("APPLIEDAS=NONEPIC")/3
CLASS:High Elf	BONUS:SAVE|BASE.Reflex|classlevel("APPLIEDAS=NONEPIC")+1/3
CLASS:High Elf	BONUS:SAVE|BASE.Will|classlevel("APPLIEDAS=NONEPIC")/2+2
CLASS:High Elf	PRETEXT:Elf, High	PRERACE:1,Elf	PREABILITY:1,CATEGORY=Internal,Elf ~ High
CLASS:High Elf	STARTSKILLPTS:2	CSKILL:Concentration|TYPE=Craft|Diplomacy|Knowledge (arcana)|Listen|Sense Motive|Spellcraft|Spot
###Block
1	ABILITY:High Elf Racial Level|AUTOMATIC|High Elf ~ Level 1
2	ABILITY:High Elf Racial Level|AUTOMATIC|High Elf ~ Level 2
3	ABILITY:High Elf Racial Level|AUTOMATIC|High Elf ~ Level 3
# High elf levels stack with an arcane spellcasting class level for purposes of determining caster level for spells. If the high elf has two arcane spellcasting classes, add the racial levels to the higher of the two. This increase in caster level stacks with that provided by the increased caster level ability.

# Night Elf
CLASS:Night Elf	MAXLEVEL:3
CLASS:Night Elf	HD:8	TYPE:Monster	SOURCEPAGE:p.39	DEFINE:NightElfLVL|0	BONUS:VAR|NightElfLVL|CL
CLASS:Night Elf	BONUS:COMBAT|BASEAB|classlevel("APPLIEDAS=NONEPIC")*3/4|TYPE=Base.REPLACE|PREVAREQ:UseAlternateBABProgression,0
CLASS:Night Elf	BONUS:VAR|ClassBABModerate|classlevel("APPLIEDAS=NONEPIC")|PREVAREQ:UseFractionalBAB,1
CLASS:Night Elf	BONUS:SAVE|BASE.Fortitude|classlevel("APPLIEDAS=NONEPIC")/3
CLASS:Night Elf	BONUS:SAVE|BASE.Reflex|classlevel("APPLIEDAS=NONEPIC")+1/3
CLASS:Night Elf	BONUS:SAVE|BASE.Will|classlevel("APPLIEDAS=NONEPIC")/2+2
CLASS:Night Elf	PRETEXT:Elf, Night	PRERACE:1,Elf	PREABILITY:1,CATEGORY=Internal,Elf ~ Night
CLASS:Night Elf	STARTSKILLPTS:2	CSKILL:Climb|Concentration|Handle Animal|Listen|Sense Motive|Spellcraft|Spot|Stealth|Survival
###Block
1	ABILITY:Night Elf Racial Level|AUTOMATIC|Night Elf ~ Level 1
2	ABILITY:Night Elf Racial Level|AUTOMATIC|Night Elf ~ Level 2
3	ABILITY:Night Elf Racial Level|AUTOMATIC|Night Elf ~ Level 3

# Tauren
CLASS:Tauren	MAXLEVEL:3
CLASS:Tauren	HD:10	TYPE:Monster	SOURCEPAGE:p.48	DEFINE:TaurenLVL|0	BONUS:VAR|TaurenLVL|CL
CLASS:Tauren	BONUS:COMBAT|BASEAB|classlevel("APPLIEDAS=NONEPIC")*3/4|TYPE=Base.REPLACE
CLASS:Tauren	BONUS:VAR|ClassBABModerate|classlevel("APPLIEDAS=NONEPIC")|PREVAREQ:UseFractionalBAB,1
CLASS:Tauren	BONUS:SAVE|BASE.Fortitude|classlevel("APPLIEDAS=NONEPIC")/2+2
CLASS:Tauren	BONUS:SAVE|BASE.Reflex|classlevel("APPLIEDAS=NONEPIC")/3
CLASS:Tauren	BONUS:SAVE|BASE.Will|classlevel("APPLIEDAS=NONEPIC")/2+2
CLASS:Tauren	PRETEXT:Tauren	PRERACE:1,Tauren
CLASS:Tauren	STARTSKILLPTS:2	CSKILL:Climb|Concentration|Handle Animal|Listen|Sense Motive|Spellcraft|Spot|Survival
###Block
1	ABILITY:Tauren Racial Level|AUTOMATIC|Tauren ~ Level 1
2	ABILITY:Tauren Racial Level|AUTOMATIC|Tauren ~ Level 2
3	ABILITY:Tauren Racial Level|AUTOMATIC|Tauren ~ Level 3
# Tauren levels stack with a divine spellcasting class level for purposes of determining caster level for spells. If the tauren has two divine spellcasting classes, add the racial levels to the higher of the two.


# Jungle Troll
CLASS:Jungle Troll	MAXLEVEL:3
CLASS:Jungle Troll	HD:8	TYPE:Monster	SOURCEPAGE:p.51	DEFINE:JungleTrollLVL|0	BONUS:VAR|JungleTrollLVL|CL
CLASS:Jungle Troll	BONUS:COMBAT|BASEAB|classlevel("APPLIEDAS=NONEPIC")|TYPE=Base.REPLACE
CLASS:Jungle Troll	BONUS:SAVE|BASE.Fortitude|classlevel("APPLIEDAS=NONEPIC")/2+2
CLASS:Jungle Troll	BONUS:SAVE|BASE.Reflex|classlevel("APPLIEDAS=NONEPIC")/2+2
CLASS:Jungle Troll	BONUS:SAVE|BASE.Will|classlevel("APPLIEDAS=NONEPIC")/3
CLASS:Jungle Troll	PRETEXT:Jungle Troll	PRERACE:1,Troll	PREABILITY:1,CATEGORY=Internal,Troll ~ Jungle
CLASS:Jungle Troll	STARTSKILLPTS:2	CSKILL:Balance|Climb|Jump|Listen|Spot|Stealth|Survival|Swim|Tumble
###Block
1	ABILITY:Jungle Troll Racial Level|AUTOMATIC|Jungle Troll ~ Level 1
2	ABILITY:Jungle Troll Racial Level|AUTOMATIC|Jungle Troll ~ Level 2
3	ABILITY:Jungle Troll Racial Level|AUTOMATIC|Jungle Troll ~ Level 3
# Jungle troll levels stack with a divine spellcasting class level for purposes of determining caster level for spells. If the jungle troll has two divine spellcasting classes, add the racial levels to the higher of the two.

# Forsaken
CLASS:Forsaken	MAXLEVEL:3
CLASS:Forsaken	HD:8	TYPE:Monster	SOURCEPAGE:p.51	DEFINE:ForsakenLVL|0	BONUS:VAR|ForsakenLVL|CL
CLASS:Forsaken	BONUS:COMBAT|BASEAB|classlevel("APPLIEDAS=NONEPIC")|TYPE=Base.REPLACE
CLASS:Forsaken	BONUS:SAVE|BASE.Fortitude|classlevel("APPLIEDAS=NONEPIC")/2+2
CLASS:Forsaken	BONUS:SAVE|BASE.Reflex|classlevel("APPLIEDAS=NONEPIC")/2+2
CLASS:Forsaken	BONUS:SAVE|BASE.Will|classlevel("APPLIEDAS=NONEPIC")/3
CLASS:Forsaken	PRETEXT:Forsaken	PRERACE:1,Troll	PREABILITY:1,CATEGORY=Internal,Troll ~ Jungle
CLASS:Forsaken	STARTSKILLPTS:2	CSKILL:Balance|Climb|Jump|Listen|Spot|Stealth|Survival|Swim|Tumble
###Block
1	ABILITY:Forsaken Racial Level|AUTOMATIC|Forsaken ~ Level 1
2	ABILITY:Forsaken Racial Level|AUTOMATIC|Forsaken ~ Level 2
3	ABILITY:Forsaken Racial Level|AUTOMATIC|Forsaken ~ Level 3



###Block: Base Classes
CLASS:Arcanist	MAXLEVEL:20	FACT:Abb|Arc
CLASS:Arcanist	HD:6	TYPE:Base.PC	SOURCEPAGE:p.56	DEFINE:ArcanistLVL|0	BONUS:VAR|ArcanistLVL|CL
CLASS:Arcanist	BONUS:COMBAT|BASEAB|classlevel("APPLIEDAS=NONEPIC")*1/2|TYPE=Base.REPLACE|PREVAREQ:UseAlternateBABProgression,0
CLASS:Arcanist	BONUS:VAR|ClassBABPoor|classlevel("APPLIEDAS=NONEPIC")|PREVAREQ:UseFractionalBAB,1
CLASS:Arcanist	BONUS:SAVE|BASE.Fortitude|classlevel("APPLIEDAS=NONEPIC")/3
CLASS:Arcanist	BONUS:SAVE|BASE.Reflex|classlevel("APPLIEDAS=NONEPIC")/3
CLASS:Arcanist	BONUS:SAVE|BASE.Will|classlevel("APPLIEDAS=NONEPIC")/2+2
CLASS:Arcanist	STARTSKILLPTS:2	CSKILL:Concentration|TYPE=Craft|Craft (trade skill)|Decipher Script|TYPE=Knowledge|Profession|Speak Language|Spellcraft
CLASS:Arcanist	FACT:SpellType|Arcane	SPELLSTAT:INT	MEMORIZE:YES
CLASS:Arcanist	BONUS:CASTERLEVEL|Arcanist|Caster_Level_Arcanist	DEFINE:Caster_Level_Arcanist|0	BONUS:VAR|Caster_Level_Arcanist|CL+Caster_Level_Bonus	DEFINE:CasterLevelBLArcanist|0	BONUS:VAR|CasterLevelBLArcanist|charbonusto("PCLEVEL","Arcanist")
CLASS:Arcanist	BONUS:VAR|Caster_Level_Highest__Arcane|Caster_Level_Arcanist+CasterLevelBLArcanist|TYPE=Base
SUBCLASS:Mage		CSKILL:Diplomacy|Sense Motive
SUBCLASS:Necromancer	CSKILL:Bluff
SUBCLASSLEVEL:1		ADD:CLASSSKILLS|Disguise,Forgery
SUBCLASS:Warlock		CSKILL:Diplomacy|Intimidate
###Block
1	ABILITY:Class|AUTOMATIC|Arcanist
###Block
1	ABILITY:Arcanist Class Feature|AUTOMATIC|Arcanist ~ Arcane Corruption
1	ABILITY:Arcanist Class Feature|AUTOMATIC|Arcanist ~ Arcane Path
1	ABILITY:Arcanist Class Feature|AUTOMATIC|Arcanist ~ Scribe Scroll
1	ABILITY:Arcanist Class Feature|AUTOMATIC|Arcanist ~ Bonus Feat
###Block:
1	CAST:3,1
2	CAST:4,2
3	CAST:4,2,1
4	CAST:4,3,2
5	CAST:4,3,2,1
6	CAST:4,3,3,2
7	CAST:4,4,3,2,1
8	CAST:4,4,3,3,2
9	CAST:4,4,4,3,2,1
10	CAST:4,4,4,3,3,2
11	CAST:4,4,4,4,3,2,1
12	CAST:4,4,4,4,3,3,2
13	CAST:4,4,4,4,4,3,2,1
14	CAST:4,4,4,4,4,3,3,2
15	CAST:4,4,4,4,4,4,3,2,1
16	CAST:4,4,4,4,4,4,3,3,2
17	CAST:4,4,4,4,4,4,4,3,2,1
18	CAST:4,4,4,4,4,4,4,3,3,2
19	CAST:4,4,4,4,4,4,4,4,3,3
20	CAST:4,4,4,4,4,4,4,4,4,4


CLASS:Barbarian	FACT:Abb|Brb
CLASS:Barbarian	MAXLEVEL:20
CLASS:Barbarian	HD:12	TYPE:Base.PC	SOURCEPAGE:p.62	DEFINE:BarbarianLVL|0	BONUS:VAR|BarbarianLVL|CL
CLASS:Barbarian	BONUS:COMBAT|BASEAB|classlevel("APPLIEDAS=NONEPIC")|TYPE=Base.REPLACE|PREVAREQ:UseAlternateBABProgression,0
CLASS:Barbarian	BONUS:SAVE|BASE.Fortitude|classlevel("APPLIEDAS=NONEPIC")/2+2
CLASS:Barbarian	BONUS:SAVE|BASE.Reflex|classlevel("APPLIEDAS=NONEPIC")/3
CLASS:Barbarian	BONUS:SAVE|BASE.Will|classlevel("APPLIEDAS=NONEPIC")/3
CLASS:Barbarian	STARTSKILLPTS:4	CSKILL:Climb|TYPE=Craft|Craft (trade skill)|Handle Animal|Intimidate|Jump|Listen|Ride|Survival|Swim
###Block:
1	ABILITY:Class|AUTOMATIC|Barbarian
###Block
1	ABILITY:Barbarian Class Feature|AUTOMATIC|Barbarian ~ Weapon and Armor Proficiency
1	ABILITY:Barbarian Class Feature|AUTOMATIC|Barbarian ~ Fast Movement
1	ABILITY:Barbarian Class Feature|AUTOMATIC|Barbarian ~ Illiteracy
1	ABILITY:Barbarian Class Feature|AUTOMATIC|Barbarian ~ Rage
2	ABILITY:Barbarian Class Feature|AUTOMATIC|Barbarian ~ Uncanny Dodge
3	ABILITY:Barbarian Class Feature|AUTOMATIC|Barbarian ~ Trap Sense
5	ABILITY:Barbarian Class Feature|AUTOMATIC|Barbarian ~ Improved Uncanny Dodge
7	ABILITY:Barbarian Class Feature|AUTOMATIC|Barbarian ~ Damage Reduction
11	ABILITY:Barbarian Class Feature|AUTOMATIC|Barbarian ~ Greater Rage
14	ABILITY:Barbarian Class Feature|AUTOMATIC|Barbarian ~ Indomitable Will
17	ABILITY:Barbarian Class Feature|AUTOMATIC|Barbarian ~ Tireless Rage
20	ABILITY:Barbarian Class Feature|AUTOMATIC|Barbarian ~ Mighty Rage

CLASS:Healer	FACT:Abb|Hlr
CLASS:Healer	MAXLEVEL:20	BONUS:DOMAIN|NUMBER|HealerDomainCount
CLASS:Healer	HD:8	TYPE:Base.PC	SOURCEPAGE:p.65	DEFINE:HealerLVL|0	BONUS:VAR|HealerLVL|CL
CLASS:Healer	BONUS:COMBAT|BASEAB|classlevel("APPLIEDAS=NONEPIC")*3/4|TYPE=Base.REPLACE|PREVAREQ:UseAlternateBABProgression,0
CLASS:Healer	BONUS:VAR|ClassBABModerate|classlevel("APPLIEDAS=NONEPIC")|PREVAREQ:UseFractionalBAB,1
CLASS:Healer	BONUS:SAVE|BASE.Fortitude|classlevel("APPLIEDAS=NONEPIC")/2+2
CLASS:Healer	BONUS:SAVE|BASE.Reflex|classlevel("APPLIEDAS=NONEPIC")/3
CLASS:Healer	BONUS:SAVE|BASE.Will|classlevel("APPLIEDAS=NONEPIC")/2+2
CLASS:Healer	STARTSKILLPTS:4	CSKILL:Bluff|Concentration|TYPE=Craft|Craft (trade skill)|Diplomacy|Heal|Knowledge (arcana)|Knowledge (religion)|Knowledge (the planes)|Listen|TYPE=Profession|Speak Language|Spellcraft
CLASS:Healer	FACT:SpellType|DIVINE	SPELLSTAT:WIS	MEMORIZE:NO
CLASS:Healer	BONUS:CASTERLEVEL|Healer|Caster_Level_Healer	DEFINE:Caster_Level_Healer|0	BONUS:VAR|Caster_Level_Healer|CL+Caster_Level_Bonus	DEFINE:CasterLevelBLHealer|0	BONUS:VAR|CasterLevelBLHealer|charbonusto("PCLEVEL","Healer")
CLASS:Healer	BONUS:VAR|Caster_Level_Highest__Divine|Caster_Level_Healer+CasterLevelBLHealer|TYPE=Base
SUBCLASS:Druid	CSKILL:Handle Animal|Knowledge (Nature)|Stealth|Survival
SUBCLASS:Priest	CSKILL:Gather Information|Sense Motive
SUBCLASS:Shaman	CSKILL:Intimidate|Knowledge (Nature)|Survival
###Block:
1	ABILITY:Class|AUTOMATIC|Healer
###Block:
1	CAST:3,1
2	CAST:4,2
3	CAST:4,2,1
4	CAST:5,3,2
5	CAST:5,3,2,1
6	CAST:5,3,3,2
7	CAST:6,4,3,2,1
8	CAST:6,4,3,3,2
9	CAST:6,4,4,3,2,1
10	CAST:6,4,4,3,3,2
11	CAST:6,5,4,4,3,2,1
12	CAST:6,5,4,4,3,3,2
13	CAST:6,5,5,4,4,3,2,1
14	CAST:6,5,5,4,4,3,3,2
15	CAST:6,5,5,5,4,4,3,2,1
16	CAST:6,5,5,5,4,4,3,3,2
17	CAST:6,5,5,5,5,4,4,3,2,1
18	CAST:6,5,5,5,5,4,4,3,3,2
19	CAST:6,5,5,5,5,5,4,4,3,3
20	CAST:6,5,5,5,5,5,4,4,4,4

CLASS:Hunter	FACT:Abb|Hnt
CLASS:Hunter	MAXLEVEL:20
CLASS:Hunter	HD:8	TYPE:Base.PC	SOURCEPAGE:p.73	DEFINE:HunterLVL|0	BONUS:VAR|HunterLVL|CL
CLASS:Hunter	BONUS:COMBAT|BASEAB|classlevel("APPLIEDAS=NONEPIC")|TYPE=Base.REPLACE
CLASS:Hunter	BONUS:SAVE|BASE.Fortitude|classlevel("APPLIEDAS=NONEPIC")/3
CLASS:Hunter	BONUS:SAVE|BASE.Reflex|classlevel("APPLIEDAS=NONEPIC")/2+2
CLASS:Hunter	BONUS:SAVE|BASE.Will|classlevel("APPLIEDAS=NONEPIC")/3
CLASS:Hunter	STARTSKILLPTS:4	CSKILL:Climb|TYPE=Craft|Craft (trade skill)|Handle Animal|Heal|Jump|Knowledge (Nature)|Listen|TYPE=Profession|Search|Spot|Stealth|Survival|Swim|Use Rope
###Block:
1	ABILITY:Class|AUTOMATIC|Hunter
###Block
1	ABILITY:Hunter Class Feature|AUTOMATIC|Hunter ~ Weapon and Armor Proficiency
1	ABILITY:Hunter Class Feature|AUTOMATIC|Hunter ~ Animal Empathy
1	ABILITY:Hunter Class Feature|AUTOMATIC|Hunter ~ Sting
1	ABILITY:Hunter Class Feature|AUTOMATIC|Hunter ~ Serpent Sting
3	ABILITY:Hunter Class Feature|AUTOMATIC|Hunter ~ Aspects
5	ABILITY:Hunter Class Feature|AUTOMATIC|Hunter ~ Tame Animal
7	ABILITY:Hunter Class Feature|AUTOMATIC|Hunter ~ Eagle Eye
14	ABILITY:Hunter Class Feature|AUTOMATIC|Hunter ~ Tame Magical Beast

CLASS:Paladin	FACT:Abb|Pld
CLASS:Paladin	MAXLEVEL:20
CLASS:Paladin	HD:10	TYPE:Base.PC	SOURCEPAGE:p.77	DEFINE:PaladinLVL|0	BONUS:VAR|PaladinLVL|CL
CLASS:Paladin	BONUS:COMBAT|BASEAB|classlevel("APPLIEDAS=NONEPIC")|TYPE=Base.REPLACE
CLASS:Paladin	BONUS:SAVE|BASE.Fortitude|classlevel("APPLIEDAS=NONEPIC")/2+2
CLASS:Paladin	BONUS:SAVE|BASE.Reflex|classlevel("APPLIEDAS=NONEPIC")/3
CLASS:Paladin	BONUS:SAVE|BASE.Will|classlevel("APPLIEDAS=NONEPIC")/3
CLASS:Paladin	STARTSKILLPTS:2	CSKILL:Concentration|TYPE=Craft|Craft (trade skill)|Diplomacy|Handle Animal|Heal|Knowledge (military tactics)|Knowledge (nobility and royalty)|Knowledge (religion)|TYPE=Profession|Profession (military commander)|Ride|Sense Motive
CLASS:Paladin	FACT:SpellType|Divine	SPELLSTAT:WIS	MEMORIZE:NO
CLASS:Paladin	BONUS:CASTERLEVEL|Paladin|Caster_Level_Paladin	DEFINE:Caster_Level_Paladin|0	BONUS:VAR|Caster_Level_Paladin|(CL/2)+Caster_Level_Bonus|PRECLASS:1,Paladin=4	DEFINE:CasterLevelBLPaladin|0	BONUS:VAR|CasterLevelBLPaladin|charbonusto("PCLEVEL","Paladin")
CLASS:Paladin	BONUS:VAR|Caster_Level_Highest__Divine|Caster_Level_Paladin+CasterLevelBLPaladin|TYPE=Base
###Block:
1	ABILITY:Class|AUTOMATIC|Paladin
###Block
1	ABILITY:Paladin Class Feature|AUTOMATIC|Paladin ~ Weapon and Armor Proficiency
1	ABILITY:Paladin Class Feature|AUTOMATIC|Paladin ~ Aura of Good
1	ABILITY:Paladin Class Feature|AUTOMATIC|Paladin ~ Detect Undead
1	ABILITY:Paladin Class Feature|AUTOMATIC|Paladin ~ Holy Strike
2	ABILITY:Paladin Class Feature|AUTOMATIC|Paladin ~ Divine Grace
3	ABILITY:Paladin Class Feature|AUTOMATIC|Paladin ~ Auras
3	ABILITY:Paladin Class Feature|AUTOMATIC|Paladin ~ Divine Health
4	ABILITY:Paladin Class Feature|AUTOMATIC|Paladin ~ Turn Undead
4	ABILITY:Paladin Class Feature|AUTOMATIC|Paladin ~ Lay on Hands
4	ABILITY:Paladin Class Feature|AUTOMATIC|Paladin ~ Spells
5	ABILITY:Paladin Class Feature|AUTOMATIC|Paladin ~ Crusader Strike
7	ABILITY:Paladin Class Feature|AUTOMATIC|Paladin ~ Fist of Justice
1	ABILITY:Paladin Class Feature|AUTOMATIC|Paladin ~ Code of Conduct
1	ABILITY:Paladin Class Feature|AUTOMATIC|Paladin ~ Associates
###Block:
4	CAST:0,0
5	CAST:0,0
6	CAST:0,1
7	CAST:0,1
8	CAST:0,1,0
9	CAST:0,1,0
10	CAST:0,1,1
11	CAST:0,1,1,0
12	CAST:0,1,1,1
13	CAST:0,1,1,1
14	CAST:0,2,1,1,0
15	CAST:0,2,1,1,1
16	CAST:0,2,2,1,1
17	CAST:0,2,2,2,1
18	CAST:0,3,2,2,1
19	CAST:0,3,3,3,2
20	CAST:0,3,3,3,3

CLASS:Rogue	FACT:Abb|Rog
CLASS:Rogue	MAXLEVEL:20
CLASS:Rogue	HD:6	TYPE:Base.PC	SOURCEPAGE:p.80	DEFINE:RogueLVL|0	BONUS:VAR|RogueLVL|CL
CLASS:Rogue	BONUS:COMBAT|BASEAB|classlevel("APPLIEDAS=NONEPIC")*3/4|TYPE=Base.REPLACE|PREVAREQ:UseAlternateBABProgression,0
CLASS:Rogue	BONUS:VAR|ClassBABModerate|classlevel("APPLIEDAS=NONEPIC")|PREVAREQ:UseFractionalBAB,1
CLASS:Rogue	BONUS:SAVE|BASE.Fortitude|classlevel("APPLIEDAS=NONEPIC")/3
CLASS:Rogue	BONUS:SAVE|BASE.Reflex|classlevel("APPLIEDAS=NONEPIC")/2+2
CLASS:Rogue	BONUS:SAVE|BASE.Will|classlevel("APPLIEDAS=NONEPIC")/3
CLASS:Rogue	STARTSKILLPTS:8	CSKILL:Appraise|Balance|Bluff|Climb|TYPE=Craft|Craft (trade skill)|Diplomacy|Disable Device|Disguise|Escape Artist|Forgery|Gather Information|Intimidate|Jump|Knowledge (local)|Listen|Open Lock|TYPE=Perform|TYPE=Profession|Search|Sense Motive|Sleight of Hand|Spot|Stealth|Swim|Tumble|Use Magic Device|Use Rope
###Block:
1	ABILITY:Class|AUTOMATIC|Rogue
###Block	
1	ABILITY:Rogue Class Feature|AUTOMATIC|Rogue ~ Weapon and Armor Proficiency
1	ABILITY:Rogue Class Feature|AUTOMATIC|Rogue ~ Backstab
1	ABILITY:Rogue Class Feature|AUTOMATIC|Rogue ~ Trapfinding
2	ABILITY:Rogue Class Feature|AUTOMATIC|Rogue ~ Evasion
3	ABILITY:Rogue Class Feature|AUTOMATIC|Rogue ~ Trap Sense
4	ABILITY:Rogue Class Feature|AUTOMATIC|Rogue ~ Uncanny Dodge
8	ABILITY:Rogue Class Feature|AUTOMATIC|Rogue ~ Improved Uncanny Dodge
3	ABILITY:Rogue Class Feature|AUTOMATIC|Rogue ~ Special Abilities


CLASS:Scout	FACT:Abb|Sct
CLASS:Scout	MAXLEVEL:20
CLASS:Scout	HD:8	TYPE:Base.PC	SOURCEPAGE:p.93	DEFINE:ScoutLVL|0	BONUS:VAR|ScoutLVL|CL
CLASS:Scout	BONUS:COMBAT|BASEAB|classlevel("APPLIEDAS=NONEPIC")*3/4|TYPE=Base.REPLACE|PREVAREQ:UseAlternateBABProgression,0
CLASS:Scout	BONUS:VAR|ClassBABModerate|classlevel("APPLIEDAS=NONEPIC")|PREVAREQ:UseFractionalBAB,1
CLASS:Scout	BONUS:SAVE|BASE.Fortitude|classlevel("APPLIEDAS=NONEPIC")/2+2
CLASS:Scout	BONUS:SAVE|BASE.Reflex|classlevel("APPLIEDAS=NONEPIC")/2+2
CLASS:Scout	BONUS:SAVE|BASE.Will|classlevel("APPLIEDAS=NONEPIC")/3
CLASS:Scout	STARTSKILLPTS:6	CSKILL:Climb|TYPE=Craft|Craft (trade skill)|Heal|Jump|Knowledge (military tactics)|Knowledge (Nature)|Listen|TYPE=Profession|Search|Spot|Stealth|Survival|Swim|Use Rope
###Block:
1	ABILITY:Class|AUTOMATIC|Scout
###Block	
1	ABILITY:Scout Class Feature|AUTOMATIC|Scout ~ Weapon and Armor Proficiency
1	ABILITY:Scout Class Feature|AUTOMATIC|Scout ~ Track
1	ABILITY:Scout Class Feature|AUTOMATIC|Scout ~ Nature Sense
2	ABILITY:Scout Class Feature|AUTOMATIC|Scout ~ Wild Healing
3	ABILITY:Scout Class Feature|AUTOMATIC|Scout ~ Woodland Stride
4	ABILITY:Scout Class Feature|AUTOMATIC|Scout ~ Trackless Step
4	ABILITY:Scout Class Feature|AUTOMATIC|Scout ~ Uncanny Dodge
5	ABILITY:Scout Class Feature|AUTOMATIC|Scout ~ Trap Sense
6	ABILITY:Scout Class Feature|AUTOMATIC|Scout ~ Locate Object
7	ABILITY:Scout Class Feature|AUTOMATIC|Scout ~ Improved Uncanny Dodge
8	ABILITY:Scout Class Feature|AUTOMATIC|Scout ~ Swift Tracker
9	ABILITY:Scout Class Feature|AUTOMATIC|Scout ~ Venom Immunity
11	ABILITY:Scout Class Feature|AUTOMATIC|Scout ~ Locate Creature
12	ABILITY:Scout Class Feature|AUTOMATIC|Scout ~ Evasion
13	ABILITY:Scout Class Feature|AUTOMATIC|Scout ~ Commune with Nature
16	ABILITY:Scout Class Feature|AUTOMATIC|Scout ~ Find the Path
20	ABILITY:Scout Class Feature|AUTOMATIC|Scout ~ Wind Walk


CLASS:Tinker	FACT:Abb|Tkr
CLASS:Tinker	MAXLEVEL:20
CLASS:Tinker	HD:6	TYPE:Base.PC	SOURCEPAGE:p.86	DEFINE:TinkerLVL|0	BONUS:VAR|TinkerLVL|CL
CLASS:Tinker	BONUS:COMBAT|BASEAB|classlevel("APPLIEDAS=NONEPIC")*3/4|TYPE=Base.REPLACE|PREVAREQ:UseAlternateBABProgression,0
CLASS:Tinker	BONUS:VAR|ClassBABModerate|classlevel("APPLIEDAS=NONEPIC")|PREVAREQ:UseFractionalBAB,1
CLASS:Tinker	BONUS:SAVE|BASE.Fortitude|classlevel("APPLIEDAS=NONEPIC")/3
CLASS:Tinker	BONUS:SAVE|BASE.Reflex|classlevel("APPLIEDAS=NONEPIC")/3+2
CLASS:Tinker	BONUS:SAVE|BASE.Will|classlevel("APPLIEDAS=NONEPIC")/2+2
CLASS:Tinker	STARTSKILLPTS:8	CSKILL:Appraise|Concentration|TYPE=Craft|Craft (technological device)|Craft (trade skill)|Decipher Script|Disable Device|Forgery|TYPE=Tinker Knowledge|Open Lock|TYPE=Profession|Search|Use Magic Device|Use Technological Device
#  (all taken individually, except arcana and religion)
###Block:
1	ABILITY:Class|AUTOMATIC|Tinker
###Block 	
1	ABILITY:Tinker Class Feature|AUTOMATIC|Tinker ~ Weapon and Armor Proficiency
1	ABILITY:Tinker Class Feature|AUTOMATIC|Tinker ~ Bonus Feats
2	ABILITY:Tinker Class Feature|AUTOMATIC|Tinker ~ Packrat
2	ABILITY:Tinker Class Feature|AUTOMATIC|Tinker ~ Scavenge
3	ABILITY:Tinker Class Feature|AUTOMATIC|Tinker ~ Cobble
4	ABILITY:Tinker Class Feature|AUTOMATIC|Tinker ~ Bomb Bouncing
4	ABILITY:Tinker Class Feature|AUTOMATIC|Tinker ~ Evasion
5	ABILITY:Tinker Class Feature|AUTOMATIC|Tinker ~ Coolness Under Fire
6	ABILITY:Tinker Class Feature|AUTOMATIC|Tinker ~ Energy Resistance
14	ABILITY:Tinker Class Feature|AUTOMATIC|Tinker ~ Improved Evasion

CLASS:Warrior	FACT:Abb|War
CLASS:Warrior	MAXLEVEL:20
CLASS:Warrior	HD:10	TYPE:Base.PC	SOURCEPAGE:p.88	DEFINE:WarriorLVL|0	BONUS:VAR|WarriorLVL|CL
CLASS:Warrior	BONUS:COMBAT|BASEAB|classlevel("APPLIEDAS=NONEPIC")|TYPE=Base.REPLACE
CLASS:Warrior	BONUS:SAVE|BASE.Fortitude|classlevel("APPLIEDAS=NONEPIC")/2+2
CLASS:Warrior	BONUS:SAVE|BASE.Reflex|classlevel("APPLIEDAS=NONEPIC")/3
CLASS:Warrior	BONUS:SAVE|BASE.Will|classlevel("APPLIEDAS=NONEPIC")/3
CLASS:Warrior	STARTSKILLPTS:2	CSKILL:Climb|TYPE=Craft|Craft (trade skill)|Handle Animal|Intimidate|Jump|Knowledge (military tactics)|Profession (military commander)|Ride|Swim
###Block:
1	ABILITY:Class|AUTOMATIC|Warrior
###Block
1	ABILITY:Warrior Class Feature|AUTOMATIC|Warrior ~ Weapon and Armor Proficiency
1	ABILITY:Warrior Class Feature|AUTOMATIC|Warrior ~ Bonus Feats

###Block: Prestige Classes
CLASS:Archmage of Kirin Tor	FACT:Abb|Amg
CLASS:Archmage of Kirin Tor	MAXLEVEL:5
CLASS:Archmage of Kirin Tor	HD:6	TYPE:Base.PC.Prestige.Monster	SOURCEPAGE:p.92	DEFINE:ArchmageofKirinTorLVL|0	BONUS:VAR|ArchmageofKirinTorLVL|CL
CLASS:Archmage of Kirin Tor	BONUS:COMBAT|BASEAB|classlevel("APPLIEDAS=NONEPIC")*1/2|TYPE=Base.REPLACE|PREVAREQ:UseAlternateBABProgression,0
CLASS:Archmage of Kirin Tor	BONUS:VAR|ClassBABPoor|classlevel("APPLIEDAS=NONEPIC")|PREVAREQ:UseFractionalBAB,1
CLASS:Archmage of Kirin Tor	BONUS:SAVE|BASE.Fortitude|classlevel("APPLIEDAS=NONEPIC")/3
CLASS:Archmage of Kirin Tor	BONUS:SAVE|BASE.Reflex|classlevel("APPLIEDAS=NONEPIC")/3
CLASS:Archmage of Kirin Tor	BONUS:SAVE|BASE.Will|classlevel("APPLIEDAS=NONEPIC")/2+2
CLASS:Archmage of Kirin Tor	PRETEXT:Skills: Knowledge (arcana) 15 ranks, Spellcraft 15 ranks. Feats: Skill Focus (Spellcraft), Spell Focus in two schools of magic. Spells: Ability to cast 7th-level arcane spells, knowledge of 5th-level or higher spells from at least five schools. Special: Arcanists following the path of the necromancer or the warlock are not welcome in the Kirin Tor. In fact, they are lucky to escape the wrath of the archmages alive.
CLASS:Archmage of Kirin Tor	STARTSKILLPTS:2	CSKILL:Concentration|Craft (Alchemy)|TYPE=Knowledge|TYPE=Profession|Search|Spellcraft
###Block
1:REPEATLEVEL:1	ADD:SPELLCASTER|Arcane
###Block	
1	ABILITY:Archmage of Kirin Tor Class Feature|AUTOMATIC|Archmage of Kirin Tor ~ Weapon and Armor Proficiency
1	ABILITY:Archmage of Kirin Tor Class Feature|AUTOMATIC|Archmage of Kirin Tor ~ Spells Slots per Day
1	ABILITY:Archmage of Kirin Tor Class Feature|AUTOMATIC|Archmage of Kirin Tor ~ High Arcana


CLASS:Assassin	FACT:Abb|Asn
CLASS:Assassin	MAXLEVEL:10
CLASS:Assassin	HD:6	TYPE:Prestige	SOURCEPAGE:p.93	DEFINE:AssassinLVL|0	BONUS:VAR|AssassinLVL|CL
CLASS:Assassin	BONUS:COMBAT|BASEAB|classlevel("APPLIEDAS=NONEPIC")*3/4|TYPE=Base.REPLACE|PREVAREQ:UseAlternateBABProgression,0
CLASS:Assassin	BONUS:VAR|ClassBABModerate|classlevel("APPLIEDAS=NONEPIC")|PREVAREQ:UseFractionalBAB,1
CLASS:Assassin	BONUS:SAVE|BASE.Fortitude|classlevel("APPLIEDAS=NONEPIC")/3
CLASS:Assassin	BONUS:SAVE|BASE.Reflex|classlevel("APPLIEDAS=NONEPIC")/2+2
CLASS:Assassin	BONUS:SAVE|BASE.Will|classlevel("APPLIEDAS=NONEPIC")/3
CLASS:Assassin	PRETEXT:Race: Any. Alignment: Any evil. Affiliation: Independent. Skills: Disguise 4 ranks, Stealth 10 ranks. Special: The character must kill someone for no other reason than to gain profit through a contract killing.	PRESKILL:2,Disguise=4,Stealth=10	PREALIGN:LE,CE,NE
CLASS:Assassin	STARTSKILLPTS:4	CSKILL:Balance|Bluff|Climb|TYPE=Craft|Decipher Script|Diplomacy|Disable Device|Disguise|Escape Artist|Forgery|Gather Information|Intimidate|Jump|Listen|Open Lock|Search|Sense Motive|Sleight of Hand|Spot|Stealth|Swim|Tumble|Use Rope
CLASS:Assassin	FACT:SpellType|Arcane	SPELLSTAT:INT	MEMORIZE:NO
CLASS:Assassin	BONUS:CASTERLEVEL|Assassin|Caster_Level_Assassin	DEFINE:Caster_Level_Assassin|0	BONUS:VAR|Caster_Level_Assassin|CL+Caster_Level_Bonus	DEFINE:CasterLevelBLAssassin|0	BONUS:VAR|CasterLevelBLAssassin|charbonusto("PCLEVEL","Assassin")
CLASS:Assassin	BONUS:VAR|Caster_Level_Highest__Arcane|Caster_Level_Assassin+CasterLevelBLAssassin|TYPE=Base
###Block	
1	ABILITY:Assassin Class Feature|AUTOMATIC|Assassin ~ Weapon and Armor Proficiency
1	ABILITY:Assassin Class Feature|AUTOMATIC|Assassin ~ Backstab
1	ABILITY:Assassin Class Feature|AUTOMATIC|Assassin ~ Death Attack
1	ABILITY:Assassin Class Feature|AUTOMATIC|Assassin ~ Poison Use
1	ABILITY:Assassin Class Feature|AUTOMATIC|Assassin ~ Spells
2	ABILITY:Assassin Class Feature|AUTOMATIC|Assassin ~ Save Bonus against Poison
2	ABILITY:Assassin Class Feature|AUTOMATIC|Assassin ~ Uncanny Dodge
8	ABILITY:Assassin Class Feature|AUTOMATIC|Assassin ~ Hide in Plain Sight

CLASS:Beastmaster	FACT:Abb|Bst
CLASS:Beastmaster	MAXLEVEL:10
CLASS:Beastmaster	HD:12	TYPE:Prestige	SOURCEPAGE:p.95	DEFINE:BeastmasterLVL|0	BONUS:VAR|BeastmasterLVL|CL
CLASS:Beastmaster	BONUS:COMBAT|BASEAB|classlevel("APPLIEDAS=NONEPIC")|TYPE=Base.REPLACE
CLASS:Beastmaster	BONUS:SAVE|BASE.Fortitude|classlevel("APPLIEDAS=NONEPIC")/2+2
CLASS:Beastmaster	BONUS:SAVE|BASE.Reflex|classlevel("APPLIEDAS=NONEPIC")/3
CLASS:Beastmaster	BONUS:SAVE|BASE.Will|classlevel("APPLIEDAS=NONEPIC")/3
CLASS:Beastmaster	PRETEXT:Affiliation: Horde or night elf. Skills: Handle Animal 5 ranks, Survival 8 ranks. Feats: Skill Focus (Handle Animal or Survival), Toughness.	PRESKILL:2,Handle Animal=5,Survival=8	PREABILITY:1,CATEGORY=FEAT,Skill Focus (Handle Animal),Skill Focus (Survival)	PREABILITY:1,CATEGORY=FEAT,Toughness
CLASS:Beastmaster	STARTSKILLPTS:4	CSKILL:Climb|TYPE=Craft|Handle Animal|Heal|Intimidate|Jump|Knowledge (Nature)|Spot|Survival|Swim
###Block	
1	ABILITY:Beastmaster Class Feature|AUTOMATIC|Beastmaster ~ Weapon and Armor Proficiency
1	ABILITY:Beastmaster Class Feature|AUTOMATIC|Beastmaster ~ Animal Companion
1	ABILITY:Beastmaster Class Feature|AUTOMATIC|Beastmaster ~ Wild Empathy
2	ABILITY:Beastmaster Class Feature|AUTOMATIC|Beastmaster ~ Charm Animal
3	ABILITY:Beastmaster Class Feature|AUTOMATIC|Beastmaster ~ Empathic Link
4	ABILITY:Beastmaster Class Feature|AUTOMATIC|Beastmaster ~ Natural Weaponry
5	ABILITY:Beastmaster Class Feature|AUTOMATIC|Beastmaster ~ Speak with Animals
6	ABILITY:Beastmaster Class Feature|AUTOMATIC|Beastmaster ~ Magic Fang
9	ABILITY:Beastmaster Class Feature|AUTOMATIC|Beastmaster ~ Scry on Companion

CLASS:Berserker	FACT:Abb|Bsr
CLASS:Berserker	MAXLEVEL:10
CLASS:Berserker	HD:12	TYPE:Prestige	SOURCEPAGE:p.97	DEFINE:BerserkerLVL|0	BONUS:VAR|BerserkerLVL|CL
CLASS:Berserker	BONUS:COMBAT|BASEAB|classlevel("APPLIEDAS=NONEPIC")|TYPE=Base.REPLACE
CLASS:Berserker	BONUS:SAVE|BASE.Fortitude|classlevel("APPLIEDAS=NONEPIC")/2+2
CLASS:Berserker	BONUS:SAVE|BASE.Reflex|classlevel("APPLIEDAS=NONEPIC")/3
CLASS:Berserker	BONUS:SAVE|BASE.Will|classlevel("APPLIEDAS=NONEPIC")/3
CLASS:Berserker	PRETEXT:Race: Orc, troll. Alignment: Any non-lawful. Affiliation: Horde. Base attack Bonus: +6. Special: Ability to rage at least once per day.	!PREALIGN:LE,LG,LN	PRERACE:1,Orc,Troll	PRETOTALAB:6	PREABILITY:1,CATEGORY=Special Ability,TYPE.Rage
CLASS:Berserker	STARTSKILLPTS:4	CSKILL:Climb|TYPE=Craft|Intimidate|Jump|Listen|Survival|Swim
###Block	
1	ABILITY:Berserker Class Feature|AUTOMATIC|Berserker ~ Weapon and Armor Proficiency
1	ABILITY:Berserker Class Feature|AUTOMATIC|Berserker ~ Rage
2	ABILITY:Berserker Class Feature|AUTOMATIC|Berserker ~ Ferocity
2	ABILITY:Berserker Class Feature|AUTOMATIC|Berserker ~ Berserk
8	ABILITY:Berserker Class Feature|AUTOMATIC|Berserker ~ Undying Rage

CLASS:Duelist	FACT:Abb|Dst
CLASS:Duelist	MAXLEVEL:10
CLASS:Duelist	HD:10	TYPE:Prestige	SOURCEPAGE:p.99	DEFINE:DuelistLVL|0	BONUS:VAR|DuelistLVL|CL
CLASS:Duelist	BONUS:COMBAT|BASEAB|classlevel("APPLIEDAS=NONEPIC")|TYPE=Base.REPLACE
CLASS:Duelist	BONUS:SAVE|BASE.Fortitude|classlevel("APPLIEDAS=NONEPIC")/3
CLASS:Duelist	BONUS:SAVE|BASE.Reflex|classlevel("APPLIEDAS=NONEPIC")/2+2
CLASS:Duelist	BONUS:SAVE|BASE.Will|classlevel("APPLIEDAS=NONEPIC")/3
CLASS:Duelist	PRETEXT:Race: any. Alignment: Any. Affiliation: Any. Base Attack Bonus: +6. Skills: Perform 3 ranks, Tumble 5 ranks. Feats: Dodge, Mobility, Weapon Finesse.	PRETOTALAB:6	PRESKILL:1,TYPE.Perform=3	PRESKILL:1,Tumble=5	PREABILITY:3,CATEGORY=FEAT,Dodge,Mobility,Weapon Finesse
CLASS:Duelist	STARTSKILLPTS:4	CSKILL:Balance|Bluff|Escape Artist|Jump|Listen|TYPE=Perform|Sense Motive|Spot|Tumble
###Block
1	ABILITY:Duelist Class Feature|AUTOMATIC|Duelist ~ Weapon and Armor Proficiency
1	ABILITY:Duelist Class Feature|AUTOMATIC|Duelist ~ Canny Defense
2	ABILITY:Duelist Class Feature|AUTOMATIC|Duelist ~ Improved Reaction
3	ABILITY:Duelist Class Feature|AUTOMATIC|Duelist ~ Enhanced Mobility
4	ABILITY:Duelist Class Feature|AUTOMATIC|Duelist ~ Grace
5	ABILITY:Duelist Class Feature|AUTOMATIC|Duelist ~ Precise Strike
6	ABILITY:Duelist Class Feature|AUTOMATIC|Duelist ~ Acrobatic Charge
7	ABILITY:Duelist Class Feature|AUTOMATIC|Duelist ~ Elaborate Parry
9	ABILITY:Duelist Class Feature|AUTOMATIC|Duelist ~ Deflect Arrows

CLASS:Elven Ranger	FACT:Abb|Elr
CLASS:Elven Ranger	MAXLEVEL:10
CLASS:Elven Ranger	HD:8	TYPE:Prestige	SOURCEPAGE:p.100	DEFINE:ElvenRangerLVL|0	BONUS:VAR|ElvenRangerLVL|CL
CLASS:Elven Ranger	BONUS:COMBAT|BASEAB|classlevel("APPLIEDAS=NONEPIC")|TYPE=Base.REPLACE
CLASS:Elven Ranger	BONUS:SAVE|BASE.Fortitude|classlevel("APPLIEDAS=NONEPIC")/2+2
CLASS:Elven Ranger	BONUS:SAVE|BASE.Reflex|classlevel("APPLIEDAS=NONEPIC")/2+2
CLASS:Elven Ranger	BONUS:SAVE|BASE.Will|classlevel("APPLIEDAS=NONEPIC")/3
CLASS:Elven Ranger	PRETEXT:Race: High elf or night elf. Affiliation: Alliance. Base Attack Bonus: +5. Skills: Knowledge (nature) 6 ranks, Survival 6 ranks. Feats: Point Blank Shot, Track.	PRERACE:1,Elf	PREABILITY:1,CATEGORY=Internal,Elf ~ High,Elf ~ Night	PRETOTALAB:5	PRESKILL:2,Knowledge (nature)=6,Survival=6	PREABILITY:1,CATEGORY=FEAT,Point Blank Shot,Track
CLASS:Elven Ranger	STARTSKILLPTS:4	CSKILL:Climb|Concentration|TYPE=Craft|Heal|Jump|Knowledge (geography)|Knowledge (military tactics)|Knowledge (Nature)|Listen|Spot|Stealth|Survival|Swim|Use Rope
CLASS:Elven Ranger	FACT:SpellType|Divine	SPELLSTAT:WIS	MEMORIZE:NO
CLASS:Elven Ranger	BONUS:CASTERLEVEL|Elven Ranger|Caster_Level_ElvenRanger	DEFINE:Caster_Level_ElvenRanger|0	BONUS:VAR|Caster_Level_ElvenRanger|CL+Caster_Level_Bonus	DEFINE:CasterLevelBLElvenRanger|0	BONUS:VAR|CasterLevelBLElvenRanger|charbonusto("PCLEVEL","Elven Ranger")
CLASS:Elven Ranger	BONUS:VAR|Caster_Level_Highest__Divine|Caster_Level_ElvenRanger+CasterLevelBLElvenRanger|TYPE=Base
###Block
1	ABILITY:Elven Ranger Class Feature|AUTOMATIC|Elven Ranger ~ Weapon and Armor Proficiency
1	ABILITY:Elven Ranger Class Feature|AUTOMATIC|Elven Ranger ~ Spells
1	ABILITY:Elven Ranger Class Feature|AUTOMATIC|Elven Ranger ~ Extended Range
1	ABILITY:Elven Ranger Class Feature|AUTOMATIC|Elven Ranger ~ Favored Enemy
1	ABILITY:Elven Ranger Class Feature|AUTOMATIC|Elven Ranger ~ Archery Combat Style
2	ABILITY:Elven Ranger Class Feature|AUTOMATIC|Elven Ranger ~ Heightened Perception
2	ABILITY:Elven Ranger Class Feature|AUTOMATIC|Elven Ranger ~ Woodland Stride
4	ABILITY:Elven Ranger Class Feature|AUTOMATIC|Elven Ranger ~ Keen Arrows
5	ABILITY:Elven Ranger Class Feature|AUTOMATIC|Elven Ranger ~ Swift Tracker
6	ABILITY:Elven Ranger Class Feature|AUTOMATIC|Elven Ranger ~ Bow Strike
8	ABILITY:Elven Ranger Class Feature|AUTOMATIC|Elven Ranger ~ Anticipation
10	ABILITY:Elven Ranger Class Feature|AUTOMATIC|Elven Ranger ~ Arrow Cleave
###Block
1	CAST:0,0
2	CAST:0,1
3	CAST:0,1,0
4	CAST:0,1,1
5	CAST:0,1,1,0
6	CAST:0,1,1,1
7	CAST:0,2,1,1,0
8	CAST:0,2,1,1,1
9	CAST:0,2,2,1,1
10	CAST:0,2,2,2,1

CLASS:Fel-Sworn	FACT:Abb|Fsw
CLASS:Fel-Sworn	MAXLEVEL:5
CLASS:Fel-Sworn	HD:6	TYPE:Prestige	SOURCEPAGE:p.103	DEFINE:FelSwornLVL|0	BONUS:VAR|FelSwornLVL|CL
CLASS:Fel-Sworn	BONUS:COMBAT|BASEAB|classlevel("APPLIEDAS=NONEPIC")|TYPE=Base.REPLACE
CLASS:Fel-Sworn	BONUS:SAVE|BASE.Fortitude|classlevel("APPLIEDAS=NONEPIC")/3
CLASS:Fel-Sworn	BONUS:SAVE|BASE.Reflex|classlevel("APPLIEDAS=NONEPIC")/2+2
CLASS:Fel-Sworn	BONUS:SAVE|BASE.Will|classlevel("APPLIEDAS=NONEPIC")/3
CLASS:Fel-Sworn	PRETEXT:Race: Any. Alignment: Any. Affiliation: Any. Special: The character must have taken levels in warlock or been exposed to fel poison or spells using fel energy.
CLASS:Fel-Sworn	STARTSKILLPTS:4	CSKILL:Bluff|Diplomacy|Disguise|Escape Artist|Gather Information|Intimidate|Knowledge (local)|Listen|TYPE=Perform|Search|Sense Motive|Spot|Stealth
###Block
1	ABILITY:Fel-Sworn Class Feature|AUTOMATIC|Fel-Sworn ~ Weapon and Armor Proficiency
1	ABILITY:Fel-Sworn Class Feature|AUTOMATIC|Fel-Sworn ~ Fel Corruption
1	ABILITY:Fel-Sworn Class Feature|AUTOMATIC|Fel-Sworn ~ Fel Boon


CLASS:Gladiator	FACT:Abb|Gla
CLASS:Gladiator	MAXLEVEL:10
CLASS:Gladiator	HD:10	TYPE:Prestige	SOURCEPAGE:p.104	DEFINE:GladiatorLVL|0	BONUS:VAR|GladiatorLVL|CL
CLASS:Gladiator	BONUS:COMBAT|BASEAB|classlevel("APPLIEDAS=NONEPIC")|TYPE=Base.REPLACE
CLASS:Gladiator	BONUS:SAVE|BASE.Fortitude|classlevel("APPLIEDAS=NONEPIC")/2+2
CLASS:Gladiator	BONUS:SAVE|BASE.Reflex|classlevel("APPLIEDAS=NONEPIC")/3
CLASS:Gladiator	BONUS:SAVE|BASE.Will|classlevel("APPLIEDAS=NONEPIC")/3
CLASS:Gladiator	PRETEXT:Affiliation: Any. Base Attack Bonus: +5. Skills: Bluff 2 ranks, Intimidate 5 ranks. Feats: Cleave, Dodge, Power Attack.	PRETOTALAB:5	PRESKILL:2,Bluff=2,Intimidate=5	PREABILITY:3,CATEGORY=FEAT,Cleave,Dodge,Power Attack
CLASS:Gladiator	STARTSKILLPTS:2	CSKILL:Bluff|Climb|TYPE=Craft|Intimidate|Jump|Knowledge (military tactics)|TYPE=Perform|Sense Motive|Swim
###Block
1	ABILITY:Gladiator Class Feature|AUTOMATIC|Gladiator ~ Weapon and Armor Proficiency
1	ABILITY:Gladiator Class Feature|AUTOMATIC|Gladiator ~ Supreme Cleave
2	ABILITY:Gladiator Class Feature|AUTOMATIC|Gladiator ~ Command
3	ABILITY:Gladiator Class Feature|AUTOMATIC|Gladiator ~ Two-Handed Mastery
3	ABILITY:Gladiator Class Feature|AUTOMATIC|Gladiator ~ Critical Strike
3	ABILITY:Gladiator Class Feature|AUTOMATIC|Gladiator ~ Weapon Focus
4	ABILITY:Gladiator Class Feature|AUTOMATIC|Gladiator ~ Weapon Proficiency
4	ABILITY:Gladiator Class Feature|AUTOMATIC|Gladiator ~ Mobility
5	ABILITY:Gladiator Class Feature|AUTOMATIC|Gladiator ~ Weapon Specialization
6	ABILITY:Gladiator Class Feature|AUTOMATIC|Gladiator ~ Maximize Blow
7	ABILITY:Gladiator Class Feature|AUTOMATIC|Gladiator ~ Spring Attack
10	ABILITY:Gladiator Class Feature|AUTOMATIC|Gladiator ~ Whirlwind Attack

CLASS:Infiltrator	FACT:Abb|Inf
CLASS:Infiltrator	MAXLEVEL:10
CLASS:Infiltrator	HD:6	TYPE:Prestige	SOURCEPAGE:p.106	DEFINE:InfiltratorLVL|0	BONUS:VAR|InfiltratorLVL|CL
CLASS:Infiltrator	BONUS:COMBAT|BASEAB|classlevel("APPLIEDAS=NONEPIC")*3/4|TYPE=Base.REPLACE|PREVAREQ:UseAlternateBABProgression,0
CLASS:Infiltrator	BONUS:VAR|ClassBABModerate|classlevel("APPLIEDAS=NONEPIC")|PREVAREQ:UseFractionalBAB,1
CLASS:Infiltrator	BONUS:SAVE|BASE.Fortitude|classlevel("APPLIEDAS=NONEPIC")/3
CLASS:Infiltrator	BONUS:SAVE|BASE.Reflex|classlevel("APPLIEDAS=NONEPIC")/2+2
CLASS:Infiltrator	BONUS:SAVE|BASE.Will|classlevel("APPLIEDAS=NONEPIC")/2+2
CLASS:Infiltrator	PRETEXT:Affiliation: Alliance only. Skills: All of the following skills must have a minimum of 5 ranks, and at least two must have a minimum of 8 ranks: Bluff, Diplomacy, Disguise, Gather Information, Listen and Sense Motive.	PRESKILL:6,Bluff=5,Diplomacy=5,Disguise=5,Gather Information=5,Listen=5,Sense Motive=5	PRESKILL:2,Bluff=8,Diplomacy=8,Disguise=8,Gather Information=8,Listen=8,Sense Motive=8
CLASS:Infiltrator	STARTSKILLPTS:6	CSKILL:Appraise|Balance|Bluff|Climb|TYPE=Craft|Decipher Script|Diplomacy|Disguise|Escape Artist|Forgery|Gather Information|Intimidate|Jump|Listen|Open Lock|TYPE=Perform|TYPE=Profession|Search|Sense Motive|Sleight of Hand|Speak Language|Spot|Stealth|Swim|Tumble|Use Magic Device|Use Rope|Use Technological Device
###Block
1	ABILITY:Infiltrator Class Feature|AUTOMATIC|Infiltrator ~ Weapon and Armor Proficiency
1	ABILITY:Infiltrator Class Feature|AUTOMATIC|Infiltrator ~ Canny Defense
1	ABILITY:Infiltrator Class Feature|AUTOMATIC|Infiltrator ~ Connections
2	ABILITY:Infiltrator Class Feature|AUTOMATIC|Infiltrator ~ Smooth Talker
2	ABILITY:Infiltrator Class Feature|AUTOMATIC|Infiltrator ~ Uncanny Dodge
3	ABILITY:Infiltrator Class Feature|AUTOMATIC|Infiltrator ~ Flawless Disguise
4	ABILITY:Infiltrator Class Feature|AUTOMATIC|Infiltrator ~ Suggestion
5	ABILITY:Infiltrator Class Feature|AUTOMATIC|Infiltrator ~ Improved Uncanny Dodge
5	ABILITY:Infiltrator Class Feature|AUTOMATIC|Infiltrator ~ Improvisation
7	ABILITY:Infiltrator Class Feature|AUTOMATIC|Infiltrator ~ Slippery Mind
8	ABILITY:Infiltrator Class Feature|AUTOMATIC|Infiltrator ~ Hide in Plain Sight
10	ABILITY:Infiltrator Class Feature|AUTOMATIC|Infiltrator ~ Dominate

CLASS:Mounted Warrior	FACT:Abb|Mow
CLASS:Mounted Warrior	MAXLEVEL:20
CLASS:Mounted Warrior	HD:10	TYPE:Prestige	SOURCEPAGE:p.108	DEFINE:MountedWarriorLVL|0	BONUS:VAR|MountedWarriorLVL|CL
CLASS:Mounted Warrior	BONUS:COMBAT|BASEAB|classlevel("APPLIEDAS=NONEPIC")|TYPE=Base.REPLACE
CLASS:Mounted Warrior	BONUS:SAVE|BASE.Fortitude|classlevel("APPLIEDAS=NONEPIC")/2+2
CLASS:Mounted Warrior	BONUS:SAVE|BASE.Reflex|classlevel("APPLIEDAS=NONEPIC")/3
CLASS:Mounted Warrior	BONUS:SAVE|BASE.Will|classlevel("APPLIEDAS=NONEPIC")/3
CLASS:Mounted Warrior	PRETEXT:Affiliation: Any. Base Attack Bonus: +5. Skill: Ride 8 ranks. Feat: Mounted Combat.	PRETOTALAB:5	PRESKILL:2,Ride=8	PREABILITY:1,CATEGORY=FEAT,Mounted Combat
CLASS:Mounted Warrior	STARTSKILLPTS:2	CSKILL:Balance|Climb|Concentration|TYPE=Craft|Handle Animal|Heal|Jump|Knowledge (military tactics)|TYPE=Profession|Ride|Spot|Swim
###Block
1	ABILITY:Mounted Warrior Class Feature|AUTOMATIC|Mounted Warrior ~ Weapon and Armor Proficiency
1	ABILITY:Mounted Warrior Class Feature|AUTOMATIC|Mounted Warrior ~ Superior Mount
2	ABILITY:Mounted Warrior Class Feature|AUTOMATIC|Mounted Warrior ~ Mounted Expertise
3	ABILITY:Mounted Warrior Class Feature|AUTOMATIC|Mounted Warrior ~ Bonus Feats
4	ABILITY:Mounted Warrior Class Feature|AUTOMATIC|Mounted Warrior ~ Improved Mounted Combat
5	ABILITY:Mounted Warrior Class Feature|AUTOMATIC|Mounted Warrior ~ Mounted Command
7	ABILITY:Mounted Warrior Class Feature|AUTOMATIC|Mounted Warrior ~ Woodland Ride
10	ABILITY:Mounted Warrior Class Feature|AUTOMATIC|Mounted Warrior ~ Shock Charge



CLASS:Companion	HD:8
CLASS:Companion	BONUS:COMBAT|BASEAB|classlevel("APPLIEDAS=NONEPIC")|TYPE=Base.REPLACE
CLASS:Companion	BONUS:SAVE|BASE.Fortitude|classlevel("APPLIEDAS=NONEPIC")/2+2
CLASS:Companion	BONUS:SAVE|BASE.Reflex|classlevel("APPLIEDAS=NONEPIC")/2+2
CLASS:Companion	BONUS:SAVE|BASE.Will|classlevel("APPLIEDAS=NONEPIC")/3
1:REPEATLEVEL:1	DONOTADD:SKILLPOINTS


CLASS:Aristocrat	HD:8		TYPE:Base.NPC	FACT:ClassType|NPC	FACT:Abb|Ari		MAXLEVEL:20	SOURCEPAGE:p.365	BONUS:COMBAT|BASEAB|classlevel("APPLIEDAS=NONEPIC")*3/4|TYPE=Base.REPLACE|PREVAREQ:UseAlternateBABProgression,0	BONUS:VAR|ClassBABModerate|classlevel("APPLIEDAS=NONEPIC")|PREVAREQ:UseFractionalBAB,1	BONUS:SAVE|BASE.Fortitude,BASE.Reflex|classlevel("APPLIEDAS=NONEPIC")/3	BONUS:SAVE|BASE.Will|classlevel("APPLIEDAS=NONEPIC")/2+2
CLASS:Aristocrat	STARTSKILLPTS:4	CSKILL:Appraise|Bluff|Diplomacy|Disguise|Forgery|Gather Information|Handle Animal|Intimidate|TYPE=Knowledge|Listen|TYPE=Perform|Ride|Sense Motive|Speak Language|Spot|Swim|Survival
###Block: 
1	ABILITY:Aristocrat Class Feature|AUTOMATIC|Aristocrat ~ Weapon and Armor Proficiency

CLASS:Commoner	HD:4		TYPE:Base.NPC	FACT:ClassType|NPC	FACT:Abb|Com		MAXLEVEL:20	SOURCEPAGE:p.366	WEAPONBONUS:TYPE=Simple	BONUS:COMBAT|BASEAB|classlevel("APPLIEDAS=NONEPIC")*1/2|TYPE=Base.REPLACE|PREVAREQ:UseAlternateBABProgression,0	BONUS:SAVE|BASE.Fortitude,BASE.Reflex,BASE.Will|classlevel("APPLIEDAS=NONEPIC")/3
CLASS:Commoner	STARTSKILLPTS:2	CSKILL:Climb|TYPE=Craft|Handle Animal|Jump|Listen|TYPE=Profession|Ride|Spot|Swim|Use Rope
###Block: 
1	ABILITY:Commoner Class Feature|AUTOMATIC|Commoner ~ Weapon and Armor Proficiency

CLASS:Expert	HD:6		TYPE:Base.NPC	FACT:ClassType|NPC	FACT:Abb|Exp		MAXLEVEL:20	SOURCEPAGE:p.366	BONUS:COMBAT|BASEAB|classlevel("APPLIEDAS=NONEPIC")*3/4|TYPE=Base.REPLACE|PREVAREQ:UseAlternateBABProgression,0	BONUS:VAR|ClassBABModerate|classlevel("APPLIEDAS=NONEPIC")|PREVAREQ:UseFractionalBAB,1	BONUS:SAVE|BASE.Fortitude,BASE.Reflex|classlevel("APPLIEDAS=NONEPIC")/3	BONUS:SAVE|BASE.Will|classlevel("APPLIEDAS=NONEPIC")/2+2
CLASS:Expert	STARTSKILLPTS:6
###Block: 
1	ABILITY:Expert Class Feature|AUTOMATIC|Expert ~ Weapon and Armor Proficiency
###Block: Class skills
1	ADD:CLASSSKILLS|10|ANY

CLASS:Soldier	HD:8		TYPE:Base.NPC	FACT:ClassType|NPC	FACT:Abb|Sol		MAXLEVEL:20	SOURCEPAGE:p.367	BONUS:COMBAT|BASEAB|classlevel("APPLIEDAS=NONEPIC")|TYPE=Base.REPLACE|PREVAREQ:UseAlternateBABProgression,0	BONUS:SAVE|BASE.Fortitude|classlevel("APPLIEDAS=NONEPIC")/2+2	BONUS:SAVE|BASE.Reflex,BASE.Will|classlevel("APPLIEDAS=NONEPIC")/3
CLASS:Soldier	STARTSKILLPTS:2	CSKILL:Climb|Handle Animal|Intimidate|Jump|Ride|Swim
###Block: 
1	ABILITY:Soldier Class Feature|AUTOMATIC|Soldier ~ Weapon and Armor Proficiency


###Block: Racial Levels for Monsters

# Used from the PCGen RSRD Version - no changes needed at this time.

# Class Name	Hit Dice	Type			Class Type		Max Level		Source Page		Combat bonus															Modify VAR														Bonus
CLASS:Aberration	HD:8		TYPE:Monster	FACT:ClassType|Monster	MAXLEVEL:NOLIMIT	SOURCEPAGE:p.290	BONUS:COMBAT|BASEAB|classlevel("APPLIEDAS=NONEPIC")*3/4|TYPE=Base.REPLACE|PREVAREQ:UseAlternateBABProgression,0	BONUS:VAR|ClassBABModerate|classlevel("APPLIEDAS=NONEPIC")|PREVAREQ:UseFractionalBAB,1	BONUS:SAVE|BASE.Will|classlevel("APPLIEDAS=NONEPIC")/2+2	BONUS:SAVE|BASE.Fortitude,BASE.Reflex|classlevel("APPLIEDAS=NONEPIC")/3
# Class Name	Reg. Race Type
CLASS:Aberration	PRERACETYPE:Aberration
# Class Name	Skill Pts/Lvl	Add INT to Skill Points?
CLASS:Aberration	STARTSKILLPTS:2	MODTOSKILLS:YES

# Class Name	Hit Dice	Type			Class Type		Max Level		Source Page		Combat bonus															Modify VAR														Bonus
CLASS:Animal	HD:8		TYPE:Monster	FACT:ClassType|Monster	MAXLEVEL:NOLIMIT	SOURCEPAGE:p.290	BONUS:COMBAT|BASEAB|classlevel("APPLIEDAS=NONEPIC")*3/4|TYPE=Base.REPLACE|PREVAREQ:UseAlternateBABProgression,0	BONUS:VAR|ClassBABModerate|classlevel("APPLIEDAS=NONEPIC")|PREVAREQ:UseFractionalBAB,1	BONUS:SAVE|BASE.Fortitude,BASE.Reflex|classlevel("APPLIEDAS=NONEPIC")/2+2	BONUS:SAVE|BASE.Will|classlevel("APPLIEDAS=NONEPIC")/3
# Class Name	Prohibited Class			Reg. Race Type
CLASS:Animal	!PRECLASS:1,Animal (Will)=1	PRERACETYPE:Animal
# Class Name	Skill Pts/Lvl	Add INT to Skill Points?
CLASS:Animal	STARTSKILLPTS:2	MODTOSKILLS:YES

# Class Name		Output Name		Hit Dice	Type			Class Type		Max Level		Source Page		Combat bonus															Modify VAR														Bonus
CLASS:Animal (Will)	OUTPUTNAME:Animal	HD:8		TYPE:Monster	FACT:ClassType|Monster	MAXLEVEL:NOLIMIT	SOURCEPAGE:p.290	BONUS:COMBAT|BASEAB|classlevel("APPLIEDAS=NONEPIC")*3/4|TYPE=Base.REPLACE|PREVAREQ:UseAlternateBABProgression,0	BONUS:VAR|ClassBABModerate|classlevel("APPLIEDAS=NONEPIC")|PREVAREQ:UseFractionalBAB,1	BONUS:SAVE|BASE.Fortitude,BASE.Reflex,BASE.Will|classlevel("APPLIEDAS=NONEPIC")/2+2
# Class Name		Prohibited Class		Reg. Race Type
CLASS:Animal (Will)	!PRECLASS:1,Animal=1	PRERACETYPE:Animal
# Class Name		Skill Pts/Lvl	Add INT to Skill Points?
CLASS:Animal (Will)	STARTSKILLPTS:2	MODTOSKILLS:YES

# Class Name	Hit Dice	Type			Class Type		Max Level		Source Page		Combat bonus															Modify VAR														Bonus
CLASS:Construct	HD:10		TYPE:Monster	FACT:ClassType|Monster	MAXLEVEL:NOLIMIT	SOURCEPAGE:p.290	BONUS:COMBAT|BASEAB|classlevel("APPLIEDAS=NONEPIC")*3/4|TYPE=Base.REPLACE|PREVAREQ:UseAlternateBABProgression,0	BONUS:VAR|ClassBABModerate|classlevel("APPLIEDAS=NONEPIC")|PREVAREQ:UseFractionalBAB,1	BONUS:SAVE|BASE.Fortitude,BASE.Reflex,BASE.Will|classlevel("APPLIEDAS=NONEPIC")/3
# Class Name	Reg. Race Type
CLASS:Construct	PRERACETYPE:Construct
# Class Name	Skill Pts/Lvl	Add INT to Skill Points?
CLASS:Construct	STARTSKILLPTS:2	MODTOSKILLS:YES

# Class Name			Output Name			Hit Dice	Type			Class Type		Max Level		Source Page		Levels per Feat	Combat bonus															Modify VAR														Bonus
CLASS:Construct (Mindless)	OUTPUTNAME:Construct	HD:10		TYPE:Monster	FACT:ClassType|Monster	MAXLEVEL:NOLIMIT	SOURCEPAGE:p.290	LEVELSPERFEAT:0	BONUS:COMBAT|BASEAB|classlevel("APPLIEDAS=NONEPIC")*3/4|TYPE=Base.REPLACE|PREVAREQ:UseAlternateBABProgression,0	BONUS:VAR|ClassBABModerate|classlevel("APPLIEDAS=NONEPIC")|PREVAREQ:UseFractionalBAB,1	BONUS:SAVE|BASE.Fortitude,BASE.Reflex,BASE.Will|classlevel("APPLIEDAS=NONEPIC")/3
# Class Name			Reg. Race Type
CLASS:Construct (Mindless)	PRERACETYPE:Construct
# Class Name			Skill Pts/Lvl	Add INT to Skill Points?
CLASS:Construct (Mindless)	STARTSKILLPTS:0	MODTOSKILLS:NO

# Class Name	Hit Dice	Type			Class Type		Max Level		Source Page		Define			Combat bonus										Modify VAR			Bonus
CLASS:Dragon	HD:12		TYPE:Monster	FACT:ClassType|Monster	MAXLEVEL:NOLIMIT	SOURCEPAGE:p.290	DEFINE:DragonLVL|0	BONUS:COMBAT|BASEAB|classlevel("APPLIEDAS=NONEPIC")|TYPE=Base.REPLACE|PREVAREQ:UseAlternateBABProgression,0	BONUS:VAR|DragonLVL|CL	BONUS:SAVE|BASE.Fortitude,BASE.Reflex,BASE.Will|classlevel("APPLIEDAS=NONEPIC")/2+2
# Class Name	Required Var. value			Reg. Race Type
CLASS:Dragon	PREVAREQ:DragonAdvancementCap,0	PRERACETYPE:Dragon
# Class Name	Skill Pts/Lvl	Add INT to Skill Points?
CLASS:Dragon	STARTSKILLPTS:6	MODTOSKILLS:YES

# Class Name	Hit Dice	Type			Class Type		Max Level		Source Page		Combat bonus															Modify VAR														Bonus
CLASS:Elemental	HD:8		TYPE:Monster	FACT:ClassType|Monster	MAXLEVEL:NOLIMIT	SOURCEPAGE:p.290	BONUS:COMBAT|BASEAB|classlevel("APPLIEDAS=NONEPIC")*3/4|TYPE=Base.REPLACE|PREVAREQ:UseAlternateBABProgression,0	BONUS:VAR|ClassBABModerate|classlevel("APPLIEDAS=NONEPIC")|PREVAREQ:UseFractionalBAB,1	BONUS:SAVE|BASE.Reflex|classlevel("APPLIEDAS=NONEPIC")/2+2|PRERACE:1,RACESUBTYPE=Air,RACESUBTYPE=Fire	BONUS:SAVE|BASE.Fortitude,BASE.Will|classlevel("APPLIEDAS=NONEPIC")/3|PRERACE:1,RACESUBTYPE=Air,RACESUBTYPE=Fire	BONUS:SAVE|BASE.Fortitude|classlevel("APPLIEDAS=NONEPIC")/2+2|PRERACE:1,RACESUBTYPE=Earth,RACESUBTYPE=Water	BONUS:SAVE|BASE.Will,BASE.Reflex|classlevel("APPLIEDAS=NONEPIC")/3|PRERACE:1,RACESUBTYPE=Earth,RACESUBTYPE=Water
# Class Name	Reg. Race Type
CLASS:Elemental	PRERACETYPE:Elemental
# Class Name	Skill Pts/Lvl	Add INT to Skill Points?
CLASS:Elemental	STARTSKILLPTS:2	MODTOSKILLS:YES

# Class Name			Output Name			Hit Dice	Type			Class Type		Max Level		Source Page		Combat bonus															Modify VAR														Bonus
CLASS:Elemental (Air/Fire)	OUTPUTNAME:Elemental	HD:8		TYPE:Monster	FACT:ClassType|Monster	MAXLEVEL:NOLIMIT	SOURCEPAGE:p.290	BONUS:COMBAT|BASEAB|classlevel("APPLIEDAS=NONEPIC")*3/4|TYPE=Base.REPLACE|PREVAREQ:UseAlternateBABProgression,0	BONUS:VAR|ClassBABModerate|classlevel("APPLIEDAS=NONEPIC")|PREVAREQ:UseFractionalBAB,1	BONUS:SAVE|BASE.Reflex|classlevel("APPLIEDAS=NONEPIC")/2+2	BONUS:SAVE|BASE.Fortitude,BASE.Will|classlevel("APPLIEDAS=NONEPIC")/3
# Class Name			Reg. Race Type
CLASS:Elemental (Air/Fire)	PRERACETYPE:Elemental
# Class Name			Skill Pts/Lvl	Add INT to Skill Points?
CLASS:Elemental (Air/Fire)	STARTSKILLPTS:2	MODTOSKILLS:YES

# Class Name			Output Name			Hit Dice	Type			Class Type		Max Level		Source Page		Combat bonus															Modify VAR														Bonus
CLASS:Elemental (Earth/Water)	OUTPUTNAME:Elemental	HD:8		TYPE:Monster	FACT:ClassType|Monster	MAXLEVEL:NOLIMIT	SOURCEPAGE:p.290	BONUS:COMBAT|BASEAB|classlevel("APPLIEDAS=NONEPIC")*3/4|TYPE=Base.REPLACE|PREVAREQ:UseAlternateBABProgression,0	BONUS:VAR|ClassBABModerate|classlevel("APPLIEDAS=NONEPIC")|PREVAREQ:UseFractionalBAB,1	BONUS:SAVE|BASE.Fortitude|classlevel("APPLIEDAS=NONEPIC")/2+2	BONUS:SAVE|BASE.Will,BASE.Reflex|classlevel("APPLIEDAS=NONEPIC")/3
# Class Name			Reg. Race Type
CLASS:Elemental (Earth/Water)	PRERACETYPE:Elemental
# Class Name			Skill Pts/Lvl	Add INT to Skill Points?
CLASS:Elemental (Earth/Water)	STARTSKILLPTS:2	MODTOSKILLS:YES

# Class Name			Hit Dice	Type			Class Type		Max Level		Source Page		Levels per Feat	Combat bonus															Modify VAR														Bonus
CLASS:Elemental (Mindless)	HD:8		TYPE:Monster	FACT:ClassType|Monster	MAXLEVEL:NOLIMIT	SOURCEPAGE:p.290	LEVELSPERFEAT:0	BONUS:COMBAT|BASEAB|classlevel("APPLIEDAS=NONEPIC")*3/4|TYPE=Base.REPLACE|PREVAREQ:UseAlternateBABProgression,0	BONUS:VAR|ClassBABModerate|classlevel("APPLIEDAS=NONEPIC")|PREVAREQ:UseFractionalBAB,1	BONUS:SAVE|BASE.Reflex|classlevel("APPLIEDAS=NONEPIC")/2+2|PRERACE:1,RACESUBTYPE=Air,RACESUBTYPE=Fire	BONUS:SAVE|BASE.Fortitude,BASE.Will|classlevel("APPLIEDAS=NONEPIC")/3|PRERACE:1,RACESUBTYPE=Air,RACESUBTYPE=Fire	BONUS:SAVE|BASE.Fortitude|classlevel("APPLIEDAS=NONEPIC")/2+2|PRERACE:1,RACESUBTYPE=Earth,RACESUBTYPE=Water	BONUS:SAVE|BASE.Will,BASE.Reflex|classlevel("APPLIEDAS=NONEPIC")/3|PRERACE:1,RACESUBTYPE=Earth,RACESUBTYPE=Water
# Class Name			Reg. Race Type
CLASS:Elemental (Mindless)	PRERACETYPE:Elemental
# Class Name			Skill Pts/Lvl	Add INT to Skill Points?
CLASS:Elemental (Mindless)	STARTSKILLPTS:0	MODTOSKILLS:NO

# Class Name	Hit Dice	Type			Class Type		Max Level		Source Page		Ability													Combat bonus															Modify VAR													Bonus
CLASS:Fey		HD:6		TYPE:Monster	FACT:ClassType|Monster	MAXLEVEL:NOLIMIT	SOURCEPAGE:p.290		BONUS:COMBAT|BASEAB|classlevel("APPLIEDAS=NONEPIC")*1/2|TYPE=Base.REPLACE|PREVAREQ:UseAlternateBABProgression,0	BONUS:VAR|ClassBABPoor|classlevel("APPLIEDAS=NONEPIC")|PREVAREQ:UseFractionalBAB,1	BONUS:SAVE|BASE.Will,BASE.Reflex|classlevel("APPLIEDAS=NONEPIC")/2+2	BONUS:SAVE|BASE.Fortitude|classlevel("APPLIEDAS=NONEPIC")/3
# Class Name	Reg. Race Type
CLASS:Fey		PRERACETYPE:Fey
# Class Name	Skill Pts/Lvl	Add INT to Skill Points?
CLASS:Fey		STARTSKILLPTS:6	MODTOSKILLS:YES
#	ABILITY:Special Ability|AUTOMATIC|Fey Proficiencies|PREVAREQ:NoTypeProficiencies,0

# Class Name	Hit Dice	Type			Class Type		Max Level		Source Page		Ability														Combat bonus															Modify VAR														Bonus
CLASS:Giant		HD:8		TYPE:Monster	FACT:ClassType|Monster	MAXLEVEL:NOLIMIT	SOURCEPAGE:p.290		BONUS:COMBAT|BASEAB|classlevel("APPLIEDAS=NONEPIC")*3/4|TYPE=Base.REPLACE|PREVAREQ:UseAlternateBABProgression,0	BONUS:VAR|ClassBABModerate|classlevel("APPLIEDAS=NONEPIC")|PREVAREQ:UseFractionalBAB,1	BONUS:SAVE|BASE.Fortitude|classlevel("APPLIEDAS=NONEPIC")/2+2	BONUS:SAVE|BASE.Reflex,BASE.Will|classlevel("APPLIEDAS=NONEPIC")/3
# Class Name	Reg. Race Type
CLASS:Giant		PRERACETYPE:Giant
# Class Name	Skill Pts/Lvl	Add INT to Skill Points?
CLASS:Giant		STARTSKILLPTS:2	MODTOSKILLS:YES
#	ABILITY:Special Ability|AUTOMATIC|Giant Proficiencies|PREVAREQ:NoTypeProficiencies,0

# Class Name	Hit Dice	Type			Class Type		Max Level		Source Page		Ability														Combat bonus															Modify VAR														Bonus
CLASS:Humanoid	HD:8		TYPE:Monster	FACT:ClassType|Monster	MAXLEVEL:NOLIMIT	SOURCEPAGE:p.290		BONUS:COMBAT|BASEAB|classlevel("APPLIEDAS=NONEPIC")*3/4|TYPE=Base.REPLACE|PREVAREQ:UseAlternateBABProgression,0	BONUS:VAR|ClassBABModerate|classlevel("APPLIEDAS=NONEPIC")|PREVAREQ:UseFractionalBAB,1	BONUS:SAVE|BASE.Reflex|classlevel("APPLIEDAS=NONEPIC")/2+2	BONUS:SAVE|BASE.Fortitude,BASE.Will|classlevel("APPLIEDAS=NONEPIC")/3
# Class Name	Prohibited Class							Reg. Race Type
CLASS:Humanoid	!PRECLASS:1,Humanoid (Fortitude)=1,Humanoid (Will)=1	PRERACETYPE:Humanoid
# Class Name	Skill Pts/Lvl	Add INT to Skill Points?
CLASS:Humanoid	STARTSKILLPTS:2	MODTOSKILLS:YES
#	ABILITY:Special Ability|AUTOMATIC|Humanoid Proficiencies|PREVAREQ:NoTypeProficiencies,0

# Class Name			Output Name			Hit Dice	Type			Class Type		Max Level		Source Page		Ability														Combat bonus															Modify VAR														Bonus
CLASS:Humanoid (Fortitude)	OUTPUTNAME:Humanoid	HD:8		TYPE:Monster	FACT:ClassType|Monster	MAXLEVEL:NOLIMIT	SOURCEPAGE:p.290		BONUS:COMBAT|BASEAB|classlevel("APPLIEDAS=NONEPIC")*3/4|TYPE=Base.REPLACE|PREVAREQ:UseAlternateBABProgression,0	BONUS:VAR|ClassBABModerate|classlevel("APPLIEDAS=NONEPIC")|PREVAREQ:UseFractionalBAB,1	BONUS:SAVE|BASE.Fortitude|classlevel("APPLIEDAS=NONEPIC")/2+2	BONUS:SAVE|BASE.Reflex,BASE.Will|classlevel("APPLIEDAS=NONEPIC")/3
# Class Name			Prohibited Class					Reg. Race Type
CLASS:Humanoid (Fortitude)	!PRECLASS:1,Humanoid=1,Humanoid (Will)=1	PRERACETYPE:Humanoid
# Class Name			Skill Pts/Lvl	Add INT to Skill Points?
CLASS:Humanoid (Fortitude)	STARTSKILLPTS:2	MODTOSKILLS:YES
#	ABILITY:Special Ability|AUTOMATIC|Humanoid Proficiencies|PREVAREQ:NoTypeProficiencies,0

# Class Name		Output Name			Hit Dice	Type			Class Type		Max Level		Source Page		Ability														Combat bonus															Modify VAR														Bonus
CLASS:Humanoid (Will)	OUTPUTNAME:Humanoid	HD:8		TYPE:Monster	FACT:ClassType|Monster	MAXLEVEL:NOLIMIT	SOURCEPAGE:p.290		BONUS:COMBAT|BASEAB|classlevel("APPLIEDAS=NONEPIC")*3/4|TYPE=Base.REPLACE|PREVAREQ:UseAlternateBABProgression,0	BONUS:VAR|ClassBABModerate|classlevel("APPLIEDAS=NONEPIC")|PREVAREQ:UseFractionalBAB,1	BONUS:SAVE|BASE.Fortitude,BASE.Reflex|classlevel("APPLIEDAS=NONEPIC")/3	BONUS:SAVE|BASE.Will|classlevel("APPLIEDAS=NONEPIC")/2+2
# Class Name		Prohibited Class						Reg. Race Type
CLASS:Humanoid (Will)	!PRECLASS:1,Humanoid=1,Humanoid (Fortitude)=1	PRERACETYPE:Humanoid
# Class Name		Skill Pts/Lvl	Add INT to Skill Points?
CLASS:Humanoid (Will)	STARTSKILLPTS:2	MODTOSKILLS:YES
#	ABILITY:Special Ability|AUTOMATIC|Humanoid Proficiencies|PREVAREQ:NoTypeProficiencies,0

# Class Name		Hit Dice	Type			Class Type		Max Level		Source Page		Combat bonus										Bonus
CLASS:Magical Beast	HD:10		TYPE:Monster	FACT:ClassType|Monster	MAXLEVEL:NOLIMIT	SOURCEPAGE:p.290	BONUS:COMBAT|BASEAB|classlevel("APPLIEDAS=NONEPIC")|TYPE=Base.REPLACE|PREVAREQ:UseAlternateBABProgression,0	BONUS:SAVE|BASE.Fortitude,BASE.Reflex|classlevel("APPLIEDAS=NONEPIC")/2+2	BONUS:SAVE|BASE.Will|classlevel("APPLIEDAS=NONEPIC")/3
# Class Name		Reg. Race Type
CLASS:Magical Beast	PRERACETYPE:Magical Beast
# Class Name		Skill Pts/Lvl	Add INT to Skill Points?
CLASS:Magical Beast	STARTSKILLPTS:2	MODTOSKILLS:YES

# Class Name			Hit Dice	Type			Class Type		Max Level		Source Page		Ability																Combat bonus										Bonus
CLASS:Monstrous humanoid	HD:8		TYPE:Monster	FACT:ClassType|Monster	MAXLEVEL:NOLIMIT	SOURCEPAGE:p.290		BONUS:COMBAT|BASEAB|classlevel("APPLIEDAS=NONEPIC")|TYPE=Base.REPLACE|PREVAREQ:UseAlternateBABProgression,0	BONUS:SAVE|BASE.Will,BASE.Reflex|classlevel("APPLIEDAS=NONEPIC")/2+2	BONUS:SAVE|BASE.Fortitude|classlevel("APPLIEDAS=NONEPIC")/3
# Class Name			Reg. Race Type
CLASS:Monstrous humanoid	PRERACETYPE:Monstrous humanoid
# Class Name			Skill Pts/Lvl	Add INT to Skill Points?
CLASS:Monstrous humanoid	STARTSKILLPTS:2	MODTOSKILLS:YES
#	ABILITY:Special Ability|AUTOMATIC|Monstrous Humanoid Proficiencies|PREVAREQ:NoTypeProficiencies,0

# Class Name	Hit Dice	Type			Class Type		Max Level		Source Page		Levels per Feat	Combat bonus															Modify VAR														Bonus
CLASS:Ooze		HD:10		TYPE:Monster	FACT:ClassType|Monster	MAXLEVEL:NOLIMIT	SOURCEPAGE:p.290	LEVELSPERFEAT:0	BONUS:COMBAT|BASEAB|classlevel("APPLIEDAS=NONEPIC")*3/4|TYPE=Base.REPLACE|PREVAREQ:UseAlternateBABProgression,0	BONUS:VAR|ClassBABModerate|classlevel("APPLIEDAS=NONEPIC")|PREVAREQ:UseFractionalBAB,1	BONUS:SAVE|BASE.Fortitude,BASE.Reflex,BASE.Will|classlevel("APPLIEDAS=NONEPIC")/3
# Class Name	Reg. Race Type
CLASS:Ooze		PRERACETYPE:Ooze
# Class Name	Skill Pts/Lvl	Add INT to Skill Points?
CLASS:Ooze		STARTSKILLPTS:0	MODTOSKILLS:NO

# Class Name			Output Name		Hit Dice	Type			Class Type		Max Level		Source Page		Combat bonus															Modify VAR														Bonus
CLASS:Ooze (Intelligent)	OUTPUTNAME:Ooze	HD:10		TYPE:Monster	FACT:ClassType|Monster	MAXLEVEL:NOLIMIT	SOURCEPAGE:p.290	BONUS:COMBAT|BASEAB|classlevel("APPLIEDAS=NONEPIC")*3/4|TYPE=Base.REPLACE|PREVAREQ:UseAlternateBABProgression,0	BONUS:VAR|ClassBABModerate|classlevel("APPLIEDAS=NONEPIC")|PREVAREQ:UseFractionalBAB,1	BONUS:SAVE|BASE.Fortitude,BASE.Reflex,BASE.Will|classlevel("APPLIEDAS=NONEPIC")/3
# Class Name			Reg. Race Type
CLASS:Ooze (Intelligent)	PRERACETYPE:Ooze
# Class Name			Skill Pts/Lvl	Add INT to Skill Points?
CLASS:Ooze (Intelligent)	STARTSKILLPTS:2	MODTOSKILLS:YES

# Class Name	Hit Dice	Type			Class Type		Max Level		Source Page		Ability														Combat bonus										Bonus
CLASS:Outsider	HD:8		TYPE:Monster	FACT:ClassType|Monster	MAXLEVEL:NOLIMIT	SOURCEPAGE:p.290		BONUS:COMBAT|BASEAB|classlevel("APPLIEDAS=NONEPIC")|TYPE=Base.REPLACE|PREVAREQ:UseAlternateBABProgression,0	BONUS:SAVE|BASE.Fortitude,BASE.Reflex,BASE.Will|classlevel("APPLIEDAS=NONEPIC")/2+2
# Class Name	Reg. Race Type
CLASS:Outsider	PRERACETYPE:Outsider
# Class Name	Skill Pts/Lvl	Add INT to Skill Points?
CLASS:Outsider	STARTSKILLPTS:8	MODTOSKILLS:YES
#ABILITY:Special Ability|AUTOMATIC|Outsider Proficiencies|PREVAREQ:NoTypeProficiencies,0

# Class Name	Hit Dice	Type			Class Type		Max Level		Source Page		Combat bonus															Modify VAR														Bonus
CLASS:Plant		HD:8		TYPE:Monster	FACT:ClassType|Monster	MAXLEVEL:NOLIMIT	SOURCEPAGE:p.290	BONUS:COMBAT|BASEAB|classlevel("APPLIEDAS=NONEPIC")*3/4|TYPE=Base.REPLACE|PREVAREQ:UseAlternateBABProgression,0	BONUS:VAR|ClassBABModerate|classlevel("APPLIEDAS=NONEPIC")|PREVAREQ:UseFractionalBAB,1	BONUS:SAVE|BASE.Fortitude|classlevel("APPLIEDAS=NONEPIC")/2+2	BONUS:SAVE|BASE.Will,BASE.Reflex|classlevel("APPLIEDAS=NONEPIC")/3
# Class Name	Reg. Race Type
CLASS:Plant		PRERACETYPE:Plant
# Class Name	Skill Pts/Lvl	Add INT to Skill Points?
CLASS:Plant		STARTSKILLPTS:2	MODTOSKILLS:YES

# Class Name		Output Name		Hit Dice	Type			Class Type		Max Level		Source Page		Levels per Feat	Combat bonus															Modify VAR														Bonus
CLASS:Plant (Mindless)	OUTPUTNAME:Plant	HD:8		TYPE:Monster	FACT:ClassType|Monster	MAXLEVEL:NOLIMIT	SOURCEPAGE:p.290	LEVELSPERFEAT:0	BONUS:COMBAT|BASEAB|classlevel("APPLIEDAS=NONEPIC")*3/4|TYPE=Base.REPLACE|PREVAREQ:UseAlternateBABProgression,0	BONUS:VAR|ClassBABModerate|classlevel("APPLIEDAS=NONEPIC")|PREVAREQ:UseFractionalBAB,1	BONUS:SAVE|BASE.Fortitude|classlevel("APPLIEDAS=NONEPIC")/2+2	BONUS:SAVE|BASE.Will,BASE.Reflex|classlevel("APPLIEDAS=NONEPIC")/3
# Class Name		Reg. Race Type
CLASS:Plant (Mindless)	PRERACETYPE:Plant
# Class Name		Skill Pts/Lvl	Add INT to Skill Points?
CLASS:Plant (Mindless)	STARTSKILLPTS:0	MODTOSKILLS:NO

# Class Name	Hit Dice	Type			Class Type		Max Level		Source Page		Ability														Combat bonus															Modify VAR													Bonus
CLASS:Undead	HD:12		TYPE:Monster	FACT:ClassType|Monster	MAXLEVEL:NOLIMIT	SOURCEPAGE:p.290		BONUS:COMBAT|BASEAB|classlevel("APPLIEDAS=NONEPIC")*1/2|TYPE=Base.REPLACE|PREVAREQ:UseAlternateBABProgression,0	BONUS:VAR|ClassBABPoor|classlevel("APPLIEDAS=NONEPIC")|PREVAREQ:UseFractionalBAB,1	BONUS:SAVE|BASE.Will|classlevel("APPLIEDAS=NONEPIC")/2+2	BONUS:SAVE|BASE.Fortitude,BASE.Reflex|classlevel("APPLIEDAS=NONEPIC")/3
# Class Name	Reg. Race Type
CLASS:Undead	PRERACETYPE:Undead
# Class Name	Skill Pts/Lvl	Add INT to Skill Points?
CLASS:Undead	STARTSKILLPTS:4	MODTOSKILLS:YES
#	ABILITY:Special Ability|AUTOMATIC|Undead Proficiencies|PREVAREQ:NoTypeProficiencies,0
# Class Name		Output Name		Hit Dice	Type			Class Type		Max Level		Source Page		Levels per Feat	Ability														Combat bonus															Modify VAR													Bonus
CLASS:Undead (Mindless)	OUTPUTNAME:Undead	HD:12		TYPE:Monster	FACT:ClassType|Monster	MAXLEVEL:NOLIMIT	SOURCEPAGE:p.290	LEVELSPERFEAT:0		BONUS:COMBAT|BASEAB|classlevel("APPLIEDAS=NONEPIC")*1/2|TYPE=Base.REPLACE|PREVAREQ:UseAlternateBABProgression,0	BONUS:VAR|ClassBABPoor|classlevel("APPLIEDAS=NONEPIC")|PREVAREQ:UseFractionalBAB,1	BONUS:SAVE|BASE.Will|classlevel("APPLIEDAS=NONEPIC")/2+2	BONUS:SAVE|BASE.Fortitude,BASE.Reflex|classlevel("APPLIEDAS=NONEPIC")/3
# Class Name		Reg. Race Type
CLASS:Undead (Mindless)	PRERACETYPE:Undead
# Class Name		Skill Pts/Lvl	Add INT to Skill Points?
CLASS:Undead (Mindless)	STARTSKILLPTS:0	MODTOSKILLS:NO
#	ABILITY:Special Ability|AUTOMATIC|Undead Proficiencies|PREVAREQ:NoTypeProficiencies,0
# Class Name	Hit Dice	Type			Class Type		Max Level		Source Page		Levels per Feat	Combat bonus															Modify VAR														Bonus
CLASS:Vermin	HD:8		TYPE:Monster	FACT:ClassType|Monster	MAXLEVEL:NOLIMIT	SOURCEPAGE:p.290	LEVELSPERFEAT:0	BONUS:COMBAT|BASEAB|classlevel("APPLIEDAS=NONEPIC")*3/4|TYPE=Base.REPLACE|PREVAREQ:UseAlternateBABProgression,0	BONUS:VAR|ClassBABModerate|classlevel("APPLIEDAS=NONEPIC")|PREVAREQ:UseFractionalBAB,1	BONUS:SAVE|BASE.Fortitude|classlevel("APPLIEDAS=NONEPIC")/2+2	BONUS:SAVE|BASE.Will,BASE.Reflex|classlevel("APPLIEDAS=NONEPIC")/3
# Class Name	Reg. Race Type
CLASS:Vermin	PRERACETYPE:Vermin
# Class Name	Skill Pts/Lvl	Add INT to Skill Points?
CLASS:Vermin	STARTSKILLPTS:0	MODTOSKILLS:NO

# Class Name			Output Name		Hit Dice	Type			Class Type		Max Level		Source Page		Combat bonus															Modify VAR														Bonus
CLASS:Vermin (Intelligent)	OUTPUTNAME:Vermin	HD:8		TYPE:Monster	FACT:ClassType|Monster	MAXLEVEL:NOLIMIT	SOURCEPAGE:p.290	BONUS:COMBAT|BASEAB|classlevel("APPLIEDAS=NONEPIC")*3/4|TYPE=Base.REPLACE|PREVAREQ:UseAlternateBABProgression,0	BONUS:VAR|ClassBABModerate|classlevel("APPLIEDAS=NONEPIC")|PREVAREQ:UseFractionalBAB,1	BONUS:SAVE|BASE.Fortitude|classlevel("APPLIEDAS=NONEPIC")/2+2	BONUS:SAVE|BASE.Will,BASE.Reflex|classlevel("APPLIEDAS=NONEPIC")/3
# Class Name			Reg. Race Type
CLASS:Vermin (Intelligent)	PRERACETYPE:Vermin
# Class Name			Skill Pts/Lvl	Add INT to Skill Points?
CLASS:Vermin (Intelligent)	STARTSKILLPTS:2	MODTOSKILLS:YES
