
###Block: Familiar
FOLLOWER:FamiliarLVL=1		TYPE:Familiar	ABILITY:Special Ability|AUTOMATIC|Familiar ~ Alertness|Familiar ~ Empathic Link|Familiar ~ Improved Evasion|Familiar ~ Share Spells			BONUS:COMBAT|AC|(MasterLevel+1)/2|TYPE=NaturalArmor	DEFINESTAT:MINVALUE|INT|5+((MasterLevel+1)/2)	DEFINE:MasterLevel|0	BONUS:VAR|MasterLevel|mastervar("FamiliarLVL")	USEMASTERSKILL:YES	COPYMASTERBAB:MASTER	COPYMASTERCHECK:MASTER	COPYMASTERHP:max(1,MASTER/2)
FOLLOWER:FamiliarLVL=3		TYPE:Familiar	ABILITY:Special Ability|AUTOMATIC|Familiar ~ Deliver Touch Spells
FOLLOWER:FamiliarLVL=5		TYPE:Familiar	ABILITY:Special Ability|AUTOMATIC|Familiar ~ Speak with Master
FOLLOWER:FamiliarLVL=9		TYPE:Familiar	ABILITY:Special Ability|AUTOMATIC|Familiar ~ Spell Resistance
FOLLOWER:FamiliarLVL=11		TYPE:Familiar	ABILITY:Special Ability|AUTOMATIC|Familiar ~ Scry

MASTERBONUSRACE:Familiar ~ Bat	TYPE:Familiar	ABILITY:Special Ability|AUTOMATIC|Familiar ~ Bat
MASTERBONUSRACE:Familiar ~ Cat	TYPE:Familiar	ABILITY:Special Ability|AUTOMATIC|Familiar ~ Cat
MASTERBONUSRACE:Familiar ~ Hawk	TYPE:Familiar	ABILITY:Special Ability|AUTOMATIC|Familiar ~ Hawk
MASTERBONUSRACE:Familiar ~ Lizard	TYPE:Familiar	ABILITY:Special Ability|AUTOMATIC|Familiar ~ Lizard
MASTERBONUSRACE:Familiar ~ Owl	TYPE:Familiar	ABILITY:Special Ability|AUTOMATIC|Familiar ~ Owl
MASTERBONUSRACE:Familiar ~ Rat	TYPE:Familiar	ABILITY:Special Ability|AUTOMATIC|Familiar ~ Rat
MASTERBONUSRACE:Familiar ~ Raven	TYPE:Familiar	ABILITY:Special Ability|AUTOMATIC|Familiar ~ Raven
MASTERBONUSRACE:Familiar ~ Snake	TYPE:Familiar	ABILITY:Special Ability|AUTOMATIC|Familiar ~ Snake
MASTERBONUSRACE:Familiar ~ Toad	TYPE:Familiar	ABILITY:Special Ability|AUTOMATIC|Familiar ~ Toad
MASTERBONUSRACE:Familiar ~ Weasel	TYPE:Familiar	ABILITY:Special Ability|AUTOMATIC|Familiar ~ Weasel

###Block: Animal Companion
FOLLOWER:AnimalCompanionLVL=1		TYPE:Animal Companion		ABILITY:Special Ability|AUTOMATIC|Animal Companion ~ Link|Animal Companion ~ Share Spells	DEFINE:MasterLevel|0	BONUS:VAR|MasterLevel|mastervar("AnimalCompanionLVL")	BONUS:COMBAT|AC|2*(MasterLevel/3)|TYPE=NaturalArmor	BONUS:STAT|STR,DEX|(MasterLevel/3)	BONUS:VAR|BonusTricks|(MasterLevel/3)+1
FOLLOWER:AnimalCompanionLVL=3		TYPE:Animal Companion	HD:2	ABILITY:Special Ability|AUTOMATIC|Animal Companion ~ Evasion
FOLLOWER:AnimalCompanionLVL=6		TYPE:Animal Companion	HD:2	ABILITY:Special Ability|AUTOMATIC|Animal Companion ~ Devotion
FOLLOWER:AnimalCompanionLVL=9		TYPE:Animal Companion	HD:2	ABILITY:Special Ability|AUTOMATIC|Animal Companion ~ Multiattack
FOLLOWER:AnimalCompanionLVL=12	TYPE:Animal Companion	HD:2
FOLLOWER:AnimalCompanionLVL=15	TYPE:Animal Companion	HD:2	ABILITY:Special Ability|AUTOMATIC|Animal Companion ~ Improved Evasion
FOLLOWER:AnimalCompanionLVL=18	TYPE:Animal Companion	HD:2

###Block: Hunter Companion
FOLLOWER:HunterCompanionLVL=5		TYPE:Hunter Companion		ABILITY:Special Ability|AUTOMATIC|Hunter Companion ~ Evasion|Hunter Companion ~ Link
FOLLOWER:HunterCompanionLVL=7		TYPE:Hunter Companion		ABILITY:Special Ability|AUTOMATIC|Hunter Companion ~ Devotion|Hunter Companion ~ Share Aspect
FOLLOWER:HunterCompanionLVL=9		TYPE:Hunter Companion	HD:1	ABILITY:Special Ability|AUTOMATIC|Hunter Companion ~ Multiattack
FOLLOWER:HunterCompanionLVL=15	TYPE:Hunter Companion		ABILITY:Special Ability|AUTOMATIC|Hunter Companion ~ Improved Evasion
FOLLOWER:HunterCompanionLVL=18	TYPE:Hunter Companion	HD:1

###Block: Superior Mount
FOLLOWER:SuperiorMountLVL=1	TYPE:Superior Mount	HD:2	BONUS:COMBAT|AC|2*((MasterLevel+1)/2)|TYPE=NaturalArmor	BONUS:STAT|STR|((MasterLevel+1)/2)	DEFINESTAT:MINVALUE|INT|5+((MasterLevel+1)/2)	BONUS:VAR|MasterLevel|MASTERVAR("SuperiorMountLVL")	ABILITY:Special Ability|AUTOMATIC|Superior Mount ~ Extra Tricks
FOLLOWER:SuperiorMountLVL=3	TYPE:Superior Mount	HD:2	ABILITY:Special Ability|AUTOMATIC|Superior Mount ~ Improved Evasion
FOLLOWER:SuperiorMountLVL=5	TYPE:Superior Mount	HD:2	ABILITY:Special Ability|AUTOMATIC|Superior Mount ~ Share Saving Throws
FOLLOWER:SuperiorMountLVL=8	TYPE:Superior Mount	HD:2	ABILITY:Special Ability|AUTOMATIC|Superior Mount ~ Blood Bond
