SOURCELONG:World of Warcraft	SOURCESHORT:WoW	SOURCEDATE:2006-11

Dwarf		XTRASKILLPTSPERLVL:ExtraSkillPoint	STARTFEATS:1	FACT:HasFirstLevelFeat|True	SIZE:M	FACT:BaseSize|M	MOVE:Walk,20	FACE:5,5	REACH:5	ABILITY:Internal|AUTOMATIC|Race Traits ~ Dwarf		LEGS:2	HANDS:2	RACETYPE:Humanoid	RACESUBTYPE:Dwarf		TYPE:Humanoid.PC	CR:1/2		SOURCEPAGE:p.34												DESC:The Dwarven race. For any sub-races, select this as your race, and then review the 'Race Traits' tab under 'Feats &amp; Abilities'. Use sub-race 'Hill' for a standard PH dwarf		SORTKEY:A1
Elf		XTRASKILLPTSPERLVL:ExtraSkillPoint	STARTFEATS:1	FACT:HasFirstLevelFeat|True	SIZE:M	FACT:BaseSize|M	MOVE:Walk,30	FACE:5,5	REACH:5	ABILITY:Internal|AUTOMATIC|Race Traits ~ Elf		LEGS:2	HANDS:2	RACETYPE:Humanoid	RACESUBTYPE:Elf		TYPE:Humanoid.PC	CR:1/2		SOURCEPAGE:p.36												DESC:The Elven race. For any sub-races, select this as your race, and then review the 'Race Traits' tab under 'Feats &amp; Abilities'. Use sub-race 'High' for a standard PH elf			SORTKEY:A2
Gnome		XTRASKILLPTSPERLVL:ExtraSkillPoint	STARTFEATS:1	FACT:HasFirstLevelFeat|True	SIZE:S	FACT:BaseSize|S	MOVE:Walk,20	FACE:5,5	REACH:5	ABILITY:Internal|AUTOMATIC|Race Traits ~ Gnome		LEGS:2	HANDS:2	RACETYPE:Humanoid	RACESUBTYPE:Gnome		TYPE:Humanoid.PC	CR:1/2		SOURCEPAGE:p.40												DESC:The Gnomish race. For any sub-races, select this as your race, and then review the 'Race Traits' tab under 'Feats &amp; Abilities'. Use sub-race 'Rock' for a standard PH gnome		SORTKEY:A3
Goblin	XTRASKILLPTSPERLVL:ExtraSkillPoint	STARTFEATS:1	FACT:HasFirstLevelFeat|True	SIZE:S	FACT:BaseSize|S	MOVE:Walk,30	FACE:5,5	REACH:5	ABILITY:Internal|AUTOMATIC|Race Traits ~ Goblin		LEGS:2	HANDS:2	RACETYPE:Humanoid	RACESUBTYPE:Goblin	TYPE:Humanoid.PC	CR:1/2		SOURCEPAGE:p.41
Human		XTRASKILLPTSPERLVL:ExtraSkillPoint	STARTFEATS:1	FACT:HasFirstLevelFeat|True	SIZE:M	FACT:BaseSize|M	MOVE:Walk,30	FACE:5,5	REACH:5	ABILITY:Internal|AUTOMATIC|Race Traits ~ Human		LEGS:2	HANDS:2	RACETYPE:Humanoid	RACESUBTYPE:Human		TYPE:Humanoid.PC	CR:1/2		SOURCEPAGE:p.43												DESC:The Human race.																													SORTKEY:A4
Orc		XTRASKILLPTSPERLVL:ExtraSkillPoint	STARTFEATS:1	FACT:HasFirstLevelFeat|True	SIZE:M	FACT:BaseSize|M	MOVE:Walk,30	FACE:5,5	REACH:5	ABILITY:Internal|AUTOMATIC|Race Traits ~ Orc		LEGS:2	HANDS:2	RACETYPE:Humanoid	RACESUBTYPE:Orc		TYPE:Humanoid.PC	CR:1/2		SOURCEPAGE:p.45
Tauren	XTRASKILLPTSPERLVL:ExtraSkillPoint	STARTFEATS:1	FACT:HasFirstLevelFeat|True	SIZE:M	FACT:BaseSize|M	MOVE:Walk,30	FACE:5,5	REACH:5	ABILITY:Internal|AUTOMATIC|Race Traits ~ Tauren		LEGS:2	HANDS:2	RACETYPE:Humanoid	RACESUBTYPE:Tauren	TYPE:Humanoid.PC	CR:1/2		SOURCEPAGE:p.46
Troll		XTRASKILLPTSPERLVL:ExtraSkillPoint	STARTFEATS:1	FACT:HasFirstLevelFeat|True	SIZE:M	FACT:BaseSize|M	MOVE:Walk,30	FACE:5,5	REACH:5	ABILITY:Internal|AUTOMATIC|Race Traits ~ Troll		LEGS:2	HANDS:2	RACETYPE:Humanoid	RACESUBTYPE:Troll		TYPE:Humanoid.PC	CR:1/2		SOURCEPAGE:p.49
Forsaken	XTRASKILLPTSPERLVL:ExtraSkillPoint	STARTFEATS:1	FACT:HasFirstLevelFeat|True	SIZE:M	FACT:BaseSize|M	MOVE:Walk,30	FACE:5,5	REACH:5	ABILITY:Internal|AUTOMATIC|Race Traits ~ Forsaken	LEGS:2	HANDS:2	RACETYPE:Humanoid	RACESUBTYPE:Forsaken	TYPE:Humanoid.PC	CR:1/2		SOURCEPAGE:p.51
#

###Block: Familiars
Bat		KEY:Familiar ~ Bat		STARTFEATS:1	FACT:HasFirstLevelFeat|True	SIZE:T	FACT:BaseSize|T
Cat		KEY:Familiar ~ Cat		STARTFEATS:1	FACT:HasFirstLevelFeat|True	SIZE:T	FACT:BaseSize|T
Hawk		KEY:Familiar ~ Hawk		STARTFEATS:1	FACT:HasFirstLevelFeat|True	SIZE:T	FACT:BaseSize|T
Lizard	KEY:Familiar ~ Lizard		STARTFEATS:1	FACT:HasFirstLevelFeat|True	SIZE:T	FACT:BaseSize|T
Owl		KEY:Familiar ~ Owl		STARTFEATS:1	FACT:HasFirstLevelFeat|True	SIZE:T	FACT:BaseSize|T
Rat		KEY:Familiar ~ Rat		STARTFEATS:1	FACT:HasFirstLevelFeat|True	SIZE:T	FACT:BaseSize|T
Raven		KEY:Familiar ~ Raven		STARTFEATS:1	FACT:HasFirstLevelFeat|True	SIZE:T	FACT:BaseSize|T
Snake		KEY:Familiar ~ Snake		STARTFEATS:1	FACT:HasFirstLevelFeat|True	SIZE:T	FACT:BaseSize|T
Toad		KEY:Familiar ~ Toad		STARTFEATS:1	FACT:HasFirstLevelFeat|True	SIZE:T	FACT:BaseSize|T
Weasel	KEY:Familiar ~ Weasel		STARTFEATS:1	FACT:HasFirstLevelFeat|True	SIZE:T	FACT:BaseSize|T

###Block: Animal Companions
Badger					KEY:Companion ~ Badger				STARTFEATS:1	FACT:HasFirstLevelFeat|True
Eagle						KEY:Companion ~ Eagle				STARTFEATS:1	FACT:HasFirstLevelFeat|True
Hawk						KEY:Companion ~ Hawk				STARTFEATS:1	FACT:HasFirstLevelFeat|True
Owl						KEY:Companion ~ Owl				STARTFEATS:1	FACT:HasFirstLevelFeat|True
Pony						KEY:Companion ~ Pony				STARTFEATS:1	FACT:HasFirstLevelFeat|True
Raven						KEY:Companion ~ Raven				STARTFEATS:1	FACT:HasFirstLevelFeat|True
Snake (Viper/Small)			KEY:Companion ~ Snake (Viper/Small)		STARTFEATS:1	FACT:HasFirstLevelFeat|True
Snake (Viper/Medium)			KEY:Companion ~ Snake (Viper/Medium)	STARTFEATS:1	FACT:HasFirstLevelFeat|True
Wolf						KEY:Companion ~ Wolf				STARTFEATS:1	FACT:HasFirstLevelFeat|True

#4th Level or Higher (Level -3)
Bear, black (animal)			KEY:Companion ~ Bear (Black)			STARTFEATS:1	FACT:HasFirstLevelFeat|True
Bison (animal)				KEY:Companion ~ Bison				STARTFEATS:1	FACT:HasFirstLevelFeat|True
Boar (animal)				KEY:Companion ~ Boar				STARTFEATS:1	FACT:HasFirstLevelFeat|True
Cheetah (animal)				KEY:Companion ~ Cheetah				STARTFEATS:1	FACT:HasFirstLevelFeat|True
Dire badger					KEY:Companion ~ Dire Badger			STARTFEATS:1	FACT:HasFirstLevelFeat|True
Dire bat					KEY:Companion ~ Dire Bat			STARTFEATS:1	FACT:HasFirstLevelFeat|True
Leopard (animal)				KEY:Companion ~ Leopard				STARTFEATS:1	FACT:HasFirstLevelFeat|True
Lizard, monitor (animal)		KEY:Companion ~ Lizard (Monitor)		STARTFEATS:1	FACT:HasFirstLevelFeat|True
Snake, constrictor (animal)		KEY:Companion ~ Snake (Constrictor)		STARTFEATS:1	FACT:HasFirstLevelFeat|True
Snake, Large viper (animal)		KEY:Companion ~ Snake (Viper/Large)		STARTFEATS:1	FACT:HasFirstLevelFeat|True
Wolverine (animal)			KEY:Companion ~ Wolverine			STARTFEATS:1	FACT:HasFirstLevelFeat|True

#7th Level or Higher (Level -6)
Bear, brown (animal)			KEY:Companion ~ Bear (Brown)			STARTFEATS:1	FACT:HasFirstLevelFeat|True
Dire wolverine				KEY:Companion ~ Dire Wolverine		STARTFEATS:1	FACT:HasFirstLevelFeat|True
Dire ape					KEY:Companion ~ Dire Ape			STARTFEATS:1	FACT:HasFirstLevelFeat|True
Dire boar					KEY:Companion ~ Dire Boar			STARTFEATS:1	FACT:HasFirstLevelFeat|True
Dire wolf					KEY:Companion ~ Dire Wolf			STARTFEATS:1	FACT:HasFirstLevelFeat|True
Lion (animal)				KEY:Companion ~ Lion				STARTFEATS:1	FACT:HasFirstLevelFeat|True
Rhinoceros (animal)			KEY:Companion ~ Rhinoceros			STARTFEATS:1	FACT:HasFirstLevelFeat|True
Snake, Huge viper (animal)		KEY:Companion ~ Snake (Viper/Huge)		STARTFEATS:1	FACT:HasFirstLevelFeat|True
Tiger (animal)				KEY:Companion ~ Tiger				STARTFEATS:1	FACT:HasFirstLevelFeat|True

#10th Level or Higher (Level -9)
Bear, polar (animal)			KEY:Companion ~ Bear (Polar)			STARTFEATS:1	FACT:HasFirstLevelFeat|True
Dire lion					KEY:Companion ~ Dire Lion			STARTFEATS:1	FACT:HasFirstLevelFeat|True
