
# Simple
Gauntlet			TYPE:Simple
Unarmed strike		TYPE:Simple

Grapple			TYPE:Auto
Spells (Ray)		TYPE:Auto
Spells (Touch)		TYPE:Auto


Dagger			TYPE:Simple.Light.Melee
Gauntlet (spiked)		TYPE:Simple.Light.Melee
Mace (light)		TYPE:Simple.Light.Melee
Sickle			TYPE:Simple.Light.Melee

Club				TYPE:Simple.OneHanded.Melee
Mace (heavy)				TYPE:Simple.OneHanded.Melee
Morningstar				TYPE:Simple.OneHanded.Melee
Shortspear				TYPE:Simple.OneHanded.Melee

Longspear				TYPE:Simple.TwoHanded.Melee
Quarterstaff				TYPE:Simple.TwoHanded.Melee
Spear				TYPE:Simple.TwoHanded.Melee

# Ranged
Crossbow (heavy)				TYPE:Simple.Ranged	HANDS:2
Crossbow (light)				TYPE:Simple.Ranged	HANDS:2
Dart						TYPE:Simple.Ranged	HANDS:1
Javelin					TYPE:Simple.Ranged	HANDS:1
Sling						TYPE:Simple.Ranged	HANDS:1

# Martial Weapons
Axe (throwing)				TYPE:Martial.Melee.Light
Handaxe					TYPE:Martial.Melee.Light
Kukri						TYPE:Martial.Melee.Light
Pick (light)				TYPE:Martial.Melee.Light
Sap						TYPE:Martial.Melee.Light
Shield (light)				TYPE:Martial.Melee.Light
Sword (short)				TYPE:Martial.Melee.Light

Battleaxe					TYPE:Martial.Melee.OneHanded
Bayonet (miniature)			TYPE:Martial.Melee.OneHanded
Flail						TYPE:Martial.Melee.OneHanded
Longsword					TYPE:Martial.Melee.OneHanded
Pick (heavy)				TYPE:Martial.Melee.OneHanded
Scimitar					TYPE:Martial.Melee.OneHanded
Shield (heavy)				TYPE:Martial.Melee.OneHanded
Trident					TYPE:Martial.Melee.OneHanded
Warblade					TYPE:Martial.Melee.OneHanded
Warhammer					TYPE:Martial.Melee.OneHanded

Bayonet					TYPE:Martial.Melee.TwoHanded
Falchion					TYPE:Martial.Melee.TwoHanded
Flail (heavy)				TYPE:Martial.Melee.TwoHanded
Glaive					TYPE:Martial.Melee.TwoHanded
Greataxe					TYPE:Martial.Melee.TwoHanded
Greatclub					TYPE:Martial.Melee.TwoHanded
Greathammer					TYPE:Martial.Melee.TwoHanded
Greatsword					TYPE:Martial.Melee.TwoHanded
Halberd					TYPE:Martial.Melee.TwoHanded
Lance						TYPE:Martial.Melee.TwoHanded
Scythe					TYPE:Martial.Melee.TwoHanded

Longbow					TYPE:Martial.Ranged		HANDS:2
Longbow (composite)			TYPE:Martial.Ranged		HANDS:2
Shortbow					TYPE:Martial.Ranged		HANDS:2
Shortbow (composite)			TYPE:Martial.Ranged		HANDS:2

# Exotic Weapons
Claws of attack (orc)			TYPE:Exotic.Melee.Light
Moonglaive					TYPE:Exotic.Melee.Light

Hammer (Dwarven Battle)			TYPE:Exotic.Melee.OneHanded
Hammer (Dwarven Tossing)		TYPE:Exotic.Melee.OneHanded
Moon Sword					TYPE:Exotic.Melee.OneHanded
Sword (Bastard)				TYPE:Exotic.Melee.OneHanded
Waraxe (Dwarven)				TYPE:Exotic.Melee.OneHanded
Warglaive					TYPE:Exotic.Melee.OneHanded
Whip						TYPE:Exotic.Melee.OneHanded

Chain (Spiked)			TYPE:Exotic.Melee.TwoHanded
Halberd (Tauren)			TYPE:Exotic.Melee.TwoHanded
Sword (Two-Bladed)		TYPE:Exotic.Melee.TwoHanded
Totem (Tauren)			TYPE:Exotic.Melee.TwoHanded

Blunderbuss				TYPE:Simple.Free.Auto		HANDS:2
Bolas
Crossbow (Hand)			TYPE:Exotic.Ranged		HANDS:1
Flintlock Pistol			TYPE:Firearms.Ranged		HANDS:1
Long Rifle				TYPE:Firearms.Ranged		HANDS:1
Mortar				TYPE:Exotic.Ranged		HANDS:1
Net					TYPE:Exotic.Ranged		HANDS:1

Shieldbash	TYPE:Martial
