

###Block: Available Warcraft Skills.
Appraise											TYPE:Intellect.Base.Appraise						KEYSTAT:INT	SOURCEPAGE:p.115
Balance								ACHECK:YES		TYPE:Agility.Dexterity.ArmorCheckPenalty.Base.Balance						KEYSTAT:DEX	SOURCEPAGE:p.115
Bluff												TYPE:Charisma.CHA.Base.Bluff							KEYSTAT:CHA	SOURCEPAGE:p.115
Climb									ACHECK:YES		TYPE:Strength.ArmorCheckPenalty.Base.Climb							KEYSTAT:STR	SOURCEPAGE:p.116
Concentration										TYPE:Stamina.Base.Concentration					KEYSTAT:CON	SOURCEPAGE:p.116
Craft												TYPE:Intellect.Base.Craft.Craft							KEYSTAT:INT	SOURCEPAGE:p.117
Craft (Technological Device)								TYPE:Intellect.Base.Craft.Craft (technological device)			KEYSTAT:INT	SOURCEPAGE:p.118
Craft (Trade Skill)									TYPE:Intellect.Base.Craft.Craft (trade skill)				KEYSTAT:INT	SOURCEPAGE:p.118
Decipher Script				USEUNTRAINED:NO				TYPE:Intellect.Base.Decipher Script					KEYSTAT:INT	SOURCEPAGE:p.119
Diplomacy											TYPE:Charisma.CHA.Base.Diplomacy						KEYSTAT:CHA	SOURCEPAGE:p.119
Disable Device										TYPE:Intellect.Base.Disable Device					KEYSTAT:INT	SOURCEPAGE:p.120
Disguise											TYPE:Charisma.CHA.Base.Disguise						KEYSTAT:CHA	SOURCEPAGE:p.121
Escape Artist							ACHECK:YES		TYPE:Agility.Dexterity.ArmorCheckPenalty.Base.Escape Artist					KEYSTAT:DEX	SOURCEPAGE:p.121
Forgery											TYPE:Intellect.Base.Forgery						KEYSTAT:INT	SOURCEPAGE:p.122
Gather Information									TYPE:Charisma.CHA.Base.Gather Information				KEYSTAT:CHA	SOURCEPAGE:p.122
Handle Animal										TYPE:Charisma.CHA.Base.Handle Animal					KEYSTAT:CHA	SOURCEPAGE:p.123
Heal												TYPE:Spirit.SPT.Base.Heal							KEYSTAT:WIS	SOURCEPAGE:p.124
Intimidate											TYPE:Charisma.CHA.Base.Intimidate						KEYSTAT:CHA	SOURCEPAGE:p.125
Jump									ACHECK:YES		TYPE:Strength.ArmorCheckPenalty.Base.Jump							KEYSTAT:STR	SOURCEPAGE:p.125
Knowledge (Arcana)			USEUNTRAINED:NO				TYPE:Intellect.Base.Knowledge.Knowledge (arcana)				KEYSTAT:INT	SOURCEPAGE:p.126
Knowledge (Dungeoneering)		USEUNTRAINED:NO				TYPE:Intellect.Base.Knowledge.Knowledge (dungeoneering)			KEYSTAT:INT	SOURCEPAGE:p.126
Knowledge (Engineering)			USEUNTRAINED:NO				TYPE:Intellect.Base.Knowledge.Knowledge (Engineering)				KEYSTAT:INT	SOURCEPAGE:p.126
Knowledge (Geography)			USEUNTRAINED:NO				TYPE:Intellect.Base.Knowledge.Knowledge (Geography)				KEYSTAT:INT	SOURCEPAGE:p.126
Knowledge (History)			USEUNTRAINED:NO				TYPE:Intellect.Base.Knowledge.Knowledge (History)				KEYSTAT:INT	SOURCEPAGE:p.126
Knowledge (Local)				USEUNTRAINED:NO				TYPE:Intellect.Base.Knowledge.Knowledge (local)					KEYSTAT:INT	SOURCEPAGE:p.126
Knowledge (Military Tactics)		USEUNTRAINED:NO				TYPE:Intellect.Base.Knowledge.Knowledge (military tactics)			KEYSTAT:INT	SOURCEPAGE:p.126
Knowledge (Nature)			USEUNTRAINED:NO				TYPE:Intellect.Base.Knowledge.Knowledge (nature)				KEYSTAT:INT	SOURCEPAGE:p.126
Knowledge (Nobility and Royalty)	USEUNTRAINED:NO				TYPE:Intellect.Base.Knowledge.Knowledge (nobility and royalty)		KEYSTAT:INT	SOURCEPAGE:p.126
Knowledge (The Planes)			USEUNTRAINED:NO				TYPE:Intellect.Base.Knowledge.Knowledge (the planes)				KEYSTAT:INT	SOURCEPAGE:p.126
Knowledge (Religion)			USEUNTRAINED:NO				TYPE:Intellect.Base.Knowledge.Knowledge (religion)				KEYSTAT:INT	SOURCEPAGE:p.126
Listen											TYPE:Spirit.SPT.Base.Listen						KEYSTAT:WIS	SOURCEPAGE:p.126
Open Lock					USEUNTRAINED:NO	ACHECK:YES		TYPE:Agility.Dexterity.ArmorCheckPenalty.Base.Open Lock						KEYSTAT:DEX	SOURCEPAGE:p.127
Perform (Act)				USEUNTRAINED:NO				TYPE:Charisma.CHA.Base.Perform.Perform (Act)					KEYSTAT:CHA	SOURCEPAGE:p.127
Perform (Comedy)				USEUNTRAINED:NO				TYPE:Charisma.CHA.Base.Perform.Perform (Comedy)					KEYSTAT:CHA	SOURCEPAGE:p.127
Perform (Keyboard Instruments)	USEUNTRAINED:NO				TYPE:Charisma.CHA.Base.Perform.Perform (Keyboard Instruments)		KEYSTAT:CHA	SOURCEPAGE:p.127
Perform (Oratory)				USEUNTRAINED:NO				TYPE:Charisma.CHA.Base.Perform.Perform (Oratory)					KEYSTAT:CHA	SOURCEPAGE:p.127
Perform (Percussion Instruments)	USEUNTRAINED:NO				TYPE:Charisma.CHA.Base.Perform.Perform (Percussion Instruments)		KEYSTAT:CHA	SOURCEPAGE:p.127
Perform (Sing)				USEUNTRAINED:NO				TYPE:Charisma.CHA.Base.Perform.Perform (Sing)					KEYSTAT:CHA	SOURCEPAGE:p.127
Perform (String Instruments)		USEUNTRAINED:NO				TYPE:Charisma.CHA.Base.Perform.Perform (String Instruments)			KEYSTAT:CHA	SOURCEPAGE:p.127
Perform (Wind Instruments)		USEUNTRAINED:NO				TYPE:Charisma.CHA.Base.Perform.Perform (Wind Instruments)			KEYSTAT:CHA	SOURCEPAGE:p.127
Profession					USEUNTRAINED:NO				TYPE:Spirit.SPT.Base.Profession						KEYSTAT:WIS	SOURCEPAGE:p.128
Profession (Military Commander)	USEUNTRAINED:NO				TYPE:Spirit.SPT.Base.Profession (military commander)		KEYSTAT:WIS	SOURCEPAGE:p.128
Ride									ACHECK:YES		TYPE:Agility.Dexterity.ArmorCheckPenalty.Base.Ride							KEYSTAT:DEX	SOURCEPAGE:p.128
Search											TYPE:Intellect.Base.Search						KEYSTAT:INT	SOURCEPAGE:p.130
Sense Motive										TYPE:Spirit.SPT.Base.Sense Motive					KEYSTAT:WIS	SOURCEPAGE:p.130
Sleight of Hand				USEUNTRAINED:NO	ACHECK:YES		TYPE:Agility.Dexterity.ArmorCheckPenalty.Base.Sleight of Hand					KEYSTAT:DEX	SOURCEPAGE:p.130
Speak Language				USEUNTRAINED:NO				TYPE:None.Base.Speak Language					SOURCEPAGE:p.131
Spellcraft					USEUNTRAINED:NO				TYPE:Intellect.Base.Spellcraft						KEYSTAT:INT	SOURCEPAGE:p.132
Spot												TYPE:Spirit.SPT.Base.Spot							KEYSTAT:WIS	SOURCEPAGE:p.132
Stealth								ACHECK:YES		TYPE:Agility.Dexterity.Hide.ArmorCheckPenalty.Base.Stealth						KEYSTAT:DEX	SOURCEPAGE:p.132
Survival											TYPE:Spirit.SPT.Base.Survival						KEYSTAT:WIS	SOURCEPAGE:p.133
Swim									ACHECK:DOUBLE	TYPE:Strength.ArmorCheckPenalty.Base.Swim							KEYSTAT:STR	SOURCEPAGE:p.134
Tumble					USEUNTRAINED:NO	ACHECK:YES		TYPE:Agility.Dexterity.ArmorCheckPenalty.Base.Tumble						KEYSTAT:DEX	SOURCEPAGE:p.135
Use Magic Device				USEUNTRAINED:NO				TYPE:Charisma.CHA.Base.Use Magic Device					KEYSTAT:CHA	SOURCEPAGE:p.135
Use Rope								ACHECK:YES		TYPE:Agility.Dexterity.ArmorCheckPenalty.Base.Use Rope						KEYSTAT:DEX	SOURCEPAGE:p.136
Use Technological Device								TYPE:Intellect.Base.Use Technological Device			KEYSTAT:INT	SOURCEPAGE:p.137

###Block: Language Support
# Skill Name		Choose				Auto Language
Speak Language.MOD	CHOOSE:LANG|!PC,TYPE=Spoken	AUTO:LANG|%LIST

#
Hide
Stealth.MOD

###Block: Movement
# Skill Name	Bonus to skill
Climb.MOD		BONUS:SKILL|Climb|8|TYPE=Racial|PREMOVE:1,Climb=1
Swim.MOD		BONUS:SKILL|Swim|8|TYPE=Racial|PREMOVE:1,Swim=1
Jump.MOD		BONUS:SKILL|Jump|max(floor((var("MOVE[Walk]")-30)/10)*4,0)|TYPE=Speed.STACK
Jump.MOD		BONUS:SKILL|Jump|min(ceil((var("MOVE[Walk]")-30)/10)*6,0)|TYPE=Speed.STACK


###Block: Class Specific Support
Knowledge (dungeoneering).MOD			TYPE:Tinker Knowledge
Knowledge (Engineering).MOD			TYPE:Tinker Knowledge
Knowledge (Geography).MOD			TYPE:Tinker Knowledge
Knowledge (History).MOD				TYPE:Tinker Knowledge
Knowledge (local).MOD				TYPE:Tinker Knowledge
Knowledge (military tactics).MOD		TYPE:Tinker Knowledge
Knowledge (nature).MOD				TYPE:Tinker Knowledge
Knowledge (nobility and royalty).MOD	TYPE:Tinker Knowledge
Knowledge (the planes).MOD			TYPE:Tinker Knowledge


Craft (Alchemy)
