
CATEGORY=Internal|Default	DEFINE:Attuned_Item_Count|0
###Block:
This Character is Violating a Rule			CATEGORY:Special Ability	TYPE:SpecialQuality.SpecialAttack.Rules Violation	DESC:You currently have 1 or more invalid combinations constituting a rule violation. Please review the character to find the listed issue(s). Item(s) to review: %1|%LIST	MULT:YES	CHOOSE:USERINPUT|TITLE=Rule Violation


###Block: Attunement Selections
Amulet Of Health						COST:0	CATEGORY:Attunement	TYPE:Attunement	PREVARLT:Attuned_Item_Count,3	BONUS:VAR|Attuned_Item_Count|1	PREEQUIP:1,Amulet Of Health						DESC:Your constitution score is 19 while you wear this amulet.	DEFINESTAT:MINVALUE|CON|19	ABILITY:Special Ability|AUTOMATIC|This Character is Violating a Rule (Amulet Of Health)|!PREEQUIP:1,Amulet Of Health
Amulet Of Proof Against Detection And Location	COST:0	CATEGORY:Attunement	TYPE:Attunement	PREVARLT:Attuned_Item_Count,3	BONUS:VAR|Attuned_Item_Count|1	PREEQUIP:1,Amulet Of Proof Against Detection And Location	DESC:You are hidden from divination magic.																ABILITY:Special Ability|AUTOMATIC|This Character is Violating a Rule (Amulet Of Proof Against Detection And Location)|!PREEQUIP:1,Amulet Of Proof Against Detection And Location
Amulet Of The Planes					COST:0	CATEGORY:Attunement	TYPE:Attunement	PREVARLT:Attuned_Item_Count,3	BONUS:VAR|Attuned_Item_Count|1	PREEQUIP:1,Amulet Of The Planes					ABILITY:Special Ability|AUTOMATIC|This Character is Violating a Rule (Amulet Of The Planes)|!PREEQUIP:1,Amulet Of The Planes
Animated Shield						COST:0	CATEGORY:Attunement	TYPE:Attunement	PREVARLT:Attuned_Item_Count,3	BONUS:VAR|Attuned_Item_Count|1	PREVARGTEQ:Attunement_Animated_Shield,1				ABILITY:Special Ability|AUTOMATIC|This Character is Violating a Rule (Animated Shield)|PREVAREQ:Attunement_Animated_Shield,0		
Armor Of Vulnerability					COST:0	CATEGORY:Attunement	TYPE:Attunement	PREVARLT:Attuned_Item_Count,3	BONUS:VAR|Attuned_Item_Count|1	PREVARGTEQ:Attunement_Armor_Of_Vulnerability,1			ABILITY:Special Ability|AUTOMATIC|This Character is Violating a Rule (Armor of Vulnerability)|PREVAREQ:Attunement_Armor_Of_Vulnerability,0	
Arrow-Catching Shield					COST:0	CATEGORY:Attunement	TYPE:Attunement	PREVARLT:Attuned_Item_Count,3	BONUS:VAR|Attuned_Item_Count|1	PREVARGTEQ:Attunement_Arrow_Catching_Shield,1			ABILITY:Special Ability|AUTOMATIC|This Character is Violating a Rule (Arrow Catching Shield)|PREVAREQ:Attunement_Arrow_Catching_Shield,0	
Belt of Dwarvenkind					COST:0	CATEGORY:Attunement	TYPE:Attunement	PREVARLT:Attuned_Item_Count,3	BONUS:VAR|Attuned_Item_Count|1	PREVARGTEQ:Attunement_Belt_of_Dwarvenkind,1	BONUS:STAT|CON|2	ASPECT:SkillBonus|You have advantage on Charisma (Persuasion) checks made to interact with dwarves		ABILITY:Special Ability|AUTOMATIC|Dwarf ~ Dwarven Resilience|Dwarf ~ Darkvision	ABILITY:Language|AUTOMATIC|Dwarvish	ABILITY:Special Ability|AUTOMATIC|This Character is Violating a Rule (Belt of Dwarvenkind)|PREVAREQ:Attunement_Belt_of_Dwarvenkind,0
Belt Of Giant Strength (Hill)		COST:0	CATEGORY:Attunement	TYPE:Attunement	PREVARLT:Attuned_Item_Count,3	BONUS:VAR|Attuned_Item_Count|1	PREVARGTEQ:Attunement_Belt_of_Giant_Strength_Hill,1	DEFINESTAT:MINVALUE|STR|21	
Belt Of Giant Strength (Stone)	COST:0	CATEGORY:Attunement	TYPE:Attunement	PREVARLT:Attuned_Item_Count,3	BONUS:VAR|Attuned_Item_Count|1	PREVARGTEQ:Attunement_Belt_of_Giant_Strength_Stone,1	DEFINESTAT:MINVALUE|STR|23	
Belt Of Giant Strength (Frost)	COST:0	CATEGORY:Attunement	TYPE:Attunement	PREVARLT:Attuned_Item_Count,3	BONUS:VAR|Attuned_Item_Count|1	PREVARGTEQ:Attunement_Belt_of_Giant_Strength_Frost,1	DEFINESTAT:MINVALUE|STR|23	
Belt Of Giant Strength (Fire)		COST:0	CATEGORY:Attunement	TYPE:Attunement	PREVARLT:Attuned_Item_Count,3	BONUS:VAR|Attuned_Item_Count|1	PREVARGTEQ:Attunement_Belt_of_Giant_Strength_Fire,1	DEFINESTAT:MINVALUE|STR|25	
Belt Of Giant Strength (Cloud)	COST:0	CATEGORY:Attunement	TYPE:Attunement	PREVARLT:Attuned_Item_Count,3	BONUS:VAR|Attuned_Item_Count|1	PREVARGTEQ:Attunement_Belt_of_Giant_Strength_Cloud,1	DEFINESTAT:MINVALUE|STR|27	
Belt Of Giant Strength (Storm)	COST:0	CATEGORY:Attunement	TYPE:Attunement	PREVARLT:Attuned_Item_Count,3	BONUS:VAR|Attuned_Item_Count|1	PREVARGTEQ:Attunement_Belt_of_Giant_Strength_Storm,1	DEFINESTAT:MINVALUE|STR|29	


Boots Of Levitation						COST:0	CATEGORY:Attunement	TYPE:Attunement	PREVARLT:Attuned_Item_Count,3	BONUS:VAR|Attuned_Item_Count|1	PREVARGTEQ:Attunement_Boots_Of_Levitation,1					
Boots Of Speed							COST:0	CATEGORY:Attunement	TYPE:Attunement	PREVARLT:Attuned_Item_Count,3	BONUS:VAR|Attuned_Item_Count|1	PREVARGTEQ:Attunement_Boots_Of_Speed,1						
Boots Of Striding And Springing				COST:0	CATEGORY:Attunement	TYPE:Attunement	PREVARLT:Attuned_Item_Count,3	BONUS:VAR|Attuned_Item_Count|1	PREVARGTEQ:Attunement_Boots_Of_Striding_And_Springing,1			
Boots Of The Winterlands					COST:0	CATEGORY:Attunement	TYPE:Attunement	PREVARLT:Attuned_Item_Count,3	BONUS:VAR|Attuned_Item_Count|1	PREVARGTEQ:Attunement_Boots_Of_The_Winterlands,1				
Bracers Of Archery						COST:0	CATEGORY:Attunement	TYPE:Attunement	PREVARLT:Attuned_Item_Count,3	BONUS:VAR|Attuned_Item_Count|1	PREVARGTEQ:Attunement_Bracers_Of_Archery,1					
Bracers Of Defense						COST:0	CATEGORY:Attunement	TYPE:Attunement	PREVARLT:Attuned_Item_Count,3	BONUS:VAR|Attuned_Item_Count|1	PREVARGTEQ:Attunement_Bracers_Of_Defense,1					
Brooch Of Shielding						COST:0	CATEGORY:Attunement	TYPE:Attunement	PREVARLT:Attuned_Item_Count,3	BONUS:VAR|Attuned_Item_Count|1	PREVARGTEQ:Attunement_Brooch_Of_Shielding,1					
Candle Of Invocation						COST:0	CATEGORY:Attunement	TYPE:Attunement	PREVARLT:Attuned_Item_Count,3	BONUS:VAR|Attuned_Item_Count|1	PREVARGTEQ:Attunement_Candle_Of_Invocation,1					
Cloak Of Arachnida						COST:0	CATEGORY:Attunement	TYPE:Attunement	PREVARLT:Attuned_Item_Count,3	BONUS:VAR|Attuned_Item_Count|1	PREVARGTEQ:Attunement_Cloak_Of_Arachnida,1					
Cloak Of Displacement						COST:0	CATEGORY:Attunement	TYPE:Attunement	PREVARLT:Attuned_Item_Count,3	BONUS:VAR|Attuned_Item_Count|1	PREVARGTEQ:Attunement_Cloak_Of_Displacement,1					
Cloak Of Elevenkind						COST:0	CATEGORY:Attunement	TYPE:Attunement	PREVARLT:Attuned_Item_Count,3	BONUS:VAR|Attuned_Item_Count|1	PREVARGTEQ:Attunement_Cloak_Of_Elevenkind,1					
Cloak Of Invisibility						COST:0	CATEGORY:Attunement	TYPE:Attunement	PREVARLT:Attuned_Item_Count,3	BONUS:VAR|Attuned_Item_Count|1	PREVARGTEQ:Attunement_Cloak_Of_Invisibility,1					
Cloak Of Protection						COST:0	CATEGORY:Attunement	TYPE:Attunement	PREVARLT:Attuned_Item_Count,3	BONUS:VAR|Attuned_Item_Count|1	PREVARGTEQ:Attunement_Cloak_Of_Protection,1					
Cloak Of The Bat							COST:0	CATEGORY:Attunement	TYPE:Attunement	PREVARLT:Attuned_Item_Count,3	BONUS:VAR|Attuned_Item_Count|1	PREVARGTEQ:Attunement_Cloak_Of_The_Bat,1						
Crystal Ball							COST:0	CATEGORY:Attunement	TYPE:Attunement	PREVARLT:Attuned_Item_Count,3	BONUS:VAR|Attuned_Item_Count|1	PREVARGTEQ:Attunement_Crystal_Ball,1						
Crystal Ball Of Mind Reading					COST:0	CATEGORY:Attunement	TYPE:Attunement	PREVARLT:Attuned_Item_Count,3	BONUS:VAR|Attuned_Item_Count|1	PREVARGTEQ:Attunement_Crystal_Ball_Of_Mind_Reading,1				
Crystal Ball Of Telepathy					COST:0	CATEGORY:Attunement	TYPE:Attunement	PREVARLT:Attuned_Item_Count,3	BONUS:VAR|Attuned_Item_Count|1	PREVARGTEQ:Attunement_Crystal_Ball_Of_Telepathy,1				
Crystal Ball Of True Seeing					COST:0	CATEGORY:Attunement	TYPE:Attunement	PREVARLT:Attuned_Item_Count,3	BONUS:VAR|Attuned_Item_Count|1	PREVARGTEQ:Attunement_Crystal_Ball_Of_True_Seeing,1				
Cube Of Force							COST:0	CATEGORY:Attunement	TYPE:Attunement	PREVARLT:Attuned_Item_Count,3	BONUS:VAR|Attuned_Item_Count|1	PREVARGTEQ:Attunement_Cube_Of_Force,1						
Demon Armor								COST:0	CATEGORY:Attunement	TYPE:Attunement	PREVARLT:Attuned_Item_Count,3	BONUS:VAR|Attuned_Item_Count|1	PREVARGTEQ:Attunement_Demon_Armor,1							
Dimensional Shackles						COST:0	CATEGORY:Attunement	TYPE:Attunement	PREVARLT:Attuned_Item_Count,3	BONUS:VAR|Attuned_Item_Count|1	PREVARGTEQ:Attunement_Dimensional_Shackles,1					
Dragon Scale Mail (Black)					COST:0	CATEGORY:Attunement	TYPE:Attunement	PREVARLT:Attuned_Item_Count,3	BONUS:VAR|Attuned_Item_Count|1	PREVARGTEQ:Attunement_Dragon_Scale_Mail_Black,1					
Dragon Scale Mail (Blue)					COST:0	CATEGORY:Attunement	TYPE:Attunement	PREVARLT:Attuned_Item_Count,3	BONUS:VAR|Attuned_Item_Count|1	PREVARGTEQ:Attunement_Dragon_Scale_Mail_Blue,1					
Dragon Scale Mail (Brass)					COST:0	CATEGORY:Attunement	TYPE:Attunement	PREVARLT:Attuned_Item_Count,3	BONUS:VAR|Attuned_Item_Count|1	PREVARGTEQ:Attunement_Dragon_Scale_Mail_Brass,1					
Dragon Scale Mail (Bronze)					COST:0	CATEGORY:Attunement	TYPE:Attunement	PREVARLT:Attuned_Item_Count,3	BONUS:VAR|Attuned_Item_Count|1	PREVARGTEQ:Attunement_Dragon_Scale_Mail_Bronze,1				
Dragon Scale Mail (Copper)					COST:0	CATEGORY:Attunement	TYPE:Attunement	PREVARLT:Attuned_Item_Count,3	BONUS:VAR|Attuned_Item_Count|1	PREVARGTEQ:Attunement_Dragon_Scale_Mail_Copper,1				
Dragon Scale Mail (Gold)					COST:0	CATEGORY:Attunement	TYPE:Attunement	PREVARLT:Attuned_Item_Count,3	BONUS:VAR|Attuned_Item_Count|1	PREVARGTEQ:Attunement_Dragon_Scale_Mail_Gold,1					
Dragon Scale Mail (Green)					COST:0	CATEGORY:Attunement	TYPE:Attunement	PREVARLT:Attuned_Item_Count,3	BONUS:VAR|Attuned_Item_Count|1	PREVARGTEQ:Attunement_Dragon_Scale_Mail_Green,1					
Dragon Scale Mail (Red)						COST:0	CATEGORY:Attunement	TYPE:Attunement	PREVARLT:Attuned_Item_Count,3	BONUS:VAR|Attuned_Item_Count|1	PREVARGTEQ:Attunement_Dragon_Scale_Mail_Red,1					
Dragon Scale Mail (Silver)					COST:0	CATEGORY:Attunement	TYPE:Attunement	PREVARLT:Attuned_Item_Count,3	BONUS:VAR|Attuned_Item_Count|1	PREVARGTEQ:Attunement_Dragon_Scale_Mail_Silver,1				
Dragon Scale Mail (White)					COST:0	CATEGORY:Attunement	TYPE:Attunement	PREVARLT:Attuned_Item_Count,3	BONUS:VAR|Attuned_Item_Count|1	PREVARGTEQ:Attunement_Dragon_Scale_Mail_White,1					
Dwarven Thrower							COST:0	CATEGORY:Attunement	TYPE:Attunement	PREVARLT:Attuned_Item_Count,3	BONUS:VAR|Attuned_Item_Count|1	PREVARGTEQ:Attunement_Dwarven_Thrower,1						
Efreeti Bottle							COST:0	CATEGORY:Attunement	TYPE:Attunement	PREVARLT:Attuned_Item_Count,3	BONUS:VAR|Attuned_Item_Count|1	PREVARGTEQ:Attunement_Efreeti_Bottle,1						
Efreeti Chain							COST:0	CATEGORY:Attunement	TYPE:Attunement	PREVARLT:Attuned_Item_Count,3	BONUS:VAR|Attuned_Item_Count|1	PREVARGTEQ:Attunement_Efreeti_Chain,1						
Eyes Of Charming							COST:0	CATEGORY:Attunement	TYPE:Attunement	PREVARLT:Attuned_Item_Count,3	BONUS:VAR|Attuned_Item_Count|1	PREVARGTEQ:Attunement_Eyes_Of_Charming,1						
Eyes Of The Eagle							COST:0	CATEGORY:Attunement	TYPE:Attunement	PREVARLT:Attuned_Item_Count,3	BONUS:VAR|Attuned_Item_Count|1	PREVARGTEQ:Attunement_Eyes_Of_The_Eagle,1						
Gauntlets Of Ogre Power						COST:0	CATEGORY:Attunement	TYPE:Attunement	PREVARLT:Attuned_Item_Count,3	BONUS:VAR|Attuned_Item_Count|1	PREVARGTEQ:Attunement_Gauntlets_Of_Ogre_Power,1					
Gem Of Seeing							COST:0	CATEGORY:Attunement	TYPE:Attunement	PREVARLT:Attuned_Item_Count,3	BONUS:VAR|Attuned_Item_Count|1	PREVARGTEQ:Attunement_Gem_Of_Seeing,1						
Gloves Of Missile Snaring					COST:0	CATEGORY:Attunement	TYPE:Attunement	PREVARLT:Attuned_Item_Count,3	BONUS:VAR|Attuned_Item_Count|1	PREVARGTEQ:Attunement_Gloves_Of_Missile_Snaring,1				
Gloves Of Swimming And Climbing				COST:0	CATEGORY:Attunement	TYPE:Attunement	PREVARLT:Attuned_Item_Count,3	BONUS:VAR|Attuned_Item_Count|1	PREVARGTEQ:Attunement_Gloves_Of_Swimming_And_Climbing,1			
Hat Of Disguise							COST:0	CATEGORY:Attunement	TYPE:Attunement	PREVARLT:Attuned_Item_Count,3	BONUS:VAR|Attuned_Item_Count|1	PREVARGTEQ:Attunement_Hat_Of_Disguise,1						
Headband Of Intellect						COST:0	CATEGORY:Attunement	TYPE:Attunement	PREVARLT:Attuned_Item_Count,3	BONUS:VAR|Attuned_Item_Count|1	PREVARGTEQ:Attunement_Headband_Of_Intellect,1					
Helm Of Brilliance						COST:0	CATEGORY:Attunement	TYPE:Attunement	PREVARLT:Attuned_Item_Count,3	BONUS:VAR|Attuned_Item_Count|1	PREVARGTEQ:Attunement_Helm_Of_Brilliance,1					
Helm Of Telepathy							COST:0	CATEGORY:Attunement	TYPE:Attunement	PREVARLT:Attuned_Item_Count,3	BONUS:VAR|Attuned_Item_Count|1	PREVARGTEQ:Attunement_Helm_Of_Telepathy,1						
Helm Of Teleportation						COST:0	CATEGORY:Attunement	TYPE:Attunement	PREVARLT:Attuned_Item_Count,3	BONUS:VAR|Attuned_Item_Count|1	PREVARGTEQ:Attunement_Helm_Of_Teleportation,1					
Instrument Of The Bards (Anstruth Harp)			COST:0	CATEGORY:Attunement	TYPE:Attunement	PREVARLT:Attuned_Item_Count,3	BONUS:VAR|Attuned_Item_Count|1	PREVARGTEQ:Attunement_Instrument_Of_The_Bards_Anstruth_Harp,1		
Instrument Of The Bards (Canaith Mandolin)		COST:0	CATEGORY:Attunement	TYPE:Attunement	PREVARLT:Attuned_Item_Count,3	BONUS:VAR|Attuned_Item_Count|1	PREVARGTEQ:Attunement_Instrument_Of_The_Bards_Canaith_Mandolin,1		
Instrument Of The Bards (Cli Lyre)				COST:0	CATEGORY:Attunement	TYPE:Attunement	PREVARLT:Attuned_Item_Count,3	BONUS:VAR|Attuned_Item_Count|1	PREVARGTEQ:Attunement_Instrument_Of_The_Bards_Cli_Lyre,1			
Instrument Of The Bards (Doss Lute)				COST:0	CATEGORY:Attunement	TYPE:Attunement	PREVARLT:Attuned_Item_Count,3	BONUS:VAR|Attuned_Item_Count|1	PREVARGTEQ:Attunement_Instrument_Of_The_Bards_Doss_Lute,1			
Instrument Of The Bards (Fochlucan Bandore)		COST:0	CATEGORY:Attunement	TYPE:Attunement	PREVARLT:Attuned_Item_Count,3	BONUS:VAR|Attuned_Item_Count|1	PREVARGTEQ:Attunement_Instrument_Of_The_Bards_Fochlucan_Bandore,1		
Instrument Of The Bards (Max-Fuirmidh Cittern)		COST:0	CATEGORY:Attunement	TYPE:Attunement	PREVARLT:Attuned_Item_Count,3	BONUS:VAR|Attuned_Item_Count|1	PREVARGTEQ:Attunement_Instrument_Of_The_Bards_Max-Fuirmidh_Cittern,1	
Instrument Of The Bards (Ollamh Harp)			COST:0	CATEGORY:Attunement	TYPE:Attunement	PREVARLT:Attuned_Item_Count,3	BONUS:VAR|Attuned_Item_Count|1	PREVARGTEQ:Attunement_Instrument_Of_The_Bards_Ollamh_Harp,1			
Ioun Stone (Absorption)						COST:0	CATEGORY:Attunement	TYPE:Attunement	PREVARLT:Attuned_Item_Count,3	BONUS:VAR|Attuned_Item_Count|1	PREVARGTEQ:Attunement_Ioun_Stone_Absorption,1					
Ioun Stone (Agility)						COST:0	CATEGORY:Attunement	TYPE:Attunement	PREVARLT:Attuned_Item_Count,3	BONUS:VAR|Attuned_Item_Count|1	PREVARGTEQ:Attunement_Ioun_Stone_Agility,1					
Ioun Stone (Awareness)						COST:0	CATEGORY:Attunement	TYPE:Attunement	PREVARLT:Attuned_Item_Count,3	BONUS:VAR|Attuned_Item_Count|1	PREVARGTEQ:Attunement_Ioun_Stone_Awareness,1					
Ioun Stone (Fortitude)						COST:0	CATEGORY:Attunement	TYPE:Attunement	PREVARLT:Attuned_Item_Count,3	BONUS:VAR|Attuned_Item_Count|1	PREVARGTEQ:Attunement_Ioun_Stone_Fortitude,1					
Ioun Stone (Greater Absorption)				COST:0	CATEGORY:Attunement	TYPE:Attunement	PREVARLT:Attuned_Item_Count,3	BONUS:VAR|Attuned_Item_Count|1	PREVARGTEQ:Attunement_Ioun_Stone_Greater_Absorption,1				
Ioun Stone (Insight)						COST:0	CATEGORY:Attunement	TYPE:Attunement	PREVARLT:Attuned_Item_Count,3	BONUS:VAR|Attuned_Item_Count|1	PREVARGTEQ:Attunement_Ioun_Stone_Insight,1					
Ioun Stone (Intellect)						COST:0	CATEGORY:Attunement	TYPE:Attunement	PREVARLT:Attuned_Item_Count,3	BONUS:VAR|Attuned_Item_Count|1	PREVARGTEQ:Attunement_Ioun_Stone_Intellect,1					
Ioun Stone (Leadership)						COST:0	CATEGORY:Attunement	TYPE:Attunement	PREVARLT:Attuned_Item_Count,3	BONUS:VAR|Attuned_Item_Count|1	PREVARGTEQ:Attunement_Ioun_Stone_Leadership,1					
Ioun Stone (Mastery)						COST:0	CATEGORY:Attunement	TYPE:Attunement	PREVARLT:Attuned_Item_Count,3	BONUS:VAR|Attuned_Item_Count|1	PREVARGTEQ:Attunement_Ioun_Stone_Mastery,1					
Ioun Stone (Protection)						COST:0	CATEGORY:Attunement	TYPE:Attunement	PREVARLT:Attuned_Item_Count,3	BONUS:VAR|Attuned_Item_Count|1	PREVARGTEQ:Attunement_Ioun_Stone_Protection,1					
Ioun Stone (Regeneration)					COST:0	CATEGORY:Attunement	TYPE:Attunement	PREVARLT:Attuned_Item_Count,3	BONUS:VAR|Attuned_Item_Count|1	PREVARGTEQ:Attunement_Ioun_Stone_Regeneration,1					
Ioun Stone (Reserve)						COST:0	CATEGORY:Attunement	TYPE:Attunement	PREVARLT:Attuned_Item_Count,3	BONUS:VAR|Attuned_Item_Count|1	PREVARGTEQ:Attunement_Ioun_Stone_Reserve,1					
Ioun Stone (Strength)						COST:0	CATEGORY:Attunement	TYPE:Attunement	PREVARLT:Attuned_Item_Count,3	BONUS:VAR|Attuned_Item_Count|1	PREVARGTEQ:Attunement_Ioun_Stone_Strength,1					
Ioun Stone (Sustenance)						COST:0	CATEGORY:Attunement	TYPE:Attunement	PREVARLT:Attuned_Item_Count,3	BONUS:VAR|Attuned_Item_Count|1	PREVARGTEQ:Attunement_Ioun_Stone_Sustenance,1					
Iron Bands Of Bilarro						COST:0	CATEGORY:Attunement	TYPE:Attunement	PREVARLT:Attuned_Item_Count,3	BONUS:VAR|Attuned_Item_Count|1	PREVARGTEQ:Attunement_Iron_Bands_Of_Bilarro,1					
Mace Of Disruption						COST:0	CATEGORY:Attunement	TYPE:Attunement	PREVARLT:Attuned_Item_Count,3	BONUS:VAR|Attuned_Item_Count|1	PREVARGTEQ:Attunement_Mace_Of_Disruption,1					
Mace Of Terror							COST:0	CATEGORY:Attunement	TYPE:Attunement	PREVARLT:Attuned_Item_Count,3	BONUS:VAR|Attuned_Item_Count|1	PREVARGTEQ:Attunement_Mace_Of_Terror,1						
Mantle Of Spell Resistance					COST:0	CATEGORY:Attunement	TYPE:Attunement	PREVARLT:Attuned_Item_Count,3	BONUS:VAR|Attuned_Item_Count|1	PREVARGTEQ:Attunement_Mantle_Of_Spell_Resistance,1				
Medallion Of Thoughts						COST:0	CATEGORY:Attunement	TYPE:Attunement	PREVARLT:Attuned_Item_Count,3	BONUS:VAR|Attuned_Item_Count|1	PREVARGTEQ:Attunement_Medallion_Of_Thoughts,1					
Necklace Of Adaptation						COST:0	CATEGORY:Attunement	TYPE:Attunement	PREVARLT:Attuned_Item_Count,3	BONUS:VAR|Attuned_Item_Count|1	PREVARGTEQ:Attunement_Necklace_Of_Adaptation,1					
Necklace Of Prayer Beads					COST:0	CATEGORY:Attunement	TYPE:Attunement	PREVARLT:Attuned_Item_Count,3	BONUS:VAR|Attuned_Item_Count|1	PREVARGTEQ:Attunement_Necklace_Of_Prayer_Beads,1				
Oathbow								COST:0	CATEGORY:Attunement	TYPE:Attunement	PREVARLT:Attuned_Item_Count,3	BONUS:VAR|Attuned_Item_Count|1	PREVARGTEQ:Attunement_Oathbow,1							
Pearl Of Power							COST:0	CATEGORY:Attunement	TYPE:Attunement	PREVARLT:Attuned_Item_Count,3	BONUS:VAR|Attuned_Item_Count|1	PREVARGTEQ:Attunement_Pearl_Of_Power,1						
Periapt Of Wound Closure					COST:0	CATEGORY:Attunement	TYPE:Attunement	PREVARLT:Attuned_Item_Count,3	BONUS:VAR|Attuned_Item_Count|1	PREVARGTEQ:Attunement_Periapt_Of_Wound_Closure,1				
Pipes Of The Sewers						COST:0	CATEGORY:Attunement	TYPE:Attunement	PREVARLT:Attuned_Item_Count,3	BONUS:VAR|Attuned_Item_Count|1	PREVARGTEQ:Attunement_Pipes_Of_The_Sewers,1					
Plate Armor Of Etherealness					COST:0	CATEGORY:Attunement	TYPE:Attunement	PREVARLT:Attuned_Item_Count,3	BONUS:VAR|Attuned_Item_Count|1	PREVARGTEQ:Attunement_Plate_Armor_Of_Etherealness,1				
Ring Of Djinni Summoning					COST:0	CATEGORY:Attunement	TYPE:Attunement	PREVARLT:Attuned_Item_Count,3	BONUS:VAR|Attuned_Item_Count|1	PREVARGTEQ:Attunement_Ring_Of_Djinni_Summoning,1				
Ring Of Air Elemental Command					COST:0	CATEGORY:Attunement	TYPE:Attunement	PREVARLT:Attuned_Item_Count,3	BONUS:VAR|Attuned_Item_Count|1	PREVARGTEQ:Attunement_Ring_Of_Air_Elemental_Command,1				
Ring Of Earth Elemental Command				COST:0	CATEGORY:Attunement	TYPE:Attunement	PREVARLT:Attuned_Item_Count,3	BONUS:VAR|Attuned_Item_Count|1	PREVARGTEQ:Attunement_Ring_Of_Earth_Elemental_Command,1			
Ring Of Fire Elemental Command				COST:0	CATEGORY:Attunement	TYPE:Attunement	PREVARLT:Attuned_Item_Count,3	BONUS:VAR|Attuned_Item_Count|1	PREVARGTEQ:Attunement_Ring_Of_Fire_Elemental_Command,1			
Ring Of Water Elemental Command				COST:0	CATEGORY:Attunement	TYPE:Attunement	PREVARLT:Attuned_Item_Count,3	BONUS:VAR|Attuned_Item_Count|1	PREVARGTEQ:Attunement_Ring_Of_Water_Elemental_Command,1			
Ring Of Evasion							COST:0	CATEGORY:Attunement	TYPE:Attunement	PREVARLT:Attuned_Item_Count,3	BONUS:VAR|Attuned_Item_Count|1	PREVARGTEQ:Attunement_Ring_Of_Evasion,1						
Ring Of Feather Falling						COST:0	CATEGORY:Attunement	TYPE:Attunement	PREVARLT:Attuned_Item_Count,3	BONUS:VAR|Attuned_Item_Count|1	PREVARGTEQ:Attunement_Ring_Of_Feather_Falling,1					
Ring Of Free Action						COST:0	CATEGORY:Attunement	TYPE:Attunement	PREVARLT:Attuned_Item_Count,3	BONUS:VAR|Attuned_Item_Count|1	PREVARGTEQ:Attunement_Ring_Of_Free_Action,1					
Ring Of Invisibility						COST:0	CATEGORY:Attunement	TYPE:Attunement	PREVARLT:Attuned_Item_Count,3	BONUS:VAR|Attuned_Item_Count|1	PREVARGTEQ:Attunement_Ring_Of_Invisibility,1					
Ring Of Jumping							COST:0	CATEGORY:Attunement	TYPE:Attunement	PREVARLT:Attuned_Item_Count,3	BONUS:VAR|Attuned_Item_Count|1	PREVARGTEQ:Attunement_Ring_Of_Jumping,1						
Ring Of Mind Shielding						COST:0	CATEGORY:Attunement	TYPE:Attunement	PREVARLT:Attuned_Item_Count,3	BONUS:VAR|Attuned_Item_Count|1	PREVARGTEQ:Attunement_Ring_Of_Mind_Shielding,1					
Ring Of Protection						COST:0	CATEGORY:Attunement	TYPE:Attunement	PREVARLT:Attuned_Item_Count,3	BONUS:VAR|Attuned_Item_Count|1	PREVARGTEQ:Attunement_Ring_Of_Protection,1					
Ring Of Regeneration						COST:0	CATEGORY:Attunement	TYPE:Attunement	PREVARLT:Attuned_Item_Count,3	BONUS:VAR|Attuned_Item_Count|1	PREVARGTEQ:Attunement_Ring_Of_Regeneration,1					
Ring Of Resistance (Acid)					COST:0	CATEGORY:Attunement	TYPE:Attunement	PREVARLT:Attuned_Item_Count,3	BONUS:VAR|Attuned_Item_Count|1	PREVARGTEQ:Attunement_Ring_Of_Resistance_Acid,1					
Ring Of Resistance (Cold)					COST:0	CATEGORY:Attunement	TYPE:Attunement	PREVARLT:Attuned_Item_Count,3	BONUS:VAR|Attuned_Item_Count|1	PREVARGTEQ:Attunement_Ring_Of_Resistance_Cold,1					
Ring Of Resistance (Fire)					COST:0	CATEGORY:Attunement	TYPE:Attunement	PREVARLT:Attuned_Item_Count,3	BONUS:VAR|Attuned_Item_Count|1	PREVARGTEQ:Attunement_Ring_Of_Resistance_Fire,1					
Ring Of Resistance (Force)					COST:0	CATEGORY:Attunement	TYPE:Attunement	PREVARLT:Attuned_Item_Count,3	BONUS:VAR|Attuned_Item_Count|1	PREVARGTEQ:Attunement_Ring_Of_Resistance_Force,1				
Ring Of Resistance (Lightning)				COST:0	CATEGORY:Attunement	TYPE:Attunement	PREVARLT:Attuned_Item_Count,3	BONUS:VAR|Attuned_Item_Count|1	PREVARGTEQ:Attunement_Ring_Of_Resistance_Lightning,1				
Ring Of Resistance (Necrotic)					COST:0	CATEGORY:Attunement	TYPE:Attunement	PREVARLT:Attuned_Item_Count,3	BONUS:VAR|Attuned_Item_Count|1	PREVARGTEQ:Attunement_Ring_Of_Resistance_Necrotic,1				
Ring Of Resistance (Poison)					COST:0	CATEGORY:Attunement	TYPE:Attunement	PREVARLT:Attuned_Item_Count,3	BONUS:VAR|Attuned_Item_Count|1	PREVARGTEQ:Attunement_Ring_Of_Resistance_Poison,1				
Ring Of Resistance (Psychic)					COST:0	CATEGORY:Attunement	TYPE:Attunement	PREVARLT:Attuned_Item_Count,3	BONUS:VAR|Attuned_Item_Count|1	PREVARGTEQ:Attunement_Ring_Of_Resistance_Psychic,1				
Ring Of Resistance (Radiant)					COST:0	CATEGORY:Attunement	TYPE:Attunement	PREVARLT:Attuned_Item_Count,3	BONUS:VAR|Attuned_Item_Count|1	PREVARGTEQ:Attunement_Ring_Of_Resistance_Radiant,1				
Ring Of Resistance (Thunder)					COST:0	CATEGORY:Attunement	TYPE:Attunement	PREVARLT:Attuned_Item_Count,3	BONUS:VAR|Attuned_Item_Count|1	PREVARGTEQ:Attunement_Ring_Of_Resistance_Thunder,1				
Ring Of Shooting Stars						COST:0	CATEGORY:Attunement	TYPE:Attunement	PREVARLT:Attuned_Item_Count,3	BONUS:VAR|Attuned_Item_Count|1	PREVARGTEQ:Attunement_Ring_Of_Shooting_Stars,1					
Ring Of Spell Storing						COST:0	CATEGORY:Attunement	TYPE:Attunement	PREVARLT:Attuned_Item_Count,3	BONUS:VAR|Attuned_Item_Count|1	PREVARGTEQ:Attunement_Ring_Of_Spell_Storing,1					
Ring Of Spell Turning						COST:0	CATEGORY:Attunement	TYPE:Attunement	PREVARLT:Attuned_Item_Count,3	BONUS:VAR|Attuned_Item_Count|1	PREVARGTEQ:Attunement_Ring_Of_Spell_Turning,1					
Ring Of Telekinesis						COST:0	CATEGORY:Attunement	TYPE:Attunement	PREVARLT:Attuned_Item_Count,3	BONUS:VAR|Attuned_Item_Count|1	PREVARGTEQ:Attunement_Ring_Of_Telekinesis,1					
Ring Of The Ram							COST:0	CATEGORY:Attunement	TYPE:Attunement	PREVARLT:Attuned_Item_Count,3	BONUS:VAR|Attuned_Item_Count|1	PREVARGTEQ:Attunement_Ring_Of_The_Ram,1						
Ring Of Warmth							COST:0	CATEGORY:Attunement	TYPE:Attunement	PREVARLT:Attuned_Item_Count,3	BONUS:VAR|Attuned_Item_Count|1	PREVARGTEQ:Attunement_Ring_Of_Warmth,1						
Ring Of Water Walking						COST:0	CATEGORY:Attunement	TYPE:Attunement	PREVARLT:Attuned_Item_Count,3	BONUS:VAR|Attuned_Item_Count|1	PREVARGTEQ:Attunement_Ring_Of_Water_Walking,1					
Ring Of X-Ray Vision						COST:0	CATEGORY:Attunement	TYPE:Attunement	PREVARLT:Attuned_Item_Count,3	BONUS:VAR|Attuned_Item_Count|1	PREVARGTEQ:Attunement_Ring_Of_X-Ray_Vision,1					
Robe Of Eyes							COST:0	CATEGORY:Attunement	TYPE:Attunement	PREVARLT:Attuned_Item_Count,3	BONUS:VAR|Attuned_Item_Count|1	PREVARGTEQ:Attunement_Robe_Of_Eyes,1						
Robe Of Scintillating Colors					COST:0	CATEGORY:Attunement	TYPE:Attunement	PREVARLT:Attuned_Item_Count,3	BONUS:VAR|Attuned_Item_Count|1	PREVARGTEQ:Attunement_Robe_Of_Scintillating_Colors,1				
Robe Of Stars							COST:0	CATEGORY:Attunement	TYPE:Attunement	PREVARLT:Attuned_Item_Count,3	BONUS:VAR|Attuned_Item_Count|1	PREVARGTEQ:Attunement_Robe_Of_Stars,1						
Robe Of The Archmagi						COST:0	CATEGORY:Attunement	TYPE:Attunement	PREVARLT:Attuned_Item_Count,3	BONUS:VAR|Attuned_Item_Count|1	PREVARGTEQ:Attunement_Robe_Of_The_Archmagi,1					
Rod Of Absorption							COST:0	CATEGORY:Attunement	TYPE:Attunement	PREVARLT:Attuned_Item_Count,3	BONUS:VAR|Attuned_Item_Count|1	PREVARGTEQ:Attunement_Rod_Of_Absorption,1						
Rod Of Alertness							COST:0	CATEGORY:Attunement	TYPE:Attunement	PREVARLT:Attuned_Item_Count,3	BONUS:VAR|Attuned_Item_Count|1	PREVARGTEQ:Attunement_Rod_Of_Alertness,1						
Rod Of Lordly Might						COST:0	CATEGORY:Attunement	TYPE:Attunement	PREVARLT:Attuned_Item_Count,3	BONUS:VAR|Attuned_Item_Count|1	PREVARGTEQ:Attunement_Rod_Of_Lordly_Might,1					
Rod Of The Pact Keeper +1					COST:0	CATEGORY:Attunement	TYPE:Attunement	PREVARLT:Attuned_Item_Count,3	BONUS:VAR|Attuned_Item_Count|1	PREVARGTEQ:Attunement_Rod_Of_The_Pact_Keeper_1,1				
Rod Of The Pact Keeper +2					COST:0	CATEGORY:Attunement	TYPE:Attunement	PREVARLT:Attuned_Item_Count,3	BONUS:VAR|Attuned_Item_Count|1	PREVARGTEQ:Attunement_Rod_Of_The_Pact_Keeper_2,1				
Rod Of The Pact Keeper +3					COST:0	CATEGORY:Attunement	TYPE:Attunement	PREVARLT:Attuned_Item_Count,3	BONUS:VAR|Attuned_Item_Count|1	PREVARGTEQ:Attunement_Rod_Of_The_Pact_Keeper_3,1				
Rod Of Resurrection						COST:0	CATEGORY:Attunement	TYPE:Attunement	PREVARLT:Attuned_Item_Count,3	BONUS:VAR|Attuned_Item_Count|1	PREVARGTEQ:Attunement_Rod_Of_Resurrection,1					
Rod Of Rulership							COST:0	CATEGORY:Attunement	TYPE:Attunement	PREVARLT:Attuned_Item_Count,3	BONUS:VAR|Attuned_Item_Count|1	PREVARGTEQ:Attunement_Rod_Of_Rulership,1						
Scarab Of Protection						COST:0	CATEGORY:Attunement	TYPE:Attunement	PREVARLT:Attuned_Item_Count,3	BONUS:VAR|Attuned_Item_Count|1	PREVARGTEQ:Attunement_Scarab_Of_Protection,1					
Scimitar Of Speed							COST:0	CATEGORY:Attunement	TYPE:Attunement	PREVARLT:Attuned_Item_Count,3	BONUS:VAR|Attuned_Item_Count|1	PREVARGTEQ:Attunement_Scimitar_Of_Speed,1						
Shield Of Missile Attraction					COST:0	CATEGORY:Attunement	TYPE:Attunement	PREVARLT:Attuned_Item_Count,3	BONUS:VAR|Attuned_Item_Count|1	PREVARGTEQ:Attunement_Shield_Of_Missile_Attraction,1				
Slippers Of Spider Climbing					COST:0	CATEGORY:Attunement	TYPE:Attunement	PREVARLT:Attuned_Item_Count,3	BONUS:VAR|Attuned_Item_Count|1	PREVARGTEQ:Attunement_Slippers_Of_Spider_Climbing,1				
Spellguard Shield							COST:0	CATEGORY:Attunement	TYPE:Attunement	PREVARLT:Attuned_Item_Count,3	BONUS:VAR|Attuned_Item_Count|1	PREVARGTEQ:Attunement_Spellguard_Shield,1						
Staff Of Charming							COST:0	CATEGORY:Attunement	TYPE:Attunement	PREVARLT:Attuned_Item_Count,3	BONUS:VAR|Attuned_Item_Count|1	PREVARGTEQ:Attunement_Staff_Of_Charming,1						
Staff Of Fire							COST:0	CATEGORY:Attunement	TYPE:Attunement	PREVARLT:Attuned_Item_Count,3	BONUS:VAR|Attuned_Item_Count|1	PREVARGTEQ:Attunement_Staff_Of_Fire,1						
Staff Of Frost							COST:0	CATEGORY:Attunement	TYPE:Attunement	PREVARLT:Attuned_Item_Count,3	BONUS:VAR|Attuned_Item_Count|1	PREVARGTEQ:Attunement_Staff_Of_Frost,1						
Staff Of Healing							COST:0	CATEGORY:Attunement	TYPE:Attunement	PREVARLT:Attuned_Item_Count,3	BONUS:VAR|Attuned_Item_Count|1	PREVARGTEQ:Attunement_Staff_Of_Healing,1						
Staff Of Power							COST:0	CATEGORY:Attunement	TYPE:Attunement	PREVARLT:Attuned_Item_Count,3	BONUS:VAR|Attuned_Item_Count|1	PREVARGTEQ:Attunement_Staff_Of_Power,1						
Staff Of Striking							COST:0	CATEGORY:Attunement	TYPE:Attunement	PREVARLT:Attuned_Item_Count,3	BONUS:VAR|Attuned_Item_Count|1	PREVARGTEQ:Attunement_Staff_Of_Striking,1						
Staff Of Swarming Insects					COST:0	CATEGORY:Attunement	TYPE:Attunement	PREVARLT:Attuned_Item_Count,3	BONUS:VAR|Attuned_Item_Count|1	PREVARGTEQ:Attunement_Staff_Of_Swarming_Insects,1				
Staff Of The Adder						COST:0	CATEGORY:Attunement	TYPE:Attunement	PREVARLT:Attuned_Item_Count,3	BONUS:VAR|Attuned_Item_Count|1	PREVARGTEQ:Attunement_Staff_Of_The_Adder,1					
Staff Of The Magi							COST:0	CATEGORY:Attunement	TYPE:Attunement	PREVARLT:Attuned_Item_Count,3	BONUS:VAR|Attuned_Item_Count|1	PREVARGTEQ:Attunement_Staff_Of_The_Magi,1						
Staff Of The Python						COST:0	CATEGORY:Attunement	TYPE:Attunement	PREVARLT:Attuned_Item_Count,3	BONUS:VAR|Attuned_Item_Count|1	PREVARGTEQ:Attunement_Staff_Of_The_Python,1					
Staff Of The Woodlands						COST:0	CATEGORY:Attunement	TYPE:Attunement	PREVARLT:Attuned_Item_Count,3	BONUS:VAR|Attuned_Item_Count|1	PREVARGTEQ:Attunement_Staff_Of_The_Woodlands,1					
Staff Of Thunder And Lightning				COST:0	CATEGORY:Attunement	TYPE:Attunement	PREVARLT:Attuned_Item_Count,3	BONUS:VAR|Attuned_Item_Count|1	PREVARGTEQ:Attunement_Staff_Of_Thunder_And_Lightning,1			
Staff Of Withering						COST:0	CATEGORY:Attunement	TYPE:Attunement	PREVARLT:Attuned_Item_Count,3	BONUS:VAR|Attuned_Item_Count|1	PREVARGTEQ:Attunement_Staff_Of_Withering,1					
Stone Of Good Luck						COST:0	CATEGORY:Attunement	TYPE:Attunement	PREVARLT:Attuned_Item_Count,3	BONUS:VAR|Attuned_Item_Count|1	PREVARGTEQ:Attunement_Stone_Of_Good_Luck,1					
Sun Blade								COST:0	CATEGORY:Attunement	TYPE:Attunement	PREVARLT:Attuned_Item_Count,3	BONUS:VAR|Attuned_Item_Count|1	PREVARGTEQ:Attunement_Sun_Blade,1							
Sword Of Answering						COST:0	CATEGORY:Attunement	TYPE:Attunement	PREVARLT:Attuned_Item_Count,3	BONUS:VAR|Attuned_Item_Count|1	PREVARGTEQ:Attunement_Sword_Of_Answering,1					
Talisman Of Pure Good						COST:0	CATEGORY:Attunement	TYPE:Attunement	PREVARLT:Attuned_Item_Count,3	BONUS:VAR|Attuned_Item_Count|1	PREVARGTEQ:Attunement_Talisman_Of_Pure_Good,1					
Talisman Of The Sphere						COST:0	CATEGORY:Attunement	TYPE:Attunement	PREVARLT:Attuned_Item_Count,3	BONUS:VAR|Attuned_Item_Count|1	PREVARGTEQ:Attunement_Talisman_Of_The_Sphere,1					
Talisman Of Ultimate Evil					COST:0	CATEGORY:Attunement	TYPE:Attunement	PREVARLT:Attuned_Item_Count,3	BONUS:VAR|Attuned_Item_Count|1	PREVARGTEQ:Attunement_Talisman_Of_Ultimate_Evil,1				
Tenctacle Rod							COST:0	CATEGORY:Attunement	TYPE:Attunement	PREVARLT:Attuned_Item_Count,3	BONUS:VAR|Attuned_Item_Count|1	PREVARGTEQ:Attunement_Tenctacle_Rod,1						
Tome Of The Stilled Tongue					COST:0	CATEGORY:Attunement	TYPE:Attunement	PREVARLT:Attuned_Item_Count,3	BONUS:VAR|Attuned_Item_Count|1	PREVARGTEQ:Attunement_Tome_Of_The_Stilled_Tongue,1				
Trident Of Fish Command						COST:0	CATEGORY:Attunement	TYPE:Attunement	PREVARLT:Attuned_Item_Count,3	BONUS:VAR|Attuned_Item_Count|1	PREVARGTEQ:Attunement_Trident_Of_Fish_Command,1					
Wand Of Binding							COST:0	CATEGORY:Attunement	TYPE:Attunement	PREVARLT:Attuned_Item_Count,3	BONUS:VAR|Attuned_Item_Count|1	PREVARGTEQ:Attunement_Wand_Of_Binding,1						
Wand Of Enemy Detection						COST:0	CATEGORY:Attunement	TYPE:Attunement	PREVARLT:Attuned_Item_Count,3	BONUS:VAR|Attuned_Item_Count|1	PREVARGTEQ:Attunement_Wand_Of_Enemy_Detection,1					
Wand Of Fear							COST:0	CATEGORY:Attunement	TYPE:Attunement	PREVARLT:Attuned_Item_Count,3	BONUS:VAR|Attuned_Item_Count|1	PREVARGTEQ:Attunement_Wand_Of_Fear,1						
Wand Of Fireballs							COST:0	CATEGORY:Attunement	TYPE:Attunement	PREVARLT:Attuned_Item_Count,3	BONUS:VAR|Attuned_Item_Count|1	PREVARGTEQ:Attunement_Wand_Of_Fireballs,1						
Wand Of Lightning Bolts						COST:0	CATEGORY:Attunement	TYPE:Attunement	PREVARLT:Attuned_Item_Count,3	BONUS:VAR|Attuned_Item_Count|1	PREVARGTEQ:Attunement_Wand_Of_Lightning_Bolts,1					
Wand Of Paralysis							COST:0	CATEGORY:Attunement	TYPE:Attunement	PREVARLT:Attuned_Item_Count,3	BONUS:VAR|Attuned_Item_Count|1	PREVARGTEQ:Attunement_Wand_Of_Paralysis,1						
Wand Of Polymorph							COST:0	CATEGORY:Attunement	TYPE:Attunement	PREVARLT:Attuned_Item_Count,3	BONUS:VAR|Attuned_Item_Count|1	PREVARGTEQ:Attunement_Wand_Of_Polymorph,1						
Wand Of The War Mage +1						COST:0	CATEGORY:Attunement	TYPE:Attunement	PREVARLT:Attuned_Item_Count,3	BONUS:VAR|Attuned_Item_Count|1	PREVARGTEQ:Attunement_Wand_Of_The_War_Mage_1,1					
Wand Of The War Mage +2						COST:0	CATEGORY:Attunement	TYPE:Attunement	PREVARLT:Attuned_Item_Count,3	BONUS:VAR|Attuned_Item_Count|1	PREVARGTEQ:Attunement_Wand_Of_The_War_Mage_2,1					
Wand Of The War Mage +3						COST:0	CATEGORY:Attunement	TYPE:Attunement	PREVARLT:Attuned_Item_Count,3	BONUS:VAR|Attuned_Item_Count|1	PREVARGTEQ:Attunement_Wand_Of_The_War_Mage_3,1					
Wand Of Web								COST:0	CATEGORY:Attunement	TYPE:Attunement	PREVARLT:Attuned_Item_Count,3	BONUS:VAR|Attuned_Item_Count|1	PREVARGTEQ:Attunement_Wand_Of_Web,1							
Wand Of Wonder							COST:0	CATEGORY:Attunement	TYPE:Attunement	PREVARLT:Attuned_Item_Count,3	BONUS:VAR|Attuned_Item_Count|1	PREVARGTEQ:Attunement_Wand_Of_Wonder,1						
Winged Boots							COST:0	CATEGORY:Attunement	TYPE:Attunement	PREVARLT:Attuned_Item_Count,3	BONUS:VAR|Attuned_Item_Count|1	PREVARGTEQ:Attunement_Winged_Boots,1						
Wings Of Flying							COST:0	CATEGORY:Attunement	TYPE:Attunement	PREVARLT:Attuned_Item_Count,3	BONUS:VAR|Attuned_Item_Count|1	PREVARGTEQ:Attunement_Wings_Of_Flying,1						


###Block: Other Rewards (p.228)	-Not implemented
# Blessing
Blessing of Health			COST:0	CATEGORY:Special Ability	TYPE:MiscReward.Blessing
Blessing of Protection			COST:0	CATEGORY:Special Ability	TYPE:MiscReward.Blessing
Blessing of Magic Resistance		COST:0	CATEGORY:Special Ability	TYPE:MiscReward.Blessing
Blessing of Understanding		COST:0	CATEGORY:Special Ability	TYPE:MiscReward.Blessing
Blessing of Valhalla			COST:0	CATEGORY:Special Ability	TYPE:MiscReward.Blessing
Blessing of Weapon Enhancement	COST:0	CATEGORY:Special Ability	TYPE:MiscReward.Blessing
Blessing of Wound Closure		COST:0	CATEGORY:Special Ability	TYPE:MiscReward.Blessing

# Charm
Charm of Animal Conjuring		COST:0	CATEGORY:Special Ability	TYPE:MiscReward.Charm
Charm of Darkvision			COST:0	CATEGORY:Special Ability	TYPE:MiscReward.Charm
Charm of Feather Falling		COST:0	CATEGORY:Special Ability	TYPE:MiscReward.Charm
Charm of Heroism				COST:0	CATEGORY:Special Ability	TYPE:MiscReward.Charm
Charm of Restoration			COST:0	CATEGORY:Special Ability	TYPE:MiscReward.Charm
Charm of the Slayer			COST:0	CATEGORY:Special Ability	TYPE:MiscReward.Charm
Charm of Vitality				COST:0	CATEGORY:Special Ability	TYPE:MiscReward.Charm

# Epic Boon (p.232)
Boon of Combat Prowess			COST:0	CATEGORY:Special Ability	TYPE:MiscReward.Epic Boon	PREPCLEVEL:MIN=20
Boon of Dimensional Travel		COST:0	CATEGORY:Special Ability	TYPE:MiscReward.Epic Boon	PREPCLEVEL:MIN=20
Boon of Fate				COST:0	CATEGORY:Special Ability	TYPE:MiscReward.Epic Boon	PREPCLEVEL:MIN=20
Boon of Fortitude				COST:0	CATEGORY:Special Ability	TYPE:MiscReward.Epic Boon	PREPCLEVEL:MIN=20
Boon of High Magic			COST:0	CATEGORY:Special Ability	TYPE:MiscReward.Epic Boon	PREPCLEVEL:MIN=20
Boon of Immortality			COST:0	CATEGORY:Special Ability	TYPE:MiscReward.Epic Boon	PREPCLEVEL:MIN=20
Boon of Invincibility			COST:0	CATEGORY:Special Ability	TYPE:MiscReward.Epic Boon	PREPCLEVEL:MIN=20
Boon of Irrestible Offense		COST:0	CATEGORY:Special Ability	TYPE:MiscReward.Epic Boon	PREPCLEVEL:MIN=20
Boon of Luck				COST:0	CATEGORY:Special Ability	TYPE:MiscReward.Epic Boon	PREPCLEVEL:MIN=20
Boon of Magic Resistance		COST:0	CATEGORY:Special Ability	TYPE:MiscReward.Epic Boon	PREPCLEVEL:MIN=20
Boon of Peerless Aim			COST:0	CATEGORY:Special Ability	TYPE:MiscReward.Epic Boon	PREPCLEVEL:MIN=20
Boon of Perfect Health			COST:0	CATEGORY:Special Ability	TYPE:MiscReward.Epic Boon	PREPCLEVEL:MIN=20
Boon of Planar Travel			COST:0	CATEGORY:Special Ability	TYPE:MiscReward.Epic Boon	PREPCLEVEL:MIN=20
Boon of Quick Casting			COST:0	CATEGORY:Special Ability	TYPE:MiscReward.Epic Boon	PREPCLEVEL:MIN=20
Boon of Recovery				COST:0	CATEGORY:Special Ability	TYPE:MiscReward.Epic Boon	PREPCLEVEL:MIN=20
Boon of Resiliance			COST:0	CATEGORY:Special Ability	TYPE:MiscReward.Epic Boon	PREPCLEVEL:MIN=20
Boon of Skill Proficiency		COST:0	CATEGORY:Special Ability	TYPE:MiscReward.Epic Boon	PREPCLEVEL:MIN=20
Boon of Speed				COST:0	CATEGORY:Special Ability	TYPE:MiscReward.Epic Boon	PREPCLEVEL:MIN=20
Boon of Spell Mastery			COST:0	CATEGORY:Special Ability	TYPE:MiscReward.Epic Boon	PREPCLEVEL:MIN=20
Boon of Spell Recall			COST:0	CATEGORY:Special Ability	TYPE:MiscReward.Epic Boon	PREPCLEVEL:MIN=20
Boon of the Fire Soul			COST:0	CATEGORY:Special Ability	TYPE:MiscReward.Epic Boon	PREPCLEVEL:MIN=20
Boon of the Night Spirit		COST:0	CATEGORY:Special Ability	TYPE:MiscReward.Epic Boon	PREPCLEVEL:MIN=20
Boon of Stormborn				COST:0	CATEGORY:Special Ability	TYPE:MiscReward.Epic Boon	PREPCLEVEL:MIN=20
Boon of the unfettered			COST:0	CATEGORY:Special Ability	TYPE:MiscReward.Epic Boon	PREPCLEVEL:MIN=20
Boon of truesight				COST:0	CATEGORY:Special Ability	TYPE:MiscReward.Epic Boon	PREPCLEVEL:MIN=20
Boon of undetectability			COST:0	CATEGORY:Special Ability	TYPE:MiscReward.Epic Boon	PREPCLEVEL:MIN=20



