
Adamantine Armor	TYPE:HeavyArmor.MediumArmor	!PRETYPE:1,Hide	SPROP:Any Critical Hit Against You Becomes A Normal Hit
Ammunition +1	KEY:PLUS1AMMO	TYPE:Ammunition	REPLACES:PLUS2AMMO,PLUS3AMMO	BONUS:WEAPON|TOHIT,DAMAGE|1
Ammunition +2	KEY:PLUS2AMMO	TYPE:Ammunition	REPLACES:PLUS1AMMO,PLUS3AMMO	BONUS:WEAPON|TOHIT,DAMAGE|2
Ammunition +3	KEY:PLUS3AMMO	TYPE:Ammunition	REPLACES:PLUS1AMMO,PLUS2AMMO	BONUS:WEAPON|TOHIT,DAMAGE|3
Armor +1		KEY:PLUS1A	REPLACES:PLUS2A,PLUS3A		SOURCEPAGE:P.152	TYPE:Armor	BONUS:COMBAT|AC|1|TYPE=Armor.STACK
Armor +2		KEY:PLUS2A	REPLACES:PLUS1A,PLUS3A		SOURCEPAGE:P.152	TYPE:Armor	BONUS:COMBAT|AC|2|TYPE=Armor.STACK
Armor +3		KEY:PLUS3A	REPLACES:PLUS1A,PLUS2A		SOURCEPAGE:P.152	TYPE:Armor	BONUS:COMBAT|AC|3|TYPE=Armor.STACK
Armor Of Resistance		SOURCEPAGE:P.152	TYPE:Armor
Armor Of Vulnerability		SOURCEPAGE:P.152	TYPE:Armor	DEFINE:Attunement_armor_of_vulnerability|0	BONUS:VAR|Attunement_armor_of_vulnerability|1
Arrow-Catching Shield		SOURCEPAGE:P.152	TYPE:Shield	SPROP:+2 Bonus To Ac Against Ranged Attacks While You Wield Shield.|Preability:1,Category=Attunement,Arrow-Catching Shield	DEFINE:Attunement_arrow_catching_shield|0	BONUS:VAR|Attunement_arrow_catching_shield|1
Of Slaying			TYPE:Ammunition		SOURCEPAGE:P.152
Berserker Axe	SOURCEPAGE:P.155	TYPE:Axe
Dancing Sword	SOURCEPAGE:P.161	TYPE:Sword
Defender		SOURCEPAGE:P.164	TYPE:Sword
Dragon Slayer	SOURCEPAGE:P.166	TYPE:Sword
Flame Tongue	SOURCEPAGE:P.169	TYPE:Sword
Frost Brand		SOURCEPAGE:P.171	TYPE:Sword
Giant Slayer	SOURCEPAGE:P.172	TYPE:Sword.Axe
Holy Avenger	SOURCEPAGE:P.174	TYPE:Sword
Luck Blade		SOURCEPAGE:P.179	TYPE:Sword
Mariner's Armor	SOURCEPAGE:P.181	TYPE:Armor
Mithral Armor	SOURCEPAGE:P.181	TYPE:Armor
Blessing				TYPE:Necklace Of Prayer Beads	SOURCEPAGE:P.181
Curing				TYPE:Necklace Of Prayer Beads	SOURCEPAGE:P.181
Favor					TYPE:Necklace Of Prayer Beads	SOURCEPAGE:P.181
Smiting				TYPE:Necklace Of Prayer Beads	SOURCEPAGE:P.181
Summons				TYPE:Necklace Of Prayer Beads	SOURCEPAGE:P.181
Wind Walking			TYPE:Necklace Of Prayer Beads	SOURCEPAGE:P.181
Nine Lives Stealer	SOURCEPAGE:P.183	TYPE:Sword


Shield +1		KEY:PLUS1S	REPLACES:PLUS2S,PLUS3S		SOURCEPAGE:P.200	TYPE:Shield	BONUS:COMBAT|AC|1|TYPE=Shield.STACK
Shield +2		KEY:PLUS2S	REPLACES:PLUS1S,PLUS3S		SOURCEPAGE:P.200	TYPE:Shield	BONUS:COMBAT|AC|2|TYPE=Shield.STACK
Shield +3		KEY:PLUS3S	REPLACES:PLUS1S,PLUS2S		SOURCEPAGE:P.200	TYPE:Shield	BONUS:COMBAT|AC|3|TYPE=Shield.STACK

Sword Of Life Stealing	SOURCEPAGE:P.206	TYPE:Sword
Sword Of Sharpness	SOURCEPAGE:P.206	TYPE:Sword
Sword Of Vengeance	SOURCEPAGE:P.206	TYPE:Sword
Sword Of Wounding		SOURCEPAGE:P.207	TYPE:Sword
Visious Weapon		SOURCEPAGE:P.209	TYPE:Weapon
Vorpal Sword		SOURCEPAGE:P.209	TYPE:Sword
Weapon +1	KEY:PLUS1W	REPLACES:PLUS2W,PLUS3W	TYPE:Weapon	BONUS:WEAPON|TOHIT,DAMAGE|1
Weapon +2	KEY:PLUS2W	REPLACES:PLUS1W,PLUS3W	TYPE:Weapon	BONUS:WEAPON|TOHIT,DAMAGE|2
Weapon +3	KEY:PLUS3W	REPLACES:PLUS1W,PLUS2W	TYPE:Weapon	BONUS:WEAPON|TOHIT,DAMAGE|3
Weapon Of Warning	SOURCEPAGE:P.213	TYPE:Weapon
