# CVS $Revision: $ $Author: $ -- Sun Jun  9 11:28:24 2013 -- reformated by prettylst.pl v1.50 (build 19967)


# Class Name			Hit Dice	Type			Max Level	Source Page		Save checks bonus												Combat bonus
CLASS:Avenging Executioner	HD:8		TYPE:Prestige	MAXLEVEL:5	SOURCEPAGE:p.24	BONUS:CHECKS|BASE.Reflex,BASE.Will|(CL/2)+2	BONUS:CHECKS|BASE.Fortitude|CL/3	BONUS:COMBAT|BAB|CL*3/4|PREVAREQ:UseFractionalBAB,0	BONUS:VAR|ClassBABModerate|CL|PREVAREQ:UseFractionalBAB,1	

# Class Name			Restricted AL		Req. Att.	Required Skill						Required Text
CLASS:Avenging Executioner	!PREALIGN:LG,NG,CG	PREATT:5	PRESKILL:3,Hide=4,Intimidate=6,Move Silently=4	PRETEXT:Must have been tragically wronged in some manner.
# Class Name			Skill Pts/Lvl	Class Skill
CLASS:Avenging Executioner	STARTSKILLPTS:6	CSKILL:Balance|Bluff|Climb|TYPE=Craft|Disguise|Escape Artist|Hide|Intimidate|Jump|Listen|Move Silently|Open Lock|TYPE=Profession|Spot|Use Rope
###Block:
1	ABILITY:Avenging Executioner Class Ability|AUTOMATIC|Bloody Blade ~ Avenging Executioner|Sudden Strike ~ Avenging Executioner
2	ABILITY:Avenging Executioner Class Ability|AUTOMATIC|Rapid Intimidation ~ Avenging Executioner
4	ABILITY:Avenging Executioner Class Ability|AUTOMATIC|Dread Blade ~ Avenging Executioner
5	ABILITY:Avenging Executioner Class Ability|AUTOMATIC|Bloody Murder ~ Avenging Executioner
###Block:
1	BONUS:VAR|SuddenStrikeDice|(CL+1)/2

# Class Name		Hit Dice	Type			Max Level	Source Page		Save checks bonus												Combat bonus
CLASS:Battle Trickster	HD:10		TYPE:Prestige	MAXLEVEL:3	SOURCEPAGE:p.28	BONUS:CHECKS|BASE.Fortitude|(CL/2)+2	BONUS:CHECKS|BASE.Reflex,BASE.Will|CL/3	BONUS:COMBAT|BAB|CL	
# Class Name		Required Ability							Req. Att.	Required Skill			Required Text
CLASS:Battle Trickster	PREABILITY:2,CATEGORY=Special Ability,TYPE.SkillTrick	PREATT:5	PRESKILL:3,TYPE.Standard=6	PRETEXT:Any three skills 6 ranks each. Skill Tricks: Any two.
# Class Name		Skill Pts/Lvl	Class Skill
CLASS:Battle Trickster	STARTSKILLPTS:4	CSKILL:Balance|Bluff|Climb|TYPE=Craft|Handle Animal|Jump|TYPE=Profession|Ride|Swim|Tumble|Use Rope
###Block:
1	ABILITY:Battle Trickster Class Ability|AUTOMATIC|Bonus Trick ~ Battle Trickster
2	ABILITY:Battle Trickster Class Ability|AUTOMATIC|Bonus Feat ~ Battle Trickster
3	ABILITY:Battle Trickster Class Ability|AUTOMATIC|Tricky Fighting ~ Battle Trickster
###Block:
1	BONUS:VAR|BonusSkillTrickCount|1
3	BONUS:VAR|BonusSkillTrickCount|1

# Class Name		Hit Dice	Type			Max Level	Source Page		Save checks bonus												Combat bonus
CLASS:Cloaked Dancer	HD:6		TYPE:Prestige	MAXLEVEL:5	SOURCEPAGE:p.31	BONUS:CHECKS|BASE.Reflex|(CL/2)+2	BONUS:CHECKS|BASE.Fortitude,BASE.Will|CL/3	BONUS:COMBAT|BAB|CL*3/4|PREVAREQ:UseFractionalBAB,0	BONUS:VAR|ClassBABModerate|CL|PREVAREQ:UseFractionalBAB,1	

# Class Name		Required Skill
CLASS:Cloaked Dancer	PRESKILL:3,Hide=5,Perform (Dance)=10,Sleight of Hand=5
# Class Name		Skill Pts/Lvl	Class Skill
CLASS:Cloaked Dancer	STARTSKILLPTS:6	CSKILL:Appraise|Balance|Bluff|Climb|Concentration|TYPE=Craft|Diplomacy|Disguise|Escape Artist|Gather Information|Jump|TYPE=Perform|TYPE=Profession|Sense Motive|Sleight of Hand|Speak Language|Swim|Tumble|Use Magic Device|Use Rope.
###Block:
1	ABILITY:Cloaked Dancer Class Ability|AUTOMATIC|Enchanting Dance ~ Cloaked Dancer
2	ABILITY:Cloaked Dancer Class Ability|AUTOMATIC|Surprise Strike ~ Cloaked Dancer
###Block:
2	BONUS:VAR|SurpriseStrikeDice|CL/2
###Block:
2	ADD:SPELLCASTER|Arcane
4	ADD:SPELLCASTER|Arcane

# Class Name		Hit Dice	Type			Max Level	Source Page		Save checks bonus												Combat bonus
CLASS:Combat Trapsmith	HD:6		TYPE:Prestige	MAXLEVEL:5	SOURCEPAGE:p.34	BONUS:CHECKS|BASE.Reflex,BASE.Fortitude|(CL/2)+2	BONUS:CHECKS|BASE.Will|CL/3	BONUS:COMBAT|BAB|CL*3/4|PREVAREQ:UseFractionalBAB,0	BONUS:VAR|ClassBABModerate|CL|PREVAREQ:UseFractionalBAB,1	

# Class Name		Required Skill								Required Text
CLASS:Combat Trapsmith	PRESKILL:3,Craft (Trapmaking)=8,Disable Device=6,Search=6	PRETEXT:Trapfinding.
# Class Name		Skill Pts/Lvl	Class Skill
CLASS:Combat Trapsmith	STARTSKILLPTS:6	CSKILL:Appraise|Balance|Climb|Concentration|TYPE=Craft|Disable Device|Escape Artist|Hide|Jump|Knowledge (architecture and engineering)|Listen|Move Silently|Open Lock|TYPE=Profession|Search|Spot|Tumble|Use Rope
###Block:
1	ABILITY:Combat Trapsmith Class Ability|AUTOMATIC|Combat Trapping ~ Combat Trapsmith|Trap Sense ~ Combat Trapsmith
2	ABILITY:Combat Trapsmith Class Ability|AUTOMATIC|Skill Focus ~ Combat Trapsmith
4	ABILITY:Combat Trapsmith Class Ability|AUTOMATIC|Improvised Materials ~ Combat Trapsmith
5	ABILITY:Combat Trapsmith Class Ability|AUTOMATIC|Expert Trapsetter ~ Combat Trapsmith
###Block:
1	BONUS:VAR|CombatTraps|CL+1
1	BONUS:VAR|TrapSenseBonus|(CL+1)/2

# Class Name		Hit Dice	Type			Max Level	Source Page		Save checks bonus												Combat bonus
CLASS:Fortune's Friend	HD:6		TYPE:Prestige	MAXLEVEL:5	SOURCEPAGE:p.38	BONUS:CHECKS|BASE.Reflex|(CL/2)+2	BONUS:CHECKS|BASE.Fortitude,BASE.Will|CL/3	BONUS:COMBAT|BAB|CL*3/4|PREVAREQ:UseFractionalBAB,0	BONUS:VAR|ClassBABModerate|CL|PREVAREQ:UseFractionalBAB,1	

# Class Name		Req. Att.	Required Feat		Required Skill
CLASS:Fortune's Friend	PREATT:3	PREFEAT:1,TYPE=Luck	PRESKILL:1,TYPE.Standard=8
# Class Name		Skill Pts/Lvl	Class Skill
CLASS:Fortune's Friend	STARTSKILLPTS:6	CSKILL:Balance|Bluff|Climb|TYPE=Craft|Decipher Script|Diplomacy|Disable Device|Disguise|Escape Artist|Gather Information|Hide|Jump|Listen|Move Silently|Open Lock|TYPE=Perform|TYPE=Profession|Search|Sleight of Hand|Spot|Swim|Tumble|Use Magic Device|Use Rope
###Block:
1	ABILITY:Fortune's Friend Class Ability|AUTOMATIC|Easy Luck ~ Fortune's Friend|Extra Fortune ~ Fortune's Friend|More Luck Than Skill ~ Fortune's Friend
2	ABILITY:Fortune's Friend Class Ability|AUTOMATIC|Bonus Luck Feat ~ Fortune's Friend
3	ABILITY:Fortune's Friend Class Ability|AUTOMATIC|Fortune's Favorite ~ Fortune's Friend
5	ABILITY:Fortune's Friend Class Ability|AUTOMATIC|Lucky Strike ~ Fortune's Friend
###Block:
2	ADD:SPELLCASTER|ANY
4	ADD:SPELLCASTER|ANY
###Block:
1	BONUS:VAR|FortunesFriendExtraFortuneCount|1
3	BONUS:VAR|FortunesFriendExtraFortuneCount|1

# Class Name	Hit Dice	Type			Max Level	Source Page		Save checks bonus											Combat bonus
CLASS:Gray Guard	HD:10		TYPE:Prestige	MAXLEVEL:10	SOURCEPAGE:p.40	BONUS:CHECKS|BASE.Fortitude,BASE.Will|(CL/2)+2	BONUS:CHECKS|BASE.Reflex|CL/3	BONUS:COMBAT|BAB|CL	
# Class Name	Required Ability											Required AL	Required Skill							Required Text
CLASS:Gray Guard	PREABILITY:1,CATEGORY=Special Ability,TYPE.LayOnHands,Lay on Hands ~ Paladin	PREALIGN:LG	PRESKILL:2,Knowledge (Religion)=8,Sense Motive=4	PRETEXT: Must adhere to a code of conduct that prevents the character from performing evil acts.
# Class Name	Skill Pts/Lvl	Class Skill
CLASS:Gray Guard	STARTSKILLPTS:2	CSKILL:Bluff|Concentration|Disguise|Forgery|Handle Animal|Heal|Intimidate|Knowledge (local)|Knowledge (nobility and royalty)|Knowledge (religion)|Ride|Sense Motive
###Block:
1	ABILITY:Gray Guard Class Ability|AUTOMATIC|Lay On Hands ~ Gray Guard|Sacrament Of Trust ~ Gray Guard
2	ABILITY:Gray Guard Class Ability|AUTOMATIC|Debilitating Touch ~ Gray Guard
3	ABILITY:Gray Guard Class Ability|AUTOMATIC|Smite Evil ~ Gray Guard
4	ABILITY:Gray Guard Class Ability|AUTOMATIC|Justice Blade ~ Gray Guard
5	ABILITY:Gray Guard Class Ability|AUTOMATIC|Devastating Touch ~ Gray Guard
7	ABILITY:Gray Guard Class Ability|AUTOMATIC|Unbound Justice ~ Gray Guard
10	ABILITY:Gray Guard Class Ability|AUTOMATIC|Sacrament Of The True Faith ~ Gray Guard
###Block:
2	ADD:SPELLCASTER|Divine
4	ADD:SPELLCASTER|Divine
6	ADD:SPELLCASTER|Divine
8	ADD:SPELLCASTER|Divine
10	ADD:SPELLCASTER|Divine
###Block:
3	BONUS:VAR|SmiteEvilTimes|1
8	BONUS:VAR|SmiteEvilTimes|1
4	BONUS:VAR|GrayGuardJusticeBladeTier|1
9	BONUS:VAR|GrayGuardJusticeBladeTier|1

# Class Name		Hit Dice	Type			Max Level	Source Page		Save checks bonus												Combat bonus
CLASS:Magical Trickster	HD:6		TYPE:Prestige	MAXLEVEL:3	SOURCEPAGE:p.45	BONUS:CHECKS|BASE.Will|(CL/2)+2	BONUS:CHECKS|BASE.Reflex,BASE.Fortitude|CL/3	BONUS:COMBAT|BAB|CL*1/2|PREVAREQ:UseFractionalBAB,0	BONUS:VAR|ClassBABPoor|CL|PREVAREQ:UseFractionalBAB,1	

# Class Name		Required Ability							Required Feat			Req. Spell Type
CLASS:Magical Trickster	PREABILITY:2,CATEGORY=Special Ability,TYPE.SkillTrick	PREFEAT:1,TYPE=Metamagic	PRESPELLTYPE:1,ANY=3
# Class Name		Skill Pts/Lvl	Class Skill
CLASS:Magical Trickster	STARTSKILLPTS:4	CSKILL:Bluff|Climb|Concentration|TYPE=Craft|Diplomacy|Jump|Knowledge (Arcana)|Knowledge (religion)|TYPE=Profession|Spellcraft|Tumble|Use Rope
###Block:
1	ABILITY:Magical Trickster Class Ability|AUTOMATIC|Bonus Trick ~ Magical Trickster|Spontaneous Trickster ~ Magical Trickster
2	ABILITY:Magical Trickster Class Ability|AUTOMATIC|Bonus Metamagic Feat ~ Magical Trickster
3	ABILITY:Magical Trickster Class Ability|AUTOMATIC|Metamagic Trick ~ Magical Trickster|Tricky Magic ~ Magical Trickster
###Block:
1	BONUS:VAR|BonusSkillTrickCount|1
3	BONUS:VAR|BonusSkillTrickCount|1
###Block:
2	ADD:SPELLCASTER|ANY
3	ADD:SPELLCASTER|ANY

# Class Name	Hit Dice	Type			Max Level	Source Page		Save checks bonus												Combat bonus
CLASS:Malconvoker	HD:4		TYPE:Prestige	MAXLEVEL:9	SOURCEPAGE:p.48	BONUS:CHECKS|BASE.Will|(CL/2)+2	BONUS:CHECKS|BASE.Reflex,BASE.Fortitude|CL/3	BONUS:COMBAT|BAB|CL*1/2|PREVAREQ:UseFractionalBAB,0	BONUS:VAR|ClassBABPoor|CL|PREVAREQ:UseFractionalBAB,1	

# Class Name	Restricted AL		Required Feat							Required Language			Required Skill						Req. Known Spell
CLASS:Malconvoker	!PREALIGN:LE,NE,CE	PREFEAT:2,Augment Summoning,Spell Focus (Conjuration)	PRELANG:2,Celestial,Infernal	PRESKILL:2,Bluff=4,Knowledge (The Planes)=4	PRESPELL:1,Summon Monster III
# Class Name	Skill Pts/Lvl	Class Skill
CLASS:Malconvoker	STARTSKILLPTS:2	CSKILL:Bluff|Concentration|TYPE=Craft|Disguise|Knowledge (Arcana)|Knowledge (religion)|Knowledge (The Planes)|TYPE=Profession|Spellcraft
###Block:
1	ABILITY:Malconvoker Class Ability|AUTOMATIC|Deceptive Summons ~ Malconvoker|Unrestricted Conjuration ~ Malconvoker
2	ABILITY:Malconvoker Class Ability|AUTOMATIC|Planar Binding ~ Malconvoker
3	ABILITY:Malconvoker Class Ability|AUTOMATIC|Skill Focus ~ Malconvoker
5	ABILITY:Malconvoker Class Ability|AUTOMATIC|Fiendish Legion ~ Malconvoker
6	ABILITY:Malconvoker Class Ability|AUTOMATIC|Deceitful Bargaining ~ Malconvoker
8	ABILITY:Malconvoker Class Ability|AUTOMATIC|Improved Calling ~ Malconvoker
9	ABILITY:Malconvoker Class Ability|AUTOMATIC|Safe Summoning ~ Malconvoker
###Block:
2	ADD:SPELLCASTER|ANY
3	ADD:SPELLCASTER|ANY
4	ADD:SPELLCASTER|ANY
5	ADD:SPELLCASTER|ANY
6	ADD:SPELLCASTER|ANY
7	ADD:SPELLCASTER|ANY
8	ADD:SPELLCASTER|ANY
9	ADD:SPELLCASTER|ANY
###Block:
1	BONUS:VAR|MalconvokerDeceptiveSummonsLVL|1
4	BONUS:VAR|MalconvokerDeceptiveSummonsLVL|1
7	BONUS:VAR|MalconvokerDeceptiveSummonsLVL|1

# Class Name		Hit Dice	Type			Max Level	Source Page		Save checks bonus												Combat bonus
CLASS:Master of Masks	HD:6		TYPE:Prestige	MAXLEVEL:10	SOURCEPAGE:p.52	BONUS:CHECKS|BASE.Reflex,BASE.Will|(CL/2)+2	BONUS:CHECKS|BASE.Fortitude|CL/3	BONUS:COMBAT|BAB|CL*1/2|PREVAREQ:UseFractionalBAB,0	BONUS:VAR|ClassBABPoor|CL|PREVAREQ:UseFractionalBAB,1	

# Class Name		Required Language	Required Skill						Required Text
CLASS:Master of Masks	PRELANG:4,ANY	PRESKILL:3,Bluff=8,Disguise=8,Perform (Act)=8	PRETEXT:Must have successfully impersonated an individual, fooling even that person's friends and associates
# Class Name		Skill Pts/Lvl	Class Skill
CLASS:Master of Masks	STARTSKILLPTS:4	CSKILL:Appraise|Bluff|TYPE=Craft|Disguise|Forgery|TYPE=Perform|Sleight of Hand|Speak Language
###Block:
1	ABILITY:Master of Masks Class Ability|AUTOMATIC|Persona Masks ~ Master of Masks
3	ABILITY:Master of Masks Class Ability|AUTOMATIC|Mask Specialist ~ Master of Masks
5	ABILITY:Master of Masks Class Ability|AUTOMATIC|Many Faces ~ Master of Masks
6	ABILITY:Master of Masks Class Ability|AUTOMATIC|Hidden Mask ~ Master of Masks
###Block:
2	ADD:SPELLCASTER|ANY
4	ADD:SPELLCASTER|ANY
7	ADD:SPELLCASTER|ANY
9	ADD:SPELLCASTER|ANY
###Block:
1	BONUS:VAR|MasterOfMasksKnown|2
2	BONUS:VAR|MasterOfMasksKnown|1
3	BONUS:VAR|MasterOfMasksKnown|1
5	BONUS:VAR|MasterOfMasksKnown|1
7	BONUS:VAR|MasterOfMasksKnown|1
9	BONUS:VAR|MasterOfMasksKnown|1

# Class Name	Hit Dice	Type			Max Level	Source Page		Save checks bonus												Combat bonus
CLASS:Mountebank	HD:6		TYPE:Prestige	MAXLEVEL:10	SOURCEPAGE:p.57	BONUS:CHECKS|BASE.Reflex|(CL/2)+2	BONUS:CHECKS|BASE.Fortitude,BASE.Will|CL/3	BONUS:COMBAT|BAB|CL*3/4|PREVAREQ:UseFractionalBAB,0	BONUS:VAR|ClassBABModerate|CL|PREVAREQ:UseFractionalBAB,1	

# Class Name	Restricted AL		Required Feat		Multiple Requirements
CLASS:Mountebank	!PREALIGN:LG,LN,LE	PREFEAT:1,Deceitful	PREMULT:2,[PRESKILL:2,Bluff=8,Spellcraft=4],[PRESKILL:1,Knowledge (Arcana)=4,Knowledge (Local)=4,Knowledge (Psionics)=4]
# Class Name	Skill Pts/Lvl	Class Skill
CLASS:Mountebank	STARTSKILLPTS:4	CSKILL:Appraise|Bluff|Concentration|Diplomacy|Disguise|Escape Artist|Forgery|Intimidate|Jump|Knowledge (Arcana)|Knowledge (Local)|Knowledge (Psionics)|Listen|Sense Motive|Sleight of Hand|Spellcraft|Spot|Tumble
###Block:
1	ABILITY:Mountebank Class Ability|AUTOMATIC|Tongue of the Devil ~ Mountebank
2	ABILITY:Mountebank Class Ability|AUTOMATIC|Sneak Attack ~ Mountebank
3	ABILITY:Mountebank Class Ability|AUTOMATIC|Alter Ego ~ Mountebank
4	ABILITY:Mountebank Class Ability|AUTOMATIC|Sideslip ~ Mountebank
7	ABILITY:Mountebank Class Ability|AUTOMATIC|Slippery Mind ~ Mountebank
10	ABILITY:Mountebank Class Ability|AUTOMATIC|Sudden Escape ~ Mountebank
###Block:
2	BONUS:VAR|SneakAttackDice|(CL+1)/3
4	BONUS:VAR|SlideSlipTimes|1
6	BONUS:VAR|SlideSlipTimes|1
8	BONUS:VAR|SlideSlipTimes|1
3	BONUS:VAR|MountebankAlterEgoCount|CL/3

# Class Name		Hit Dice	Type			Max Level	Source Page		Save checks bonus												Combat bonus
CLASS:Psibond Agent	HD:6		TYPE:Prestige	MAXLEVEL:10	SOURCEPAGE:p.60	BONUS:CHECKS|BASE.Reflex|(CL/2)+2	BONUS:CHECKS|BASE.Fortitude,BASE.Will|CL/3	BONUS:COMBAT|BAB|CL*3/4|PREVAREQ:UseFractionalBAB,0	BONUS:VAR|ClassBABModerate|CL|PREVAREQ:UseFractionalBAB,1	

# Class Name		Required Language	Required Skill						Required Text													Var. Min. Value
CLASS:Psibond Agent	PRELANG:3,ANY	PRESKILL:2,Gather Information=8,Sense Motive=4	PRETEXT:Psionics: Power point reserve of at least 1.	PRETEXT:Special: Sneak attack +1d6.	PREVARGTEQ:SneakAttackDice,1
# Class Name		Skill Pts/Lvl	Class Skill
CLASS:Psibond Agent	STARTSKILLPTS:6	CSKILL:Appraise|Balance|Bluff|Climb|Concentration|TYPE=Craft|Decipher Script|Diplomacy|Disable Device|Disguise|Escape Artist|Forgery|Gather Information|Hide|Intimidate|Jump|Knowledge (Local)|Listen|Move Silently|Open Lock|TYPE=Perform|TYPE=Profession|Search|Sense Motive|Sleight of Hand|Speak Language|Spot|Swim|Tumble|Use Psionic Device|Use Rope
###Block:
1	ABILITY:Psibond Agent Class Ability|AUTOMATIC|Psibond ~ Psibond Agent
3	ABILITY:Psibond Agent Class Ability|AUTOMATIC|Sneak Attack ~ Psibond Agent
5	ABILITY:Psibond Agent Class Ability|AUTOMATIC|Lingering Psibond ~ Psibond Agent
7	ABILITY:Psibond Agent Class Ability|AUTOMATIC|Double Psibond ~ Psibond Agent
###Block:
3	BONUS:VAR|SneakAttackDice|CL/3

# Class Name		Hit Dice	Type			Max Level	Source Page		Save checks bonus												Combat bonus
CLASS:Spellwarp Sniper	HD:6		TYPE:Prestige	MAXLEVEL:5	SOURCEPAGE:p.64	BONUS:CHECKS|BASE.Will|(CL/2)+2	BONUS:CHECKS|BASE.Reflex,BASE.Fortitude|CL/3	BONUS:COMBAT|BAB|CL*3/4|PREVAREQ:UseFractionalBAB,0	BONUS:VAR|ClassBABModerate|CL|PREVAREQ:UseFractionalBAB,1	

# Class Name		Required Feat			Multiple Requirements										Required Skill					Req. Spell Type		Required Text
CLASS:Spellwarp Sniper	PREFEAT:1,Point Blank Shot	PREMULT:1,[PREVARGTEQ:SneakAttackDice,1],[PREVARGTEQ:SuddenStrikeDice,1]	PRESKILL:2,Concentration=8,Spellcraft=8	PRESPELLTYPE:1,ANY=3	PRETEXT:Special: Sneak attack or sudden strike +1d6.
# Class Name		Skill Pts/Lvl	Class Skill
CLASS:Spellwarp Sniper	STARTSKILLPTS:4	CSKILL:Concentration|TYPE=Craft|Hide|Intimidate|Knowledge (Arcana)|Move Silently|TYPE=Profession|Spellcraft|Spot
###Block:
1	ABILITY:Spellwarp Sniper Class Ability|AUTOMATIC|Spellwarp ~ Spellwarp Sniper
2	ABILITY:Spellwarp Sniper Class Ability|AUTOMATIC|Sudden Raystrike ~ Spellwarp Sniper
3	ABILITY:Spellwarp Sniper Class Ability|AUTOMATIC|Precise Shot ~ Spellwarp Sniper
5	ABILITY:Spellwarp Sniper Class Ability|AUTOMATIC|Ray Mastery ~ Spellwarp Sniper
###Block:
2	BONUS:VAR|SuddenRayStrikeDice|CL/2
###Block:
1	ADD:SPELLCASTER|ANY
2	ADD:SPELLCASTER|ANY
3	ADD:SPELLCASTER|ANY
4	ADD:SPELLCASTER|ANY
5	ADD:SPELLCASTER|ANY

# Class Name		Hit Dice	Type			Max Level	Source Page		Save checks bonus												Combat bonus
CLASS:Uncanny Trickster	HD:6		TYPE:Prestige	MAXLEVEL:3	SOURCEPAGE:p.67	BONUS:CHECKS|BASE.Will|(CL/2)+2	BONUS:CHECKS|BASE.Reflex,BASE.Fortitude|CL/3	BONUS:COMBAT|BAB|CL*3/4|PREVAREQ:UseFractionalBAB,0	BONUS:VAR|ClassBABModerate|CL|PREVAREQ:UseFractionalBAB,1	

# Class Name		Required Ability							Required Skill
CLASS:Uncanny Trickster	PREABILITY:4,CATEGORY=Special Ability,TYPE.SkillTrick	PRESKILL:4,TYPE=Standard=8
# Class Name		Skill Pts/Lvl	Class Skill
CLASS:Uncanny Trickster	STARTSKILLPTS:8	CSKILL:Appraise|Balance|Bluff|Climb|TYPE=Craft|Decipher Script|Diplomacy|Disable Device|Disguise|Escape Artist|Forgery|Gather Information|Hide|Intimidate|Jump|Listen|Move Silently|Open Lock|TYPE=Perform|TYPE=Profession|Search|Sense Motive|Sleight of Hand|Spot|Swim|Tumble|Use Magic Device|Use Rope
###Block:
1	ABILITY:Uncanny Trickster Class Ability|AUTOMATIC|Bonus Trick ~ Uncanny Trickster|Favorite Trick ~ Uncanny Trickster
3	ABILITY:Uncanny Trickster Class Ability|AUTOMATIC|Tricky Defense ~ Uncanny Trickster
###Block:
1	BONUS:VAR|BonusSkillTrickCount,FavoriteSkillTrickCount|CL
# COMMENT: Unable to Implement '+1 level of existing class Features' which grants you a level of another class you already have.
###Block:
2	ADD:SPELLCASTER|ANY
3	ADD:SPELLCASTER|ANY
