# CVS $Revision: $ $Author: $ -- Sat Mar  1 23:53:42 2014 -- reformated by prettylst.pl v1.51 (build 22988)

REGION:Altumbel
# lang kit already defined in pgtfae... should it be here as primary though?
#STARTPACK:AltumbelLang
#LANGBONUS:Aglarondan
#STARTPACK:AltumbelA1	EQUIPBUY:0		PRECLASS:1,Cleric=1,Fighter=1,Rogue=1	PRELEVELMAX:1
#GEAR:Longsword	EQMOD:Masterwork (Weapon)
#STARTPACK:AltumbelA2	EQUIPBUY:0		PRECLASS:1,Cleric=1,Fighter=1,Rogue=1	PRELEVELMAX:1
#GEAR:ShortSpear	EQMOD:Masterwork (Weapon)
STARTPACK:AltumbelB	EQUIPBUY:0	PRECLASS:1,Cleric=1,Fighter=1,Rogue=1	PRELEVELMAX:1
GEAR:Chain Shirt				EQMOD:Masterwork (Armor)
# DG was here, ideally want a: CHOOSE:EQUIPTYPE|Instrument
# but cant figure that for GEAR...
GEAR:Musical Instrument (Flute)	EQMOD:Masterwork (Instrument)
#GEAR:Musical Instrument	EQMOD:Masterwork (Instrument)
#STARTPACK:AltumbelC	EQUIPBUY:0		PRECLASS:1,Cleric=1,Fighter=1,Rogue=1	PRELEVELMAX:1
#GEAR:Longbow	EQMOD:Masterwork (Weapon)
#REGION:Gnoll
STARTPACK:GnollLang
LANGBONUS:Gnoll
STARTPACK:GnollA1	EQUIPBUY:0	PRECLASS:1,Barbarian=1,Druid=1,Fighter=1,Ranger=1,Rogue=1	PRELEVELMAX:1
GEAR:Battleaxe	EQMOD:Masterwork (Weapon)
STARTPACK:GnollA2	EQUIPBUY:0	PRECLASS:1,Barbarian=1,Druid=1,Fighter=1,Ranger=1,Rogue=1	PRELEVELMAX:1
GEAR:Shortspear	EQMOD:Masterwork (Weapon)
STARTPACK:GnollB	EQUIPBUY:0	PRECLASS:1,Barbarian=1,Druid=1,Fighter=1,Ranger=1,Rogue=1	PRELEVELMAX:1
GEAR:Scale Mail	EQMOD:Masterwork (Armor).SPIKE_A
STARTPACK:GnollC	EQUIPBUY:0	PRECLASS:1,Barbarian=1,Druid=1,Fighter=1,Ranger=1,Rogue=1	PRELEVELMAX:1
#GEAR:Shortbow (+2 Mighty/Composite)
GEAR:Shortbow (Composite)	EQMOD:Masterwork (Weapon).BOWSTR|2
GEAR:Arrow	QTY:20			EQMOD:Masterwork (Weapon)
REGION:Shou Expatriate
STARTPACK:ShouLang
LANGBONUS:Shou
STARTPACK:ShouA	EQUIPBUY:0	PRECLASS:1,Fighter=1,Monk=1,Rogue=1,Sorcerer=1	PRELEVELMAX:1
GEAR:Katana
STARTPACK:ShouB	EQUIPBUY:0	PRECLASS:1,Fighter=1,Monk=1,Rogue=1,Sorcerer=1	PRELEVELMAX:1
GEAR:Chain Shirt			EQMOD:Masterwork (Armor)
#Potion
GEAR:Potion (Cat's Grace)
STARTPACK:ShouC	EQUIPBUY:0	PRECLASS:1,Fighter=1,Monk=1,Rogue=1,Sorcerer=1	PRELEVELMAX:1
GEAR:Nunchaku	EQMOD:Masterwork (Weapon)
REGION:Star Elf
STARTPACK:StarElfLang
LANGBONUS:Aglarondan|Elven
STARTPACK:StarElfA1	EQUIPBUY:0	PRECLASS:1,Bard=1,Druid=1,Fighter=1,Sorcerer=1	PRELEVELMAX:1
GEAR:Longsword	EQMOD:Masterwork (Weapon)
STARTPACK:StarElfA2	EQUIPBUY:0	PRECLASS:1,Bard=1,Druid=1,Fighter=1,Sorcerer=1	PRELEVELMAX:1
GEAR:ShortSpear	EQMOD:Masterwork (Weapon)
STARTPACK:StarElfB	EQUIPBUY:0	PRECLASS:1,Bard=1,Druid=1,Fighter=1,Sorcerer=1	PRELEVELMAX:1
GEAR:Chain Shirt				EQMOD:Masterwork (Armor)
# DG was here, ideally want a: CHOOSE:EQUIPTYPE|Instrument
# but cant figure that for GEAR...
GEAR:Musical Instrument (Flute)	EQMOD:Masterwork (Instrument)
#GEAR:Musical Instrument	EQMOD:Masterwork (Instrument)
STARTPACK:StarElfC	EQUIPBUY:0	PRECLASS:1,Bard=1,Druid=1,Fighter=1,Sorcerer=1	PRELEVELMAX:1
GEAR:Longbow	EQMOD:Masterwork (Weapon)
REGION:Taer
STARTPACK:TaerLang
LANGBONUS:Giant
STARTPACK:TaerA	EQUIPBUY:0	PRECLASS:1,Barbarian=1,Druid=1,Ranger=1	PRELEVELMAX:1
GEAR:Greatclub	EQMOD:Masterwork (Weapon)
STARTPACK:TaerB	EQUIPBUY:0	PRECLASS:1,Barbarian=1,Druid=1,Ranger=1	PRELEVELMAX:1
GEAR:Hide				EQMOD:Masterwork (Armor)
GEAR:Shield (Heavy/Wood)	EQMOD:Masterwork (Armor)
STARTPACK:TaerC	EQUIPBUY:0	PRECLASS:1,Barbarian=1,Druid=1,Ranger=1	PRELEVELMAX:1
GEAR:Hide				EQMOD:Masterwork (Armor)
GEAR:Taer Stench Grease	QTY:6
REGION:Volodni
STARTPACK:VolodniLang
LANGBONUS:Damaran|Sylvan
STARTPACK:VolodniA1	EQUIPBUY:0	PRECLASS:1,Druid=1,Fighter=1,Ranger=1,Rogue=1	PRELEVELMAX:1
GEAR:ShortSpear	EQMOD:WEAPBWDM
STARTPACK:VolodniA2	EQUIPBUY:0	PRECLASS:1,Druid=1,Fighter=1,Ranger=1,Rogue=1	PRELEVELMAX:1
GEAR:Scimitar
STARTPACK:VolodniB	EQUIPBUY:0	PRECLASS:1,Druid=1,Fighter=1,Ranger=1,Rogue=1	PRELEVELMAX:1
GEAR:Chain Shirt	EQMOD:ARMRBWDM
STARTPACK:VolodniC	EQUIPBUY:0	PRECLASS:1,Druid=1,Fighter=1,Ranger=1,Rogue=1	PRELEVELMAX:1
GEAR:Longbow	EQMOD:Masterwork (Weapon)
REGION:Wizards' Reach
STARTPACK:WizardReachLang
LANGBONUS:Untheric
STARTPACK:WizardReachA	EQUIPBUY:0	PRECLASS:1,Bard=1,Rogue=1,Wizard=1	PRELEVELMAX:1
GEAR:Studded Leather	EQMOD:Masterwork (Armor)
STARTPACK:WizardReachB	EQUIPBUY:0	PRECLASS:1,Bard=1,Rogue=1,Wizard=1	PRELEVELMAX:1
GEAR:Crossbow (Light)	EQMOD:Masterwork (Weapon)
STARTPACK:WizardReachC	EQUIPBUY:0	PRECLASS:1,Bard=1,Rogue=1,Wizard=1	PRELEVELMAX:1
GEAR:Thunderstone	QTY:3
#GEAR:Scroll (Kit)
