# CVS $Revision: $ $Author: $ -- Sun Aug 17 15:41:15 2014 -- reformated by prettylst.pl v1.51 (build 24906)

# Spell Name				Output Name				Type				Classes of caster									School			Sub-School			Descriptor				Components		Casting Time			Range			Item		Target Area or Effect													Duration					Save Info								Spell Resistance				Source Page		Description																		Temporary Bonus
Abolish Shadows									TYPE:Arcane			CLASSES:Sorcerer,Wizard=3							SCHOOL:Abjuration											COMPS:V, S, M	CASTTIME:1 standard action	RANGE:30 ft				TARGETAREA:30-ft-radius burst, centered on you									DURATION:Instantaneous			SAVEINFO:Fortitude half (see text)				SPELLRES:Yes				SOURCEPAGE:p.47	DESC:Shadow creatures take ((CASTERLEVEL)MIN10)d6 damage. May dispell shadow or darkness spells.
Animate Dread Warrior								TYPE:Arcane			CLASSES:Sorcerer,Wizard=6							SCHOOL:Necromancy						DESCRIPTOR:Evil			COMPS:V, S, M, XP	CASTTIME:10 Minutes		RANGE:Touch				TARGETAREA:One humanoid corpse.											DURATION:Instantaneous			SAVEINFO:None							SPELLRES:No					SOURCEPAGE:p.48	DESC:You transform the corpse of a skilled warrior into an undead monster under your command.
Ball Lightning									TYPE:Arcane			CLASSES:Sorcerer,Wizard=5							SCHOOL:Evocation						DESCRIPTOR:Electricity		COMPS:V, S, M	CASTTIME:1 standard action	RANGE:Medium			TARGETAREA:One or more balls of lightning, up to 1/2 levels							DURATION:(CASTERLEVEL) rounds		SAVEINFO:Reflex half						SPELLRES:Yes				SOURCEPAGE:p.48	DESC:Balls of lightning deal ((CASTERLEVEL/2)MIN10)d6 damage distributed as caster chooses.
Beltyn's Burning Blood								TYPE:Arcane			CLASSES:Sorcerer,Wizard=5				SCHOOL:Necromancy											COMPS:V, S, M	CASTTIME:1 standard action	RANGE:Medium			TARGETAREA:One living creature											DURATION:(CASTERLEVEL) rounds (D)	SAVEINFO:Fortitude partial (see text)			SPELLRES:Yes				SOURCEPAGE:p.48	DESC:You deal 1d8 pts of acid and 1d8 pts of fire damage per round.
Bladebane										TYPE:Arcane.Divine	CLASSES:Paladin=2|Cleric=3|Sorcerer,Wizard=4				SCHOOL:Transmutation										COMPS:V, S, M	CASTTIME:1 standard action	RANGE:Touch				TARGETAREA:Weapon touched												DURATION:(CASTERLEVEL) rounds		SAVEINFO:Will negates (harmless, object)			SPELLRES:Yes (harmless, object)	SOURCEPAGE:p.48	DESC:Add +2 enhancement and +2d6 pts of damage to slashing weapon against a creature type of your choice.		TEMPBONUS:PC|WEAPON|TOHIT,DAMAGE|2
# pre 6.2 had preapply	BONUS:WEAPON|TOHIT,DAMAGE|2|PREAPPLY:Weapon,Slashing|TYPE=Enhancement.STACK
Blink (Greater)				OUTPUTNAME:[NAME] Blink		TYPE:Arcane			CLASSES:Bard,Sorcerer,Wizard=5						SCHOOL:Transmutation										COMPS:V, S		CASTTIME:1 standard action	RANGE:Personal	ITEM:Potion	TARGETAREA:You														DURATION:(CASTERLEVEL) rounds (D)	SAVEINFO:None							SPELLRES:No					SOURCEPAGE:p.50	DESC:The caster vanishes and reappears for (CASTERLEVEL) rounds.
Decastave										TYPE:Arcane			CLASSES:Sorcerer,Wizard=2							SCHOOL:Conjuration	SUBSCHOOL:Creation	DESCRIPTOR:Force			COMPS:V, S, M	CASTTIME:1 standard action	RANGE:0 ft.				TARGETAREA:Quarterstaff of force											DURATION:(CASTERLEVEL) rounds (D)	SAVEINFO:None							SPELLRES:Yes				SOURCEPAGE:p.49	DESC:Deals 1d6 damage per hit. Critical deals 1d8 bonus sonic damage.
Fiendform										TYPE:Arcane			CLASSES:Sorcerer,Wizard=6					SCHOOL:Transmutation					DESCRIPTOR:Evil			COMPS:V, M		CASTTIME:1 action			RANGE:Personal	ITEM:Potion	TARGETAREA:The character												DURATION:(CASTERLEVEL) minutes	SAVEINFO:None							SPELLRES:No					SOURCEPAGE:p.49	DESC:Change into any fiendish creature, demon, or devil that can be summoned by summon monster I thru V.
Force Orb										TYPE:Arcane.Divine	CLASSES:Nentyar Hunter,Sorcerer,Wizard=4					SCHOOL:Evocation						DESCRIPTOR:Force			COMPS:V, S		CASTTIME:1 standard action	RANGE:Medium			TARGETAREA:One or more creatures or objects, no two of which can be more than 30 ft apart.	DURATION:Instantaneous			SAVEINFO:Fortitude half or Reflex half (see text)	SPELLRES:Yes				SOURCEPAGE:p.49	DESC:Orbs of force that deal ((CASTERLEVEL)MIN10)d6 of damage.
Ghorus Toth's Magnetism								TYPE:Arcane			CLASSES:Sorcerer,Wizard=6							SCHOOL:Transmutation										COMPS:V, S, M	CASTTIME:1 standard action	RANGE:Medium			TARGETAREA:One metallic creature or object									DURATION:(CASTERLEVEL) minutes (D)	SAVEINFO:None							SPELLRES:Yes				SOURCEPAGE:p.49	DESC:Target is charged with magnetic force that attracts all metal within 30 ft.
Greenfire										TYPE:Divine			CLASSES:Druid,Nentyar Hunter=3						SCHOOL:Evocation						DESCRIPTOR:Acid			COMPS:V, S, DF	CASTTIME:1 standard action	RANGE:Medium			TARGETAREA:One 5-ft. cube/level (S)											DURATION:1 round				SAVEINFO:Reflex half (see text)				SPELLRES:Yes				SOURCEPAGE:p.50	DESC:Green energy deals 2d6 + ((CASTERLEVEL)MIN10) pts of acid damage.
Ilyykur's Mantle									TYPE:Arcane			CLASSES:Sorcerer,Wizard=4							SCHOOL:Abjuration											COMPS:V, S, M	CASTTIME:1 standard action	RANGE:Personal	ITEM:Potion	TARGETAREA:You														DURATION:(CASTERLEVEL) rounds (D)	SAVEINFO:None							SPELLRES:No					SOURCEPAGE:p.50	DESC:((CASTERLEVEL/3)MIN5) on saving throws vs. spells/spell-like abilities and electricity resistance 10.
Low-Light Vision									TYPE:Arcane.Divine	CLASSES:Assassin,Harper Scout,Hathran,Ranger,Sorcerer,Wizard=1	SCHOOL:Transmutation										COMPS:V, S		CASTTIME:1 standard action	RANGE:Touch		ITEM:Potion	TARGETAREA:Creature touched												DURATION:(CASTERLEVEL) hours		SAVEINFO:None							SPELLRES:Yes (harmless)			SOURCEPAGE:p.51	DESC:See twice as far as a human in low-light conditions.
Mage Armor (Greater)			OUTPUTNAME:[NAME] Mage Armor	TYPE:Arcane			CLASSES:Sorcerer,Wizard=3							SCHOOL:Conjuration	SUBSCHOOL:Creation	DESCRIPTOR:Force			COMPS:V, S, M	CASTTIME:1 standard action	RANGE:Touch		ITEM:Potion	TARGETAREA:Creature touched												DURATION:(CASTERLEVEL) minutes (D)	SAVEINFO:Will negates (harmless)				SPELLRES:Yes (harmless)			SOURCEPAGE:p.51	DESC:Subject gains +3 + ((CASTERLEVEL/2)MIN8) armor bonus.										TEMPBONUS:ANYPC|COMBAT|AC|((CASTERLEVEL/2)MIN8)+3|TYPE=Deflection
Nybor's Gentle Reminder								TYPE:Arcane			CLASSES:Red Wizard,Sorcerer,Wizard=1					SCHOOL:Enchantment	SUBSCHOOL:Compulsion	DESCRIPTOR:Mind-Affecting	COMPS:V, S, F	CASTTIME:1 action			RANGE:Close				TARGETAREA:One living creature											DURATION:(CASTERLEVEL) rounds (D)	SAVEINFO:Fortitude negates					SPELLRES:Yes				SOURCEPAGE:p.51	DESC:Subject feels agonizing pain, dazed for 1 round, -2 on attacks, saves, and checks for duration.
Nybor's Stern Reproof								TYPE:Arcane			CLASSES:Red Wizard,Sorcerer,Wizard=7					SCHOOL:Enchantment	SUBSCHOOL:Compulsion	DESCRIPTOR:Mind-Affecting	COMPS:V, S, F	CASTTIME:1 action			RANGE:Close				TARGETAREA:One living creature											DURATION:(CASTERLEVEL) rounds (D)	SAVEINFO:See text							SPELLRES:Yes				SOURCEPAGE:p.51	DESC:Severe pain causes subject to die or become dazed. -2 on attacks, saves, and checks for duration
Recitation										TYPE:Divine			CLASSES:Cleric=4									SCHOOL:Conjuration	SUBSCHOOL:Creation						COMPS:V, S, DF	CASTTIME:1 standard action	RANGE:60 ft.			TARGETAREA:All allies and foes within a 60-ft-radius burst centered on you				DURATION:(CASTERLEVEL) rounds		SAVEINFO:None							SPELLRES:Yes				SOURCEPAGE:p.52	DESC:Allies gain +2 on attacks and saves, +3 if they worship same deity. Foes lose -2 on attacks and saves.
Sinsabur's Baleful Bolt								TYPE:Arcane			CLASSES:Sorcerer,Wizard=4							SCHOOL:Necromancy											COMPS:V, S		CASTTIME:1 standard action	RANGE:Medium			TARGETAREA:5 feet wide to medium range.										DURATION:Instantaneous			SAVEINFO:Reflex half						SPELLRES:Yes				SOURCEPAGE:p.52	DESC:Bolt of dark energy deals 1d3 + ((CASTERLEVEL/4)MIN3) pts of temporary Strength and Constitution damage
Snilloc's Snowball								TYPE:Arcane			CLASSES:Sorcerer,Wizard=1							SCHOOL:Evocation						DESCRIPTOR:Cold			COMPS:V, S, M	CASTTIME:1 standard action	RANGE:0 ft				TARGETAREA:((CASTERLEVEL)MIN5) Orb(s) of cold									DURATION:(CASTERLEVEL) rounds (D)	SAVEINFO:None							SPELLRES:Yes				SOURCEPAGE:p.52	DESC:One snowball deals 1d6 + ((CASTERLEVEL)MIN5) cold damage.
Soul Scour										TYPE:Divine			CLASSES:Cleric=5									SCHOOL:Necromancy											COMPS:V, S, M	CASTTIME:1 standard action	RANGE:Touch				TARGETAREA:Living creature touched											DURATION:Instantaneous (see text)	SAVEINFO:Will negates (see text)				SPELLRES:Yes				SOURCEPAGE:p.52	DESC:Deals 2d6 temp Charisma and 1d6 temp Wisdom damage immediately and 1d6 temp Charisma damage 1 minute later.
Sphere of Ultimate Destruction						TYPE:Arcane			CLASSES:Sorcerer,Wizard=9							SCHOOL:Conjuration	SUBSCHOOL:Creation						COMPS:V, S, M	CASTTIME:1 standard action	RANGE:Medium			TARGETAREA:1-foot-radius sphere											DURATION:(CASTERLEVEL) rounds (D)	SAVEINFO:Fortitude partial (see text)			SPELLRES:Yes				SOURCEPAGE:p.52	DESC:Conjure a black sphere of nothingness that disintegrates almost anything it touches.
Superior Darkvision								TYPE:Arcane.Divine	CLASSES:Ranger,Sorcerer,Wizard=4						SCHOOL:Transmutation										COMPS:V, S, M	CASTTIME:1 standard action	RANGE:Touch		ITEM:Potion	TARGETAREA:Creature touched												DURATION:(CASTERLEVEL) hours		SAVEINFO:Will negates (harmless)				SPELLRES:Yes (harmless)			SOURCEPAGE:p.53	DESC:Gains darkvision with no limit on range of vision.
Watchware										TYPE:Arcane			CLASSES:Sorcerer,Wizard=5							SCHOOL:Abjuration											COMPS:V, S, M	CASTTIME:1 round			RANGE:Touch				TARGETAREA:Object touched												DURATION:Permanent			SAVEINFO:None							SPELLRES:No					SOURCEPAGE:p.53	DESC:Create a mystical connection with a single object that lets you know if it is disturbed in any way.


# modify some spells to add to the Runescarred Berserkers spell list.
# 1st level
Cure Moderate Wounds.MOD											CLASSES:Runescarred Berserker=1
Divine Favor.MOD												CLASSES:Runescarred Berserker=1
Low-Light Vision.MOD												CLASSES:Runescarred Berserker=1
Protection from Chaos.MOD											CLASSES:Runescarred Berserker=1
Protection from Evil.MOD											CLASSES:Runescarred Berserker=1
Protection from Good.MOD											CLASSES:Runescarred Berserker=1
Protection from Law.MOD												CLASSES:Runescarred Berserker=1
# Resist Elements becomes Resist Energy
Resist Energy.MOD												CLASSES:Runescarred Berserker=1
See Invisibility.MOD												CLASSES:Runescarred Berserker=1
True Strike.MOD													CLASSES:Runescarred Berserker=1
# 2nd level
Bull's Strength.MOD												CLASSES:Runescarred Berserker=2
Cure Serious Wounds.MOD												CLASSES:Runescarred Berserker=2
Darkvision.MOD													CLASSES:Runescarred Berserker=2
# Book notes 'Endurance' but there's no such spell, a wiki indicates Bear's Endurance instead..
#Endurance.MOD	CLASSES:Runescarred Berserker=2
Bear's Endurance.MOD												CLASSES:Runescarred Berserker=2
Invisibility.MOD												CLASSES:Runescarred Berserker=2
Keen Edge.MOD													CLASSES:Runescarred Berserker=2
# 3.5 renames from Protection from Elements to Protection from Energy
#Protection from Elements.MOD	CLASSES:Runescarred Berserker=2
Protection from Energy.MOD											CLASSES:Runescarred Berserker=2
# 3rd level
Air Walk.MOD													CLASSES:Runescarred Berserker=3
Cure Critical Wounds.MOD											CLASSES:Runescarred Berserker=3
Death Ward.MOD													CLASSES:Runescarred Berserker=3
Divine Power.MOD												CLASSES:Runescarred Berserker=3
Freedom of Movement.MOD												CLASSES:Runescarred Berserker=3
Magic Weapon (Greater).MOD											CLASSES:Runescarred Berserker=3
Haste.MOD													CLASSES:Runescarred Berserker=3
# 4th level
# 3.5 changes this from Improved Invisibility to Greater Invisibility
Invisibility (Greater).MOD											CLASSES:Runescarred Berserker=4
Neutralize Poison.MOD												CLASSES:Runescarred Berserker=4
Restoration.MOD													CLASSES:Runescarred Berserker=4
Righteous Might.MOD												CLASSES:Runescarred Berserker=4
Spell Immunity.MOD												CLASSES:Runescarred Berserker=4
Stoneskin.MOD													CLASSES:Runescarred Berserker=4
# 5th level
Antimagic Field.MOD												CLASSES:Runescarred Berserker=5
Dimension Door.MOD												CLASSES:Runescarred Berserker=5
Heal.MOD													CLASSES:Runescarred Berserker=5
# 3.5 changes this from Polymorph Self to Polymorph or Alter Self
#Polymorph Self.MOD	CLASSES:Runescarred Berserker=5
Polymorph.MOD													CLASSES:Runescarred Berserker=5
Alter Self.MOD													CLASSES:Runescarred Berserker=5
Spell Resistance.MOD												CLASSES:Runescarred Berserker=5
#
#
# 1st level
Cure Moderate Wounds.MOD	DESC:Cost of Runescarr %1 gp/%2 xp|5*1*classlevel("Runescarred Berserker")|5*1*classlevel("Runescarred Berserker")/25|PRECLASS:1,Runescarred Berserker=1
# Divine Favor - only need to use CL as multiple of 3 - actually only 1,6,9...
Divine Favor.MOD		DESC:Cost of Runescarr %1 gp/%2 xp|5*1*classlevel("Runescarred Berserker")|5*1*classlevel("Runescarred Berserker")/25|PRECLASS:1,Runescarred Berserker=1
Low-Light Vision.MOD		DESC:Cost of Runescarr %1 gp/%2 xp|5*1*classlevel("Runescarred Berserker")|5*1*classlevel("Runescarred Berserker")/25|PRECLASS:1,Runescarred Berserker=1
Protection from Chaos.MOD	DESC:Cost of Runescarr %1 gp/%2 xp|5*1*classlevel("Runescarred Berserker")|5*1*classlevel("Runescarred Berserker")/25|PRECLASS:1,Runescarred Berserker=1
Protection from Evil.MOD	DESC:Cost of Runescarr %1 gp/%2 xp|5*1*classlevel("Runescarred Berserker")|5*1*classlevel("Runescarred Berserker")/25|PRECLASS:1,Runescarred Berserker=1
Protection from Good.MOD	DESC:Cost of Runescarr %1 gp/%2 xp|5*1*classlevel("Runescarred Berserker")|5*1*classlevel("Runescarred Berserker")/25|PRECLASS:1,Runescarred Berserker=1
Protection from Law.MOD		DESC:Cost of Runescarr %1 gp/%2 xp|5*1*classlevel("Runescarred Berserker")|5*1*classlevel("Runescarred Berserker")/25|PRECLASS:1,Runescarred Berserker=1
Resist Energy.MOD		DESC:Cost of Runescarr %1 gp/%2 xp|5*1*classlevel("Runescarred Berserker")|5*1*classlevel("Runescarred Berserker")/25|PRECLASS:1,Runescarred Berserker=1
See Invisibility.MOD		DESC:Cost of Runescarr %1 gp/%2 xp|5*1*classlevel("Runescarred Berserker")|5*1*classlevel("Runescarred Berserker")/25|PRECLASS:1,Runescarred Berserker=1
True Strike.MOD			DESC:Cost of Runescarr %1 gp/%2 xp|5*1*1|5*1*1/25|PRECLASS:1,Runescarred Berserker=1
# 2nd level
Bull's Strength.MOD		DESC:Cost of Runescarr %1 gp/%2 xp|5*2*classlevel("Runescarred Berserker")|5*2*classlevel("Runescarred Berserker")/25|PRECLASS:1,Runescarred Berserker=1
Cure Serious Wounds.MOD		DESC:Cost of Runescarr %1 gp/%2 xp|5*2*classlevel("Runescarred Berserker")|5*2*classlevel("Runescarred Berserker")/25|PRECLASS:1,Runescarred Berserker=1
Darkvision.MOD			DESC:Cost of Runescarr %1 gp/%2 xp|5*2*classlevel("Runescarred Berserker")|5*2*classlevel("Runescarred Berserker")/25|PRECLASS:1,Runescarred Berserker=1
Bear's Endurance.MOD		DESC:Cost of Runescarr %1 gp/%2 xp|5*2*classlevel("Runescarred Berserker")|5*2*classlevel("Runescarred Berserker")/25|PRECLASS:1,Runescarred Berserker=1
Invisibility.MOD		DESC:Cost of Runescarr %1 gp/%2 xp|5*2*classlevel("Runescarred Berserker")|5*2*classlevel("Runescarred Berserker")/25|PRECLASS:1,Runescarred Berserker=1
Keen Edge.MOD			DESC:Cost of Runescarr %1 gp/%2 xp|5*2*classlevel("Runescarred Berserker")|5*2*classlevel("Runescarred Berserker")/25|PRECLASS:1,Runescarred Berserker=1
Protection from Energy.MOD	DESC:Cost of Runescarr %1 gp/%2 xp|5*2*classlevel("Runescarred Berserker")|5*2*classlevel("Runescarred Berserker")/25|PRECLASS:1,Runescarred Berserker=1
# 3rd level
Air Walk.MOD			DESC:Cost of Runescarr %1 gp/%2 xp|5*3*classlevel("Runescarred Berserker")|5*3*classlevel("Runescarred Berserker")/25|PRECLASS:1,Runescarred Berserker=1
Cure Critical Wounds.MOD	DESC:Cost of Runescarr %1 gp/%2 xp|5*3*classlevel("Runescarred Berserker")|5*3*classlevel("Runescarred Berserker")/25|PRECLASS:1,Runescarred Berserker=1
Death Ward.MOD			DESC:Cost of Runescarr %1 gp/%2 xp|5*3*classlevel("Runescarred Berserker")|5*3*classlevel("Runescarred Berserker")/25|PRECLASS:1,Runescarred Berserker=1
Divine Power.MOD		DESC:Cost of Runescarr %1 gp/%2 xp|5*3*classlevel("Runescarred Berserker")|5*3*classlevel("Runescarred Berserker")/25|PRECLASS:1,Runescarred Berserker=1
Freedom of Movement.MOD		DESC:Cost of Runescarr %1 gp/%2 xp|5*3*classlevel("Runescarred Berserker")|5*3*classlevel("Runescarred Berserker")/25|PRECLASS:1,Runescarred Berserker=1
Magic Weapon (Greater).MOD	DESC:Cost of Runescarr %1 gp/%2 xp|5*3*classlevel("Runescarred Berserker")|5*3*classlevel("Runescarred Berserker")/25|PRECLASS:1,Runescarred Berserker=1
Haste.MOD			DESC:Cost of Runescarr %1 gp/%2 xp|5*3*classlevel("Runescarred Berserker")|5*3*classlevel("Runescarred Berserker")/25|PRECLASS:1,Runescarred Berserker=1
# 4th level
Invisibility (Greater).MOD	DESC:Cost of Runescarr %1 gp/%2 xp|5*4*classlevel("Runescarred Berserker")|5*4*classlevel("Runescarred Berserker")/25|PRECLASS:1,Runescarred Berserker=1
Neutralize Poison.MOD		DESC:Cost of Runescarr %1 gp/%2 xp|5*4*classlevel("Runescarred Berserker")|5*4*classlevel("Runescarred Berserker")/25|PRECLASS:1,Runescarred Berserker=1
Restoration.MOD			DESC:Cost of Runescarr %1 gp/%2 xp|5*4*classlevel("Runescarred Berserker")|5*4*classlevel("Runescarred Berserker")/25|PRECLASS:1,Runescarred Berserker=1
Righteous Might.MOD		DESC:Cost of Runescarr %1 gp/%2 xp|5*4*classlevel("Runescarred Berserker")|5*4*classlevel("Runescarred Berserker")/25|PRECLASS:1,Runescarred Berserker=1
Spell Immunity.MOD		DESC:Cost of Runescarr %1 gp/%2 xp|5*4*classlevel("Runescarred Berserker")|5*4*classlevel("Runescarred Berserker")/25|PRECLASS:1,Runescarred Berserker=1
Stoneskin.MOD			DESC:Cost of Runescarr %1 gp/%2 xp|5*4*classlevel("Runescarred Berserker")|5*4*classlevel("Runescarred Berserker")/25|PRECLASS:1,Runescarred Berserker=1
# 5th level
Antimagic Field.MOD		DESC:Cost of Runescarr %1 gp/%2 xp|5*5*classlevel("Runescarred Berserker")|5*5*classlevel("Runescarred Berserker")/25|PRECLASS:1,Runescarred Berserker=1
Dimension Door.MOD		DESC:Cost of Runescarr %1 gp/%2 xp|5*5*classlevel("Runescarred Berserker")|5*5*classlevel("Runescarred Berserker")/25|PRECLASS:1,Runescarred Berserker=1
Heal.MOD			DESC:Cost of Runescarr %1 gp/%2 xp|5*5*classlevel("Runescarred Berserker")|5*5*classlevel("Runescarred Berserker")/25|PRECLASS:1,Runescarred Berserker=1
Polymorph.MOD			DESC:Cost of Runescarr %1 gp/%2 xp|5*5*classlevel("Runescarred Berserker")|5*5*classlevel("Runescarred Berserker")/25|PRECLASS:1,Runescarred Berserker=1
Alter Self.MOD			DESC:Cost of Runescarr %1 gp/%2 xp|5*5*classlevel("Runescarred Berserker")|5*5*classlevel("Runescarred Berserker")/25|PRECLASS:1,Runescarred Berserker=1
Spell Resistance.MOD		DESC:Cost of Runescarr %1 gp/%2 xp|5*5*classlevel("Runescarred Berserker")|5*5*classlevel("Runescarred Berserker")/25|PRECLASS:1,Runescarred Berserker=1

Beltyn's Burning Blood.MOD			CLASSES:Nar Demonbinder=4
Dimensional Anchor.MOD				CLASSES:Nar Demonbinder=4
Dismissal.MOD					CLASSES:Nar Demonbinder=4
Magic Circle against Good.MOD			CLASSES:Nar Demonbinder=4
Planar Binding (Lesser).MOD			CLASSES:Nar Demonbinder=4
Summon Monster IV.MOD				CLASSES:Nar Demonbinder=4
Wall of Fire.MOD				CLASSES:Nar Demonbinder=4
Dispel Good.MOD					CLASSES:Nar Demonbinder=5
Flame Strike.MOD				CLASSES:Nar Demonbinder=5
Plane Shift.MOD					CLASSES:Nar Demonbinder=5
Spell Resistance.MOD				CLASSES:Nar Demonbinder=5
Summon Monster V.MOD				CLASSES:Nar Demonbinder=5
Banishment.MOD					CLASSES:Nar Demonbinder=6
Dispel Magic (Greater).MOD			CLASSES:Nar Demonbinder=6
Fiendform.MOD					CLASSES:Nar Demonbinder=6
Planar Binding.MOD				CLASSES:Nar Demonbinder=6
Summon Monster VI.MOD				CLASSES:Nar Demonbinder=6
Blasphemy.MOD					CLASSES:Nar Demonbinder=7
Fire Storm.MOD					CLASSES:Nar Demonbinder=7
Summon Monster VII.MOD				CLASSES:Nar Demonbinder=7
Flensing.MOD					CLASSES:Nar Demonbinder=8
Planar Binding (Greater).MOD			CLASSES:Nar Demonbinder=8
Summon Monster VIII.MOD				CLASSES:Nar Demonbinder=8
Holy Aura.MOD					CLASSES:Nar Demonbinder=8

