# CVS $Revision: $ $Author: $ -- Thu Aug  7 12:47:32 2014 -- reformated by prettylst.pl v1.51 (build 24365)
# these are 35 skills/spell references only

# Class Name			Hit Dice	Type			Abbreviation	Source Page		Combat bonus										Bonus
CLASS:Aglarondan Griffonrider	HD:8		TYPE:PC.Prestige	ABB:Gri		SOURCEPAGE:p.18	BONUS:COMBAT|BASEAB|classlevel("APPLIEDAS=NONEPIC")|TYPE=Base.REPLACE|PREVAREQ:UseAlternateBABProgression,0	BONUS:SAVE|BASE.Fortitude,BASE.Will|classlevel("APPLIEDAS=NONEPIC")/3	BONUS:SAVE|BASE.Reflex|classlevel("APPLIEDAS=NONEPIC")/2+2
# Class Name			Required AL				Required Feat					Multiple Requirements									Required Skill							PRETOTALAB
CLASS:Aglarondan Griffonrider	PREALIGN:LG,LN,NG,TN,CG,CN	PREABILITY:2,CATEGORY=FEAT,Mounted Combat,Ride-by Attack	PREMULT:1,[PREREGION:Aglarond],[PRESKILL:1,Knowledge (Aglarond)=2]	PRESKILL:2,Diplomacy=5,Spot=5	PRESKILL:1,Ride=10	PRETOTALAB:3
# Class Name			Skill Pts/Lvl	Class Skill
CLASS:Aglarondan Griffonrider	STARTSKILLPTS:2	CSKILL:TYPE=Craft|Diplomacy|Handle Animal|Heal|TYPE=KnowledgeLocal|Knowledge (Nobility and Royalty)|Listen|TYPE=Profession|Ride|Sense Motive|Spot
1																AUTO:WEAPONPROF|TYPE=Simple|TYPE=Martial
3	BONUS:VAR|GriffonriderMountedCombat|(((CL-1)/2),3)	DEFINE:GriffonriderMountedCombat|0
###Block
11	PREPCLEVEL:MIN=20

# Class Name				Hit Dice	Type			Abbreviation	Source Page		Visible	Combat bonus										Bonus
CLASS:Ex-Aglarondan Griffonrider	HD:8		TYPE:PC.Prestige	ABB:XGri		SOURCEPAGE:p.18	VISIBLE:NO	BONUS:COMBAT|BASEAB|classlevel("APPLIEDAS=NONEPIC")|TYPE=Base.REPLACE|PREVAREQ:UseAlternateBABProgression,0	BONUS:SAVE|BASE.Fortitude,BASE.Will|classlevel("APPLIEDAS=NONEPIC")/3	BONUS:SAVE|BASE.Reflex|classlevel("APPLIEDAS=NONEPIC")/2+2
1	AUTO:WEAPONPROF|TYPE=Simple|TYPE=Martial

# Class Name			Hit Dice	Type			Abbreviation	Source Page		Combat bonus											Bonus
CLASS:Black Flame Zealot	HD:6		TYPE:PC.Prestige	ABB:BFZ		SOURCEPAGE:p.21	BONUS:COMBAT|BASEAB|classlevel("APPLIEDAS=NONEPIC")*3/4|TYPE=Base.REPLACE	BONUS:SAVE|BASE.Fortitude|classlevel("APPLIEDAS=NONEPIC")/3	BONUS:SAVE|BASE.Will,BASE.Reflex|classlevel("APPLIEDAS=NONEPIC")/2+2
# Class Name			Required Feat										Required Skill								Required Text
CLASS:Black Flame Zealot	PREABILITY:3,CATEGORY=FEAT,Exotic Weapon Proficiency (Kukri),Iron Will,Sneak Attack	PRESKILL:3,Hide=8,Knowledge (Religion)=8,Move Silently=8	PRETEXT:Must slay an enemy of the faith.
# Class Name			Skill Pts/Lvl	Class Skill
CLASS:Black Flame Zealot	STARTSKILLPTS:4	CSKILL:Balance|Climb|Concentration|TYPE=Craft|Escape Artist|Hide|Jump|Knowledge (Religion)|Listen|Move Silently|Open Lock|TYPE=Profession|Search|Sleight of Hand|Spellcraft|Spot|Swim|Tumble|Use Rope
1	BONUS:VAR|DeathAttackDC|ZealotDeathAttackLVL+10+INT	BONUS:VAR|ZealotDeathAttackLVL|CL=Black Flame Zealot	DEFINE:DeathAttackDC|0	DEFINE:ZealotDeathAttackLVL|0
1	BONUS:VAR|SneakAttack|(ZealotSneakAttackLVL)/3											DEFINE:SneakAttack|0
1	BONUS:VAR|ZealotSneakAttackLVL|CL=Black Flame Zealot										DEFINE:ZealotSneakAttackLVL|0
5	BONUS:VAR|FatefulStrideDC|FatefulStrideLVL/2	BONUS:VAR|FatefulStrideLVL|CL=Black Flame Zealot		DEFINE:FatefulStrideDC|0	DEFINE:FatefulStrideLVL|0
10
###Block
11	PREPCLEVEL:MIN=20

# Class Name	Hit Dice	Type			Abbreviation	Source Page		Combat bonus										Bonus
CLASS:Durthan	HD:4		TYPE:PC.Prestige	ABB:Dur		SOURCEPAGE:p.22	BONUS:COMBAT|BASEAB|classlevel("APPLIEDAS=NONEPIC")/2|TYPE=Base.REPLACE	BONUS:SAVE|BASE.Fortitude,BASE.Reflex|classlevel("APPLIEDAS=NONEPIC")/3	BONUS:SAVE|BASE.Will|classlevel("APPLIEDAS=NONEPIC")/2+2
# Class Name	Required AL				Required Feat								Required Gender	Multiple Requirements
CLASS:Durthan	PREALIGN:LN,LE,TN,NE,CN,CE	PREABILITY:3,CATEGORY=FEAT,Improved Counterspell,Iron Will,TYPE=Metamagic	PREGENDER:F		PREMULT:1,[PREREGION:Rashemen],[PRESKILL:1,Knowledge (Rahemen)=2]
# Class Name	Skill Pts/Lvl	Class Skill
CLASS:Durthan	STARTSKILLPTS:2	CSKILL:Concentration|TYPE=Craft|Disguise|Intimidate|TYPE=Knowledge|TYPE=Profession|Swim|Spellcraft|Survival
1						SPELLLEVEL:CLASS|Durthan=3|Call Lightning|Durthan=4|Control Winds|Durthan=5|Commune with Nature|Durthan=6|Repel Wood|Durthan=7|Waterspout|Durthan=8|Whirlwind|Durthan=9|Elemental Swarm
10	BONUS:DC|DESCRIPTOR.Cold|2
###Block
11	PREPCLEVEL:MIN=20

# Class Name			Hit Dice	Type			Abbreviation	Source Page		Combat bonus											Bonus
CLASS:Master of the Yuirwood	HD:8		TYPE:PC.Prestige	ABB:MotY		SOURCEPAGE:p.24	BONUS:COMBAT|BASEAB|classlevel("APPLIEDAS=NONEPIC")*3/4|TYPE=Base.REPLACE	BONUS:SAVE|BASE.Reflex,BASE.Will|classlevel("APPLIEDAS=NONEPIC")/3	BONUS:SAVE|BASE.Fortitude|classlevel("APPLIEDAS=NONEPIC")/2+2
# Class Name			Required AL				Required Feat			Multiple Requirements																Required Skill
CLASS:Master of the Yuirwood	PREALIGN:LG,LN,NG,TN,CG,CN	PREABILITY:2,CATEGORY=FEAT,Alertness,Track	PREMULT:1,[PREREGION:Aglarond],[PREREGION:Star Elf],[PRESKILL:1,Knowledge (Aglarond)=2,Knowledge (Star Elf)=2]	PRESKILL:1,Knowledge (Nature)=5	PRESKILL:1,Survival=10
# Class Name			Skill Pts/Lvl	Class Skill
CLASS:Master of the Yuirwood	STARTSKILLPTS:4	CSKILL:Climb|Concentration|Handle Animal|Hide|Jump|Knowledge (Nature)|Listen|Move Silently|TYPE=Profession|Search|Spellcraft|Spot|Survival
1															AUTO:WEAPONPROF|TYPE=Simple|TYPE=Martial
1	BONUS:VAR|YuirwoodCircleLVL|CL=Master of the Yuirwood	DEFINE:YuirwoodCircleLVL|0
9																						BONUS:SAVE|ALL|CHAMAX0|TYPE=ForestsGrace
###Block
11	PREPCLEVEL:MIN=20

# Class Name		Hit Dice	Type			Abbreviation	Max Level	Source Page		Combat bonus										List of Class Spells by Level																																																																															Bonus
CLASS:Nar Demonbinder	HD:6		TYPE:PC.Prestige	ABB:Nar		MAXLEVEL:7	SOURCEPAGE:p.25	BONUS:COMBAT|BASEAB|classlevel("APPLIEDAS=NONEPIC")/2|TYPE=Base.REPLACE	SPELLLEVEL:CLASS|Nar Demonbinder=4|Beltyn's Burning Blood,Dimensional Anchor,Dismissal,Magic Circle against Good,Planar Binding (Lesser),Summon Monster IV,Wall of Fire|Nar Demonbinder=5|Dispel Good,Flame Strike,Plane Shift,Spell Resistance,Summon Monster V|Nar Demonbinder=6|Banishment,Dispel Magic (Greater),Fiendform,Planar Binding,Summon Monster VI|Nar Demonbinder=7|Blasphemy,Fire Storm,Summon Monster VII|Nar Demonbinder=8|Flensing,Planar Binding (Greater),Summon Monster VIII,Unholy Aura	BONUS:SAVE|BASE.Fortitude,BASE.Reflex|classlevel("APPLIEDAS=NONEPIC")/3	BONUS:SAVE|BASE.Will|classlevel("APPLIEDAS=NONEPIC")/2+2
# Class Name		Required Feat						Required Language	Required Skill														Req. Known Spell
CLASS:Nar Demonbinder	PREABILITY:2,CATEGORY=FEAT,Iron Will,Spell Focus (Conjuration)	PRELANG:1,Abyssal	PRESKILL:1,Intimidate=5	PRESKILL:1,Knowledge (The Planes)=10	PRESKILL:1,Sense Motive=2	PRESPELL:1,Summon Monster I,Summon Monster II,Summon Monster III,Summon Monster IV,Summon Monster V,Summon Monster VI,Summon Monster VII,Summon Monster VIII,Summon Monster IX
# Class Name		Skill Pts/Lvl	Class Skill
CLASS:Nar Demonbinder	STARTSKILLPTS:2	CSKILL:Concentration|TYPE=Craft|Decipher Script|Diplomacy|Intimidate|Knowledge (arcana)|Knowledge (The Planes)|TYPE=Profession|Sense Motive|Spellcraft
# Class Name		Spell Stat		Spell Type		Caster level
CLASS:Nar Demonbinder	SPELLSTAT:CHA	SPELLTYPE:Arcane	BONUS:CASTERLEVEL|Nar Demonbinder|CL
1	CAST:0,0,0,0,2,1		KNOWN:0,0,0,0,3,1
2	CAST:0,0,0,0,2,2		KNOWN:0,0,0,0,4,2
3	CAST:0,0,0,0,3,2,1	KNOWN:0,0,0,0,4,2,1
4	CAST:0,0,0,0,3,3,2	KNOWN:0,0,0,0,4,3,2
5	CAST:0,0,0,0,3,3,2,1	KNOWN:0,0,0,0,4,3,2,1
6	CAST:0,0,0,0,4,3,3,2	KNOWN:0,0,0,0,4,4,3,2
7	CAST:0,0,0,0,4,4,3,2,1	KNOWN:0,0,0,0,4,4,3,2,1

# Class Name		Hit Dice	Type			Abbreviation	Max Level	Source Page		Combat bonus											List of Class Spells by Level																																																																																																																	Bonus
CLASS:Nentyar Hunter	HD:6		TYPE:PC.Prestige	ABB:Nen		MAXLEVEL:5	SOURCEPAGE:p.28	BONUS:COMBAT|BASEAB|classlevel("APPLIEDAS=NONEPIC")*3/4|TYPE=Base.REPLACE	SPELLLEVEL:CLASS|Nentyar Hunter=1|Barkskin,Cure Light Wounds,Detect Magic,Detect Poison,Entangle,Jump,Light,Magic Missile,Pass without Trace,Snare,Speak with Animals,True Strike|Nentyar Hunter=2|Aganazzar's Scorcher,Blur,Cure Moderate Wounds,Gust of Wind,Moonbeam,Neutralize Poison,Remove Disease,Resist Energy,Speak with Plants,Tree Shape|Nentyar Hunter=3|Cure Serious Wounds,Freedom of Movement,Greenfire,Invisibility,Keen Edge,Moon Blade,Quench,See Invisibility,Wind Wall|Nentyar Hunter=4|Break Enchantment,Commune with Nature,Control Winds,Force Orb,Magic Weapon (Greater),Tree Stride,Wall of Thorns|Nentyar Hunter=5|Cure Light Wounds (Mass),Find the Path,Flame Strike,Moon Path,Righteous Might	BONUS:SAVE|BASE.Fortitude,BASE.Reflex|classlevel("APPLIEDAS=NONEPIC")/2+2	BONUS:SAVE|BASE.Will|classlevel("APPLIEDAS=NONEPIC")/3
# Class Name		Required AL				Required Feat					Multiple Requirements									Required Skill
CLASS:Nentyar Hunter	PREALIGN:LG,LN,NG,TN,CG,CN	PREABILITY:1,CATEGORY=FEAT,Alertness,Combat Casting,Track	PREMULT:1,[PREREGION:Great Dale],[PRESKILL:1,Knowledge (Great Dale)=2]	PRESKILL:2,Spot=8,Survival=8	PRESKILL:1,Search=4
# Class Name		Skill Pts/Lvl	Class Skill
CLASS:Nentyar Hunter	STARTSKILLPTS:4	CSKILL:Balance|Climb|TYPE=Craft|Concentration|Handle Animal|Hide|Jump|Knowledge (Nature)|Listen|Move Silently|TYPE=Profession|Search|Sense Motive|Spot|Swim|Survival
# Class Name		Spell Stat		Spell Type		Automatically Known Spell Levels				Caster level
CLASS:Nentyar Hunter	SPELLSTAT:WIS	SPELLTYPE:Divine	KNOWNSPELLS:LEVEL=1|LEVEL=2|LEVEL=3|LEVEL=4|LEVEL=5	BONUS:CASTERLEVEL|Nentyar Hunter|CL
1	CAST:0,2
2	CAST:0,2,1
3	CAST:0,3,2,1	BONUS:MOVEADD|TYPE=Walk|10|PREVAREQ:ENCUMBERANCE,0,COUNT[EQTYPE.ARMOR.EQUIPPED],0|TYPE=Normal.REPLACE
4	CAST:0,3,2,2,1																		BONUS:SKILL|Spot|4|TYPE=ClassAbility
5	CAST:0,3,3,2,2,1

# Class Name			Hit Dice	Type			Abbreviation	Source Page		Combat bonus											Bonus
CLASS:Raumathari Battlemage	HD:4		TYPE:PC.Prestige	ABB:Rau		SOURCEPAGE:p.29	BONUS:COMBAT|BASEAB|classlevel("APPLIEDAS=NONEPIC")*3/4|TYPE=Base.REPLACE	BONUS:SAVE|BASE.Fortitude,BASE.Reflex|classlevel("APPLIEDAS=NONEPIC")/3	BONUS:SAVE|BASE.Will|classlevel("APPLIEDAS=NONEPIC")/2+2
# Class Name			Required Feat												Required Text
CLASS:Raumathari Battlemage	PREABILITY:3,CATEGORY=FEAT,Combat Casting,Exotic Weapon Proficiency (Bastard Sword),TYPE=Metamagic	PRETEXT:Able to read Roushoum and Imaskari script. Must find a mentor to study with.
# Class Name			Skill Pts/Lvl	Class Skill
CLASS:Raumathari Battlemage	STARTSKILLPTS:2	CSKILL:TYPE=Craft|Concentration|Decipher Script|Knowledge (arcana)|Knowledge (History)|TYPE=Profession|Ride|Spellcraft|Use Magic Device
#Need to make a feat for Battle Spell levels and Channel Spell Levels
###Block
11	PREPCLEVEL:MIN=20

##################################################

# Class Name			Hit Dice	Type			Abbreviation	Source Page		Define					Combat bonus										Modify VAR						List of Class Spells by Level																																																																																																															Bonus
CLASS:Runescarred Berserker	HD:10		TYPE:PC.Prestige	ABB:RuB		SOURCEPAGE:p.31	DEFINE:RunescarredBerserkerLVL|0	BONUS:COMBAT|BASEAB|classlevel("APPLIEDAS=NONEPIC")|TYPE=Base.REPLACE|PREVAREQ:UseAlternateBABProgression,0	BONUS:VAR|RunescarredBerserkerLVL|CL	SPELLLEVEL:CLASS|Runescarred Berserker=1|Cure Moderate Wounds,Divine Favor,Low-Light Vision,Protection from Chaos,Protection from Evil,Protection from Good,Protection from Law,Resist Energy,See Invisibility,True Strike|Runescarred Berserker=2|Bear's Endurance,Bull's Strength,Cure Serious Wounds,Darkvision,Invisibility,Keen Edge,Protection from Energy|Runescarred Berserker=3|Air Walk,Cure Critical Wounds,Death Ward,Divine Power,Freedom of Movement,Haste,Magic Weapon (Greater)|Runescarred Berserker=4|Invisibility (Greater),Neutralize Poison,Restoration,Righteous Might,Spell Immunity,Stoneskin|Runescarred Berserker=5|Alter Self,Antimagic Field,Dimension Door,Heal,Spell Resistance	BONUS:SAVE|BASE.Will,BASE.Reflex|classlevel("APPLIEDAS=NONEPIC")/3	BONUS:SAVE|BASE.Fortitude|classlevel("APPLIEDAS=NONEPIC")/2+2
# Class Name			Required Feat					Multiple Requirements									Required Skill											Var. Must Be Grater	PRETOTALAB
CLASS:Runescarred Berserker	PREABILITY:3,CATEGORY=FEAT,Iron Will,Survivor,TYPE.Lodge	PREMULT:1,[PREREGION:Rashemen],[PRESKILL:1,Knowledge (Rashemen)=2]	PRESKILL:2,Craft (Scarring)=5,Intimidate=5	PRESKILL:1,Sense Motive=2	PREVARGT:RageTimes,0	PRETOTALAB:7
# Class Name			Skill Pts/Lvl	Class Skill
CLASS:Runescarred Berserker	STARTSKILLPTS:4	CSKILL:Climb|TYPE=Craft|Handle Animal|Intimidate|Jump|Listen|Ride|Sense Motive|Swim|Survival
# Class Name			Spell Stat		Spell Type		Caster level
CLASS:Runescarred Berserker	SPELLSTAT:WIS	SPELLTYPE:Divine	BONUS:CASTERLEVEL|Runescarred Berserker|CL
###Block
1	ABILITY:Special Ability|AUTOMATIC|Runescarred Berserker ~ Scribe Runescar
2	ABILITY:Special Ability|AUTOMATIC|Runescarred Berserker ~ Extra Rage
3	ABILITY:Special Ability|AUTOMATIC|Runescarred Berserker ~ Ritual Scarring
4	ABILITY:Special Ability|AUTOMATIC|Runescarred Berserker ~ Spawn of the Frost
4	ABILITY:Special Ability|AUTOMATIC|Runescarred Berserker ~ Damage Reduction
8	ABILITY:Special Ability|AUTOMATIC|Runescarred Berserker ~ Greater Rage
###Block
1	KNOWN:0,1
2	KNOWN:0,2
3	KNOWN:0,2,1
4	KNOWN:0,3,2
5	KNOWN:0,3,2,1
6	KNOWN:0,3,3,2
7	KNOWN:0,4,3,2,1
8	KNOWN:0,4,3,3,2
9	KNOWN:0,4,4,3,2,1
10	KNOWN:0,4,4,3,3,2
###Block
11	PREPCLEVEL:MIN=20

######################################################################

# Class Name		Hit Dice	Type			Abbreviation	Max Level	Source Page		Combat bonus										Bonus
CLASS:Shou Disciple	HD:10		TYPE:PC.Prestige	ABB:ShD		MAXLEVEL:5	SOURCEPAGE:p.32	BONUS:COMBAT|BASEAB|classlevel("APPLIEDAS=NONEPIC")|TYPE=Base.REPLACE|PREVAREQ:UseAlternateBABProgression,0	BONUS:SAVE|BASE.Fortitude,BASE.Reflex|classlevel("APPLIEDAS=NONEPIC")/2+2	BONUS:SAVE|BASE.Will|classlevel("APPLIEDAS=NONEPIC")/3
# Class Name		Required Check Base	Required Feat										Multiple Requirements																	Required Skill						PRETOTALAB
CLASS:Shou Disciple	PRECHECKBASE:1,Reflex=2	PREABILITY:3,CATEGORY=FEAT,Dodge,Improved Unarmed Strike,Weapon Focus (Unarmed Strike)	PREMULT:1,[PREREGION:Shou Expatriate],[PREREGION:Thesk],[PRESKILL:1,Knowledge (Shou Expatriate)=2,Knowledge (Thesk)=2]	PRESKILL:2,Balance=4,Tumble=4	PRESKILL:1,Jump=8	PRETOTALAB:3
# Class Name		Skill Pts/Lvl	Class Skill
CLASS:Shou Disciple	STARTSKILLPTS:2	CSKILL:Balance|Climb|TYPE=Craft|Diplomacy|Escape Artist|Jump|Listen|Move Silently|TYPE=Profession|Spot|Swim|Tumble
1	UDAM:1,1d2,1d3,1d4,1d6,1d8,1d10,1d12,2d8		UMULT:2	BONUS:UDAM|CLASS.Monk|CL=Shou Disciple
2	UDAM:1d2,1d3,1d4,1d6,1d8,1d10,1d12,2d8,2d10			BONUS:UDAM|CLASS.Monk|CL=Shou Disciple
3	UDAM:1d3,1d4,1d6,1d8,1d10,1d12,2d8,2d10,2d12			BONUS:UDAM|CLASS.Monk|CL=Shou Disciple
4	UDAM:1d3,1d4,1d6,1d8,1d10,1d12,2d8,2d10,2d12			BONUS:UDAM|CLASS.Monk|CL=Shou Disciple
5	UDAM:1d4,1d6,1d8,1d10,2d6,2d8,2d10,2d12,4d8			BONUS:UDAM|CLASS.Monk|CL=Shou Disciple
#Need to retest this. Do I need to make a feat for Martial Flurry and Dodge bonus???

# Class Name			Hit Dice	Type			Abbreviation	Source Page		Combat bonus											Bonus
CLASS:Talontar Blightlord	HD:8		TYPE:PC.Prestige	ABB:Tal		SOURCEPAGE:p.34	BONUS:COMBAT|BASEAB|classlevel("APPLIEDAS=NONEPIC")*3/4|TYPE=Base.REPLACE	BONUS:SAVE|BASE.Reflex|classlevel("APPLIEDAS=NONEPIC")/3	BONUS:SAVE|BASE.Fortitude,BASE.Will|classlevel("APPLIEDAS=NONEPIC")/2+2
# Class Name			Required AL		Required Feat
CLASS:Talontar Blightlord	PREALIGN:LE,NE,CE	PREABILITY:1,CATEGORY=FEAT,Great Fortitude
# Class Name			Skill Pts/Lvl	Class Skill
CLASS:Talontar Blightlord	STARTSKILLPTS:2	CSKILL:Concentration|TYPE=Craft|Handle Animal|Heal|Hide|TYPE=KnowledgeLocal|Knowledge (Nature)|Listen|TYPE=Profession|Spellcraft|Spot|Survival
1	DOMAIN:Blightbringer	BONUS:DOMAIN|NUMBER|1
3									BONUS:VAR|Blighttouch|(BlighttouchLVL-1)/2	BONUS:VAR|BlighttouchLVL|CL=Talontar Blightlord	DEFINE:Blighttouch|0	DEFINE:BlighttouchLVL|0
10																																	TEMPLATE:Plant
###Block
11	PREPCLEVEL:MIN=20

# Class Name			Hit Dice	Type			Abbreviation	Max Level	Source Page		Combat bonus											Bonus
CLASS:Telflammar Shadowlord	HD:6		TYPE:PC.Prestige	ABB:Tel		MAXLEVEL:6	SOURCEPAGE:p.36	BONUS:COMBAT|BASEAB|classlevel("APPLIEDAS=NONEPIC")*3/4|TYPE=Base.REPLACE	BONUS:SAVE|BASE.Fortitude,BASE.Will|classlevel("APPLIEDAS=NONEPIC")/3	BONUS:SAVE|BASE.Reflex|classlevel("APPLIEDAS=NONEPIC")/2+2
# Class Name			Required AL				Required Feat							Required Skill				Required Text						Var. Min. Value
CLASS:Telflammar Shadowlord	PREALIGN:LN,LE,TN,NE,CN,CE	PREABILITY:4,CATEGORY=FEAT,Blind-Fight,Dodge,Mobility,Spring Attack	PRESKILL:2,Hide=10,Move Silently=10	PRETEXT:Must have the Shadow Walker template.	PREVARGTEQ:SneakAttack,2
# Class Name			Skill Pts/Lvl	Class Skill
CLASS:Telflammar Shadowlord	STARTSKILLPTS:4	CSKILL:Appraise|Balance|Bluff|Climb|TYPE=Craft|Disguise|Escape Artist|Hide|Jump|Listen|Move Silently|Open Lock|TYPE=Profession|Search|Sleight of Hand|Spot|Tumble|Use Magic Device|Use Rope

# Class Name			List of Class Spells by Level
CLASS:Telflammer Shadowlord	SPELLLEVEL:CLASS|Telflammer Shadowlord=1|Blindness/Deafness,Chill Touch,Darkness,Darkvision,Invisibility,Knock,Levitate,Shadow Mask,Shadow Spray|Telflammer Shadowlord=2|Air Walk,Blacklight,Displacement,Haste,Invisibility (Greater),Nondetection,Vampiric Touch|Telflammer Shadowlord=3|Confusion,Darkbolt,Detect Scrying,Dimension Door,Invisibility (Mass),Mislead
# Class Name			Spell Stat		Spell Type		Caster level
CLASS:Telflammer Shadowlord	SPELLSTAT:INT	SPELLTYPE:Arcane	BONUS:CASTERLEVEL|Telflammer Shadowlord|CL
1	CAST:0,0		KNOWN:0,0		VISION:Darkvision (60')
2	CAST:0,1		KNOWN:0,1
3	CAST:0,1,0		KNOWN:0,1,0
4	CAST:0,2,1		KNOWN:0,2,1
5	CAST:0,2,1,0	KNOWN:0,2,1,0
6	CAST:0,2,2,1	KNOWN:0,2,2,1					BONUS:VAR|DeathAttackDC|TelflammarDeathAttackLVL+10+INT	BONUS:VAR|TelflammarDeathAttackLVL|CL=Telflammar Shadowlord	DEFINE:DeathAttackDC|0	DEFINE:TelflammarDeathAttackLVL|0

# Class Name		Hit Dice	Type			Abbreviation	Source Page		Combat bonus											List of Class Spells by Level																																																														Bonus
CLASS:Thayan Slaver	HD:6		TYPE:PC.Prestige	ABB:ThS		SOURCEPAGE:p.37	BONUS:COMBAT|BASEAB|classlevel("APPLIEDAS=NONEPIC")*3/4|TYPE=Base.REPLACE	SPELLLEVEL:CLASS|Thayan Slaver=1|Alarm,Arcane Lock,Burning Hands,Command,Detect Thoughts,Disguise Self,Knock,Ray of Enfeeblement,True Strike|Thayan Slaver=2|Alter Self,Fear,Hold Person,Invisibility,Misdirection,Remove Paralysis|Thayan Slaver=3|Command (Greater),Dominate Person,Hold Monster,Invisibility (Greater),Nondetection|Thayan Slaver=4|Enervation,Locate Creature,Mind Fog,Sequester,Veil	BONUS:SAVE|BASE.Fortitude,BASE.Will|classlevel("APPLIEDAS=NONEPIC")/3	BONUS:SAVE|BASE.Reflex|classlevel("APPLIEDAS=NONEPIC")/2+2
# Class Name		Required AL		Multiple Requirements							Required Skill									Var. Min. Value
CLASS:Thayan Slaver	PREALIGN:LE,NE,CE	PREMULT:1,[PREREGION:Thay],[PRESKILL:1,Knowledge (Thay)=2]	PRESKILL:2,Appraise=10,Intimidate=10	PRESKILL:1,Use Rope=5	PREVARGTEQ:SneakAttack,2
# Class Name		Skill Pts/Lvl	Class Skill
CLASS:Thayan Slaver	STARTSKILLPTS:4	CSKILL:Appraise|Bluff|Concentration|TYPE=Craft|Diplomacy|Forgery|Heal|Hide|Intimidate|Listen|Move Silently|Profession (Slaver)|Search|Sense Motive|Spot|Use Rope
# Class Name		Spell Stat		Spell Type		Automatically Known Spell Levels			Caster level
CLASS:Thayan Slaver	SPELLSTAT:INT	SPELLTYPE:Arcane	KNOWNSPELLS:LEVEL=1|LEVEL=2|LEVEL=3|LEVEL=4	BONUS:CASTERLEVEL|Thayan Slaver|CL
1																														AUTO:WEAPONPROF|Sap|Chain (Spiked)|Whip|Net|TYPE=Simple
1	CAST:0		BONUS:VAR|DeathAttackDC|ThayanDeathAttackLVL+10+INT	BONUS:VAR|ThayanDeathAttackLVL|CL=Thayan Slaver	DEFINE:DeathAttackDC|0	DEFINE:ThayanDeathAttackLVL|0
2	CAST:0,1
3	CAST:0,1,0
4	CAST:0,1,1		BONUS:VAR|SneakAttack|(ThayanSneakAttackLVL-1)/3	BONUS:VAR|ThayanSneakAttackLVL|CL=Thayan Slaver	DEFINE:SneakAttack|0	DEFINE:ThayanSneakAttackLVL|0
5	CAST:0,2,1,0
6	CAST:0,2,1,1
7	CAST:0,2,2,1,0
8	CAST:0,3,2,1,1
9	CAST:0,3,2,2,1
10	CAST:0,3,3,2,1
###Block
11	PREPCLEVEL:MIN=20
