# CVS $Revision: $ $Author: $ -- Wed Mar  5 16:52:34 2014 -- reformated by prettylst.pl v1.51 (build 22988)

# Template Name		Challenge Rating	Visible	Damage Reduction	Level Adjustment	Template																												Source Page		Level																																																												Required AL	Required Race			Required Size	Required Stat	Combat bonus					Bonus to skill					Stat bonus											Feat								Spell Res.	Main Race Type	Race Subtype		Type		Vision			Natural Attacks
Blightspawned		CR:1			VISIBLE:YES																																				SOURCEPAGE:p.60																																																													PREALIGN:NE	PRERACE:1,Animal,Beast,Plant																					BONUS:STAT|STR|4	BONUS:STAT|CON|2	BONUS:STAT|WIS,CHA|-2													RACETYPE:Plant					TYPE:Plant
Blooded One			CR:1			VISIBLE:YES				LEVELADJUSTMENT:1																														SOURCEPAGE:p.61																																																															PRERACE:1,Humanoid								BONUS:COMBAT|AC|2|TYPE=NaturalArmor.STACK								BONUS:STAT|STR|2	BONUS:STAT|CON|4	BONUS:STAT|INT|-2				ABILITY:FEAT|AUTOMATIC|Combat Reflexes
Dread Warrior					VISIBLE:YES																																				SOURCEPAGE:p.62																																																													PREALIGN:NE	PRERACE:1,Humanoid															BONUS:SKILL|Climb,Jump,Spot|4|TYPE=Racial	BONUS:STAT|STR|4	BONUS:STAT|INT|-6	BONUS:STAT|CHA|-4														RACETYPE:Undead
Juju Zombie			CR:2			VISIBLE:YES							TEMPLATE:CHOOSE:Fine Juju Slam|Diminutive Juju Slam|Tiny Juju Slam|Small Juju Slam|Medium Juju Slam|Large Juju Slam|Huge Juju Slam|Gargantuan Juju Slam|Colossal Juju Slam	SOURCEPAGE:p.67																																																													PREALIGN:NE									PRESTAT:1,INT=1	BONUS:COMBAT|AC|3|TYPE=NaturalArmor.STACK	BONUS:SKILL|Climb|8|TYPE=Racial		BONUS:STAT|STR|4	BONUS:STAT|DEX|2	BONUS:STAT|INT|-4	BONUS:STAT|CHA|-2	ABILITY:FEAT|AUTOMATIC|Improved Initiative|Power Attack|Toughness			RACETYPE:Undead					TYPE:Undead
Fine Juju Slam					VISIBLE:NO																																																																																																										PRESIZEEQ:F																																																						NATURALATTACKS:Slam,Weapon.Natural.Melee.Bludgeoning,*1,1
Diminutive Juju Slam				VISIBLE:NO																																																																																																										PRESIZEEQ:D																																																						NATURALATTACKS:Slam,Weapon.Natural.Melee.Bludgeoning,*1,1d2
Tiny Juju Slam					VISIBLE:NO																																																																																																										PRESIZEEQ:T																																																						NATURALATTACKS:Slam,Weapon.Natural.Melee.Bludgeoning,*1,1d3
Small Juju Slam					VISIBLE:NO																																																																																																										PRESIZEEQ:S																																																						NATURALATTACKS:Slam,Weapon.Natural.Melee.Bludgeoning,*1,1d4
Medium Juju Slam					VISIBLE:NO																																																																																																										PRESIZEEQ:M																																																						NATURALATTACKS:Slam,Weapon.Natural.Melee.Bludgeoning,*1,1d6
Large Juju Slam					VISIBLE:NO																																																																																																										PRESIZEEQ:L																																																						NATURALATTACKS:Slam,Weapon.Natural.Melee.Bludgeoning,*1,1d8
Huge Juju Slam					VISIBLE:NO																																																																																																										PRESIZEEQ:H																																																						NATURALATTACKS:Slam,Weapon.Natural.Melee.Bludgeoning,*1,2d6
Gargantuan Juju Slam				VISIBLE:NO																																																																																																										PRESIZEEQ:G																																																						NATURALATTACKS:Slam,Weapon.Natural.Melee.Bludgeoning,*1,2d8
Colossal Juju Slam				VISIBLE:NO																																																																																																										PRESIZEEQ:C																																																						NATURALATTACKS:Slam,Weapon.Natural.Melee.Bludgeoning,*1,4d6
Orglash			CR:1			VISIBLE:YES				LEVELADJUSTMENT:1																														SOURCEPAGE:p.69																																																															PRERACE:1,Elemental (Air)				PRESTAT:1,INT=10	BONUS:COMBAT|AC|2|TYPE=NaturalArmor.STACK								BONUS:STAT|CON|4																							RACESUBTYPE:Cold
Shadow-Walker		CR:1			VISIBLE:YES				LEVELADJUSTMENT:1																														SOURCEPAGE:p.70	BONUS:SKILL|Hide|4|TYPE=Racial		BONUS:STAT|DEX|2	BONUS:STAT|CON|-2																										VISION:Darkvision (60')
# Shadow-Walker - make ability pool
#	LEVEL:1:FEAT:TYPE=ShadowWalker	LEVEL:3:FEAT:TYPE=ShadowWalker	LEVEL:5:FEAT:TYPE=ShadowWalker	LEVEL:7:FEAT:TYPE=ShadowWalker	LEVEL:9:FEAT:TYPE=ShadowWalker	LEVEL:11:FEAT:TYPE=ShadowWalker	LEVEL:13:FEAT:TYPE=ShadowWalker	LEVEL:15:FEAT:TYPE=ShadowWalker	LEVEL:17:FEAT:TYPE=ShadowWalker	LEVEL:19:FEAT:TYPE=ShadowWalker
Telthor			CR:1			VISIBLE:YES				LEVELADJUSTMENT:2																														SOURCEPAGE:p.75																																																															PRERACE:1,Animal,Humanoid				PRESTAT:1,INT=3																																					RACETYPE:Fey	RACESUBTYPE:Incorporeal
Thomil			CR:2			VISIBLE:YES	DR:10/+1		LEVELADJUSTMENT:1																														SOURCEPAGE:p.76																																																															PRERACE:1,Elemental (Earth)				PRESTAT:1,INT=10	BONUS:COMBAT|AC|2|TYPE=NaturalArmor.STACK								BONUS:STAT|CON|4																		SR:(HD+5)
#############
#
# Rashemen Berserker Troll membership
Berserker Lodge Member (Ettercap)	DESC:Initated into a Rashemen berserker lodge	PREMULT:1,[PREREGION:Rashemen],[PRESKILL:1,Knowledge (Rashemen)=2]	PRETEXT:Must have performed an initiation rite	SOURCEPAGE:136
Berserker Lodge Member (Great Stag)	DESC:Initated into a Rashemen berserker lodge	PREMULT:1,[PREREGION:Rashemen],[PRESKILL:1,Knowledge (Rashemen)=2]	PRETEXT:Must have performed an initiation rite	SOURCEPAGE:136
Berserker Lodge Member (Ice Troll)	DESC:Initated into a Rashemen berserker lodge	PREMULT:1,[PREREGION:Rashemen],[PRESKILL:1,Knowledge (Rashemen)=2]	PRETEXT:Must have performed an initiation rite	SOURCEPAGE:136
Berserker Lodge Member (Owlbear)	DESC:Initated into a Rashemen berserker lodge	PREMULT:1,[PREREGION:Rashemen],[PRESKILL:1,Knowledge (Rashemen)=2]	PRETEXT:Must have performed an initiation rite	SOURCEPAGE:136
Berserker Lodge Member (Snow Tiger)	DESC:Initated into a Rashemen berserker lodge	PREMULT:1,[PREREGION:Rashemen],[PRESKILL:1,Knowledge (Rashemen)=2]	PRETEXT:Must have performed an initiation rite	SOURCEPAGE:136
Berserker Lodge Member (Wolf)		DESC:Initated into a Rashemen berserker lodge	PREMULT:1,[PREREGION:Rashemen],[PRESKILL:1,Knowledge (Rashemen)=2]	PRETEXT:Must have performed an initiation rite	SOURCEPAGE:136
#
