SOURCELONG:Complete Divine	SOURCESHORT:CD

# Class Name		Hit Dice	Type			Abbreviation	Max Level	Source Page				Save checks bonus											Combat bonus
CLASS:Contemplative	HD:6		TYPE:PC.Prestige	ABB:Com		MAXLEVEL:10	SOURCEPAGE:Complete Divine	BONUS:CHECKS|BASE.Will|CL/2+2	BONUS:CHECKS|BASE.Reflex,BASE.Fortitude|CL/3	BONUS:COMBAT|BAB|CL/2|TYPE=Base.REPLACE
# Class Name		Required Feat						Required Skill				Req. Spell Type
CLASS:Contemplative	PREFEAT:1,Skill Focus (Knowledge (Religion))	PRESKILL:1,Knowledge (Religion)=13	PRESPELLTYPE:1,Divine=1
# Class Name		Skill Pts/Lvl	Class Skill
CLASS:Contemplative	STARTSKILLPTS:2	CSKILL:Concentration|TYPE=Craft|Diplomacy|Heal|Intimidate|Knowledge (Religion)|TYPE=Profession|Sense Motive|Spellcraft
1	BONUS:DOMAIN|NUMBER|1								ADD:SPELLCASTER|Divine	ABILITY:Special Ability|AUTOMATIC|Divine Health
2												ADD:SPELLCASTER|Divine	ABILITY:Special Ability|AUTOMATIC|Slippery Mind
3					BONUS:VAR|DivineWholenessHealing|4*CL	ADD:SPELLCASTER|Divine	ABILITY:Special Ability|AUTOMATIC|Divine Wholeness
4												ADD:SPELLCASTER|Divine
5												ADD:SPELLCASTER|Divine	ABILITY:Special Ability|AUTOMATIC|Divine Body
6	BONUS:DOMAIN|NUMBER|1								ADD:SPELLCASTER|Divine
7					BONUS:VAR|DivineSoulSR|CL			ADD:SPELLCASTER|Divine	ABILITY:Special Ability|AUTOMATIC|Divine Soul
8												ADD:SPELLCASTER|Divine
9												ADD:SPELLCASTER|Divine	ABILITY:Special Ability|AUTOMATIC|Eternal Body
10												ADD:SPELLCASTER|Divine	ABILITY:Special Ability|AUTOMATIC|Mystic Union

### Divine Oracle - Added 2007-05-12

# Class Name		Hit Dice	Type			Abbreviation	Max Level	Source Page		Save checks bonus											Combat bonus					Add domain number
CLASS:Divine Oracle	HD:6		TYPE:PC.Prestige	ABB:Dorc		MAXLEVEL:10	SOURCEPAGE:p.35	BONUS:CHECKS|BASE.Will|CL/2+2	BONUS:CHECKS|BASE.Reflex,BASE.Fortitude|CL/3	BONUS:COMBAT|BAB|CL/2|TYPE=Base.REPLACE	BONUS:DOMAIN|NUMBER|1
# Class Name		Required Skill				Required Text
CLASS:Divine Oracle	PRESKILL:1,Knowledge (Religion)=8	PRETEXT:Must be able to cast two divination spells
# Class Name		Skill Pts/Lvl	Class Skill
CLASS:Divine Oracle	STARTSKILLPTS:2	CSKILL:Concentration|TYPE=Craft|Heal|Intimidate|Knowledge (Arcana)|Knowledge (Religion)|TYPE=Profession|Spellcraft
1	DOMAIN:Oracle						ADD:SPELLCASTER|ANY	ABILITY:Special Ability|AUTOMATIC|Scry Bonus
2				BONUS:VAR|TrapSense|1		ADD:SPELLCASTER|ANY	ABILITY:Special Ability|AUTOMATIC|Prescient Sense|Trap Sense Ability
3									ADD:SPELLCASTER|ANY	ABILITY:Special Ability|AUTOMATIC|Divination Enhancement
4				BONUS:VAR|UncannyDodgeLevel|1	ADD:SPELLCASTER|ANY	ABILITY:Special Ability|AUTOMATIC|Uncanny Dodge ~ Base
5				BONUS:VAR|TrapSense|1		ADD:SPELLCASTER|ANY
6				BONUS:VAR|UncannyDodgeLevel|1	ADD:SPELLCASTER|ANY
7									ADD:SPELLCASTER|ANY
8				BONUS:VAR|TrapSense|1		ADD:SPELLCASTER|ANY
9									ADD:SPELLCASTER|ANY
10									ADD:SPELLCASTER|ANY	ABILITY:Special Ability|AUTOMATIC|Immune to Surprise


