# CVS $Revision: $ $Author: $ -- Fri Dec 12 02:40:59 2014 -- reformated by prettylst.pl v1.51 (build 25712)


# Ability Category								Visible		Editable?		Change Pool?	Base Pool number			Category of Object		Type of Object								Specific choices list																											Plural description for UI				Display Location
ABILITYCATEGORY:Fist of the Forest Class Feature			VISIBLE:QUALIFY	EDITABLE:YES	EDITPOOL:NO							CATEGORY:Special Ability	TYPE:Fist of the Forest Class Feature																																		PLURAL:Fist of the Forest Class Features		DISPLAYLOCATION:Class Features
ABILITYCATEGORY:Forest Reeve Class Feature				VISIBLE:QUALIFY	EDITABLE:YES	EDITPOOL:NO							CATEGORY:Special Ability	TYPE:Forest Reeve Class Feature																																			PLURAL:Forest Reeve Class Features			DISPLAYLOCATION:Class Features
ABILITYCATEGORY:Holt Warden Class Feature					VISIBLE:QUALIFY	EDITABLE:YES	EDITPOOL:NO							CATEGORY:Special Ability	TYPE:Holt Warden Class Feature																																			PLURAL:Holt Warden Class Features			DISPLAYLOCATION:Class Features
ABILITYCATEGORY:Mythic Exemplar Class Feature				VISIBLE:QUALIFY	EDITABLE:YES	EDITPOOL:NO							CATEGORY:Special Ability	TYPE:Mythic Exemplar Class Feature																																			PLURAL:Mythic Exemplar Class Features		DISPLAYLOCATION:Class Features
ABILITYCATEGORY:Ordained Champion Class Feature				VISIBLE:QUALIFY	EDITABLE:YES	EDITPOOL:NO							CATEGORY:Special Ability	TYPE:Ordained Champion Class Feature																																		PLURAL:Ordained Champion Class Features		DISPLAYLOCATION:Class Features
ABILITYCATEGORY:Paragnostic Apostle Class Feature			VISIBLE:QUALIFY	EDITABLE:YES	EDITPOOL:NO							CATEGORY:Special Ability	TYPE:Paragnostic Apostle Class Feature																																		PLURAL:Paragnostic Apostle Class Features		DISPLAYLOCATION:Class Features
ABILITYCATEGORY:Paragnostic Initiate Class Feature			VISIBLE:QUALIFY	EDITABLE:YES	EDITPOOL:NO							CATEGORY:Special Ability	TYPE:Paragnostic Initiate Class Feature																																		PLURAL:Paragnostic Initiate Class Features	DISPLAYLOCATION:Class Features
ABILITYCATEGORY:Sanctified One Class Feature				VISIBLE:QUALIFY	EDITABLE:YES	EDITPOOL:NO							CATEGORY:Special Ability	TYPE:Sanctified One Class Feature																																			PLURAL:Sanctified One Class Features		DISPLAYLOCATION:Class Features
ABILITYCATEGORY:Shadowspy Class Feature					VISIBLE:QUALIFY	EDITABLE:YES	EDITPOOL:NO							CATEGORY:Special Ability	TYPE:Shadowspy Class Feature																																				PLURAL:Shadowspy Class Features			DISPLAYLOCATION:Class Features
ABILITYCATEGORY:Shadowstriker Class Feature				VISIBLE:QUALIFY	EDITABLE:YES	EDITPOOL:NO							CATEGORY:Special Ability	TYPE:Shadowstriker Class Feature																																			PLURAL:Shadowstriker Class Features			DISPLAYLOCATION:Class Features
ABILITYCATEGORY:Squire of Legend Class Feature				VISIBLE:QUALIFY	EDITABLE:YES	EDITPOOL:NO							CATEGORY:Special Ability	TYPE:Squire of Legend Class Feature																																			PLURAL:Squire of Legend Class Features		DISPLAYLOCATION:Class Features

#
ABILITYCATEGORY:Knowledge Is Power						VISIBLE:QUALIFY	EDITABLE:YES	EDITPOOL:NO							CATEGORY:Special Ability	TYPE:Knowledge Is Power																																					PLURAL:Knowledge Is Power				DISPLAYLOCATION:Class Features
ABILITYCATEGORY:Sanctified Ability						VISIBLE:QUALIFY	EDITABLE:YES	EDITPOOL:NO		POOL:SanctifiedAbilityPool	CATEGORY:Special Ability	TYPE:Sanctified Ability																																					PLURAL:Sanctified Abilities				DISPLAYLOCATION:Class Features
ABILITYCATEGORY:Shadowspy Feat						VISIBLE:QUALIFY	EDITABLE:YES	EDITPOOL:NO		POOL:ShadowspyFeatPool		CATEGORY:Feat													ABILITYLIST:Acrobatic|Alertness|Athletic|Combat Casting|Deceitful|Extra Turning|Improved Turning|Investigator|Good Devotion|Persuasive|Stealthy															DISPLAYLOCATION:Feats
ABILITYCATEGORY:Holy Warrior Feat						VISIBLE:QUALIFY	EDITABLE:YES	EDITPOOL:NO		POOL:Pool_HolyWariorFeat	CATEGORY:Feat			TYPE:Divine									ABILITYLIST:Cleave|Extra Smiting|Extra Turning|Great Cleave|Improved Smiting|Mounted Combat|Mounted Archery|Power Attack|Ride-By Attack|Skill Focus (Ride)|Spirited Charge|Trample									DISPLAYLOCATION:Class Features
ABILITYCATEGORY:Domain Choice							VISIBLE:QUALIFY	EDITABLE:YES	EDITPOOL:NO		POOL:DomainChoicePool		CATEGORY:Domain			TYPE:DomainPower																																														DISPLAYLOCATION:Class Features

ABILITYCATEGORY:Barbarian ACF Totem						VISIBLE:QUALIFY	EDITABLE:YES	EDITPOOL:NO							CATEGORY:Internal													ABILITYLIST:Barbarian ACF Totem																									PLURAL:Barbarian ACF Totems				DISPLAYLOCATION:Class Features

ABILITYCATEGORY:Champion of the Wild Archery Style			VISIBLE:QUALIFY	EDITABLE:YES	EDITPOOL:NO							CATEGORY:FEAT			TYPE:ChampionOfTheWild.ChampionOfTheWildArchery																																									DISPLAYLOCATION:Feats
ABILITYCATEGORY:Champion of the Wild Two-Weapon Fighting Style	VISIBLE:QUALIFY	EDITABLE:YES	EDITPOOL:NO							CATEGORY:FEAT			TYPE:ChampionOfTheWild.ChampionOfTheWildTwoWeaponFighting																																							DISPLAYLOCATION:Feats

#ABILITYCATEGORY:CotW Ranger Feat			ABILITYLIST:Blind-Fight|Combat Expertise|Eyes in the Back of Your Head|Improved Disarm|Improved Favored Enemy|Improved Feint|Improved Trip|Archery Pool|Two-Weapon Combat Pool		CATEGORY:FEAT	EDITABLE:YES	EDITPOOL:NO	DISPLAYLOCATION:Feats	VISIBLE:QUALIFY


ABILITYCATEGORY:Sacrifice Domain						VISIBLE:QUALIFY	EDITABLE:YES	EDITPOOL:NO							CATEGORY:Internal													TYPE:Sacrifice Domain																									PLURAL:Sacrifice Domains				DISPLAYLOCATION:Class Features

ABILITYCATEGORY:Ordained Champion War Domain						VISIBLE:QUALIFY	EDITABLE:YES	EDITPOOL:NO							CATEGORY:Internal													TYPE:Ordained Champion War Domain																									PLURAL:Sacrifice Domains				DISPLAYLOCATION:Class Features



### Church

ABILITYCATEGORY:Church	VISIBLE:YES	EDITABLE:YES	EDITPOOL:NO	CATEGORY:Church	DISPLAYLOCATION:Church

### Church template (XX)

# ABILITYCATEGORY:CC_XX_AC	VISIBLE:QUALIFY	EDITABLE:YES	EDITPOOL:NO	CATEGORY:CC_XX_AC	DISPLAYNAME:XX Affiliation Criterion	DISPLAYLOCATION:Church
# ABILITYCATEGORY:CC_XX_RANK	VISIBLE:QUALIFY	CATEGORY:CC_XX_RANK	DISPLAYLOCATION:Church

### The Anvil Of Creation (AC)

ABILITYCATEGORY:CC_AC_AC	VISIBLE:QUALIFY	EDITABLE:YES	EDITPOOL:NO	CATEGORY:CC_AC_AC	DISPLAYNAME:The Anvil Of Creation Affiliation Criterion	DISPLAYLOCATION:Church
ABILITYCATEGORY:The Anvil Of Creation Rank	VISIBLE:QUALIFY	CATEGORY:The Anvil Of Creation Rank	DISPLAYLOCATION:Church

### Assembly Of Balance (AB)

ABILITYCATEGORY:CC_AB_AC	VISIBLE:QUALIFY	EDITABLE:YES	EDITPOOL:NO	CATEGORY:CC_AB_AC	DISPLAYNAME:Assembly Of Balance Affiliation Criterion	DISPLAYLOCATION:Church
ABILITYCATEGORY:Assembly Of Balance Rank	VISIBLE:QUALIFY	CATEGORY:Assembly Of Balance Rank	DISPLAYLOCATION:Church

### The Blessed Bounty Of Yondalla (BBY)

ABILITYCATEGORY:CC_BBY_AC	VISIBLE:QUALIFY	EDITABLE:YES	EDITPOOL:NO	CATEGORY:CC_BBY_AC	DISPLAYNAME:The Blessed Bounty Of Yondalla Affiliation Criterion	DISPLAYLOCATION:Church
ABILITYCATEGORY:The Blessed Bounty Of Yondalla Rank	VISIBLE:QUALIFY	CATEGORY:The Blessed Bounty Of Yondalla Rank	DISPLAYLOCATION:Church

### The Brotherhood Of Equals (BE)

ABILITYCATEGORY:CC_BE_AC	VISIBLE:QUALIFY	EDITABLE:YES	EDITPOOL:NO	CATEGORY:CC_BE_AC	DISPLAYNAME:The Brotherhood Of Equals Affiliation Criterion	DISPLAYLOCATION:Church
ABILITYCATEGORY:The Brotherhood Of Equals Rank	VISIBLE:QUALIFY	CATEGORY:The Brotherhood Of Equals Rank	DISPLAYLOCATION:Church

### The Eternal Library (EL)

ABILITYCATEGORY:CC_EL_AC	VISIBLE:QUALIFY	EDITABLE:YES	EDITPOOL:NO	CATEGORY:CC_EL_AC	DISPLAYNAME:The Eternal Library Affiliation Criterion	DISPLAYLOCATION:Church
ABILITYCATEGORY:The Eternal Library Rank	VISIBLE:QUALIFY	CATEGORY:The Eternal Library Rank	DISPLAYLOCATION:Church

### Fharlanghn's Way (FW)

ABILITYCATEGORY:CC_FW_AC	VISIBLE:QUALIFY	EDITABLE:YES	EDITPOOL:NO	CATEGORY:CC_FW_AC	DISPLAYNAME:Fharlanghn's Way Affiliation Criterion	DISPLAYLOCATION:Church
ABILITYCATEGORY:Fharlanghn's Way Rank	VISIBLE:QUALIFY	CATEGORY:Fharlanghn's Way Rank	DISPLAYLOCATION:Church

### Fingers Of The Laughing Rogue (FLR)

ABILITYCATEGORY:CC_FLR_AC	VISIBLE:QUALIFY	EDITABLE:YES	EDITPOOL:NO	CATEGORY:CC_FLR_AC	DISPLAYNAME:Fingers Of The Laughing Rogue Affiliation Criterion	DISPLAYLOCATION:Church
ABILITYCATEGORY:Fingers Of The Laughing Rogue Rank	VISIBLE:QUALIFY	CATEGORY:Fingers Of The Laughing Rogue Rank	DISPLAYLOCATION:Church

### The Fist Of Valor (FV)

ABILITYCATEGORY:CC_FV_AC	VISIBLE:QUALIFY	EDITABLE:YES	EDITPOOL:NO	CATEGORY:CC_FV_AC	DISPLAYNAME:The Fist Of Valor Affiliation Criterion	DISPLAYLOCATION:Church
ABILITYCATEGORY:The Fist Of Valor Rank	VISIBLE:QUALIFY	CATEGORY:The Fist Of Valor Rank	DISPLAYLOCATION:Church

### The Mighty Arms Of Kord (MAK)

ABILITYCATEGORY:CC_MAK_AC	VISIBLE:QUALIFY	EDITABLE:YES	EDITPOOL:NO	CATEGORY:CC_MAK_AC	DISPLAYNAME:The Mighty Arms Of Kord Affiliation Criterion	DISPLAYLOCATION:Church
ABILITYCATEGORY:The Mighty Arms Of Kord Rank	VISIBLE:QUALIFY	CATEGORY:The Mighty Arms Of Kord Rank	DISPLAYLOCATION:Church

### The Ruby Temple (RT)

ABILITYCATEGORY:CC_RT_AC	VISIBLE:QUALIFY	EDITABLE:YES	EDITPOOL:NO	CATEGORY:CC_RT_AC	DISPLAYNAME:The Ruby Temple Affiliation Criterion	DISPLAYLOCATION:Church
ABILITYCATEGORY:The Ruby Temple Rank	VISIBLE:QUALIFY	CATEGORY:The Ruby Temple Rank	DISPLAYLOCATION:Church

### Scales of Balance (SB)

ABILITYCATEGORY:CC_SB_AC	VISIBLE:QUALIFY	EDITABLE:YES	EDITPOOL:NO	CATEGORY:CC_SB_AC	DISPLAYNAME:Scales of Balance Affiliation Criterion	DISPLAYLOCATION:Church
ABILITYCATEGORY:Scales of Balance Rank	VISIBLE:QUALIFY	CATEGORY:Scales of Balance Rank	DISPLAYLOCATION:Church

### The Shining Light Or Pelor (SLP)

ABILITYCATEGORY:CC_SLP_AC	VISIBLE:QUALIFY	EDITABLE:YES	EDITPOOL:NO	CATEGORY:CC_SLP_AC	DISPLAYNAME:The Shining Light Or Pelor Affiliation Criterion	DISPLAYLOCATION:Church
ABILITYCATEGORY:The Shining Light Or Pelor Rank	VISIBLE:QUALIFY	CATEGORY:The Shining Light Or Pelor Rank	DISPLAYLOCATION:Church

### The Temple Of True Aim (TTA)

ABILITYCATEGORY:CC_TTA_AC	VISIBLE:QUALIFY	EDITABLE:YES	EDITPOOL:NO	CATEGORY:CC_TTA_AC	DISPLAYNAME:The Temple Of True Aim Affiliation Criterion	DISPLAYLOCATION:Church
ABILITYCATEGORY:The Temple Of True Aim Rank	VISIBLE:QUALIFY	CATEGORY:The Temple Of True Aim Rank	DISPLAYLOCATION:Church

### The Temple Of The Twinkling Eye (TTE)

ABILITYCATEGORY:CC_TTE_AC	VISIBLE:QUALIFY	EDITABLE:YES	EDITPOOL:NO	CATEGORY:CC_TTE_AC	DISPLAYNAME:The Temple Of The Twinkling Eye Affiliation Criterion	DISPLAYLOCATION:Church
ABILITYCATEGORY:The Temple Of The Twinkling Eye Rank	VISIBLE:QUALIFY	CATEGORY:The Temple Of The Twinkling Eye Rank	DISPLAYLOCATION:Church

