
# Fist of the Forest	Completed
CLASS:Fist of the Forest	HD:10	MAXLEVEL:3	TYPE:Prestige	SOURCEPAGE:p.80	DEFINE:FistoftheForestLVL|0	BONUS:VAR|FistoftheForestLVL|CL
CLASS:Fist of the Forest	BONUS:COMBAT|BASEAB|classlevel("APPLIEDAS=NONEPIC")
CLASS:Fist of the Forest	BONUS:SAVE|BASE.Fortitude|classlevel("APPLIEDAS=NONEPIC")/2+2
CLASS:Fist of the Forest	BONUS:SAVE|BASE.Reflex|classlevel("APPLIEDAS=NONEPIC")/2+2
CLASS:Fist of the Forest	BONUS:SAVE|BASE.Will|classlevel("APPLIEDAS=NONEPIC")/3
CLASS:Fist of the Forest	PRETOTALAB:4	PRESKILL:2,Handle Animal=4,Survival=4	PREFEAT:3,Great Fortitude,Improved Unarmed Strike,Power Attack	PRETEXT:Base Attack Bonus: +4. Skills: Handle Animal 4 ranks, Survival 4 ranks. Feats: Great Fortitude, Improved Unarmed Strike, Power Attack. Special: Must gain approval as a fist of the forest by the leaders of a band of Guardians of the Green, then adopt the lifestyle of an animal (see Primal Living, below).
CLASS:Fist of the Forest	STARTSKILLPTS:2	CSKILL:Balance|Climb|Handle Animal|Intimidate|Jump|Listen|Move Silently|Sense Motive|Spot|Survival|Swim
###Block
1	ABILITY:Fist of the Forest Class Feature|AUTOMATIC|Fist of the Forest ~ AC Bonus		
1	ABILITY:Fist of the Forest Class Feature|AUTOMATIC|Fist of the Forest ~ Fast Movement	
1	ABILITY:Fist of the Forest Class Feature|AUTOMATIC|Fist of the Forest ~ Feral Trance	
1	ABILITY:Fist of the Forest Class Feature|AUTOMATIC|Fist of the Forest ~ Primal Living	
1	ABILITY:Fist of the Forest Class Feature|AUTOMATIC|Fist of the Forest ~ Unarmed Damage	
2	ABILITY:Fist of the Forest Class Feature|AUTOMATIC|Fist of the Forest ~ Uncanny Dodge	
2	ABILITY:Fist of the Forest Class Feature|AUTOMATIC|Fist of the Forest ~ Untamed Strike	
3	ABILITY:Fist of the Forest Class Feature|AUTOMATIC|Fist of the Forest ~ Scent		




CLASS:Forest Reeve	HD:	MAXLEVEL:NOLIMIT	TYPE:Prestige	SOURCEPAGE:p.	DEFINE:ForestReeveLVL|0	BONUS:VAR|ForestReeveLVL|CL
CLASS:Forest Reeve	BONUS:COMBAT|BASEAB|classlevel("APPLIEDAS=NONEPIC")|PREVAREQ:UseFractionalBAB,0	
CLASS:Forest Reeve	BONUS:VAR|ClassBABPoor|classlevel("APPLIEDAS=NONEPIC")|PREVAREQ:UseFractionalBAB,1
		BONUS:VAR|ClassBABModerate|classlevel("APPLIEDAS=NONEPIC")|PREVAREQ:UseFractionalBAB,1	
CLASS:Forest Reeve	BONUS:SAVE|BASE.Fortitude|classlevel("APPLIEDAS=NONEPIC")
CLASS:Forest Reeve	BONUS:SAVE|BASE.Reflex|classlevel("APPLIEDAS=NONEPIC")
CLASS:Forest Reeve	BONUS:SAVE|BASE.Will|classlevel("APPLIEDAS=NONEPIC")

CLASS:Forest Reeve	PRETEXT:
CLASS:Forest Reeve	STARTSKILLPTS:	CSKILL:
CLASS:Forest Reeve	BONUS:CASTERLEVEL|Forest Reeve|CL	SPELLSTAT:	MEMORIZE:
	ADD:SPELLCASTER|
	ABILITY:Forest Reeve Class Feature|AUTOMATIC|

CLASS:Holt Warden	HD:	MAXLEVEL:NOLIMIT	TYPE:Prestige	SOURCEPAGE:p.	DEFINE:HoltWardenLVL|0	BONUS:VAR|HoltWardenLVL|CL
CLASS:Holt Warden	BONUS:COMBAT|BASEAB|classlevel("APPLIEDAS=NONEPIC")|PREVAREQ:UseFractionalBAB,0	
CLASS:Holt Warden	BONUS:VAR|ClassBABPoor|classlevel("APPLIEDAS=NONEPIC")|PREVAREQ:UseFractionalBAB,1
		BONUS:VAR|ClassBABModerate|classlevel("APPLIEDAS=NONEPIC")|PREVAREQ:UseFractionalBAB,1	
CLASS:Holt Warden	BONUS:SAVE|BASE.Fortitude|classlevel("APPLIEDAS=NONEPIC")
CLASS:Holt Warden	BONUS:SAVE|BASE.Reflex|classlevel("APPLIEDAS=NONEPIC")
CLASS:Holt Warden	BONUS:SAVE|BASE.Will|classlevel("APPLIEDAS=NONEPIC")

CLASS:Holt Warden	PRETEXT:
CLASS:Holt Warden	STARTSKILLPTS:	CSKILL:
CLASS:Holt Warden	BONUS:CASTERLEVEL|Holt Warden|CL	SPELLSTAT:	MEMORIZE:
	ADD:SPELLCASTER|
	ABILITY:Holt Warden Class Feature|AUTOMATIC|

CLASS:Mythic Examplar	HD:	MAXLEVEL:NOLIMIT	TYPE:Prestige	SOURCEPAGE:p.	DEFINE:MythicExamplarLVL|0	BONUS:VAR|MythicExamplarLVL|CL
CLASS:Mythic Examplar	BONUS:COMBAT|BASEAB|classlevel("APPLIEDAS=NONEPIC")|PREVAREQ:UseFractionalBAB,0	
CLASS:Mythic Examplar	BONUS:VAR|ClassBABPoor|classlevel("APPLIEDAS=NONEPIC")|PREVAREQ:UseFractionalBAB,1
		BONUS:VAR|ClassBABModerate|classlevel("APPLIEDAS=NONEPIC")|PREVAREQ:UseFractionalBAB,1	
CLASS:Mythic Examplar	BONUS:SAVE|BASE.Fortitude|classlevel("APPLIEDAS=NONEPIC")
CLASS:Mythic Examplar	BONUS:SAVE|BASE.Reflex|classlevel("APPLIEDAS=NONEPIC")
CLASS:Mythic Examplar	BONUS:SAVE|BASE.Will|classlevel("APPLIEDAS=NONEPIC")

CLASS:Mythic Examplar	PRETEXT:
CLASS:Mythic Examplar	STARTSKILLPTS:	CSKILL:
CLASS:Mythic Examplar	BONUS:CASTERLEVEL|Mythic Examplar|CL	SPELLSTAT:	MEMORIZE:
	ADD:SPELLCASTER|
	ABILITY:Mythic Examplar Class Feature|AUTOMATIC|

CLASS:Ordained Champion	HD:	MAXLEVEL:NOLIMIT	TYPE:Prestige	SOURCEPAGE:p.	DEFINE:OrdainedChampionLVL|0	BONUS:VAR|OrdainedChampionLVL|CL
CLASS:Ordained Champion	BONUS:COMBAT|BASEAB|classlevel("APPLIEDAS=NONEPIC")|PREVAREQ:UseFractionalBAB,0	
CLASS:Ordained Champion	BONUS:VAR|ClassBABPoor|classlevel("APPLIEDAS=NONEPIC")|PREVAREQ:UseFractionalBAB,1
		BONUS:VAR|ClassBABModerate|classlevel("APPLIEDAS=NONEPIC")|PREVAREQ:UseFractionalBAB,1	
CLASS:Ordained Champion	BONUS:SAVE|BASE.Fortitude|classlevel("APPLIEDAS=NONEPIC")
CLASS:Ordained Champion	BONUS:SAVE|BASE.Reflex|classlevel("APPLIEDAS=NONEPIC")
CLASS:Ordained Champion	BONUS:SAVE|BASE.Will|classlevel("APPLIEDAS=NONEPIC")

CLASS:Ordained Champion	PRETEXT:
CLASS:Ordained Champion	STARTSKILLPTS:	CSKILL:
CLASS:Ordained Champion	BONUS:CASTERLEVEL|Ordained Champion|CL	SPELLSTAT:	MEMORIZE:
	ADD:SPELLCASTER|
	ABILITY:Ordained Champion Class Feature|AUTOMATIC|

CLASS:Paragnostic Apostle	HD:	MAXLEVEL:NOLIMIT	TYPE:Prestige	SOURCEPAGE:p.	DEFINE:ParagnosticApostleLVL|0	BONUS:VAR|ParagnosticApostleLVL|CL
CLASS:Paragnostic Apostle	BONUS:COMBAT|BASEAB|classlevel("APPLIEDAS=NONEPIC")|PREVAREQ:UseFractionalBAB,0	
CLASS:Paragnostic Apostle	BONUS:VAR|ClassBABPoor|classlevel("APPLIEDAS=NONEPIC")|PREVAREQ:UseFractionalBAB,1
		BONUS:VAR|ClassBABModerate|classlevel("APPLIEDAS=NONEPIC")|PREVAREQ:UseFractionalBAB,1	
CLASS:Paragnostic Apostle	BONUS:SAVE|BASE.Fortitude|classlevel("APPLIEDAS=NONEPIC")
CLASS:Paragnostic Apostle	BONUS:SAVE|BASE.Reflex|classlevel("APPLIEDAS=NONEPIC")
CLASS:Paragnostic Apostle	BONUS:SAVE|BASE.Will|classlevel("APPLIEDAS=NONEPIC")

CLASS:Paragnostic Apostle	PRETEXT:
CLASS:Paragnostic Apostle	STARTSKILLPTS:	CSKILL:
CLASS:Paragnostic Apostle	BONUS:CASTERLEVEL|Paragnostic Apostle|CL	SPELLSTAT:	MEMORIZE:
	ADD:SPELLCASTER|
	ABILITY:Paragnostic Apostle Class Feature|AUTOMATIC|

CLASS:Paragnostic Initiate	HD:	MAXLEVEL:NOLIMIT	TYPE:Prestige	SOURCEPAGE:p.	DEFINE:ParagnosticInitiateLVL|0	BONUS:VAR|ParagnosticInitiateLVL|CL
CLASS:Paragnostic Initiate	BONUS:COMBAT|BASEAB|classlevel("APPLIEDAS=NONEPIC")|PREVAREQ:UseFractionalBAB,0	
CLASS:Paragnostic Initiate	BONUS:VAR|ClassBABPoor|classlevel("APPLIEDAS=NONEPIC")|PREVAREQ:UseFractionalBAB,1
		BONUS:VAR|ClassBABModerate|classlevel("APPLIEDAS=NONEPIC")|PREVAREQ:UseFractionalBAB,1	
CLASS:Paragnostic Initiate	BONUS:SAVE|BASE.Fortitude|classlevel("APPLIEDAS=NONEPIC")
CLASS:Paragnostic Initiate	BONUS:SAVE|BASE.Reflex|classlevel("APPLIEDAS=NONEPIC")
CLASS:Paragnostic Initiate	BONUS:SAVE|BASE.Will|classlevel("APPLIEDAS=NONEPIC")

CLASS:Paragnostic Initiate	PRETEXT:
CLASS:Paragnostic Initiate	STARTSKILLPTS:	CSKILL:
CLASS:Paragnostic Initiate	BONUS:CASTERLEVEL|Paragnostic Initiate|CL	SPELLSTAT:	MEMORIZE:
	ADD:SPELLCASTER|
	ABILITY:Paragnostic Initiate Class Feature|AUTOMATIC|

CLASS:Sanctified One	HD:	MAXLEVEL:NOLIMIT	TYPE:Prestige	SOURCEPAGE:p.	DEFINE:SanctifiedOneLVL|0	BONUS:VAR|SanctifiedOneLVL|CL
CLASS:Sanctified One	BONUS:COMBAT|BASEAB|classlevel("APPLIEDAS=NONEPIC")|PREVAREQ:UseFractionalBAB,0	
CLASS:Sanctified One	BONUS:VAR|ClassBABPoor|classlevel("APPLIEDAS=NONEPIC")|PREVAREQ:UseFractionalBAB,1
		BONUS:VAR|ClassBABModerate|classlevel("APPLIEDAS=NONEPIC")|PREVAREQ:UseFractionalBAB,1	
CLASS:Sanctified One	BONUS:SAVE|BASE.Fortitude|classlevel("APPLIEDAS=NONEPIC")
CLASS:Sanctified One	BONUS:SAVE|BASE.Reflex|classlevel("APPLIEDAS=NONEPIC")
CLASS:Sanctified One	BONUS:SAVE|BASE.Will|classlevel("APPLIEDAS=NONEPIC")

CLASS:Sanctified One	PRETEXT:
CLASS:Sanctified One	STARTSKILLPTS:	CSKILL:
CLASS:Sanctified One	BONUS:CASTERLEVEL|Sanctified One|CL	SPELLSTAT:	MEMORIZE:
	ADD:SPELLCASTER|
	ABILITY:Sanctified One Class Feature|AUTOMATIC|

CLASS:Shadowspy	HD:	MAXLEVEL:NOLIMIT	TYPE:Prestige	SOURCEPAGE:p.	DEFINE:ShadowspyLVL|0	BONUS:VAR|ShadowspyLVL|CL
CLASS:Shadowspy	BONUS:COMBAT|BASEAB|classlevel("APPLIEDAS=NONEPIC")|PREVAREQ:UseFractionalBAB,0	
CLASS:Shadowspy	BONUS:VAR|ClassBABPoor|classlevel("APPLIEDAS=NONEPIC")|PREVAREQ:UseFractionalBAB,1
		BONUS:VAR|ClassBABModerate|classlevel("APPLIEDAS=NONEPIC")|PREVAREQ:UseFractionalBAB,1	
CLASS:Shadowspy	BONUS:SAVE|BASE.Fortitude|classlevel("APPLIEDAS=NONEPIC")
CLASS:Shadowspy	BONUS:SAVE|BASE.Reflex|classlevel("APPLIEDAS=NONEPIC")
CLASS:Shadowspy	BONUS:SAVE|BASE.Will|classlevel("APPLIEDAS=NONEPIC")

CLASS:Shadowspy	PRETEXT:
CLASS:Shadowspy	STARTSKILLPTS:	CSKILL:
CLASS:Shadowspy	BONUS:CASTERLEVEL|Shadowspy|CL	SPELLSTAT:	MEMORIZE:
	ADD:SPELLCASTER|
	ABILITY:Shadowspy Class Feature|AUTOMATIC|

CLASS:Shadowstriker	HD:	MAXLEVEL:NOLIMIT	TYPE:Prestige	SOURCEPAGE:p.	DEFINE:ShadowstrikerLVL|0	BONUS:VAR|ShadowstrikerLVL|CL
CLASS:Shadowstriker	BONUS:COMBAT|BASEAB|classlevel("APPLIEDAS=NONEPIC")|PREVAREQ:UseFractionalBAB,0	
CLASS:Shadowstriker	BONUS:VAR|ClassBABPoor|classlevel("APPLIEDAS=NONEPIC")|PREVAREQ:UseFractionalBAB,1
		BONUS:VAR|ClassBABModerate|classlevel("APPLIEDAS=NONEPIC")|PREVAREQ:UseFractionalBAB,1	
CLASS:Shadowstriker	BONUS:SAVE|BASE.Fortitude|classlevel("APPLIEDAS=NONEPIC")
CLASS:Shadowstriker	BONUS:SAVE|BASE.Reflex|classlevel("APPLIEDAS=NONEPIC")
CLASS:Shadowstriker	BONUS:SAVE|BASE.Will|classlevel("APPLIEDAS=NONEPIC")

CLASS:Shadowstriker	PRETEXT:
CLASS:Shadowstriker	STARTSKILLPTS:	CSKILL:
CLASS:Shadowstriker	BONUS:CASTERLEVEL|Shadowstriker|CL	SPELLSTAT:	MEMORIZE:
	ADD:SPELLCASTER|
	ABILITY:Shadowstriker Class Feature|AUTOMATIC|

CLASS:Squire of Legend	HD:8	MAXLEVEL:3	TYPE:Prestige	SOURCEPAGE:p.110	DEFINE:SquireofLegendLVL|0	BONUS:VAR|SquireofLegendLVL|CL
CLASS:Squire of Legend	BONUS:COMBAT|BASEAB|classlevel("APPLIEDAS=NONEPIC")*3/4|PREVAREQ:UseFractionalBAB,0	
CLASS:Squire of Legend	BONUS:VAR|ClassBABModerate|classlevel("APPLIEDAS=NONEPIC")|PREVAREQ:UseFractionalBAB,1	
CLASS:Squire of Legend	BONUS:SAVE|BASE.Fortitude|classlevel("APPLIEDAS=NONEPIC")/3
CLASS:Squire of Legend	BONUS:SAVE|BASE.Reflex|classlevel("APPLIEDAS=NONEPIC")/3
CLASS:Squire of Legend	BONUS:SAVE|BASE.Will|classlevel("APPLIEDAS=NONEPIC")/3
CLASS:Squire of Legend	PRETEXT:Skills: Knowledge (history) 3 ranks and any one of the following: Diplomacy 7 ranks, Intimidate 7 ranks, Knowledge (arcana) 7 ranks, Knowledge (religion) 7 ranks, or Move Silently 7 ranks. Special: Must be a member of the Disciples of Legend.	PRESKILL:1,Knowledge (History)	PRESKILL:1,Diplomacy=7,Intimidate=7,Knowledge (arcana)=7 ranks,Knowledge (religion)=7,Move Silently=7
CLASS:Squire of Legend	STARTSKILLPTS:6	CSKILL:Appraise|Bluff|Climb|Concentration|Craft|Diplomacy|Escape Artist|Gather Information|Handle Animal|Heal|Jump|Knowledge (arcana)|Knowledge (nobility and royalty)|Knowledge (religion)|Listen|Perform|Ride|Search|Sense Motive|Spot|Swim
2	ADD:SPELLCASTER|ANY
3	ADD:SPELLCASTER|ANY
###Block
	ABILITY:Squire of Legend Class Feature|AUTOMATIC|
