# CVS $Revision: $ $Author: $ -- Mon Jul 20 11:53:44 2015 -- reformated by PCGen PrettyLST v6.05.01



# Equipment Name						Unique Key					Required Weapon Proficiency		Required Armor Proficiency			Type															Alt Type													Contains			Cost		Weight	AC Penalty Check	Base Item for EQMOD		Crit Mult	Crit Range	Alt Crit Mult	Damage	Alt Damage		Modifier															Alt EQModifier					Wield Category	Maximum DEX Bonus	Requires Modification?	Range		Size		Source Page		% of Spell Failure	Ability								Innate Spells														Combat bonus				Multiply base move		Save bonus								Stat bonus											Modify VAR								Special Property																							Special ABility		Auto Language
Breastplate of Kaltar																	PROFICIENCY:ARMOR|Breastplate of Kaltar	TYPE:Magic.Armor.Medium.Suit.Metal.Specific																										COST:25200	WT:30		ACCHECK:-4		BASEITEM:Breastplate														EQMOD:PLUS1A.Undead Controlling																					MAXDEX:3										SOURCEPAGE:p.p.63	SPELLFAILURE:25																											BONUS:COMBAT|AC|5|TYPE=Armor
Holoran's Chainmail																	PROFICIENCY:ARMOR|Holoran's Chainmail	TYPE:Magic.Armor.Medium.Suit.Metal.Specific																										COST:11150	WT:40		ACCHECK:-4		BASEITEM:Chainmail														EQMOD:PLUS2A																								MAXDEX:2										SOURCEPAGE:p.p.63	SPELLFAILURE:30																											BONUS:COMBAT|AC|6|TYPE=Armor

# Weapons
Banisher of Nightmares											PROFICIENCY:WEAPON|Sword (Short)								TYPE:Weapon.Martial.Melee.Piercing.Standard.Metal.Sword.Magic.Specific																								WT:3					BASEITEM:Sword (Short)		CRITMULT:x2	CRITRANGE:2				DAMAGE:1d6				EQMOD:Bane (Weapon/Melee)|Undead.PLUS1W																	WIELD:Light											SIZE:M	SOURCEPAGE:p.65
Bonecrushers (Arrow)																								TYPE:Ammunition.Standard.Wooden.Arrow.Magic.Specific																											WT:0.15				BASEITEM:Arrow															EQMOD:Bane (Ammunition)|Undead.PLUS1W																															SOURCEPAGE:p.65
Bonecrushers (Bolt)																								TYPE:Ammunition.Standard.Wooden.Bolt.Magic.Specific																											WT:0.1					BASEITEM:Bolt (Crossbow)													EQMOD:Bane (Ammunition)|Undead.PLUS1W																															SOURCEPAGE:p.65
Bone Sword													PROFICIENCY:WEAPON|Longsword									TYPE:Weapon.Martial.Melee.Slashing.Standard.Metal.Sword.Longsword.Magic.Specific																				COST:10	WT:4					BASEITEM:Longsword		CRITMULT:x2	CRITRANGE:2				DAMAGE:1d8				EQMOD:Ghost Bane.PLUS1W																				WIELD:OneHanded										SIZE:M	SOURCEPAGE:p.65
Crash														PROFICIENCY:WEAPON|Trident									TYPE:Weapon.Martial.Melee.Ranged.Piercing.Standard.Thrown.Metal.Trident.Magic.Specific																			COST:4015	WT:5					BASEITEM:Trident			CRITMULT:x2	CRITRANGE:1				DAMAGE:1d8				EQMOD:BNS_ENHC_AB|WIS=2.Frost (Weapon/Melee).PLUS1W															WIELD:OneHanded								RANGE:10	SIZE:M	SOURCEPAGE:p.65
Due Process													PROFICIENCY:WEAPON|Longsword									TYPE:Weapon.Martial.Melee.Slashing.Standard.Metal.Sword.Longsword.Magic.Specific																				COST:5015	WT:4					BASEITEM:Longsword		CRITMULT:x2	CRITRANGE:2				DAMAGE:1d8				EQMOD:Anarchic (Weapon/Melee).PLUS2W																															SOURCEPAGE:p.65														SPELLS:Due Process|TIMES=1|Protection from Chaos
Fate of the Undevoured											PROFICIENCY:WEAPON|Scimitar									TYPE:Weapon.Martial.Melee.Slashing.Standard.Metal.Sword.Magic.Specific																								WT:4					BASEITEM:Scimitar			CRITMULT:x2	CRITRANGE:3				DAMAGE:1d6				EQMOD:Bane (Weapon/Melee)|Undead.PLUS1W																	WIELD:OneHanded										SIZE:M	SOURCEPAGE:p.65
First Thaw													PROFICIENCY:WEAPON|Quarterstaff								TYPE:Weapon.Simple.Melee.Bludgeoning.Standard.Double.Wooden.Quarterstaff.Magic.Specific	ALTTYPE:Weapon.Simple.Melee.Bludgeoning.Standard.Wooden.Quarterstaff.Magic.Specific					COST:-20100	WT:4					BASEITEM:Quarterstaff		CRITMULT:x2	CRITRANGE:1	ALTCRITMULT:x2	DAMAGE:1d6	ALTDAMAGE:1d6	EQMOD:Frost (Weapon/Melee).PLUS1W											ALTEQMOD:Frost (Weapon/Melee).PLUS1W	WIELD:TwoHanded										SIZE:M	SOURCEPAGE:p.65																																																																																																SAB:Cold Resistance 5
Kihanam's Mace												PROFICIENCY:WEAPON|Mace (Heavy)								TYPE:Weapon.Simple.Melee.Bludgeoning.Standard.Metal.Mace.Magic.Specific																						COST:12	WT:12					BASEITEM:Mace (Heavy)		CRITMULT:x2	CRITRANGE:1				DAMAGE:1d8				EQMOD:PLUS2W.Tortuous I																				WIELD:OneHanded										SIZE:M	SOURCEPAGE:p.65
Kisses of Traagash																								TYPE:Ammunition.Standard.Wooden.Arrow.Magic.Specific																											WT:0.15				BASEITEM:Arrow															EQMOD:Ghost Bane.PLUS1W																																		SOURCEPAGE:p.66
Mace of Undead Prowess											PROFICIENCY:WEAPON|Mace (Heavy)								TYPE:Weapon.Simple.Melee.Bludgeoning.Standard.Metal.Mace.Magic.Specific																						COST:5512	WT:12					BASEITEM:Mace (Heavy)		CRITMULT:x2	CRITRANGE:1				DAMAGE:1d8				EQMOD:PLUS1W																					WIELD:OneHanded										SIZE:M	SOURCEPAGE:p.66																																																														BONUS:VAR|TurnLevelUndead|2
Maladur's Warhammer											PROFICIENCY:WEAPON|Warhammer									TYPE:Weapon.Martial.Melee.Bludgeoning.Standard.Metal.Hammer.Magic.Specific																					COST:3612	WT:8					BASEITEM:Warhammer		CRITMULT:x3	CRITRANGE:1				DAMAGE:1d8				EQMOD:Disruption.PLUS2W																				WIELD:OneHanded										SIZE:M	SOURCEPAGE:p.66														SPELLS:Maladurs Warhammer|TIMES=1|Detect Undead
Oathkeeper													PROFICIENCY:WEAPON|Warhammer									TYPE:Weapon.Martial.Melee.Bludgeoning.Standard.Metal.Hammer.Magic.Specific																					COST:11012	WT:8					BASEITEM:Warhammer		CRITMULT:x3	CRITRANGE:1				DAMAGE:1d8				EQMOD:PLUS1W.Thundering (Weapon/Melee)																	WIELD:OneHanded										SIZE:M	SOURCEPAGE:p.66														SPELLS:Oathkeeper|TIMES=1|Discern Lies
Paladincutter												PROFICIENCY:WEAPON|Greataxe									TYPE:Weapon.Martial.Melee.Slashing.Standard.Metal.Axe.Magic.Specific																						COST:20	WT:20					BASEITEM:Greataxe			CRITMULT:x3	CRITRANGE:1				DAMAGE:1d12				EQMOD:Keen.PLUS1W.Unholy (Weapon/Melee)																	WIELD:TwoHanded										SIZE:M	SOURCEPAGE:p.66
Patient Lesson												PROFICIENCY:WEAPON|Quarterstaff								TYPE:Weapon.Simple.Melee.Bludgeoning.Standard.Double.Wooden.Quarterstaff.Magic.Specific	ALTTYPE:Weapon.Simple.Melee.Bludgeoning.Standard.Wooden.Quarterstaff.Magic.Specific					COST:-20700	WT:4					BASEITEM:Quarterstaff		CRITMULT:x2	CRITRANGE:1	ALTCRITMULT:x2	DAMAGE:1d6	ALTDAMAGE:1d6	EQMOD:Merciful (Weapon/Melee).PLUS1W										ALTEQMOD:Merciful (Weapon/Melee).PLUS1W															SOURCEPAGE:p.66
Rapid Wrath													PROFICIENCY:WEAPON|Shortspear									TYPE:Weapon.Simple.Melee.Ranged.Piercing.Standard.Thrown.Metal.Spear.Magic.Specific																				COST:3402	WT:5					BASEITEM:Shortspear		CRITMULT:x3	CRITRANGE:1				DAMAGE:1d8				EQMOD:Mighty Cleaving.PLUS1W																			WIELD:TwoHanded										SIZE:M	SOURCEPAGE:p.66																																				BONUS:MOVEMULT|TYPE.Walk|2
Sharkjaw													PROFICIENCY:WEAPON|Mace (Heavy)								TYPE:Weapon.Simple.Melee.Bludgeoning.Standard.Metal.Mace.Magic.Specific																						COST:12	WT:12					BASEITEM:Mace (Heavy)		CRITMULT:x2	CRITRANGE:1				DAMAGE:1d8				EQMOD:PLUS1W.Wounding																				WIELD:OneHanded										SIZE:M	SOURCEPAGE:p.66
Spiritwarder												PROFICIENCY:WEAPON|Sword (Short)								TYPE:Weapon.Martial.Melee.Piercing.Standard.Metal.Sword.Magic.Specific																						COST:2210	WT:3					BASEITEM:Sword (Short)		CRITMULT:x2	CRITRANGE:2				DAMAGE:1d6				EQMOD:PLUS1W																					WIELD:Light											SIZE:M	SOURCEPAGE:p.66														SPELLS:Spiritwarder|TIMES=1|Protection from Possession
War's Armor													PROFICIENCY:WEAPON|Battleaxe									TYPE:Weapon.Martial.Melee.Slashing.Standard.Metal.Axe.Magic.Specific																						COST:2010	WT:7					BASEITEM:Battleaxe		CRITMULT:x3	CRITRANGE:1				DAMAGE:1d8				EQMOD:BNS_ENHC_NAT|+1.PLUS1W																			WIELD:OneHanded										SIZE:M	SOURCEPAGE:p.66
War's Craft													PROFICIENCY:WEAPON|Flail									TYPE:Weapon.Martial.Melee.Bludgeoning.Standard.Metal.Flail.Magic.Specific																					COST:2008	WT:5					BASEITEM:Flail			CRITMULT:x2	CRITRANGE:1				DAMAGE:1d8				EQMOD:Defending.PLUS2W																				WIELD:OneHanded										SIZE:M	SOURCEPAGE:p.66					ABILITY:Internal|AUTOMATIC|TYPE=WeaponProfSimple

Oil of Animate Dead																								TYPE:Magic.Potion																															COST:1550	WT:0																																																											SOURCEPAGE:p.67
Ring of Manifesting																								TYPE:Magic.Ring																															COST:10000	WT:0																																																											SOURCEPAGE:p.67

# Arcane
# 1st level
Scroll of Bonerattle																								TYPE:Magic.Scroll.Arcane																													COST:25	WT:0.01																																																		MODS:NO							SOURCEPAGE:p.67
Scroll of Create Ectoplasm																							TYPE:Magic.Scroll.Arcane																													COST:25	WT:0.01																																																		MODS:NO							SOURCEPAGE:p.67
Scroll of Pleasant Visage																							TYPE:Magic.Scroll.Arcane																													COST:25	WT:0.01																																																		MODS:NO							SOURCEPAGE:p.67
Scroll of Protection from Possession																					TYPE:Magic.Scroll.Arcane																													COST:25	WT:0.01																																																		MODS:NO							SOURCEPAGE:p.67
Scroll of Summon Undead I																							TYPE:Magic.Scroll.Arcane																													COST:25	WT:0.01																																																		MODS:NO							SOURCEPAGE:p.67

# 2nd level
Scroll of Charm Person or Ghost																						TYPE:Magic.Scroll.Arcane																													COST:150	WT:0.01																																																		MODS:NO							SOURCEPAGE:p.67
Scroll of Death Armor																								TYPE:Magic.Scroll.Arcane																													COST:200	WT:0.01																																																		MODS:NO							SOURCEPAGE:p.67
Scroll of Disguise Undead																							TYPE:Magic.Scroll.Arcane																													COST:150	WT:0.01																																																		MODS:NO							SOURCEPAGE:p.67
Scroll of Ethereal Alarm																							TYPE:Magic.Scroll.Arcane																													COST:150	WT:0.01																																																		MODS:NO							SOURCEPAGE:p.67
Scroll of Ghost Touch Armor																							TYPE:Magic.Scroll.Arcane																													COST:150	WT:0.01																																																		MODS:NO							SOURCEPAGE:p.67
Scroll of Hail of Ectoplasm																							TYPE:Magic.Scroll.Arcane																													COST:150	WT:0.01																																																		MODS:NO							SOURCEPAGE:p.67
Scroll of Shroud of Undeath																							TYPE:Magic.Scroll.Arcane																													COST:150	WT:0.01																																																		MODS:NO							SOURCEPAGE:p.67
Scroll of Stone Bones																								TYPE:Magic.Scroll.Arcane																													COST:150	WT:0.01																																																		MODS:NO							SOURCEPAGE:p.67
Scroll of Summon Undead II																							TYPE:Magic.Scroll.Arcane																													COST:150	WT:0.01																																																		MODS:NO							SOURCEPAGE:p.67

# 3rd level
Scroll of Delay Manifestation																							TYPE:Magic.Scroll.Arcane																													COST:375	WT:0.01																																																		MODS:NO							SOURCEPAGE:p.67
Scroll of Ectoplasmic Delay																							TYPE:Magic.Scroll.Arcane																													COST:375	WT:0.01																																																		MODS:NO							SOURCEPAGE:p.67
Scroll of Ectoplasmic Web																							TYPE:Magic.Scroll.Arcane																													COST:375	WT:0.01																																																		MODS:NO							SOURCEPAGE:p.67
Scroll of Forced Incorporeality																						TYPE:Magic.Scroll.Arcane																													COST:375	WT:0.01																																																		MODS:NO							SOURCEPAGE:p.67
Scroll of Forced Manifestation																						TYPE:Magic.Scroll.Arcane																													COST:375	WT:0.01																																																		MODS:NO							SOURCEPAGE:p.67
Scroll of Ghost Companion																							TYPE:Magic.Scroll.Arcane																													COST:375	WT:0.01																																																		MODS:NO							SOURCEPAGE:p.67
Scroll of Persuade to Manifest																						TYPE:Magic.Scroll.Arcane																													COST:375	WT:0.01																																																		MODS:NO							SOURCEPAGE:p.67
Scroll of Summon Undead III																							TYPE:Magic.Scroll.Arcane																													COST:375	WT:0.01																																																		MODS:NO							SOURCEPAGE:p.67
Scroll of Undead Torch																								TYPE:Magic.Scroll.Arcane																													COST:375	WT:0.01																																																		MODS:NO							SOURCEPAGE:p.67
Scroll of Wall of Ectoplasm																							TYPE:Magic.Scroll.Arcane																													COST:375	WT:0.01																																																		MODS:NO							SOURCEPAGE:p.67

# 4th level
Scroll of Death Lock																								TYPE:Magic.Scroll.Arcane																													COST:700	WT:0.01																																																		MODS:NO							SOURCEPAGE:p.67
Scroll of Ghost Bane Weapon																							TYPE:Magic.Scroll.Arcane																													COST:700	WT:0.01																																																		MODS:NO							SOURCEPAGE:p.67
Scroll of Ghost Lock																								TYPE:Magic.Scroll.Arcane																													COST:700	WT:0.01																																																		MODS:NO							SOURCEPAGE:p.67
Scroll of Hold Person or Ghost																						TYPE:Magic.Scroll.Arcane																													COST:700	WT:0.01																																																		MODS:NO							SOURCEPAGE:p.67
Scroll of Iron Bones																								TYPE:Magic.Scroll.Arcane																													COST:700	WT:0.01																																																		MODS:NO							SOURCEPAGE:p.67
Scroll of Summon Undead IV																							TYPE:Magic.Scroll.Arcane																													COST:700	WT:0.01																																																		MODS:NO							SOURCEPAGE:p.67

# 5th level
Scroll of Dispel Possession																							TYPE:Magic.Scroll.Arcane																													COST:1126	WT:0.01																																																		MODS:NO							SOURCEPAGE:p.68
Scroll of Summon Undead V																							TYPE:Magic.Scroll.Arcane																													COST:1125	WT:0.01																																																		MODS:NO							SOURCEPAGE:p.68

# 6th level
Scroll of Anti-Ectoplasm Shell																						TYPE:Magic.Scroll.Arcane																													COST:1650	WT:0.01																																																		MODS:NO							SOURCEPAGE:p.68
Scroll of Contingent Spell Lock																						TYPE:Magic.Scroll.Arcane																													COST:1650	WT:0.01																																																		MODS:NO							SOURCEPAGE:p.68
Scroll of Dominate Person or Ghost																						TYPE:Magic.Scroll.Arcane																													COST:1650	WT:0.01																																																		MODS:NO							SOURCEPAGE:p.68
Scroll of Repel Ectoplasm																							TYPE:Magic.Scroll.Arcane																													COST:1650	WT:0.01																																																		MODS:NO							SOURCEPAGE:p.68
Scroll of Sherem Transformation																						TYPE:Magic.Scroll.Arcane																													COST:1800	WT:0.01																																																		MODS:NO							SOURCEPAGE:p.68
Scroll of Undeath to Death																							TYPE:Magic.Scroll.Arcane																													COST:2150	WT:0.01																																																		MODS:NO							SOURCEPAGE:p.68

# Divine
# 1st level
Scroll of Camouflage																								TYPE:Magic.Scroll.Divine																													COST:25	WT:0.01																																																		MODS:NO							SOURCEPAGE:p.68
Scroll of Create Ectoplasm																							TYPE:Magic.Scroll.Divine																													COST:25	WT:0.01																																																		MODS:NO							SOURCEPAGE:p.68
Scroll of Painless Death																							TYPE:Magic.Scroll.Divine																													COST:25	WT:0.01																																																		MODS:NO							SOURCEPAGE:p.68
Scroll of Pleasant Visage																							TYPE:Magic.Scroll.Divine																													COST:25	WT:0.01																																																		MODS:NO							SOURCEPAGE:p.68
Scroll of Protection from Possession																					TYPE:Magic.Scroll.Divine																													COST:25	WT:0.01																																																		MODS:NO							SOURCEPAGE:p.68
Scroll of Spittle Spray																								TYPE:Magic.Scroll.Divine																													COST:25	WT:0.01																																																		MODS:NO							SOURCEPAGE:p.68

# 2nd level
Scroll of Black Lungs																								TYPE:Magic.Scroll.Divine																													COST:150	WT:0.01																																																		MODS:NO							SOURCEPAGE:p.68
Scroll of Delay Manifestation																							TYPE:Magic.Scroll.Divine																													COST:150	WT:0.01																																																		MODS:NO							SOURCEPAGE:p.68
Scroll of Ghost Lock																								TYPE:Magic.Scroll.Divine																													COST:150	WT:0.01																																																		MODS:NO							SOURCEPAGE:p.68
Scroll of Ghost Touch Armor																							TYPE:Magic.Scroll.Divine																													COST:150	WT:0.01																																																		MODS:NO							SOURCEPAGE:p.68
Scroll of Stone Bones																								TYPE:Magic.Scroll.Divine																													COST:150	WT:0.01																																																		MODS:NO							SOURCEPAGE:p.68

# 3rd level
Scroll of Blessing of the Deity																						TYPE:Magic.Scroll.Divine																													COST:375	WT:0.01																																																		MODS:NO							SOURCEPAGE:p.68
Scroll of Death Lock																								TYPE:Magic.Scroll.Divine																													COST:375	WT:0.01																																																		MODS:NO							SOURCEPAGE:p.68
Scroll of Forced Incorporeality																						TYPE:Magic.Scroll.Divine																													COST:375	WT:0.01																																																		MODS:NO							SOURCEPAGE:p.68
Scroll of Forced Manifestation																						TYPE:Magic.Scroll.Divine																													COST:375	WT:0.01																																																		MODS:NO							SOURCEPAGE:p.68
Scroll of Ghost Venom																								TYPE:Magic.Scroll.Divine																													COST:375	WT:0.01																																																		MODS:NO							SOURCEPAGE:p.68
Scroll of Glyph of Turning																							TYPE:Magic.Scroll.Divine																													COST:575	WT:0.01																																																		MODS:NO							SOURCEPAGE:p.68
Scroll of Hold Person or Ghost																						TYPE:Magic.Scroll.Divine																													COST:375	WT:0.01																																																		MODS:NO							SOURCEPAGE:p.68

# 4th level
Scroll of Ghost Bane Weapon																							TYPE:Magic.Scroll.Divine																													COST:700	WT:0.01																																																		MODS:NO							SOURCEPAGE:p.68
Scroll of Iron Bones																								TYPE:Magic.Scroll.Divine																													COST:700	WT:0.01																																																		MODS:NO							SOURCEPAGE:p.68
Scroll of Mass Camouflage																							TYPE:Magic.Scroll.Divine																													COST:700	WT:0.01																																																		MODS:NO							SOURCEPAGE:p.68
Scroll of Proper State																								TYPE:Magic.Scroll.Divine																													COST:700	WT:0.01																																																		MODS:NO							SOURCEPAGE:p.68
Scroll of Raise Ghost																								TYPE:Magic.Scroll.Divine																													COST:1200	WT:0.01																																																		MODS:NO							SOURCEPAGE:p.68
Scroll of Undead Bane Weapon																							TYPE:Magic.Scroll.Divine																													COST:700	WT:0.01																																																		MODS:NO							SOURCEPAGE:p.68
Scroll of Weapon of the Deity																							TYPE:Magic.Scroll.Divine																													COST:700	WT:0.01																																																		MODS:NO							SOURCEPAGE:p.68

# 5th level
Scroll of Dispel Possession																							TYPE:Magic.Scroll.Divine																													COST:1126	WT:0.01																																																		MODS:NO							SOURCEPAGE:p.68

# 6th level
Scroll of Contingent Spell Lock																						TYPE:Magic.Scroll.Divine																													COST:1650	WT:0.01																																																		MODS:NO							SOURCEPAGE:p.68
Scroll of Undeath to Death																							TYPE:Magic.Scroll.Divine																													COST:2150	WT:0.01																																																		MODS:NO							SOURCEPAGE:p.68

# 8th level
Scroll of General of Undeath																							TYPE:Magic.Scroll.Divine																													COST:3000	WT:0.01																																																		MODS:NO							SOURCEPAGE:p.68
Scroll of Repose																									TYPE:Magic.Scroll.Divine																													COST:3000	WT:0.01																																																		MODS:NO							SOURCEPAGE:p.68

# Equipment Name						Unique Key					Required Weapon Proficiency		Required Armor Proficiency			Type															Alt Type													Contains			Cost		Weight	AC Penalty Check	Base Item for EQMOD		Crit Mult	Crit Range	Alt Crit Mult	Damage	Alt Damage		Modifier															Alt EQModifier					Wield Category	Maximum DEX Bonus	Requires Modification?	Range		Size		Source Page		% of Spell Failure	Ability								Innate Spells														Combat bonus				Multiply base move		Save bonus								Stat bonus											Modify VAR								Special Property																							Special ABility		Auto Language
Staff of Bonefriend																								TYPE:Magic.Staff																															COST:17000	WT:5					BASEITEM:Staff															EQMOD:SPL_CHRG|CHARGES[50]																									MODS:NO							SOURCEPAGE:p.68																																																																							SPROP:Disguise Undead (1 charge DC 13) ~ Inflict Light Wounds (1 charge DC 11) ~ Stone Bones (1 charge DC 13) ~ Summon Undead II (2 charges)
Staff of Ectoplasm																								TYPE:Magic.Staff																															COST:20000	WT:5					BASEITEM:Staff															EQMOD:SPL_CHRG|CHARGES[50]																									MODS:NO							SOURCEPAGE:p.68																																																																							SPROP:Create Ectoplasm (1 charge) ~ Ectoplasmic Decay (2 charges DC 14) ~ Ectoplasmic Web (2 charges DC 14) ~ Hail of Ectoplasm (1 charge DC 13)
Staff of Skulls																									TYPE:Magic.Staff																															COST:39200	WT:5					BASEITEM:Staff															EQMOD:SPL_CHRG|CHARGES[50]																									MODS:NO							SOURCEPAGE:p.68																																																																							SPROP:Animate Dead (1 charge) ~ Circle of Doom (2 charges DC 17) ~ Cure Light Wounds (1 charge DC 11) ~ Inflict Light Wounds (1 charge DC 11)
Staff of Undead Slaying																								TYPE:Magic.Staff																															COST:36000	WT:5					BASEITEM:Staff															EQMOD:SPL_CHRG|CHARGES[50]																									MODS:NO							SOURCEPAGE:p.68																																																																							SPROP:Bonerattle (1 charge DC 11) ~ Undead Bane Weapon (2 charges DC 14) ~ Undeath to Death (2 charges DC 19)

# Equipment Name						Unique Key					Required Weapon Proficiency		Required Armor Proficiency			Type															Alt Type													Contains			Cost		Weight	AC Penalty Check	Base Item for EQMOD		Crit Mult	Crit Range	Alt Crit Mult	Damage	Alt Damage		Modifier															Alt EQModifier					Wield Category	Maximum DEX Bonus	Requires Modification?	Range		Size		Source Page		% of Spell Failure	Ability								Innate Spells														Combat bonus				Multiply base move		Save bonus								Stat bonus											Modify VAR								Special Property																							Special ABility		Auto Language
Wand of Detect Ghost																								TYPE:Magic.Wand																															COST:0	WT:0.01				BASEITEM:Wand															EQMOD:SPL_CHRG|SPELLNAME[Detect Ghost]SPELLLEVEL[0]CASTERLEVEL[1]CHARGES[50]																									SOURCEPAGE:p.69
Wand of Disrupt Ectoplasm																							TYPE:Magic.Wand																															COST:0	WT:0.01				BASEITEM:Wand															EQMOD:SPL_CHRG|SPELLNAME[Disrupt Ectoplasm]SPELLLEVEL[0]CASTERLEVEL[1]CHARGES[50]																								SOURCEPAGE:p.69
Wand of Preserve Ectoplasm																							TYPE:Magic.Wand																															COST:0	WT:0.01				BASEITEM:Wand															EQMOD:SPL_CHRG|SPELLNAME[Preserve Ectoplasm]SPELLLEVEL[0]CASTERLEVEL[1]CHARGES[50]																								SOURCEPAGE:p.69

Wand of Bonerattle																								TYPE:Magic.Wand																															COST:0	WT:0.01				BASEITEM:Wand															EQMOD:SPL_CHRG|SPELLNAME[Bonerattle]SPELLLEVEL[1]CASTERLEVEL[1]CHARGES[50]																									SOURCEPAGE:p.69
Wand of Camouflage																								TYPE:Magic.Wand																															COST:0	WT:0.01				BASEITEM:Wand															EQMOD:SPL_CHRG|SPELLNAME[Camouflage]SPELLLEVEL[1]CASTERLEVEL[1]CHARGES[50]																									SOURCEPAGE:p.69
Wand of Create Ectoplasm																							TYPE:Magic.Wand																															COST:0	WT:0.01				BASEITEM:Wand															EQMOD:SPL_CHRG|SPELLNAME[Create Ectoplasm]SPELLLEVEL[1]CASTERLEVEL[1]CHARGES[50]																								SOURCEPAGE:p.69
Wand of Painless Death																								TYPE:Magic.Wand																															COST:0	WT:0.01				BASEITEM:Wand															EQMOD:SPL_CHRG|SPELLNAME[Painless Death]SPELLLEVEL[1]CASTERLEVEL[1]CHARGES[50]																								SOURCEPAGE:p.69
Wand of Pleasant Visage																								TYPE:Magic.Wand																															COST:0	WT:0.01				BASEITEM:Wand															EQMOD:SPL_CHRG|SPELLNAME[Pleasant Visage]SPELLLEVEL[1]CASTERLEVEL[1]CHARGES[50]																								SOURCEPAGE:p.69
Wand of Protection from Possession																						TYPE:Magic.Wand																															COST:0	WT:0.01				BASEITEM:Wand															EQMOD:SPL_CHRG|SPELLNAME[Protection from Possession]SPELLLEVEL[1]CASTERLEVEL[1]CHARGES[50]																						SOURCEPAGE:p.69
Wand of Summon Undead I																								TYPE:Magic.Wand																															COST:0	WT:0.01				BASEITEM:Wand															EQMOD:SPL_CHRG|SPELLNAME[Summon Undead I]SPELLLEVEL[1]CASTERLEVEL[1]CHARGES[50]																								SOURCEPAGE:p.69

Wand of Black Lungs																								TYPE:Magic.Wand																															COST:0	WT:0.01				BASEITEM:Wand															EQMOD:SPL_CHRG|SPELLNAME[Black Lungs]SPELLLEVEL[2]CASTERLEVEL[3]CHARGES[50]																									SOURCEPAGE:p.69
Wand of Charm Person or Ghost																							TYPE:Magic.Wand																															COST:0	WT:0.01				BASEITEM:Wand															EQMOD:SPL_CHRG|SPELLNAME[Charm Person or Ghost]SPELLLEVEL[2]CASTERLEVEL[3]CHARGES[50]																							SOURCEPAGE:p.69
Wand of Delay Manifestation																							TYPE:Magic.Wand																															COST:0	WT:0.01				BASEITEM:Wand															EQMOD:SPL_CHRG|SPELLNAME[Delay Manifestation]SPELLLEVEL[2]CASTERLEVEL[3]CHARGES[50]																								SOURCEPAGE:p.69
Wand of Disguise Undead																								TYPE:Magic.Wand																															COST:0	WT:0.01				BASEITEM:Wand															EQMOD:SPL_CHRG|SPELLNAME[Disguise Undead]SPELLLEVEL[2]CASTERLEVEL[3]CHARGES[50]																								SOURCEPAGE:p.69
Wand of Ghost Touch Armor																							TYPE:Magic.Wand																															COST:0	WT:0.01				BASEITEM:Wand															EQMOD:SPL_CHRG|SPELLNAME[Ghost Touch Armor]SPELLLEVEL[2]CASTERLEVEL[3]CHARGES[50]																								SOURCEPAGE:p.69
Wand of Hail of Ectoplasm																							TYPE:Magic.Wand																															COST:0	WT:0.01				BASEITEM:Wand															EQMOD:SPL_CHRG|SPELLNAME[Hail of Ectoplasm]SPELLLEVEL[2]CASTERLEVEL[3]CHARGES[50]																								SOURCEPAGE:p.69
Wand of Shroud of Undeath																							TYPE:Magic.Wand																															COST:0	WT:0.01				BASEITEM:Wand															EQMOD:SPL_CHRG|SPELLNAME[Shroud of Undeath]SPELLLEVEL[2]CASTERLEVEL[3]CHARGES[50]																								SOURCEPAGE:p.69
Wand of Stone Bones																								TYPE:Magic.Wand																															COST:0	WT:0.01				BASEITEM:Wand															EQMOD:SPL_CHRG|SPELLNAME[Stone Bones]SPELLLEVEL[2]CASTERLEVEL[3]CHARGES[50]																									SOURCEPAGE:p.69
Wand of Summon Undead II																							TYPE:Magic.Wand																															COST:0	WT:0.01				BASEITEM:Wand															EQMOD:SPL_CHRG|SPELLNAME[Summon Undead II]SPELLLEVEL[2]CASTERLEVEL[3]CHARGES[50]																								SOURCEPAGE:p.69

Wand of Death Armor																								TYPE:Magic.Wand																															COST:0	WT:0.01				BASEITEM:Wand															EQMOD:SPL_CHRG|SPELLNAME[Death Armor]SPELLLEVEL[2]CASTERLEVEL[3]CHARGES[50]																									SOURCEPAGE:p.69

Wand of Blessing of the Snake Mother																					TYPE:Magic.Wand																															COST:0	WT:0.01				BASEITEM:Wand															EQMOD:SPL_CHRG|SPELLNAME[Blessing of the Snake Mother]SPELLLEVEL[3]CASTERLEVEL[5]CHARGES[50]																						SOURCEPAGE:p.69
Wand of Death Lock																								TYPE:Magic.Wand																															COST:0	WT:0.01				BASEITEM:Wand															EQMOD:SPL_CHRG|SPELLNAME[Death Lock]SPELLLEVEL[3]CASTERLEVEL[5]CHARGES[50]																									SOURCEPAGE:p.69
Wand of Ectoplasmic Decay																							TYPE:Magic.Wand																															COST:0	WT:0.01				BASEITEM:Wand															EQMOD:SPL_CHRG|SPELLNAME[Ectoplasmic Decay]SPELLLEVEL[3]CASTERLEVEL[5]CHARGES[50]																								SOURCEPAGE:p.69
Wand of Ectoplasmic Web																								TYPE:Magic.Wand																															COST:0	WT:0.01				BASEITEM:Wand															EQMOD:SPL_CHRG|SPELLNAME[Ectoplasmic Web]SPELLLEVEL[3]CASTERLEVEL[5]CHARGES[50]																								SOURCEPAGE:p.69
Wand of Forced Incorporeality																							TYPE:Magic.Wand																															COST:0	WT:0.01				BASEITEM:Wand															EQMOD:SPL_CHRG|SPELLNAME[Forced Incorporeality]SPELLLEVEL[3]CASTERLEVEL[5]CHARGES[50]																							SOURCEPAGE:p.69
Wand of Forced Manifestation																							TYPE:Magic.Wand																															COST:0	WT:0.01				BASEITEM:Wand															EQMOD:SPL_CHRG|SPELLNAME[Forced Manifestation]SPELLLEVEL[3]CASTERLEVEL[5]CHARGES[50]																							SOURCEPAGE:p.69
Wand of Ghost Venom																								TYPE:Magic.Wand																															COST:0	WT:0.01				BASEITEM:Wand															EQMOD:SPL_CHRG|SPELLNAME[Ghost VenomSPELLLEVEL[3]CASTERLEVEL[5]CHARGES[50]																									SOURCEPAGE:p.69
Wand of Hold Person or Ghost																							TYPE:Magic.Wand																															COST:0	WT:0.01				BASEITEM:Wand															EQMOD:SPL_CHRG|SPELLNAME[Hold Person or Ghost]SPELLLEVEL[3]CASTERLEVEL[5]CHARGES[50]																							SOURCEPAGE:p.69
Wand of Persuade to Manifest																							TYPE:Magic.Wand																															COST:0	WT:0.01				BASEITEM:Wand															EQMOD:SPL_CHRG|SPELLNAME[Persuade to Manifest]SPELLLEVEL[3]CASTERLEVEL[5]CHARGES[50]																							SOURCEPAGE:p.69
Wand of Summon Undead III																							TYPE:Magic.Wand																															COST:0	WT:0.01				BASEITEM:Wand															EQMOD:SPL_CHRG|SPELLNAME[Summon Undead III]SPELLLEVEL[3]CASTERLEVEL[5]CHARGES[50]																								SOURCEPAGE:p.69
Wand of Undeath to Death																							TYPE:Magic.Wand																															COST:0	WT:0.01				BASEITEM:Wand															EQMOD:SPL_CHRG|SPELLNAME[Undeath to Death]SPELLLEVEL[3]CASTERLEVEL[5]CHARGES[50]																								SOURCEPAGE:p.69
Wand of Wall of Ectoplasm																							TYPE:Magic.Wand																															COST:0	WT:0.01				BASEITEM:Wand															EQMOD:SPL_CHRG|SPELLNAME[Wall of Ectoplasm]SPELLLEVEL[3]CASTERLEVEL[5]CHARGES[50]																								SOURCEPAGE:p.69

Wand of Glyph of Turning																							TYPE:Magic.Wand																															COST:0	WT:0.01				BASEITEM:Wand															EQMOD:SPL_CHRG|SPELLNAME[Glyph of Turning]SPELLLEVEL[3]CASTERLEVEL[5]CHARGES[50]																								SOURCEPAGE:p.69

Wand of Ghost Bane Weapon																							TYPE:Magic.Wand																															COST:0	WT:0.01				BASEITEM:Wand															EQMOD:SPL_CHRG|SPELLNAME[Ghost Bane Weapon]SPELLLEVEL[4]CASTERLEVEL[7]CHARGES[50]																								SOURCEPAGE:p.69
Wand of Ghost Lock																								TYPE:Magic.Wand																															COST:0	WT:0.01				BASEITEM:Wand															EQMOD:SPL_CHRG|SPELLNAME[Ghost Lock]SPELLLEVEL[4]CASTERLEVEL[7]CHARGES[50]																									SOURCEPAGE:p.69
Wand of Iron Bones																								TYPE:Magic.Wand																															COST:0	WT:0.01				BASEITEM:Wand															EQMOD:SPL_CHRG|SPELLNAME[Iron Bones]SPELLLEVEL[4]CASTERLEVEL[7]CHARGES[50]																									SOURCEPAGE:p.69
Wand of Mass Camouflage																								TYPE:Magic.Wand																															COST:0	WT:0.01				BASEITEM:Wand															EQMOD:SPL_CHRG|SPELLNAME[Mass Camouflage]SPELLLEVEL[4]CASTERLEVEL[7]CHARGES[50]																								SOURCEPAGE:p.69
Wand of Proper State																								TYPE:Magic.Wand																															COST:0	WT:0.01				BASEITEM:Wand															EQMOD:SPL_CHRG|SPELLNAME[Proper State]SPELLLEVEL[4]CASTERLEVEL[7]CHARGES[50]																									SOURCEPAGE:p.69
Wand of Summon Undead IV																							TYPE:Magic.Wand																															COST:0	WT:0.01				BASEITEM:Wand															EQMOD:SPL_CHRG|SPELLNAME[Summon Undead IV]SPELLLEVEL[4]CASTERLEVEL[7]CHARGES[50]																								SOURCEPAGE:p.69
Wand of Undead Bane Weapon																							TYPE:Magic.Wand																															COST:0	WT:0.01				BASEITEM:Wand															EQMOD:SPL_CHRG|SPELLNAME[Undead Bane Weapon]SPELLLEVEL[4]CASTERLEVEL[7]CHARGES[50]																								SOURCEPAGE:p.69
Wand of Weapon of the Deity																							TYPE:Magic.Wand																															COST:0	WT:0.01				BASEITEM:Wand															EQMOD:SPL_CHRG|SPELLNAME[Weapon of the Deity]SPELLLEVEL[4]CASTERLEVEL[7]CHARGES[50]																								SOURCEPAGE:p.69

Wand of Raise Ghost																								TYPE:Magic.Wand																															COST:0	WT:0.01				BASEITEM:Wand															EQMOD:SPL_CHRG|SPELLNAME[Raise Ghost]SPELLLEVEL[4]CASTERLEVEL[7]CHARGES[50]																									SOURCEPAGE:p.69


# Equipment Name						Unique Key					Required Weapon Proficiency		Required Armor Proficiency			Type															Alt Type													Contains			Cost		Weight	AC Penalty Check	Base Item for EQMOD		Crit Mult	Crit Range	Alt Crit Mult	Damage	Alt Damage		Modifier															Alt EQModifier					Wield Category	Maximum DEX Bonus	Requires Modification?	Range		Size		Source Page		% of Spell Failure	Ability								Innate Spells														Combat bonus				Multiply base move		Save bonus								Stat bonus											Modify VAR								Special Property																							Special ABility		Auto Language
Blood of Orcus																									TYPE:Magic.Wondrous																														COST:3300	WT:0																																																			MODS:NO							SOURCEPAGE:p.70
Bloodsweets																										TYPE:Magic.Wondrous																														COST:50	WT:0																																																			MODS:NO							SOURCEPAGE:p.70																																																																							SPROP:Acts as Inflict Light Wounds potion
Chain of Tephaneron																								TYPE:Magic.Wondrous																														COST:9000	WT:1																																																			MODS:NO							SOURCEPAGE:p.70														SPELLS:Chain of Tephaneron|TIMES=1|Keen Edge|Magic Weapon
Chains of Shield Other																								TYPE:Magic.Wondrous																														COST:2200	WT:0.5																																																			MODS:NO							SOURCEPAGE:p.70														SPELLS:Chains of Shield Other|TIMES=1|Shield Other
Diamond Eye Circlet																								TYPE:Magic.Wondrous.Headgear																													COST:2000	WT:0																																																			MODS:NO							SOURCEPAGE:p.70														SPELLS:Diamond Eye Circlet|TIMES=ATWILL|Detect Undead
Dracanite Helm																									TYPE:Magic.Wondrous.Headgear																													COST:12000	WT:3																																																			MODS:NO							SOURCEPAGE:p.70																														BONUS:COMBAT|AC|2|TYPE=Deflection																																				SPROP:Protects from all forms of posession
Driftwood Amulet																									TYPE:Magic.Wondrous.Amulet																													COST:7400	WT:1																																																			MODS:NO							SOURCEPAGE:p.70														SPELLS:Driftwood Amulet|TIMES=1|Chill Metal																																											BONUS:VAR|ColdResistanceBonus|5|TYPE=Resistance		SPROP:Cold Resistance 5																										AUTO:LANG|Aquan
Durann's Vestment																									TYPE:Magic.Wondrous.Clothing																													COST:22000	WT:0																																																			MODS:NO							SOURCEPAGE:p.71														SPELLS:Duranns Vestment|TIMES=1|Cure Critical Wounds|Zone of Truth																																							BONUS:VAR|ColdResistanceBonus|5|TYPE=Resistance		SPROP:Can only speak the truth	SPROP:Cold Resistance 5
Feather Mask																									TYPE:Magic.Wondrous																														COST:14500	WT:0																																																			MODS:NO							SOURCEPAGE:p.71														SPELLS:Feather Mask|TIMES=1|Summon Nature's Ally IV	SPELLS:FeatherMask|TIMES=ATWILL|Feather Fall																																										SPROP:Summon Nature's Ally can only be used to summon a giant raven
Figurine of Wondrous Power (Bone Ape)																					TYPE:Magic.Wondrous																														COST:10000	WT:0																																																			MODS:NO							SOURCEPAGE:p.71
Figurine of Wondrous Power (Jet Serpent)																					TYPE:Magic.Wondrous																														COST:12000	WT:0																																																			MODS:NO							SOURCEPAGE:p.71
Figurine of Wondrous Power (Pearl Octopus)																				TYPE:Magic.Wondrous																														COST:5000	WT:0																																																			MODS:NO							SOURCEPAGE:p.71
Flesh of Orcus																									TYPE:Magic.Wondrous																														COST:6000	WT:1																																																			MODS:NO							SOURCEPAGE:p.71
Glove of the Master Strategist																						TYPE:Magic.Wondrous.Glove.Container																								CONTAINS:*20|Any=1	COST:3600	WT:1																																																			MODS:NO							SOURCEPAGE:p.71														SPELLS:Glove of the Master Strategist|TIMES=1|True Strike
Ghost Prison																									TYPE:Magic.Wondrous																														COST:10000	WT:0.5																																																			MODS:NO							SOURCEPAGE:p.70
Green Tooth Necklace																								TYPE:Magic.Wondrous.Amulet																													COST:26000	WT:0																																																			MODS:NO							SOURCEPAGE:p.72																																									BONUS:SAVE|Will|3|TYPE=Resistance																BONUS:VAR|AcidResistanceBonus|5|TYPE=Resistance		SPROP:Acid Resistance 15	SPROP:+10 competence bonus on Diplomacy when dealing with dragons														AUTO:LANG|Draconic
Ioun Stone (Clear Teardrop																							TYPE:Magic.Wondrous																														COST:4000	WT:0																																																			MODS:NO							SOURCEPAGE:p.72														SPELLS:Clear Teardrop Ioun Stone|TIMES=ATWILL|Detect Undead
Lawkeeper's Lock																									TYPE:Magic.Wondrous.Amulet																													COST:12100	WT:0																																																			MODS:NO							SOURCEPAGE:p.72														SPELLS:Lawkeepers Lock|TIMES=ATWILL|Protection from Chaos
Living Mask																										TYPE:Magic.Wondrous																														COST:400	WT:1																																																			MODS:NO							SOURCEPAGE:p.72
Necklace of Skulljewels																								TYPE:Magic.Wondrous.Amulet																													COST:7000	WT:0																																																			MODS:NO							SOURCEPAGE:p.72
Nessek's Crown																									TYPE:Magic.Wondrous.Headgear																													COST:20000	WT:0																																																			MODS:NO																							SPELLS:Nesseks Crown|TIMES=1|Burning Hands																																											BONUS:VAR|FireResistanceBonus|5|TYPE=Resistance		SPROP:Fire Resistance 15
Phaant's Luckstone																								TYPE:Magic.Wondrous																														COST:1000	WT:0																																																			MODS:NO
Phasestone																										TYPE:Magic.Wondrous																														COST:2000	WT:1																																																			MODS:NO							SOURCEPAGE:p.72
Pouch of Purest Earth																								TYPE:Magic.Wondrous																														COST:4000	WT:1																						EQMOD:CHARGED_ITEM_5|CHARGES[5]																								MODS:NO							SOURCEPAGE:p.73																																																																							SPROP:Antiplant Shell (1 charge) ~ Entangle (1 charge DC 11) ~ Plant Growth (1 charge)
Skullmarble																										TYPE:Magic.Wondrous																														COST:25	WT:0																																																			MODS:NO							SOURCEPAGE:p.73
Wanderer's Boots																									TYPE:Magic.Wondrous.Boot																													COST:7800	WT:1																																																			MODS:NO							SOURCEPAGE:p.73														SPELLS:Wanderers Boots|TIMES=1|Expeditious Retreat																				BONUS:SAVE|Fortitude|3|TYPE=Resistance
White Robe of the Ghostwarden																							TYPE:Magic.Wondrous.Robe																													COST:10000	WT:1																																																			MODS:NO							SOURCEPAGE:p.73														SPELLS:White Robe of the Ghostwarden|TIMES=1|Prayer																				BONUS:SAVE|Fortitude,Reflex,Will|1|TYPE=Resistance

# Artifact
The Seven Crowns																									TYPE:Magic.Artifact.Minor.Headgear																														WT:3																																																											SOURCEPAGE:p.p.73																														BONUS:COMBAT|AC|5|TYPE=Deflection															BONUS:STAT|CON|4|TYPE=Enhancement	BONUS:STAT|STR|4|TYPE=Enhancement	BONUS:VAR|FireResistanceBonus|15|TYPE=Resistance	SPROP:Searing light 1/day (40 points of damage)
Starfire													PROFICIENCY:WEAPON|Longsword									TYPE:Magic.Artifact.Minor.Weapon.Martial.Melee.Slashing.Sword																									WT:4					BASEITEM:Longsword		CRITMULT:x2	CRITRANGE:2				DAMAGE:1d8				EQMOD:ADAMANTINE (WEAPON).Defending.Holy (Weapon/Melee).Keen.Mighty Cleaving.PLUS5W																MODS:NO					SIZE:M	SOURCEPAGE:p.73														SPELLS:Starfire|TIMES=ATWILL|CASTERLEVEL=1|Daylight

# NOTE: Left off items duplicated elsewhere
