# CVS $Revision: $ $Author: $ -- Thu Aug  7 12:47:32 2014 -- reformated by prettylst.pl v1.51 (build 24365)



#Human		CATEGORY:Internal	TYPE:HumanSubrace		TEMPLATE:Human Base	ABILITY:Human Race Trait|AUTOMATIC|Skill Bonus ~ Human|!PREABILITY:1,CATEGORY=Special Ability,TYPE.HumanSkillBonus	ABILITY:Human Race Trait|AUTOMATIC|Bonus Feat ~ Human|!PREABILITY:1,CATEGORY=Special Ability,TYPE.HumanBonusFeat

###Banned Classes

# Class Name	Required Var. value
CLASS:Bard.MOD	PREVAREQ:BardAllowed,0

# Class Name	Required Var. value
CLASS:Cleric.MOD	PREVAREQ:ClericAllowed,0

# Class Name	Required Var. value
CLASS:Druid.MOD	PREVAREQ:DruidAllowed,0

# Class Name	Required Var. value
CLASS:Paladin.MOD	PREVAREQ:PaladinAllowed,0

# Class Name	Required Var. value
CLASS:Wizard.MOD	PREVAREQ:WizardAllowed,0

###Block:

# Class Name	Class Skill
CLASS:Monk.MOD	CSKILL:Knowledge (Religion)
1	ABILITY:Monk Class Feature|AUTOMATIC|Monk ~ Multiclass Monks

###Block: New Classes - Samurai.
# COMMENT: Conflict with Samurai in Complete Warrior - Noting this version using a Different KEY and Name.

# Class Name	Unique Key		Hit Dice	Type						Source Page		Combat bonus										Monster Role	Bonus
CLASS:Samurai	HD:10		TYPE:Base.PC.OrientalAdventures	SOURCEPAGE:p.20	BONUS:COMBAT|BASEAB|classlevel("APPLIEDAS=NONEPIC")|TYPE=Base.REPLACE|PREVAREQ:UseAlternateBABProgression,0	ROLE:Combat		BONUS:SAVE|BASE.Fortitude,BASE.Will|classlevel("APPLIEDAS=NONEPIC")/2+2	BONUS:SAVE|BASE.Reflex|classlevel("APPLIEDAS=NONEPIC")/3

# Class Name		Required AL
CLASS:Samurai	PREALIGN:LG,LN,LE
# Class Name		Skill Pts/Lvl	Class Skill
CLASS:Samurai	STARTSKILLPTS:4	CSKILL:Climb|TYPE=Craft|Diplomacy|Iaijutsu Focus|Intimidate|Jump|TYPE=Perform|TYPE=Profession|Ride|Sense Motive|Swim
###Block:
2	BONUS:VAR|SamuraiBonusFeatCount|CL-1/3
###Block:
1	ABILITY:Samurai Class Feature|AUTOMATIC|Samurai ~ Ancestral Daisho|Samurai ~ Code of Conduct|Samurai ~ Weapon and Armor Proficiency
2	ABILITY:Samurai Class Feature|AUTOMATIC|Samurai ~ Bonus Feats

# - Shaman

# Class Name	Unique Key		Hit Dice	Type						Source Page		Combat bonus															Modify VAR														Bonus
CLASS:Shaman		HD:6		TYPE:Base.PC.OrientalAdventures	SOURCEPAGE:p.22	BONUS:COMBAT|BASEAB|classlevel("APPLIEDAS=NONEPIC")*3/4|TYPE=Base.REPLACE|PREVAREQ:UseAlternateBABProgression,0	BONUS:VAR|ClassBABModerate|classlevel("APPLIEDAS=NONEPIC")|PREVAREQ:UseFractionalBAB,1	BONUS:SAVE|BASE.Will|classlevel("APPLIEDAS=NONEPIC")/2+2	BONUS:SAVE|BASE.Fortitude,BASE.Reflex|classlevel("APPLIEDAS=NONEPIC")/3

# Class Name	Skill Pts/Lvl	Class Skill
CLASS:Shaman	STARTSKILLPTS:4	CSKILL:Concentration|TYPE=Craft|Diplomacy|Heal|Knowledge (Arcana)|Knowledge (Religion)|Knowledge (Spirits)|TYPE=Profession|Spellcraft
# Class Name	Spell Stat		Spell Type		Memorize		Automatically Known Spell Levels											Caster level			Use Spell List
CLASS:Shaman (OA)	FACT:SpellType|Divine
CLASS:Shaman	SPELLSTAT:WIS	MEMORIZE:YES	KNOWNSPELLS:LEVEL=0|LEVEL=1|LEVEL=2|LEVEL=3|LEVEL=4|LEVEL=5|LEVEL=6|LEVEL=7|LEVEL=8|LEVEL=9	BONUS:CASTERLEVEL|Shaman|Caster_Level_Shaman	DEFINE:Caster_Level_Shaman|0	BONUS:VAR|Caster_Level_Shaman|CL+Caster_Level_Bonus	DEFINE:CasterLevelBLShaman|0	BONUS:VAR|CasterLevelBLShaman|charbonusto("PCLEVEL","Shaman")	BONUS:VAR|Caster_Level_Highest__Divine|Caster_Level_Shaman+CasterLevelBLShaman|TYPE=Base	SPELLLIST:1|Shaman
#Scry	<- 3e skill only, no replacement
###Block:
1	ABILITY:Shaman Class Feature|AUTOMATIC|Shaman ~ Alignment Spells|Shaman ~ Extra Turning|Shaman ~ Spells|Shaman ~ Spirits Domains and Domain Spells|Shaman ~ Spontaneous Casting|Shaman ~ Weapon and Armor Proficiency
1	ABILITY:Shaman Class Feature|AUTOMATIC|Shaman ~ Animal Companion|Shaman ~ Strike
2	ABILITY:Shaman Class Feature|AUTOMATIC|Shaman ~ Spirit Sight
3	ABILITY:Shaman Class Feature|AUTOMATIC|Shaman ~ Turn or Rebuke Undead
4	ABILITY:Shaman Class Feature|AUTOMATIC|Shaman ~ Bonus Feat
5	ABILITY:Shaman Class Feature|AUTOMATIC|Shaman ~ Spirits' Favor
###Block:
4	BONUS:ABILITYPOOL|Shaman Feat|ShamanBonusFeatCount	BONUS:VAR|ShamanBonusFeatCount|CL/4	DEFINE:ShamanBonusFeatCount|0
1											BONUS:VAR|ShamanDomainCount|2		DEFINE:ShamanDomainCount|0
11											BONUS:VAR|ShamanDomainCount|1
###Block:
1	BONUS:DOMAIN|NUMBER|ShamanDomainCount
###Block:
# TODO: Figure out how to increase the +1 to a +2 for the Domains. Investigating the docs for help.
1	CAST:3,1
2	CAST:4,2
3	CAST:4,2,1
4	CAST:5,3,2
5	CAST:5,3,2,1
6	CAST:5,3,3,2
7	CAST:6,4,3,2,1
8	CAST:6,4,3,3,2
9	CAST:6,4,4,3,2,1
10	CAST:6,4,4,3,3,2
11	CAST:6,4,4,4,3,2,1
12	CAST:6,4,4,4,3,3,2
13	CAST:6,4,4,4,4,3,2,1
14	CAST:6,4,4,4,4,3,3,2
15	CAST:6,4,4,4,4,4,3,2,1
16	CAST:6,4,4,4,4,4,3,3,2
17	CAST:6,4,4,4,4,4,4,3,2,1
18	CAST:6,4,4,4,4,4,4,3,3,2
19	CAST:6,4,4,4,4,4,4,4,3,3
20	CAST:6,4,4,4,4,4,4,4,4,4

# - Shugenja

# Class Name	Unique Key		Type						Base class as subclass?	Source Page		Combat bonus															Modify VAR													Bonus
CLASS:Shugenja	TYPE:Base.PC.OrientalAdventures	ALLOWBASECLASS:NO		SOURCEPAGE:p.24	BONUS:COMBAT|BASEAB|classlevel("APPLIEDAS=NONEPIC")*1/2|TYPE=Base.REPLACE|PREVAREQ:UseAlternateBABProgression,0	BONUS:VAR|ClassBABPoor|classlevel("APPLIEDAS=NONEPIC")|PREVAREQ:UseFractionalBAB,1	BONUS:SAVE|BASE.Fortitude,BASE.Reflex|classlevel("APPLIEDAS=NONEPIC")/3	BONUS:SAVE|BASE.Will|classlevel("APPLIEDAS=NONEPIC")/2+2
# Class Name		Skill Pts/Lvl	Class Skill
CLASS:Shugenja	STARTSKILLPTS:4	CSKILL:Concentration|TYPE=Craft|Diplomacy|Heal|TYPE=Knowledge|TYPE=Profession|Spellcraft
# Class Name		Spell Stat		Spell Type		Caster level			Use Spell List
CLASS:Shugenja (OA)	FACT:SpellType|Divine
CLASS:Shugenja	SPELLSTAT:CHA	SPELLLIST:1|Shugenja	BONUS:CASTERLEVEL|Shugenja|Caster_Level_Shugenja	DEFINE:Caster_Level_Shugenja|0	BONUS:VAR|Caster_Level_Shugenja|CL+Caster_Level_Bonus	DEFINE:CasterLevelBLShugenja|0	BONUS:VAR|CasterLevelBLShugenja|charbonusto("PCLEVEL","Shugenja")	BONUS:VAR|Caster_Level_Highest__Arcane|Caster_Level_Shugenja+CasterLevelBLShugenja|TYPE=Base	SPELLLIST:1|Shugenja
#
SUBCLASS:Air Shugenja	COST:0	CHOICE:DESCRIPTOR|Air Shugenja	PROHIBITSPELL:DESCRIPTOR.Earth Shugenja	PREABILITY:1,CATEGORY=Internal,Human CRANE,Human SCORPION
SUBCLASS:Earth Shugenja	COST:0	CHOICE:DESCRIPTOR|Earth Shugenja	PROHIBITSPELL:DESCRIPTOR.Air Shugenja	PREABILITY:1,CATEGORY=Internal,Human CRAB,Human DRAGON,Human SCORPION
SUBCLASS:Fire Shugenja	COST:0	CHOICE:DESCRIPTOR|Fire Shugenja	PROHIBITSPELL:DESCRIPTOR.Water Shugenja	PREABILITY:1,CATEGORY=Internal,Human PHOENIX
SUBCLASS:Water Shugenja	COST:0	CHOICE:DESCRIPTOR|Water Shugenja	PROHIBITSPELL:DESCRIPTOR.Fire Shugenja	PREABILITY:1,CATEGORY=Internal,Human LION,Human UNICORN
# TODO: Request ability to HIDESPELL - DESCRIPTOR.
###Block: This selects the "School" using Domain as that matches how this appears to work. Preselects based upon Human Clan.
1	DOMAIN:AGASHA SCHOOL|PREABILITY:1,CATEGORY=Internal,Human PHOENIX
1	DOMAIN:ASAHINA SCHOOL|PREABILITY:1,CATEGORY=Internal,Human CRANE
1	DOMAIN:IUCHI SCHOOL|PREABILITY:1,CATEGORY=Internal,Human UNICORN
1	DOMAIN:KITSU SCHOOL|PREABILITY:1,CATEGORY=Internal,Human LION
1	DOMAIN:KUNI SCHOOL|PREABILITY:1,CATEGORY=Internal,Human CRAB
1	DOMAIN:SOSHI SCHOOL|PREABILITY:1,CATEGORY=Internal,Human SCORPION
1	DOMAIN:TAMORI SCHOOL|PREABILITY:1,CATEGORY=Internal,Human DRAGON
1	DOMAIN:YOGO SCHOOL|PREABILITY:1,CATEGORY=Internal,Human SCORPION
###Block
1	BONUS:DOMAIN|NUMBER|1
###Block:
1	ABILITY:Shugenja Class Feature|AUTOMATIC|Shugenja ~ Element Focus|Shugenja ~ Sense Elements|Shugenja ~ Weapon and Armor Proficiency
###Block: Spell Block - Complicated Class - Using Specialtyknown - Need Subclass to trigger.
# TODO: Test this to see if it outputs the correct numbers
1	CAST:5,3				KNOWN:2,1				SPECIALTYKNOWN:2,1
2	CAST:6,4				KNOWN:2,1				SPECIALTYKNOWN:3,1
3	CAST:6,5				KNOWN:2,1				SPECIALTYKNOWN:3,2
4	CAST:6,6,3				KNOWN:3,1,0				SPECIALTYKNOWN:3,2,1
5	CAST:6,6,4				KNOWN:3,2,1				SPECIALTYKNOWN:3,2,1
6	CAST:6,6,5,3			KNOWN:3,2,1,0			SPECIALTYKNOWN:4,2,1,1
7	CAST:6,6,6,4			KNOWN:3,2,1,1			SPECIALTYKNOWN:4,3,2,1
8	CAST:6,6,6,5,3			KNOWN:4,2,1,1,0			SPECIALTYKNOWN:4,3,2,1,1
9	CAST:6,6,6,6,4			KNOWN:4,2,2,1,1			SPECIALTYKNOWN:4,3,2,2,1
10	CAST:6,6,6,6,5,3			KNOWN:4,2,2,1,1,0			SPECIALTYKNOWN:5,3,2,2,1,1
11	CAST:6,6,6,6,6,4			KNOWN:4,2,2,2,1,1			SPECIALTYKNOWN:5,3,3,2,2,1
12	CAST:6,6,6,6,6,5,3		KNOWN:4,2,2,2,1,1,0		SPECIALTYKNOWN:5,3,3,2,2,1,1
13	CAST:6,6,6,6,6,6,4		KNOWN:4,2,2,2,2,1,1		SPECIALTYKNOWN:5,3,3,2,2,2,1
14	CAST:6,6,6,6,6,6,5,3		KNOWN:4,2,2,2,2,1,1,0		SPECIALTYKNOWN:5,3,3,2,2,2,1,1
15	CAST:6,6,6,6,6,6,6,4		KNOWN:4,2,2,2,2,2,1,1		SPECIALTYKNOWN:5,3,3,2,2,2,2,1
16	CAST:6,6,6,6,6,6,6,5,3		KNOWN:4,2,2,2,2,2,1,1,0		SPECIALTYKNOWN:5,3,3,2,2,2,2,1,1
17	CAST:6,6,6,6,6,6,6,6,4		KNOWN:4,2,2,2,2,2,1,1,1		SPECIALTYKNOWN:5,3,3,2,2,2,2,2,1
18	CAST:6,6,6,6,6,6,6,6,5,3	KNOWN:4,2,2,2,2,2,1,1,1,0	SPECIALTYKNOWN:5,3,3,2,2,2,2,2,1,1
19	CAST:6,6,6,6,6,6,6,6,6,4	KNOWN:4,2,2,2,2,2,1,1,1,1	SPECIALTYKNOWN:5,3,3,2,2,2,2,2,2,1
20	CAST:6,6,6,6,6,6,6,6,6,6	KNOWN:4,2,2,2,2,2,1,1,1,1	SPECIALTYKNOWN:5,3,3,2,2,2,2,2,2,2

# - Sohei

# Class Name	Unique Key		Hit Dice	Type						Ex Class			Source Page		Combat bonus															Modify VAR														Bonus
CLASS:Sohei	HD:10		TYPE:Base.PC.OrientalAdventures	EXCLASS:Ex Sohei	SOURCEPAGE:p.27	BONUS:COMBAT|BASEAB|classlevel("APPLIEDAS=NONEPIC")*3/4|TYPE=Base.REPLACE|PREVAREQ:UseAlternateBABProgression,0	BONUS:VAR|ClassBABModerate|classlevel("APPLIEDAS=NONEPIC")|PREVAREQ:UseFractionalBAB,1	BONUS:SAVE|BASE.Fortitude,BASE.Will|classlevel("APPLIEDAS=NONEPIC")/2+2	BONUS:SAVE|BASE.Reflex|classlevel("APPLIEDAS=NONEPIC")/3

# Class Name	Required AL
CLASS:Sohei	PREALIGN:LG,LN,LE
# Class Name	Skill Pts/Lvl	Class Skill
CLASS:Sohei	STARTSKILLPTS:2	CSKILL:Concentration|TYPE=Craft|Diplomacy|Heal|Iaijutsu Focus|Knowledge (Religion)|TYPE=Profession
# Class Name	Spell Stat		Spell Type		Automatically Known Spell Levels				Caster level			Use Spell List
CLASS:Sohei (OA)	FACT:SpellType|Divine
CLASS:Sohei	SPELLSTAT:WIS	KNOWNSPELLS:LEVEL=0|LEVEL=1|LEVEL=2|LEVEL=3|LEVEL=4	BONUS:CASTERLEVEL|Sohei|Caster_Level_Sohei	DEFINE:Caster_Level_Sohei|0	BONUS:VAR|Caster_Level_Sohei|CL+Caster_Level_Bonus	DEFINE:CasterLevelBLSohei|0	BONUS:VAR|CasterLevelBLSohei|charbonusto("PCLEVEL","Sohei")	BONUS:VAR|Caster_Level_Highest__Divine|Caster_Level_Sohei+CasterLevelBLSohei|TYPE=Base	SPELLLIST:1|Sohei
###Block:
1	ABILITY:Sohei Class Feature|AUTOMATIC|Sohei ~ Ki Frenzy|Sohei ~ Weapon and Armor Proficiency|Sohei ~ Weapon Focus
4	ABILITY:Sohei Class Feature|AUTOMATIC|Sohei ~ Spells
3	ABILITY:Sohei Class Feature|AUTOMATIC|Sohei ~ Deflect Arrows
5	ABILITY:Sohei Class Feature|AUTOMATIC|Sohei ~ Remain Conscious|Sohei ~ Strength of Mind
7	ABILITY:Sohei Class Feature|AUTOMATIC|Sohei ~ Defensive Strike
9	ABILITY:Sohei Class Feature|AUTOMATIC|Sohei ~ Mettle
11	ABILITY:Sohei Class Feature|AUTOMATIC|Sohei ~ Damage Reduction
###Block:
4	CAST:0
5	CAST:0
6	CAST:1
7	CAST:1
8	CAST:1,0
9	CAST:1,0
10	CAST:1,1
11	CAST:1,1,0
12	CAST:1,1,1
13	CAST:1,1,1
14	CAST:2,1,1,0
15	CAST:2,1,1,1
16	CAST:2,2,1,1
17	CAST:2,2,2,1
18	CAST:3,2,2,1
19	CAST:3,3,3,2
20	CAST:3,3,3,3

CLASS:Ex Sohei	HD:10	


# - Wu Jen

# Class Name	Unique Key		Hit Dice	Type						Source Page		Combat bonus															Modify VAR													Bonus
CLASS:Wu Jen		HD:4	TYPE:Base.PC.OrientalAdventures	SOURCEPAGE:p.31	BONUS:COMBAT|BASEAB|classlevel("APPLIEDAS=NONEPIC")*1/2|TYPE=Base.REPLACE|PREVAREQ:UseAlternateBABProgression,0	BONUS:VAR|ClassBABPoor|classlevel("APPLIEDAS=NONEPIC")|PREVAREQ:UseFractionalBAB,1	BONUS:SAVE|BASE.Will|classlevel("APPLIEDAS=NONEPIC")/2+2	BONUS:SAVE|BASE.Fortitude,BASE.Reflex|classlevel("APPLIEDAS=NONEPIC")/3

# Class Name	Skill Pts/Lvl	Class Skill
CLASS:Wu Jen	STARTSKILLPTS:2	CSKILL:Concentration|TYPE=Craft|TYPE=Knowledge|TYPE=Profession|Spellcraft
# Class Name	Spell Stat		Spell Type		Automatically Known Spell Levels	Spellbook		Caster level			Use Spell List
CLASS:Wu Jen (OA)	FACT:SpellType|Arcane
CLASS:Wu Jen	SPELLSTAT:INT	KNOWNSPELLS:LEVEL=0			SPELLBOOK:YES	SPELLLIST:1|Wu Jen	BONUS:CASTERLEVEL|Wu Jen|Caster_Level_Wu_Jen	DEFINE:Caster_Level_Wu_Jen|0	BONUS:VAR|Caster_Level_Wu_Jen|CL+Caster_Level_Bonus	DEFINE:CasterLevelBLWu_Jen|0	BONUS:VAR|CasterLevelBLWu_Jen|charbonusto("PCLEVEL","Wu_Jen")	BONUS:VAR|Caster_Level_Highest__Divine|Caster_Level_Wu_Jen+CasterLevelBLWu_Jen|TYPE=Base	SPELLLIST:1|Wu Jen
###Block:
1	ABILITY:Wu Jen Class Feature|AUTOMATIC|Wu Jen ~ Bonus Languages|Wu Jen ~ Spellbooks|Wu Jen ~ Spells|Wu Jen ~ Taboos|Wu Jen ~ Weapon and Armor Proficiency
1	ABILITY:Wu Jen Class Feature|AUTOMATIC|Wu Jen ~ Elemental Mastery|Wu Jen ~ Sudden Action
1	ABILITY:Wu Jen Class Feature|AUTOMATIC|Wu Jen ~ Bonus Feat
3	ABILITY:Wu Jen Class Feature|AUTOMATIC|Wu Jen ~ Spell Secret
###Block:

###Block:
1	CAST:3,1
2	CAST:4,2
3	CAST:4,2,1
4	CAST:4,3,2
5	CAST:4,3,2,1
6	CAST:4,3,3,2
7	CAST:4,4,3,2,1
8	CAST:4,4,3,3,2
9	CAST:4,4,4,3,2,1
10	CAST:4,4,4,3,3,2
11	CAST:4,4,4,4,3,2,1
12	CAST:4,4,4,4,3,3,2
13	CAST:4,4,4,4,4,3,2,1
14	CAST:4,4,4,4,4,3,3,2
15	CAST:4,4,4,4,4,4,3,2,1
16	CAST:4,4,4,4,4,4,3,3,2
17	CAST:4,4,4,4,4,4,4,3,2,1
18	CAST:4,4,4,4,4,4,4,3,3,2
19	CAST:4,4,4,4,4,4,4,4,3,3
20	CAST:4,4,4,4,4,4,4,4,4,4


###Block: PRESTIGE CLASS
