# CVS $Revision: $ $Author: $ -- Sun Aug 17 15:41:15 2014 -- reformated by prettylst.pl v1.51 (build 24906)


# Human "Subrace" Clans
# Template Name	Unique Key			Visible	Favored Class		Auto Language																				Bonus Languages
CRAB			KEY:Human CRAB		VISIBLE:NO	FAVOREDCLASS:Fighter	AUTO:LANG|Common|!PREABILITY:1,CATEGORY=Internal,TYPE.HumanLanguage	AUTO:LANG|Rokugani|PREABILITY:1,CATEGORY=Internal,Rokugani	LANGBONUS:TYPE=Spoken
CRANE			KEY:Human CRANE		VISIBLE:NO	FAVOREDCLASS:Samurai	AUTO:LANG|Common|!PREABILITY:1,CATEGORY=Internal,TYPE.HumanLanguage	AUTO:LANG|Rokugani|PREABILITY:1,CATEGORY=Internal,Rokugani	LANGBONUS:TYPE=Spoken
DRAGON		KEY:Human DRAGON		VISIBLE:NO	FAVOREDCLASS:Monk		AUTO:LANG|Common|!PREABILITY:1,CATEGORY=Internal,TYPE.HumanLanguage	AUTO:LANG|Rokugani|PREABILITY:1,CATEGORY=Internal,Rokugani	LANGBONUS:TYPE=Spoken
LION			KEY:Human LION		VISIBLE:NO	FAVOREDCLASS:Samurai	AUTO:LANG|Common|!PREABILITY:1,CATEGORY=Internal,TYPE.HumanLanguage	AUTO:LANG|Rokugani|PREABILITY:1,CATEGORY=Internal,Rokugani	LANGBONUS:TYPE=Spoken
PHOENIX		KEY:Human PHOENIX		VISIBLE:NO	FAVOREDCLASS:Shugenja	AUTO:LANG|Common|!PREABILITY:1,CATEGORY=Internal,TYPE.HumanLanguage	AUTO:LANG|Rokugani|PREABILITY:1,CATEGORY=Internal,Rokugani	LANGBONUS:TYPE=Spoken
SCORPION		KEY:Human SCORPION	VISIBLE:NO	FAVOREDCLASS:Rogue	AUTO:LANG|Common|!PREABILITY:1,CATEGORY=Internal,TYPE.HumanLanguage	AUTO:LANG|Rokugani|PREABILITY:1,CATEGORY=Internal,Rokugani	LANGBONUS:TYPE=Spoken
UNICORN		KEY:Human UNICORN		VISIBLE:NO	FAVOREDCLASS:Barbarian	AUTO:LANG|Common|!PREABILITY:1,CATEGORY=Internal,TYPE.HumanLanguage	AUTO:LANG|Rokugani|PREABILITY:1,CATEGORY=Internal,Rokugani	LANGBONUS:TYPE=Spoken

###Block: Hybrid Forms for Hengeyokai
# Template Name	Stat bonus
Badger		BONUS:STAT|CON|2|TYPE=Racial
Carp			BONUS:STAT|DEX|2|TYPE=Racial
Cat			BONUS:STAT|DEX|2|TYPE=Racial
Crab
Crane			BONUS:STAT|DEX|2|TYPE=Racial
Dog			BONUS:STAT|CON|2|TYPE=Racial
Fox			BONUS:STAT|DEX|2|TYPE=Racial
Hare			BONUS:STAT|DEX|2|TYPE=Racial
Monkey		BONUS:STAT|DEX|2|TYPE=Racial
Racoon Dog		BONUS:STAT|STR|2|TYPE=Racial
Rat			BONUS:STAT|DEX|2|TYPE=Racial
Sparrow		BONUS:STAT|DEX|2|TYPE=Racial
Weasel		BONUS:STAT|CON|2|TYPE=Racial
