# CVS $Revision: $ $Author: $ -- Mon Feb 22 22:56:28 2016 -- reformated by PCGen PrettyLST v6.06.00



# Deities of Forgotten Realms
# Deity Name			SORTKEY				Unique Key				Description of Deity/Title													FACT												FACTSET					Align
Auril					SORTKEY:01_Forgotten Realms	KEY:Auril				DESC:Nature, Tempest Six-pointed snowflake										FACT:Title|Auril, goddess of winter							FACTSET:Pantheon|Forgotten Realms	ALIGN:NE	DOMAINS:ANY
Azuth					SORTKEY:01_Forgotten Realms	KEY:Azuth				DESC:Knowledge Left hand pointing upward, outlined in fire								FACT:Title|Azuth, god of wizards							FACTSET:Pantheon|Forgotten Realms	ALIGN:LN	DOMAINS:ANY
Bane					SORTKEY:01_Forgotten Realms	KEY:Bane				DESC:War Upright black right hand, thumb and fingers together							FACT:Title|Bane, god of tyranny							FACTSET:Pantheon|Forgotten Realms	ALIGN:LE	DOMAINS:ANY
Beshaba				SORTKEY:01_Forgotten Realms	KEY:Beshaba				DESC:Trickery Black antlers													FACT:Title|Beshaba, goddess of misfortune						FACTSET:Pantheon|Forgotten Realms	ALIGN:CE	DOMAINS:ANY
Bhaal					SORTKEY:01_Forgotten Realms	KEY:Bhaal				DESC:Death Skull surrounded by a ring of blood droplets								FACT:Title|Bhaal, god of murder							FACTSET:Pantheon|Forgotten Realms	ALIGN:NE	DOMAINS:ANY
Chauntea				SORTKEY:01_Forgotten Realms	KEY:Chauntea			DESC:Life Sheaf of grain or a blooming rose over grain								FACT:Title|Chauntea, goddess of agriculture					FACTSET:Pantheon|Forgotten Realms	ALIGN:NG	DOMAINS:ANY
Cyric					SORTKEY:01_Forgotten Realms	KEY:Cyric				DESC:Trickery White jawless skull on black or purple sunburst							FACT:Title|Cyric, god of lies								FACTSET:Pantheon|Forgotten Realms	ALIGN:CE	DOMAINS:ANY
Deneir				SORTKEY:01_Forgotten Realms	KEY:Deneir				DESC:Knowledge Lit candle above an open eye										FACT:Title|Deneir, god of writing							FACTSET:Pantheon|Forgotten Realms	ALIGN:NG	DOMAINS:ANY
Eldath				SORTKEY:01_Forgotten Realms	KEY:Eldath				DESC:Life, Nature Waterfall plunging into still pool									FACT:Title|Eldath, goddess of peace							FACTSET:Pantheon|Forgotten Realms	ALIGN:NG	DOMAINS:ANY
Gond					SORTKEY:01_Forgotten Realms	KEY:Gond				DESC:Knowledge Toothed cog with four spokes										FACT:Title|Gond, god of craft								FACTSET:Pantheon|Forgotten Realms	ALIGN:TN	DOMAINS:ANY
Helm					SORTKEY:01_Forgotten Realms	KEY:Helm				DESC:Life, Light Staring eye on upright left gauntlet									FACT:Title|Helm, god of protection							FACTSET:Pantheon|Forgotten Realms	ALIGN:LN	DOMAINS:ANY
Ilmater				SORTKEY:01_Forgotten Realms	KEY:Ilmater				DESC:Life Hands bound at the wrist with red cord									FACT:Title|Ilmater, god of endurance						FACTSET:Pantheon|Forgotten Realms	ALIGN:LG	DOMAINS:ANY
Kelemvor				SORTKEY:01_Forgotten Realms	KEY:Kelemvor			DESC:Death Upright skeletal arm holding balanced scales								FACT:Title|Kelemvor, god of the dead						FACTSET:Pantheon|Forgotten Realms	ALIGN:LN	DOMAINS:ANY
Lathander				SORTKEY:01_Forgotten Realms	KEY:Lathander			DESC:Life, Light Road traveling into a sunrise										FACT:Title|Lathander, god of birth and renewal					FACTSET:Pantheon|Forgotten Realms	ALIGN:NG	DOMAINS:ANY
Leira					SORTKEY:01_Forgotten Realms	KEY:Leira				DESC:Trickery Point-down triangle containing a swirl of mist							FACT:Title|Leira, goddess of illusion						FACTSET:Pantheon|Forgotten Realms	ALIGN:CN	DOMAINS:ANY
Lliira				SORTKEY:01_Forgotten Realms	KEY:Lliira				DESC:Life Triangle of three six-pointed stars										FACT:Title|Lliira, goddess of joy							FACTSET:Pantheon|Forgotten Realms	ALIGN:CG	DOMAINS:ANY
Loviatar				SORTKEY:01_Forgotten Realms	KEY:Loviatar			DESC:Death Nine-tailed barbed scourge											FACT:Title|Loviatar, goddess of pain						FACTSET:Pantheon|Forgotten Realms	ALIGN:LE	DOMAINS:ANY
Malar					SORTKEY:01_Forgotten Realms	KEY:Malar				DESC:Nature Clawed paw														FACT:Title|Malar, god of the hunt							FACTSET:Pantheon|Forgotten Realms	ALIGN:CE	DOMAINS:ANY
Mask					SORTKEY:01_Forgotten Realms	KEY:Mask				DESC:Trickery Black mask													FACT:Title|Mask, god of thieves							FACTSET:Pantheon|Forgotten Realms	ALIGN:CN	DOMAINS:ANY
Mielikki				SORTKEY:01_Forgotten Realms	KEY:Mielikki			DESC:Nature Unicorn's head													FACT:Title|Mielikki, goddess of forests						FACTSET:Pantheon|Forgotten Realms	ALIGN:NG	DOMAINS:ANY
Milil					SORTKEY:01_Forgotten Realms	KEY:Milil				DESC:Light Five-stringed harp made of leaves										FACT:Title|Milil, god of poetry and song						FACTSET:Pantheon|Forgotten Realms	ALIGN:NG	DOMAINS:ANY
Myrkul				SORTKEY:01_Forgotten Realms	KEY:Myrkul				DESC:Death White human skull													FACT:Title|Myrkul, god of death							FACTSET:Pantheon|Forgotten Realms	ALIGN:NE	DOMAINS:ANY
Mystra				SORTKEY:01_Forgotten Realms	KEY:Mystra				DESC:Knowledge Circle of seven stars, or nine stars encircling a flowing red mist, or a single star	FACT:Title|Mystra, goddess of magic							FACTSET:Pantheon|Forgotten Realms	ALIGN:NG	DOMAINS:ANY
Oghma					SORTKEY:01_Forgotten Realms	KEY:Oghma				DESC:Knowledge Blank scroll													FACT:Title|Oghma, god of knowledge							FACTSET:Pantheon|Forgotten Realms	ALIGN:TN	DOMAINS:ANY
Savras				SORTKEY:01_Forgotten Realms	KEY:Savras				DESC:Knowledge Crystal ball containing many kinds of eyes								FACT:Title|Savras, god of divination and fate					FACTSET:Pantheon|Forgotten Realms	ALIGN:LN	DOMAINS:ANY
Selune				SORTKEY:01_Forgotten Realms	KEY:Selune				DESC:Knowledge, Life Pair of eyes surrounded by seven stars								FACT:Title|Selune, goddess of the moon						FACTSET:Pantheon|Forgotten Realms	ALIGN:CG	DOMAINS:ANY
Shar					SORTKEY:01_Forgotten Realms	KEY:Shar				DESC:Death, Trickery Black disk encircled with a border								FACT:Title|Shar, goddess of darkness and loss					FACTSET:Pantheon|Forgotten Realms	ALIGN:NE	DOMAINS:ANY
Silvanus				SORTKEY:01_Forgotten Realms	KEY:Silvanus			DESC:Nature Oak leaf														FACT:Title|Silvanus, god of wild nature						FACTSET:Pantheon|Forgotten Realms	ALIGN:TN	DOMAINS:ANY
Sune					SORTKEY:01_Forgotten Realms	KEY:Sune				DESC:Life, Light Face of a beautiful red-haired woman									FACT:Title|Sune, goddess of love and beauty					FACTSET:Pantheon|Forgotten Realms	ALIGN:CG	DOMAINS:ANY
Talona				SORTKEY:01_Forgotten Realms	KEY:Talona				DESC:Death Three teardrops on a triangle											FACT:Title|Talona, goddess of disease and poison				FACTSET:Pantheon|Forgotten Realms	ALIGN:CE	DOMAINS:ANY
Talos					SORTKEY:01_Forgotten Realms	KEY:Talos				DESC:Tempest Three lightning bolts radiating from a central point							FACT:Title|Talos, god of storms							FACTSET:Pantheon|Forgotten Realms	ALIGN:CE	DOMAINS:ANY
Tempus				SORTKEY:01_Forgotten Realms	KEY:Tempus				DESC:War Upright flaming sword												FACT:Title|Tempus, god of war								FACTSET:Pantheon|Forgotten Realms	ALIGN:TN	DOMAINS:ANY
Torm					SORTKEY:01_Forgotten Realms	KEY:Torm				DESC:War White right gauntlet													FACT:Title|Torm, god of courage and self-sacrifice				FACTSET:Pantheon|Forgotten Realms	ALIGN:LG	DOMAINS:ANY
Tymora				SORTKEY:01_Forgotten Realms	KEY:Tymora				DESC:Trickery Face-up coin													FACT:Title|Tymora, goddess of good fortune					FACTSET:Pantheon|Forgotten Realms	ALIGN:CG	DOMAINS:ANY
Tyr					SORTKEY:01_Forgotten Realms	KEY:Tyr				DESC:War Balanced scales resting on a warhammer										FACT:Title|Tyr, god of justice							FACTSET:Pantheon|Forgotten Realms	ALIGN:LG	DOMAINS:ANY
Umberlee				SORTKEY:01_Forgotten Realms	KEY:Umberlee			DESC:Tempest Wave curling left and right											FACT:Title|Umberlee, goddess of the sea						FACTSET:Pantheon|Forgotten Realms	ALIGN:CE	DOMAINS:ANY
Waukeen				SORTKEY:01_Forgotten Realms	KEY:Waukeen				DESC:Knowledge, Trickery Upright coin with Waukeen's profile facing left					FACT:Title|Waukeen, goddess of trade						FACTSET:Pantheon|Forgotten Realms	ALIGN:TN	DOMAINS:ANY

# Deities of Greyhawk
#Deity Alignment Suggested Domains Symbol
Beory					SORTKEY:01_Greyhawk		KEY:Beory				DESC:Nature Green disk														FACT:Title|Beory, goddess of nature							FACTSET:Pantheon|Greyhawk		ALIGN:TN	DOMAINS:ANY
Boccob				SORTKEY:01_Greyhawk		KEY:Boccob				DESC:Knowledge Eye within a pentagram											FACT:Title|Boccob, god of magic							FACTSET:Pantheon|Greyhawk		ALIGN:TN	DOMAINS:ANY
Celestian				SORTKEY:01_Greyhawk		KEY:Celestian			DESC:Knowledge Arc of seven stars inside a circle									FACT:Title|Celestian, god of stars and wanderers				FACTSET:Pantheon|Greyhawk		ALIGN:TN	DOMAINS:ANY
Ehlonna				SORTKEY:01_Greyhawk		KEY:Ehlonna				DESC:Life, Nature Unicorn horn												FACT:Title|Ehlonna, goddess of woodlands						FACTSET:Pantheon|Greyhawk		ALIGN:NG	DOMAINS:ANY
Erythnul				SORTKEY:01_Greyhawk		KEY:Erythnul			DESC:War Blood drop														FACT:Title|Erythnul, god of envy and slaughter					FACTSET:Pantheon|Greyhawk		ALIGN:CE	DOMAINS:ANY
Fharlanghn				SORTKEY:01_Greyhawk		KEY:Fharlanghn			DESC:Knowledge, Trickery Circle crossed by a curved horizon line							FACT:Title|Fharlanghn, god of horizons and travel				FACTSET:Pantheon|Greyhawk		ALIGN:NG	DOMAINS:ANY
Heironeous				SORTKEY:01_Greyhawk		KEY:Heironeous			DESC:War Lightning bolt														FACT:Title|Heironeous, god of chivalry and valor				FACTSET:Pantheon|Greyhawk		ALIGN:LG	DOMAINS:ANY
Hextor				SORTKEY:01_Greyhawk		KEY:Hextor				DESC:War Six arrows facing downward in a fan										FACT:Title|Hextor, god of war and discord						FACTSET:Pantheon|Greyhawk		ALIGN:LE	DOMAINS:ANY
Kord					SORTKEY:01_Greyhawk		KEY:Kord				DESC:Tempest, War Four spears and four maces radiating out from a central point				FACT:Title|Kord, god of athletics and sport					FACTSET:Pantheon|Greyhawk		ALIGN:CG	DOMAINS:ANY
Incabulos				SORTKEY:01_Greyhawk		KEY:Incabulos			DESC:Death Reptilian eye with a horizontal diamond									FACT:Title|Incabulos, god of plague and famine					FACTSET:Pantheon|Greyhawk		ALIGN:NE	DOMAINS:ANY
Istus					SORTKEY:01_Greyhawk		KEY:Istus				DESC:Knowledge Weaver's spindle with three strands									FACT:Title|Istus, goddess of fate and destiny					FACTSET:Pantheon|Greyhawk		ALIGN:TN	DOMAINS:ANY
luz					SORTKEY:01_Greyhawk		KEY:luz				DESC:Death Grinning human skull												FACT:Title|luz, god of pain and oppression					FACTSET:Pantheon|Greyhawk		ALIGN:CE	DOMAINS:ANY
Nerull				SORTKEY:01_Greyhawk		KEY:Nerull				DESC:Death Skull with either a sickle or a scythe									FACT:Title|Nerull, god of death							FACTSET:Pantheon|Greyhawk		ALIGN:NE	DOMAINS:ANY
Obad-Hai				SORTKEY:01_Greyhawk		KEY:Obad-Hai			DESC:Nature Oak leaf and acorn												FACT:Title|Obad-Hai, god of nature							FACTSET:Pantheon|Greyhawk		ALIGN:TN	DOMAINS:ANY
Olidammara				SORTKEY:01_Greyhawk		KEY:Olidammara			DESC:Trickery Laughing mask													FACT:Title|Olidammara, god of revelry						FACTSET:Pantheon|Greyhawk		ALIGN:CN	DOMAINS:ANY
Pelor					SORTKEY:01_Greyhawk		KEY:Pelor				DESC:Life, Light Sun														FACT:Title|Pelor, god of the sun and healing					FACTSET:Pantheon|Greyhawk		ALIGN:NG	DOMAINS:ANY
Pholtus				SORTKEY:01_Greyhawk		KEY:Pholtus				DESC:Light Silver sun or full moon partially eclipsed by a smaller crescent moon				FACT:Title|Pholtus, god of light and law						FACTSET:Pantheon|Greyhawk		ALIGN:LG	DOMAINS:ANY
Ralishaz				SORTKEY:01_Greyhawk		KEY:Ralishaz			DESC:Trickery Three bone fate-casting sticks										FACT:Title|Ralishaz, god of ill luck and insanity				FACTSET:Pantheon|Greyhawk		ALIGN:CN	DOMAINS:ANY
Rao					SORTKEY:01_Greyhawk		KEY:Rao				DESC:Knowledge White heart													FACT:Title|Rao, god of peace and reason						FACTSET:Pantheon|Greyhawk		ALIGN:LG	DOMAINS:ANY
St. Cuthbert			SORTKEY:01_Greyhawk		KEY:St. Cuthbert			DESC:Knowledge Circle at the center of a starburst of lines								FACT:Title|St. Cuthbert, god of common sense and zeal				FACTSET:Pantheon|Greyhawk		ALIGN:LN	DOMAINS:ANY
Tharizdun				SORTKEY:01_Greyhawk		KEY:Tharizdun			DESC:Trickery Dark spiral or inverted ziggurat										FACT:Title|Tharizdun, god of eternal darkness					FACTSET:Pantheon|Greyhawk		ALIGN:CE	DOMAINS:ANY
Trithereon				SORTKEY:01_Greyhawk		KEY:Trithereon			DESC:War Triskelion														FACT:Title|Trithereon, god of liberty and retribution				FACTSET:Pantheon|Greyhawk		ALIGN:CG	DOMAINS:ANY
Ulaa					SORTKEY:01_Greyhawk		KEY:Ulaa				DESC:Life, War Mountain with a circle at its heart									FACT:Title|Ulaa, goddess of hills and mountains					FACTSET:Pantheon|Greyhawk		ALIGN:LG	DOMAINS:ANY
Vecna					SORTKEY:01_Greyhawk		KEY:Vecna				DESC:Knowledge Hand with eye in the palm											FACT:Title|Vecna, god of evil secrets						FACTSET:Pantheon|Greyhawk		ALIGN:NE	DOMAINS:ANY
Wee Jas				SORTKEY:01_Greyhawk		KEY:Wee Jas				DESC:Death, Knowledge Red skull in front of fireball									FACT:Title|Wee Jas, goddess of magic and death					FACTSET:Pantheon|Greyhawk		ALIGN:LN	DOMAINS:ANY

# Deities of Dragonlance
#The Cods of Good Alignment Suggested Domains Symbol
Paladine				SORTKEY:02_Dragonlance		KEY:Paladine			DESC:War Silver triangle													FACT:Title|Paladine, god of rulers and guardians				FACTSET:Pantheon|Dragonlance		ALIGN:LG	DOMAINS:ANY
Branchala				SORTKEY:02_Dragonlance		KEY:Branchala			DESC:Light Bard's harp														FACT:Title|Branchala, god of music							FACTSET:Pantheon|Dragonlance		ALIGN:NG	DOMAINS:ANY
Habbakuk				SORTKEY:02_Dragonlance		KEY:Habbakuk			DESC:Nature, Tempest Blue bird												FACT:Title|Habbakuk, god of animal life and the sea				FACTSET:Pantheon|Dragonlance		ALIGN:NG	DOMAINS:ANY
Kiri-Jolith				SORTKEY:02_Dragonlance		KEY:Kiri-Jolith			DESC:War Bison's horns														FACT:Title|Kiri-Jolith, god of honor and war					FACTSET:Pantheon|Dragonlance		ALIGN:LG	DOMAINS:ANY
Majere				SORTKEY:02_Dragonlance		KEY:Majere				DESC:Knowledge Copper spider													FACT:Title|Majere, god of meditation and order					FACTSET:Pantheon|Dragonlance		ALIGN:LG	DOMAINS:ANY
Mishakal				SORTKEY:02_Dragonlance		KEY:Mishakal			DESC:Knowledge, Life Blue infinity sign											FACT:Title|Mishakal, goddess of healing						FACTSET:Pantheon|Dragonlance		ALIGN:LG	DOMAINS:ANY
Solinari				SORTKEY:02_Dragonlance		KEY:Solinari			DESC:no clerics White circle or sphere											FACT:Title|Solinari, god of good magic						FACTSET:Pantheon|Dragonlance		ALIGN:LG	DOMAINS:ANY
#The Gods of Neutrality Alignment Suggested Domains Symbol
Gilean				SORTKEY:02_Dragonlance		KEY:Gilean				DESC:Knowledge Open book													FACT:Title|Gilean, god of knowledge							FACTSET:Pantheon|Dragonlance		ALIGN:TN	DOMAINS:ANY
Chislev				SORTKEY:02_Dragonlance		KEY:Chislev				DESC:Nature Feather														FACT:Title|Chislev, goddess of nature						FACTSET:Pantheon|Dragonlance		ALIGN:TN	DOMAINS:ANY
Reorx					SORTKEY:02_Dragonlance		KEY:Reorx				DESC:Knowledge Forging hammer													FACT:Title|Reorx, god of craft							FACTSET:Pantheon|Dragonlance		ALIGN:TN	DOMAINS:ANY
Shinare				SORTKEY:02_Dragonlance		KEY:Shinare				DESC:Knowledge, Trickery Griffon's wing											FACT:Title|Shinare, goddess of wealth and trade					FACTSET:Pantheon|Dragonlance		ALIGN:TN	DOMAINS:ANY
Sirrion				SORTKEY:02_Dragonlance		KEY:Sirrion				DESC:Nature Multi-colored fire												FACT:Title|Sirrion, god of fire and change					FACTSET:Pantheon|Dragonlance		ALIGN:TN	DOMAINS:ANY
Zivilyn				SORTKEY:02_Dragonlance		KEY:Zivilyn				DESC:Knowledge Great green or gold tree											FACT:Title|Zivilyn, god of wisdom							FACTSET:Pantheon|Dragonlance		ALIGN:TN	DOMAINS:ANY
Lunitari				SORTKEY:02_Dragonlance		KEY:Lunitari			DESC:no clerics Red circle or sphere											FACT:Title|Lunitari, goddess of neutral magic					FACTSET:Pantheon|Dragonlance		ALIGN:TN	DOMAINS:ANY
#The Gods of Evil Alignment Suggested Domains Symbol
Takhisis				SORTKEY:02_Dragonlance		KEY:Takhisis			DESC:Death Black crescent													FACT:Title|Takhisis, goddess of night and hatred				FACTSET:Pantheon|Dragonlance		ALIGN:LE	DOMAINS:ANY
Chemosh				SORTKEY:02_Dragonlance		KEY:Chemosh				DESC:Death Yellow skull														FACT:Title|Chemosh, god of the undead						FACTSET:Pantheon|Dragonlance		ALIGN:LE	DOMAINS:ANY
Hiddukel				SORTKEY:02_Dragonlance		KEY:Hiddukel			DESC:Trickery Broken merchant's scales											FACT:Title|Hiddukel, god of lies and greed					FACTSET:Pantheon|Dragonlance		ALIGN:CE	DOMAINS:ANY
Morgion				SORTKEY:02_Dragonlance		KEY:Morgion				DESC:Death Hood with two red eyes												FACT:Title|Morgion, god of disease and secrecy					FACTSET:Pantheon|Dragonlance		ALIGN:NE	DOMAINS:ANY
Sargonnas				SORTKEY:02_Dragonlance		KEY:Sargonnas			DESC:War Stylized red condor													FACT:Title|Sargonnas, god of vengeance and fire					FACTSET:Pantheon|Dragonlance		ALIGN:LE	DOMAINS:ANY
Zeboim				SORTKEY:02_Dragonlance		KEY:Zeboim				DESC:Tempest Turtle shell													FACT:Title|Zeboim, goddess of the sea and storms				FACTSET:Pantheon|Dragonlance		ALIGN:CE	DOMAINS:ANY
Nuitari				SORTKEY:02_Dragonlance		KEY:Nuitari				DESC:no clerics Black circle or sphere											FACT:Title|Nuitari, god of evil magic						FACTSET:Pantheon|Dragonlance		ALIGN:LE	DOMAINS:ANY

# Deities of Eberron
# The Sovereign Host Alignment Suggested Domains Symbol
Arawai				SORTKEY:02_Eberron		KEY:Arawai				DESC:Life, Nature Sheaf of wheat tied with green ribbon								FACT:Title|Arawai, goddess of fertility						FACTSET:Pantheon|Eberron		ALIGN:NG	DOMAINS:ANY
Aureon				SORTKEY:02_Eberron		KEY:Aureon				DESC:Knowledge Open tome													FACT:Title|Aureon, god of law and knowledge					FACTSET:Pantheon|Eberron		ALIGN:LN	DOMAINS:ANY
Balinor				SORTKEY:02_Eberron		KEY:Balinor				DESC:Life, Nature Pair of antlers												FACT:Title|Balinor, god of beasts and the hunt					FACTSET:Pantheon|Eberron		ALIGN:TN	DOMAINS:ANY
Boldrei				SORTKEY:02_Eberron		KEY:Boldrei				DESC:Life Fire in a stone hearth												FACT:Title|Boldrei, goddess of community and home				FACTSET:Pantheon|Eberron		ALIGN:LG	DOMAINS:ANY
Dol Arrah				SORTKEY:02_Eberron		KEY:Dol Arrah			DESC:Light, War Rising sun													FACT:Title|Dol Arrah, goddess of sunlight and honor				FACTSET:Pantheon|Eberron		ALIGN:LG	DOMAINS:ANY
Dol Dorn				SORTKEY:02_Eberron		KEY:Dol Dorn			DESC:War Longsword crossed over a shield											FACT:Title|Dol Dorn, god of strength at arms					FACTSET:Pantheon|Eberron		ALIGN:CG	DOMAINS:ANY
Kol Korran				SORTKEY:02_Eberron		KEY:Kol Korran			DESC:Trickery Nine-sided gold coin												FACT:Title|Kol Korran, god of trade and wealth					FACTSET:Pantheon|Eberron		ALIGN:TN	DOMAINS:ANY
Olladra				SORTKEY:02_Eberron		KEY:Olladra				DESC:Life, Trickery Domino													FACT:Title|Olladra, goddess of good fortune					FACTSET:Pantheon|Eberron		ALIGN:NG	DOMAINS:ANY
Onatar				SORTKEY:02_Eberron		KEY:Onatar				DESC:Knowledge Crossed hammer and tongs											FACT:Title|Onatar, god of craft							FACTSET:Pantheon|Eberron		ALIGN:NG	DOMAINS:ANY
#The Dark Six Alignment Suggested Domains Symbol
The Devourer			SORTKEY:02_Eberron		KEY:The Devourer			DESC:Tempest Bundle of five sharpened bones										FACT:Title|The Devourer, god of nature's wrath					FACTSET:Pantheon|Eberron		ALIGN:NE	DOMAINS:ANY
The Fury				SORTKEY:02_Eberron		KEY:The Fury			DESC:War Winged wyrm with woman's head and upper body									FACT:Title|The Fury, goddess of wrath and madness				FACTSET:Pantheon|Eberron		ALIGN:NE	DOMAINS:ANY
The Keeper				SORTKEY:02_Eberron		KEY:The Keeper			DESC:Death Dragonshard stone in the shape of a fang									FACT:Title|The Keeper, god of greed and death					FACTSET:Pantheon|Eberron		ALIGN:NE	DOMAINS:ANY
The Mockery				SORTKEY:02_Eberron		KEY:The Mockery			DESC:War Five blood-spattered tools												FACT:Title|The Mockery, god of violence and treachery				FACTSET:Pantheon|Eberron		ALIGN:NE	DOMAINS:ANY
The Shadow				SORTKEY:02_Eberron		KEY:The Shadow			DESC:Knowledge Obsidian tower													FACT:Title|The Shadow, god of dark magic						FACTSET:Pantheon|Eberron		ALIGN:CE	DOMAINS:ANY
The Traveler			SORTKEY:02_Eberron		KEY:The Traveler			DESC:Knowledge, Trickery Four crossed, rune-inscribed bones								FACT:Title|The Traveler, deity of chaos and change				FACTSET:Pantheon|Eberron		ALIGN:CN	DOMAINS:ANY
#Other Faiths of Eberron Alignment Suggested Domains Symbol
The Silver Flame			SORTKEY:02_Eberron		KEY:The Silver Flame		DESC:Life, Light, War Flame drawn on silver or molded from silver							FACT:Title|The Silver Flame, deity of protection and good			FACTSET:Pantheon|Eberron		ALIGN:LG	DOMAINS:ANY
The Blood of Vol			SORTKEY:02_Eberron		KEY:The Blood of Vol		DESC:Death, Life Stylized dragon skull on red teardrop gem								FACT:Title|The Blood of Vol, philosophy of immortality and undeath	FACTSET:Pantheon|Eberron		ALIGN:LN	DOMAINS:ANY
Cults of the Dragon Below	SORTKEY:02_Eberron		KEY:Cults of the Dragon Below	DESC:Trickery Varies														FACT:Title|Cults of the Dragon Below, deities of madness			FACTSET:Pantheon|Eberron		ALIGN:NE	DOMAINS:ANY
The Path of Light			SORTKEY:02_Eberron		KEY:The Path of Light		DESC:Life, Light Brilliant crystal												FACT:Title|The Path of Light, philosophy of light and self-improvement	FACTSET:Pantheon|Eberron		ALIGN:LN	DOMAINS:ANY
The Undying Court			SORTKEY:02_Eberron		KEY:The Undying Court		DESC:Knowledge, Life Varies													FACT:Title|The Undying Court, elven ancestors					FACTSET:Pantheon|Eberron		ALIGN:NG	DOMAINS:ANY
The Spirits of the Past		SORTKEY:02_Eberron		KEY:The Spirits of the Past	DESC:War Varies															FACT:Title|The Spirits of the Past, elven ancestors				FACTSET:Pantheon|Eberron		ALIGN:CG	DOMAINS:ANY

# Nonhuman Deities
#Deity Alignment Suggested Domains Symbol
Bahamut				SORTKEY:03_Nonhuman Deities	KEY:Bahamut				DESC:Life, War Dragon's head in profile											FACT:Title|Bahamut, dragon god of good						FACTSET:Pantheon|Nonhuman Deities	ALIGN:LG	DOMAINS:ANY
Blibdoolpoolp			SORTKEY:03_Nonhuman Deities	KEY:Blibdoolpoolp			DESC:Death Lobster head or black pearl											FACT:Title|Blibdoolpoolp, kuo-toa goddess						FACTSET:Pantheon|Nonhuman Deities	ALIGN:NE	DOMAINS:ANY
Corellon Larethian		SORTKEY:03_Nonhuman Deities	KEY:Corellon Larethian		DESC:Light Quarter moon or starburst											FACT:Title|Corellon Larethian, elf deity of art and magic			FACTSET:Pantheon|Nonhuman Deities	ALIGN:CG	DOMAINS:ANY
Deep Sashelas			SORTKEY:03_Nonhuman Deities	KEY:Deep Sashelas			DESC:Nature, Tempest Dolphin													FACT:Title|Deep Sashelas, elf god of the sea					FACTSET:Pantheon|Nonhuman Deities	ALIGN:CG	DOMAINS:ANY
Eadro					SORTKEY:03_Nonhuman Deities	KEY:Eadro				DESC:Nature, Tempest Spiral design												FACT:Title|Eadro, merfolk deity of the sea					FACTSET:Pantheon|Nonhuman Deities	ALIGN:TN	DOMAINS:ANY
Garl Glittergold			SORTKEY:03_Nonhuman Deities	KEY:Garl Glittergold		DESC:Trickery Gold nugget													FACT:Title|Garl Glittergold, gnome god of trickery and wiles		FACTSET:Pantheon|Nonhuman Deities	ALIGN:LG	DOMAINS:ANY
Grolantor				SORTKEY:03_Nonhuman Deities	KEY:Grolantor			DESC:War Wooden club														FACT:Title|Grolantor, hill giant god of war					FACTSET:Pantheon|Nonhuman Deities	ALIGN:CE	DOMAINS:ANY
Gruumsh				SORTKEY:03_Nonhuman Deities	KEY:Gruumsh				DESC:Tempest, War Unblinking eye												FACT:Title|Gruumsh, orc god of storms and war					FACTSET:Pantheon|Nonhuman Deities	ALIGN:CE	DOMAINS:ANY
Hruggek				SORTKEY:03_Nonhuman Deities	KEY:Hruggek				DESC:War Morningstar														FACT:Title|Hruggek, bugbear god of violence					FACTSET:Pantheon|Nonhuman Deities	ALIGN:CE	DOMAINS:ANY
Kurtulmak				SORTKEY:03_Nonhuman Deities	KEY:Kurtulmak			DESC:War Gnome skull														FACT:Title|Kurtulmak, kobold god of war and mining				FACTSET:Pantheon|Nonhuman Deities	ALIGN:LE	DOMAINS:ANY
Laogzed				SORTKEY:03_Nonhuman Deities	KEY:Laogzed				DESC:Death Image of the lizard/toad god											FACT:Title|Laogzed, troglodyte god of hunger					FACTSET:Pantheon|Nonhuman Deities	ALIGN:CE	DOMAINS:ANY
Lolth					SORTKEY:03_Nonhuman Deities	KEY:Lolth				DESC:Trickery Spider														FACT:Title|Lolth, drow goddess of spiders						FACTSET:Pantheon|Nonhuman Deities	ALIGN:CE	DOMAINS:ANY
Maglubiyet				SORTKEY:03_Nonhuman Deities	KEY:Maglubiyet			DESC:War Bloody axe														FACT:Title|Maglubiyet, goblinoid god of war					FACTSET:Pantheon|Nonhuman Deities	ALIGN:LE	DOMAINS:ANY
Moradin				SORTKEY:03_Nonhuman Deities	KEY:Moradin				DESC:Knowledge Hammer and anvil												FACT:Title|Moradin, dwarf god of creation						FACTSET:Pantheon|Nonhuman Deities	ALIGN:LG	DOMAINS:ANY
Rillifane Rallathil		SORTKEY:03_Nonhuman Deities	KEY:Rillifane Rallathil		DESC:Nature Oak															FACT:Title|Rillifane Rallathil, wood elf god of nature			FACTSET:Pantheon|Nonhuman Deities	ALIGN:CG	DOMAINS:ANY
Sehanine Moonbow			SORTKEY:03_Nonhuman Deities	KEY:Sehanine Moonbow		DESC:Knowledge Crescent moon													FACT:Title|Sehanine Moonbow, elf goddess of the moon				FACTSET:Pantheon|Nonhuman Deities	ALIGN:CG	DOMAINS:ANY
Sekolah				SORTKEY:03_Nonhuman Deities	KEY:Sekolah				DESC:Nature, Tempest Shark													FACT:Title|Sekolah, sahuagin god of the hunt					FACTSET:Pantheon|Nonhuman Deities	ALIGN:LE	DOMAINS:ANY
Semuanya				SORTKEY:03_Nonhuman Deities	KEY:Semuanya			DESC:Life Egg															FACT:Title|Semuanya, lizardfolk deity of survival				FACTSET:Pantheon|Nonhuman Deities	ALIGN:TN	DOMAINS:ANY
Skerrit				SORTKEY:03_Nonhuman Deities	KEY:Skerrit				DESC:Nature Oak growing from acorn												FACT:Title|Skerrit, centaur and satyr god of nature				FACTSET:Pantheon|Nonhuman Deities	ALIGN:TN	DOMAINS:ANY
Skoraeus Stonebones		SORTKEY:03_Nonhuman Deities	KEY:Skoraeus Stonebones		DESC:Knowledge Stalactite													FACT:Title|Skoraeus Stonebones, god of stone giants and art			FACTSET:Pantheon|Nonhuman Deities	ALIGN:TN	DOMAINS:ANY
Surtur				SORTKEY:03_Nonhuman Deities	KEY:Surtur				DESC:Knowledge, War Flaming sword												FACT:Title|Surtur, god of fire giants and craft					FACTSET:Pantheon|Nonhuman Deities	ALIGN:LE	DOMAINS:ANY
Thrym					SORTKEY:03_Nonhuman Deities	KEY:Thrym				DESC:War White double-bladed axe												FACT:Title|Thrym, god of frost giants and strength				FACTSET:Pantheon|Nonhuman Deities	ALIGN:CE	DOMAINS:ANY
Tiamat				SORTKEY:03_Nonhuman Deities	KEY:Tiamat				DESC:Trickery Dragon head with five claw marks										FACT:Title|Tiamat, dragon goddess of evil						FACTSET:Pantheon|Nonhuman Deities	ALIGN:LE	DOMAINS:ANY
Yondalla				SORTKEY:03_Nonhuman Deities	KEY:Yondalla			DESC:Life Shield															FACT:Title|Yondalla, halfling goddess of fertility and protection		FACTSET:Pantheon|Nonhuman Deities	ALIGN:LG	DOMAINS:ANY

# Celtic Deities
#Deity Alignment Suggested Domains Symbol
The Daghdha				SORTKEY:04_Celtic			KEY:Celtic ~ The Daghdha	DESC:Nature, Trickery Bubbling cauldron or shield									FACT:Title|The Daghdha, god of weather and crops				FACTSET:Pantheon|Celtic			ALIGN:CG	DOMAINS:ANY
Arawn					SORTKEY:04_Celtic			KEY:Celtic ~ Arawn		DESC:Life, Death Black star on gray background										FACT:Title|Arawn, god of life and death						FACTSET:Pantheon|Celtic			ALIGN:NE	DOMAINS:ANY
Belenus				SORTKEY:04_Celtic			KEY:Celtic ~ Belenus		DESC:Light Solar disk and standing stones											FACT:Title|Belenus, god of sun, light, and warmth				FACTSET:Pantheon|Celtic			ALIGN:NG	DOMAINS:ANY
Brigantia				SORTKEY:04_Celtic			KEY:Celtic ~ Brigantia		DESC:Life Footbridge														FACT:Title|Brigantia, goddess of rivers and livestock				FACTSET:Pantheon|Celtic			ALIGN:NG	DOMAINS:ANY
Diancecht				SORTKEY:04_Celtic			KEY:Celtic ~ Diancecht		DESC:Life Crossed oak and mistletoe branches										FACT:Title|Diancecht, god of medicine and healing				FACTSET:Pantheon|Celtic			ALIGN:LG	DOMAINS:ANY
Dunatis				SORTKEY:04_Celtic			KEY:Celtic ~ Dunatis		DESC:Nature Red sun-capped mountain peak											FACT:Title|Dunatis, god of mountains and peaks					FACTSET:Pantheon|Celtic			ALIGN:TN	DOMAINS:ANY
Goibhniu				SORTKEY:04_Celtic			KEY:Celtic ~ Goibhniu		DESC:Knowledge, Life Giant mallet over sword										FACT:Title|Goibhniu, god of smiths and healing					FACTSET:Pantheon|Celtic			ALIGN:NG	DOMAINS:ANY
Lugh					SORTKEY:04_Celtic			KEY:Celtic ~ Lugh			DESC:Knowledge, Life Pair of long hands											FACT:Title|Lugh, god of arts, travel, and commerce				FACTSET:Pantheon|Celtic			ALIGN:CN	DOMAINS:ANY
Manannan mac Lir			SORTKEY:04_Celtic			KEY:Celtic ~ Manannan mac Lir	DESC:Nature, Tempest Wave of white water on green									FACT:Title|Manannan mac Lir, god of oceans and sea creatures		FACTSET:Pantheon|Celtic			ALIGN:LN	DOMAINS:ANY
Math Mathonwy			SORTKEY:04_Celtic			KEY:Celtic ~ Math Mathonwy	DESC:Knowledge Staff														FACT:Title|Math Mathonwy, god of magic						FACTSET:Pantheon|Celtic			ALIGN:NE	DOMAINS:ANY
Morrigan				SORTKEY:04_Celtic			KEY:Celtic ~ Morrigan		DESC:War Two crossed spears													FACT:Title|Morrigan, goddess of battle						FACTSET:Pantheon|Celtic			ALIGN:CE	DOMAINS:ANY
Nuada					SORTKEY:04_Celtic			KEY:Celtic ~ Nuada		DESC:War Silver hand on black background											FACT:Title|Nuada, god of war and warriors						FACTSET:Pantheon|Celtic			ALIGN:TN	DOMAINS:ANY
Oghma					SORTKEY:04_Celtic			KEY:Celtic ~ Oghma		DESC:Knowledge Unfurled scroll												FACT:Title|Oghma, god of speech and writing					FACTSET:Pantheon|Celtic			ALIGN:NG	DOMAINS:ANY
Silvanus				SORTKEY:04_Celtic			KEY:Celtic ~ Silvanus		DESC:Nature Summer oak tree													FACT:Title|Silvanus, god of nature and forests					FACTSET:Pantheon|Celtic			ALIGN:TN	DOMAINS:ANY

# Greek Deities
#Deity Alignment Suggested Domains Symbol
Zeus					SORTKEY:04_Greek			KEY:Zeus				DESC:Tempest Fist full of lightning bolts											FACT:Title|Zeus, god of the sky, ruler of the gods				FACTSET:Pantheon|Greek			ALIGN:TN	DOMAINS:ANY
Aphrodite				SORTKEY:04_Greek			KEY:Aphrodite			DESC:Light Sea shell														FACT:Title|Aphrodite, goddess of love and beauty				FACTSET:Pantheon|Greek			ALIGN:CG	DOMAINS:ANY
Apollo				SORTKEY:04_Greek			KEY:Apollo				DESC:Knowledge, Life, Light Lyre												FACT:Title|Apollo, god of light, music, and healing				FACTSET:Pantheon|Greek			ALIGN:CG	DOMAINS:ANY
Ares					SORTKEY:04_Greek			KEY:Ares				DESC:War Spear															FACT:Title|Ares, god of war and strife						FACTSET:Pantheon|Greek			ALIGN:CE	DOMAINS:ANY
Artemis				SORTKEY:04_Greek			KEY:Artemis				DESC:Life, Nature Bow and arrow on lunar disk										FACT:Title|Artemis, goddess of hunting and childbirth				FACTSET:Pantheon|Greek			ALIGN:NG	DOMAINS:ANY
Athena				SORTKEY:04_Greek			KEY:Athena				DESC:Knowledge, War Owl														FACT:Title|Athena, goddess of wisdom and civilization				FACTSET:Pantheon|Greek			ALIGN:LG	DOMAINS:ANY
Demeter				SORTKEY:04_Greek			KEY:Demeter				DESC:Life Mare's head														FACT:Title|Demeter, goddess of agriculture					FACTSET:Pantheon|Greek			ALIGN:NG	DOMAINS:ANY
Dionysus				SORTKEY:04_Greek			KEY:Dionysus			DESC:Life Thyrsus (staff tipped with pine cone)										FACT:Title|Dionysus, god of mirth and wine					FACTSET:Pantheon|Greek			ALIGN:CN	DOMAINS:ANY
Hades					SORTKEY:04_Greek			KEY:Hades				DESC:Death Black ram														FACT:Title|Hades, god of the underworld						FACTSET:Pantheon|Greek			ALIGN:LE	DOMAINS:ANY
Hecate				SORTKEY:04_Greek			KEY:Hecate				DESC:Knowledge, Trickery Setting moon											FACT:Title|Hecate, goddess of magic and the moon				FACTSET:Pantheon|Greek			ALIGN:CE	DOMAINS:ANY
Hephaestus				SORTKEY:04_Greek			KEY:Hephaestus			DESC:Knowledge Hammer and anvil												FACT:Title|Hephaestus, god of smithing and craft				FACTSET:Pantheon|Greek			ALIGN:NG	DOMAINS:ANY
Hera					SORTKEY:04_Greek			KEY:Hera				DESC:Trickery Fan of peacock feathers											FACT:Title|Hera, goddess of marriage and intrigue				FACTSET:Pantheon|Greek			ALIGN:CN	DOMAINS:ANY
Hercules				SORTKEY:04_Greek			KEY:Hercules			DESC:Tempest, War Lion's head													FACT:Title|Hercules, god of strength and adventure				FACTSET:Pantheon|Greek			ALIGN:CG	DOMAINS:ANY
Hermes				SORTKEY:04_Greek			KEY:Hermes				DESC:Trickery Caduceus (winged staff and serpents)									FACT:Title|Hermes, god of travel and commerce					FACTSET:Pantheon|Greek			ALIGN:CG	DOMAINS:ANY
Hestia				SORTKEY:04_Greek			KEY:Hestia				DESC:Life Hearth															FACT:Title|Hestia, goddess of home and family					FACTSET:Pantheon|Greek			ALIGN:NG	DOMAINS:ANY
Nike					SORTKEY:04_Greek			KEY:Nike				DESC:War Winged woman														FACT:Title|Nike, goddess of victory							FACTSET:Pantheon|Greek			ALIGN:LN	DOMAINS:ANY
Pan					SORTKEY:04_Greek			KEY:Pan				DESC:Nature Syrinx (pan pipes)												FACT:Title|Pan, god of nature								FACTSET:Pantheon|Greek			ALIGN:CN	DOMAINS:ANY
Poseidon				SORTKEY:04_Greek			KEY:Poseidon			DESC:Tempest Trident														FACT:Title|Poseidon, god of the sea and earthquakes				FACTSET:Pantheon|Greek			ALIGN:CN	DOMAINS:ANY
Tyche					SORTKEY:04_Greek			KEY:Tyche				DESC:Trickery Red pentagram													FACT:Title|Tyche, goddess of good fortune						FACTSET:Pantheon|Greek			ALIGN:TN	DOMAINS:ANY

# Egyptian Deities
#Deity Alignment Suggested Domains Symbol
Re-Horakhty				SORTKEY:05_Egyptian		KEY:Re-Horakhty			DESC:Life, Light Solar disk encircled by serpent									FACT:Title|Re-Horakhty, god of the sun, ruler of the gods			FACTSET:Pantheon|Egyptian		ALIGN:LG	DOMAINS:ANY
Anubis				SORTKEY:05_Egyptian		KEY:Anubis				DESC:Death Black jackal														FACT:Title|Anubis, god of judgment and death					FACTSET:Pantheon|Egyptian		ALIGN:LN	DOMAINS:ANY
Apep					SORTKEY:05_Egyptian		KEY:Apep				DESC:Trickery Flaming snake													FACT:Title|Apep, god of evil, fire, and serpents				FACTSET:Pantheon|Egyptian		ALIGN:NE	DOMAINS:ANY
Bast					SORTKEY:05_Egyptian		KEY:Bast				DESC:War Cat															FACT:Title|Bast, goddess of cats and vengeance					FACTSET:Pantheon|Egyptian		ALIGN:CG	DOMAINS:ANY
Bes					SORTKEY:05_Egyptian		KEY:Bes				DESC:Trickery Image of the misshapen deity										FACT:Title|Bes, god of luck and music						FACTSET:Pantheon|Egyptian		ALIGN:CN	DOMAINS:ANY
Hathor				SORTKEY:05_Egyptian		KEY:Hathor				DESC:Life, Light Horned cow's head with lunar disk									FACT:Title|Hathor, goddess of love, music, and motherhood			FACTSET:Pantheon|Egyptian		ALIGN:NG	DOMAINS:ANY
Imhotep				SORTKEY:05_Egyptian		KEY:Imhotep				DESC:Knowledge Step pyramid													FACT:Title|Imhotep, god of crafts and medicine					FACTSET:Pantheon|Egyptian		ALIGN:NG	DOMAINS:ANY
Isis					SORTKEY:05_Egyptian		KEY:Isis				DESC:Knowledge, Life Ankh and star												FACT:Title|Isis, goddess of fertility and magic					FACTSET:Pantheon|Egyptian		ALIGN:NG	DOMAINS:ANY
Nephthys				SORTKEY:05_Egyptian		KEY:Nephthys			DESC:Death Horns around a lunar disk											FACT:Title|Nephthys, goddess of death and grief					FACTSET:Pantheon|Egyptian		ALIGN:CG	DOMAINS:ANY
Osiris				SORTKEY:05_Egyptian		KEY:Osiris				DESC:Life, Nature Crook and flail												FACT:Title|Osiris, god of nature and the underworld				FACTSET:Pantheon|Egyptian		ALIGN:LG	DOMAINS:ANY
Ptah					SORTKEY:05_Egyptian		KEY:Ptah				DESC:Knowledge Bull														FACT:Title|Ptah, god of crafts, knowledge, and secrets			FACTSET:Pantheon|Egyptian		ALIGN:LN	DOMAINS:ANY
Set					SORTKEY:05_Egyptian		KEY:Set				DESC:Death, Tempest, Trickery Coiled cobra										FACT:Title|Set, god of darkness and desert storms				FACTSET:Pantheon|Egyptian		ALIGN:CE	DOMAINS:ANY
Sobek					SORTKEY:05_Egyptian		KEY:Sobek				DESC:Nature, Tempest Crocodile head with horns and plumes								FACT:Title|Sobek, god of water and crocodiles					FACTSET:Pantheon|Egyptian		ALIGN:LE	DOMAINS:ANY
Thoth					SORTKEY:05_Egyptian		KEY:Thoth				DESC:Knowledge Ibis														FACT:Title|Thoth, god of knowledge and wisdom					FACTSET:Pantheon|Egyptian		ALIGN:TN	DOMAINS:ANY

# Norse Deities
#Deity Alignment Suggested Domains Symbol
Odin					SORTKEY:05_Norse			KEY:Norse ~ Odin			DESC:Knowledge, War Watching blue eye											FACT:Title|Odin, god of knowledge and war						FACTSET:Pantheon|Norse			ALIGN:NG	DOMAINS:ANY
Aegir					SORTKEY:05_Norse			KEY:Norse ~ Aegir			DESC:Tempest Rough ocean waves												FACT:Title|Aegir, god of the sea and storms					FACTSET:Pantheon|Norse			ALIGN:NE	DOMAINS:ANY
Balder				SORTKEY:05_Norse			KEY:Norse ~ Balder		DESC:Life, Light Gem-encrusted silver chalice										FACT:Title|Balder, god of beauty and poetry					FACTSET:Pantheon|Norse			ALIGN:NG	DOMAINS:ANY
Forseti				SORTKEY:05_Norse			KEY:Norse ~ Forseti		DESC:Light Head of a bearded man												FACT:Title|Forseti, god of justice and law					FACTSET:Pantheon|Norse			ALIGN:TN	DOMAINS:ANY
Frey					SORTKEY:05_Norse			KEY:Norse ~ Frey			DESC:Life, Light Ice-blue greatsword											FACT:Title|Frey, god of fertility and the sun					FACTSET:Pantheon|Norse			ALIGN:NG	DOMAINS:ANY
Freya					SORTKEY:05_Norse			KEY:Norse ~ Freya			DESC:Life Falcon															FACT:Title|Freya, goddess of fertility and love					FACTSET:Pantheon|Norse			ALIGN:NG	DOMAINS:ANY
Frigga				SORTKEY:05_Norse			KEY:Norse ~ Frigga		DESC:Life, Light Cat														FACT:Title|Frigga, goddess of birth and fertility				FACTSET:Pantheon|Norse			ALIGN:TN	DOMAINS:ANY
Heimdall				SORTKEY:05_Norse			KEY:Norse ~ Heimdall		DESC:Light, War Curling musical horn											FACT:Title|Heimdall, god of watchfulness and loyalty				FACTSET:Pantheon|Norse			ALIGN:LG	DOMAINS:ANY
Hel					SORTKEY:05_Norse			KEY:Norse ~ Hel			DESC:Death Woman's face, rotting on one side										FACT:Title|Hel, goddess of the underworld						FACTSET:Pantheon|Norse			ALIGN:NE	DOMAINS:ANY
Hermod				SORTKEY:05_Norse			KEY:Norse ~ Hermod		DESC:Trickery Winged scroll													FACT:Title|Hermod, god of luck							FACTSET:Pantheon|Norse			ALIGN:CN	DOMAINS:ANY
Loki					SORTKEY:05_Norse			KEY:Norse ~ Loki			DESC:Trickery Flame														FACT:Title|Loki, god of thieves and trickery					FACTSET:Pantheon|Norse			ALIGN:CE	DOMAINS:ANY
Njord					SORTKEY:05_Norse			KEY:Norse ~ Njord			DESC:Nature, Tempest Gold coin												FACT:Title|Njord, god of sea and wind						FACTSET:Pantheon|Norse			ALIGN:NG	DOMAINS:ANY
Odur					SORTKEY:05_Norse			KEY:Norse ~ Odur			DESC:Light Solar disk														FACT:Title|Odur, god of light and the sun						FACTSET:Pantheon|Norse			ALIGN:CG	DOMAINS:ANY
Sif					SORTKEY:05_Norse			KEY:Norse ~ Sif			DESC:War Upraised sword														FACT:Title|Sif, goddess of war							FACTSET:Pantheon|Norse			ALIGN:CG	DOMAINS:ANY
Skadi					SORTKEY:05_Norse			KEY:Norse ~ Skadi			DESC:Nature Mountain peak													FACT:Title|Skadi, god of earth and mountains					FACTSET:Pantheon|Norse			ALIGN:TN	DOMAINS:ANY
Surtur				SORTKEY:05_Norse			KEY:Norse ~ Surtur		DESC:War Flaming sword														FACT:Title|Surtur, god of fire giants and war					FACTSET:Pantheon|Norse			ALIGN:LE	DOMAINS:ANY
Thor					SORTKEY:05_Norse			KEY:Norse ~ Thor			DESC:Tempest, War Hammer													FACT:Title|Thor, god of storms and thunder					FACTSET:Pantheon|Norse			ALIGN:CG	DOMAINS:ANY
Thrym					SORTKEY:05_Norse			KEY:Norse ~ Thrym			DESC:War White double-bladed axe												FACT:Title|Thrym, god of fire giants and cold					FACTSET:Pantheon|Norse			ALIGN:CE	DOMAINS:ANY
Tyr					SORTKEY:05_Norse			KEY:Norse ~ Tyr			DESC:Knowledge, War Sword													FACT:Title|Tyr, god of courage and strategy					FACTSET:Pantheon|Norse			ALIGN:LN	DOMAINS:ANY
Uller					SORTKEY:05_Norse			KEY:Norse ~ Uller			DESC:Nature Longbow														FACT:Title|Uller, god of hunting and winter					FACTSET:Pantheon|Norse			ALIGN:CN	DOMAINS:ANY

None		FACT:Symbol|None	DEITYWEAP:ANY	GROUP:UNSELECTED
