# CVS $Revision: $ $Author: $ -- Mon Feb 22 22:56:28 2016 -- reformated by PCGen PrettyLST v6.06.00



# Modifier Name	Unique Key						Special Property
Finesse		KEY:FINESSE		ITYPE:FINESSE		SPROP:When making an attack with a finesse weapon, you use your choice of your Strength or Dexterity modifier for the attack and damage rolls. You must use the same modifier for both rolls.
Heavy			KEY:HEAVY		ITYPE:HEAVY			SPROP:Small creatures have disadvantage on attack rolls with heavy weapons. A heavy weapon's size and bulk make it too large for a Small creature to use effectively.|PRESIZELT:M
Light			KEY:LIGHT		ITYPE:LIGHT			SPROP:A light weapon is small and easy to handle, making it ideal for use when fighting with two weapons. See the rules for two-weapon fighting in chapter 9.
Loading		KEY:LOADING		ITYPE:LOADING		SPROP:Because of the time required to load this weapon, you can fire only one piece of ammunition from it when you use an action, bonus action, or reaction to fire it, regardless of the number of attacks you can normally make.
Range			KEY:RANGE		ITYPE:RANGE			SPROP:A weapon that can be used to make a ranged attack has a range shown in parentheses after the ammunition or thrown property. The range lists two numbers. The first is the weapon's normal range in feet, and the second indicates the weapon's long range. When attacking a target beyond normal range, you have disadvantage on the attack roll. You can't attack a target beyond the weapon's long range.
Reach			KEY:REACH		ITYPE:REACH			SPROP:This weapon adds 5 feet to your reach when you attack with it. This property also determines your reach for opportunity attacks with a reach weapon.
Special		KEY:SPECIAL		ITYPE:SPECIAL		SPROP:A weapon with the special property has unusual rules governing its use, explained in the weapon's description (see "Special Weapons" later in this section).
Thrown		KEY:THROWN		ITYPE:THROWN		SPROP:If a weapon has the thrown property, you can throw the weapon to make a ranged attack. If the weapon is a melee weapon, you use the same ability modifier for that attack roll and damage roll that you would use for a melee attack with the weapon. For example, if you throw a handaxe, you use your Strength, but if you throw a dagger, you can use either your Strength or your Dexterity, since the dagger has the finesse property.
Two-Handed		KEY:TWO-HANDED	ITYPE:TWO-HANDED		SPROP:This weapon requires two hands to use. This property is relevant only when you attack with the weapon, not when you simply hold it.
Versatile		KEY:VERSATILE_D8	ITYPE:VERSATILE_D8	SPROP:Versatile: This weapon can be used with one or two hands. A damage value in parentheses appears with the property-the damage when the weapon is used with two hands to make a melee attack. (1d8)
Versatile		KEY:VERSATILE_D10	ITYPE:VERSATILE_D10	SPROP:Versatile: This weapon can be used with one or two hands. A damage value in parentheses appears with the property-the damage when the weapon is used with two hands to make a melee attack. (1d10)

Wood			KEY:Wood		ITYPE:Wood			SPROP:Wooden
Metal			KEY:Metal		ITYPE:Metal			SPROP:Metal

#Dreadful Strike		KEY:Dreadful Strike LVL3 ~ Fey Wanderer		ITYPE:Dreadful Strike	TYPE:Weapon		SPROP:You can deal an extra 1d4 Psychic damage to the target, which can take this extra damage only once per turn.
# Weapon Modifications
#Club.MOD				DAMAGE:2d4	PREABILITY:1,CATEGORY=Special Ability,Fey Wanderer ~ Dreadful Strikes	PRECLASS:2,Ranger=3,[Ranger=11]		SPROP:Fey Wanderer ~ Dreadful Strikes Damage + 1d4 (Psycic)
#Whip.MOD				DAMAGE:2d4	PREABILITY:1,CATEGORY=Special Ability,Fey Wanderer ~ Dreadful Strikes	PRECLASS:1,Ranger=3,[Ranger=11]			SPROP:Fey Wanderer ~ Dreadful Strikes Damage + 1d4 (Psycic)
#Dagger.MOD			DAMAGE:2d4	PREABILITY:1,CATEGORY=Special Ability,Fey Wanderer ~ Dreadful Strikes	PRECLASS:1,Ranger=3,[Ranger=11]			SPROP:Fey Wanderer ~ Dreadful Strikes Damage + 1d4 (Psycic)
#Unarmed Strike (Monk).MOD			DAMAGE:2d4	PREABILITY:1,CATEGORY=Special Ability,Fey Wanderer ~ Dreadful Strikes	PRECLASS:1,Ranger=3,[Ranger=11]			SPROP:Fey Wanderer ~ Dreadful Strikes Damage + 1d4 (Psycic)
#Greatclub.MOD		DAMAGE:1d8 + 1d4		PREABILITY:1,CATEGORY=Special Ability,Fey Wanderer ~ Dreadful Strikes	PRECLASS:1,Ranger=3,[Ranger=11]			SPROP:Fey Wanderer ~ Dreadful Strikes Damage + 1d4 (Psycic)
#Handaxe.MOD			DAMAGE:1d6 + 1d4		PREABILITY:1,CATEGORY=Special Ability,Fey Wanderer ~ Dreadful Strikes	PRECLASS:1,Ranger=3,[Ranger=11]			SPROP:Fey Wanderer ~ Dreadful Strikes Damage + 1d4 (Psycic)
#Javelin.MOD			DAMAGE:1d6 + 1d4		PREABILITY:1,CATEGORY=Special Ability,Fey Wanderer ~ Dreadful Strikes	PRECLASS:1,Ranger=3,[Ranger=11]			SPROP:Fey Wanderer ~ Dreadful Strikes Damage + 1d4 (Psycic)
#Light Hammer.MOD				DAMAGE:2d4	PREABILITY:1,CATEGORY=Special Ability,Fey Wanderer ~ Dreadful Strikes	PRECLASS:1,Ranger=3,[Ranger=11]			SPROP:Fey Wanderer ~ Dreadful Strikes Damage + 1d4 (Psycic)
#Mace.MOD				DAMAGE:1d6 + 1d4		PREABILITY:1,CATEGORY=Special Ability,Fey Wanderer ~ Dreadful Strikes	PRECLASS:1,Ranger=3,[Ranger=11]			SPROP:Fey Wanderer ~ Dreadful Strikes Damage + 1d4 (Psycic)
#Quarterstaff.MOD				DAMAGE:1d6 + 1d4		PREABILITY:1,CATEGORY=Special Ability,Fey Wanderer ~ Dreadful Strikes	PRECLASS:1,Ranger=3,[Ranger=11]			SPROP:Fey Wanderer ~ Dreadful Strikes Damage + 1d4 (Psycic)
#Sickle.MOD			DAMAGE:2d4	PREABILITY:1,CATEGORY=Special Ability,Fey Wanderer ~ Dreadful Strikes	PRECLASS:1,Ranger=3,[Ranger=11]			SPROP:Fey Wanderer ~ Dreadful Strikes Damage + 1d4 (Psycic)
#Spear.MOD			DAMAGE:1d6 + 1d4		PREABILITY:1,CATEGORY=Special Ability,Fey Wanderer ~ Dreadful Strikes	PRECLASS:1,Ranger=3,[Ranger=11]			SPROP:Fey Wanderer ~ Dreadful Strikes Damage + 1d4 (Psycic)
#Unarmed Strike.MOD			DAMAGE:1 + 1d4	PREABILITY:1,CATEGORY=Special Ability,Fey Wanderer ~ Dreadful Strikes	PRECLASS:1,Ranger=3,[Ranger=11]			SPROP:Fey Wanderer ~ Dreadful Strikes Damage + 1d4 (Psycic)
#Crossbow, Light.MOD			DAMAGE:1d8 + 1d4		PREABILITY:1,CATEGORY=Special Ability,Fey Wanderer ~ Dreadful Strikes	PRECLASS:1,Ranger=3,[Ranger=11]			SPROP:Fey Wanderer ~ Dreadful Strikes Damage + 1d4 (Psycic)
#Dart.MOD				DAMAGE:2d4	PREABILITY:1,CATEGORY=Special Ability,Fey Wanderer ~ Dreadful Strikes	PRECLASS:1,Ranger=3,[Ranger=11]			SPROP:Fey Wanderer ~ Dreadful Strikes Damage + 1d4 (Psycic)
#Shortbow.MOD			DAMAGE:1d6 + 1d4		PREABILITY:1,CATEGORY=Special Ability,Fey Wanderer ~ Dreadful Strikes	PRECLASS:1,Ranger=3,[Ranger=11]			SPROP:Fey Wanderer ~ Dreadful Strikes Damage + 1d4 (Psycic)
#Sling.MOD			DAMAGE:2d4	PREABILITY:1,CATEGORY=Special Ability,Fey Wanderer ~ Dreadful Strikes	PRECLASS:1,Ranger=3,[Ranger=11]			SPROP:Fey Wanderer ~ Dreadful Strikes Damage + 1d4 (Psycic)
#Battleaxe.MOD		DAMAGE:1d8 + 1d4		PREABILITY:1,CATEGORY=Special Ability,Fey Wanderer ~ Dreadful Strikes	PRECLASS:1,Ranger=3,[Ranger=11]			SPROP:Fey Wanderer ~ Dreadful Strikes Damage + 1d4 (Psycic)
#Flail.MOD			DAMAGE:1d8 + 1d4		PREABILITY:1,CATEGORY=Special Ability,Fey Wanderer ~ Dreadful Strikes	PRECLASS:1,Ranger=3,[Ranger=11]			SPROP:Fey Wanderer ~ Dreadful Strikes Damage + 1d4 (Psycic)
#Glaive.MOD			DAMAGE:1d10 + 1d4	PREABILITY:1,CATEGORY=Special Ability,Fey Wanderer ~ Dreadful Strikes	PRECLASS:1,Ranger=3,[Ranger=11]			SPROP:Fey Wanderer ~ Dreadful Strikes Damage + 1d4 (Psycic)
#Greataxe.MOD			DAMAGE:1d12 + 1d4	PREABILITY:1,CATEGORY=Special Ability,Fey Wanderer ~ Dreadful Strikes	PRECLASS:1,Ranger=3,[Ranger=11]			SPROP:Fey Wanderer ~ Dreadful Strikes Damage + 1d4 (Psycic)
#Greatsword.MOD		DAMAGE:2d6 + 1d4		PREABILITY:1,CATEGORY=Special Ability,Fey Wanderer ~ Dreadful Strikes	PRECLASS:1,Ranger=3,[Ranger=11]			SPROP:Fey Wanderer ~ Dreadful Strikes Damage + 1d4 (Psycic)
#Halberd.MOD			DAMAGE:1d10 + 1d4	PREABILITY:1,CATEGORY=Special Ability,Fey Wanderer ~ Dreadful Strikes	PRECLASS:1,Ranger=3,[Ranger=11]			SPROP:Fey Wanderer ~ Dreadful Strikes Damage + 1d4 (Psycic)
#Lance.MOD			DAMAGE:1d12 + 1d4	PREABILITY:1,CATEGORY=Special Ability,Fey Wanderer ~ Dreadful Strikes	PRECLASS:1,Ranger=3,[Ranger=11]			SPROP:Fey Wanderer ~ Dreadful Strikes Damage + 1d4 (Psycic)
#Longsword.MOD		DAMAGE:1d8 + 1d4		PREABILITY:1,CATEGORY=Special Ability,Fey Wanderer ~ Dreadful Strikes	PRECLASS:1,Ranger=3,[Ranger=11]			SPROP:Fey Wanderer ~ Dreadful Strikes Damage + 1d4 (Psycic)
#Maul.MOD				DAMAGE:2d6 + 1d4		PREABILITY:1,CATEGORY=Special Ability,Fey Wanderer ~ Dreadful Strikes	PRECLASS:1,Ranger=3,[Ranger=11]			SPROP:Fey Wanderer ~ Dreadful Strikes Damage + 1d4 (Psycic)
#Morningstar.MOD		DAMAGE:1d8 + 1d4		PREABILITY:1,CATEGORY=Special Ability,Fey Wanderer ~ Dreadful Strikes	PRECLASS:1,Ranger=3,[Ranger=11]			SPROP:Fey Wanderer ~ Dreadful Strikes Damage + 1d4 (Psycic)
#Pike.MOD				DAMAGE:1d10 + 1d4	PREABILITY:1,CATEGORY=Special Ability,Fey Wanderer ~ Dreadful Strikes	PRECLASS:1,Ranger=3,[Ranger=11]			SPROP:Fey Wanderer ~ Dreadful Strikes Damage + 1d4 (Psycic)
#Rapier.MOD			DAMAGE:1d8 + 1d4		PREABILITY:1,CATEGORY=Special Ability,Fey Wanderer ~ Dreadful Strikes	PRECLASS:1,Ranger=3,[Ranger=11]			SPROP:Fey Wanderer ~ Dreadful Strikes Damage + 1d4 (Psycic)
#Scimitar.MOD			DAMAGE:1d6 + 1d4		PREABILITY:1,CATEGORY=Special Ability,Fey Wanderer ~ Dreadful Strikes	PRECLASS:1,Ranger=3,[Ranger=11]			SPROP:Fey Wanderer ~ Dreadful Strikes Damage + 1d4 (Psycic)
#Shortsword.MOD		DAMAGE:1d6 + 1d4		PREABILITY:1,CATEGORY=Special Ability,Fey Wanderer ~ Dreadful Strikes	PRECLASS:1,Ranger=3,[Ranger=11]			SPROP:Fey Wanderer ~ Dreadful Strikes Damage + 1d4 (Psycic)
#Trident.MOD			DAMAGE:1d8 + 1d4		PREABILITY:1,CATEGORY=Special Ability,Fey Wanderer ~ Dreadful Strikes	PRECLASS:1,Ranger=3,[Ranger=11]			SPROP:Fey Wanderer ~ Dreadful Strikes Damage + 1d4 (Psycic)
#War Pick.MOD			DAMAGE:1d8 + 1d4		PREABILITY:1,CATEGORY=Special Ability,Fey Wanderer ~ Dreadful Strikes	PRECLASS:1,Ranger=3,[Ranger=11]			SPROP:Fey Wanderer ~ Dreadful Strikes Damage + 1d4 (Psycic)
#Warhammer.MOD		DAMAGE:1d8 + 1d4		PREABILITY:1,CATEGORY=Special Ability,Fey Wanderer ~ Dreadful Strikes	PRECLASS:1,Ranger=3,[Ranger=11]			SPROP:Fey Wanderer ~ Dreadful Strikes Damage + 1d4 (Psycic)
#Whip.MOD				DAMAGE:2d4	PREABILITY:1,CATEGORY=Special Ability,Fey Wanderer ~ Dreadful Strikes	PRECLASS:1,Ranger=3,[Ranger=11]			SPROP:Fey Wanderer ~ Dreadful Strikes Damage + 1d4 (Psycic)
#Blowgun.MOD			DAMAGE:1 + 1d4	PREABILITY:1,CATEGORY=Special Ability,Fey Wanderer ~ Dreadful Strikes	PRECLASS:1,Ranger=3,[Ranger=11]			SPROP:Fey Wanderer ~ Dreadful Strikes Damage + 1d4 (Psycic)
#Crossbow, Hand.MOD			DAMAGE:1d6 + 1d4		PREABILITY:1,CATEGORY=Special Ability,Fey Wanderer ~ Dreadful Strikes	PRECLASS:1,Ranger=3,[Ranger=11]			SPROP:Fey Wanderer ~ Dreadful Strikes Damage + 1d4 (Psycic)
#Crossbow, Heavy.MOD			DAMAGE:1d10 + 1d4	PREABILITY:1,CATEGORY=Special Ability,Fey Wanderer ~ Dreadful Strikes	PRECLASS:1,Ranger=3,[Ranger=11]			SPROP:Fey Wanderer ~ Dreadful Strikes Damage + 1d4 (Psycic)
#Longbow.MOD			DAMAGE:1d8 + 1d4		PREABILITY:1,CATEGORY=Special Ability,Fey Wanderer ~ Dreadful Strikes	PRECLASS:1,Ranger=3,[Ranger=11]			SPROP:Fey Wanderer ~ Dreadful Strikes Damage + 1d4 (Psycic)

#Club.MOD				DAMAGE:1d4 + 1d6	PREABILITY:1,CATEGORY=Special Ability,Fey Wanderer ~ Dreadful Strikes			PRECLASS:1,Ranger=11	SPROP:Fey Wanderer ~ Dreadful Strikes Damage + 1d6 (Psycic)
#Whip.MOD				DAMAGE:1d4 + 1d6	PREABILITY:1,CATEGORY=Special Ability,Fey Wanderer ~ Dreadful Strikes			PRECLASS:1,Ranger=11
#Dagger.MOD			DAMAGE:1d4 + 1d6	PREABILITY:1,CATEGORY=Special Ability,Fey Wanderer ~ Dreadful Strikes			PRECLASS:1,Ranger=11
#Unarmed Strike (Monk).MOD			DAMAGE:1d4 + 1d6	PREABILITY:1,CATEGORY=Special Ability,Fey Wanderer ~ Dreadful Strikes		PRECLASS:1,Ranger=11
#Greatclub.MOD		DAMAGE:1d8 + 1d6		PREABILITY:1,CATEGORY=Special Ability,Fey Wanderer ~ Dreadful Strikes			PRECLASS:1,Ranger=11
#Handaxe.MOD			DAMAGE:2d6		PREABILITY:1,CATEGORY=Special Ability,Fey Wanderer ~ Dreadful Strikes			PRECLASS:1,Ranger=11
#Javelin.MOD			DAMAGE:2d6		PREABILITY:1,CATEGORY=Special Ability,Fey Wanderer ~ Dreadful Strikes			PRECLASS:1,Ranger=11
#Light Hammer.MOD				DAMAGE:1d4 + 1d6	PREABILITY:1,CATEGORY=Special Ability,Fey Wanderer ~ Dreadful Strikes			PRECLASS:1,Ranger=11
#Mace.MOD				DAMAGE:2d6		PREABILITY:1,CATEGORY=Special Ability,Fey Wanderer ~ Dreadful Strikes			PRECLASS:1,Ranger=11
#Quarterstaff.MOD				DAMAGE:2d6		PREABILITY:1,CATEGORY=Special Ability,Fey Wanderer ~ Dreadful Strikes		PRECLASS:1,Ranger=11
#Sickle.MOD			DAMAGE:1d4 + 1d6	PREABILITY:1,CATEGORY=Special Ability,Fey Wanderer ~ Dreadful Strikes			PRECLASS:1,Ranger=11
#Spear.MOD			DAMAGE:2d6		PREABILITY:1,CATEGORY=Special Ability,Fey Wanderer ~ Dreadful Strikes			PRECLASS:1,Ranger=11
#Unarmed Strike.MOD			DAMAGE:1 + 1d6	PREABILITY:1,CATEGORY=Special Ability,Fey Wanderer ~ Dreadful Strikes			PRECLASS:1,Ranger=11
#Crossbow, Light.MOD			DAMAGE:1d8 + 1d6		PREABILITY:1,CATEGORY=Special Ability,Fey Wanderer ~ Dreadful Strikes		PRECLASS:1,Ranger=11
#Dart.MOD				DAMAGE:1d4 + 1d6	PREABILITY:1,CATEGORY=Special Ability,Fey Wanderer ~ Dreadful Strikes			PRECLASS:1,Ranger=11
#Shortbow.MOD			DAMAGE:2d6		PREABILITY:1,CATEGORY=Special Ability,Fey Wanderer ~ Dreadful Strikes			PRECLASS:1,Ranger=11
#Sling.MOD			DAMAGE:1d4 + 1d6	PREABILITY:1,CATEGORY=Special Ability,Fey Wanderer ~ Dreadful Strikes			PRECLASS:1,Ranger=11
#Battleaxe.MOD		DAMAGE:1d8 + 1d6		PREABILITY:1,CATEGORY=Special Ability,Fey Wanderer ~ Dreadful Strikes			PRECLASS:1,Ranger=11
#Flail.MOD			DAMAGE:1d8 + 1d6		PREABILITY:1,CATEGORY=Special Ability,Fey Wanderer ~ Dreadful Strikes			PRECLASS:1,Ranger=11
#Glaive.MOD			DAMAGE:1d10 + 1d6	PREABILITY:1,CATEGORY=Special Ability,Fey Wanderer ~ Dreadful Strikes			PRECLASS:1,Ranger=11
#Greataxe.MOD			DAMAGE:1d12 + 1d6	PREABILITY:1,CATEGORY=Special Ability,Fey Wanderer ~ Dreadful Strikes			PRECLASS:1,Ranger=11
#Greatsword.MOD		DAMAGE:2d6		PREABILITY:1,CATEGORY=Special Ability,Fey Wanderer ~ Dreadful Strikes			PRECLASS:1,Ranger=11
#Halberd.MOD			DAMAGE:1d10 + 1d6	PREABILITY:1,CATEGORY=Special Ability,Fey Wanderer ~ Dreadful Strikes			PRECLASS:1,Ranger=11
#Lance.MOD			DAMAGE:1d12 + 1d6	PREABILITY:1,CATEGORY=Special Ability,Fey Wanderer ~ Dreadful Strikes			PRECLASS:1,Ranger=11
#Longsword.MOD		DAMAGE:1d8 + 1d6		PREABILITY:1,CATEGORY=Special Ability,Fey Wanderer ~ Dreadful Strikes			PRECLASS:1,Ranger=11
#Maul.MOD				DAMAGE:2d6		PREABILITY:1,CATEGORY=Special Ability,Fey Wanderer ~ Dreadful Strikes			PRECLASS:1,Ranger=11
#Morningstar.MOD		DAMAGE:1d8 + 1d6		PREABILITY:1,CATEGORY=Special Ability,Fey Wanderer ~ Dreadful Strikes			PRECLASS:1,Ranger=11
#Pike.MOD				DAMAGE:1d10 + 1d6	PREABILITY:1,CATEGORY=Special Ability,Fey Wanderer ~ Dreadful Strikes			PRECLASS:1,Ranger=11
#Rapier.MOD			DAMAGE:1d8 + 1d6		PREABILITY:1,CATEGORY=Special Ability,Fey Wanderer ~ Dreadful Strikes			PRECLASS:1,Ranger=11
#Scimitar.MOD			DAMAGE:2d6		PREABILITY:1,CATEGORY=Special Ability,Fey Wanderer ~ Dreadful Strikes			PRECLASS:1,Ranger=11
#Shortsword.MOD		DAMAGE:2d6		PREABILITY:1,CATEGORY=Special Ability,Fey Wanderer ~ Dreadful Strikes			PRECLASS:1,Ranger=11
#Trident.MOD			DAMAGE:1d8 + 1d6		PREABILITY:1,CATEGORY=Special Ability,Fey Wanderer ~ Dreadful Strikes			PRECLASS:1,Ranger=11
#War Pick.MOD			DAMAGE:1d8 + 1d6		PREABILITY:1,CATEGORY=Special Ability,Fey Wanderer ~ Dreadful Strikes			PRECLASS:1,Ranger=11
#Warhammer.MOD		DAMAGE:1d8 + 1d6		PREABILITY:1,CATEGORY=Special Ability,Fey Wanderer ~ Dreadful Strikes			PRECLASS:1,Ranger=11
#Whip.MOD				DAMAGE:1d4 + 1d6	PREABILITY:1,CATEGORY=Special Ability,Fey Wanderer ~ Dreadful Strikes			PRECLASS:1,Ranger=11
#Blowgun.MOD			DAMAGE:1 + 1d6	PREABILITY:1,CATEGORY=Special Ability,Fey Wanderer ~ Dreadful Strikes			PRECLASS:1,Ranger=11
#Crossbow, Hand.MOD			DAMAGE:2d6		PREABILITY:1,CATEGORY=Special Ability,Fey Wanderer ~ Dreadful Strikes		PRECLASS:1,Ranger=11
#Crossbow, Heavy.MOD			DAMAGE:1d10 + 1d6	PREABILITY:1,CATEGORY=Special Ability,Fey Wanderer ~ Dreadful Strikes		PRECLASS:1,Ranger=11
#Longbow.MOD			DAMAGE:1d8 + 1d6		PREABILITY:1,CATEGORY=Special Ability,Fey Wanderer ~ Dreadful Strikes			PRECLASS:1,Ranger=11

