#
# Stat definitions for True20 mode
#
STATNAME:Strength		STATRANGE:-5|1000	ABB:STR	KEY:STR	STATMOD:SCORE	BONUS:COMBAT|AC|BAB|TYPE=Combat	BONUS:COMBAT|AC|STR|TYPE=Parry	BONUS:COMBAT|TOHIT.Melee|STR|TYPE=Ability	BONUS:COMBAT|DAMAGE.Melee,DAMAGE.Thrown|STR	BONUS:COMBAT|DAMAGEMULT:0|1	BONUS:COMBAT|DAMAGEMULT:1|1	BONUS:COMBAT|DAMAGEMULT:2|1	BONUS:COMBAT|TOHIT.Grapple|STR|TYPE=Ability	DEFINE:LOADSCORE|0	DEFINE:MUSCLE|0	BONUS:VAR|LOADSCORE|STRSCORE	BONUS:VAR|MUSCLE|STRSCORE	DEFINE:TWOHANDDAMAGEDIVISOR|0		DEFINE:OFFHANDLIGHTBONUS|0	BONUS:VAR|OFFHANDLIGHTBONUS|2	ABILITY:Internal|AUTOMATIC|Default
STATNAME:Dexterity	STATRANGE:-5|1000	ABB:DEX	KEY:DEX	STATMOD:SCORE	BONUS:COMBAT|AC|DEX|TYPE=Dodge	BONUS:COMBAT|TOHIT.Ranged|DEX			DEFINE:INITCOMP|0	BONUS:VAR|INITCOMP|DEX				BONUS:COMBAT|AC|10|TYPE=Base			BONUS:COMBAT|AC|min(DEX, min(MXDXEN,MODEQUIPMAXDEX))|TYPE=Ability		DEFINE:MXDXEN|0	BONUS:VAR|MXDXEN|1000|PREVAREQ:ENCUMBERANCE,0	BONUS:VAR|MXDXEN|3|PREVAREQ:ENCUMBERANCE,1	BONUS:VAR|MXDXEN|1|PREVAREQ:ENCUMBERANCE,2	DEFINE:FightingDefensivelyACBonus|0	DEFINE:FightingDefensivelyAC|0	DEFINE:TotalDefenseACBonus|0	DEFINE:TotalDefenseAC|0	BONUS:COMBAT|AC|max(FightingDefensivelyAC,TotalDefenseAC)|TYPE=Dodge
STATNAME:Constitution	STATRANGE:-5|1000	ABB:CON	KEY:CON	STATMOD:SCORE	
STATNAME:Intelligence	STATRANGE:-5|1000	ABB:INT	KEY:INT	STATMOD:SCORE	BONUS:LANG|BONUS|INT	BONUS:MODSKILLPOINTS|NUMBER|INT	DEFINE:ClassSkillMax|0	DEFINE:CrossClassSkillMax|0
STATNAME:Wisdom		STATRANGE:-5|1000	ABB:WIS	KEY:WIS	STATMOD:SCORE		DEFINE:Reputation|0
STATNAME:Charisma		STATRANGE:-5|1000	ABB:CHA	KEY:CHA	STATMOD:SCORE		DEFINE:ConvictionPoints|0	DEFINE:NormalMount|0	DEFINE:NormalFollower|0	BONUS:VAR|NormalMount|1	BONUS:VAR|NormalFollower|1


#
#	BONUS:COMBAT|EPICAB|max(((TL-HD)-19)/2,0)|TYPE=Epic		
#

# Epic Saves and Attack bonuses included here.
CHECKNAME:Toughness	BONUS:SAVE|Toughness|CON	

CHECKNAME:Fortitude	BONUS:SAVE|Fortitude|CON
#BONUS:SAVE|Fortitude|max(((TL-HD)-20)/2,0)|TYPE=Epic
CHECKNAME:Reflex		BONUS:SAVE|Reflex|DEX
#BONUS:SAVE|Reflex|max(((TL-HD)-20)/2,0)|TYPE=Epic
CHECKNAME:Will		BONUS:SAVE|Will|WIS
#BONUS:SAVE|Will|max(((TL-HD)-20)/2,0)|TYPE=Epic

# get a bonus level 1 spell at score of 12 and every 8 points beyond that
BONUSSPELLLEVEL:1		BASESTATSCORE:12	STATRANGE:8
BONUSSPELLLEVEL:2		BASESTATSCORE:14	STATRANGE:8
BONUSSPELLLEVEL:3		BASESTATSCORE:16	STATRANGE:8
BONUSSPELLLEVEL:4		BASESTATSCORE:18	STATRANGE:8
BONUSSPELLLEVEL:5		BASESTATSCORE:20	STATRANGE:8
BONUSSPELLLEVEL:6		BASESTATSCORE:22	STATRANGE:8
BONUSSPELLLEVEL:7		BASESTATSCORE:24	STATRANGE:8
BONUSSPELLLEVEL:8		BASESTATSCORE:26	STATRANGE:8
BONUSSPELLLEVEL:9		BASESTATSCORE:28	STATRANGE:8
BONUSSPELLLEVEL:10	BASESTATSCORE:30	STATRANGE:8
BONUSSPELLLEVEL:11	BASESTATSCORE:32	STATRANGE:8
BONUSSPELLLEVEL:12	BASESTATSCORE:34	STATRANGE:8
BONUSSPELLLEVEL:13	BASESTATSCORE:36	STATRANGE:8
BONUSSPELLLEVEL:14	BASESTATSCORE:38	STATRANGE:8
BONUSSPELLLEVEL:15	BASESTATSCORE:40	STATRANGE:8
BONUSSPELLLEVEL:16	BASESTATSCORE:42	STATRANGE:8
BONUSSPELLLEVEL:17	BASESTATSCORE:44	STATRANGE:8
BONUSSPELLLEVEL:18	BASESTATSCORE:46	STATRANGE:8
BONUSSPELLLEVEL:19	BASESTATSCORE:48	STATRANGE:8
BONUSSPELLLEVEL:20	BASESTATSCORE:50	STATRANGE:8
BONUSSPELLLEVEL:21	BASESTATSCORE:52	STATRANGE:8
BONUSSPELLLEVEL:22	BASESTATSCORE:54	STATRANGE:8
BONUSSPELLLEVEL:23	BASESTATSCORE:56	STATRANGE:8
BONUSSPELLLEVEL:24	BASESTATSCORE:58	STATRANGE:8
BONUSSPELLLEVEL:25	BASESTATSCORE:60	STATRANGE:8

ALIGNMENTNAME:Lawful Good	ABB:LG	KEY:LG	
ALIGNMENTNAME:Lawful Neutral	ABB:LN	KEY:LN	
ALIGNMENTNAME:Lawful Evil	ABB:LE	KEY:LE	
ALIGNMENTNAME:Neutral Good	ABB:NG	KEY:NG	
ALIGNMENTNAME:True Neutral	ABB:TN	KEY:TN	
ALIGNMENTNAME:Neutral Evil	ABB:NE	KEY:NE	
ALIGNMENTNAME:Chaotic Good	ABB:CG	KEY:CG	
ALIGNMENTNAME:Chaotic Neutral	ABB:CN	KEY:CN	
ALIGNMENTNAME:Chaotic Evil	ABB:CE	KEY:CE	
ALIGNMENTNAME:None		ABB:NONE	KEY:NONE	VALIDFORDEITY:N		VALIDFORFOLLOWER:N
ALIGNMENTNAME:Deity's		ABB:Deity	KEY:Deity	VALIDFORDEITY:N		VALIDFORFOLLOWER:N
