# CVS $Revision: $ $Author: $ -- Sun Feb  9 17:56:54 2014 -- reformated by prettylst.pl v1.51 (build 22988)

#COMMENT: BD ~ PREALIGN should be placed unless the rules have moved away from that. Not up on DS rules.
#COMMENT: JS ~ could not find any alignment restrictions. will check later

# elemental deities have no weapon listed, but the domains do. listing all domain weapons with the elemental deity. cannot use predomain with deityweap, so leaving it to the user to select the correct one. 
# Deity Name	Domains														deity weapon
Air			DOMAINS:Sun Flare,Furious Storm,Ill Winds,Rolling Thunder,Soaring Spirit			DEITYWEAP:Dejada|Macahuitl (Small)|Splashbow|Skyhammer|Longbow
Earth			DOMAINS:Decaying Touch,Earthen Embrace,Forged Stone,Ruinous Swarm,Mountain's Fury		DEITYWEAP:Carrikal|Bolas|Maul|Lasso|Heartpick
Fire			DOMAINS:Burning Eyes,Sky Blitz,Mountain's Fury,Smoldering Spirit,Fiery Wrath			DEITYWEAP:Atlatl|Forearm axe|Heartpick|Shortbow|Flail			
Magma			DOMAINS:Broken Sands,Dead Heart,Ill Winds,Mountain's Fury						DEITYWEAP:Alak|Impaler|Splashbow|Heartpick
Rain			DOMAINS:Cold Malice,Drowning Despair,Furious Storm,Living Waters					DEITYWEAP:Garrote (Bard's)|Net|Macahuitl (Small)|Trident
Silt			DOMAINS:Broken Sands,Decaying Touch,Dead Heart,Soul Slayer						DEITYWEAP:Alak|Carrikal|Impaler|Master's whip	
Sun			DOMAINS:Sun Flare,Light's Revelation,Desert Mirage,Fiery Wrath					DEITYWEAP:Dejada|Warhammer|Alhulak|Flail
Water			DOMAINS:Desert Mirage,Drowning Despair,Sky Blitz,Living Waters					DEITYWEAP:Alhulak|Net|Forearm axe|Trident		

# JS: only hamanu has a favored weapon listed. assuming favored weapon any for other deities in case it is necessary to have one.
# JS: Could not find alignments in sourcebook
Abalach-Re		DOMAINS:Chaos,Charm			DEITYWEAP:ANY
Andropinis		DOMAINS:Law,Nobility			DEITYWEAP:ANY
Borys			DOMAINS:Destruction,Protection	DEITYWEAP:ANY
Daskinor		DOMAINS:Chaos,Madness			DEITYWEAP:ANY
Dregoth		DOMAINS:Death,Destruction		DEITYWEAP:ANY
Hamanu		DOMAINS:Strength,War			DEITYWEAP:Longsword
Kalak			DOMAINS:Magic,Trickery			DEITYWEAP:ANY
Lalali-Puy		DOMAINS:Animal,Plant			DEITYWEAP:ANY
Nibenay		DOMAINS:Magic,Mind			DEITYWEAP:ANY
Oronis		DOMAINS:Knowledge,Protection		DEITYWEAP:ANY
Tectuktitlay	DOMAINS:Glory,Strength			DEITYWEAP:ANY

# JS: other deities (other religions). no domains or weapons listed.
Coraanu Star Racer
The Cerulean Storm
The Great One
The Earth Mother
Astrology
The Old Gods



#For Deities of Nuetral alignment that set weather the cleric turns/commands unded
# add use the following line as appropriate removing the #
#Turn (Undead)	DEFINE:PresetUndeadChoiceByDeity|0	BONUS:VAR|PresetUndeadChoiceByDeity|10
#Rebuke (Undead)	DEFINE:PresetUndeadChoiceByDeity|0	BONUS:VAR|PresetUndeadChoiceByDeity|20
