
CLASS:Ranger.MOD		TYPE:Ranger	PREMULT:1,[!PRECLASS:1,TYPE.Ranger=1],[PRECLASS:1,Ranger=1]	
# Mystic Ranger - #336, Pg.105

CLASS:Mystic Ranger	MAXLEVEL:20
CLASS:Mystic Ranger	HD:8	TYPE:Base.PC.Ranger	PREMULT:1,[!PRECLASS:1,TYPE.Ranger=1],[PRECLASS:1,Mystic Ranger=1]	
CLASS:Mystic Ranger	FACT:Abb|MRg	FACT:ClassType|Divine Caster
CLASS:Mystic Ranger	DEFINE:MysticRangerLVL|0	BONUS:VAR|MysticRangerLVL|CL
CLASS:Mystic Ranger	SOURCEPAGE:p.105	
CLASS:Mystic Ranger	BONUS:COMBAT|BASEAB|classlevel("APPLIEDAS=NONEPIC")|TYPE=Base.REPLACE|PREVAREQ:UseAlternateBABProgression,0
CLASS:Mystic Ranger	BONUS:VAR|ClassBABFull|classlevel("APPLIEDAS=NONEPIC")|PREVAREQ:UseFractionalBAB,1
CLASS:Mystic Ranger	BONUS:SAVE|BASE.Fortitude|classlevel("APPLIEDAS=NONEPIC")/2+2|PREVAREQ:UseAlternateSaveProgression,0
CLASS:Mystic Ranger	BONUS:SAVE|BASE.Reflex|classlevel("APPLIEDAS=NONEPIC")/2+2|PREVAREQ:UseAlternateSaveProgression,0
CLASS:Mystic Ranger	BONUS:SAVE|BASE.Will|classlevel("APPLIEDAS=NONEPIC")/3|PREVAREQ:UseAlternateSaveProgression,0
CLASS:Mystic Ranger	BONUS:VAR|ClassSaveGood_Fortitude|classlevel()|PREVAREQ:UseFractionalSave,1
CLASS:Mystic Ranger	BONUS:VAR|ClassSaveGood_Reflex|classlevel()|PREVAREQ:UseFractionalSave,1
CLASS:Mystic Ranger	BONUS:VAR|ClassSavePoor_Will|classlevel()|PREVAREQ:UseFractionalSave,1
CLASS:Mystic Ranger	PRETEXT:Alignment: Any non-evil.	!PREALIGN:LE,NE,CE
CLASS:Mystic Ranger	STARTSKILLPTS:6	CSKILL:Spellcraft|Climb|Concentration|TYPE=Craft|Handle Animal|Heal|Hide|Jump|Knowledge (Dungeoneering)|Knowledge (Geography)|Knowledge (Nature)|Listen|Move Silently|TYPE=Profession|Ride|Search|Spot|Survival|Swim|Use Rope
CLASS:Mystic Ranger	FACT:SpellType|Divine
CLASS:Mystic Ranger	SPELLSTAT:WIS	KNOWNSPELLS:LEVEL=0|LEVEL=1|LEVEL=2|LEVEL=3|LEVEL=4|LEVEL=5
CLASS:Mystic Ranger	BONUS:CASTERLEVEL|Mystic Ranger|Caster_Level_MysticRanger		BONUS:VAR|Caster_Level_MysticRanger|CL+Caster_Level_Bonus	SPELLLIST:1|Ranger
CLASS:Mystic Ranger	BONUS:VAR|Caster_Level_Highest__Divine|Caster_Level_MysticRanger|TYPE=Base
###Block
1	CAST:2
2	CAST:2,1
3	CAST:2,2
4	CAST:3,2,1
5	CAST:3,2,2
6	CAST:3,3,2,1
7	CAST:4,3,2,2
8	CAST:4,3,3,2,1
9	CAST:4,4,3,2,2
10	CAST:4,4,3,3,2,1
11	CAST:4,4,4,3,2,2
12	CAST:4,4,4,3,3,2
13	CAST:5,4,4,4,3,2
14	CAST:5,4,4,4,3,3
15	CAST:5,5,4,4,4,3
16	CAST:5,5,4,4,4,3
17	CAST:5,5,5,4,4,4
18	CAST:5,5,5,4,4,4
19	CAST:5,5,5,5,4,4
20	CAST:5,5,5,5,4,4
###Block
1	ABILITY:Mystic Ranger Class Feature|AUTOMATIC|Mystic Ranger ~ Weapon and Armor Proficiency|!PREABILITY:1,CATEGORY=ACF,TYPE.RangerProficiencies
1	ABILITY:Mystic Ranger Class Feature|AUTOMATIC|Mystic Ranger ~ Track|!PREABILITY:1,CATEGORY=ACF,TYPE.RangerTrack
1	ABILITY:Mystic Ranger Class Feature|AUTOMATIC|Mystic Ranger ~ Wild Empathy|!PREABILITY:1,CATEGORY=ACF,TYPE.RangerWildEmpathy
2	ABILITY:Mystic Ranger Class Feature|AUTOMATIC|Mystic Ranger ~ Favored Enemy|!PREABILITY:1,CATEGORY=ACF,TYPE.RangerFavoredEnemy
3	ABILITY:Mystic Ranger Class Feature|AUTOMATIC|Mystic Ranger ~ Combat Style|!PREABILITY:1,CATEGORY=ACF,TYPE.RangerCombatTree
4	ABILITY:Mystic Ranger Class Feature|AUTOMATIC|Mystic Ranger ~ Endurance|!PREABILITY:1,CATEGORY=ACF,TYPE.RangerEndurance
7	ABILITY:Mystic Ranger Class Feature|AUTOMATIC|Mystic Ranger ~ Woodland Stride|!PREABILITY:1,CATEGORY=ACF,TYPE.RangerWoodlandStride
7	ABILITY:Mystic Ranger Class Feature|AUTOMATIC|Mystic Ranger ~ Improved Combat Style|!PREABILITY:1,CATEGORY=ACF,TYPE.RangerImprovedCombatStyle
8	ABILITY:Mystic Ranger Class Feature|AUTOMATIC|Mystic Ranger ~ Swift Tracker|!PREABILITY:1,CATEGORY=ACF,TYPE.RangerSwiftTracker
9	ABILITY:Mystic Ranger Class Feature|AUTOMATIC|Mystic Ranger ~ Evasion|!PREABILITY:1,CATEGORY=ACF,TYPE.RangerEvasion
12	ABILITY:Mystic Ranger Class Feature|AUTOMATIC|Mystic Ranger ~ Combat Style Mastery|!PREABILITY:1,CATEGORY=ACF,TYPE.RangerCombatStyleMastery
13	ABILITY:Mystic Ranger Class Feature|AUTOMATIC|Mystic Ranger ~ Camouflage|!PREABILITY:1,CATEGORY=ACF,TYPE.RangerCamouflage
17	ABILITY:Mystic Ranger Class Feature|AUTOMATIC|Mystic Ranger ~ Hide in Plain Sight|!PREABILITY:1,CATEGORY=ACF,TYPE.RangerHideInPlainSight


