SOURCELONG:Player's Guide to Faerun	SOURCESHORT:PGtF	SOURCEWEB:http://www.gozzilioni.net										
#													
# Class Name 1	Hit Dice (HD)	Type (TYPE:)	Abbreviation (ABB)	Max Level (MAXLEVEL)	Source Page (SOURCEPAGE)	Save checks bonus (Fortitude) (BONUS:CHECKS)	Save checks bonus (Reflex)	Save checks bonus (Will)	Combat bonus	EXCLASS	FINE		
# Class Name req	Requirements	FINE											
# Class Name 3	Skill Pts/Lvl (STARTSKILLPTS)	Class Skill (CSKILL)	Spell Statistic (SPELLSTAT)	Spell type (SPELLTYPE)	Spellbook (SPELLBOOK)	knowspell (KNOWNSPELLS)	spell level increases (BONUS:CASTERLEVEL)	define class variables (DEFINE:variable|value	FINE				
#(level number)	ADD:SPELLCASTER o CAST	FEATAUTO proficiency	(FEATAUTO)	(SA)	(SA)	(DOMAIN)	(BONUS)			(DEFINE)			
CLASS:Phaerimm	HD:8	TYPE:Monster		MAXLEVEL:NOLIMIT	SOURCEPAGE:PGtFwe	BONUS:CHECKS|BASE.Fortitude|CL/3	BONUS:CHECKS|BASE.Reflex|CL/2+2	BONUS:CHECKS|BASE.Will|CL/2+2	BONUS:COMBAT|BAB|CL*3/4|TYPE=Base.REPLACE				
CLASS:Phaerimm	PRERACE:1,RACESUBTYPE=Phaerimm	PRERACETYPE:Aberration											
CLASS:Phaerimm	STARTSKILLPTS:2	CSKILL:Concentration|Diplomacy|Knowledge (Arcana)|Listen|Search|Sense Motive|Spellcraft|Spot								MODTOSKILLS:YES			
1							BONUS:COMBAT|AC|CL-1|TYPE=NaturalArmor.REPLACE	BONUS:VAR|PhaerimmCL|max(PhaerimmAge,(var("BL=Sorcerer")+var("CL=Sorcerer")))			DEFINE:PhaerimmCL|0		
1							BONUS:VAR|FamiliarLVL|PhaerimmCL				DEFINE:FamiliarLVL|0		
###Block: SA's													
1	ABILITY:Special Ability|AUTOMATIC|Immunity To Polymorph												
1	ABILITY:Special Ability|AUTOMATIC|Immunity To Petrification												
###Block: Normal Progression													
#Hatchling													
1	ADD:SPELLCASTER|1|Sorcerer			ABILITY:Special Ability|AUTOMATIC|Phaerimm Magic|Detect Magic (Sp at will)			BONUS:VAR|DetectMagicWillLVL|PhaerimmCL			DEFINE:PhaerimmAge|1			
2	BONUS:PCLEVEL|Sorcerer|1												
3	BONUS:PCLEVEL|Sorcerer|1												
#Juvenile													
4	BONUS:PCLEVEL|Sorcerer|1			ABILITY:Special Ability|AUTOMATIC|Telepathy|Full Vision|Phaerim Full Vision (Invisibility)			ADD:LANGUAGE|Telepathy	BONUS:VAR|TelepathyRange|100		DEFINE:PhaerimmAge|2			
5	BONUS:PCLEVEL|Sorcerer|1												
6	BONUS:PCLEVEL|Sorcerer|1												
#Young Adult													
7	BONUS:PCLEVEL|Sorcerer|1			ABILITY:Special Ability|AUTOMATIC|Poison						DEFINE:PhaerimmAge|3			
8	BONUS:PCLEVEL|Sorcerer|1												
9	BONUS:PCLEVEL|Sorcerer|1												
#Adult													
10	BONUS:PCLEVEL|Sorcerer|1			ABILITY:Special Ability|AUTOMATIC|Implant|Phaerim Full Vision (Arcane Sight)						DEFINE:PhaerimmAge|4			
11	BONUS:PCLEVEL|Sorcerer|1												
12	BONUS:PCLEVEL|Sorcerer|1												
#Mature Adult													
13	BONUS:PCLEVEL|Sorcerer|1				DR:10/Magic					DEFINE:PhaerimmAge|5			
14	BONUS:PCLEVEL|Sorcerer|1												
15	BONUS:PCLEVEL|Sorcerer|1												
#Elder													
16	BONUS:PCLEVEL|Sorcerer|1			ABILITY:Special Ability|AUTOMATIC|Phaerim Full Vision (True Seeing)						DEFINE:PhaerimmAge|6			
17	BONUS:PCLEVEL|Sorcerer|1												
18	BONUS:PCLEVEL|Sorcerer|1												
#Revered elder													
19	BONUS:PCLEVEL|Sorcerer|1				DR:15/Magic and Silver					DEFINE:PhaerimmAge|7
