# CVS $Revision: $ $Author: $ -- Wed May 27 21:05:30 2015 -- reformated by PCGen PrettyLST v6.04.01

#Bahamut	ALIGN:LG	DEITYWEAP:Pick (Heavy)|Bite	DESC:Bahamut (M)	DOMAINS:Air,Cold,Good,Luck,Protection|PREALIGN:LG,LN,NG	TYPE:Lesser	PANTHEON:Greyhawk|Draconic	SOURCEPAGE:CD
# Deity Name		Output Name					Domains																																			Description of Deity/Title	Holy Item												Deity Weapon																								Align		Pantheon				Source Page											Type
Olympian Pantheon								DOMAINS:Air,Animal,Artifice,Chaos,Charm,Community,Creation,Death,Destruction,Earth,Evil,Fire,Good,Healing,Knowledge,Law,Luck,Madness,Magic,Nobility,Plant,Protection,Strength,Sun,Travel,Trickery,War,Water,Weather	DESC:Olypmpian Pantheon															DEITYWEAP:Dagger|Greatclub|Mace (Light)|Longsword|Quarterstaff|Sword (Short)|Longspear|Halfspear|Shortspear|Trident|Unarmed Strike|Warhammer			ALIGN:TN	PANTHEON:Olympian|None		SOURCEPAGE:DD										TYPE:None
Zeus										DOMAINS:Air,Chaos,Good,Nobility,Strength,Weather|PREALIGN:NG,CG,CN																									DESC:Zeus (M)			SYMBOL:Fist filled with lightning bolts							DEITYWEAP:Shortspear|Halfspear																					ALIGN:CG	PANTHEON:Olympian			SOURCEPAGE:DD										TYPE:Greater
Aphrodite									DOMAINS:Chaos,Charm,Good|PREALIGN:NG,CG,CN																													DESC:Aphrodite (F)		SYMBOL:Seashell											DEITYWEAP:Dagger																								ALIGN:CG	PANTHEON:Olympian			SOURCEPAGE:DD										TYPE:Intermediate
Apollo									DOMAINS:Good,Healing,Knowledge,Magic,Sun|PREMULT:1,[PREALIGN:NG,CG,CN],[PRERACE:1,RACESUBTYPE=Elf]																				DESC:Apollo (M)			SYMBOL:Lyra												DEITYWEAP:Longbow																								ALIGN:CG	PANTHEON:Olympian			SOURCEPAGE:DD										TYPE:Intermediate
Ares										DOMAINS:Chaos,Destruction,Evil,War|PREMULT:1,[PREALIGN:NE,CE,CN],[PRERACE:1,RACESUBTYPE=Orc]																					DESC:Ares (M)			SYMBOL:Spear											DEITYWEAP:Shortspear																							ALIGN:CE	PANTHEON:Olympian			SOURCEPAGE:DD										TYPE:Intermediate
Artemis									DOMAINS:Animal,Good,Plant,Sun|PREMULT:1,[PREALIGN:LG,LN,CG,NG],[PRERACE:1,RACESUBTYPE=Elf]																					DESC:Artemis (F)			SYMBOL:Bow and arrow on a lunar disk							DEITYWEAP:Sword (Short)																							ALIGN:NG	PANTHEON:Olympian			SOURCEPAGE:DD										TYPE:Intermediate
Athena									DOMAINS:Animal,Good,Plant,Sun|PREALIGN:LG,LN,CG,NG																												DESC:Artemis (F)			SYMBOL:An owl											DEITYWEAP:Sword (Short)																							ALIGN:LG	PANTHEON:Olympian			SOURCEPAGE:DD										TYPE:Greater
Demeter									DOMAINS:Earth,Plant,Protection|PREALIGN:LN,NG,TN,NE,CN																											DESC:Demeter (F)			SYMBOL:Mare's head										DEITYWEAP:Shortspear|Halfspear|Longspear																				ALIGN:TN	PANTHEON:Olympian			SOURCEPAGE:DD										TYPE:Lesser
Dionysus									DOMAINS:Chaos,Destruction,Madness|PREALIGN:CG,TN,CN,CE																											DESC:Dionysus (M)			SYMBOL:Thyrsus, a staff tipped with a pine cone and twisted with a vine		DEITYWEAP:Quarterstaff																							ALIGN:CN	PANTHEON:Olympian			SOURCEPAGE:DD										TYPE:Intermediate
Hades										DOMAINS:Death,Earth,Evil|PREMULT:1,[PREALIGN:LE,TN,NE,CE],[PRERACE:1,RACESUBTYPE=Dwarf]																						DESC:Hades (M)			SYMBOL:Black ram											DEITYWEAP:Longsword																							ALIGN:NE	PANTHEON:Olympian			SOURCEPAGE:DD										TYPE:Greater
Hecate									DOMAINS:Creation,Evil,Knowledge,Magic|PREALIGN:LE,TN,NE,CE																											DESC:Hecate (F)			SYMBOL:Setting moon										DEITYWEAP:Dagger																								ALIGN:NE	PANTHEON:Olympian			SOURCEPAGE:DD										TYPE:Intermediate
Hephaestus									DOMAINS:Artifice,Community,Earth,Fire,Good|PREMULT:1,[PREALIGN:LG,NG,CG,TN],[PRERACE:1,RACESUBTYPE=Dwarf],[PRERACE:1,RACESUBTYPE=Gnome]														DESC:Hephaestus (M)		SYMBOL:Hammer and anvil										DEITYWEAP:Warhammer																							ALIGN:NG	PANTHEON:Olympian			SOURCEPAGE:DD										TYPE:Intermediate
Hera										DOMAINS:Community,Nobility,Protection,Trickery|PREALIGN:LN,NG,TN,NE,CN																									DESC:Hera (F)			SYMBOL:Fan of peacock feathers								DEITYWEAP:Mace (Light)																							ALIGN:TN	PANTHEON:Olympian			SOURCEPAGE:DD										TYPE:Greater
Hercules									DOMAINS:Chaos,Good,Luck,Strength|PREALIGN:NG,CG,CN																												DESC:Hercules (M)			SYMBOL:Lion's head										DEITYWEAP:Greatclub																							ALIGN:CG	PANTHEON:Olympian			SOURCEPAGE:DD										TYPE:Demigod
Hermes									DOMAINS:Chaos,Good,Luck,Travel,Trickery|PREMULT:1,[PREALIGN:NG,CG,CN],[PRERACE:1,RACESUBTYPE=Gnome]																				DESC:Hermes (M)																DEITYWEAP:Quarterstaff																							ALIGN:CG	PANTHEON:Olympian			SOURCEPAGE:DDCaduceus, a winged staff with two entwining serpents	TYPE:Intermediate
Hestia									DOMAINS:Community,Good,Protection|PREALIGN:LG,NG,CG,TN																											DESC:Hestia (F)			SYMBOL:Hearth											DEITYWEAP:Dagger																								ALIGN:NG	PANTHEON:Olympian			SOURCEPAGE:DD										TYPE:Lesser
Nike										DOMAINS:Law,Nobility,War|PREALIGN:LG,LN,LE,TN																													DESC:Nike (F)			SYMBOL:Winged woman										DEITYWEAP:Mace (Light)																							ALIGN:LN	PANTHEON:Olympian			SOURCEPAGE:DD										TYPE:Demigod
Pan										DOMAINS:Animal,Chaos,Plant|PREALIGN:TN,CG,CN,CE																													DESC:Pan (M)			SYMBOL:Syrinx, a pan pipes									DEITYWEAP:Unarmed Strike																						ALIGN:CN	PANTHEON:Olympian			SOURCEPAGE:DD										TYPE:Lesser
Poseidon									DOMAINS:Chaos,Earth,Water|PREALIGN:TN,CG,CN,CE																													DESC:Poseidon (M)			SYMBOL:Trident											DEITYWEAP:Trident																								ALIGN:CN	PANTHEON:Olympian			SOURCEPAGE:DD										TYPE:Greater
Tyche										DOMAINS:Luck,Protection,Travel|PREMULT:1,[PREALIGN:LG,NG,TN,CG],[PRERACE:1,RACESUBTYPE=Halfling]																				DESC:Tyche (F)			SYMBOL:Red pentagram										DEITYWEAP:Quarterstaff																							ALIGN:NG	PANTHEON:Olympian			SOURCEPAGE:DD										TYPE:Lesser
The Academy									DOMAINS:Good,Knowledge|PREALIGN:LG,NG,CG																														DESC:The Academy ()		SYMBOL:Scroll											DEITYWEAP:Quarterstaff																									PANTHEON:Olympian			SOURCEPAGE:DD										TYPE:None
#
Pharaonic Pantheon							DOMAINS:Air,Artifice,Chaos,Community,Creation,Destruction,Earth,Glory,Good,Healing,Knowledge,Law,Luck,Magic,Nobility,Plant,Protection,Repose,Rune,Strength,Sun,Travel,Trickery,War,Water|PREALIGN:LG,LN,NG,TN,CG,CN	DESC:Pharaonic Pantheon															DEITYWEAP:Flail|Pick (Heavy)|Kopesh|Longsword|Mace (Light)|Mace (Heavy)|Quarterstaff|Sword (Short)|Shortspear|Halfspear|Longspear|Bracers (Claw/Tiger)	ALIGN:TN	PANTHEON:Pharaonic|None		SOURCEPAGE:DD										TYPE:None
Three Aberrant Deities							DOMAINS:Air,Animal,Chaos,Darkness,Destruction,Evil,Fire,Scalykind,Strength,Water																							DESC:Three Aberrant Deities														DEITYWEAP:Pick (Heavy)|Longspear|Halfspear|Shortspear																		ALIGN:NE	PANTHEON:Pharaonic|None		SOURCEPAGE:DD										TYPE:None
Osirian Triad Deities							DOMAINS:Air,Earth,Law,Glory,Good,Magic,Nobility,Plant,Protection,Repose,Sun,War,Water|PREALIGN:LG,NG,CG																			DESC:Osirian Triad Deities														DEITYWEAP:Kopesh|Flail|Quarterstaff																					ALIGN:NG	PANTHEON:Pharaonic|None		SOURCEPAGE:DD										TYPE:None
Re-Horakhty									DOMAINS:Glory,Good,Law,Nobility,Sun,War|PREALIGN:LG,LN,NG																											DESC:Re-Horakhty (M)		SYMBOL:Solar disk encircled by a serpent							DEITYWEAP:Kopesh																								ALIGN:LG	PANTHEON:Pharaonic		SOURCEPAGE:DD										TYPE:Greater
Anubis									DOMAINS:Law,Magic,Repose|PREALIGN:LG,LN,LE,TN																													DESC:Anubis (M)			SYMBOL:Black Jackal										DEITYWEAP:Mace (Light)|Mace (Heavy)																					ALIGN:LN	PANTHEON:Pharaonic		SOURCEPAGE:DD										TYPE:Lesser
Apep										DOMAINS:Evil,Fire,Scalykind|PREALIGN:LE,TN,NE,CE																												DESC:Apep (M)			SYMBOL:Flaming snake										DEITYWEAP:Pick (Heavy)																							ALIGN:NE	PANTHEON:Pharaonic		SOURCEPAGE:DD										TYPE:Demigod
Bast										DOMAINS:Chaos,Destruction,Protection,Strength,War|PREMULT:1,[PREALIGN:NG,CG,CN],[PRERACE:1,RACESUBTYPE=Elf],[PRERACE:1,RACESUBTYPE=Orc],[PRERACE:1,RACESUBTYPE=Halfling]								DESC:Bast (F)			SYMBOL:Cat												DEITYWEAP:Bracers (Claw/Tiger)																					ALIGN:CG	PANTHEON:Pharaonic		SOURCEPAGE:DD										TYPE:Lesser
Bes										DOMAINS:Luck,Protection,Trickery|PREMULT:1,[PREALIGN:CG,CN,TN,CE],[PRERACE:1,RACESUBTYPE=Gnome],[PRERACE:1,RACESUBTYPE=Halfling]															DESC:Bes (M)			SYMBOL:Image of the deity									DEITYWEAP:Sword (Short)																							ALIGN:CN	PANTHEON:Pharaonic		SOURCEPAGE:DD										TYPE:Lesser
Hator										DOMAINS:Community,Good,Luck|PREMULT:1,[PREALIGN:LG,NG,TN,CG],[PRERACE:1,RACESUBTYPE=Gnome],[PRERACE:1,RACESUBTYPE=Halfling]																DESC:Hator (F)			SYMBOL:Horned cow's head with a lunar disk						DEITYWEAP:Longsword																							ALIGN:NG	PANTHEON:Pharaonic		SOURCEPAGE:DD										TYPE:Lesser
Imhotep									DOMAINS:Artifice,Healing,Knowledge|PREALIGN:LG,NG,TN,CG																											DESC:Imhotep (M)			SYMBOL:A step pyramid										DEITYWEAP:Quarterstaff																							ALIGN:NG	PANTHEON:Pharaonic		SOURCEPAGE:DD										TYPE:Demigod
Isis										DOMAINS:Good,Magic,Protection,Water|PREALIGN:LG,NG,TN,CG																											DESC:Isis (F)			SYMBOL:Ankh and star										DEITYWEAP:Quarterstaff																							ALIGN:NG	PANTHEON:Pharaonic		SOURCEPAGE:DD										TYPE:Greater
Nephthys									DOMAINS:Chaos,Good,Protection,Repose|PREMULT:1,[PREALIGN:NG,CG,CN],[PRERACE:1,RACESUBTYPE=Elf]																					DESC:Nephthys (F)			SYMBOL:Horns around a lunar disk								DEITYWEAP:Mace (Light)|Mace (Heavy)																					ALIGN:CG	PANTHEON:Pharaonic		SOURCEPAGE:DD										TYPE:Intermediate
Osiris									DOMAINS:Air,Earth,Good,Law,Plant,Repose|PREMULT:1,[PREALIGN:LG,LN,NG],[PRERACE:1,RACESUBTYPE=Dwarf]																				DESC:Osiris (M)			SYMBOL:Crook and flail										DEITYWEAP:Flail																								ALIGN:LG	PANTHEON:Pharaonic		SOURCEPAGE:DD										TYPE:Greater
Ptah										DOMAINS:Creation,Knowledge,Law,Travel|PREMULT:1,[PREALIGN:LG,LN,LE,TN],[PRERACE:1,RACESUBTYPE=Dwarf]																				DESC:Ptah (M)			SYMBOL:Bull												DEITYWEAP:Mace (Light)|Mace (Heavy)																					ALIGN:LN	PANTHEON:Pharaonic		SOURCEPAGE:DD										TYPE:Intermediate
Set										DOMAINS:Air,Chaos,Darkness,Destruction,Evil,Strength|PREMULT:1,[PREALIGN:NE,CN,CE],[PRERACE:1,RACESUBTYPE=Orc]																		DESC:Set (M)			SYMBOL:Coiled cobra										DEITYWEAP:Longspear|Halfspear|Shortspear																				ALIGN:CE	PANTHEON:Pharaonic		SOURCEPAGE:DD										TYPE:Greater
Sobek										DOMAINS:Animal,Evil,Water|PREMULT:1,[PREALIGN:LN,LE,NE],[PRERACE:1,RACESUBTYPE=Gnome]																						DESC:Sobek (M)			SYMBOL:Crocodile head with horned and plumed headress					DEITYWEAP:Shortspear																							ALIGN:LE	PANTHEON:Pharaonic		SOURCEPAGE:DD										TYPE:Demigod
Thoth										DOMAINS:Knowledge,Magic,Rune|PREALIGN:LN,NG,TN,NE,CN																												DESC:Thoth (M)			SYMBOL:Ibis												DEITYWEAP:Quarterstaff																							ALIGN:TN	PANTHEON:Pharaonic		SOURCEPAGE:DD										TYPE:Intermediate
#
Asgardian Pantheon							DOMAINS:Air,Animal,Chaos,Charm,Community,Death,Destruction,Good,Earth,Evil,Fire,Healing,Knowledge,Law,Luck,Magic,Plant,Protection,Strength,Sun,Travel,Trickery,War,Water,Weather							DESC:Asgardian Pantheon															DEITYWEAP:Longbow|Dagger|Greatclub|Greatsword|Longsword|Quarterstaff|Sword (Short)|Longspear|Halfspear|Shortspear|Unarmed Strike|Warhammer			ALIGN:TN	PANTHEON:Asgardian|None		SOURCEPAGE:DD										TYPE:None
Odin										DOMAINS:Air,Knowledge,Magic,Travel,Trickery,War|PREMULT:1,[PREALIGN:LG,NG,TN,CG],[PRERACE:1,RACESUBTYPE=Gnome]																		DESC:Odin (M)			SYMBOL:Watching blue eye									DEITYWEAP:Shortspear																							ALIGN:NG	PANTHEON:Asgardian		SOURCEPAGE:DD										TYPE:Greater
Aegir										DOMAINS:Death,Destruction,Evil,Strength,Water|PREALIGN:LE,TN,NE,CE																									DESC:Aegir (M)			SYMBOL:Rough ocean waves									DEITYWEAP:Greatclub																							ALIGN:NE	PANTHEON:Asgardian		SOURCEPAGE:DD										TYPE:Intermediate
Balder									DOMAINS:Good,Healing,Knowledge|PREMULT:1,[PREALIGN:LG,NG,TN,CG],[PRERACE:1,RACESUBTYPE=Gnome]																					DESC:Balder (M)			SYMBOL:Gem-encrusted silver chalice								DEITYWEAP:Greatsword																							ALIGN:NG	PANTHEON:Asgardian		SOURCEPAGE:DD										TYPE:Intermediate
Forseti									DOMAINS:Knowledge,Protection,Strength|PREMULT:1,[PREALIGN:LN,NG,TN,NE,CN],[PRERACE:1,RACESUBTYPE=Halfling]																			DESC:Forseti (M)			SYMBOL:Head of a bearded man									DEITYWEAP:Longsword																							ALIGN:TN	PANTHEON:Asgardian		SOURCEPAGE:DD										TYPE:Intermediate
Frey										DOMAINS:Air,Good,Plant,Sun|PREMULT:1,[PREALIGN:LG,NG,TN,CG],[PRERACE:1,RACESUBTYPE=Elf],[PRERACE:1,RACESUBTYPE=Gnome]																	DESC:Frey (M)			SYMBOL:Ice-blue longsword									DEITYWEAP:Greatsword																							ALIGN:NG	PANTHEON:Asgardian		SOURCEPAGE:DD										TYPE:Greater
Freya										DOMAINS:Air,Charm,Good,Magic|PREMULT:1,[PREALIGN:LG,NG,TN,CG],[PRERACE:1,RACESUBTYPE=Elf],[PRERACE:1,RACESUBTYPE=Gnome]																	DESC:Freya (F)			SYMBOL:Falcon											DEITYWEAP:Longsword																							ALIGN:NG	PANTHEON:Asgardian		SOURCEPAGE:DD										TYPE:Intermediate
Frigga									DOMAINS:Air,Animal,Community,Knowledge|PREMULT:1,[PREALIGN:LN,NG,TN,NE,CN],[PRERACE:1,RACESUBTYPE=Halfling]																			DESC:Frigga (F)			SYMBOL:Large cat											DEITYWEAP:Bite|Claw|Tentacle|Slam																					ALIGN:TN	PANTHEON:Asgardian		SOURCEPAGE:DD										TYPE:Greater
Heimdall									DOMAINS:Good,Law,War|PREMULT:1,[PREALIGN:LG,LN,NG],[PRERACE:1,RACESUBTYPE=Dwarf]																							DESC:Heimdall (M)			SYMBOL:Gjallahorn											DEITYWEAP:Longsword																							ALIGN:LG	PANTHEON:Asgardian		SOURCEPAGE:DD										TYPE:Intermediate
Hel										DOMAINS:Death,Destruction,Evil|PREALIGN:LE,TN,NE,CE																												DESC:Hel (F)			SYMBOL:Her face											DEITYWEAP:Longsword																							ALIGN:NE	PANTHEON:Asgardian		SOURCEPAGE:DD										TYPE:Intermediate
Hermod									DOMAINS:Chaos,Luck,Travel|PREMULT:1,[PREALIGN:TN,CG,CN,CE],[PRERACE:1,RACESUBTYPE=Elf],[PRERACE:1,RACESUBTYPE=Halfling]																	DESC:Hermod (M)			SYMBOL:Winged scroll										DEITYWEAP:Rapier																								ALIGN:CN	PANTHEON:Asgardian		SOURCEPAGE:DD										TYPE:Demigod
Loki										DOMAINS:Chaos,Destruction,Evil,Trickery|PREALIGN:NE,CN,CE																											DESC:Loki (M)			SYMBOL:Flame											DEITYWEAP:Dagger																								ALIGN:CE	PANTHEON:Asgardian		SOURCEPAGE:DD										TYPE:Greater
Njord										DOMAINS:Air,Good,Water|PREALIGN:LG,NG,TN,CG																													DESC:Njord (M)			SYMBOL:Gold coin											DEITYWEAP:Longspear																							ALIGN:NG	PANTHEON:Asgardian		SOURCEPAGE:DD										TYPE:Intermediate
Odur										DOMAINS:Chaos,Fire,Sun|PREALIGN:NG,CG,CN																														DESC:Odur (M)			SYMBOL:Sun disk											DEITYWEAP:Sword (Bastard)																						ALIGN:CG	PANTHEON:Asgardian		SOURCEPAGE:DD										TYPE:Demigod
Sif										DOMAINS:Chaos,Good,War|PREALIGN:NG,CG,CN																														DESC:Sif (F)			SYMBOL:Uprised sword										DEITYWEAP:Longsword																							ALIGN:CG	PANTHEON:Asgardian		SOURCEPAGE:DD										TYPE:Lesser
Skadi										DOMAINS:Destruction,Earth,Strength|PREMULT:1,[PREALIGN:LN,NG,TN,NE,CN],[PRERACE:1,RACESUBTYPE=Dwarf],[PRERACE:1,RACESUBTYPE=Halfling]														DESC:Skadi (F)			SYMBOL:Mountain peak										DEITYWEAP:Greataxe																							ALIGN:TN	PANTHEON:Asgardian		SOURCEPAGE:DD										TYPE:Lesser
Surtur									DOMAINS:Evil,Fire,Law,Strength,War|PREALIGN:LN,LE,NE																												DESC:Surtur (M)			SYMBOL:Flaming sword										DEITYWEAP:Longsword																							ALIGN:LE	PANTHEON:Asgardian		SOURCEPAGE:DD										TYPE:Intermediate
Thor										DOMAINS:Chaos,Good,Protection,Strength,War,Weather|PREMULT:1,[PREALIGN:NG,CG,CN],[PRERACE:1,RACESUBTYPE=Dwarf],[PRERACE:1,RACESUBTYPE=Orc]													DESC:Thor (M)			SYMBOL:Hammer											DEITYWEAP:Warhammer																							ALIGN:CG	PANTHEON:Asgardian		SOURCEPAGE:DD										TYPE:Greater
Thrym										DOMAINS:Chaos,Earth,Evil,Strength,War|PREALIGN:NE,CN,CE																											DESC:Thrym (M)			SYMBOL:White double-bladed axe								DEITYWEAP:Greataxe																							ALIGN:CE	PANTHEON:Asgardian		SOURCEPAGE:DD										TYPE:Intermediate
Tyr										DOMAINS:Law,Protection,War|PREMULT:1,[PREALIGN:LG,LN,LE,TN],[PRERACE:1,RACESUBTYPE=Dwarf]																						DESC:Tyr (M)			SYMBOL:Sword											DEITYWEAP:Longsword																							ALIGN:LN	PANTHEON:Asgardian		SOURCEPAGE:DD										TYPE:Intermediate
Uller										DOMAINS:Chaos,Protection,Travel|PREMULT:1,[PREALIGN:TN,CG,CN,CE],[PRERACE:1,RACESUBTYPE=Elf],[PRERACE:1,RACESUBTYPE=Orc],[PRERACE:1,RACESUBTYPE=Halfling]											DESC:Uller (M)			SYMBOL:Longbow											DEITYWEAP:Longbow																								ALIGN:CN	PANTHEON:Asgardian		SOURCEPAGE:DD										TYPE:Lesser
#
Taiia (The Creator)	OUTPUTNAME:Taiia, The Creator		DOMAINS:Air,Chaos,Earth,Good,Healing,Knowledge,Law,Luck,Magic,Protection,Sun,Travel|PREALIGN:CG,CN,LG,LN,TN,NG																		DESC:Taiia (F)			SYMBOL:A solar disk with three eyes								DEITYWEAP:Trident																								ALIGN:TN	PANTHEON:Monotheistic		SOURCEPAGE:DD										TYPE:Greater
Taiia (The Destroyer)	OUTPUTNAME:Taiia, The Destroyer	DOMAINS:Chaos,Death,Destruction,Evil,Fire,Law,Strength,Trickery,War,Water|PREALIGN:CE,CN,LN,LE,TN,NE																				DESC:Taiia (F)			SYMBOL:A solar disk with three eyes								DEITYWEAP:Battleaxe																							ALIGN:TN	PANTHEON:Monotheistic		SOURCEPAGE:DD										TYPE:Greater
#
Elishar									DOMAINS:Good,Healing,Knowledge,Luck,Protection,Sun|PREALIGN:CG,LG,NG																									DESC:Elishar (M)			SYMBOL:A five-pointed star with another five-pointed star within its center	DEITYWEAP:Scimitar																							ALIGN:NG	PANTHEON:Following the Light	SOURCEPAGE:DD										TYPE:Intermediate
Toldoth									DOMAINS:Death,Destruction,Evil,Strength,Trickery,War|PREALIGN:CE,LE,NE																									DESC:Toldoth (M)			SYMBOL:Onyx disk											DEITYWEAP:Battleaxe																							ALIGN:NE	PANTHEON:Following the Light	SOURCEPAGE:DD										TYPE:Intermediate
#
Dennari									DOMAINS:Chaos,Earth,Good,Liberation,Plant|PREALIGN:CG,CN,NG																											DESC:Dennari (F)			SYMBOL:Warhammer with leaves sprouting from handle					DEITYWEAP:Warhammer																							ALIGN:CG	PANTHEON:None			SOURCEPAGE:DD										TYPE:Lesser
