# CVS $Revision: $ $Author: $ -- Wed May 27 21:05:30 2015 -- reformated by PCGen PrettyLST v6.04.01

STARTPACK:Cyclops (Lesser) Default	TYPE:DefaultMonster.Giant	VISIBLE:QUALIFY	EQUIPBUY:0	PREMULT:1,[!PRERACE:1,%],[PRERACE:1,Cyclops (Lesser)]
RACE:Cyclops (Lesser)	!PRERACE:1,%
NAME:Lesser Cyclops
STAT:STR=11|DEX=11|CON=11|INT=10|WIS=10|CHA=10

STARTPACK:Cyclops (Greater) Default	TYPE:DefaultMonster.Giant	VISIBLE:QUALIFY	EQUIPBUY:0	PREMULT:1,[!PRERACE:1,%],[PRERACE:1,Cyclops (Greater)]
RACE:Cyclops (Greater)	!PRERACE:1,%
NAME:Greater Cyclops
STAT:STR=11|DEX=11|CON=11|INT=10|WIS=10|CHA=10

STARTPACK:Faun Default	TYPE:DefaultMonster.Fey	VISIBLE:QUALIFY	EQUIPBUY:0	PREMULT:1,[!PRERACE:1,%],[PRERACE:1,Faun]
RACE:Faun	!PRERACE:1,%
NAME:Faun
STAT:STR=11|DEX=10|CON=10|INT=11|WIS=11|CHA=10

STARTPACK:Minion of Set Default	TYPE:DefaultMonster.Fey	VISIBLE:QUALIFY	EQUIPBUY:0	PREMULT:1,[!PRERACE:1,%],[PRERACE:1,Minion of Set]
RACE:Minion of Set	!PRERACE:1,%
NAME:Minion of Set
STAT:STR=10|DEX=11|CON=10|INT=11|WIS=10|CHA=11

STARTPACK:Energon (Yag-Ya) Default	TYPE:DefaultMonster.Outsider	VISIBLE:QUALIFY	EQUIPBUY:0	PREMULT:1,[!PRERACE:1,%],[PRERACE:1,Energon (Yag-Ya)]
RACE:Energon (Xag-Ya)	!PRERACE:1,%
NAME:Xag-Ya
STAT:STR=10|DEX=11|CON=10|INT=11|WIS=10|CHA=10

# Companion
STARTPACK:Xag-Ya Energon Companion	TYPE:Companion	VISIBLE:NO
RACE:Companion ~ Xag-Ya	!PRERACE:1,%
ALIGN:TN
SKILL:Hide			RANK:7
SKILL:Search		RANK:5
SKILL:Sense Motive	RANK:8
SKILL:Spot			RANK:8
ABILITY:CATEGORY=FEAT|Combat Reflexes
ABILITY:CATEGORY=FEAT|Extra Turning
STAT:STR=10|DEX=11|CON=10|INT=11|WIS=10|CHA=10
