# CVS $Revision: $ $Author: $ -- Wed May 27 21:05:30 2015 -- reformated by PCGen PrettyLST v6.04.01


###Block: Spells
# Spell Name			Unique Key			Type		Classes of caster			Domains granting the spell	School		Components		Casting Time			Range		Target Area or Effect				Duration			Save Info					Spell Resistance	Source Page			Description
Status, Greater			KEY:Status (Greater)	TYPE:Divine						DOMAINS:Community=4		SCHOOL:Divination	COMPS:V, S, DF	CASTTIME:1 standard action	RANGE:Touch	TARGETAREA:One creature touched/levels.	DURATION:1 hour/level	SAVEINFO:Will negates (Harmless)	SPELLRES:Yes	SOURCEPAGE:DD3.5up	DESC:As Status, but you can also cast limited selection of spells through the link as if you were touching the target.
#
Bane.MOD										CLASSES:Justiciar of Taiia=1
Cause Fear.MOD									CLASSES:Justiciar of Taiia=1
Command.MOD										CLASSES:Justiciar of Taiia=1
Deathwatch.MOD									CLASSES:Justiciar of Taiia=1
Divine Favor.MOD									CLASSES:Justiciar of Taiia=1
Doom.MOD										CLASSES:Justiciar of Taiia=1
Magic Weapon.MOD									CLASSES:Justiciar of Taiia=1
Aid.MOD										CLASSES:Justiciar of Taiia=2
Bull's Strength.MOD								CLASSES:Justiciar of Taiia=2
Enthrall.MOD									CLASSES:Justiciar of Taiia=2
Hold Person.MOD									CLASSES:Justiciar of Taiia=2
Spiritual Weapon.MOD								CLASSES:Justiciar of Taiia=2
Zone of Truth.MOD									CLASSES:Justiciar of Taiia=2
Bestow Curse.MOD									CLASSES:Justiciar of Taiia=3
Blindness/Deafness.MOD								CLASSES:Justiciar of Taiia=3
Contagion.MOD									CLASSES:Justiciar of Taiia=3
Magic Vestment.MOD								CLASSES:Justiciar of Taiia=3
Prayer.MOD										CLASSES:Justiciar of Taiia=3
Searing Light.MOD									CLASSES:Justiciar of Taiia=3
Commune.MOD										CLASSES:Justiciar of Taiia=4
Discern Lies.MOD									CLASSES:Justiciar of Taiia=4
Divine Power.MOD									CLASSES:Justiciar of Taiia=4
Magic Weapon (Greater).MOD							CLASSES:Justiciar of Taiia=4
Bless.MOD										CLASSES:Soldier of Light=1
Bless Water.MOD									CLASSES:Soldier of Light=1
Bless Weapon.MOD									CLASSES:Soldier of Light=1
Cure Light Wounds.MOD								CLASSES:Soldier of Light=1
Detect Evil.MOD									CLASSES:Soldier of Light=1
Hide from Undead.MOD								CLASSES:Soldier of Light=1
Light.MOD										CLASSES:Soldier of Light=1
Magic Weapon.MOD									CLASSES:Soldier of Light=1
Protection from Evil.MOD							CLASSES:Soldier of Light=1
Shield of Faith.MOD								CLASSES:Soldier of Light=1
Aid.MOD										CLASSES:Soldier of Light=2
Consecrate.MOD									CLASSES:Soldier of Light=2
Cure Moderate Wounds.MOD							CLASSES:Soldier of Light=2
Daylight.MOD									CLASSES:Soldier of Light=2
Restoration (Lesser).MOD							CLASSES:Soldier of Light=2
Make Whole.MOD									CLASSES:Soldier of Light=2
Shield Other.MOD									CLASSES:Soldier of Light=2
Cure Serious Wounds.MOD								CLASSES:Soldier of Light=3
Magic Weapon (Greater).MOD							CLASSES:Soldier of Light=3
Magic Circle against Evil.MOD							CLASSES:Soldier of Light=3
Death Ward.MOD									CLASSES:Soldier of Light=3
Prayer.MOD										CLASSES:Soldier of Light=3
Remove Disease.MOD								CLASSES:Soldier of Light=3
Searing Light.MOD									CLASSES:Soldier of Light=3
Cure Critical Wounds.MOD							CLASSES:Soldier of Light=4
Death Ward.MOD									CLASSES:Soldier of Light=4
Holy Smite.MOD									CLASSES:Soldier of Light=4
Holy Sword.MOD									CLASSES:Soldier of Light=4
Planar Ally (Lesser).MOD							CLASSES:Soldier of Light=4
Restoration.MOD									CLASSES:Soldier of Light=4
