

# Standard Method to remove Tiefling Traits
FACTDEF:ABILITY|Tiefling_Trait_AbilityScoreIncrease	DATAFORMAT:BOOLEAN	REQUIRED:NO	SELECTABLE:NO	VISIBLE:YES	DISPLAYNAME:Remove Trait Ability Score Increase
FACTDEF:ABILITY|Tiefling_Trait_Darkvision			DATAFORMAT:BOOLEAN	REQUIRED:NO	SELECTABLE:NO	VISIBLE:YES	DISPLAYNAME:Remove Trait Darkvision
FACTDEF:ABILITY|Tiefling_Trait_HellishResistance	DATAFORMAT:BOOLEAN	REQUIRED:NO	SELECTABLE:NO	VISIBLE:YES	DISPLAYNAME:Remove Trait Hellish Resistance
FACTDEF:ABILITY|Tiefling_Trait_InfernalLegacy		DATAFORMAT:BOOLEAN	REQUIRED:NO	SELECTABLE:NO	VISIBLE:YES	DISPLAYNAME:Remove Trait Infernal Legacy
FACTDEF:ABILITY|Tiefling_Trait_Languages			DATAFORMAT:BOOLEAN	REQUIRED:NO	SELECTABLE:NO	VISIBLE:YES	DISPLAYNAME:Remove Trait Languages


FACTDEF:ABILITY|HalfElfSkillVersatility			DATAFORMAT:BOOLEAN	REQUIRED:NO	SELECTABLE:NO	VISIBLE:YES	DISPLAYNAME:Skill Versatility
FACTDEF:ABILITY|DragonbornAbilityScoreIncrease		DATAFORMAT:BOOLEAN	REQUIRED:NO	SELECTABLE:NO	VISIBLE:YES	DISPLAYNAME:Dragonborn Ability Score Increase
FACTDEF:ABILITY|DragonbornDamageResistance		DATAFORMAT:BOOLEAN	REQUIRED:NO	SELECTABLE:NO	VISIBLE:YES	DISPLAYNAME:Dragonborn Damage Resistance

# Race & Subrace
FACTDEF:ABILITY|Race_Dwarf				DATAFORMAT:BOOLEAN	REQUIRED:NO	SELECTABLE:NO	VISIBLE:YES
FACTDEF:ABILITY|Race_Elf				DATAFORMAT:BOOLEAN	REQUIRED:NO	SELECTABLE:NO	VISIBLE:YES
FACTDEF:ABILITY|Race_Halfling				DATAFORMAT:BOOLEAN	REQUIRED:NO	SELECTABLE:NO	VISIBLE:YES
FACTDEF:ABILITY|Race_Human				DATAFORMAT:BOOLEAN	REQUIRED:NO	SELECTABLE:NO	VISIBLE:YES
FACTDEF:ABILITY|Race_Dragonborn			DATAFORMAT:BOOLEAN	REQUIRED:NO	SELECTABLE:NO	VISIBLE:YES
FACTDEF:ABILITY|Race_Gnome				DATAFORMAT:BOOLEAN	REQUIRED:NO	SELECTABLE:NO	VISIBLE:YES
FACTDEF:ABILITY|Race_Half-Elf				DATAFORMAT:BOOLEAN	REQUIRED:NO	SELECTABLE:NO	VISIBLE:YES
FACTDEF:ABILITY|Race_Half-Orc				DATAFORMAT:BOOLEAN	REQUIRED:NO	SELECTABLE:NO	VISIBLE:YES
FACTDEF:ABILITY|Race_Tiefling				DATAFORMAT:BOOLEAN	REQUIRED:NO	SELECTABLE:NO	VISIBLE:YES

# Subraces
FACTDEF:ABILITY|Subrace_Lightfoot			DATAFORMAT:BOOLEAN	REQUIRED:NO	SELECTABLE:NO	VISIBLE:YES
FACTDEF:ABILITY|Subrace_Stout				DATAFORMAT:BOOLEAN	REQUIRED:NO	SELECTABLE:NO	VISIBLE:YES
FACTDEF:ABILITY|Subrace_Forest			DATAFORMAT:BOOLEAN	REQUIRED:NO	SELECTABLE:NO	VISIBLE:YES
FACTDEF:ABILITY|Subrace_Rock				DATAFORMAT:BOOLEAN	REQUIRED:NO	SELECTABLE:NO	VISIBLE:YES
FACTDEF:ABILITY|Subrace_High				DATAFORMAT:BOOLEAN	REQUIRED:NO	SELECTABLE:NO	VISIBLE:YES
FACTDEF:ABILITY|Subrace_Wood				DATAFORMAT:BOOLEAN	REQUIRED:NO	SELECTABLE:NO	VISIBLE:YES
FACTDEF:ABILITY|Subrace_Dark				DATAFORMAT:BOOLEAN	REQUIRED:NO	SELECTABLE:NO	VISIBLE:YES
FACTDEF:ABILITY|Subrace_Hill				DATAFORMAT:BOOLEAN	REQUIRED:NO	SELECTABLE:NO	VISIBLE:YES
FACTDEF:ABILITY|Subrace_Mountain			DATAFORMAT:BOOLEAN	REQUIRED:NO	SELECTABLE:NO	VISIBLE:YES
FACTDEF:ABILITY|Subrace_Gray				DATAFORMAT:BOOLEAN	REQUIRED:NO	SELECTABLE:NO	VISIBLE:YES
FACTDEF:ABILITY|Subrace_Black				DATAFORMAT:BOOLEAN	REQUIRED:NO	SELECTABLE:NO	VISIBLE:YES
FACTDEF:ABILITY|Subrace_Blue				DATAFORMAT:BOOLEAN	REQUIRED:NO	SELECTABLE:NO	VISIBLE:YES
FACTDEF:ABILITY|Subrace_Brass				DATAFORMAT:BOOLEAN	REQUIRED:NO	SELECTABLE:NO	VISIBLE:YES
FACTDEF:ABILITY|Subrace_Bronze			DATAFORMAT:BOOLEAN	REQUIRED:NO	SELECTABLE:NO	VISIBLE:YES
FACTDEF:ABILITY|Subrace_Copper			DATAFORMAT:BOOLEAN	REQUIRED:NO	SELECTABLE:NO	VISIBLE:YES
FACTDEF:ABILITY|Subrace_Gold				DATAFORMAT:BOOLEAN	REQUIRED:NO	SELECTABLE:NO	VISIBLE:YES
FACTDEF:ABILITY|Subrace_Green				DATAFORMAT:BOOLEAN	REQUIRED:NO	SELECTABLE:NO	VISIBLE:YES
FACTDEF:ABILITY|Subrace_Red				DATAFORMAT:BOOLEAN	REQUIRED:NO	SELECTABLE:NO	VISIBLE:YES
FACTDEF:ABILITY|Subrace_Silver			DATAFORMAT:BOOLEAN	REQUIRED:NO	SELECTABLE:NO	VISIBLE:YES
FACTDEF:ABILITY|Subrace_White				DATAFORMAT:BOOLEAN	REQUIRED:NO	SELECTABLE:NO	VISIBLE:YES

# Sizes
FACTDEF:ABILITY|Size_T				DATAFORMAT:BOOLEAN	REQUIRED:NO	SELECTABLE:NO	VISIBLE:YES
FACTDEF:ABILITY|Size_S				DATAFORMAT:BOOLEAN	REQUIRED:NO	SELECTABLE:NO	VISIBLE:YES
FACTDEF:ABILITY|Size_M				DATAFORMAT:BOOLEAN	REQUIRED:NO	SELECTABLE:NO	VISIBLE:YES
FACTDEF:ABILITY|Size_L				DATAFORMAT:BOOLEAN	REQUIRED:NO	SELECTABLE:NO	VISIBLE:YES
FACTDEF:ABILITY|Size_H				DATAFORMAT:BOOLEAN	REQUIRED:NO	SELECTABLE:NO	VISIBLE:YES
FACTDEF:ABILITY|Size_G				DATAFORMAT:BOOLEAN	REQUIRED:NO	SELECTABLE:NO	VISIBLE:YES

FACTDEF:ABILITY|AltRanger			DATAFORMAT:BOOLEAN	REQUIRED:NO	SELECTABLE:NO	VISIBLE:YES


FACTDEF:ABILITY|NoProfBonus			DATAFORMAT:BOOLEAN	REQUIRED:NO	SELECTABLE:NO	VISIBLE:YES


###Block: Class Features to be replaced
FACTDEF:Ranger_FavoredEnemy				DATAFORMAT:BOOLEAN	REQUIRED:NO	SELECTABLE:NO	VISIBLE:YES
FACTDEF:Ranger_NaturalExplorer			DATAFORMAT:BOOLEAN	REQUIRED:NO	SELECTABLE:NO	VISIBLE:YES
FACTDEF:Ranger_FightingStyle				DATAFORMAT:BOOLEAN	REQUIRED:NO	SELECTABLE:NO	VISIBLE:YES
FACTDEF:Ranger_Spellcasting				DATAFORMAT:BOOLEAN	REQUIRED:NO	SELECTABLE:NO	VISIBLE:YES
FACTDEF:Ranger_SpellSlots				DATAFORMAT:BOOLEAN	REQUIRED:NO	SELECTABLE:NO	VISIBLE:YES
FACTDEF:Ranger_RangerArchetype			DATAFORMAT:BOOLEAN	REQUIRED:NO	SELECTABLE:NO	VISIBLE:YES
FACTDEF:Ranger_PrimevalAwareness			DATAFORMAT:BOOLEAN	REQUIRED:NO	SELECTABLE:NO	VISIBLE:YES
FACTDEF:Ranger_AbilityScoreImprovement		DATAFORMAT:BOOLEAN	REQUIRED:NO	SELECTABLE:NO	VISIBLE:YES
FACTDEF:Ranger_ExtraAttack				DATAFORMAT:BOOLEAN	REQUIRED:NO	SELECTABLE:NO	VISIBLE:YES
FACTDEF:Ranger_LandsStride				DATAFORMAT:BOOLEAN	REQUIRED:NO	SELECTABLE:NO	VISIBLE:YES
FACTDEF:Ranger_HideinPlainSight			DATAFORMAT:BOOLEAN	REQUIRED:NO	SELECTABLE:NO	VISIBLE:YES
FACTDEF:Ranger_Vanish					DATAFORMAT:BOOLEAN	REQUIRED:NO	SELECTABLE:NO	VISIBLE:YES
FACTDEF:Ranger_FeralSenses				DATAFORMAT:BOOLEAN	REQUIRED:NO	SELECTABLE:NO	VISIBLE:YES
FACTDEF:Ranger_FoeSlayer				DATAFORMAT:BOOLEAN	REQUIRED:NO	SELECTABLE:NO	VISIBLE:YES

