# CVS $Revision: $ $Author: $ -- Thu Aug  7 12:47:32 2014 -- reformated by prettylst.pl v1.51 (build 24365)

ABILITYCATEGORY:Special Ability				VISIBLE:NO	EDITABLE:NO	EDITPOOL:NO		CATEGORY:Special Ability
ABILITYCATEGORY:Internal					VISIBLE:NO	EDITABLE:NO	EDITPOOL:NO		CATEGORY:Internal
ABILITYCATEGORY:Skill						VISIBLE:NO	EDITABLE:NO	EDITPOOL:NO		CATEGORY:Skill
ABILITYCATEGORY:Language					VISIBLE:NO	EDITABLE:NO	EDITPOOL:NO		CATEGORY:Language
ABILITYCATEGORY:Spell						VISIBLE:NO	EDITABLE:NO	EDITPOOL:NO		CATEGORY:Spell


# Ability Category						Visible		Editable?		Change Pool?	Category of Object		Type of Object			Specific choices list														Display Location
ABILITYCATEGORY:Dwarf Subrace					VISIBLE:QUALIFY	EDITABLE:YES	EDITPOOL:NO		CATEGORY:Internal			TYPE:DwarfSubrace																				DISPLAYLOCATION:Character
ABILITYCATEGORY:Dwarf Trait					VISIBLE:QUALIFY	EDITABLE:YES	EDITPOOL:NO		CATEGORY:Special Ability	TYPE:Dwarf Trait																				DISPLAYLOCATION:Character
ABILITYCATEGORY:Dwarf Artisan's Tool Proficiency	VISIBLE:QUALIFY	EDITABLE:YES	EDITPOOL:NO		CATEGORY:Special Ability	TYPE:DwarfToolProficiency																		DISPLAYLOCATION:Character


ABILITYCATEGORY:Elf Subrace					VISIBLE:QUALIFY	EDITABLE:YES	EDITPOOL:NO		CATEGORY:Internal			TYPE:ElfSubrace																				DISPLAYLOCATION:Character
ABILITYCATEGORY:Elf Trait					VISIBLE:QUALIFY	EDITABLE:YES	EDITPOOL:NO		CATEGORY:Special Ability	TYPE:Elf Trait																				DISPLAYLOCATION:Character

ABILITYCATEGORY:Halfling Subrace				VISIBLE:QUALIFY	EDITABLE:YES	EDITPOOL:NO		CATEGORY:Internal			TYPE:HalflingSubrace																			DISPLAYLOCATION:Character
ABILITYCATEGORY:Halfling Trait				VISIBLE:QUALIFY	EDITABLE:YES	EDITPOOL:NO		CATEGORY:Special Ability	TYPE:Halfling Trait																			DISPLAYLOCATION:Character

#ABILITYCATEGORY:Human Subrace					TYPE:HumanSubrace						EDITABLE:YES	EDITPOOL:NO	CATEGORY:Special Ability	DISPLAYLOCATION:Character	VISIBLE:QUALIFY
ABILITYCATEGORY:Human Rule Selection			VISIBLE:QUALIFY	EDITABLE:YES	EDITPOOL:NO		CATEGORY:Internal			TYPE:Human Rule Selection																		DISPLAYLOCATION:Character
ABILITYCATEGORY:Human Trait					VISIBLE:QUALIFY	EDITABLE:YES	EDITPOOL:NO		CATEGORY:Special Ability	TYPE:Human Trait																				DISPLAYLOCATION:Character

ABILITYCATEGORY:Dragonborn Trait					VISIBLE:QUALIFY	EDITABLE:YES	EDITPOOL:NO		CATEGORY:Special Ability	TYPE:Dragonborn Trait																				DISPLAYLOCATION:Character
ABILITYCATEGORY:Gnome Trait					VISIBLE:QUALIFY	EDITABLE:YES	EDITPOOL:NO		CATEGORY:Special Ability	TYPE:Gnome Trait																				DISPLAYLOCATION:Character
ABILITYCATEGORY:Gnome Subrace					VISIBLE:QUALIFY	EDITABLE:YES	EDITPOOL:NO		CATEGORY:Internal			TYPE:GnomeSubrace																			DISPLAYLOCATION:Character
ABILITYCATEGORY:Half-Elf Trait					VISIBLE:QUALIFY	EDITABLE:YES	EDITPOOL:NO		CATEGORY:Special Ability	TYPE:Half-Elf Trait																				DISPLAYLOCATION:Character
ABILITYCATEGORY:Half-Orc Trait					VISIBLE:QUALIFY	EDITABLE:YES	EDITPOOL:NO		CATEGORY:Special Ability	TYPE:Half-Orc Trait																				DISPLAYLOCATION:Character
ABILITYCATEGORY:Tiefling Trait					VISIBLE:QUALIFY	EDITABLE:YES	EDITPOOL:NO		CATEGORY:Special Ability	TYPE:Tiefling Trait																				DISPLAYLOCATION:Character

ABILITYCATEGORY:Half-Elf Stat Choice					VISIBLE:QUALIFY	EDITABLE:YES	EDITPOOL:NO		CATEGORY:Internal	ABILITYLIST:Half-Elf Stat Choice																				DISPLAYLOCATION:Character



ABILITYCATEGORY:Dragonborn Ancestry					VISIBLE:QUALIFY	EDITABLE:YES	EDITPOOL:NO		CATEGORY:Special Ability	TYPE:Dragonborn Ancestry																				DISPLAYLOCATION:Character



ABILITYCATEGORY:Ability Score Increase +1			VISIBLE:QUALIFY	EDITABLE:YES	EDITPOOL:NO		CATEGORY:Internal			TYPE:StatIncrease+1																			DISPLAYLOCATION:Character
ABILITYCATEGORY:Skill Proficiency				VISIBLE:QUALIFY	EDITABLE:YES	EDITPOOL:NO		CATEGORY:Skill			TYPE:Skill Proficiency																			DISPLAYLOCATION:Character

ABILITYCATEGORY:Character Advancement Selection		VISIBLE:QUALIFY	EDITABLE:YES	EDITPOOL:NO		CATEGORY:Internal			TYPE:Ability Score Increase																		DISPLAYLOCATION:Character

ABILITYCATEGORY:Cleric Cantrip				VISIBLE:QUALIFY	EDITABLE:YES	EDITPOOL:NO		CATEGORY:Internal	TYPE:ClericCantrip																			DISPLAYLOCATION:Character
ABILITYCATEGORY:Wizard Cantrip				VISIBLE:QUALIFY	EDITABLE:YES	EDITPOOL:NO		CATEGORY:Internal	TYPE:WizardCantrip																			DISPLAYLOCATION:Character


ABILITYCATEGORY:Cleric Skill					VISIBLE:QUALIFY	EDITABLE:YES	EDITPOOL:NO		CATEGORY:Skill						ABILITYLIST:History|Insight|Medicine|Persuasion|Religion								DISPLAYLOCATION:Character
ABILITYCATEGORY:Druid Skill					VISIBLE:QUALIFY	EDITABLE:YES	EDITPOOL:NO		CATEGORY:Skill						ABILITYLIST:Arcana|Animal Handling|Insight|Medicine|Nature|Perception|Religion|Survival								DISPLAYLOCATION:Character


ABILITYCATEGORY:Fighter Skill					VISIBLE:QUALIFY	EDITABLE:YES	EDITPOOL:NO		CATEGORY:Skill						ABILITYLIST:Acrobatics|Animal Handling|Athletics|History|Insight|Intimidation|Perception|Survival	DISPLAYLOCATION:Character
ABILITYCATEGORY:Rogue Skill					VISIBLE:QUALIFY	EDITABLE:YES	EDITPOOL:NO		CATEGORY:Skill						ABILITYLIST:Acrobatics|Athletics|Deception|Insight|Intimidation|Investigation|Perception|Survival|Sleight of Hand|Stealth	DISPLAYLOCATION:Character
ABILITYCATEGORY:Wizard Skill					VISIBLE:QUALIFY	EDITABLE:YES	EDITPOOL:NO		CATEGORY:Skill						ABILITYLIST:Arcana|History|Insight|Investigation|Medicine|Religion	DISPLAYLOCATION:Character

ABILITYCATEGORY:Arcane Tradition					VISIBLE:QUALIFY	EDITABLE:YES	EDITPOOL:NO		CATEGORY:Special Ability						TYPE:Wizard Arcane Tradition	DISPLAYLOCATION:Character
ABILITYCATEGORY:Roguish Archetype					VISIBLE:QUALIFY	EDITABLE:YES	EDITPOOL:NO		CATEGORY:Special Ability						TYPE:Roguish Archetype	DISPLAYLOCATION:Character

ABILITYCATEGORY:Martial Archetype					VISIBLE:QUALIFY	EDITABLE:YES	EDITPOOL:NO		CATEGORY:Special Ability						TYPE:Martial Archetype	DISPLAYLOCATION:Character
ABILITYCATEGORY:Fighting Style					VISIBLE:QUALIFY	EDITABLE:YES	EDITPOOL:NO		CATEGORY:Special Ability						TYPE:Fighting Style	DISPLAYLOCATION:Character
ABILITYCATEGORY:Divine Domain						VISIBLE:QUALIFY	EDITABLE:YES	EDITPOOL:NO		CATEGORY:Special Ability						TYPE:Divine Domain	DISPLAYLOCATION:Character
ABILITYCATEGORY:Background						VISIBLE:QUALIFY	EDITABLE:YES	EDITPOOL:NO		CATEGORY:Special Ability						TYPE:Background	DISPLAYLOCATION:Character
ABILITYCATEGORY:Criminal Specialty					VISIBLE:QUALIFY	EDITABLE:YES	EDITPOOL:NO		CATEGORY:Special Ability						ABILITYLIST:Criminal ~ Criminal Specialty	DISPLAYLOCATION:Character
ABILITYCATEGORY:Soldier Specialty					VISIBLE:QUALIFY	EDITABLE:YES	EDITPOOL:NO		CATEGORY:Special Ability						ABILITYLIST:Soldier ~ Specialty	DISPLAYLOCATION:Character

# Barbarian Class - Path of the Totem Warrior
ABILITYCATEGORY:Barbarian Primal Path					VISIBLE:QUALIFY	EDITABLE:YES	EDITPOOL:NO		CATEGORY:Special Ability						TYPE:Barbarian Primal Path	DISPLAYLOCATION:Character

ABILITYCATEGORY:Totem Spirit Choice					VISIBLE:QUALIFY	EDITABLE:YES	EDITPOOL:NO		CATEGORY:Internal						TYPE:Path of the Totem Warrior Totem Spirit Choice	DISPLAYLOCATION:Character
ABILITYCATEGORY:Aspect of the Beast Choice			VISIBLE:QUALIFY	EDITABLE:YES	EDITPOOL:NO		CATEGORY:Internal						TYPE:Path of the Totem Warrior Aspect of the Beast Choice	DISPLAYLOCATION:Character
ABILITYCATEGORY:Totemic Attunement					VISIBLE:QUALIFY	EDITABLE:YES	EDITPOOL:NO		CATEGORY:Internal						TYPE:Path of the Totem Warrior Totemic Attunement	DISPLAYLOCATION:Character

# Bard Feature
ABILITYCATEGORY:Bard College					VISIBLE:QUALIFY	EDITABLE:YES	EDITPOOL:NO		CATEGORY:Special Ability	TYPE:Bard College				DISPLAYLOCATION:Character
ABILITYCATEGORY:Bard Spell Known Selection		VISIBLE:QUALIFY	EDITABLE:YES	EDITPOOL:NO		CATEGORY:Special Ability	TYPE:BardKnownSelection		DISPLAYLOCATION:Character
ABILITYCATEGORY:Bard Spell Known Replacement		VISIBLE:QUALIFY	EDITABLE:YES	EDITPOOL:NO		CATEGORY:Special Ability	TYPE:BardReplaceKnownSelection	DISPLAYLOCATION:Character
ABILITYCATEGORY:Bard Remove Spell Known			VISIBLE:QUALIFY	EDITABLE:YES	EDITPOOL:NO		CATEGORY:Special Ability	TYPE:BardRemoveKnownSelection		DISPLAYLOCATION:Character

ABILITYCATEGORY:Druid Circle Spell			VISIBLE:QUALIFY	EDITABLE:YES	EDITPOOL:NO		CATEGORY:Spell	TYPE:Druid Circle Spells		DISPLAYLOCATION:Character

ABILITYCATEGORY:Paladin Fighting Style			VISIBLE:QUALIFY	EDITABLE:YES	EDITPOOL:NO		CATEGORY:Special Ability	ABILITYLIST:Fighting Style ~ Defense|Fighting Style ~ Dueling|Fighting Style ~ Great Weapon Fighting|Fighting Style ~ Protection		DISPLAYLOCATION:Character
ABILITYCATEGORY:Ranger Fighting Style			VISIBLE:QUALIFY	EDITABLE:YES	EDITPOOL:NO		CATEGORY:Special Ability	ABILITYLIST:Fighting Style ~ Archery|Fighting Style ~ Defense|Fighting Style ~ Dueling|Fighting Style ~ Two-Weapon Fighting		DISPLAYLOCATION:Character



# Class Features
ABILITYCATEGORY:Barbarian Class Feature	VISIBLE:QUALIFY	EDITABLE:YES	EDITPOOL:NO		CATEGORY:Special Ability	TYPE:Barbarian Class Feature	DISPLAYLOCATION:Character
ABILITYCATEGORY:Bard Class Feature		VISIBLE:QUALIFY	EDITABLE:YES	EDITPOOL:NO		CATEGORY:Special Ability	TYPE:Bard Class Feature		DISPLAYLOCATION:Character
ABILITYCATEGORY:Cleric Class Feature	VISIBLE:QUALIFY	EDITABLE:YES	EDITPOOL:NO		CATEGORY:Special Ability	TYPE:Cleric Class Feature	DISPLAYLOCATION:Character
ABILITYCATEGORY:Druid Class Feature		VISIBLE:QUALIFY	EDITABLE:YES	EDITPOOL:NO		CATEGORY:Special Ability	TYPE:Druid Class Feature	DISPLAYLOCATION:Character
ABILITYCATEGORY:Fighter Class Feature	VISIBLE:QUALIFY	EDITABLE:YES	EDITPOOL:NO		CATEGORY:Special Ability	TYPE:Fighter Class Feature	DISPLAYLOCATION:Character
ABILITYCATEGORY:Monk Class Feature		VISIBLE:QUALIFY	EDITABLE:YES	EDITPOOL:NO		CATEGORY:Special Ability	TYPE:Monk Class Feature		DISPLAYLOCATION:Character
ABILITYCATEGORY:Paladin Class Feature	VISIBLE:QUALIFY	EDITABLE:YES	EDITPOOL:NO		CATEGORY:Special Ability	TYPE:Paladin Class Feature	DISPLAYLOCATION:Character
ABILITYCATEGORY:Ranger Class Feature	VISIBLE:QUALIFY	EDITABLE:YES	EDITPOOL:NO		CATEGORY:Special Ability	TYPE:Ranger Class Feature	DISPLAYLOCATION:Character
ABILITYCATEGORY:Rogue Class Feature		VISIBLE:QUALIFY	EDITABLE:YES	EDITPOOL:NO		CATEGORY:Special Ability	TYPE:Rogue Class Feature	DISPLAYLOCATION:Character
ABILITYCATEGORY:Sorcerer Class Feature	VISIBLE:QUALIFY	EDITABLE:YES	EDITPOOL:NO		CATEGORY:Special Ability	TYPE:Sorcerer Class Feature	DISPLAYLOCATION:Character
ABILITYCATEGORY:Warlock Class Feature	VISIBLE:QUALIFY	EDITABLE:YES	EDITPOOL:NO		CATEGORY:Special Ability	TYPE:Warlock Class Feature	DISPLAYLOCATION:Character
ABILITYCATEGORY:Wizard Class Feature	VISIBLE:QUALIFY	EDITABLE:YES	EDITPOOL:NO		CATEGORY:Special Ability	TYPE:Wizard Class Feature	DISPLAYLOCATION:Character


