


# Deities of Forgotten Realms
Auril			TITLE:Auril, goddess of winter			KEY:Auril		ALIGN:NE	SORTKEY:01_Forgotten Realms	PANTHEON:Forgotten Realms	DESC:Nature, Tempest Six-pointed snowflake
Azuth			TITLE:Azuth, god of wizards				KEY:Azuth		ALIGN:LN	SORTKEY:01_Forgotten Realms	PANTHEON:Forgotten Realms	DESC:Knowledge Left hand pointing upward, outlined in fire
Bane			TITLE:Bane, god of tyranny				KEY:Bane		ALIGN:LE	SORTKEY:01_Forgotten Realms	PANTHEON:Forgotten Realms	DESC:War Upright black right hand, thumb and fingers together
Beshaba		TITLE:Beshaba, goddess of misfortune		KEY:Beshaba		ALIGN:CE	SORTKEY:01_Forgotten Realms	PANTHEON:Forgotten Realms	DESC:Trickery Black antlers
Bhaal			TITLE:Bhaal, god of murder				KEY:Bhaal		ALIGN:NE	SORTKEY:01_Forgotten Realms	PANTHEON:Forgotten Realms	DESC:Death Skull surrounded by a ring of blood droplets
Chauntea		TITLE:Chauntea, goddess of agriculture		KEY:Chauntea	ALIGN:NG	SORTKEY:01_Forgotten Realms	PANTHEON:Forgotten Realms	DESC:Life Sheaf of grain or a blooming rose over grain
Cyric			TITLE:Cyric, god of lies				KEY:Cyric		ALIGN:CE	SORTKEY:01_Forgotten Realms	PANTHEON:Forgotten Realms	DESC:Trickery White jawless skull on black or purple sunburst
Deneir		TITLE:Deneir, god of writing				KEY:Deneir		ALIGN:NG	SORTKEY:01_Forgotten Realms	PANTHEON:Forgotten Realms	DESC:Knowledge Lit candle above an open eye
Eldath		TITLE:Eldath, goddess of peace			KEY:Eldath		ALIGN:NG	SORTKEY:01_Forgotten Realms	PANTHEON:Forgotten Realms	DESC:Life, Nature Waterfall plunging into still pool
Gond			TITLE:Gond, god of craft				KEY:Gond		ALIGN:TN	SORTKEY:01_Forgotten Realms	PANTHEON:Forgotten Realms	DESC:Knowledge Toothed cog with four spokes
Helm			TITLE:Helm, god of protection				KEY:Helm		ALIGN:LN	SORTKEY:01_Forgotten Realms	PANTHEON:Forgotten Realms	DESC:Life, Light Staring eye on upright left gauntlet
Ilmater		TITLE:Ilmater, god of endurance			KEY:Ilmater		ALIGN:LG	SORTKEY:01_Forgotten Realms	PANTHEON:Forgotten Realms	DESC:Life Hands bound at the wrist with red cord
Kelemvor		TITLE:Kelemvor, god of the dead			KEY:Kelemvor	ALIGN:LN	SORTKEY:01_Forgotten Realms	PANTHEON:Forgotten Realms	DESC:Death Upright skeletal arm holding balanced scales
Lathander		TITLE:Lathander, god of birth and renewal		KEY:Lathander	ALIGN:NG	SORTKEY:01_Forgotten Realms	PANTHEON:Forgotten Realms	DESC:Life, Light Road traveling into a sunrise
Leira			TITLE:Leira, goddess of illusion			KEY:Leira		ALIGN:CN	SORTKEY:01_Forgotten Realms	PANTHEON:Forgotten Realms	DESC:Trickery Point-down triangle containing a swirl of mist
Lliira		TITLE:Lliira, goddess of joy				KEY:Lliira		ALIGN:CG	SORTKEY:01_Forgotten Realms	PANTHEON:Forgotten Realms	DESC:Life Triangle of three six-pointed stars
Loviatar		TITLE:Loviatar, goddess of pain			KEY:Loviatar	ALIGN:LE	SORTKEY:01_Forgotten Realms	PANTHEON:Forgotten Realms	DESC:Death Nine-tailed barbed scourge
Malar			TITLE:Malar, god of the hunt				KEY:Malar		ALIGN:CE	SORTKEY:01_Forgotten Realms	PANTHEON:Forgotten Realms	DESC:Nature Clawed paw
Mask			TITLE:Mask, god of thieves				KEY:Mask		ALIGN:CN	SORTKEY:01_Forgotten Realms	PANTHEON:Forgotten Realms	DESC:Trickery Black mask
Mielikki		TITLE:Mielikki, goddess of forests			KEY:Mielikki	ALIGN:NG	SORTKEY:01_Forgotten Realms	PANTHEON:Forgotten Realms	DESC:Nature Unicorn's head
Milil			TITLE:Milil, god of poetry and song			KEY:Milil		ALIGN:NG	SORTKEY:01_Forgotten Realms	PANTHEON:Forgotten Realms	DESC:Light Five-stringed harp made of leaves
Myrkul		TITLE:Myrkul, god of death				KEY:Myrkul		ALIGN:NE	SORTKEY:01_Forgotten Realms	PANTHEON:Forgotten Realms	DESC:Death White human skull
Mystra		TITLE:Mystra, goddess of magic			KEY:Mystra		ALIGN:NG	SORTKEY:01_Forgotten Realms	PANTHEON:Forgotten Realms	DESC:Knowledge Circle of seven stars, or nine stars encircling a flowing red mist, or a single star
Oghma			TITLE:Oghma, god of knowledge				KEY:Oghma		ALIGN:TN	SORTKEY:01_Forgotten Realms	PANTHEON:Forgotten Realms	DESC:Knowledge Blank scroll
Savras		TITLE:Savras, god of divination and fate		KEY:Savras		ALIGN:LN	SORTKEY:01_Forgotten Realms	PANTHEON:Forgotten Realms	DESC:Knowledge Crystal ball containing many kinds of eyes
Selune		TITLE:Selune, goddess of the moon			KEY:Selune		ALIGN:CG	SORTKEY:01_Forgotten Realms	PANTHEON:Forgotten Realms	DESC:Knowledge, Life Pair of eyes surrounded by seven stars
Shar			TITLE:Shar, goddess of darkness and loss		KEY:Shar		ALIGN:NE	SORTKEY:01_Forgotten Realms	PANTHEON:Forgotten Realms	DESC:Death, Trickery Black disk encircled with a border
Silvanus		TITLE:Silvanus, god of wild nature			KEY:Silvanus	ALIGN:TN	SORTKEY:01_Forgotten Realms	PANTHEON:Forgotten Realms	DESC:Nature Oak leaf
Sune			TITLE:Sune, goddess of love and beauty		KEY:Sune		ALIGN:CG	SORTKEY:01_Forgotten Realms	PANTHEON:Forgotten Realms	DESC:Life, Light Face of a beautiful red-haired woman
Talona		TITLE:Talona, goddess of disease and poison	KEY:Talona		ALIGN:CE	SORTKEY:01_Forgotten Realms	PANTHEON:Forgotten Realms	DESC:Death Three teardrops on a triangle
Talos			TITLE:Talos, god of storms				KEY:Talos		ALIGN:CE	SORTKEY:01_Forgotten Realms	PANTHEON:Forgotten Realms	DESC:Tempest Three lightning bolts radiating from a central point
Tempus		TITLE:Tempus, god of war				KEY:Tempus		ALIGN:TN	SORTKEY:01_Forgotten Realms	PANTHEON:Forgotten Realms	DESC:War Upright flaming sword
Torm			TITLE:Torm, god of courage and self-sacrifice	KEY:Torm		ALIGN:LG	SORTKEY:01_Forgotten Realms	PANTHEON:Forgotten Realms	DESC:War White right gauntlet
Tymora		TITLE:Tymora, goddess of good fortune		KEY:Tymora		ALIGN:CG	SORTKEY:01_Forgotten Realms	PANTHEON:Forgotten Realms	DESC:Trickery Face-up coin
Tyr			TITLE:Tyr, god of justice				KEY:Tyr		ALIGN:LG	SORTKEY:01_Forgotten Realms	PANTHEON:Forgotten Realms	DESC:War Balanced scales resting on a warhammer
Umberlee		TITLE:Umberlee, goddess of the sea			KEY:Umberlee	ALIGN:CE	SORTKEY:01_Forgotten Realms	PANTHEON:Forgotten Realms	DESC:Tempest Wave curling left and right
Waukeen		TITLE:Waukeen, goddess of trade			KEY:Waukeen		ALIGN:TN	SORTKEY:01_Forgotten Realms	PANTHEON:Forgotten Realms	DESC:Knowledge, Trickery Upright coin with Waukeen's profile facing left

# Deities of Greyhawk
#Deity Alignment Suggested Domains Symbol
Beory			TITLE:Beory, goddess of nature				KEY:Beory		ALIGN:TN	SORTKEY:01_Greyhawk	PANTHEON:Greyhawk	DESC:Nature Green disk
Boccob		TITLE:Boccob, god of magic					KEY:Boccob		ALIGN:TN	SORTKEY:01_Greyhawk	PANTHEON:Greyhawk	DESC:Knowledge Eye within a pentagram
Celestian		TITLE:Celestian, god of stars and wanderers		KEY:Celestian	ALIGN:TN	SORTKEY:01_Greyhawk	PANTHEON:Greyhawk	DESC:Knowledge Arc of seven stars inside a circle
Ehlonna		TITLE:Ehlonna, goddess of woodlands				KEY:Ehlonna		ALIGN:NG	SORTKEY:01_Greyhawk	PANTHEON:Greyhawk	DESC:Life, Nature Unicorn horn
Erythnul		TITLE:Erythnul, god of envy and slaughter			KEY:Erythnul	ALIGN:CE	SORTKEY:01_Greyhawk	PANTHEON:Greyhawk	DESC:War Blood drop
Fharlanghn		TITLE:Fharlanghn, god of horizons and travel		KEY:Fharlanghn	ALIGN:NG	SORTKEY:01_Greyhawk	PANTHEON:Greyhawk	DESC:Knowledge, Trickery Circle crossed by a curved horizon line
Heironeous		TITLE:Heironeous, god of chivalry and valor		KEY:Heironeous	ALIGN:LG	SORTKEY:01_Greyhawk	PANTHEON:Greyhawk	DESC:War Lightning bolt
Hextor		TITLE:Hextor, god of war and discord			KEY:Hextor		ALIGN:LE	SORTKEY:01_Greyhawk	PANTHEON:Greyhawk	DESC:War Six arrows facing downward in a fan
Kord			TITLE:Kord, god of athletics and sport			KEY:Kord		ALIGN:CG	SORTKEY:01_Greyhawk	PANTHEON:Greyhawk	DESC:Tempest, War Four spears and four maces radiating out from a central point
Incabulos		TITLE:Incabulos, god of plague and famine			KEY:Incabulos	ALIGN:NE	SORTKEY:01_Greyhawk	PANTHEON:Greyhawk	DESC:Death Reptilian eye with a horizontal diamond
Istus			TITLE:Istus, goddess of fate and destiny			KEY:Istus		ALIGN:TN	SORTKEY:01_Greyhawk	PANTHEON:Greyhawk	DESC:Knowledge Weaver's spindle with three strands
luz			TITLE:luz, god of pain and oppression			KEY:luz		ALIGN:CE	SORTKEY:01_Greyhawk	PANTHEON:Greyhawk	DESC:Death Grinning human skull
Nerull		TITLE:Nerull, god of death					KEY:Nerull		ALIGN:NE	SORTKEY:01_Greyhawk	PANTHEON:Greyhawk	DESC:Death Skull with either a sickle or a scythe
Obad-Hai		TITLE:Obad-Hai, god of nature					KEY:Obad-Hai	ALIGN:TN	SORTKEY:01_Greyhawk	PANTHEON:Greyhawk	DESC:Nature Oak leaf and acorn
Olidammara		TITLE:Olidammara, god of revelry				KEY:Olidammara	ALIGN:CN	SORTKEY:01_Greyhawk	PANTHEON:Greyhawk	DESC:Trickery Laughing mask
Pelor			TITLE:Pelor, god of the sun and healing			KEY:Pelor		ALIGN:NG	SORTKEY:01_Greyhawk	PANTHEON:Greyhawk	DESC:Life, Light Sun
Pholtus		TITLE:Pholtus, god of light and law				KEY:Pholtus		ALIGN:LG	SORTKEY:01_Greyhawk	PANTHEON:Greyhawk	DESC:Light Silver sun or full moon partially eclipsed by a smaller crescent moon
Ralishaz		TITLE:Ralishaz, god of ill luck and insanity		KEY:Ralishaz	ALIGN:CN	SORTKEY:01_Greyhawk	PANTHEON:Greyhawk	DESC:Trickery Three bone fate-casting sticks
Rao			TITLE:Rao, god of peace and reason				KEY:Rao		ALIGN:LG	SORTKEY:01_Greyhawk	PANTHEON:Greyhawk	DESC:Knowledge White heart
St. Cuthbert	TITLE:St. Cuthbert, god of common sense and zeal	KEY:St. Cuthbert	ALIGN:LN	SORTKEY:01_Greyhawk	PANTHEON:Greyhawk	DESC:Knowledge Circle at the center of a starburst of lines
Tharizdun		TITLE:Tharizdun, god of eternal darkness			KEY:Tharizdun	ALIGN:CE	SORTKEY:01_Greyhawk	PANTHEON:Greyhawk	DESC:Trickery Dark spiral or inverted ziggurat
Trithereon		TITLE:Trithereon, god of liberty and retribution	KEY:Trithereon	ALIGN:CG	SORTKEY:01_Greyhawk	PANTHEON:Greyhawk	DESC:War Triskelion
Ulaa			TITLE:Ulaa, goddess of hills and mountains		KEY:Ulaa		ALIGN:LG	SORTKEY:01_Greyhawk	PANTHEON:Greyhawk	DESC:Life, War Mountain with a circle at its heart
Vecna			TITLE:Vecna, god of evil secrets				KEY:Vecna		ALIGN:NE	SORTKEY:01_Greyhawk	PANTHEON:Greyhawk	DESC:Knowledge Hand with eye in the palm
Wee Jas		TITLE:Wee Jas, goddess of magic and death			KEY:Wee Jas		ALIGN:LN	SORTKEY:01_Greyhawk	PANTHEON:Greyhawk	DESC:Death, Knowledge Red skull in front of fireball

# Deities of Dragonlance
#The Cods of Good Alignment Suggested Domains Symbol
Paladine		TITLE:Paladine, god of rulers and guardians		KEY:Paladine	ALIGN:LG	SORTKEY:02_Dragonlance	PANTHEON:Dragonlance	DESC:War Silver triangle
Branchala		TITLE:Branchala, god of music					KEY:Branchala	ALIGN:NG	SORTKEY:02_Dragonlance	PANTHEON:Dragonlance	DESC:Light Bard's harp
Habbakuk		TITLE:Habbakuk, god of animal life and the sea		KEY:Habbakuk	ALIGN:NG	SORTKEY:02_Dragonlance	PANTHEON:Dragonlance	DESC:Nature, Tempest Blue bird
Kiri-Jolith		TITLE:Kiri-Jolith, god of honor and war			KEY:Kiri-Jolith	ALIGN:LG	SORTKEY:02_Dragonlance	PANTHEON:Dragonlance	DESC:War Bison's horns
Majere		TITLE:Majere, god of meditation and order			KEY:Majere		ALIGN:LG	SORTKEY:02_Dragonlance	PANTHEON:Dragonlance	DESC:Knowledge Copper spider
Mishakal		TITLE:Mishakal, goddess of healing				KEY:Mishakal	ALIGN:LG	SORTKEY:02_Dragonlance	PANTHEON:Dragonlance	DESC:Knowledge, Life Blue infinity sign
Solinari		TITLE:Solinari, god of good magic				KEY:Solinari	ALIGN:LG	SORTKEY:02_Dragonlance	PANTHEON:Dragonlance	DESC:no clerics White circle or sphere
#The Gods of Neutrality Alignment Suggested Domains Symbol
Gilean		TITLE:Gilean, god of knowledge				KEY:Gilean		ALIGN:TN	SORTKEY:02_Dragonlance	PANTHEON:Dragonlance	DESC:Knowledge Open book
Chislev		TITLE:Chislev, goddess of nature				KEY:Chislev		ALIGN:TN	SORTKEY:02_Dragonlance	PANTHEON:Dragonlance	DESC:Nature Feather
Reorx			TITLE:Reorx, god of craft					KEY:Reorx		ALIGN:TN	SORTKEY:02_Dragonlance	PANTHEON:Dragonlance	DESC:Knowledge Forging hammer
Shinare		TITLE:Shinare, goddess of wealth and trade		KEY:Shinare		ALIGN:TN	SORTKEY:02_Dragonlance	PANTHEON:Dragonlance	DESC:Knowledge, Trickery Griffon's wing
Sirrion		TITLE:Sirrion, god of fire and change			KEY:Sirrion		ALIGN:TN	SORTKEY:02_Dragonlance	PANTHEON:Dragonlance	DESC:Nature Multi-colored fire
Zivilyn		TITLE:Zivilyn, god of wisdom					KEY:Zivilyn		ALIGN:TN	SORTKEY:02_Dragonlance	PANTHEON:Dragonlance	DESC:Knowledge Great green or gold tree
Lunitari		TITLE:Lunitari, goddess of neutral magic			KEY:Lunitari	ALIGN:TN	SORTKEY:02_Dragonlance	PANTHEON:Dragonlance	DESC:no clerics Red circle or sphere
#The Gods of Evil Alignment Suggested Domains Symbol
Takhisis		TITLE:Takhisis, goddess of night and hatred		KEY:Takhisis	ALIGN:LE	SORTKEY:02_Dragonlance	PANTHEON:Dragonlance	DESC:Death Black crescent
Chemosh		TITLE:Chemosh, god of the undead				KEY:Chemosh		ALIGN:LE	SORTKEY:02_Dragonlance	PANTHEON:Dragonlance	DESC:Death Yellow skull
Hiddukel		TITLE:Hiddukel, god of lies and greed			KEY:Hiddukel	ALIGN:CE	SORTKEY:02_Dragonlance	PANTHEON:Dragonlance	DESC:Trickery Broken merchant's scales
Morgion		TITLE:Morgion, god of disease and secrecy			KEY:Morgion		ALIGN:NE	SORTKEY:02_Dragonlance	PANTHEON:Dragonlance	DESC:Death Hood with two red eyes
Sargonnas		TITLE:Sargonnas, god of vengeance and fire		KEY:Sargonnas	ALIGN:LE	SORTKEY:02_Dragonlance	PANTHEON:Dragonlance	DESC:War Stylized red condor
Zeboim		TITLE:Zeboim, goddess of the sea and storms		KEY:Zeboim		ALIGN:CE	SORTKEY:02_Dragonlance	PANTHEON:Dragonlance	DESC:Tempest Turtle shell
Nuitari		TITLE:Nuitari, god of evil magic				KEY:Nuitari		ALIGN:LE	SORTKEY:02_Dragonlance	PANTHEON:Dragonlance	DESC:no clerics Black circle or sphere

# Deities of Eberron
# The Sovereign Host Alignment Suggested Domains Symbol
Arawai				TITLE:Arawai, goddess of fertility						KEY:Arawai		ALIGN:NG	SORTKEY:02_Eberron	PANTHEON:Eberron	DESC:Life, Nature Sheaf of wheat tied with green ribbon
Aureon				TITLE:Aureon, god of law and knowledge					KEY:Aureon		ALIGN:LN	SORTKEY:02_Eberron	PANTHEON:Eberron	DESC:Knowledge Open tome
Balinor				TITLE:Balinor, god of beasts and the hunt					KEY:Balinor		ALIGN:TN	SORTKEY:02_Eberron	PANTHEON:Eberron	DESC:Life, Nature Pair of antlers
Boldrei				TITLE:Boldrei, goddess of community and home				KEY:Boldrei		ALIGN:LG	SORTKEY:02_Eberron	PANTHEON:Eberron	DESC:Life Fire in a stone hearth
Dol Arrah				TITLE:Dol Arrah, goddess of sunlight and honor				KEY:Dol Arrah	ALIGN:LG	SORTKEY:02_Eberron	PANTHEON:Eberron	DESC:Light, War Rising sun
Dol Dorn				TITLE:Dol Dorn, god of strength at arms					KEY:Dol Dorn	ALIGN:CG	SORTKEY:02_Eberron	PANTHEON:Eberron	DESC:War Longsword crossed over a shield
Kol Korran				TITLE:Kol Korran, god of trade and wealth					KEY:Kol Korran	ALIGN:TN	SORTKEY:02_Eberron	PANTHEON:Eberron	DESC:Trickery Nine-sided gold coin
Olladra				TITLE:Olladra, goddess of good fortune					KEY:Olladra		ALIGN:NG	SORTKEY:02_Eberron	PANTHEON:Eberron	DESC:Life, Trickery Domino
Onatar				TITLE:Onatar, god of craft							KEY:Onatar		ALIGN:NG	SORTKEY:02_Eberron	PANTHEON:Eberron	DESC:Knowledge Crossed hammer and tongs
#The Dark Six Alignment Suggested Domains Symbol
The Devourer			TITLE:The Devourer, god of nature's wrath					KEY:The Devourer		ALIGN:NE	SORTKEY:02_Eberron	PANTHEON:Eberron	DESC:Tempest Bundle of five sharpened bones
The Fury				TITLE:The Fury, goddess of wrath and madness				KEY:The Fury		ALIGN:NE	SORTKEY:02_Eberron	PANTHEON:Eberron	DESC:War Winged wyrm with woman's head and upper body
The Keeper				TITLE:The Keeper, god of greed and death					KEY:The Keeper		ALIGN:NE	SORTKEY:02_Eberron	PANTHEON:Eberron	DESC:Death Dragonshard stone in the shape of a fang
The Mockery				TITLE:The Mockery, god of violence and treachery			KEY:The Mockery		ALIGN:NE	SORTKEY:02_Eberron	PANTHEON:Eberron	DESC:War Five blood-spattered tools
The Shadow				TITLE:The Shadow, god of dark magic						KEY:The Shadow		ALIGN:CE	SORTKEY:02_Eberron	PANTHEON:Eberron	DESC:Knowledge Obsidian tower
The Traveler			TITLE:The Traveler, deity of chaos and change				KEY:The Traveler		ALIGN:CN	SORTKEY:02_Eberron	PANTHEON:Eberron	DESC:Knowledge, Trickery Four crossed, rune-inscribed bones
#Other Faiths of Eberron Alignment Suggested Domains Symbol
The Silver Flame			TITLE:The Silver Flame, deity of protection and good				KEY:The Silver Flame		ALIGN:LG	SORTKEY:02_Eberron	PANTHEON:Eberron	DESC:Life, Light, War Flame drawn on silver or molded from silver
The Blood of Vol			TITLE:The Blood of Vol, philosophy of immortality and undeath		KEY:The Blood of Vol		ALIGN:LN	SORTKEY:02_Eberron	PANTHEON:Eberron	DESC:Death, Life Stylized dragon skull on red teardrop gem
Cults of the Dragon Below	TITLE:Cults of the Dragon Below, deities of madness				KEY:Cults of the Dragon Below	ALIGN:NE	SORTKEY:02_Eberron	PANTHEON:Eberron	DESC:Trickery Varies
The Path of Light			TITLE:The Path of Light, philosophy of light and self-improvement		KEY:The Path of Light		ALIGN:LN	SORTKEY:02_Eberron	PANTHEON:Eberron	DESC:Life, Light Brilliant crystal
The Undying Court			TITLE:The Undying Court, elven ancestors						KEY:The Undying Court		ALIGN:NG	SORTKEY:02_Eberron	PANTHEON:Eberron	DESC:Knowledge, Life Varies
The Spirits of the Past		TITLE:The Spirits of the Past, elven ancestors					KEY:The Spirits of the Past	ALIGN:CG	SORTKEY:02_Eberron	PANTHEON:Eberron	DESC:War Varies

# Nonhuman Deities
#Deity Alignment Suggested Domains Symbol
Bahamut			TITLE:Bahamut, dragon god of good						KEY:Bahamut			ALIGN:LG	SORTKEY:03_Nonhuman Deities	PANTHEON:Nonhuman Deities	DESC:Life, War Dragon's head in profile
Blibdoolpoolp		TITLE:Blibdoolpoolp, kuo-toa goddess					KEY:Blibdoolpoolp		ALIGN:NE	SORTKEY:03_Nonhuman Deities	PANTHEON:Nonhuman Deities	DESC:Death Lobster head or black pearl
Corellon Larethian	TITLE:Corellon Larethian, elf deity of art and magic			KEY:Corellon Larethian	ALIGN:CG	SORTKEY:03_Nonhuman Deities	PANTHEON:Nonhuman Deities	DESC:Light Quarter moon or starburst
Deep Sashelas		TITLE:Deep Sashelas, elf god of the sea					KEY:Deep Sashelas		ALIGN:CG	SORTKEY:03_Nonhuman Deities	PANTHEON:Nonhuman Deities	DESC:Nature, Tempest Dolphin
Eadro				TITLE:Eadro, merfolk deity of the sea					KEY:Eadro			ALIGN:TN	SORTKEY:03_Nonhuman Deities	PANTHEON:Nonhuman Deities	DESC:Nature, Tempest Spiral design
Garl Glittergold		TITLE:Garl Glittergold, gnome god of trickery and wiles		KEY:Garl Glittergold	ALIGN:LG	SORTKEY:03_Nonhuman Deities	PANTHEON:Nonhuman Deities	DESC:Trickery Gold nugget
Grolantor			TITLE:Grolantor, hill giant god of war					KEY:Grolantor		ALIGN:CE	SORTKEY:03_Nonhuman Deities	PANTHEON:Nonhuman Deities	DESC:War Wooden club
Gruumsh			TITLE:Gruumsh, orc god of storms and war					KEY:Gruumsh			ALIGN:CE	SORTKEY:03_Nonhuman Deities	PANTHEON:Nonhuman Deities	DESC:Tempest, War Unblinking eye
Hruggek			TITLE:Hruggek, bugbear god of violence					KEY:Hruggek			ALIGN:CE	SORTKEY:03_Nonhuman Deities	PANTHEON:Nonhuman Deities	DESC:War Morningstar
Kurtulmak			TITLE:Kurtulmak, kobold god of war and mining				KEY:Kurtulmak		ALIGN:LE	SORTKEY:03_Nonhuman Deities	PANTHEON:Nonhuman Deities	DESC:War Gnome skull
Laogzed			TITLE:Laogzed, troglodyte god of hunger					KEY:Laogzed			ALIGN:CE	SORTKEY:03_Nonhuman Deities	PANTHEON:Nonhuman Deities	DESC:Death Image of the lizard/toad god
Lolth				TITLE:Lolth, drow goddess of spiders					KEY:Lolth			ALIGN:CE	SORTKEY:03_Nonhuman Deities	PANTHEON:Nonhuman Deities	DESC:Trickery Spider
Maglubiyet			TITLE:Maglubiyet, goblinoid god of war					KEY:Maglubiyet		ALIGN:LE	SORTKEY:03_Nonhuman Deities	PANTHEON:Nonhuman Deities	DESC:War Bloody axe
Moradin			TITLE:Moradin, dwarf god of creation					KEY:Moradin			ALIGN:LG	SORTKEY:03_Nonhuman Deities	PANTHEON:Nonhuman Deities	DESC:Knowledge Hammer and anvil
Rillifane Rallathil	TITLE:Rillifane Rallathil, wood elf god of nature			KEY:Rillifane Rallathil	ALIGN:CG	SORTKEY:03_Nonhuman Deities	PANTHEON:Nonhuman Deities	DESC:Nature Oak
Sehanine Moonbow		TITLE:Sehanine Moonbow, elf goddess of the moon				KEY:Sehanine Moonbow	ALIGN:CG	SORTKEY:03_Nonhuman Deities	PANTHEON:Nonhuman Deities	DESC:Knowledge Crescent moon
Sekolah			TITLE:Sekolah, sahuagin god of the hunt					KEY:Sekolah			ALIGN:LE	SORTKEY:03_Nonhuman Deities	PANTHEON:Nonhuman Deities	DESC:Nature, Tempest Shark
Semuanya			TITLE:Semuanya, lizardfolk deity of survival				KEY:Semuanya		ALIGN:TN	SORTKEY:03_Nonhuman Deities	PANTHEON:Nonhuman Deities	DESC:Life Egg
Skerrit			TITLE:Skerrit, centaur and satyr god of nature				KEY:Skerrit			ALIGN:TN	SORTKEY:03_Nonhuman Deities	PANTHEON:Nonhuman Deities	DESC:Nature Oak growing from acorn
Skoraeus Stonebones	TITLE:Skoraeus Stonebones, god of stone giants and art		KEY:Skoraeus Stonebones	ALIGN:TN	SORTKEY:03_Nonhuman Deities	PANTHEON:Nonhuman Deities	DESC:Knowledge Stalactite
Surtur			TITLE:Surtur, god of fire giants and craft				KEY:Surtur			ALIGN:LE	SORTKEY:03_Nonhuman Deities	PANTHEON:Nonhuman Deities	DESC:Knowledge, War Flaming sword
Thrym				TITLE:Thrym, god of frost giants and strength				KEY:Thrym			ALIGN:CE	SORTKEY:03_Nonhuman Deities	PANTHEON:Nonhuman Deities	DESC:War White double-bladed axe
Tiamat			TITLE:Tiamat, dragon goddess of evil					KEY:Tiamat			ALIGN:LE	SORTKEY:03_Nonhuman Deities	PANTHEON:Nonhuman Deities	DESC:Trickery Dragon head with five claw marks
Yondalla			TITLE:Yondalla, halfling goddess of fertility and protection	KEY:Yondalla		ALIGN:LG	SORTKEY:03_Nonhuman Deities	PANTHEON:Nonhuman Deities	DESC:Life Shield

# Celtic Deities
#Deity Alignment Suggested Domains Symbol
The Daghdha		TITLE:The Daghdha, god of weather and crops			KEY:Celtic ~ The Daghdha	ALIGN:CG	SORTKEY:04_Celtic	PANTHEON:Celtic	DESC:Nature, Trickery Bubbling cauldron or shield
Arawn			TITLE:Arawn, god of life and death					KEY:Celtic ~ Arawn		ALIGN:NE	SORTKEY:04_Celtic	PANTHEON:Celtic	DESC:Life, Death Black star on gray background
Belenus		TITLE:Belenus, god of sun, light, and warmth			KEY:Celtic ~ Belenus		ALIGN:NG	SORTKEY:04_Celtic	PANTHEON:Celtic	DESC:Light Solar disk and standing stones
Brigantia		TITLE:Brigantia, goddess of rivers and livestock		KEY:Celtic ~ Brigantia		ALIGN:NG	SORTKEY:04_Celtic	PANTHEON:Celtic	DESC:Life Footbridge
Diancecht		TITLE:Diancecht, god of medicine and healing			KEY:Celtic ~ Diancecht		ALIGN:LG	SORTKEY:04_Celtic	PANTHEON:Celtic	DESC:Life Crossed oak and mistletoe branches
Dunatis		TITLE:Dunatis, god of mountains and peaks				KEY:Celtic ~ Dunatis		ALIGN:TN	SORTKEY:04_Celtic	PANTHEON:Celtic	DESC:Nature Red sun-capped mountain peak
Goibhniu		TITLE:Goibhniu, god of smiths and healing				KEY:Celtic ~ Goibhniu		ALIGN:NG	SORTKEY:04_Celtic	PANTHEON:Celtic	DESC:Knowledge, Life Giant mallet over sword
Lugh			TITLE:Lugh, god of arts, travel, and commerce			KEY:Celtic ~ Lugh			ALIGN:CN	SORTKEY:04_Celtic	PANTHEON:Celtic	DESC:Knowledge, Life Pair of long hands
Manannan mac Lir	TITLE:Manannan mac Lir, god of oceans and sea creatures	KEY:Celtic ~ Manannan mac Lir	ALIGN:LN	SORTKEY:04_Celtic	PANTHEON:Celtic	DESC:Nature, Tempest Wave of white water on green
Math Mathonwy	TITLE:Math Mathonwy, god of magic					KEY:Celtic ~ Math Mathonwy	ALIGN:NE	SORTKEY:04_Celtic	PANTHEON:Celtic	DESC:Knowledge Staff
Morrigan		TITLE:Morrigan, goddess of battle					KEY:Celtic ~ Morrigan		ALIGN:CE	SORTKEY:04_Celtic	PANTHEON:Celtic	DESC:War Two crossed spears
Nuada			TITLE:Nuada, god of war and warriors				KEY:Celtic ~ Nuada		ALIGN:TN	SORTKEY:04_Celtic	PANTHEON:Celtic	DESC:War Silver hand on black background
Oghma			TITLE:Oghma, god of speech and writing				KEY:Celtic ~ Oghma		ALIGN:NG	SORTKEY:04_Celtic	PANTHEON:Celtic	DESC:Knowledge Unfurled scroll
Silvanus		TITLE:Silvanus, god of nature and forests				KEY:Celtic ~ Silvanus		ALIGN:TN	SORTKEY:04_Celtic	PANTHEON:Celtic	DESC:Nature Summer oak tree

# Greek Deities
#Deity Alignment Suggested Domains Symbol
Zeus		TITLE:Zeus, god of the sky, ruler of the gods		KEY:Zeus		ALIGN:TN	SORTKEY:04_Greek	PANTHEON:Greek	DESC:Tempest Fist full of lightning bolts
Aphrodite	TITLE:Aphrodite, goddess of love and beauty		KEY:Aphrodite	ALIGN:CG	SORTKEY:04_Greek	PANTHEON:Greek	DESC:Light Sea shell
Apollo	TITLE:Apollo, god of light, music, and healing		KEY:Apollo		ALIGN:CG	SORTKEY:04_Greek	PANTHEON:Greek	DESC:Knowledge, Life, Light Lyre
Ares		TITLE:Ares, god of war and strife				KEY:Ares		ALIGN:CE	SORTKEY:04_Greek	PANTHEON:Greek	DESC:War Spear
Artemis	TITLE:Artemis, goddess of hunting and childbirth	KEY:Artemis		ALIGN:NG	SORTKEY:04_Greek	PANTHEON:Greek	DESC:Life, Nature Bow and arrow on lunar disk
Athena	TITLE:Athena, goddess of wisdom and civilization	KEY:Athena		ALIGN:LG	SORTKEY:04_Greek	PANTHEON:Greek	DESC:Knowledge, War Owl
Demeter	TITLE:Demeter, goddess of agriculture			KEY:Demeter		ALIGN:NG	SORTKEY:04_Greek	PANTHEON:Greek	DESC:Life Mare's head
Dionysus	TITLE:Dionysus, god of mirth and wine			KEY:Dionysus	ALIGN:CN	SORTKEY:04_Greek	PANTHEON:Greek	DESC:Life Thyrsus (staff tipped with pine cone)
Hades		TITLE:Hades, god of the underworld				KEY:Hades		ALIGN:LE	SORTKEY:04_Greek	PANTHEON:Greek	DESC:Death Black ram
Hecate	TITLE:Hecate, goddess of magic and the moon		KEY:Hecate		ALIGN:CE	SORTKEY:04_Greek	PANTHEON:Greek	DESC:Knowledge, Trickery Setting moon
Hephaestus	TITLE:Hephaestus, god of smithing and craft		KEY:Hephaestus	ALIGN:NG	SORTKEY:04_Greek	PANTHEON:Greek	DESC:Knowledge Hammer and anvil
Hera		TITLE:Hera, goddess of marriage and intrigue		KEY:Hera		ALIGN:CN	SORTKEY:04_Greek	PANTHEON:Greek	DESC:Trickery Fan of peacock feathers
Hercules	TITLE:Hercules, god of strength and adventure		KEY:Hercules	ALIGN:CG	SORTKEY:04_Greek	PANTHEON:Greek	DESC:Tempest, War Lion's head
Hermes	TITLE:Hermes, god of travel and commerce			KEY:Hermes		ALIGN:CG	SORTKEY:04_Greek	PANTHEON:Greek	DESC:Trickery Caduceus (winged staff and serpents)
Hestia	TITLE:Hestia, goddess of home and family			KEY:Hestia		ALIGN:NG	SORTKEY:04_Greek	PANTHEON:Greek	DESC:Life Hearth
Nike		TITLE:Nike, goddess of victory				KEY:Nike		ALIGN:LN	SORTKEY:04_Greek	PANTHEON:Greek	DESC:War Winged woman
Pan		TITLE:Pan, god of nature					KEY:Pan		ALIGN:CN	SORTKEY:04_Greek	PANTHEON:Greek	DESC:Nature Syrinx (pan pipes)
Poseidon	TITLE:Poseidon, god of the sea and earthquakes		KEY:Poseidon	ALIGN:CN	SORTKEY:04_Greek	PANTHEON:Greek	DESC:Tempest Trident
Tyche		TITLE:Tyche, goddess of good fortune			KEY:Tyche		ALIGN:TN	SORTKEY:04_Greek	PANTHEON:Greek	DESC:Trickery Red pentagram

# Egyptian Deities
#Deity Alignment Suggested Domains Symbol
Re-Horakhty	TITLE:Re-Horakhty, god of the sun, ruler of the gods		KEY:Re-Horakhty	ALIGN:LG	SORTKEY:05_Egyptian	PANTHEON:Egyptian	DESC:Life, Light Solar disk encircled by serpent
Anubis	TITLE:Anubis, god of judgment and death				KEY:Anubis		ALIGN:LN	SORTKEY:05_Egyptian	PANTHEON:Egyptian	DESC:Death Black jackal
Apep		TITLE:Apep, god of evil, fire, and serpents			KEY:Apep		ALIGN:NE	SORTKEY:05_Egyptian	PANTHEON:Egyptian	DESC:Trickery Flaming snake
Bast		TITLE:Bast, goddess of cats and vengeance				KEY:Bast		ALIGN:CG	SORTKEY:05_Egyptian	PANTHEON:Egyptian	DESC:War Cat
Bes		TITLE:Bes, god of luck and music					KEY:Bes		ALIGN:CN	SORTKEY:05_Egyptian	PANTHEON:Egyptian	DESC:Trickery Image of the misshapen deity
Hathor	TITLE:Hathor, goddess of love, music, and motherhood		KEY:Hathor		ALIGN:NG	SORTKEY:05_Egyptian	PANTHEON:Egyptian	DESC:Life, Light Horned cow's head with lunar disk
Imhotep	TITLE:Imhotep, god of crafts and medicine				KEY:Imhotep		ALIGN:NG	SORTKEY:05_Egyptian	PANTHEON:Egyptian	DESC:Knowledge Step pyramid
Isis		TITLE:Isis, goddess of fertility and magic			KEY:Isis		ALIGN:NG	SORTKEY:05_Egyptian	PANTHEON:Egyptian	DESC:Knowledge, Life Ankh and star
Nephthys	TITLE:Nephthys, goddess of death and grief			KEY:Nephthys	ALIGN:CG	SORTKEY:05_Egyptian	PANTHEON:Egyptian	DESC:Death Horns around a lunar disk
Osiris	TITLE:Osiris, god of nature and the underworld			KEY:Osiris		ALIGN:LG	SORTKEY:05_Egyptian	PANTHEON:Egyptian	DESC:Life, Nature Crook and flail
Ptah		TITLE:Ptah, god of crafts, knowledge, and secrets		KEY:Ptah		ALIGN:LN	SORTKEY:05_Egyptian	PANTHEON:Egyptian	DESC:Knowledge Bull
Set		TITLE:Set, god of darkness and desert storms			KEY:Set		ALIGN:CE	SORTKEY:05_Egyptian	PANTHEON:Egyptian	DESC:Death, Tempest, Trickery Coiled cobra
Sobek		TITLE:Sobek, god of water and crocodiles				KEY:Sobek		ALIGN:LE	SORTKEY:05_Egyptian	PANTHEON:Egyptian	DESC:Nature, Tempest Crocodile head with horns and plumes
Thoth		TITLE:Thoth, god of knowledge and wisdom				KEY:Thoth		ALIGN:TN	SORTKEY:05_Egyptian	PANTHEON:Egyptian	DESC:Knowledge Ibis

# Norse Deities
#Deity Alignment Suggested Domains Symbol
Odin		TITLE:Odin, god of knowledge and war			KEY:Norse ~ Odin		ALIGN:NG	SORTKEY:05_Norse	PANTHEON:Norse	DESC:Knowledge, War Watching blue eye
Aegir		TITLE:Aegir, god of the sea and storms			KEY:Norse ~ Aegir		ALIGN:NE	SORTKEY:05_Norse	PANTHEON:Norse	DESC:Tempest Rough ocean waves
Balder	TITLE:Balder, god of beauty and poetry			KEY:Norse ~ Balder	ALIGN:NG	SORTKEY:05_Norse	PANTHEON:Norse	DESC:Life, Light Gem-encrusted silver chalice
Forseti	TITLE:Forseti, god of justice and law			KEY:Norse ~ Forseti	ALIGN:TN	SORTKEY:05_Norse	PANTHEON:Norse	DESC:Light Head of a bearded man
Frey		TITLE:Frey, god of fertility and the sun			KEY:Norse ~ Frey		ALIGN:NG	SORTKEY:05_Norse	PANTHEON:Norse	DESC:Life, Light Ice-blue greatsword
Freya		TITLE:Freya, goddess of fertility and love		KEY:Norse ~ Freya		ALIGN:NG	SORTKEY:05_Norse	PANTHEON:Norse	DESC:Life Falcon
Frigga	TITLE:Frigga, goddess of birth and fertility		KEY:Norse ~ Frigga	ALIGN:TN	SORTKEY:05_Norse	PANTHEON:Norse	DESC:Life, Light Cat
Heimdall	TITLE:Heimdall, god of watchfulness and loyalty		KEY:Norse ~ Heimdall	ALIGN:LG	SORTKEY:05_Norse	PANTHEON:Norse	DESC:Light, War Curling musical horn
Hel		TITLE:Hel, goddess of the underworld			KEY:Norse ~ Hel		ALIGN:NE	SORTKEY:05_Norse	PANTHEON:Norse	DESC:Death Woman's face, rotting on one side
Hermod	TITLE:Hermod, god of luck					KEY:Norse ~ Hermod	ALIGN:CN	SORTKEY:05_Norse	PANTHEON:Norse	DESC:Trickery Winged scroll
Loki		TITLE:Loki, god of thieves and trickery			KEY:Norse ~ Loki		ALIGN:CE	SORTKEY:05_Norse	PANTHEON:Norse	DESC:Trickery Flame
Njord		TITLE:Njord, god of sea and wind				KEY:Norse ~ Njord		ALIGN:NG	SORTKEY:05_Norse	PANTHEON:Norse	DESC:Nature, Tempest Gold coin
Odur		TITLE:Odur, god of light and the sun			KEY:Norse ~ Odur		ALIGN:CG	SORTKEY:05_Norse	PANTHEON:Norse	DESC:Light Solar disk
Sif		TITLE:Sif, goddess of war					KEY:Norse ~ Sif		ALIGN:CG	SORTKEY:05_Norse	PANTHEON:Norse	DESC:War Upraised sword
Skadi		TITLE:Skadi, god of earth and mountains			KEY:Norse ~ Skadi		ALIGN:TN	SORTKEY:05_Norse	PANTHEON:Norse	DESC:Nature Mountain peak
Surtur	TITLE:Surtur, god of fire giants and war			KEY:Norse ~ Surtur	ALIGN:LE	SORTKEY:05_Norse	PANTHEON:Norse	DESC:War Flaming sword
Thor		TITLE:Thor, god of storms and thunder			KEY:Norse ~ Thor		ALIGN:CG	SORTKEY:05_Norse	PANTHEON:Norse	DESC:Tempest, War Hammer
Thrym		TITLE:Thrym, god of fire giants and cold			KEY:Norse ~ Thrym		ALIGN:CE	SORTKEY:05_Norse	PANTHEON:Norse	DESC:War White double-bladed axe
Tyr		TITLE:Tyr, god of courage and strategy			KEY:Norse ~ Tyr		ALIGN:LN	SORTKEY:05_Norse	PANTHEON:Norse	DESC:Knowledge, War Sword
Uller		TITLE:Uller, god of hunting and winter			KEY:Norse ~ Uller		ALIGN:CN	SORTKEY:05_Norse	PANTHEON:Norse	DESC:Nature Longbow
