# CVS $Revision: $ $Author: $ -- Mon Feb 22 22:56:28 2016 -- reformated by PCGen PrettyLST v6.06.00

# Equipment Name	Required Armor Proficiency		Required Shield Proficiency	Type							Cost		Weight	Maximum DEX Bonus	Ability																									Combat bonus			Add to base move							Modify VAR			Quality and value
Coin (Platinum)												TYPE:Coin.Money					COST:10	WT:0.02
Coin (Gold)													TYPE:Coin.Money					COST:1	WT:0.02
Coin (Electrum)												TYPE:Coin.Money					COST:0.5	WT:0.02
Coin (Silver)												TYPE:Coin.Money					COST:0.1	WT:0.02
Coin (Copper)												TYPE:Coin.Money					COST:0.01	WT:0.02

# Light Armor	Dex Mod -/+ no max
# Equipment Name	Required Armor Proficiency		Required Shield Proficiency	Type							Cost		Weight	Maximum DEX Bonus	Ability																									Combat bonus			Add to base move							Modify VAR			Quality and value
Padded		PROFICIENCY:ARMOR|Padded							TYPE:Armor.LightArmor.Padded			COST:5	WT:8					ABILITY:Internal|AUTOMATIC|Skill Disadvantage ~ Stealth	ABILITY:Internal|AUTOMATIC|Unproficient Armor|!PREPROFWITHARMOR:1,TYPE.LightArmor			BONUS:COMBAT|AC|1|TYPE=Armor										BONUS:VAR|AC_Armor|1	QUALITY:Stealth|Disadvantage
Leather		PROFICIENCY:ARMOR|Leather							TYPE:Armor.LightArmor.Leather			COST:10	WT:10					ABILITY:Internal|AUTOMATIC|Unproficient Armor|!PREPROFWITHARMOR:1,TYPE.LightArmor													BONUS:COMBAT|AC|1|TYPE=Armor										BONUS:VAR|AC_Armor|1
Studded Leather	PROFICIENCY:ARMOR|Studded Leather						TYPE:Armor.LightArmor.Studded Leather	COST:45	WT:13					ABILITY:Internal|AUTOMATIC|Unproficient Armor|!PREPROFWITHARMOR:1,TYPE.LightArmor													BONUS:COMBAT|AC|2|TYPE=Armor										BONUS:VAR|AC_Armor|2
# Medium Armor	Dex Mod -/+ highest is +2
Hide			PROFICIENCY:ARMOR|Hide								TYPE:Armor.MediumArmor.Hide			COST:10	WT:12		MAXDEX:2		ABILITY:Internal|AUTOMATIC|Unproficient Armor|!PREPROFWITHARMOR:1,TYPE.MediumArmor													BONUS:COMBAT|AC|2|TYPE=Armor										BONUS:VAR|AC_Armor|2
Chain Shirt		PROFICIENCY:ARMOR|Chain Shirt							TYPE:Armor.MediumArmor.Chain Shirt		COST:50	WT:20		MAXDEX:2		ABILITY:Internal|AUTOMATIC|Unproficient Armor|!PREPROFWITHARMOR:1,TYPE.MediumArmor													BONUS:COMBAT|AC|3|TYPE=Armor										BONUS:VAR|AC_Armor|3
Scale Mail		PROFICIENCY:ARMOR|Scale Mail							TYPE:Armor.MediumArmor.Scale Mail		COST:50	WT:45		MAXDEX:2		ABILITY:Internal|AUTOMATIC|Unproficient Armor|!PREPROFWITHARMOR:1,TYPE.MediumArmor	ABILITY:Internal|AUTOMATIC|Skill Disadvantage ~ Stealth (Medium Armor)	BONUS:COMBAT|AC|4|TYPE=Armor										BONUS:VAR|AC_Armor|4	QUALITY:Stealth|Disadvantage
Breastplate		PROFICIENCY:ARMOR|Breastplate							TYPE:Armor.MediumArmor.Breastplate		COST:400	WT:20		MAXDEX:2		ABILITY:Internal|AUTOMATIC|Unproficient Armor|!PREPROFWITHARMOR:1,TYPE.MediumArmor													BONUS:COMBAT|AC|4|TYPE=Armor										BONUS:VAR|AC_Armor|4
Half Plate		PROFICIENCY:ARMOR|Half Plate							TYPE:Armor.MediumArmor.Half Plate		COST:750	WT:40		MAXDEX:2		ABILITY:Internal|AUTOMATIC|Unproficient Armor|!PREPROFWITHARMOR:1,TYPE.MediumArmor	ABILITY:Internal|AUTOMATIC|Skill Disadvantage ~ Stealth (Medium Armor)	BONUS:COMBAT|AC|5|TYPE=Armor										BONUS:VAR|AC_Armor|5	QUALITY:Stealth|Disadvantage
# Heavy Armor	No Dex Modifier at all
Ring Mail		PROFICIENCY:ARMOR|Ring Mail							TYPE:Armor.HeavyArmor.Ring Mail		COST:30	WT:40		MAXDEX:0		ABILITY:Internal|AUTOMATIC|Unproficient Armor|!PREPROFWITHARMOR:1,TYPE.HeavyArmor	ABILITY:Internal|AUTOMATIC|Skill Disadvantage ~ Stealth			BONUS:COMBAT|AC|4|TYPE=Armor										BONUS:VAR|AC_Armor|4	QUALITY:Stealth|Disadvantage
Chain Mail		PROFICIENCY:ARMOR|Chain Mail							TYPE:Armor.HeavyArmor.Chain Mail		COST:75	WT:55		MAXDEX:0		ABILITY:Internal|AUTOMATIC|Unproficient Armor|!PREPROFWITHARMOR:1,TYPE.HeavyArmor	ABILITY:Internal|AUTOMATIC|Skill Disadvantage ~ Stealth			BONUS:COMBAT|AC|6|TYPE=Armor	BONUS:MOVEADD|TYPE.Walk|-10|PREVARLT:STRSCORE,13	BONUS:VAR|AC_Armor|6	QUALITY:Stealth|Disadvantage
Splint		PROFICIENCY:ARMOR|Splint							TYPE:Armor.HeavyArmor.Splint			COST:200	WT:60		MAXDEX:0		ABILITY:Internal|AUTOMATIC|Unproficient Armor|!PREPROFWITHARMOR:1,TYPE.HeavyArmor	ABILITY:Internal|AUTOMATIC|Skill Disadvantage ~ Stealth			BONUS:COMBAT|AC|7|TYPE=Armor	BONUS:MOVEADD|TYPE.Walk|-10|PREVARLT:STRSCORE,15	BONUS:VAR|AC_Armor|7	QUALITY:Stealth|Disadvantage
Plate			PROFICIENCY:ARMOR|Plate								TYPE:Armor.HeavyArmor.Plate			COST:1500	WT:65		MAXDEX:0		ABILITY:Internal|AUTOMATIC|Unproficient Armor|!PREPROFWITHARMOR:1,TYPE.HeavyArmor	ABILITY:Internal|AUTOMATIC|Skill Disadvantage ~ Stealth			BONUS:COMBAT|AC|8|TYPE=Armor	BONUS:MOVEADD|TYPE.Walk|-10|PREVARLT:STRSCORE,15	BONUS:VAR|AC_Armor|8	QUALITY:Stealth|Disadvantage
# Shield
Shield								PROFICIENCY:SHIELD|Shield	TYPE:Shield						COST:10	WT:6					ABILITY:Internal|AUTOMATIC|Unproficient Armor|!PREPROFWITHSHIELD:1,Shield														BONUS:COMBAT|AC|2|TYPE=Shield										BONUS:VAR|AC_Shield|2

# need a disable trigger for Dex on the OS.
# Need the new parser - RangeLongMult will determine final long range value. Set base.xml file in game system folder. Alter range output by type - Increment3, Increment4
###Block: Weapons
# NOTES: Range is 2 Increments - Thrown Long Range is x3, Projectile Long Range is x4

# Simple Melee Weapons
# Equipment Name							Unique Key					Required Weapon Proficiency			Type																				Contains									Cost		Weight	Base Quantity	Crit Range	Damage	Modifier			Wield Category	Range		Size						Quality and value										Special Property
Club									KEY:Club					PROFICIENCY:WEAPON|Club				TYPE:Weapon.Resizable.Melee.Manufactured.Weapon_Melee.Bludgeoning.Light.Monk.Simple																	COST:0.1	WT:2					CRITRANGE:1	DAMAGE:1d4										SIZE:M
Dagger								KEY:Dagger					PROFICIENCY:WEAPON|Dagger			TYPE:Weapon.Resizable.Melee.Manufactured.Weapon_Finesse.Piercing.Finesse.Light.Thrown.Ranged.Increment3.Monk.Simple											COST:2	WT:1					CRITRANGE:1	DAMAGE:1d4								RANGE:20	SIZE:M					QUALITY:RangeLongMult|3	QUALITY:ShortRange|20	QUALITY:LongRange|60
Unarmed Strike (Monk)						KEY:Unarmed Strike (Monk)		PROFICIENCY:WEAPON|Unarmed Strike (monk)	TYPE:Weapon.Monk.Resizable.Melee.Bludgeoning.Unarmed.Weapon_Melee.Simple																		COST:0	WT:0					CRITRANGE:1	DAMAGE:1d4										SIZE:M
#MODIFY:RangeLongMult|SET|3

Greatclub								KEY:Greatclub				PROFICIENCY:WEAPON|Greatclub			TYPE:Weapon.Resizable.Melee.Manufactured.Weapon_Melee.Bludgeoning.Two-Handed.Simple																	COST:.2	WT:10					CRITRANGE:1	DAMAGE:1d8					WIELD:TwoHanded			SIZE:M
Handaxe								KEY:Handaxe					PROFICIENCY:WEAPON|Handaxe			TYPE:Weapon.Resizable.Melee.Manufactured.Weapon_Thrown.Slashing.Light.Thrown.Ranged.Axe.Monk.Simple														COST:5	WT:2					CRITRANGE:1	DAMAGE:1d6								RANGE:20	SIZE:M					QUALITY:RangeLongMult|3	QUALITY:ShortRange|20	QUALITY:LongRange|60
Javelin								KEY:Javelin					PROFICIENCY:WEAPON|Javelin			TYPE:Weapon.Resizable.Melee.Manufactured.Weapon_Thrown.Piercing.Thrown.Ranged.Increment3.Monk.Simple														COST:.5	WT:2					CRITRANGE:1	DAMAGE:1d6								RANGE:30	SIZE:M					QUALITY:RangeLongMult|3	QUALITY:ShortRange|30	QUALITY:LongRange|90	SPROP:Range 30, Long 90
#MODIFY:RangeLongMult|SET|3
Light Hammer							KEY:Light Hammer				PROFICIENCY:WEAPON|Light Hammer		TYPE:Weapon.Resizable.Melee.Manufactured.Weapon_Thrown.Bludgeoning.Light.Thrown.Ranged.Increment3.Monk.Simple												COST:2	WT:2					CRITRANGE:1	DAMAGE:1d4								RANGE:20	SIZE:M					QUALITY:RangeLongMult|3	QUALITY:ShortRange|20	QUALITY:LongRange|60
#MODIFY:RangeLongMult|SET|3
Mace									KEY:Mace					PROFICIENCY:WEAPON|Mace				TYPE:Weapon.Resizable.Melee.Manufactured.Weapon_Melee.Bludgeoning.Monk.Simple																		COST:5	WT:4					CRITRANGE:1	DAMAGE:1d6					WIELD:OneHanded			SIZE:M
Quarterstaff							KEY:Quarterstaff				PROFICIENCY:WEAPON|Quarterstaff		TYPE:Weapon.Resizable.Melee.Manufactured.Weapon_Melee.Bludgeoning.Versatile.Monk.Simple																COST:.2	WT:4					CRITRANGE:1	DAMAGE:1d6	EQMOD:VERSATILE_D8						SIZE:M
Sickle								KEY:Sickle					PROFICIENCY:WEAPON|Sickle			TYPE:Weapon.Resizable.Melee.Manufactured.Weapon_Melee.Slashing.Light.Monk.Simple																	COST:1	WT:2					CRITRANGE:1	DAMAGE:1d4										SIZE:M
Spear									KEY:Spear					PROFICIENCY:WEAPON|Spear			TYPE:Weapon.Resizable.Melee.Manufactured.Weapon_Thrown.Piercing.Thrown.Ranged.Versatile.Increment3.Monk.Simple												COST:1	WT:3					CRITRANGE:1	DAMAGE:1d6	EQMOD:VERSATILE_D8				RANGE:20	SIZE:M					QUALITY:RangeLongMult|3	QUALITY:ShortRange|20	QUALITY:LongRange|60
#MODIFY:RangeLongMult|SET|3
Unarmed Strike							KEY:Unarmed Strike			PROFICIENCY:WEAPON|Unarmed Strike		TYPE:Weapon.Resizable.Melee.Natural.Simple.Unarmed.Weapon_Melee.Bludgeoning																		COST:0	WT:0					CRITRANGE:1	DAMAGE:1										SIZE:M
# Simple Ranged Weapons
Crossbow, Light							KEY:Crossbow (Light)			PROFICIENCY:WEAPON|Crossbow (Light)		TYPE:Weapon.Resizable.Ranged.Manufactured.Weapon_Ranged.Piercing.Increment4.Container.Simple					CONTAINS:UNLIM|Crossbow Bolt						COST:25	WT:5					CRITRANGE:1	DAMAGE:1d8								RANGE:80	SIZE:M					QUALITY:RangeLongMult|4	QUALITY:ShortRange|80	QUALITY:LongRange|240
#MODIFY:RangeLongMult|SET|4
Dart									KEY:Dart					PROFICIENCY:WEAPON|Dart				TYPE:Weapon.Resizable.Ranged.Manufactured.Weapon_Finesse.Piercing.Increment3.Simple																	COST:.05	WT:0.25				CRITRANGE:1	DAMAGE:1d4								RANGE:20	SIZE:M					QUALITY:RangeLongMult|3	QUALITY:ShortRange|20	QUALITY:LongRange|60
#MODIFY:RangeLongMult|SET|3
Shortbow								KEY:Shortbow				PROFICIENCY:WEAPON|Shortbow			TYPE:Weapon.Resizable.Ranged.Manufactured.Weapon_Ranged.Piercing.Increment4.Container.Simple					CONTAINS:UNLIM|Arrow							COST:25	WT:2					CRITRANGE:1	DAMAGE:1d6								RANGE:30	SIZE:M					QUALITY:RangeLongMult|4	QUALITY:ShortRange|30	QUALITY:LongRange|120
#MODIFY:RangeLongMult|SET|4
Sling									KEY:Sling					PROFICIENCY:WEAPON|Sling			TYPE:Weapon.Resizable.Ranged.Manufactured.Weapon_Ranged.Bludgeoning.Increment4.Container.Simple					CONTAINS:UNLIM|Sling Bullet						COST:.1	WT:0					CRITRANGE:1	DAMAGE:1d4								RANGE:30	SIZE:M					QUALITY:RangeLongMult|4	QUALITY:ShortRange|30	QUALITY:LongRange|120
#MODIFY:RangeLongMult|SET|4

# Martial Melee Weapons
Battleaxe								KEY:Battleaxe				PROFICIENCY:WEAPON|Battleaxe			TYPE:Weapon.Resizable.Melee.Manufactured.Weapon_Melee.Slashing.Axe.Martial																		COST:10	WT:4					CRITRANGE:1	DAMAGE:1d8					WIELD:OneHanded			SIZE:M
Flail									KEY:Flail					PROFICIENCY:WEAPON|Flail			TYPE:Weapon.Resizable.Melee.Manufactured.Weapon_Melee.Bludgeoning.Martial																		COST:10	WT:2					CRITRANGE:1	DAMAGE:1d8					WIELD:OneHanded			SIZE:M
Glaive								KEY:Glaive					PROFICIENCY:WEAPON|Glaive			TYPE:Weapon.Resizable.Melee.Manufactured.Weapon_Melee.Slashing.Martial																			COST:20	WT:6					CRITRANGE:1	DAMAGE:1d10					WIELD:TwoHanded			SIZE:M
Greataxe								KEY:Greataxe				PROFICIENCY:WEAPON|Greataxe			TYPE:Weapon.Resizable.Melee.Manufactured.Weapon_Melee.Slashing.Axe.Martial																		COST:30	WT:7					CRITRANGE:1	DAMAGE:1d12					WIELD:TwoHanded			SIZE:M
Greatsword								KEY:Greatsword				PROFICIENCY:WEAPON|Greatsword			TYPE:Weapon.Resizable.Melee.Manufactured.Weapon_Melee.Slashing.Martial																			COST:50	WT:6					CRITRANGE:1	DAMAGE:2d6					WIELD:TwoHanded			SIZE:M
Halberd								KEY:Halberd					PROFICIENCY:WEAPON|Halberd			TYPE:Weapon.Resizable.Melee.Manufactured.Weapon_Melee.Slashing.Martial																			COST:20	WT:6					CRITRANGE:1	DAMAGE:1d10					WIELD:TwoHanded			SIZE:M
Lance									KEY:Lance					PROFICIENCY:WEAPON|Lance			TYPE:Weapon.Resizable.Melee.Manufactured.Weapon_Melee.Piercing.Martial																			COST:10	WT:6					CRITRANGE:1	DAMAGE:1d12					WIELD:OneHanded			SIZE:M
Longsword								KEY:Longsword				PROFICIENCY:WEAPON|Longsword			TYPE:Weapon.Resizable.Melee.Manufactured.Weapon_Melee.Slashing.Martial																			COST:15	WT:3					CRITRANGE:1	DAMAGE:1d8					WIELD:OneHanded			SIZE:M
Maul									KEY:Maul					PROFICIENCY:WEAPON|Maul				TYPE:Weapon.Resizable.Melee.Manufactured.Weapon_Melee.Bludgeoning.Martial																		COST:10	WT:10					CRITRANGE:1	DAMAGE:2d6					WIELD:TwoHanded			SIZE:M
Morningstar								KEY:Morningstar				PROFICIENCY:WEAPON|Morningstar		TYPE:Weapon.Resizable.Melee.Manufactured.Weapon_Melee.Piercing.Martial																			COST:15	WT:4					CRITRANGE:1	DAMAGE:1d8					WIELD:OneHanded			SIZE:M
Pike									KEY:Pike					PROFICIENCY:WEAPON|Pike				TYPE:Weapon.Resizable.Melee.Manufactured.Weapon_Melee.Piercing.Martial																			COST:5	WT:18					CRITRANGE:1	DAMAGE:1d10					WIELD:TwoHanded			SIZE:M
Rapier								KEY:Rapier					PROFICIENCY:WEAPON|Rapier			TYPE:Weapon.Resizable.Melee.Manufactured.Weapon_Finesse.Piercing.Martial																		COST:25	WT:2					CRITRANGE:1	DAMAGE:1d8					WIELD:OneHanded			SIZE:M
Scimitar								KEY:Scimitar				PROFICIENCY:WEAPON|Scimitar			TYPE:Weapon.Resizable.Melee.Manufactured.Weapon_Finesse.Slashing.Martial																		COST:25	WT:3					CRITRANGE:1	DAMAGE:1d6					WIELD:OneHanded			SIZE:M
Shortsword								KEY:Shortsword				PROFICIENCY:WEAPON|Shortsword			TYPE:Weapon.Resizable.Melee.Manufactured.Weapon_Finesse.Piercing.Monk.Martial																		COST:10	WT:2					CRITRANGE:1	DAMAGE:1d6					WIELD:OneHanded			SIZE:M
Trident								KEY:Trident					PROFICIENCY:WEAPON|Trident			TYPE:Weapon.Resizable.Melee.Manufactured.Weapon_Melee.Piercing.Increment3.Martial																	COST:5	WT:4					CRITRANGE:1	DAMAGE:1d8					WIELD:OneHanded	RANGE:20	SIZE:M			QUALITY:RangeLongMult|3	QUALITY:ShortRange|20	QUALITY:LongRange|60
#MODIFY:RangeLongMult|SET|3
War Pick								KEY:War Pick				PROFICIENCY:WEAPON|War Pick			TYPE:Weapon.Resizable.Melee.Manufactured.Weapon_Melee.Piercing.Martial																			COST:5	WT:2					CRITRANGE:1	DAMAGE:1d8					WIELD:OneHanded			SIZE:M
Warhammer								KEY:Warhammer				PROFICIENCY:WEAPON|Warhammer			TYPE:Weapon.Resizable.Melee.Manufactured.Weapon_Melee.Bludgeoning.Martial																		COST:15	WT:2					CRITRANGE:1	DAMAGE:1d8					WIELD:OneHanded			SIZE:M
Whip									KEY:Whip					PROFICIENCY:WEAPON|Whip				TYPE:Weapon.Resizable.Melee.Manufactured.Weapon_Finesse.Slashing.Martial																		COST:2	WT:3					CRITRANGE:1	DAMAGE:1d4					WIELD:OneHanded			SIZE:M
# Martial Ranged Weapons
Blowgun								KEY:Blowgun					PROFICIENCY:WEAPON|Blowgun			TYPE:Weapon.Resizable.Ranged.Manufactured.Weapon_Ranged.Piercing.Increment4.Container.Martial					CONTAINS:UNLIM|Blowgun Needle						COST:10	WT:1					CRITRANGE:1	DAMAGE:1								RANGE:25	SIZE:M			QUALITY:RangeLongMult|4	QUALITY:ShortRange|25	QUALITY:LongRange|100
#MODIFY:RangeLongMult|SET|4
Crossbow, Hand							KEY:Crossbow (Hand)			PROFICIENCY:WEAPON|Crossbow (Hand)		TYPE:Weapon.Resizable.Ranged.Manufactured.Weapon_Ranged.Piercing.Increment4.Container.Martial					CONTAINS:UNLIM|Crossbow Bolt						COST:75	WT:3					CRITRANGE:1	DAMAGE:1d6								RANGE:30	SIZE:M			QUALITY:RangeLongMult|4	QUALITY:ShortRange|30	QUALITY:LongRange|120
#MODIFY:RangeLongMult|SET|4
Crossbow, Heavy							KEY:Crossbow (Heavy)			PROFICIENCY:WEAPON|Crossbow (Heavy)		TYPE:Weapon.Resizable.Ranged.Manufactured.Weapon_Ranged.Piercing.Increment4.Container.Martial					CONTAINS:UNLIM|Crossbow Bolt						COST:50	WT:18					CRITRANGE:1	DAMAGE:1d10					WIELD:TwoHanded	RANGE:100	SIZE:M			QUALITY:RangeLongMult|4	QUALITY:ShortRange|100	QUALITY:LongRange|400
#MODIFY:RangeLongMult|SET|4
Longbow								KEY:Longbow					PROFICIENCY:WEAPON|Longbow			TYPE:Weapon.Resizable.Ranged.Manufactured.Weapon_Ranged.Piercing.Increment4.Container						CONTAINS:UNLIM|Arrow.Martial						COST:50	WT:2					CRITRANGE:1	DAMAGE:1d8					WIELD:TwoHanded	RANGE:150	SIZE:M			QUALITY:RangeLongMult|4	QUALITY:ShortRange|150	QUALITY:LongRange|600
#MODIFY:RangeLongMult|SET|4
Net									KEY:Net					PROFICIENCY:WEAPON|Net				TYPE:Weapon.Resizable.Ranged.Manufactured.Weapon_Ranged.Increment3.Martial																		COST:1	WT:3					CRITRANGE:1										RANGE:5	SIZE:M			QUALITY:RangeLongMult|3	QUALITY:ShortRange|5	QUALITY:LongRange|15
#MODIFY:RangeLongMult|SET|3



Abacus																					TYPE:Gear																													COST:2	WT:2
Acid (vial)																					TYPE:Gear																													COST:25	WT:1
Alchemist's fire (flask)																		TYPE:Gear																													COST:50	WT:1
# Ammunition
Arrows (20)																					TYPE:Gear.Ammunition.Arrow																										COST:1	WT:1		BASEQTY:20
Blowgun needles (50)																			TYPE:Gear.Ammunition.Blowgun Needle																									COST:1	WT:1		BASEQTY:50
Crossbow bolts (20)																			TYPE:Gear.Ammunition.Crossbow Bolt																									COST:1	WT:1.5	BASEQTY:20
Sling bullets (20)																			TYPE:Gear.Ammunition.Sling Bullet																									COST:0.04	WT:1.5	BASEQTY:20
#
Antitoxin (vial)																				TYPE:Gear																													COST:50	WT:0
# Arcane focus
Crystal																					TYPE:Gear.Arcane Focus																											COST:10	WT:1
Orb																						TYPE:Gear.Arcane Focus																											COST:20	WT:3
Rod																						TYPE:Gear.Arcane Focus																											COST:10	WT:2
Staff																						TYPE:Gear.Arcane Focus																											COST:5	WT:4
Wand																						TYPE:Gear.Arcane Focus																											COST:10	WT:1
#
Backpack																					TYPE:Gear.Container																	CONTAINS:30									COST:2	WT:5
Ball bearings (bag of 1,000)					KEY:Ball bearings (bag of 1000)								TYPE:Gear																													COST:1	WT:2
Barrel																					TYPE:Gear																													COST:2	WT:70
Basket																					TYPE:Gear.Container																	CONTAINS:UNLIM|Any							COST:0.4	WT:2
Bedroll																					TYPE:Gear																													COST:1	WT:7
Bell																						TYPE:Gear																													COST:1	WT:0
Blanket																					TYPE:Gear																													COST:0.5	WT:3
Block and tackle																				TYPE:Gear																													COST:1	WT:5
Book																						TYPE:Gear																													COST:25	WT:5
Bottle, glass							KEY:Bottle (Glass)										TYPE:Gear																													COST:2	WT:2
Bucket																					TYPE:Gear																													COST:0.05	WT:2
Caltrops (bag of 20)																			TYPE:Gear																													COST:1	WT:2
Candle																					TYPE:Gear																													COST:0.01	WT:0
Case, crossbow bolt						KEY:Case (Crossbow Bolt)									TYPE:Gear.Container																	CONTAINS:UNLIM|Total=10|Paper=10|Documents=10|Scroll=10	COST:1	WT:1
Case, map or scroll						KEY:Case (Map or Scroll)									TYPE:Gear.Container																	CONTAINS:UNLIM|Total=10|Paper=10|Documents=10|Scroll=10	COST:1	WT:1
Chain (10 feet)																				TYPE:Gear																													COST:5	WT:10
Chalk (1 piece)																				TYPE:Gear																													COST:0.01	WT:0
Chest																						TYPE:Gear.Container																	CONTAINS:300								COST:5	WT:25
Climber's kit																				TYPE:Gear																													COST:25	WT:12
Clothes, Common							KEY:Clothes (Common)										TYPE:Gear.Clothing																											COST:0.5	WT:3
Clothes, Costume							KEY:Clothes (Costume)										TYPE:Gear.Clothing																											COST:5	WT:4
Clothes, Fine							KEY:Clothes (Fine)										TYPE:Gear.Clothing																											COST:15	WT:6
Clothes, Traveler's						KEY:Clothes (Traveler's)									TYPE:Gear.Clothing																											COST:2	WT:4
Component pouch																				TYPE:Gear																													COST:25	WT:2
Crowbar																					TYPE:Gear																													COST:2	WT:5
# Druidic Focus
Sprig of mistletoe																			TYPE:Gear.Druidic Focus																											COST:1	WT:0
Totem																						TYPE:Gear.Druidic Focus																											COST:1	WT:0
Wooden staff																				TYPE:Gear.Druidic Focus																											COST:5	WT:4
Yew wand																					TYPE:Gear.Druidic Focus																											COST:10	WT:1
#
Fishing tackle																				TYPE:Gear																													COST:1	WT:4
Flask or tankard																				TYPE:Gear																													COST:0.02	WT:1
Grappling hook																				TYPE:Gear																													COST:2	WT:4
Hammer																					TYPE:Gear																													COST:1	WT:3
Hammer, sledge							KEY:Hammer (Sledge)										TYPE:Gear																													COST:2	WT:10
Healer's kit																				TYPE:Gear																													COST:5	WT:3
# Holy Symbol
Holy Symbol (Amulet)																			TYPE:Gear.Holy Symbol																											COST:5	WT:1
Holy Symbol (Emblem)																			TYPE:Gear.Holy Symbol																											COST:5	WT:0
Holy Symbol (Reliquary)																			TYPE:Gear.Holy Symbol																											COST:5	WT:2
Holy water (flask)																			TYPE:Gear																													COST:25	WT:1
#
Hourglass																					TYPE:Gear																													COST:25	WT:1
Hunting trap																				TYPE:Gear																													COST:5	WT:25
Ink (1 ounce bottle)																			TYPE:Gear																													COST:10	WT:0
Ink pen																					TYPE:Gear																													COST:0.02	WT:0
Jug or pitcher																				TYPE:Gear																													COST:0.02	WT:4
Ladder (10-foot)																				TYPE:Gear																													COST:0.1	WT:25
Lamp																						TYPE:Gear																													COST:0.5	WT:1
Lantern, bullseye							KEY:Lantern (Bullseye)										TYPE:Gear																													COST:10	WT:2
Lantern, hooded							KEY:Lantern (Hooded)										TYPE:Gear																													COST:5	WT:2
Lock																						TYPE:Gear																													COST:10	WT:1
Magnifying glass																				TYPE:Gear																													COST:100	WT:0
Manacles																					TYPE:Gear																													COST:2	WT:6
Mess kit																					TYPE:Gear																													COST:0.2	WT:1
Mirror, steel							KEY:Mirror (Steel)										TYPE:Gear																													COST:5	WT:0.5
Oil (flask)																					TYPE:Gear																													COST:0.1	WT:1
Paper (one sheet)																				TYPE:Gear.Paper																												COST:0.2	WT:0
Parchment (one sheet)																			TYPE:Gear.Paper																												COST:0.1	WT:0
Perfume (vial)																				TYPE:Gear																													COST:5	WT:0
Pick, miner's							KEY:Pick (Miner's)										TYPE:Gear																													COST:2	WT:10
Piton																						TYPE:Gear																													COST:0.05	WT:0.25
Poison, basic (vial)						KEY:Poison (Basic/Vial)										TYPE:Gear																													COST:100	WT:0
Pole (10-foot)																				TYPE:Gear																													COST:0.05	WT:7
Pot, iron								KEY:Pot (Iron)											TYPE:Gear																													COST:2	WT:10
Potion of healing																				TYPE:Gear																													COST:50	WT:0.5
Pouch																						TYPE:Gear.Container																	CONTAINS:6									COST:0.5	WT:1
Quiver																					TYPE:Gear.Container																	CONTAINS:UNLIM|Any							COST:1	WT:1
Ram, portable							KEY:Ram (Portable)										TYPE:Gear																													COST:4	WT:35
Rations (1 day)																				TYPE:Gear																													COST:0.5	WT:2
Robes																						TYPE:Gear																													COST:1	WT:4
Rope, hempen (50 feet)						KEY:Rope (Hempen/50)										TYPE:Gear																													COST:1	WT:10
Rope, silk (50 feet)						KEY:Rope (Silk/50)										TYPE:Gear																													COST:10	WT:5
Sack																						TYPE:Gear.Container																	CONTAINS:30									COST:0.01	WT:0.5
Scale, merchant's							KEY:Scale (Merchant's)										TYPE:Gear																													COST:5	WT:3
Sealing wax																					TYPE:Gear																													COST:0.5	WT:0
Shovel																					TYPE:Gear																													COST:2	WT:5
Signal whistle																				TYPE:Gear																													COST:0.05	WT:0
Signet ring																					TYPE:Gear																													COST:5	WT:0
Soap																						TYPE:Gear																													COST:0.02
Spellbook																					TYPE:Gear																													COST:50	WT:3
Spikes, iron (10)							KEY:Spikes (Iron/10)										TYPE:Gear																													COST:1	WT:5		BASEQTY:10
Spyglass																					TYPE:Gear																													COST:1000	WT:1
Tent, two-person							KEY:Tent (Two-person)										TYPE:Gear																													COST:2	WT:20
Tinderbox																					TYPE:Gear																													COST:0.5	WT:1
Torch																						TYPE:Gear																													COST:0.01	WT:1
Vial																						TYPE:Gear																													COST:1	WT:0
Waterskin																					TYPE:Gear																													COST:0.2	WT:5
Whetstone																					TYPE:Gear																													COST:0.01	WT:1

###
# Artisan's Tools
Alchemist's Supplies																			TYPE:Gear.Artisan's Tools																										COST:50	WT:8
Brewer's Supplies																				TYPE:Gear.Artisan's Tools																										COST:20	WT:9
Calligrapher's Supplies																			TYPE:Gear.Artisan's Tools																										COST:10	WT:5
Carpenter's Tools																				TYPE:Gear.Artisan's Tools																										COST:8	WT:6
Cartographer's Tools																			TYPE:Gear.Artisan's Tools																										COST:15	WT:6
Cobbler's Tools																				TYPE:Gear.Artisan's Tools																										COST:5	WT:5
Cook's Utensils																				TYPE:Gear.Artisan's Tools																										COST:1	WT:8
Glassblower's Tools																			TYPE:Gear.Artisan's Tools																										COST:30	WT:5
Jeweler's Tools																				TYPE:Gear.Artisan's Tools																										COST:25	WT:2
Leatherworker's Tools																			TYPE:Gear.Artisan's Tools																										COST:5	WT:5
Mason's Tools																				TYPE:Gear.Artisan's Tools																										COST:10	WT:8
Painter's Supplies																			TYPE:Gear.Artisan's Tools																										COST:10	WT:5
Potter's Tools																				TYPE:Gear.Artisan's Tools																										COST:10	WT:3
Smith's Tools																				TYPE:Gear.Artisan's Tools																										COST:20	WT:8
Tinker's Tools																				TYPE:Gear.Artisan's Tools																										COST:50	WT:10
Weaver's Tools																				TYPE:Gear.Artisan's Tools																										COST:1	WT:5
Woodcarver's Tools																			TYPE:Gear.Artisan's Tools																										COST:1	WT:5
Disguise Kit																				TYPE:Gear.Artisan's Tools																										COST:25	WT:3
Forgery Kit																					TYPE:Gear.Artisan's Tools																										COST:15	WT:5
Herbalism Kit																				TYPE:Gear.Artisan's Tools																										COST:5	WT:3
# Gaming Set
Dice Set																					TYPE:Gear.Gaming Set																											COST:0.1	WT:0
Dragonchess Set																				TYPE:Gear.Gaming Set																											COST:1	WT:0.5
Playing Card Set																				TYPE:Gear.Gaming Set																											COST:5	WT:0
Three-Dragon Ante Set																			TYPE:Gear.Gaming Set																											COST:1	WT:0
# Musical Instrument
Bagpipes																					TYPE:Gear.Musical Instrument																										COST:30	WT:6
Drum																						TYPE:Gear.Musical Instrument																										COST:6	WT:3
Dulcimer																					TYPE:Gear.Musical Instrument																										COST:25	WT:10
Flute																						TYPE:Gear.Musical Instrument																										COST:2	WT:1
Lute																						TYPE:Gear.Musical Instrument																										COST:35	WT:2
Lyre																						TYPE:Gear.Musical Instrument																										COST:30	WT:2
Horn																						TYPE:Gear.Musical Instrument																										COST:3	WT:2
Pan flute																					TYPE:Gear.Musical Instrument																										COST:12	WT:2
Shawm																						TYPE:Gear.Musical Instrument																										COST:2	WT:1
Viol																						TYPE:Gear.Musical Instrument																										COST:30	WT:1
#
Navigator's Tools																				TYPE:Gear																													COST:25	WT:2
Poisoner's Kit																				TYPE:Gear																													COST:50	WT:2
Thieves' Tools																				TYPE:Gear																													COST:25	WT:1																																				SPROP:+%|Proficiency_Bonus|PREABILITY:1,CATEGORY=Internal,Tool Proficiency ~ Thieves' Tools


#Equipment Packs	The starting equipment you get from your class includes a collection of useful adventuring gear, put together in a pack. The contents of these packs are listed here. If you are buying your starting equipment, you can purchase a pack for the price shown, which might be cheaper than buying the items individually.
Burglar's Pack																				TYPE:Gear																													COST:16																																					SPROP:Includes a backpack, a bag of 1,000 ball bearings, 10 feet of string, a bell, 5 candles, a crowbar, a hammer, 10 pitons, a hooded lantern, 2 flasks of oil, 5 days rations, a tinderbox, and a waterskin. The pack also has 50 feet of hempen rope strapped to the side of it.
Diplomat's Pack																				TYPE:Gear																													COST:39																																					SPROP:Includes a chest, 2 cases for maps and scrolls, a set of fine clothes, a bottle of ink, an ink pen, a lamp, 2 flasks of oil, 5 sheets of paper, a vial of perfume, sealing wax, and soap.
Dungeoneer's Pack																				TYPE:Gear																													COST:12																																					SPROP:Includes a backpack, a crowbar, a hammer, 10 pitons, 10 torches, a tinderbox, 10 days of rations, and a waterskin. The pack also has 50 feet of hempen rope strapped to the side of it.
Entertainer's Pack																			TYPE:Gear																													COST:40																																					SPROP:Includes a backpack, a bedroll, 2 costumes, 5 candles, 5 days of rations, a waterskin, and a disguise kit.
Explorer's Pack																				TYPE:Gear																													COST:10																																					SPROP:Includes a backpack, a bedroll, a mess kit, a tinderbox, 10 torches, 10 days of rations, and a waterskin. The pack also has 50 feet of hempen rope strapped to the side of it.
Priest's Pack																				TYPE:Gear																													COST:19																																					SPROP:Includes a backpack, a blanket, 10 candles, a tinderbox, an alms box, 2 blocks of incense, a censer, vestments, 2 days of rations, and a waterskin.
Scholar's Pack																				TYPE:Gear																													COST:40																																					SPROP:Includes a backpack, a book of lore, a bottle of ink, an ink pen, 10 sheets of parchment, a little bag of sand, and a small knife.

# Background Specific Equipment, no actual price given
Dice Set.COPY=Set of weighted dice
Playing Card Set.COPY=Deck of marked cards
Signet ring.COPY=Signet ring of an imaginary duke

Stoppered bottles filled with colored liquid															TYPE:Gear.ConArtist																															BASEQTY:10
Set of weighted dice.MOD																		TYPE:Gear.ConArtist
Deck of marked cards.MOD																		TYPE:Gear.ConArtist
Signet ring of an imaginary duke.MOD																TYPE:Gear.ConArtist

Clothes (Common).COPY=Clothes (Common/Dark)
Clothes (Common/Dark).MOD																																																																																						SPROP:Includes hood

Pouch.COPY=Belt Pouch

Favor of Admirer (Love letter)		TYPE:Gear
Favor of Admirer (Lock of hair)		TYPE:Gear
Favor of Admirer (Tricket)		TYPE:Gear

Animal Trophy		TYPE:Gear
Stick of Incense		TYPE:Gear
Prayer Book		TYPE:Gear
Prayer Wheel		TYPE:Gear
Vestments		TYPE:Gear

Ink (1 ounce bottle).COPY=bottle of black ink
Ink pen.COPY=Quill

letter from a dead colleague																																																																																						SPROP:posing a question you have not yet been able to answer
Quill		TYPE:Gear
small knife		TYPE:Gear
bottle of black ink		TYPE:Gear

Lucky Charm		TYPE:Gear
Dice Set.COPY=Bone Dice

Enemy Trophy		TYPE:Gear
Insignia of Rank		TYPE:Gear

City Map		TYPE:Gear
Pet Mouse		TYPE:Gear
Token of Parents		TYPE:Gear

Blanket.COPY=Winter Blanket
Scroll of Pedigree
Belt Pouch.COPY=Purse

Guild Introduction Letter		TYPE:Gear
Notes		TYPE:Gear
Scroll Case		TYPE:Gear



###Block: Add item identifiers for expansion
# Equipment Name		Type
Club.MOD			TYPE:Club
Dagger.MOD			TYPE:Dagger
Greatclub.MOD		TYPE:Greatclub.Club
Handaxe.MOD			TYPE:Handaxe.Axe
Javelin.MOD			TYPE:Javelin
Light Hammer.MOD		TYPE:Light Hammer.Hammer
Mace.MOD			TYPE:Mace
Quarterstaff.MOD		TYPE:Quarterstaff
Sickle.MOD			TYPE:Sickle
Spear.MOD			TYPE:Spear
Unarmed Strike.MOD	TYPE:Unarmed Strike
Crossbow (Light).MOD	TYPE:Crossbow.Light Crossbow
Dart.MOD			TYPE:Dart
Shortbow.MOD		TYPE:Shortbow.Bow
Sling.MOD			TYPE:Sling
Battleaxe.MOD		TYPE:Battleaxe.Axe
Flail.MOD			TYPE:Flail
Glaive.MOD			TYPE:Glaive
Greataxe.MOD		TYPE:Greataxe.Axe
Greatsword.MOD		TYPE:Greatsword.Sword
Halberd.MOD			TYPE:Halberd
Lance.MOD			TYPE:Lance
Longsword.MOD		TYPE:Longsword.Sword
Maul.MOD			TYPE:Maul.Hammer
Morningstar.MOD		TYPE:Morningstar
Pike.MOD			TYPE:Pike
Rapier.MOD			TYPE:Rapier.Sword
Scimitar.MOD		TYPE:Scimitar.Sword
Shortsword.MOD		TYPE:Shortsword.Sword
Trident.MOD			TYPE:Trident
War Pick.MOD		TYPE:War Pick
Warhammer.MOD		TYPE:Warhammer.Hammer
Whip.MOD			TYPE:Whip
Blowgun.MOD			TYPE:Blowgun
Crossbow (Hand).MOD	TYPE:Hand Crossbow.Crossbow
Crossbow (Heavy).MOD	TYPE:Heavy Crossbow.Crossbow
Longbow.MOD			TYPE:Longbow.Bow
Net.MOD			TYPE:Net

###Block - Trinket list
01 Mummified goblin hand	TYPE:Trinket
02 A piece of crystal that faintly glows in the moonlight	TYPE:Trinket
28 A dragon's bony talon hanging from a plain leather necklace	TYPE:Trinket
03 A gold coin minted in an unknown land	TYPE:Trinket
04 A diary written in a language you don't know	TYPE:Trinket
05 A brass ring that never tarnishes	TYPE:Trinket
06 An old chess piece made from glass graphite, or any olher substance or marking	TYPE:Trinket
07 A pair ofknucklebone dice, each with a skull symbol on the side thal would normally show six pips	TYPE:Trinket
08 A small idol depicting a nightmarish creature that gives you unsettling dreams when you sleep near it 	TYPE:Trinket
09 A rope necklace from which dangles four mummified elf fingers	TYPE:Trinket
10 The deed for a parcel of land in a realm unknown to you	TYPE:Trinket
11 A l-ounce block made from an unknown material	TYPE:Trinket
12 A small c10th doll skewered with needles	TYPE:Trinket
13 A tooth from an unknown beast opened	TYPE:Trinket
14 An enormous scale, perhaps from a dragon	TYPE:Trinket
15 A bright green feather examined by anyone but you	TYPE:Trinket
16 An old divination card bearing your likeness	TYPE:Trinket
17 A glass orb filled with moving smoke	TYPE:Trinket
18 A 1-pound egg wilh a bright red shell	TYPE:Trinket
19 A pipe that blows bubbles	TYPE:Trinket
20 A glass jar containing a weird bit of flesh floating in pickling fiuid	TYPE:Trinket
21 A tiny gnome-crafted music box that plays a song you dimly remember from your childhood	TYPE:Trinket
22 A small wooden statuette of a smug halfiing is filled with liquid, sand, spiders, or broken glass	TYPE:Trinket
23 A brass orb etched with strange runes (your choice)	TYPE:Trinket
24 A multicolored stone disk 48 A glass orb filled with water, in which swims a	TYPE:Trinket
25 A tiny silver icon of a raven c1ockwork goldfish	TYPE:Trinket
26 A bag containing forty-seven humanoid teeth, one of which is rotten	TYPE:Trinket
27 A shard of obsidian that always feels warm to the touch	TYPE:Trinket
29 A pair of old socks	TYPE:Trinket
30 A blank book whose pages refuse to hold ink, chalk,	TYPE:Trinket
31 A silver badge in the shape of a five-pointed star	TYPE:Trinket
32 A knife lhat belonged to a relative	TYPE:Trinket
33 A glass via I filled with nail c1ippings	TYPE:Trinket
34 A rectangular metal device with two tiny metal cups on one end that throws sparks when wet	TYPE:Trinket
35 A white, sequined glove sized for a human	TYPE:Trinket
36 A vest with one hundred tiny pockets	TYPE:Trinket
37 A small, weightless stone block	TYPE:Trinket
38 A tiny sketch portrait of a goblin	TYPE:Trinket
39 An empty glass vial that smells of perfume when	TYPE:Trinket
40 A gemstone that looks like a lump of coai when	TYPE:Trinket
41 A scrap of c10th from an old banner	TYPE:Trinket
42 A rank insignia from a lost legionnaire	TYPE:Trinket
43 A tiny silver bell without a c1apper	TYPE:Trinket
44 A mechanical canary inside a gnomish lamp	TYPE:Trinket
45 A tiny chest carved to look like it has numerous feet on the bottom	TYPE:Trinket
46 A dead sprite inside a clear glass bottle	TYPE:Trinket
47 A metal can that has no opening but sounds as if it	TYPE:Trinket
49 A silver spoon with an M engraved on the handle	TYPE:Trinket
50 A whistle made from gold-colored wood	TYPE:Trinket
51 A dead scarab beelle lhe size of your hand	TYPE:Trinket
52 Two toy soldiers, one with a missing head	TYPE:Trinket
53 A small box filled with different-sized buttons	TYPE:Trinket
54 A candle that can't be lit	TYPE:Trinket
55 A tiny cage with no door	TYPE:Trinket
56 An old key	TYPE:Trinket
57 An indecipherable treasure map	TYPE:Trinket
58 A hilt from a broken sword	TYPE:Trinket
59 A rabbit's foot	TYPE:Trinket
60 A glass eye	TYPE:Trinket
61 A cameo carved in the likeness of a hideous person	TYPE:Trinket
62 A silver skull the size of a coin	TYPE:Trinket
63 An alabaster mask	TYPE:Trinket
64 A pyramid of Sticky black incense that smells very bad	TYPE:Trinket
65 A nightcap that, when worn, gives you pleasant dreams	TYPE:Trinket
66 A single caltrop made from bone	TYPE:Trinket
67 A gold monoele frame withoutthe lens	TYPE:Trinket
68 A 1-inch cube, each side painted a different color	TYPE:Trinket
69 A crystal knob from a door	TYPE:Trinket
70 A small packet filled with pink dust	TYPE:Trinket
71 A fragment of a beautiful song, written as musical notes on two pieces of parchment	TYPE:Trinket
72 A silver teardrop earring made from a real tear drop	TYPE:Trinket
73 The shell of an egg painted with scenes of human misery in disturbing detail	TYPE:Trinket
74 A fan that, when unfolded, shows a sleeping cat and crossbones	TYPE:Trinket
75 A set of bone pipes	TYPE:Trinket
76 A four leaf clover pressed inside a book discussing manners and etiquette	TYPE:Trinket
77 A sheet of parchment upon which is drawn a complex mechanical contraption	TYPE:Trinket
78 An ornate scabbard that fits no blade you found so far	TYPE:Trinket
79 An invitation to a party where a murder happened	TYPE:Trinket
80 A bronze pentacle with an etching of a rat's head in its center	TYPE:Trinket
81 A purple handkerchief embroidered with the name of a powerful archmage	TYPE:Trinket
82 Half of a floorplan for a temple, castle, or some other structure	TYPE:Trinket
83 A bit of folded cloth that, when unfolded, turns into a stylish cap	TYPE:Trinket
84 A receipt of deposit at a bank in a far-flung city	TYPE:Trinket
85 A diary with seven missing pages	TYPE:Trinket
86 An empty silver snuffbox bearing an inscription on the surface that says "dreams"	TYPE:Trinket
87 An iron holy symbol devoted to an unknown god	TYPE:Trinket
88 A book that tells the story of a legendary hero's rise and fall, with the last chapter missing	TYPE:Trinket
89 A vial of dragon blood	TYPE:Trinket
90 An ancient arrow of elven design	TYPE:Trinket
91 A needle that never bends	TYPE:Trinket
92 An ornate brooch of dwarven design	TYPE:Trinket
93 An empty wine bottle bearing a pretty label that says, "The Wizard of Wines Winery, Red Dragon Crush, 331422-W"	TYPE:Trinket
94 A mosaic tile with a multicolored, glazed surface	TYPE:Trinket
95 A petrified mouse	TYPE:Trinket
96 A black pirate flag adorned with a dragon's skull	TYPE:Trinket
97 A tiny mechanical crab or spider that moves about when it's not being observed	TYPE:Trinket
98 A glass jar containing lard with a label that reads, "Griffon Grease"	TYPE:Trinket
99 A wooden box with a ceramic bottom that holds a living worm with a head on each end of its body	TYPE:Trinket
100 A metal urn containing the ashes of a hero	TYPE:Trinket
