# CVS $Revision: $ $Author: $ -- Mon Feb 22 22:56:28 2016 -- reformated by PCGen PrettyLST v6.06.00


# Page 34


# Standard
# Language	Type						Var. Min. Value
Common	TYPE:Spoken.Common
Dwarvish	TYPE:Spoken.Dwarvish
Elvish	TYPE:Spoken.Elvish
Giant		TYPE:Spoken.Dwarvish
Gnomish	TYPE:Spoken.Dwarvish
Goblin	TYPE:Spoken.Dwarvish
Halfling	TYPE:Spoken.Common
Orc		TYPE:Spoken.Dwarvish
#Exotic Languages
Abyssal	TYPE:Spoken.Infernal
Celestial	TYPE:Spoken.Celestial
Draconic	TYPE:Spoken.Draconic
Deep Speech	TYPE:Spoken.NoScript
Infernal	TYPE:Spoken.Infernal
Primordial	TYPE:Spoken.Dwarvish
Sylvan	TYPE:Spoken.Elvish
Undercommon	TYPE:Spoken.Elvish

Druidic	TYPE:Spoken.Druid.Secret.Druidic	PREVARGTEQ:DruidicLanguage,1
