
STARTPACK:All-Consuming Hunger Default
STAT:STR=10|DEX=11|CON=11|INT=10|WIS=11|CHA=10


STARTPACK:Annihilator Default
STAT:STR=11|DEX=10|CON=10|INT=10|WIS=10|CHA=10
ABILITY:CATEGORY=FEAT|Alertness
ABILITY:CATEGORY=FEAT|Blind-Fight
ABILITY:CATEGORY=FEAT|Combat Reflexes
ABILITY:CATEGORY=FEAT|Improved Initiative
ABILITY:CATEGORY=FEAT|Track
ABILITY:CATEGORY=FEAT|Weapon Finesse
ABILITY:CATEGORY=FEAT|Weapon Focus (antennae)


STARTPACK:Baphitaur Default
STAT:STR=11|DEX=10|CON=11|INT=11|WIS=10|CHA=10
# Breast plate

STARTPACK:Earth Glider Default
STAT:STR=10|DEX=10|CON=11|INT=10|WIS=11|CHA=10

STARTPACK:Elder Brain Default
STAT:STR=11|DEX=11|CON=10|INT=10|WIS=11|CHA=10

STARTPACK:Giant Cockroach Default
STAT:STR=11|DEX=10|CON=10|INT=10|WIS=10|CHA=10

STARTPACK:Giant Maggot Default
STAT:STR=11|DEX=11|CON=11|INT=10|WIS=10|CHA=10

STARTPACK:Gloura Default
STAT:STR=10|DEX=11|CON=10|INT=11|WIS=10|CHA=11
#Skills: Diplomacy +5, Heal +16, Knowledge (nature) +10, Listen +11, Perform (string instruments) +13, Sense Motive +11, Spot +11, Survival +3 (+5 in above-ground natural environments)
#Feats: Self-Sufficient, Skill Focus (Heal), Weapon Finesse
ABILITY:CATEGORY=FEAT|Self-Sufficient
ABILITY:CATEGORY=FEAT|Skill Focus (Heal)
ABILITY:CATEGORY=FEAT|Weapon Finesse


STARTPACK:Ineffable Horror Default
STAT:STR=11|DEX=11|CON=10|INT=10|WIS=10|CHA=10
# Skills: Listen +4, Spot +4
# Feats: Blind-Fight, Weapon Focus (slam)
ABILITY:CATEGORY=FEAT|Blind-Fight
ABILITY:CATEGORY=FEAT|Weapon Focus (slam)

STARTPACK:Kuo-Toa Leviathan Default
STAT:STR=10|DEX=11|CON=11|INT=11|WIS=10|CHA=10
# Skills: Diplomacy +2, Escape Artist +9, Hide +5, Listen +17, Move Silently +13, Search +18, Sense Motive +17, Spot +21, Swim +16, Use Rope +1 (+3 bindings), Survival +5 (+7 following tracks)
# Feats: Great Fortitude, Improved Critical (bite), Improved Initiative, Multiattack, Power Attack, Weapon Focus (bite)
ABILITY:CATEGORY=FEAT|Great Fortitude
ABILITY:CATEGORY=FEAT|Improved Critical (bite)
ABILITY:CATEGORY=FEAT|Weapon Focus (bite)
ABILITY:CATEGORY=FEAT|Power Attack
ABILITY:CATEGORY=FEAT|Multiattack
ABILITY:CATEGORY=FEAT|Improved Initiative


STARTPACK:Lith Default
STAT:STR=10|DEX=11|CON=10|INT=10|WIS=11|CHA=11
#Skills: Hide +7*, Listen +3, Spot +3
#Feats: Alertness, Multiattack
ABILITY:CATEGORY=FEAT|Alertness
ABILITY:CATEGORY=FEAT|Multiattack

STARTPACK:Lurker Default
STAT:STR=11|DEX=11|CON=10|INT=10|WIS=11|CHA=10
# Skills: Hide +6*, Listen +2, Move Silently +5, Spot +2
# Feats: Alertness, Stealthy, Weapon Focus (slam)
ABILITY:CATEGORY=FEAT|Alertness
ABILITY:CATEGORY=FEAT|Stealthy
ABILITY:CATEGORY=FEAT|Weapon Focus (slam)

STARTPACK:Maur (Hunched Giant) Default
STAT:STR=11|DEX=10|CON=10|INT=10|WIS=11|CHA=11
# Skills: Climb +22, Escape Artist +15, Hide +14 [+10 unfurled], Listen +18, Spot +18, Use Rope +0 (+2 bindings)
#Feats: Awesome Blow, Cleave, Combat Reflexes, Improved Bull Rush, Power Attack
ABILITY:CATEGORY=FEAT|Awesome Blow
ABILITY:CATEGORY=FEAT|Cleave
ABILITY:CATEGORY=FEAT|Combat Reflexes
ABILITY:CATEGORY=FEAT|Power Attack
ABILITY:CATEGORY=FEAT|Improved Bull Rush


STARTPACK:Phaerlock Default
STAT:STR=11|DEX=10|CON=10|INT=11|WIS=11|CHA=10
#Skills: Balance +4, Jump +6, Listen +2, Search +1, Spot +5, Swim +6
#Feats: Multiattack
ABILITY:CATEGORY=FEAT|Multiattack

STARTPACK:Portal Drake Default
STAT:STR=11|DEX=10|CON=10|INT=11|WIS=11|CHA=10
#Skills: Bluff +10, Concentration +9, Disguise +2 (+4 acting), Hide + 18, Intimidate +4, Listen +8, Move Silently +14, Spellcraft +10 (+12 deciphering scrolls), Spot +8, Use Magic Device +10 (+12 scrolls)
#Feats: Improved Initiative, Portal SensitiveB, Quicken Spell-Like Ability (portal jump)


STARTPACK:Stone Flyer Default	VISIBLE:NO
STAT:STR=11|DEX=11|CON=10|INT=11|WIS=10|CHA=10
#Skills: Listen +6, Spot +6
#Feats: Alertness, Weapon Focus (bite)
ABILITY:CATEGORY=FEAT|Alertness
ABILITY:CATEGORY=FEAT|Weapon Focus (bite)




###Block: Region Kits

# Gloaming Choices
STARTPACK:Studded Leather and 20 Arrows					EQUIPBUY:0		VISIBLE:YES	APPLY:PERMANENT
GEAR:Studded Leather								SIZE:PC
GEAR:Arrow (20)

STARTPACK:Wand of Magic Missile and Wand of Color Spray					EQUIPBUY:0		VISIBLE:YES	APPLY:PERMANENT
GEAR:Wand (Magic Missile/1st level caster)			EQMOD:SPL_CHRG|SPELLNAME[Magic Missile]SPELLLEVEL[1]CASTERLEVEL[1]CHARGES[10]
GEAR:Wand (Color Spray)							EQMOD:SPL_CHRG|SPELLNAME[Color Spray]SPELLLEVEL[1]CASTERLEVEL[1]CHARGES[10]

STARTPACK:Scroll of Knock and Scroll of Invisibility					EQUIPBUY:0		VISIBLE:YES	APPLY:PERMANENT
GEAR:Scroll (Knock)								
GEAR:Scroll (Invisibility)


