
# Arachnomancer
CLASS:Arachnomancer	HD:6	TYPE:PC.Prestige
CLASS:Arachnomancer	FACT:Abb|Ara	FACT:ClassType|Prestige
CLASS:Arachnomancer	DEFINE:ArachnomancerLVL|0	BONUS:VAR|ArachnomancerLVL|CL
CLASS:Arachnomancer	SOURCEPAGE:p.18	
CLASS:Arachnomancer	BONUS:COMBAT|BASEAB|classlevel("APPLIEDAS=NONEPIC")*3/4|TYPE=Base.REPLACE|PREVAREQ:UseAlternateBABProgression,0
CLASS:Arachnomancer	BONUS:VAR|ClassBABModerate|classlevel("APPLIEDAS=NONEPIC")|PREVAREQ:UseFractionalBAB,1
CLASS:Arachnomancer	BONUS:SAVE|BASE.Fortitude|classlevel("APPLIEDAS=NONEPIC")/3|PREVAREQ:UseAlternateSaveProgression,0
CLASS:Arachnomancer	BONUS:SAVE|BASE.Reflex|classlevel("APPLIEDAS=NONEPIC")/2+2|PREVAREQ:UseAlternateSaveProgression,0
CLASS:Arachnomancer	BONUS:SAVE|BASE.Will|classlevel("APPLIEDAS=NONEPIC")/3|PREVAREQ:UseAlternateSaveProgression,0
CLASS:Arachnomancer	BONUS:VAR|ClassSavePoor_Fortitude|classlevel()|PREVAREQ:UseFractionalSave,1
CLASS:Arachnomancer	BONUS:VAR|ClassSaveGood_Reflex|classlevel()|PREVAREQ:UseFractionalSave,1
CLASS:Arachnomancer	BONUS:VAR|ClassSavePoor_Will|classlevel()|PREVAREQ:UseFractionalSave,1
CLASS:Arachnomancer	PRETEXT:Alignment: Any evil. Base Save Bonus: Fortitude +4. Skills: Climb 3 ranks, Knowledge (nature) 4 ranks. Spells: Able to cast spider climb, summon swarm, and web as arcane spells. Special: The candidate must undergo a scarification ritual.	PREALIGN:LE,NE,CE	PRESKILL:2,Climb=3,Knowledge (Nature)=4	PRESPELL:1,spider climb,summon swarm,web	PRESPELLCAST:TYPE=Arcane
CLASS:Arachnomancer	STARTSKILLPTS:4	CSKILL:Climb|Concentration|TYPE=Craft|Hide|Knowledge (arcana)|Knowledge (nature)|Knowledge (Underdark local)|Jump|Move Silently|Spellcraft|Spot
###Block
1	ADD:SPELLCASTER|ANY
3	ADD:SPELLCASTER|ANY
4	ADD:SPELLCASTER|ANY
6	ADD:SPELLCASTER|ANY
7	ADD:SPELLCASTER|ANY
9	ADD:SPELLCASTER|ANY
10	ADD:SPELLCASTER|ANY
###Block
11	PREPCLEVEL:MIN=20
###Block
1	ABILITY:Arachnomancer Class Feature|AUTOMATIC|Arachnomancer ~ Weapon and Armor Proficiency
1	ABILITY:Arachnomancer Class Feature|AUTOMATIC|Arachnomancer ~ Spells per Day			
1	ABILITY:Arachnomancer Class Feature|AUTOMATIC|Arachnomancer ~ Poison Save Bonus		
1	ABILITY:Arachnomancer Class Feature|AUTOMATIC|Arachnomancer ~ Speak with Spiders		
1	ABILITY:Arachnomancer Class Feature|AUTOMATIC|Arachnomancer ~ Spider Magic			
2	ABILITY:Arachnomancer Class Feature|AUTOMATIC|Arachnomancer ~ Spiderform			
3	ABILITY:Arachnomancer Class Feature|AUTOMATIC|Arachnomancer ~ Poison Touch			
4	ABILITY:Arachnomancer Class Feature|AUTOMATIC|Arachnomancer ~ Command Spiders			
5	ABILITY:Arachnomancer Class Feature|AUTOMATIC|Arachnomancer ~ Webwalking			
7	ABILITY:Arachnomancer Class Feature|AUTOMATIC|Arachnomancer ~ Wall of Webs			
10	ABILITY:Arachnomancer Class Feature|AUTOMATIC|Arachnomancer ~ Spider Blast			


# Cavelord
# CLASS:Cavelord	MAXLEVEL:20
# CLASS:Cavelord	HD:10	TYPE:PC.Prestige
# CLASS:Cavelord	FACT:Abb|	FACT:ClassType|
# CLASS:Cavelord	DEFINE:CavelordLVL|0	BONUS:VAR|CavelordLVL|CL
# CLASS:Cavelord	SOURCEPAGE:p.	
# CLASS:Cavelord	BONUS:COMBAT|BASEAB|classlevel("APPLIEDAS=NONEPIC")|TYPE=Base.REPLACE|PREVAREQ:UseAlternateBABProgression,0
# CLASS:Cavelord	BONUS:COMBAT|BASEAB|classlevel("APPLIEDAS=NONEPIC")*3/4|TYPE=Base.REPLACE|PREVAREQ:UseAlternateBABProgression,0
# CLASS:Cavelord	BONUS:COMBAT|BASEAB|classlevel("APPLIEDAS=NONEPIC")*1/2|TYPE=Base.REPLACE|PREVAREQ:UseAlternateBABProgression,0
# CLASS:Cavelord	BONUS:VAR|ClassBABPoor|classlevel("APPLIEDAS=NONEPIC")|PREVAREQ:UseFractionalBAB,1
# CLASS:Cavelord	BONUS:VAR|ClassBABModerate|classlevel("APPLIEDAS=NONEPIC")|PREVAREQ:UseFractionalBAB,1
# CLASS:Cavelord	BONUS:VAR|ClassBABFull|classlevel("APPLIEDAS=NONEPIC")|PREVAREQ:UseFractionalBAB,1
# CLASS:Cavelord	BONUS:SAVE|BASE.Fortitude|classlevel("APPLIEDAS=NONEPIC")/2+2|PREVAREQ:UseAlternateSaveProgression,0
# CLASS:Cavelord	BONUS:SAVE|BASE.Fortitude|classlevel("APPLIEDAS=NONEPIC")/3|PREVAREQ:UseAlternateSaveProgression,0
# CLASS:Cavelord	BONUS:SAVE|BASE.Reflex|classlevel("APPLIEDAS=NONEPIC")/2+2|PREVAREQ:UseAlternateSaveProgression,0
# CLASS:Cavelord	BONUS:SAVE|BASE.Reflex|classlevel("APPLIEDAS=NONEPIC")/3|PREVAREQ:UseAlternateSaveProgression,0
# CLASS:Cavelord	BONUS:SAVE|BASE.Will|classlevel("APPLIEDAS=NONEPIC")/2+2|PREVAREQ:UseAlternateSaveProgression,0
# CLASS:Cavelord	BONUS:SAVE|BASE.Will|classlevel("APPLIEDAS=NONEPIC")/3|PREVAREQ:UseAlternateSaveProgression,0
# CLASS:Cavelord	BONUS:VAR|ClassSaveGood_Fortitude|classlevel()|PREVAREQ:UseFractionalSave,1
# CLASS:Cavelord	BONUS:VAR|ClassSavePoor_Fortitude|classlevel()|PREVAREQ:UseFractionalSave,1
# CLASS:Cavelord	BONUS:VAR|ClassSaveGood_Reflex|classlevel()|PREVAREQ:UseFractionalSave,1
# CLASS:Cavelord	BONUS:VAR|ClassSavePoor_Reflex|classlevel()|PREVAREQ:UseFractionalSave,1
# CLASS:Cavelord	BONUS:VAR|ClassSaveGood_Will|classlevel()|PREVAREQ:UseFractionalSave,1
# CLASS:Cavelord	BONUS:VAR|ClassSavePoor_Will|classlevel()|PREVAREQ:UseFractionalSave,1
# CLASS:Cavelord	PRETEXT:
# CLASS:Cavelord	STARTSKILLPTS:	CSKILL:
# CLASS:Cavelord	FACT:SpellType|
# CLASS:Cavelord	SPELLSTAT:	MEMORIZE:
# CLASS:Cavelord	BONUS:CASTERLEVEL|Cavelord|Caster_Level_BL_Stripped_Cavelord	DEFINE:Caster_Level_BL_Stripped_Cavelord|0	BONUS:VAR|Caster_Level_BL_Stripped_Cavelord|Caster_Level_Cavelord-CasterLevelBLCavelord	BONUS:VAR|Caster_Level_Cavelord|CL+Caster_Level_Bonus+CasterLevelBLCavelord	DEFINE:CasterLevelBLCavelord|0	BONUS:VAR|CasterLevelBL_Cavelord|charbonusto("PCLEVEL","Cavelord")	
# CLASS:Cavelord	BONUS:VAR|Caster_Level_Highest__Arcane|Caster_Level_Cavelord|TYPE=Base

#	ADD:SPELLCASTER|
###Block
#11	PREPCLEVEL:MIN=20
###Block 	ABILITY:Cavelord Class Feature|AUTOMATIC|



# Deep Diviner
# CLASS:Deep Diviner	MAXLEVEL:20
# CLASS:Deep Diviner	HD:	TYPE:PC.Prestige
# CLASS:Deep Diviner	FACT:Abb|	FACT:ClassType|
# CLASS:Deep Diviner	DEFINE:yyyLVL|0	BONUS:VAR|yyyLVL|CL
# CLASS:Deep Diviner	SOURCEPAGE:p.	
# CLASS:Deep Diviner	BONUS:COMBAT|BASEAB|classlevel("APPLIEDAS=NONEPIC")|TYPE=Base.REPLACE|PREVAREQ:UseAlternateBABProgression,0
# CLASS:Deep Diviner	BONUS:COMBAT|BASEAB|classlevel("APPLIEDAS=NONEPIC")*3/4|TYPE=Base.REPLACE|PREVAREQ:UseAlternateBABProgression,0
# CLASS:Deep Diviner	BONUS:COMBAT|BASEAB|classlevel("APPLIEDAS=NONEPIC")*1/2|TYPE=Base.REPLACE|PREVAREQ:UseAlternateBABProgression,0
# CLASS:Deep Diviner	BONUS:VAR|ClassBABPoor|classlevel("APPLIEDAS=NONEPIC")|PREVAREQ:UseFractionalBAB,1
# CLASS:Deep Diviner	BONUS:VAR|ClassBABModerate|classlevel("APPLIEDAS=NONEPIC")|PREVAREQ:UseFractionalBAB,1
# CLASS:Deep Diviner	BONUS:VAR|ClassBABFull|classlevel("APPLIEDAS=NONEPIC")|PREVAREQ:UseFractionalBAB,1
# CLASS:Deep Diviner	BONUS:SAVE|BASE.Fortitude|classlevel("APPLIEDAS=NONEPIC")/2+2|PREVAREQ:UseAlternateSaveProgression,0
# CLASS:Deep Diviner	BONUS:SAVE|BASE.Fortitude|classlevel("APPLIEDAS=NONEPIC")/3|PREVAREQ:UseAlternateSaveProgression,0
# CLASS:Deep Diviner	BONUS:SAVE|BASE.Reflex|classlevel("APPLIEDAS=NONEPIC")/2+2|PREVAREQ:UseAlternateSaveProgression,0
# CLASS:Deep Diviner	BONUS:SAVE|BASE.Reflex|classlevel("APPLIEDAS=NONEPIC")/3|PREVAREQ:UseAlternateSaveProgression,0
# CLASS:Deep Diviner	BONUS:SAVE|BASE.Will|classlevel("APPLIEDAS=NONEPIC")/2+2|PREVAREQ:UseAlternateSaveProgression,0
# CLASS:Deep Diviner	BONUS:SAVE|BASE.Will|classlevel("APPLIEDAS=NONEPIC")/3|PREVAREQ:UseAlternateSaveProgression,0
# CLASS:Deep Diviner	BONUS:VAR|ClassSaveGood_Fortitude|classlevel()|PREVAREQ:UseFractionalSave,1
# CLASS:Deep Diviner	BONUS:VAR|ClassSavePoor_Fortitude|classlevel()|PREVAREQ:UseFractionalSave,1
# CLASS:Deep Diviner	BONUS:VAR|ClassSaveGood_Reflex|classlevel()|PREVAREQ:UseFractionalSave,1
# CLASS:Deep Diviner	BONUS:VAR|ClassSavePoor_Reflex|classlevel()|PREVAREQ:UseFractionalSave,1
# CLASS:Deep Diviner	BONUS:VAR|ClassSaveGood_Will|classlevel()|PREVAREQ:UseFractionalSave,1
# CLASS:Deep Diviner	BONUS:VAR|ClassSavePoor_Will|classlevel()|PREVAREQ:UseFractionalSave,1
# CLASS:Deep Diviner	PRETEXT:
# CLASS:Deep Diviner	STARTSKILLPTS:	CSKILL:
# CLASS:Deep Diviner	FACT:SpellType|
# CLASS:Deep Diviner	SPELLSTAT:	MEMORIZE:
# CLASS:Deep Diviner	BONUS:CASTERLEVEL|Deep Diviner|Caster_Level_BL_Stripped_yyy	DEFINE:Caster_Level_BL_Stripped_yyy|0	BONUS:VAR|Caster_Level_BL_Stripped_yyy|Caster_Level_yyy-CasterLevelBLyyy	BONUS:VAR|Caster_Level_yyy|CL+Caster_Level_Bonus+CasterLevelBLyyy	DEFINE:CasterLevelBLyyy|0	BONUS:VAR|CasterLevelBL_yyy|charbonusto("PCLEVEL","Deep Diviner")	
# CLASS:Deep Diviner	BONUS:VAR|Caster_Level_Highest__Arcane|Caster_Level_yyy|TYPE=Base

#	ADD:SPELLCASTER|
###Block
#11	PREPCLEVEL:MIN=20
###Block 	ABILITY:Deep Diviner Class Feature|AUTOMATIC|


# Drow Judicator
# CLASS:Drow Judicator	MAXLEVEL:20
# CLASS:Drow Judicator	HD:	TYPE:PC.Prestige
# CLASS:Drow Judicator	FACT:Abb|	FACT:ClassType|
# CLASS:Drow Judicator	DEFINE:yyyLVL|0	BONUS:VAR|yyyLVL|CL
# CLASS:Drow Judicator	SOURCEPAGE:p.	
# CLASS:Drow Judicator	BONUS:COMBAT|BASEAB|classlevel("APPLIEDAS=NONEPIC")|TYPE=Base.REPLACE|PREVAREQ:UseAlternateBABProgression,0
# CLASS:Drow Judicator	BONUS:COMBAT|BASEAB|classlevel("APPLIEDAS=NONEPIC")*3/4|TYPE=Base.REPLACE|PREVAREQ:UseAlternateBABProgression,0
# CLASS:Drow Judicator	BONUS:COMBAT|BASEAB|classlevel("APPLIEDAS=NONEPIC")*1/2|TYPE=Base.REPLACE|PREVAREQ:UseAlternateBABProgression,0
# CLASS:Drow Judicator	BONUS:VAR|ClassBABPoor|classlevel("APPLIEDAS=NONEPIC")|PREVAREQ:UseFractionalBAB,1
# CLASS:Drow Judicator	BONUS:VAR|ClassBABModerate|classlevel("APPLIEDAS=NONEPIC")|PREVAREQ:UseFractionalBAB,1
# CLASS:Drow Judicator	BONUS:VAR|ClassBABFull|classlevel("APPLIEDAS=NONEPIC")|PREVAREQ:UseFractionalBAB,1
# CLASS:Drow Judicator	BONUS:SAVE|BASE.Fortitude|classlevel("APPLIEDAS=NONEPIC")/2+2|PREVAREQ:UseAlternateSaveProgression,0
# CLASS:Drow Judicator	BONUS:SAVE|BASE.Fortitude|classlevel("APPLIEDAS=NONEPIC")/3|PREVAREQ:UseAlternateSaveProgression,0
# CLASS:Drow Judicator	BONUS:SAVE|BASE.Reflex|classlevel("APPLIEDAS=NONEPIC")/2+2|PREVAREQ:UseAlternateSaveProgression,0
# CLASS:Drow Judicator	BONUS:SAVE|BASE.Reflex|classlevel("APPLIEDAS=NONEPIC")/3|PREVAREQ:UseAlternateSaveProgression,0
# CLASS:Drow Judicator	BONUS:SAVE|BASE.Will|classlevel("APPLIEDAS=NONEPIC")/2+2|PREVAREQ:UseAlternateSaveProgression,0
# CLASS:Drow Judicator	BONUS:SAVE|BASE.Will|classlevel("APPLIEDAS=NONEPIC")/3|PREVAREQ:UseAlternateSaveProgression,0
# CLASS:Drow Judicator	BONUS:VAR|ClassSaveGood_Fortitude|classlevel()|PREVAREQ:UseFractionalSave,1
# CLASS:Drow Judicator	BONUS:VAR|ClassSavePoor_Fortitude|classlevel()|PREVAREQ:UseFractionalSave,1
# CLASS:Drow Judicator	BONUS:VAR|ClassSaveGood_Reflex|classlevel()|PREVAREQ:UseFractionalSave,1
# CLASS:Drow Judicator	BONUS:VAR|ClassSavePoor_Reflex|classlevel()|PREVAREQ:UseFractionalSave,1
# CLASS:Drow Judicator	BONUS:VAR|ClassSaveGood_Will|classlevel()|PREVAREQ:UseFractionalSave,1
# CLASS:Drow Judicator	BONUS:VAR|ClassSavePoor_Will|classlevel()|PREVAREQ:UseFractionalSave,1
# CLASS:Drow Judicator	PRETEXT:
# CLASS:Drow Judicator	STARTSKILLPTS:	CSKILL:
# CLASS:Drow Judicator	FACT:SpellType|
# CLASS:Drow Judicator	SPELLSTAT:	MEMORIZE:
# CLASS:Drow Judicator	BONUS:CASTERLEVEL|Drow Judicator|Caster_Level_BL_Stripped_yyy	DEFINE:Caster_Level_BL_Stripped_yyy|0	BONUS:VAR|Caster_Level_BL_Stripped_yyy|Caster_Level_yyy-CasterLevelBLyyy	BONUS:VAR|Caster_Level_yyy|CL+Caster_Level_Bonus+CasterLevelBLyyy	DEFINE:CasterLevelBLyyy|0	BONUS:VAR|CasterLevelBL_yyy|charbonusto("PCLEVEL","Drow Judicator")	
# CLASS:Drow Judicator	BONUS:VAR|Caster_Level_Highest__Arcane|Caster_Level_yyy|TYPE=Base

#	ADD:SPELLCASTER|
###Block
#11	PREPCLEVEL:MIN=20
###Block 	ABILITY:Drow Judicator Class Feature|AUTOMATIC|


# Illithid Body Tamer
# CLASS:Illithid Body Tamer	MAXLEVEL:20
# CLASS:Illithid Body Tamer	HD:	TYPE:PC.Prestige
# CLASS:Illithid Body Tamer	FACT:Abb|	FACT:ClassType|
# CLASS:Illithid Body Tamer	DEFINE:yyyLVL|0	BONUS:VAR|yyyLVL|CL
# CLASS:Illithid Body Tamer	SOURCEPAGE:p.	
# CLASS:Illithid Body Tamer	BONUS:COMBAT|BASEAB|classlevel("APPLIEDAS=NONEPIC")|TYPE=Base.REPLACE|PREVAREQ:UseAlternateBABProgression,0
# CLASS:Illithid Body Tamer	BONUS:COMBAT|BASEAB|classlevel("APPLIEDAS=NONEPIC")*3/4|TYPE=Base.REPLACE|PREVAREQ:UseAlternateBABProgression,0
# CLASS:Illithid Body Tamer	BONUS:COMBAT|BASEAB|classlevel("APPLIEDAS=NONEPIC")*1/2|TYPE=Base.REPLACE|PREVAREQ:UseAlternateBABProgression,0
# CLASS:Illithid Body Tamer	BONUS:VAR|ClassBABPoor|classlevel("APPLIEDAS=NONEPIC")|PREVAREQ:UseFractionalBAB,1
# CLASS:Illithid Body Tamer	BONUS:VAR|ClassBABModerate|classlevel("APPLIEDAS=NONEPIC")|PREVAREQ:UseFractionalBAB,1
# CLASS:Illithid Body Tamer	BONUS:VAR|ClassBABFull|classlevel("APPLIEDAS=NONEPIC")|PREVAREQ:UseFractionalBAB,1
# CLASS:Illithid Body Tamer	BONUS:SAVE|BASE.Fortitude|classlevel("APPLIEDAS=NONEPIC")/2+2|PREVAREQ:UseAlternateSaveProgression,0
# CLASS:Illithid Body Tamer	BONUS:SAVE|BASE.Fortitude|classlevel("APPLIEDAS=NONEPIC")/3|PREVAREQ:UseAlternateSaveProgression,0
# CLASS:Illithid Body Tamer	BONUS:SAVE|BASE.Reflex|classlevel("APPLIEDAS=NONEPIC")/2+2|PREVAREQ:UseAlternateSaveProgression,0
# CLASS:Illithid Body Tamer	BONUS:SAVE|BASE.Reflex|classlevel("APPLIEDAS=NONEPIC")/3|PREVAREQ:UseAlternateSaveProgression,0
# CLASS:Illithid Body Tamer	BONUS:SAVE|BASE.Will|classlevel("APPLIEDAS=NONEPIC")/2+2|PREVAREQ:UseAlternateSaveProgression,0
# CLASS:Illithid Body Tamer	BONUS:SAVE|BASE.Will|classlevel("APPLIEDAS=NONEPIC")/3|PREVAREQ:UseAlternateSaveProgression,0
# CLASS:Illithid Body Tamer	BONUS:VAR|ClassSaveGood_Fortitude|classlevel()|PREVAREQ:UseFractionalSave,1
# CLASS:Illithid Body Tamer	BONUS:VAR|ClassSavePoor_Fortitude|classlevel()|PREVAREQ:UseFractionalSave,1
# CLASS:Illithid Body Tamer	BONUS:VAR|ClassSaveGood_Reflex|classlevel()|PREVAREQ:UseFractionalSave,1
# CLASS:Illithid Body Tamer	BONUS:VAR|ClassSavePoor_Reflex|classlevel()|PREVAREQ:UseFractionalSave,1
# CLASS:Illithid Body Tamer	BONUS:VAR|ClassSaveGood_Will|classlevel()|PREVAREQ:UseFractionalSave,1
# CLASS:Illithid Body Tamer	BONUS:VAR|ClassSavePoor_Will|classlevel()|PREVAREQ:UseFractionalSave,1
# CLASS:Illithid Body Tamer	PRETEXT:
# CLASS:Illithid Body Tamer	STARTSKILLPTS:	CSKILL:
# CLASS:Illithid Body Tamer	FACT:SpellType|
# CLASS:Illithid Body Tamer	SPELLSTAT:	MEMORIZE:
# CLASS:Illithid Body Tamer	BONUS:CASTERLEVEL|Illithid Body Tamer|Caster_Level_BL_Stripped_yyy	DEFINE:Caster_Level_BL_Stripped_yyy|0	BONUS:VAR|Caster_Level_BL_Stripped_yyy|Caster_Level_yyy-CasterLevelBLyyy	BONUS:VAR|Caster_Level_yyy|CL+Caster_Level_Bonus+CasterLevelBLyyy	DEFINE:CasterLevelBLyyy|0	BONUS:VAR|CasterLevelBL_yyy|charbonusto("PCLEVEL","Illithid Body Tamer")	
# CLASS:Illithid Body Tamer	BONUS:VAR|Caster_Level_Highest__Arcane|Caster_Level_yyy|TYPE=Base

#	ADD:SPELLCASTER|
###Block
#11	PREPCLEVEL:MIN=20
###Block 	ABILITY:Illithid Body Tamer Class Feature|AUTOMATIC|


# Imaskari Vengeance Taker
# CLASS:Imaskari Vengeance Taker	MAXLEVEL:20
# CLASS:Imaskari Vengeance Taker	HD:	TYPE:PC.Prestige
# CLASS:Imaskari Vengeance Taker	FACT:Abb|	FACT:ClassType|
# CLASS:Imaskari Vengeance Taker	DEFINE:yyyLVL|0	BONUS:VAR|yyyLVL|CL
# CLASS:Imaskari Vengeance Taker	SOURCEPAGE:p.	
# CLASS:Imaskari Vengeance Taker	BONUS:COMBAT|BASEAB|classlevel("APPLIEDAS=NONEPIC")|TYPE=Base.REPLACE|PREVAREQ:UseAlternateBABProgression,0
# CLASS:Imaskari Vengeance Taker	BONUS:COMBAT|BASEAB|classlevel("APPLIEDAS=NONEPIC")*3/4|TYPE=Base.REPLACE|PREVAREQ:UseAlternateBABProgression,0
# CLASS:Imaskari Vengeance Taker	BONUS:COMBAT|BASEAB|classlevel("APPLIEDAS=NONEPIC")*1/2|TYPE=Base.REPLACE|PREVAREQ:UseAlternateBABProgression,0
# CLASS:Imaskari Vengeance Taker	BONUS:VAR|ClassBABPoor|classlevel("APPLIEDAS=NONEPIC")|PREVAREQ:UseFractionalBAB,1
# CLASS:Imaskari Vengeance Taker	BONUS:VAR|ClassBABModerate|classlevel("APPLIEDAS=NONEPIC")|PREVAREQ:UseFractionalBAB,1
# CLASS:Imaskari Vengeance Taker	BONUS:VAR|ClassBABFull|classlevel("APPLIEDAS=NONEPIC")|PREVAREQ:UseFractionalBAB,1
# CLASS:Imaskari Vengeance Taker	BONUS:SAVE|BASE.Fortitude|classlevel("APPLIEDAS=NONEPIC")/2+2|PREVAREQ:UseAlternateSaveProgression,0
# CLASS:Imaskari Vengeance Taker	BONUS:SAVE|BASE.Fortitude|classlevel("APPLIEDAS=NONEPIC")/3|PREVAREQ:UseAlternateSaveProgression,0
# CLASS:Imaskari Vengeance Taker	BONUS:SAVE|BASE.Reflex|classlevel("APPLIEDAS=NONEPIC")/2+2|PREVAREQ:UseAlternateSaveProgression,0
# CLASS:Imaskari Vengeance Taker	BONUS:SAVE|BASE.Reflex|classlevel("APPLIEDAS=NONEPIC")/3|PREVAREQ:UseAlternateSaveProgression,0
# CLASS:Imaskari Vengeance Taker	BONUS:SAVE|BASE.Will|classlevel("APPLIEDAS=NONEPIC")/2+2|PREVAREQ:UseAlternateSaveProgression,0
# CLASS:Imaskari Vengeance Taker	BONUS:SAVE|BASE.Will|classlevel("APPLIEDAS=NONEPIC")/3|PREVAREQ:UseAlternateSaveProgression,0
# CLASS:Imaskari Vengeance Taker	BONUS:VAR|ClassSaveGood_Fortitude|classlevel()|PREVAREQ:UseFractionalSave,1
# CLASS:Imaskari Vengeance Taker	BONUS:VAR|ClassSavePoor_Fortitude|classlevel()|PREVAREQ:UseFractionalSave,1
# CLASS:Imaskari Vengeance Taker	BONUS:VAR|ClassSaveGood_Reflex|classlevel()|PREVAREQ:UseFractionalSave,1
# CLASS:Imaskari Vengeance Taker	BONUS:VAR|ClassSavePoor_Reflex|classlevel()|PREVAREQ:UseFractionalSave,1
# CLASS:Imaskari Vengeance Taker	BONUS:VAR|ClassSaveGood_Will|classlevel()|PREVAREQ:UseFractionalSave,1
# CLASS:Imaskari Vengeance Taker	BONUS:VAR|ClassSavePoor_Will|classlevel()|PREVAREQ:UseFractionalSave,1
# CLASS:Imaskari Vengeance Taker	PRETEXT:
# CLASS:Imaskari Vengeance Taker	STARTSKILLPTS:	CSKILL:
# CLASS:Imaskari Vengeance Taker	FACT:SpellType|
# CLASS:Imaskari Vengeance Taker	SPELLSTAT:	MEMORIZE:
# CLASS:Imaskari Vengeance Taker	BONUS:CASTERLEVEL|Imaskari Vengeance Taker|Caster_Level_BL_Stripped_yyy	DEFINE:Caster_Level_BL_Stripped_yyy|0	BONUS:VAR|Caster_Level_BL_Stripped_yyy|Caster_Level_yyy-CasterLevelBLyyy	BONUS:VAR|Caster_Level_yyy|CL+Caster_Level_Bonus+CasterLevelBLyyy	DEFINE:CasterLevelBLyyy|0	BONUS:VAR|CasterLevelBL_yyy|charbonusto("PCLEVEL","Imaskari Vengeance Taker")	
# CLASS:Imaskari Vengeance Taker	BONUS:VAR|Caster_Level_Highest__Arcane|Caster_Level_yyy|TYPE=Base

#	ADD:SPELLCASTER|
###Block
#11	PREPCLEVEL:MIN=20
###Block 	ABILITY:Imaskari Vengeance Taker Class Feature|AUTOMATIC|


# Inquisitor of the Drowning Goddess
# CLASS:Inquisitor of the Drowning Goddess	MAXLEVEL:20
# CLASS:Inquisitor of the Drowning Goddess	HD:	TYPE:PC.Prestige
# CLASS:Inquisitor of the Drowning Goddess	FACT:Abb|	FACT:ClassType|
# CLASS:Inquisitor of the Drowning Goddess	DEFINE:yyyLVL|0	BONUS:VAR|yyyLVL|CL
# CLASS:Inquisitor of the Drowning Goddess	SOURCEPAGE:p.	
# CLASS:Inquisitor of the Drowning Goddess	BONUS:COMBAT|BASEAB|classlevel("APPLIEDAS=NONEPIC")|TYPE=Base.REPLACE|PREVAREQ:UseAlternateBABProgression,0
# CLASS:Inquisitor of the Drowning Goddess	BONUS:COMBAT|BASEAB|classlevel("APPLIEDAS=NONEPIC")*3/4|TYPE=Base.REPLACE|PREVAREQ:UseAlternateBABProgression,0
# CLASS:Inquisitor of the Drowning Goddess	BONUS:COMBAT|BASEAB|classlevel("APPLIEDAS=NONEPIC")*1/2|TYPE=Base.REPLACE|PREVAREQ:UseAlternateBABProgression,0
# CLASS:Inquisitor of the Drowning Goddess	BONUS:VAR|ClassBABPoor|classlevel("APPLIEDAS=NONEPIC")|PREVAREQ:UseFractionalBAB,1
# CLASS:Inquisitor of the Drowning Goddess	BONUS:VAR|ClassBABModerate|classlevel("APPLIEDAS=NONEPIC")|PREVAREQ:UseFractionalBAB,1
# CLASS:Inquisitor of the Drowning Goddess	BONUS:VAR|ClassBABFull|classlevel("APPLIEDAS=NONEPIC")|PREVAREQ:UseFractionalBAB,1
# CLASS:Inquisitor of the Drowning Goddess	BONUS:SAVE|BASE.Fortitude|classlevel("APPLIEDAS=NONEPIC")/2+2|PREVAREQ:UseAlternateSaveProgression,0
# CLASS:Inquisitor of the Drowning Goddess	BONUS:SAVE|BASE.Fortitude|classlevel("APPLIEDAS=NONEPIC")/3|PREVAREQ:UseAlternateSaveProgression,0
# CLASS:Inquisitor of the Drowning Goddess	BONUS:SAVE|BASE.Reflex|classlevel("APPLIEDAS=NONEPIC")/2+2|PREVAREQ:UseAlternateSaveProgression,0
# CLASS:Inquisitor of the Drowning Goddess	BONUS:SAVE|BASE.Reflex|classlevel("APPLIEDAS=NONEPIC")/3|PREVAREQ:UseAlternateSaveProgression,0
# CLASS:Inquisitor of the Drowning Goddess	BONUS:SAVE|BASE.Will|classlevel("APPLIEDAS=NONEPIC")/2+2|PREVAREQ:UseAlternateSaveProgression,0
# CLASS:Inquisitor of the Drowning Goddess	BONUS:SAVE|BASE.Will|classlevel("APPLIEDAS=NONEPIC")/3|PREVAREQ:UseAlternateSaveProgression,0
# CLASS:Inquisitor of the Drowning Goddess	BONUS:VAR|ClassSaveGood_Fortitude|classlevel()|PREVAREQ:UseFractionalSave,1
# CLASS:Inquisitor of the Drowning Goddess	BONUS:VAR|ClassSavePoor_Fortitude|classlevel()|PREVAREQ:UseFractionalSave,1
# CLASS:Inquisitor of the Drowning Goddess	BONUS:VAR|ClassSaveGood_Reflex|classlevel()|PREVAREQ:UseFractionalSave,1
# CLASS:Inquisitor of the Drowning Goddess	BONUS:VAR|ClassSavePoor_Reflex|classlevel()|PREVAREQ:UseFractionalSave,1
# CLASS:Inquisitor of the Drowning Goddess	BONUS:VAR|ClassSaveGood_Will|classlevel()|PREVAREQ:UseFractionalSave,1
# CLASS:Inquisitor of the Drowning Goddess	BONUS:VAR|ClassSavePoor_Will|classlevel()|PREVAREQ:UseFractionalSave,1
# CLASS:Inquisitor of the Drowning Goddess	PRETEXT:
# CLASS:Inquisitor of the Drowning Goddess	STARTSKILLPTS:	CSKILL:
# CLASS:Inquisitor of the Drowning Goddess	FACT:SpellType|
# CLASS:Inquisitor of the Drowning Goddess	SPELLSTAT:	MEMORIZE:
# CLASS:Inquisitor of the Drowning Goddess	BONUS:CASTERLEVEL|Inquisitor of the Drowning Goddess|Caster_Level_BL_Stripped_yyy	DEFINE:Caster_Level_BL_Stripped_yyy|0	BONUS:VAR|Caster_Level_BL_Stripped_yyy|Caster_Level_yyy-CasterLevelBLyyy	BONUS:VAR|Caster_Level_yyy|CL+Caster_Level_Bonus+CasterLevelBLyyy	DEFINE:CasterLevelBLyyy|0	BONUS:VAR|CasterLevelBL_yyy|charbonusto("PCLEVEL","Inquisitor of the Drowning Goddess")	
# CLASS:Inquisitor of the Drowning Goddess	BONUS:VAR|Caster_Level_Highest__Arcane|Caster_Level_yyy|TYPE=Base

#	ADD:SPELLCASTER|
###Block
#11	PREPCLEVEL:MIN=20
###Block 	ABILITY:Inquisitor of the Drowning Goddess Class Feature|AUTOMATIC|



# PRIME UNDERDARK GUIDE**
CLASS:Prime Underdark Guide	MAXLEVEL:10
CLASS:Prime Underdark Guide	HD:6	TYPE:Prestige	SOURCEPAGE:p.40	DEFINE:PrimeUnderdarkGuideLVL|0	BONUS:VAR|PrimeUnderdarkGuideLVL|CL
CLASS:Prime Underdark Guide	BONUS:COMBAT|BASEAB|classlevel("APPLIEDAS=NONEPIC")*3/4|TYPE=Base.REPLACE|PREVAREQ:UseAlternateBABProgression,0
CLASS:Prime Underdark Guide	BONUS:VAR|ClassBABModerate|classlevel("APPLIEDAS=NONEPIC")|PREVAREQ:UseFractionalBAB,1
CLASS:Prime Underdark Guide	BONUS:SAVE|BASE.Fortitude|classlevel("APPLIEDAS=NONEPIC")/2+2
CLASS:Prime Underdark Guide	BONUS:SAVE|BASE.Reflex|classlevel("APPLIEDAS=NONEPIC")/2+2
CLASS:Prime Underdark Guide	BONUS:SAVE|BASE.Will|classlevel("APPLIEDAS=NONEPIC")/3
CLASS:Prime Underdark Guide	PRETEXT:Alignment: Any nonevil. Skills: Balance 2 ranks, Climb 8 ranks, Diplomacy 5 ranks, Gather Information 5 ranks, Knowledge (Underdark local) 5 ranks, Survival 5 ranks, Use Rope 2 ranks. Feats: Alertness, Track. Special: Must know at least four languages.
CLASS:Prime Underdark Guide	STARTSKILLPTS:4	CSKILL:Balance|Climb|Concentration|TYPE=Craft|Diplomacy|Escape Artist|Gather Information|Heal|Hide|Jump|Knowledge (Geography)|Knowledge (Local)|Knowledge (Nature)|Knowledge (Underdark local)|Listen|Move Silently|Sense Motive|Speak Language|Spellcraft|Spot|Survival|Tumble|Use Rope
CLASS:Prime Underdark Guide	FACT:SpellType|Arcane	SPELLSTAT:INT	MEMORIZE:YES
CLASS:Prime Underdark Guide	BONUS:CASTERLEVEL|Prime Underdark Guide|Caster_Level_PrimeUnderdarkGuide	DEFINE:Caster_Level_PrimeUnderdarkGuide|0	BONUS:VAR|Caster_Level_PrimeUnderdarkGuide|CL+Caster_Level_Bonus	DEFINE:CasterLevelBLPrimeUnderdarkGuide|0	BONUS:VAR|CasterLevelBLPrimeUnderdarkGuide|charbonusto("PCLEVEL","Prime Underdark Guide")
CLASS:Prime Underdark Guide	BONUS:VAR|Caster_Level_Highest__Arcane|Caster_Level_PrimeUnderdarkGuide+CasterLevelBLPrimeUnderdarkGuide|TYPE=Base
###Block
1	CAST:0,0
2	CAST:0,1
3	CAST:0,1
4	CAST:0,1,0
5	CAST:0,2,1
6	CAST:0,2,1,0
7	CAST:0,2,1,1
8	CAST:0,2,2,1,0
9	CAST:0,2,2,1,1
10	CAST:0,2,2,2,1
###Block
11	PREPCLEVEL:MIN=20
###Block	
1	ABILITY:Prime Underdark Guide Class Feature|AUTOMATIC|Prime Underdark Guide ~ Weapon and Armor Proficiency
1	ABILITY:Prime Underdark Guide Class Feature|AUTOMATIC|Prime Underdark Guide ~ Spells
1	ABILITY:Prime Underdark Guide Class Feature|AUTOMATIC|Prime Underdark Guide ~ Aid Another Nearby
1	ABILITY:Prime Underdark Guide Class Feature|AUTOMATIC|Prime Underdark Guide ~ Bonus Language
2	ABILITY:Prime Underdark Guide Class Feature|AUTOMATIC|Prime Underdark Guide ~ Aid Group
2	ABILITY:Prime Underdark Guide Class Feature|AUTOMATIC|Prime Underdark Guide ~ Danger Sense
2	ABILITY:Prime Underdark Guide Class Feature|AUTOMATIC|Prime Underdark Guide ~ Underdark Lore
2	ABILITY:Prime Underdark Guide Class Feature|AUTOMATIC|Prime Underdark Guide ~ Underdark Traveler
3	ABILITY:Prime Underdark Guide Class Feature|AUTOMATIC|Prime Underdark Guide ~ Danger Warning


# Sea Mother Whip
# CLASS:Sea Mother Whip	MAXLEVEL:20
# CLASS:Sea Mother Whip	HD:	TYPE:PC.Prestige
# CLASS:Sea Mother Whip	FACT:Abb|	FACT:ClassType|
# CLASS:Sea Mother Whip	DEFINE:yyyLVL|0	BONUS:VAR|yyyLVL|CL
# CLASS:Sea Mother Whip	SOURCEPAGE:p.	
# CLASS:Sea Mother Whip	BONUS:COMBAT|BASEAB|classlevel("APPLIEDAS=NONEPIC")|TYPE=Base.REPLACE|PREVAREQ:UseAlternateBABProgression,0
# CLASS:Sea Mother Whip	BONUS:COMBAT|BASEAB|classlevel("APPLIEDAS=NONEPIC")*3/4|TYPE=Base.REPLACE|PREVAREQ:UseAlternateBABProgression,0
# CLASS:Sea Mother Whip	BONUS:COMBAT|BASEAB|classlevel("APPLIEDAS=NONEPIC")*1/2|TYPE=Base.REPLACE|PREVAREQ:UseAlternateBABProgression,0
# CLASS:Sea Mother Whip	BONUS:VAR|ClassBABPoor|classlevel("APPLIEDAS=NONEPIC")|PREVAREQ:UseFractionalBAB,1
# CLASS:Sea Mother Whip	BONUS:VAR|ClassBABModerate|classlevel("APPLIEDAS=NONEPIC")|PREVAREQ:UseFractionalBAB,1
# CLASS:Sea Mother Whip	BONUS:VAR|ClassBABFull|classlevel("APPLIEDAS=NONEPIC")|PREVAREQ:UseFractionalBAB,1
# CLASS:Sea Mother Whip	BONUS:SAVE|BASE.Fortitude|classlevel("APPLIEDAS=NONEPIC")/2+2|PREVAREQ:UseAlternateSaveProgression,0
# CLASS:Sea Mother Whip	BONUS:SAVE|BASE.Fortitude|classlevel("APPLIEDAS=NONEPIC")/3|PREVAREQ:UseAlternateSaveProgression,0
# CLASS:Sea Mother Whip	BONUS:SAVE|BASE.Reflex|classlevel("APPLIEDAS=NONEPIC")/2+2|PREVAREQ:UseAlternateSaveProgression,0
# CLASS:Sea Mother Whip	BONUS:SAVE|BASE.Reflex|classlevel("APPLIEDAS=NONEPIC")/3|PREVAREQ:UseAlternateSaveProgression,0
# CLASS:Sea Mother Whip	BONUS:SAVE|BASE.Will|classlevel("APPLIEDAS=NONEPIC")/2+2|PREVAREQ:UseAlternateSaveProgression,0
# CLASS:Sea Mother Whip	BONUS:SAVE|BASE.Will|classlevel("APPLIEDAS=NONEPIC")/3|PREVAREQ:UseAlternateSaveProgression,0
# CLASS:Sea Mother Whip	BONUS:VAR|ClassSaveGood_Fortitude|classlevel()|PREVAREQ:UseFractionalSave,1
# CLASS:Sea Mother Whip	BONUS:VAR|ClassSavePoor_Fortitude|classlevel()|PREVAREQ:UseFractionalSave,1
# CLASS:Sea Mother Whip	BONUS:VAR|ClassSaveGood_Reflex|classlevel()|PREVAREQ:UseFractionalSave,1
# CLASS:Sea Mother Whip	BONUS:VAR|ClassSavePoor_Reflex|classlevel()|PREVAREQ:UseFractionalSave,1
# CLASS:Sea Mother Whip	BONUS:VAR|ClassSaveGood_Will|classlevel()|PREVAREQ:UseFractionalSave,1
# CLASS:Sea Mother Whip	BONUS:VAR|ClassSavePoor_Will|classlevel()|PREVAREQ:UseFractionalSave,1
# CLASS:Sea Mother Whip	PRETEXT:
# CLASS:Sea Mother Whip	STARTSKILLPTS:	CSKILL:
# CLASS:Sea Mother Whip	FACT:SpellType|
# CLASS:Sea Mother Whip	SPELLSTAT:	MEMORIZE:
# CLASS:Sea Mother Whip	BONUS:CASTERLEVEL|Sea Mother Whip|Caster_Level_BL_Stripped_yyy	DEFINE:Caster_Level_BL_Stripped_yyy|0	BONUS:VAR|Caster_Level_BL_Stripped_yyy|Caster_Level_yyy-CasterLevelBLyyy	BONUS:VAR|Caster_Level_yyy|CL+Caster_Level_Bonus+CasterLevelBLyyy	DEFINE:CasterLevelBLyyy|0	BONUS:VAR|CasterLevelBL_yyy|charbonusto("PCLEVEL","Sea Mother Whip")	
# CLASS:Sea Mother Whip	BONUS:VAR|Caster_Level_Highest__Arcane|Caster_Level_yyy|TYPE=Base

#	ADD:SPELLCASTER|
###Block
#11	PREPCLEVEL:MIN=20
###Block 	ABILITY:Sea Mother Whip Class Feature|AUTOMATIC|


# Shadowcrafter
# CLASS:Shadowcrafter	MAXLEVEL:20
# CLASS:Shadowcrafter	HD:	TYPE:PC.Prestige
# CLASS:Shadowcrafter	FACT:Abb|	FACT:ClassType|
# CLASS:Shadowcrafter	DEFINE:yyyLVL|0	BONUS:VAR|yyyLVL|CL
# CLASS:Shadowcrafter	SOURCEPAGE:p.	
# CLASS:Shadowcrafter	BONUS:COMBAT|BASEAB|classlevel("APPLIEDAS=NONEPIC")|TYPE=Base.REPLACE|PREVAREQ:UseAlternateBABProgression,0
# CLASS:Shadowcrafter	BONUS:COMBAT|BASEAB|classlevel("APPLIEDAS=NONEPIC")*3/4|TYPE=Base.REPLACE|PREVAREQ:UseAlternateBABProgression,0
# CLASS:Shadowcrafter	BONUS:COMBAT|BASEAB|classlevel("APPLIEDAS=NONEPIC")*1/2|TYPE=Base.REPLACE|PREVAREQ:UseAlternateBABProgression,0
# CLASS:Shadowcrafter	BONUS:VAR|ClassBABPoor|classlevel("APPLIEDAS=NONEPIC")|PREVAREQ:UseFractionalBAB,1
# CLASS:Shadowcrafter	BONUS:VAR|ClassBABModerate|classlevel("APPLIEDAS=NONEPIC")|PREVAREQ:UseFractionalBAB,1
# CLASS:Shadowcrafter	BONUS:VAR|ClassBABFull|classlevel("APPLIEDAS=NONEPIC")|PREVAREQ:UseFractionalBAB,1
# CLASS:Shadowcrafter	BONUS:SAVE|BASE.Fortitude|classlevel("APPLIEDAS=NONEPIC")/2+2|PREVAREQ:UseAlternateSaveProgression,0
# CLASS:Shadowcrafter	BONUS:SAVE|BASE.Fortitude|classlevel("APPLIEDAS=NONEPIC")/3|PREVAREQ:UseAlternateSaveProgression,0
# CLASS:Shadowcrafter	BONUS:SAVE|BASE.Reflex|classlevel("APPLIEDAS=NONEPIC")/2+2|PREVAREQ:UseAlternateSaveProgression,0
# CLASS:Shadowcrafter	BONUS:SAVE|BASE.Reflex|classlevel("APPLIEDAS=NONEPIC")/3|PREVAREQ:UseAlternateSaveProgression,0
# CLASS:Shadowcrafter	BONUS:SAVE|BASE.Will|classlevel("APPLIEDAS=NONEPIC")/2+2|PREVAREQ:UseAlternateSaveProgression,0
# CLASS:Shadowcrafter	BONUS:SAVE|BASE.Will|classlevel("APPLIEDAS=NONEPIC")/3|PREVAREQ:UseAlternateSaveProgression,0
# CLASS:Shadowcrafter	BONUS:VAR|ClassSaveGood_Fortitude|classlevel()|PREVAREQ:UseFractionalSave,1
# CLASS:Shadowcrafter	BONUS:VAR|ClassSavePoor_Fortitude|classlevel()|PREVAREQ:UseFractionalSave,1
# CLASS:Shadowcrafter	BONUS:VAR|ClassSaveGood_Reflex|classlevel()|PREVAREQ:UseFractionalSave,1
# CLASS:Shadowcrafter	BONUS:VAR|ClassSavePoor_Reflex|classlevel()|PREVAREQ:UseFractionalSave,1
# CLASS:Shadowcrafter	BONUS:VAR|ClassSaveGood_Will|classlevel()|PREVAREQ:UseFractionalSave,1
# CLASS:Shadowcrafter	BONUS:VAR|ClassSavePoor_Will|classlevel()|PREVAREQ:UseFractionalSave,1
# CLASS:Shadowcrafter	PRETEXT:
# CLASS:Shadowcrafter	STARTSKILLPTS:	CSKILL:
# CLASS:Shadowcrafter	FACT:SpellType|
# CLASS:Shadowcrafter	SPELLSTAT:	MEMORIZE:
# CLASS:Shadowcrafter	BONUS:CASTERLEVEL|Shadowcrafter|Caster_Level_BL_Stripped_yyy	DEFINE:Caster_Level_BL_Stripped_yyy|0	BONUS:VAR|Caster_Level_BL_Stripped_yyy|Caster_Level_yyy-CasterLevelBLyyy	BONUS:VAR|Caster_Level_yyy|CL+Caster_Level_Bonus+CasterLevelBLyyy	DEFINE:CasterLevelBLyyy|0	BONUS:VAR|CasterLevelBL_yyy|charbonusto("PCLEVEL","Shadowcrafter")	
# CLASS:Shadowcrafter	BONUS:VAR|Caster_Level_Highest__Arcane|Caster_Level_yyy|TYPE=Base

#	ADD:SPELLCASTER|
###Block
#11	PREPCLEVEL:MIN=20
###Block 	ABILITY:Shadowcrafter Class Feature|AUTOMATIC|


# Vermin Keeper
# CLASS:Vermin Keeper	MAXLEVEL:20
# CLASS:Vermin Keeper	HD:	TYPE:PC.Prestige
# CLASS:Vermin Keeper	FACT:Abb|	FACT:ClassType|
# CLASS:Vermin Keeper	DEFINE:yyyLVL|0	BONUS:VAR|yyyLVL|CL
# CLASS:Vermin Keeper	SOURCEPAGE:p.	
# CLASS:Vermin Keeper	BONUS:COMBAT|BASEAB|classlevel("APPLIEDAS=NONEPIC")|TYPE=Base.REPLACE|PREVAREQ:UseAlternateBABProgression,0
# CLASS:Vermin Keeper	BONUS:COMBAT|BASEAB|classlevel("APPLIEDAS=NONEPIC")*3/4|TYPE=Base.REPLACE|PREVAREQ:UseAlternateBABProgression,0
# CLASS:Vermin Keeper	BONUS:COMBAT|BASEAB|classlevel("APPLIEDAS=NONEPIC")*1/2|TYPE=Base.REPLACE|PREVAREQ:UseAlternateBABProgression,0
# CLASS:Vermin Keeper	BONUS:VAR|ClassBABPoor|classlevel("APPLIEDAS=NONEPIC")|PREVAREQ:UseFractionalBAB,1
# CLASS:Vermin Keeper	BONUS:VAR|ClassBABModerate|classlevel("APPLIEDAS=NONEPIC")|PREVAREQ:UseFractionalBAB,1
# CLASS:Vermin Keeper	BONUS:VAR|ClassBABFull|classlevel("APPLIEDAS=NONEPIC")|PREVAREQ:UseFractionalBAB,1
# CLASS:Vermin Keeper	BONUS:SAVE|BASE.Fortitude|classlevel("APPLIEDAS=NONEPIC")/2+2|PREVAREQ:UseAlternateSaveProgression,0
# CLASS:Vermin Keeper	BONUS:SAVE|BASE.Fortitude|classlevel("APPLIEDAS=NONEPIC")/3|PREVAREQ:UseAlternateSaveProgression,0
# CLASS:Vermin Keeper	BONUS:SAVE|BASE.Reflex|classlevel("APPLIEDAS=NONEPIC")/2+2|PREVAREQ:UseAlternateSaveProgression,0
# CLASS:Vermin Keeper	BONUS:SAVE|BASE.Reflex|classlevel("APPLIEDAS=NONEPIC")/3|PREVAREQ:UseAlternateSaveProgression,0
# CLASS:Vermin Keeper	BONUS:SAVE|BASE.Will|classlevel("APPLIEDAS=NONEPIC")/2+2|PREVAREQ:UseAlternateSaveProgression,0
# CLASS:Vermin Keeper	BONUS:SAVE|BASE.Will|classlevel("APPLIEDAS=NONEPIC")/3|PREVAREQ:UseAlternateSaveProgression,0
# CLASS:Vermin Keeper	BONUS:VAR|ClassSaveGood_Fortitude|classlevel()|PREVAREQ:UseFractionalSave,1
# CLASS:Vermin Keeper	BONUS:VAR|ClassSavePoor_Fortitude|classlevel()|PREVAREQ:UseFractionalSave,1
# CLASS:Vermin Keeper	BONUS:VAR|ClassSaveGood_Reflex|classlevel()|PREVAREQ:UseFractionalSave,1
# CLASS:Vermin Keeper	BONUS:VAR|ClassSavePoor_Reflex|classlevel()|PREVAREQ:UseFractionalSave,1
# CLASS:Vermin Keeper	BONUS:VAR|ClassSaveGood_Will|classlevel()|PREVAREQ:UseFractionalSave,1
# CLASS:Vermin Keeper	BONUS:VAR|ClassSavePoor_Will|classlevel()|PREVAREQ:UseFractionalSave,1
# CLASS:Vermin Keeper	PRETEXT:
# CLASS:Vermin Keeper	STARTSKILLPTS:	CSKILL:
# CLASS:Vermin Keeper	FACT:SpellType|
# CLASS:Vermin Keeper	SPELLSTAT:	MEMORIZE:
# CLASS:Vermin Keeper	BONUS:CASTERLEVEL|Vermin Keeper|Caster_Level_BL_Stripped_yyy	DEFINE:Caster_Level_BL_Stripped_yyy|0	BONUS:VAR|Caster_Level_BL_Stripped_yyy|Caster_Level_yyy-CasterLevelBLyyy	BONUS:VAR|Caster_Level_yyy|CL+Caster_Level_Bonus+CasterLevelBLyyy	DEFINE:CasterLevelBLyyy|0	BONUS:VAR|CasterLevelBL_yyy|charbonusto("PCLEVEL","Vermin Keeper")	
# CLASS:Vermin Keeper	BONUS:VAR|Caster_Level_Highest__Arcane|Caster_Level_yyy|TYPE=Base

#	ADD:SPELLCASTER|
###Block
#11	PREPCLEVEL:MIN=20
###Block 	ABILITY:Vermin Keeper Class Feature|AUTOMATIC|


# Yathchol Webrider
# CLASS:Yathchol Webrider	MAXLEVEL:20
# CLASS:Yathchol Webrider	HD:	TYPE:PC.Prestige
# CLASS:Yathchol Webrider	FACT:Abb|	FACT:ClassType|
# CLASS:Yathchol Webrider	DEFINE:yyyLVL|0	BONUS:VAR|yyyLVL|CL
# CLASS:Yathchol Webrider	SOURCEPAGE:p.	
# CLASS:Yathchol Webrider	BONUS:COMBAT|BASEAB|classlevel("APPLIEDAS=NONEPIC")|TYPE=Base.REPLACE|PREVAREQ:UseAlternateBABProgression,0
# CLASS:Yathchol Webrider	BONUS:COMBAT|BASEAB|classlevel("APPLIEDAS=NONEPIC")*3/4|TYPE=Base.REPLACE|PREVAREQ:UseAlternateBABProgression,0
# CLASS:Yathchol Webrider	BONUS:COMBAT|BASEAB|classlevel("APPLIEDAS=NONEPIC")*1/2|TYPE=Base.REPLACE|PREVAREQ:UseAlternateBABProgression,0
# CLASS:Yathchol Webrider	BONUS:VAR|ClassBABPoor|classlevel("APPLIEDAS=NONEPIC")|PREVAREQ:UseFractionalBAB,1
# CLASS:Yathchol Webrider	BONUS:VAR|ClassBABModerate|classlevel("APPLIEDAS=NONEPIC")|PREVAREQ:UseFractionalBAB,1
# CLASS:Yathchol Webrider	BONUS:VAR|ClassBABFull|classlevel("APPLIEDAS=NONEPIC")|PREVAREQ:UseFractionalBAB,1
# CLASS:Yathchol Webrider	BONUS:SAVE|BASE.Fortitude|classlevel("APPLIEDAS=NONEPIC")/2+2|PREVAREQ:UseAlternateSaveProgression,0
# CLASS:Yathchol Webrider	BONUS:SAVE|BASE.Fortitude|classlevel("APPLIEDAS=NONEPIC")/3|PREVAREQ:UseAlternateSaveProgression,0
# CLASS:Yathchol Webrider	BONUS:SAVE|BASE.Reflex|classlevel("APPLIEDAS=NONEPIC")/2+2|PREVAREQ:UseAlternateSaveProgression,0
# CLASS:Yathchol Webrider	BONUS:SAVE|BASE.Reflex|classlevel("APPLIEDAS=NONEPIC")/3|PREVAREQ:UseAlternateSaveProgression,0
# CLASS:Yathchol Webrider	BONUS:SAVE|BASE.Will|classlevel("APPLIEDAS=NONEPIC")/2+2|PREVAREQ:UseAlternateSaveProgression,0
# CLASS:Yathchol Webrider	BONUS:SAVE|BASE.Will|classlevel("APPLIEDAS=NONEPIC")/3|PREVAREQ:UseAlternateSaveProgression,0
# CLASS:Yathchol Webrider	BONUS:VAR|ClassSaveGood_Fortitude|classlevel()|PREVAREQ:UseFractionalSave,1
# CLASS:Yathchol Webrider	BONUS:VAR|ClassSavePoor_Fortitude|classlevel()|PREVAREQ:UseFractionalSave,1
# CLASS:Yathchol Webrider	BONUS:VAR|ClassSaveGood_Reflex|classlevel()|PREVAREQ:UseFractionalSave,1
# CLASS:Yathchol Webrider	BONUS:VAR|ClassSavePoor_Reflex|classlevel()|PREVAREQ:UseFractionalSave,1
# CLASS:Yathchol Webrider	BONUS:VAR|ClassSaveGood_Will|classlevel()|PREVAREQ:UseFractionalSave,1
# CLASS:Yathchol Webrider	BONUS:VAR|ClassSavePoor_Will|classlevel()|PREVAREQ:UseFractionalSave,1
# CLASS:Yathchol Webrider	PRETEXT:
# CLASS:Yathchol Webrider	STARTSKILLPTS:	CSKILL:
# CLASS:Yathchol Webrider	FACT:SpellType|
# CLASS:Yathchol Webrider	SPELLSTAT:	MEMORIZE:
# CLASS:Yathchol Webrider	BONUS:CASTERLEVEL|Yathchol Webrider|Caster_Level_BL_Stripped_yyy	DEFINE:Caster_Level_BL_Stripped_yyy|0	BONUS:VAR|Caster_Level_BL_Stripped_yyy|Caster_Level_yyy-CasterLevelBLyyy	BONUS:VAR|Caster_Level_yyy|CL+Caster_Level_Bonus+CasterLevelBLyyy	DEFINE:CasterLevelBLyyy|0	BONUS:VAR|CasterLevelBL_yyy|charbonusto("PCLEVEL","Yathchol Webrider")	
# CLASS:Yathchol Webrider	BONUS:VAR|Caster_Level_Highest__Arcane|Caster_Level_yyy|TYPE=Base

#	ADD:SPELLCASTER|
###Block
#11	PREPCLEVEL:MIN=20
###Block 	ABILITY:Yathchol Webrider Class Feature|AUTOMATIC|





