# CVS $Revision: $ $Author: $ -- Sun May 19 00:52:28 2013 -- reformated by prettylst.pl v1.50 (build 19967)
SOURCELONG:Magic of Faerun	SOURCESHORT:MagF

#Banesword	COST:18315
#Berserker Blade (+1)	COST:6335
#Berserker Blade (+2)	COST:15335
#Blingdenstone Warpick	COST:8308
#Cormanthyrian Elfblade	COST:18315
#Dagger of Chaos	COST:106302
#Dagger of Defiance	COST:12302
#Gauntlet of the Valorous	COST:18302
#Golden Axe of the Great Rift	COST:18310
#Justice Blade	COST:32315
#Lance of Faerun	COST:98310
#Lit with Danger	COST:18302
#Mace of the Darkchildren	COST:17000
#Namarra	COST:30315
#Nightblade	COST:8702
#One Thousand Broken Dreams	COST:103315
#Prayer of Anger	COST:14350
#Quarterstaff of Battle	COST:162600
#Runehammer (Alhalbrin)	COST:11912
#Runehammer (Faerindyl)	COST:11712
#Runehammer (Thundaril)	COST:17912
#Scimitar of the Fool	COST:3000
#Sembian Guardblade	COST:8320
#Silvermane's Axe	COST:50302
#Singing Sword	COST:24450
#Spectral Dagger	COST:20000
#Staff of Mighty Sweeping	COST:28600
#Taragarth	COST:86335
#The Fist	COST:23305
#Viper Dagger	COST:10462

# Equipment Name			Required Weapon Proficiency			Type																		Alternative Type								Cost		Weight	Define						Critical Hit Multiplier	Critical Hit Range	Alternative Critical	Alternative Critical Range	Damage	Alternative Damage	Modifier										Alternative Modifier	Wield Category	Requires Modification?	Range		Reach Multiplier	Size		Source Page		Virtual Feat		Ability																	Save checks bonus				Modify VAR														Bonus Equipment Modifiers																Weapon prop. bonus																						Quality and value									Special Property
Banesword				PROFICIENCY:WEAPON|Longsword			TYPE:Enhancement.Weapon.Martial.Melee.Specific.Slashing.OneHanded.Sword																	COST:15	WT:4									CRITMULT:x2			CRITRANGE:2												DAMAGE:1d8					EQMOD:STEEL.PLUS1W.LAW_M											WIELD:OneHanded	MODS:NO								SIZE:M	SOURCEPAGE:p.
Berserker Blade (+1)		PROFICIENCY:WEAPON|Sword (Bastard)		TYPE:Enhancement.Weapon.Martial.Exotic.Melee.Specific.Slashing.TwoHanded.Sword															COST:35	WT:6		DEFINE:Enraged|0					CRITMULT:x2			CRITRANGE:2												DAMAGE:1d10					EQMOD:STEEL.PLUS1W												WIELD:TwoHanded	MODS:NO								SIZE:M	SOURCEPAGE:p.																																																																BONUS:WEAPON|WIELDCATEGORY|-1|PREFEAT:1,Exotic Weapon Proficiency(Sword (Bastard))	BONUS:WEAPON|DAMAGE,TOHIT|2|TYPE=Enhancement|PREVARGTEQ:Enraged,1												SPROP:+2 when wielder is enraged.
Berserker Blade (+2)		PROFICIENCY:WEAPON|Sword (Bastard)		TYPE:Enhancement.Weapon.Martial.Exotic.Melee.Specific.Slashing.TwoHanded.Sword															COST:35	WT:6		DEFINE:Enraged|0					CRITMULT:x2			CRITRANGE:2												DAMAGE:1d10					EQMOD:STEEL.PLUS2W												WIELD:TwoHanded	MODS:NO								SIZE:M	SOURCEPAGE:p.																																																																BONUS:WEAPON|WIELDCATEGORY|-1|PREFEAT:1,Exotic Weapon Proficiency(Sword (Bastard))	BONUS:WEAPON|DAMAGE,TOHIT|3|TYPE=Enhancement|PREVARGTEQ:Enraged,1												SPROP:+3 when wielder is enraged.
Blingdenstone Warpick		PROFICIENCY:WEAPON|Pick (Heavy)		TYPE:Enhancement.Weapon.Martial.Melee.Specific.Piercing.OneHanded.Pick																	COST:8	WT:6									CRITMULT:x4			CRITRANGE:1												DAMAGE:1d6					EQMOD:STEEL.PLUS1W.CORR_M											WIELD:OneHanded	MODS:NO								SIZE:M	SOURCEPAGE:p.
Cormanthyrian Elfblade		PROFICIENCY:WEAPON|Longsword			TYPE:Enhancement.Weapon.Martial.Melee.Specific.Slashing.OneHanded.Sword																	COST:15	WT:4									CRITMULT:x2			CRITRANGE:2												DAMAGE:1d8					EQMOD:STEEL.PLUS1W.KEEN												WIELD:OneHanded	MODS:NO								SIZE:M	SOURCEPAGE:p.
Cormyrian Goblinthrasher	PROFICIENCY:WEAPON|Longsword			TYPE:Enhancement.Weapon.Melee.Martial.Specific.Slashing.Sword																		COST:15	WT:4									CRITMULT:x2			CRITRANGE:2												DAMAGE:1d8					EQMOD:STEEL.PLUS1W.BANE_M|Humanoids (goblinoid)								WIELD:OneHanded	MODS:NO								SIZE:M	SOURCEPAGE:p.
Dagger of Chaos			PROFICIENCY:WEAPON|Dagger			TYPE:Enhancement.Weapon.Simple.Melee.Ranged.Specific.Piercing.Slashing.Light.Thrown.Finesseable.Dagger											COST:2	WT:1									CRITMULT:x2			CRITRANGE:2												DAMAGE:1d4					EQMOD:STEEL.PLUS5W												WIELD:Light		MODS:NO			RANGE:10				SIZE:M	SOURCEPAGE:p.																																																																																																				SPROP:Polymorph Other (random form) on the wielder when inflict damage on target.
Dagger of Defiance		PROFICIENCY:WEAPON|Dagger			TYPE:Enhancement.Weapon.Simple.Melee.Ranged.Specific.Piercing.Slashing.Light.Finesseable.Thrown.Dagger											COST:2	WT:1		DEFINE:EnchantmentResistanceBonus|3		CRITMULT:x2			CRITRANGE:2												DAMAGE:1d4					EQMOD:STEEL.PLUS1W												WIELD:Light		MODS:NO			RANGE:10				SIZE:M	SOURCEPAGE:p.					ABILITY:Special Ability|VIRTUAL|Immunity To Fear|Immunity to Compulsion Effects|Resistance To Enchantment
Gauntlet of the Valorous	PROFICIENCY:WEAPON|Gauntlet (Spiked)	TYPE:Enhancement.Weapon.Simple.Melee.Specific.Piercing.Light.Finesseable.Unarmed.Gauntlet														COST:5	WT:1									CRITMULT:x2			CRITRANGE:1												DAMAGE:1d4					EQMOD:STEEL.PLUS3W												WIELD:Light		MODS:NO								SIZE:M	SOURCEPAGE:p.																																												BONUS:EQM|WEIGHTADD|-1|PREMULT:3,[PREEQUIP:1,TYPE.Armor],[PREEQUIP:1,TYPE.Medium,TYPE.Heavy],[!PREEQUIP:1,Breastplate]
Golden Axe of the Great Rift	PROFICIENCY:WEAPON|Battleaxe			TYPE:Enhancement.Weapon.Martial.Melee.Specific.OneHanded.Slashing.Axe																	COST:10	WT:6									CRITMULT:x3			CRITRANGE:1												DAMAGE:1d8					EQMOD:STEEL.PLUS1W.BANE_M|Aberrations									WIELD:OneHanded	MODS:NO								SIZE:M	SOURCEPAGE:p.
Justice Blade			PROFICIENCY:WEAPON|Longsword			TYPE:Enhancement.Weapon.Martial.Melee.Specific.Slashing.OneHanded.Sword																	COST:15	WT:4									CRITMULT:x2			CRITRANGE:2												DAMAGE:1d8					EQMOD:STEEL.PLUS1W.HOLY_M.MI_CLE.LGHT_EMIT								WIELD:OneHanded	MODS:NO								SIZE:M	SOURCEPAGE:p.
Lance of Faerun			PROFICIENCY:WEAPON|Lance			TYPE:Enhancement.Weapon.Martial.Melee.Specific.Piercing.TwoHanded.Reach.Lance																COST:10	WT:10									CRITMULT:x3			CRITRANGE:1												DAMAGE:1d8					EQMOD:WOOD.PLUS2W.HOLY_M											WIELD:TwoHanded	MODS:NO					REACHMULT:2		SIZE:M	SOURCEPAGE:p.	VFEAT:Spirited Charge																																																																																																SPROP:+2 enhancement bonus and does +2d6 bonus damage vs. Outsiders (evil)|PREDEITY:1,Torm
Lit with Danger			PROFICIENCY:WEAPON|Shortspear			TYPE:Enhancement.Weapon.Melee.Ranged.Thrown.Simple.Specific.Piercing.Spear																COST:1	WT:3									CRITMULT:x3			CRITRANGE:1												DAMAGE:1d6					EQMOD:WOOD.PLUS1W													WIELD:OneHanded	MODS:NO			RANGE:20				SIZE:M	SOURCEPAGE:p.																																																																																																				SPROP:1/day Faerie Fire against invisible target that hits the wielder
Mace of the Darkchildren	PROFICIENCY:WEAPON|Mace (Heavy)		TYPE:Enhancement.Weapon.Simple.Melee.Specific.Bludgeoning.OneHanded.Mace																COST:12	WT:8									CRITMULT:x2			CRITRANGE:1												DAMAGE:1d8					EQMOD:ADAMANT_WEAP												WIELD:OneHanded	MODS:NO								SIZE:M	SOURCEPAGE:p.																													BONUS:VAR|TurnLevelUndead|6|TYPE=Profane	BONUS:VAR|TurnDamagePlusUndead|2|TYPE=Profane																					BONUS:WEAPON|TOHIT|2|TYPE=Enhancement
Namarra				PROFICIENCY:WEAPON|Longsword			TYPE:Enhancement.Weapon.Martial.Melee.Specific.Slashing.OneHanded.Sword.LightSource															COST:15	WT:4									CRITMULT:x2			CRITRANGE:2												DAMAGE:1d8					EQMOD:STEEL.PLUS2W.KEEN.LGHT_EMIT_5PR									WIELD:OneHanded	MODS:NO								SIZE:M	SOURCEPAGE:p.																																																																																									QUALITY:Shadowy Illumination|5 ft.	QUALITY:Duration|Permanent	SPROP:Silence on the wielder at will
Nightblade				PROFICIENCY:WEAPON|Dagger			TYPE:Enhancement.Weapon.Simple.Melee.Ranged.Specific.Piercing.Slashing.Light.Finesseable.Thrown.Dagger											COST:2	WT:1									CRITMULT:x2			CRITRANGE:2												DAMAGE:1d4					EQMOD:STEEL.PLUS1W												WIELD:Light		MODS:NO			RANGE:10				SIZE:M	SOURCEPAGE:p.																																																																																																				SPROP:+2 enhancement bonus against Good creature and Will DC 16 or take 1 temporary damage to random ability score.
One Thousand Broken Dreams	PROFICIENCY:WEAPON|Longsword			TYPE:Enhancement.Weapon.Martial.Melee.Specific.Slashing.OneHanded.Sword																	COST:15	WT:4									CRITMULT:x2			CRITRANGE:2												DAMAGE:1d8					EQMOD:MITHRAL_ITEM.PLUS3W.HOLY_M.BANE_M_DR								WIELD:OneHanded	MODS:NO								SIZE:M	SOURCEPAGE:p.					ABILITY:Special Ability|AUTOMATIC|Negative Levels																BONUS:VAR|NegLevels|1|PREALIGN:LE,NE,CE
Prayer of Anger			PROFICIENCY:WEAPON|Greatsword			TYPE:Enhancement.Weapon.Martial.Melee.Specific.Slashing.TwoHanded.Sword																	COST:50	WT:8									CRITMULT:x2			CRITRANGE:2												DAMAGE:2d6					EQMOD:STEEL.PLUS2W												WIELD:TwoHanded	MODS:NO								SIZE:M	SOURCEPAGE:p.					ABILITY:Special Ability|AUTOMATIC|Immunity To Fear																BONUS:VAR|RageDuration|1
Quarterstaff of Battle		PROFICIENCY:WEAPON|Quarterstaff		TYPE:Enhancement.Weapon.Simple.Melee.Specific.Bludgeoning.TwoHanded.Double.Quarterstaff				ALTTYPE:Enhancement.Weapon.Melee.Bludgeoning.Quarterstaff	COST:0	WT:4									CRITMULT:x2			CRITRANGE:1			ALTCRITMULT:x2		ALTCRITRANGE:1			DAMAGE:1d6	ALTDAMAGE:1d6		EQMOD:WOOD.PLUS3W.SPEED								ALTEQMOD:WOOD.PLUS3W	WIELD:TwoHanded	MODS:NO								SIZE:M	SOURCEPAGE:p.	VFEAT:Improved Disarm
Runehammer (Alhalbrin)		PROFICIENCY:WEAPON|Warhammer			TYPE:Enhancement.Weapon.Martial.Melee.Specific.Bludgeoning.Onehanded.Hammer																COST:12	WT:5									CRITMULT:x3			CRITRANGE:1												DAMAGE:1d8					EQMOD:DARKSTEEL_WEAP.PLUS1W.RUNE_M|Alhalbrin.RUNE_M_Alhalbrin					WIELD:OneHanded	MODS:NO								SIZE:M	SOURCEPAGE:p.
Runehammer (Faerindyl)		PROFICIENCY:WEAPON|Warhammer			TYPE:Enhancement.Weapon.Martial.Melee.Specific.Bludgeoning.Onehanded.Hammer																COST:12	WT:5									CRITMULT:x3			CRITRANGE:1												DAMAGE:1d8					EQMOD:DARKSTEEL_WEAP.PLUS1W.RUNE_M|Faerindyl.RUNE_M_Faerindyl					WIELD:OneHanded	MODS:NO								SIZE:M	SOURCEPAGE:p.
Runehammer (Thundaril)		PROFICIENCY:WEAPON|Warhammer			TYPE:Enhancement.Weapon.Martial.Melee.Specific.Bludgeoning.Onehanded.Hammer																COST:12	WT:5									CRITMULT:x3			CRITRANGE:1												DAMAGE:1d8					EQMOD:DARKSTEEL_WEAP.PLUS1W.RUNE_M|Thundaril.RUNE_M_Thundaril					WIELD:OneHanded	MODS:NO								SIZE:M	SOURCEPAGE:p.
Scimitar of the Fool		PROFICIENCY:WEAPON|Scimitar			TYPE:Enhancement.Weapon.Martial.Melee.Specific.Slashing.OneHanded.Sword																	COST:15	WT:4									CRITMULT:x2			CRITRANGE:3												DAMAGE:1d6					EQMOD:STEEL.PLUS1W												WIELD:OneHanded	MODS:NO								SIZE:M	SOURCEPAGE:p.																							BONUS:CHECKS|Will|-3|TYPE=Morale
Sembian Guardblade		PROFICIENCY:WEAPON|Rapier			TYPE:Enhancement.Weapon.Martial.Melee.Specific.Piercing.OneHanded.Finesseable.Sword															COST:20	WT:2									CRITMULT:x2			CRITRANGE:3												DAMAGE:1d6					EQMOD:STEEL.PLUS1W.DEFEND											WIELD:OneHanded	MODS:NO								SIZE:M	SOURCEPAGE:p.
Silvermane's Axe			PROFICIENCY:WEAPON|Battleaxe			TYPE:Enhancement.Weapon.Martial.Melee.Specific.Slashing.OneHanded.Axe																	COST:10	WT:6									CRITMULT:x3			CRITRANGE:1												DAMAGE:1d8					EQMOD:STEEL.PLUS3W.BANE_M|Outsiders (evil)								WIELD:OneHanded	MODS:NO								SIZE:M	SOURCEPAGE:p.
Singing Sword			PROFICIENCY:WEAPON|Greatsword			TYPE:Enhancement.Weapon.Martial.Melee.Specific.Slashing.TwoHanded.Sword																	COST:50	WT:8		DEFINE:MindAffectingResistanceBonus|3	CRITMULT:x2			CRITRANGE:2												DAMAGE:2d6					EQMOD:STEEL.PLUS1W												WIELD:TwoHanded	MODS:NO								SIZE:M	SOURCEPAGE:p.					ABILITY:Special Ability|AUTOMATIC|Resistance To Mind-Affecting																																																																																					SPROP:Songs when drawn, +2 morale bonus on attack and damage rolls with the singing song.
Spectral Dagger			PROFICIENCY:WEAPON|Dagger			TYPE:Enhancement.Weapon.Simple.Melee.Ranged.Specific.Piercing.Slashing.Light.Finesseable.Thrown.Dagger											COST:2	WT:1									CRITMULT:x2			CRITRANGE:1												DAMAGE:0					EQMOD:STEEL														WIELD:Light		MODS:NO			RANGE:10				SIZE:M	SOURCEPAGE:p.																																																																																																				SPROP:No damage. Chill Touch (Fort DC 11) against target.
Spider Fang				PROFICIENCY:WEAPON|Dagger			TYPE:Enhancement.Weapon.Simple.Melee.Ranged.Specific.Piercing.Slashing.Light.Finesseable.Thrown.Dagger											COST:2	WT:1									CRITMULT:x2			CRITRANGE:2												DAMAGE:1d4					EQMOD:STEEL.PLUS1W												WIELD:Light		MODS:NO			RANGE:10				SIZE:M	SOURCEPAGE:p.																																																																																																				SPROP:1/day create a 10-ft square of wispy strands (half concealment). 2D4 acid damage if someone touche the strands.
Staff of Mighty Sweeping	PROFICIENCY:WEAPON|Quarterstaff		TYPE:Enhancement.Weapon.Simple.Melee.Specific.Bludgeoning.TwoHanded.TwoHanded.Double.Quarterstaff		ALTTYPE:Enhancement.Weapon.Melee.Bludgeoning			COST:0	WT:4									CRITMULT:x2			CRITRANGE:1			ALTCRITMULT:x2		ALTCRITRANGE:1			DAMAGE:1d6	ALTDAMAGE:1d6		EQMOD:WOOD.PLUS2W.SWEEP_M							ALTEQMOD:WOOD.PLUS2W	WIELD:TwoHanded	MODS:NO								SIZE:M	SOURCEPAGE:p.	VFEAT:Improved Trip
Talosian Shortspear		PROFICIENCY:WEAPON|Shortspear			TYPE:Enhancement.Weapon.Simple.Melee.Ranged.Specific.Piercing.OneHanded.Thrown.Spear														COST:1	WT:3									CRITMULT:x3			CRITRANGE:1												DAMAGE:1d6					EQMOD:WOOD.PLUS1W.FLM_M.SHOCK_M										WIELD:OneHanded	MODS:NO			RANGE:20				SIZE:M	SOURCEPAGE:p.
Taragarth				PROFICIENCY:WEAPON|Sword (Bastard)		TYPE:Enhancement.Weapon.Martial.Exotic.Melee.Specific.Slashing.TwoHanded.Sword															COST:35	WT:6									CRITMULT:x2			CRITRANGE:2												DAMAGE:1d10					EQMOD:STEEL.PLUS3W.MI_CLE											WIELD:TwoHanded	MODS:NO								SIZE:M	SOURCEPAGE:p.																																																																BONUS:WEAPON|WIELDCATEGORY|-1|PREFEAT:1,Exotic Weapon Proficiency(Sword (Bastard))																							SPROP:contant Resist Element (Fire), Feather Fall, Nondetection.
The Fist				PROFICIENCY:WEAPON|Gauntlet (Spiked)	TYPE:Enhancement.Weapon.Simple.Melee.Specific.Piercing.Light.Finesseable.Unarmed.Gauntlet														COST:5	WT:1									CRITMULT:x2			CRITRANGE:1												DAMAGE:1d4					EQMOD:ADAMANT_WEAP.PLUS2W											WIELD:Light		MODS:NO								SIZE:M	SOURCEPAGE:p.																																												BONUS:EQM|WEIGHTADD|-1|PREMULT:3,[PREEQUIP:1,TYPE.Armor],[PREEQUIP:1,TYPE.Medium,TYPE.Heavy],[!PREEQUIP:1,Breastplate]																																					SPROP:immune to Chill Metal and Heat Metal spell.
Viper Dagger			PROFICIENCY:WEAPON|Dagger			TYPE:Enhancement.Weapon.Simple.Melee.Ranged.Specific.Piercing.Slashing.Light.Finesseable.Thrown.Dagger											COST:2	WT:1									CRITMULT:x2			CRITRANGE:2												DAMAGE:1d4					EQMOD:STEEL.PLUS2W												WIELD:Light		MODS:NO			RANGE:10				SIZE:M	SOURCEPAGE:p.																																																																																																				SPROP:1/day turn into a Small Viper.
