
Dragonmark	CATEGORY:Feat	TYPE:Feat	DESC:You have a magical mark that indicates you are a member of one of the dragonmarked houses. Select one of the options from the Dragonmarks table.You gain the ability to innately cast spells and cantrips, as summarized in the Dragonmark Benefits table, using the spellcasting ability listed under the Ability column. You cast each spell at its lowest level. Once you cast a given spell this way, you must finish a long rest before you can cast it innately again. You must still expend any material components. Your dragonmark confers the following benefits: When you first take this feat, you gain the least dragonmark. You learn the spells listed under the Least column. At 5th level and higher, your mark becomes more potent, improving to lesser dragonmark. You also learn the spell listed under the Lesser column. At 9th level and higher, your mark’s power increases again, becoming a greater dragonmark. You also learn the spell listed under the Greater column.	BONUS:VAR|Pool_Dragonmark_House|1	DEFINE:Pool_Dragonmark_House|0


# Dragonmark Families
Medani	PRERACE:1,Half-elf		CATEGORY:Special Ability	TYPE:Dragonmark House	DESC:Warning Guild					ABILITY:Special Ability|AUTOMATIC|Dragonmark ~ Detection	ASPECT:Dragonmark|Detection	
Tharashk	PRERACE:1,Half-orc,human	CATEGORY:Special Ability	TYPE:Dragonmark House	DESC:Finders Guild					ABILITY:Special Ability|AUTOMATIC|Dragonmark ~ Finding	ASPECT:Dragonmark|Finding	
Vadalis	PRERACE:1,Human			CATEGORY:Special Ability	TYPE:Dragonmark House	DESC:Handlers Guild					ABILITY:Special Ability|AUTOMATIC|Dragonmark ~ Handling	ASPECT:Dragonmark|Handling	
Jorasco	PRERACE:1,Halfling		CATEGORY:Special Ability	TYPE:Dragonmark House	DESC:Healers Guild					ABILITY:Special Ability|AUTOMATIC|Dragonmark ~ Healing	ASPECT:Dragonmark|Healing	
Ghallanda	PRERACE:1,Halfling		CATEGORY:Special Ability	TYPE:Dragonmark House	DESC:Hostelers Guild					ABILITY:Special Ability|AUTOMATIC|Dragonmark ~ Hospitality	ASPECT:Dragonmark|Hospitality	
Cannith	PRERACE:1,Human			CATEGORY:Special Ability	TYPE:Dragonmark House	DESC:Tinkers Guild, Fabricators Guild		ABILITY:Special Ability|AUTOMATIC|Dragonmark ~ Making		ASPECT:Dragonmark|Making		
Orien		PRERACE:1,Human			CATEGORY:Special Ability	TYPE:Dragonmark House	DESC:Couriers Guild, Transportation Guild		ABILITY:Special Ability|AUTOMATIC|Dragonmark ~ Passage	ASPECT:Dragonmark|Passage	
Sivis		PRERACE:1,Gnome			CATEGORY:Special Ability	TYPE:Dragonmark House	DESC:Notaries Guild, Speakers Guild			ABILITY:Special Ability|AUTOMATIC|Dragonmark ~ Scribing	ASPECT:Dragonmark|Scribing	
Deneith	PRERACE:1,Human			CATEGORY:Special Ability	TYPE:Dragonmark House	DESC:Blademarks Guild, Defenders Guild		ABILITY:Special Ability|AUTOMATIC|Dragonmark ~ Sentinel	ASPECT:Dragonmark|Sentinel	
Phiarlan	PRERACE:1,Elf			CATEGORY:Special Ability	TYPE:Dragonmark House	DESC:Entertainers and Artisans Guild		ABILITY:Special Ability|AUTOMATIC|Dragonmark ~ Shadow		ASPECT:Dragonmark|Shadow		
Thuranni	PRERACE:1,Elf			CATEGORY:Special Ability	TYPE:Dragonmark House	DESC:Shadow Network					ABILITY:Special Ability|AUTOMATIC|Dragonmark ~ Shadow		ASPECT:Dragonmark|Shadow		
Lyrander	PRERACE:1,Half-elf		CATEGORY:Special Ability	TYPE:Dragonmark House	DESC:Windwrights Guild, Raincallers Guild		ABILITY:Special Ability|AUTOMATIC|Dragonmark ~ Storm		ASPECT:Dragonmark|Storm		
Kundarak	PRERACE:1,Dwarf			CATEGORY:Special Ability	TYPE:Dragonmark House	DESC:Banking Guild, Warding Guild			ABILITY:Special Ability|AUTOMATIC|Dragonmark ~ Warding	ASPECT:Dragonmark|Warding	
Aberrant						CATEGORY:Special Ability	TYPE:Dragonmark House	DESC:No House

# Dragonmark Selection
Detection	CATEGORY:Special Ability	KEY:Dragonmark ~ Detection		TYPE:Dragonmark	ASPECT:Spell Stat|Wisdom		SPELLS:Innate|CASTERLEVEL=1|Detect magic|mage hand			SPELLS:Innate|CASTERLEVEL=5|Detect thoughts|PREVARGTEQ:TL,5	SPELLS:Innate|CASTERLEVEL=9|Clairvoyance|PREVARGTEQ:TL,9						
Finding	CATEGORY:Special Ability	KEY:Dragonmark ~ Finding		TYPE:Dragonmark	ASPECT:Spell Stat|Wisdom		SPELLS:Innate|CASTERLEVEL=1|Identify|mage hand				SPELLS:Innate|CASTERLEVEL=5|Locate object|PREVARGTEQ:TL,5		SPELLS:Innate|CASTERLEVEL=9|Clairvoyance|PREVARGTEQ:TL,9			
Handling	CATEGORY:Special Ability	KEY:Dragonmark ~ Handling		TYPE:Dragonmark	ASPECT:Spell Stat|Wisdom		SPELLS:Innate|CASTERLEVEL=1|Druidcraft|speak with animals		SPELLS:Innate|CASTERLEVEL=5|Beast sense|PREVARGTEQ:TL,5		SPELLS:Innate|CASTERLEVEL=9|Conjure animals|PREVARGTEQ:TL,9			
Healing	CATEGORY:Special Ability	KEY:Dragonmark ~ Healing		TYPE:Dragonmark	ASPECT:Spell Stat|Wisdom		SPELLS:Innate|CASTERLEVEL=1|Cure wounds|spare the dying		SPELLS:Innate|CASTERLEVEL=5|Lesser restoration|PREVARGTEQ:TL,5	SPELLS:Innate|CASTERLEVEL=9|Revivify|PREVARGTEQ:TL,9				
Hospitality	CATEGORY:Special Ability	KEY:Dragonmark ~ Hospitality		TYPE:Dragonmark	ASPECT:Spell Stat|Charisma		SPELLS:Innate|CASTERLEVEL=1|Friends|unseen servant				SPELLS:Innate|CASTERLEVEL=5|Rope trick|PREVARGTEQ:TL,5		SPELLS:Innate|CASTERLEVEL=9|Leomund's tiny hut|PREVARGTEQ:TL,9		
Making	CATEGORY:Special Ability	KEY:Dragonmark ~ Making			TYPE:Dragonmark	ASPECT:Spell Stat|Intelligence	SPELLS:Innate|CASTERLEVEL=1|Identify|mending				SPELLS:Innate|CASTERLEVEL=5|Magic weapon|PREVARGTEQ:TL,5		SPELLS:Innate|CASTERLEVEL=9|Fabricate|PREVARGTEQ:TL,9				
Passage	CATEGORY:Special Ability	KEY:Dragonmark ~ Passage		TYPE:Dragonmark	ASPECT:Spell Stat|Intelligence	SPELLS:Innate|CASTERLEVEL=1|Expeditious retreat|light			SPELLS:Innate|CASTERLEVEL=5|Misty step|PREVARGTEQ:TL,5		SPELLS:Innate|CASTERLEVEL=9|Teleportation circle|PREVARGTEQ:TL,9		
Scribing	CATEGORY:Special Ability	KEY:Dragonmark ~ Scribing		TYPE:Dragonmark	ASPECT:Spell Stat|Intelligence	SPELLS:Innate|CASTERLEVEL=1|Comprehend languages|message		SPELLS:Innate|CASTERLEVEL=5|Sending|PREVARGTEQ:TL,5			SPELLS:Innate|CASTERLEVEL=9|Tongues|PREVARGTEQ:TL,9				
Sentinel	CATEGORY:Special Ability	KEY:Dragonmark ~ Sentinel		TYPE:Dragonmark	ASPECT:Spell Stat|Wisdom		SPELLS:Innate|CASTERLEVEL=1|Blade ward|compelled duel			SPELLS:Innate|CASTERLEVEL=5|Blur|PREVARGTEQ:TL,5			SPELLS:Innate|CASTERLEVEL=9|Protection from energy|PREVARGTEQ:TL,9	
Shadow	CATEGORY:Special Ability	KEY:Dragonmark ~ Shadow			TYPE:Dragonmark	ASPECT:Spell Stat|Charisma		SPELLS:Innate|CASTERLEVEL=1|Dancing lights|disguise self		SPELLS:Innate|CASTERLEVEL=5|Darkness|PREVARGTEQ:TL,5		SPELLS:Innate|CASTERLEVEL=9|Nondetection|PREVARGTEQ:TL,9				
Storm		CATEGORY:Special Ability	KEY:Dragonmark ~ Storm			TYPE:Dragonmark	ASPECT:Spell Stat|Intelligence	SPELLS:Innate|CASTERLEVEL=1|Fog cloud|shocking grasp			SPELLS:Innate|CASTERLEVEL=5|Gust of wind|PREVARGTEQ:TL,5		SPELLS:Innate|CASTERLEVEL=9|Sleet storm|PREVARGTEQ:TL,9			
Warding	CATEGORY:Special Ability	KEY:Dragonmark ~ Warding		TYPE:Dragonmark	ASPECT:Spell Stat|Intelligence	SPELLS:Innate|CASTERLEVEL=1|Alarm|resistance				SPELLS:Innate|CASTERLEVEL=5|Arcane lock|PREVARGTEQ:TL,5		SPELLS:Innate|CASTERLEVEL=9|Magic circle|PREVARGTEQ:TL,9			


