
Human Base ~ Dominaria	CATEGORY:Internal	TYPE:Race Base	PRERACE:1,Human		DESC:This is the Dominaria version Human - The humans of Keld have the following traits, which replace the standard human traits presented in the Player's Handbook.	ABILITY:Human Race Trait|AUTOMATIC|Keldon Human ~ Ability Score Increase		ABILITY:Human Race Trait|AUTOMATIC|Keldon Human ~ Age					ABILITY:Human Race Trait|AUTOMATIC|Keldon Human ~ Alignment				ABILITY:Human Race Trait|AUTOMATIC|Keldon Human ~ Size					ABILITY:Human Race Trait|AUTOMATIC|Keldon Human ~ Speed				ABILITY:Human Race Trait|AUTOMATIC|Keldon Human ~ Languages				ABILITY:Human Race Trait|AUTOMATIC|Keldon Human ~ Natural Athlete			ABILITY:Human Race Trait|AUTOMATIC|Keldon Human ~ Keldon Resilience		ABILITY:Human Race Trait|AUTOMATIC|Keldon Human ~ Icehaven Born		

# Keldon Human Traits
Ability Score Increase		KEY:Keldon Human ~ Ability Score Increase			SORTKEY:1_Race	CATEGORY:Special Ability	TYPE:Race Trait.Human Race Trait.SpecialQuality		DESC:Your Strength score increases by 2, and your Constitution score increases by 1.
Age					KEY:Keldon Human ~ Age						SORTKEY:1_Race	CATEGORY:Special Ability	TYPE:Race Trait.Human Race Trait.SpecialQuality		DESC:Keldons reach adulthood in their late teens and live less than a century.
Alignment				KEY:Keldon Human ~ Alignment					SORTKEY:1_Race	CATEGORY:Special Ability	TYPE:Race Trait.Human Race Trait.SpecialQuality		DESC:Keldons tend toward chaotic alignments, and many walk a fine line between good and evil.
Size					KEY:Keldon Human ~ Size						SORTKEY:1_Race	CATEGORY:Special Ability	TYPE:Race Trait.Human Race Trait.SpecialQuality		DESC:Keldons are taller and heavier than the human norms of other cultures, standing almost universally above 6 feet tall and reaching heights above 7 feet. Your size is Medium.
Speed					KEY:Keldon Human ~ Speed					SORTKEY:1_Race	CATEGORY:Special Ability	TYPE:Race Trait.Human Race Trait.SpecialQuality		DESC:Your base walking speed is 30 feet.
Languages				KEY:Keldon Human ~ Languages					SORTKEY:1_Race	CATEGORY:Special Ability	TYPE:Race Trait.Human Race Trait.SpecialQuality		DESC:You can speak, read, and write Common and Keldon.
Natural Athlete			KEY:Keldon Human ~ Natural Athlete				SORTKEY:1_Race	CATEGORY:Special Ability	TYPE:Race Trait.Human Race Trait.SpecialQuality		DESC:You have proficiency in the Athletics skill.
Keldon Resilience			KEY:Keldon Human ~ Keldon Resilience			SORTKEY:1_Race	CATEGORY:Special Ability	TYPE:Race Trait.Human Race Trait.SpecialQuality		DESC:You have proficiency in Strength saving throws.
Icehaven Born			KEY:Keldon Human ~ Icehaven Born				SORTKEY:1_Race	CATEGORY:Special Ability	TYPE:Race Trait.Human Race Trait.SpecialQuality		DESC:You are naturally adapted to cold climates, as described in chapter 5 of the Dungeon Master's Guide.

Racial Traits ~ Aven	CATEGORY:Internal		BONUS:ABILITYPOOL|Race Base|1|TYPE=Base

Aven Base ~ Dominaria	CATEGORY:Internal	TYPE:Race Base	PRERACE:1,Aven	ABILITY:Aven Race Trait|AUTOMATIC|Aven Dominaria ~ Ability Score Increase		ABILITY:Aven Race Trait|AUTOMATIC|Aven Dominaria ~ Age					ABILITY:Aven Race Trait|AUTOMATIC|Aven Dominaria ~ Alignment				ABILITY:Aven Race Trait|AUTOMATIC|Aven Dominaria ~ Size					ABILITY:Aven Race Trait|AUTOMATIC|Aven Dominaria ~ Speed					ABILITY:Aven Race Trait|AUTOMATIC|Aven Dominaria ~ Languages				ABILITY:Aven Race Trait|AUTOMATIC|Aven Dominaria ~ Hawkeyed				DESC:As an aven, you share the following traits with all your kind.

# Aven Traits
Ability Score Increase		KEY:Aven Dominaria ~ Ability Score Increase	SORTKEY:1_Race	CATEGORY:Special Ability	TYPE:Race Trait.Aven Race Trait.SpecialQuality		DESC:Your Dexterity score and your Wisdom score both increase by 2.
Age					KEY:Aven Dominaria ~ Age				SORTKEY:1_Race	CATEGORY:Special Ability	TYPE:Race Trait.Aven Race Trait.SpecialQuality		DESC:Like humans, aven reach adulthood in their late teens and can live into their 80s.
Alignment				KEY:Aven Dominaria ~ Alignment			SORTKEY:1_Race	CATEGORY:Special Ability	TYPE:Race Trait.Aven Race Trait.SpecialQuality		DESC:Aven are inclined toward the lawful good alignment of the Church of Serra.
Size					KEY:Aven Dominaria ~ Size				SORTKEY:1_Race	CATEGORY:Special Ability	TYPE:Race Trait.Aven Race Trait.SpecialQuality		DESC:Aven stand from 5 to 6 feet tall, but their bodies are slender and their bones are partially hollow to facilitate their flight. Your size is Medium.
Speed					KEY:Aven Dominaria ~ Speed				SORTKEY:1_Race	CATEGORY:Special Ability	TYPE:Race Trait.Aven Race Trait.SpecialQuality		DESC:Your base walking speed is 25 feet. You have a flying speed of 30 feet. You can't use your flying speed while you wear medium or heavy armor. (If your campaign uses the variant rule for encumbrance, you can't use your flying speed if you are encumbered.)
Languages				KEY:Aven Dominaria ~ Languages			SORTKEY:1_Race	CATEGORY:Special Ability	TYPE:Race Trait.Aven Race Trait.SpecialQuality		DESC:You can speak, read, and write Aven and Common.
Hawkeyed				KEY:Aven Dominaria ~ Hawkeyed				SORTKEY:1_Race	CATEGORY:Special Ability	TYPE:Race Trait.Aven Race Trait.SpecialQuality		DESC:You have proficiency in the Perception skill. In addition, attacking at long range doesn't impose disadvantage on your ranged weapon attack rolls.

# Benalia Ideal
Benalia Ideal ~ 1	SORTKEY:Background	CATEGORY:Special Ability	TYPE:SpecialQuality.Benalia Ideal.Ideal	COST:0	BONUS:VAR|POOL_Background_Ideal|-1	DESC:Nation. I am devoted to the restoration of Benalia's empire.
Benalia Ideal ~ 2	SORTKEY:Background	CATEGORY:Special Ability	TYPE:SpecialQuality.Benalia Ideal.Ideal	COST:0	BONUS:VAR|POOL_Background_Ideal|-1	DESC:Peace. Life can truly thrive only when war and strife are stilled.
Benalia Ideal ~ 3	SORTKEY:Background	CATEGORY:Special Ability	TYPE:SpecialQuality.Benalia Ideal.Ideal	COST:0	BONUS:VAR|POOL_Background_Ideal|-1	DESC:Protection. I will also protect the less fortunate from the depredations of the rich and strong.
Benalia Ideal ~ 4	SORTKEY:Background	CATEGORY:Special Ability	TYPE:SpecialQuality.Benalia Ideal.Ideal	COST:0	BONUS:VAR|POOL_Background_Ideal|-1	DESC:Hope. The world is emerging from a long despair, and needs every shred of inspiration we can offer.
Benalia Ideal ~ 5	SORTKEY:Background	CATEGORY:Special Ability	TYPE:SpecialQuality.Benalia Ideal.Ideal	COST:0	BONUS:VAR|POOL_Background_Ideal|-1	DESC:Honor. If I dishonor myself, I bring dishonor on my deity, my nation, and my family.
Benalia Ideal ~ 6	SORTKEY:Background	CATEGORY:Special Ability	TYPE:SpecialQuality.Benalia Ideal.Ideal	COST:0	BONUS:VAR|POOL_Background_Ideal|-1	DESC:Solidarity. Together, we are stronger than any of us alone.
# Benalia Bond
Benalia Bond ~ 1	SORTKEY:Background	CATEGORY:Special Ability	TYPE:SpecialQuality.Benalia Bond.Bond	COST:0	BONUS:VAR|POOL_Background_Bond|-1	DESC:I am connected to one of the Seven Great Houses, and I place its interests above all others.
Benalia Bond ~ 2	SORTKEY:Background	CATEGORY:Special Ability	TYPE:SpecialQuality.Benalia Bond.Bond	COST:0	BONUS:VAR|POOL_Background_Bond|-1	DESC:I have closer ties among my Star-Clan than in my blood family.
Benalia Bond ~ 3	SORTKEY:Background	CATEGORY:Special Ability	TYPE:SpecialQuality.Benalia Bond.Bond	COST:0	BONUS:VAR|POOL_Background_Bond|-1	DESC:I own a weapon or a piece of armor used by a renowned ancestor.
Benalia Bond ~ 4	SORTKEY:Background	CATEGORY:Special Ability	TYPE:SpecialQuality.Benalia Bond.Bond	COST:0	BONUS:VAR|POOL_Background_Bond|-1	DESC:I am in love with a member of a different great house.
Benalia Bond ~ 5	SORTKEY:Background	CATEGORY:Special Ability	TYPE:SpecialQuality.Benalia Bond.Bond	COST:0	BONUS:VAR|POOL_Background_Bond|-1	DESC:I believe I am the last heir of a great house that was lost.
Benalia Bond ~ 6	SORTKEY:Background	CATEGORY:Special Ability	TYPE:SpecialQuality.Benalia Bond.Bond	COST:0	BONUS:VAR|POOL_Background_Bond|-1	DESC:My family's estate lies in ruins, and I want to rebuild it.

# Serra Ideal
Serra Ideal ~ 1		SORTKEY:Background	CATEGORY:Special Ability	TYPE:SpecialQuality.Serra Ideal.Ideal	COST:0	BONUS:VAR|POOL_Background_Ideal|-1	DESC:Law. "Law must be upheld. If the knots of order are loosened, chaos will spill through." (Song of All, Canto 167)
Serra Ideal ~ 2		SORTKEY:Background	CATEGORY:Special Ability	TYPE:SpecialQuality.Serra Ideal.Ideal	COST:0	BONUS:VAR|POOL_Background_Ideal|-1	DESC:Grace. "Grace must be preserved. If the strands of Grace are unraveled, its design will be lost, and the people with it." (Song of All, Canto 167)
Serra Ideal ~ 3		SORTKEY:Background	CATEGORY:Special Ability	TYPE:SpecialQuality.Serra Ideal.Ideal	COST:0	BONUS:VAR|POOL_Background_Ideal|-1	DESC:Duty. "Duty must be obeyed. If the frame of Duty is broken, none shall weave life's fabric." (Song of All, Canto 167)
Serra Ideal ~ 4		SORTKEY:Background	CATEGORY:Special Ability	TYPE:SpecialQuality.Serra Ideal.Ideal	COST:0	BONUS:VAR|POOL_Background_Ideal|-1	DESC:Reason. "Reason must be retained. If the web of Reason comes unwoven, madness will escape." (Song of All, Canto 167)
Serra Ideal ~ 5		SORTKEY:Background	CATEGORY:Special Ability	TYPE:SpecialQuality.Serra Ideal.Ideal	COST:0	BONUS:VAR|POOL_Background_Ideal|-1	DESC:Truth. "Truth must be set free. If the wings of Truth are clipped, the voices will fall silent." (Song of All, Canto 167)
Serra Ideal ~ 6		SORTKEY:Background	CATEGORY:Special Ability	TYPE:SpecialQuality.Serra Ideal.Ideal	COST:0	BONUS:VAR|POOL_Background_Ideal|-1	DESC:The Four Virtues. Art, discourse, freedom, and peace are the life of the spirit, as the spirit is the life of the body.
# Serra Bond
Serra Bond ~ 1		SORTKEY:Background	CATEGORY:Special Ability	TYPE:SpecialQuality.Serra Bond.Bond	COST:0	BONUS:VAR|POOL_Background_Bond|-1	DESC:I would do anything to protect the Cathedral of Serra at Sursi.
Serra Bond ~ 2		SORTKEY:Background	CATEGORY:Special Ability	TYPE:SpecialQuality.Serra Bond.Bond	COST:0	BONUS:VAR|POOL_Background_Bond|-1	DESC:I have sworn to aid Lyra Dawnbringer in protecting Benalia.
Serra Bond ~ 3		SORTKEY:Background	CATEGORY:Special Ability	TYPE:SpecialQuality.Serra Bond.Bond	COST:0	BONUS:VAR|POOL_Background_Bond|-1	DESC:I make regular pilgrimages to the Temple of Serra at Epityr in New Argive, the oldest active Serran worship site in the world.
Serra Bond ~ 4		SORTKEY:Background	CATEGORY:Special Ability	TYPE:SpecialQuality.Serra Bond.Bond	COST:0	BONUS:VAR|POOL_Background_Bond|-1	DESC:I preserve many of the old traditions of the Daru nomads or the aven, revering Serra as the Ancestor.
Serra Bond ~ 5		SORTKEY:Background	CATEGORY:Special Ability	TYPE:SpecialQuality.Serra Bond.Bond	COST:0	BONUS:VAR|POOL_Background_Bond|-1	DESC:A lesser angel has become a close friend and confidante to me.
Serra Bond ~ 6		SORTKEY:Background	CATEGORY:Special Ability	TYPE:SpecialQuality.Serra Bond.Bond	COST:0	BONUS:VAR|POOL_Background_Bond|-1	DESC:I think the stained glass in my holy symbol came from Serra's Realm before that artificial plane's collapse.

# Tolaria Ideal
Tolaria Ideal ~ 1		SORTKEY:Background	CATEGORY:Special Ability	TYPE:SpecialQuality.Tolaria Ideal.Ideal	COST:0	BONUS:VAR|POOL_Background_Ideal|-1	DESC:Teaching. Tolaria is a school where the world's most promising wizards can learn from masters of their craft.
Tolaria Ideal ~ 2		SORTKEY:Background	CATEGORY:Special Ability	TYPE:SpecialQuality.Tolaria Ideal.Ideal	COST:0	BONUS:VAR|POOL_Background_Ideal|-1	DESC:Restoration. Every day, lost knowledge is regained and devastated lands are renewed. It's our duty to use our magic to help this effort continue.
Tolaria Ideal ~ 3		SORTKEY:Background	CATEGORY:Special Ability	TYPE:SpecialQuality.Tolaria Ideal.Ideal	COST:0	BONUS:VAR|POOL_Background_Ideal|-1	DESC:Responsibility. Following the philosophy of the Academy's original headmaster, Barrin, I am dedicated to keeping powerful magic out of the hands of those who would abuse it.
Tolaria Ideal ~ 4		SORTKEY:Background	CATEGORY:Special Ability	TYPE:SpecialQuality.Tolaria Ideal.Ideal	COST:0	BONUS:VAR|POOL_Background_Ideal|-1	DESC:Innovation. Like the ancient artificer Urza, I believe progress comes through bold and radical new design.
Tolaria Ideal ~ 5		SORTKEY:Background	CATEGORY:Special Ability	TYPE:SpecialQuality.Tolaria Ideal.Ideal	COST:0	BONUS:VAR|POOL_Background_Ideal|-1	DESC:Progress. Like the kind Tolarian chancellor Rayne, I believe progress comes through careful iteration and measured experimentation.
Tolaria Ideal ~ 6		SORTKEY:Background	CATEGORY:Special Ability	TYPE:SpecialQuality.Tolaria Ideal.Ideal	COST:0	BONUS:VAR|POOL_Background_Ideal|-1	DESC:Self-Improvement. Like Urza's brother Mishra, I believe that the improvement of the body through genetic and artificial modification leads to the general improvement of humanity.

# Tolaria Bond
Tolaria Bond ~ 1		SORTKEY:Background	CATEGORY:Special Ability	TYPE:SpecialQuality.Tolaria Bond.Bond	COST:0	BONUS:VAR|POOL_Background_Bond|-1	DESC:I have a former student I'm convinced will do great things-for good or for evil.
Tolaria Bond ~ 2		SORTKEY:Background	CATEGORY:Special Ability	TYPE:SpecialQuality.Tolaria Bond.Bond	COST:0	BONUS:VAR|POOL_Background_Bond|-1	DESC:I bought a cheap curio from a secondhand store, and I was expelled when it caused a magical accident.
Tolaria Bond ~ 3		SORTKEY:Background	CATEGORY:Special Ability	TYPE:SpecialQuality.Tolaria Bond.Bond	COST:0	BONUS:VAR|POOL_Background_Bond|-1	DESC:I've gotten tangled up with illegal research by way of the Shadow Academy, which uses interdimensional spaces to facilitate communication.
Tolaria Bond ~ 4		SORTKEY:Background	CATEGORY:Special Ability	TYPE:SpecialQuality.Tolaria Bond.Bond	COST:0	BONUS:VAR|POOL_Background_Bond|-1	DESC:By virtue of a parent who is emeritus faculty, I have the rare privilege of citizenship in one of the Academies.
Tolaria Bond ~ 5		SORTKEY:Background	CATEGORY:Special Ability	TYPE:SpecialQuality.Tolaria Bond.Bond	COST:0	BONUS:VAR|POOL_Background_Bond|-1	DESC:One of my old teachers has a knack for contacting me at the strangest times.
Tolaria Bond ~ 6		SORTKEY:Background	CATEGORY:Special Ability	TYPE:SpecialQuality.Tolaria Bond.Bond	COST:0	BONUS:VAR|POOL_Background_Bond|-1	DESC:I believe that my genetic makeup was manipulated for some unknown purpose.

# Keldon Ideal
Keldon Ideal ~ 1	PREMULT:1,[PREABILITY:1,CATEGORY=Special Ability,Bypass Background Restrictions],[PREABILITY:1,CATEGORY=Internal,Human Base ~ Keldon]	SORTKEY:Background	CATEGORY:Special Ability	TYPE:SpecialQuality.Keldon Ideal.Ideal	COST:0	BONUS:VAR|POOL_Background_Ideal|-1		DESC:Self-Reliance. I don't wear or use anything I haven't made myself. You can't count on anyone else in this world.
Keldon Ideal ~ 2	PREMULT:1,[PREABILITY:1,CATEGORY=Special Ability,Bypass Background Restrictions],[PREABILITY:1,CATEGORY=Internal,Human Base ~ Keldon]	SORTKEY:Background	CATEGORY:Special Ability	TYPE:SpecialQuality.Keldon Ideal.Ideal	COST:0	BONUS:VAR|POOL_Background_Ideal|-1		DESC:Future. I believe a true Twilight still awaits the Keldon faithful, when our fallen heroes will rise up to fight alongside us as we conquer the world.
Keldon Ideal ~ 3	PREMULT:1,[PREABILITY:1,CATEGORY=Special Ability,Bypass Background Restrictions],[PREABILITY:1,CATEGORY=Internal,Human Base ~ Keldon]	SORTKEY:Background	CATEGORY:Special Ability	TYPE:SpecialQuality.Keldon Ideal.Ideal	COST:0	BONUS:VAR|POOL_Background_Ideal|-1		DESC:Pragmatism. No ancestors are coming to save us-we are our only hope.
Keldon Ideal ~ 4	PREMULT:1,[PREABILITY:1,CATEGORY=Special Ability,Bypass Background Restrictions],[PREABILITY:1,CATEGORY=Internal,Human Base ~ Keldon]	SORTKEY:Background	CATEGORY:Special Ability	TYPE:SpecialQuality.Keldon Ideal.Ideal	COST:0	BONUS:VAR|POOL_Background_Ideal|-1		DESC:Coin. I will happily fight for those too weak to defend themselves, if they pay me enough.
Keldon Ideal ~ 5	PREMULT:1,[PREABILITY:1,CATEGORY=Special Ability,Bypass Background Restrictions],[PREABILITY:1,CATEGORY=Internal,Human Base ~ Keldon]	SORTKEY:Background	CATEGORY:Special Ability	TYPE:SpecialQuality.Keldon Ideal.Ideal	COST:0	BONUS:VAR|POOL_Background_Ideal|-1		DESC:Freedom. The so-called "new Keld" is too safe, too controlled. The fire in Keldon blood demands warfare and pillage.
Keldon Ideal ~ 6	PREMULT:1,[PREABILITY:1,CATEGORY=Special Ability,Bypass Background Restrictions],[PREABILITY:1,CATEGORY=Internal,Human Base ~ Keldon]	SORTKEY:Background	CATEGORY:Special Ability	TYPE:SpecialQuality.Keldon Ideal.Ideal	COST:0	BONUS:VAR|POOL_Background_Ideal|-1		DESC:Keld. I am Keldon, and that is all that matters. I seek the glory and prosperity of my people above all else.

# Keldon Bond
Keldon Bond ~ 1	PREMULT:1,[PREABILITY:1,CATEGORY=Special Ability,Bypass Background Restrictions],[PREABILITY:1,CATEGORY=Internal,Human Base ~ Keldon]	SORTKEY:Background	CATEGORY:Special Ability	TYPE:SpecialQuality.Keldon Bond.Bond	COST:0	BONUS:VAR|POOL_Background_Bond|-1	DESC:I fight to prove myself worthy of my glorious ancestors.
Keldon Bond ~ 2	PREMULT:1,[PREABILITY:1,CATEGORY=Special Ability,Bypass Background Restrictions],[PREABILITY:1,CATEGORY=Internal,Human Base ~ Keldon]	SORTKEY:Background	CATEGORY:Special Ability	TYPE:SpecialQuality.Keldon Bond.Bond	COST:0	BONUS:VAR|POOL_Background_Bond|-1	DESC:Even away from Keld, my loyalty is to my warlord and the rest of my warhost.
Keldon Bond ~ 3	PREMULT:1,[PREABILITY:1,CATEGORY=Special Ability,Bypass Background Restrictions],[PREABILITY:1,CATEGORY=Internal,Human Base ~ Keldon]	SORTKEY:Background	CATEGORY:Special Ability	TYPE:SpecialQuality.Keldon Bond.Bond	COST:0	BONUS:VAR|POOL_Background_Bond|-1	DESC:I'm inexplicably drawn to the sacred peak called the Mountain.
Keldon Bond ~ 4	PREMULT:1,[PREABILITY:1,CATEGORY=Special Ability,Bypass Background Restrictions],[PREABILITY:1,CATEGORY=Internal,Human Base ~ Keldon]	SORTKEY:Background	CATEGORY:Special Ability	TYPE:SpecialQuality.Keldon Bond.Bond	COST:0	BONUS:VAR|POOL_Background_Bond|-1	DESC:My favorite weapon is one I forged from the broken weapons of my enemies.
Keldon Bond ~ 5	PREMULT:1,[PREABILITY:1,CATEGORY=Special Ability,Bypass Background Restrictions],[PREABILITY:1,CATEGORY=Internal,Human Base ~ Keldon]	SORTKEY:Background	CATEGORY:Special Ability	TYPE:SpecialQuality.Keldon Bond.Bond	COST:0	BONUS:VAR|POOL_Background_Bond|-1	DESC:I want to be a warlord someday, and I won't stop there.
Keldon Bond ~ 6	PREMULT:1,[PREABILITY:1,CATEGORY=Special Ability,Bypass Background Restrictions],[PREABILITY:1,CATEGORY=Internal,Human Base ~ Keldon]	SORTKEY:Background	CATEGORY:Special Ability	TYPE:SpecialQuality.Keldon Bond.Bond	COST:0	BONUS:VAR|POOL_Background_Bond|-1	DESC:I had a dear mentor from another nation who taught me my skills.

#   Ideal
# d8 Ideal
Llanowar Ideal ~ 1	SORTKEY:Background	CATEGORY:Special Ability	TYPE:SpecialQuality.Llanowar Ideal.Ideal	COST:0	BONUS:VAR|POOL_Background_Ideal|-1	DESC:Riashil Pacifism. To live at peace with nature, we must first learn to live at peace with each other.
Llanowar Ideal ~ 2	SORTKEY:Background	CATEGORY:Special Ability	TYPE:SpecialQuality.Llanowar Ideal.Ideal	COST:0	BONUS:VAR|POOL_Background_Ideal|-1	DESC:Staprion Defiance. Those who cross lines must be put in their place.
Llanowar Ideal ~ 3	SORTKEY:Background	CATEGORY:Special Ability	TYPE:SpecialQuality.Llanowar Ideal.Ideal	COST:0	BONUS:VAR|POOL_Background_Ideal|-1	DESC:Loridalh Interdependence. I am my own master, but I am strongest when I work as part of the web of all life.
Llanowar Ideal ~ 4	SORTKEY:Background	CATEGORY:Special Ability	TYPE:SpecialQuality.Llanowar Ideal.Ideal	COST:0	BONUS:VAR|POOL_Background_Ideal|-1	DESC:Kelfae Flexibility. The search for stability- whether in a swaying treetop or in the turmoil of life-is fruitless.
Llanowar Ideal ~ 5	SORTKEY:Background	CATEGORY:Special Ability	TYPE:SpecialQuality.Llanowar Ideal.Ideal	COST:0	BONUS:VAR|POOL_Background_Ideal|-1	DESC:Jubilar Remembrance. The sacrifice of those who were exterminated in the Phyrexian Invasion must be remembered, and their stories retold.
Llanowar Ideal ~ 6	SORTKEY:Background	CATEGORY:Special Ability	TYPE:SpecialQuality.Llanowar Ideal.Ideal	COST:0	BONUS:VAR|POOL_Background_Ideal|-1	DESC:Basiphem Pride. Because we are strong, it is our responsibility to aid the rest of the forest where we can.
Llanowar Ideal ~ 7	SORTKEY:Background	CATEGORY:Special Ability	TYPE:SpecialQuality.Llanowar Ideal.Ideal	COST:0	BONUS:VAR|POOL_Background_Ideal|-1	DESC:Hedressel Holiness. We must maintain our distance-culturally and physically-from other peoples to maintain our connections to the wood.
Llanowar Ideal ~ 8	SORTKEY:Background	CATEGORY:Special Ability	TYPE:SpecialQuality.Llanowar Ideal.Ideal	COST:0	BONUS:VAR|POOL_Background_Ideal|-1	DESC:Ruadach Openness. We must open ourselves to new cultures, new peoples, and new ideas, or we will rot like a fallen log.

# d8 Bond
Llanowar Bond ~ 1	SORTKEY:Background	CATEGORY:Special Ability	TYPE:SpecialQuality.Llanowar Bond.Bond	COST:0	BONUS:VAR|POOL_Background_Bond|-1	DESC:I could always count on my mother to give me a good bonk on the head if I did something foolish. (Riashil)
Llanowar Bond ~ 2	SORTKEY:Background	CATEGORY:Special Ability	TYPE:SpecialQuality.Llanowar Bond.Bond	COST:0	BONUS:VAR|POOL_Background_Bond|-1	DESC:I will have my revenge against the Cabal for the harm they have done to my kin. (Staprion)
Llanowar Bond ~ 3	SORTKEY:Background	CATEGORY:Special Ability	TYPE:SpecialQuality.Llanowar Bond.Bond	COST:0	BONUS:VAR|POOL_Background_Bond|-1	DESC:One of the twelve tallest emergent trees in Llanowar is the dearest place to me in all the world. (Loridalh)
Llanowar Bond ~ 4	SORTKEY:Background	CATEGORY:Special Ability	TYPE:SpecialQuality.Llanowar Bond.Bond	COST:0	BONUS:VAR|POOL_Background_Bond|-1	DESC:I was bonded to a kavu at birth. (Kelfae)
Llanowar Bond ~ 5	SORTKEY:Background	CATEGORY:Special Ability	TYPE:SpecialQuality.Llanowar Bond.Bond	COST:0	BONUS:VAR|POOL_Background_Bond|-1	DESC:I survived the Phyrexian Invasion over three hundred years ago, and I will never forget the faces of those who died. (Jubilar)
Llanowar Bond ~ 6	SORTKEY:Background	CATEGORY:Special Ability	TYPE:SpecialQuality.Llanowar Bond.Bond	COST:0	BONUS:VAR|POOL_Background_Bond|-1	DESC:My family carries the shame of failing to protect Llanowar from the Phyrexian Invasion, and I will stop at nothing to undo that shame. (Basiphem)
Llanowar Bond ~ 7	SORTKEY:Background	CATEGORY:Special Ability	TYPE:SpecialQuality.Llanowar Bond.Bond	COST:0	BONUS:VAR|POOL_Background_Bond|-1	DESC:I spent a year in Hedressel, and I would give my life to defend that holy place. (Hedressel)
Llanowar Bond ~ 8	SORTKEY:Background	CATEGORY:Special Ability	TYPE:SpecialQuality.Llanowar Bond.Bond	COST:0	BONUS:VAR|POOL_Background_Bond|-1	DESC:I left my family rather than endure the grief of losing them. (Ruadach)

