# CVS $Revision: $ $Author: $ -- Thu Jan 23 19:18:03 2014 -- reformated by prettylst.pl v1.51 (build 22988)
SOURCELONG:City of Splendor Waterdeep	SOURCESHORT:CSW	SOURCEDATE:2005-06

# TODO: Spell Descriptions
# TODO: Sourcepages
# Spell Name			Classes of caster				School			Sub-School			Spell Descriptors		Type				Components		Casting Time			Range			Target Area or Effect										Duration							Save Info						Spell Resistance			Source Page		Description
Binding Chain of Fate		CLASSES:Sorcerer,Wizard=9		SCHOOL:Evocation										TYPE:Arcane			COMPS:V,S,M		CASTTIME:1 standard action	RANGE:Close		TARGETAREA:Whirling chain of force								DURATION:(CASTERLEVEL) rounds				SAVEINFO:Will negates				SPELLRES:Yes			SOURCEPAGE:p.152	DESC:Chain encircles target
Ensul's Soultheft			CLASSES:Sorcerer,Wizard=9		SCHOOL:Necromancy						DESCRIPTOR:Evil		TYPE:Arcane			COMPS:V,S,M		CASTTIME:1 full round		RANGE:Touch		TARGETAREA:Living, corporeal creature touched						DURATION:(CASTERLEVEL) rounds (D); see text	SAVEINFO:Will negates				SPELLRES:Yes			SOURCEPAGE:p.152	DESC:Evil
Halaster's Blacksphere		CLASSES:Sorcerer,Wizard=8		SCHOOL:Evocation						DESCRIPTOR:Force		TYPE:Arcane			COMPS:V,S,M		CASTTIME:1 standard action	RANGE:Medium	TARGETAREA:10-ft.-radius burst and globe							DURATION:2d4 rounds + (CASTERLEVEL) rounds	SAVEINFO:Reflex half; see text		SPELLRES:Yes			SOURCEPAGE:p.153	DESC:See text
Halaster's Fetch I		CLASSES:Sorcerer,Wizard=4		SCHOOL:Conjuration	SUBSCHOOL:Calling						TYPE:Arcane			COMPS:V,S		CASTTIME:1 standard action	RANGE:Personal	TARGETAREA:You											DURATION:(CASTERLEVEL) rounds [D]															SOURCEPAGE:p.	DESC:Requires Text.
Halaster's Fetch II		CLASSES:Sorcerer,Wizard=4		SCHOOL:Conjuration	SUBSCHOOL:Calling						TYPE:Arcane			COMPS:V,S		CASTTIME:1 standard action	RANGE:Personal	TARGETAREA:You											DURATION:(CASTERLEVEL) rounds [D]															SOURCEPAGE:p.	DESC:Requires Text.
Halaster's Fetch III		CLASSES:Sorcerer,Wizard=4		SCHOOL:Conjuration	SUBSCHOOL:Calling						TYPE:Arcane			COMPS:V,S		CASTTIME:1 standard action	RANGE:Personal	TARGETAREA:You											DURATION:(CASTERLEVEL) rounds [D]															SOURCEPAGE:p.	DESC:Requires Text.
Halaster's Fetch IV		CLASSES:Sorcerer,Wizard=4		SCHOOL:Conjuration	SUBSCHOOL:Calling						TYPE:Arcane			COMPS:V,S		CASTTIME:1 standard action	RANGE:Personal	TARGETAREA:You											DURATION:(CASTERLEVEL) rounds [D]															SOURCEPAGE:p.	DESC:Requires Text.
Halaster's Fetch V		CLASSES:Sorcerer,Wizard=4		SCHOOL:Conjuration	SUBSCHOOL:Calling						TYPE:Arcane			COMPS:V,S		CASTTIME:1 standard action	RANGE:Personal	TARGETAREA:You											DURATION:(CASTERLEVEL) rounds [D]															SOURCEPAGE:p.	DESC:Requires Text.
Halaster's Fetch VI		CLASSES:Sorcerer,Wizard=4		SCHOOL:Conjuration	SUBSCHOOL:Calling						TYPE:Arcane			COMPS:V,S		CASTTIME:1 standard action	RANGE:Personal	TARGETAREA:You											DURATION:(CASTERLEVEL) rounds [D]															SOURCEPAGE:p.	DESC:Requires Text.
Halaster's Image Swap		CLASSES:Bard,Sorcerer,Wizard=4	SCHOOL:Conjuration	SUBSCHOOL:Teleportation					TYPE:Arcane			COMPS:V		CASTTIME:1 standard action	RANGE:Medium	TARGETAREA:You and touched objects weighing up to 50 lb./level			DURATION:Instantaneous					SAVEINFO:None and Will negates (object)	SPELLRES:No and Yes (object)	SOURCEPAGE:p.	DESC:See Text
Halaster's Light Step		CLASSES:Bard,Sorcerer,Wizard=2	SCHOOL:Transmutation									TYPE:Arcane			COMPS:V,S		CASTTIME:1 standard action	RANGE:Personal	TARGETAREA:You											DURATION:(CASTERLEVEL) rounds [D]															SOURCEPAGE:p.	DESC:Requires Text.
Halaster's Shaking Hand		CLASSES:Sorcerer,Wizard=6		SCHOOL:Evocation										TYPE:Arcane			COMPS:V,S		CASTTIME:1 standard action	RANGE:Personal	TARGETAREA:You											DURATION:(CASTERLEVEL) rounds [D]															SOURCEPAGE:p.	DESC:Requires Text.
Halaster's Teleport Cage	CLASSES:Sorcerer,Wizard=9		SCHOOL:Abjuration										TYPE:Arcane			COMPS:V,S,M		CASTTIME:10 minutes		RANGE:Close		TARGETAREA:One 10-ft. cube per level							DURATION:Permanent					SAVEINFO:None					SPELLRES:No				SOURCEPAGE:p.	DESC:See Text
Jhanifer's Deliquence		CLASSES:Sorcerer,Wizard=4		SCHOOL:Transmutation					DESCRIPTOR:Cold|Water	TYPE:Arcane			COMPS:V,S		CASTTIME:1 standard action	RANGE:Personal	TARGETAREA:You											DURATION:(CASTERLEVEL) rounds [D]															SOURCEPAGE:p.	DESC:As transmute rock to mud; see text
Jumpgout				CLASSES:Sorcerer,Wizard=5		SCHOOL:Evocation						DESCRIPTOR:Fire		TYPE:Arcane			COMPS:V		CASTTIME:1 standard action	RANGE:Medium	TARGETAREA:5-ft.-radius pillar of flame, up to 30 ft. tall				DURATION:2 rounds						SAVEINFO:Reflex half; see text		SPELLRES:Yes			SOURCEPAGE:p.	DESC:See Text
Khelben's Dweomerdoom		CLASSES:Sorcerer,Wizard=9		SCHOOL:Abjuration										TYPE:Arcane			COMPS:V,S,F		CASTTIME:1 swift action		RANGE:Close		TARGETAREA:1 creature										DURATION:Instantaneous					SAVEINFO:None					SPELLRES:No				SOURCEPAGE:p.	DESC:See text
Laeral's Crowning Touch		CLASSES:Cleric,Sorcerer,Wizard=9	SCHOOL:Necromancy										TYPE:Arcane.Divine	COMPS:V,S,F,XP	CASTTIME:1 standard action	RANGE:Touch		TARGETAREA:One spellcaster									DURATION:1 year and 1 day				SAVEINFO:Will negates; see text		SPELLRES:Yes			SOURCEPAGE:p.	DESC:Requires Text.
Laeral's Silver Lance		CLASSES:Sorcerer,Wizard=3		SCHOOL:Evocation						DESCRIPTOR:Force		TYPE:Arcane			COMPS:V,S,F		CASTTIME:1 standard action	RANGE:Long		TARGETAREA:None											DURATION:Instantaneous					SAVEINFO:Fortitude partial; see text	SPELLRES:Yes			SOURCEPAGE:p.	DESC:Requires Text.
Palarandusk's Fire Breath	CLASSES:Sorcerer,Wizard=2		SCHOOL:Evocation						DESCRIPTOR:Fire		TYPE:Arcane			COMPS:V,S		CASTTIME:1 standard action	RANGE:Personal	TARGETAREA:You											DURATION:One hour or until discharged		SAVEINFO:Reflex half				SPELLRES:Yes			SOURCEPAGE:p.	DESC:Requires Text.
Steelsting				CLASSES:Sorcerer,Wizard=4		SCHOOL:Evocation						DESCRIPTOR:Force		TYPE:Arcane			COMPS:V		CASTTIME:1 standard action	RANGE:Personal	TARGETAREA:You											DURATION:(CASTERLEVEL) rounds [D]															SOURCEPAGE:p.	DESC:Requires Text.
Trobriand's Baleful Teleport	CLASSES:Sorcerer,Wizard=6		SCHOOL:Conjuration	SUBSCHOOL:Teleportation					TYPE:Arcane			COMPS:V,S		CASTTIME:1 standard action	RANGE:Personal	TARGETAREA:You											DURATION:(CASTERLEVEL) rounds [D]															SOURCEPAGE:p.	DESC:Requires Text.
Trobriand's Crytalbrittle	CLASSES:Bard,Sorcerer,Wizard=3	SCHOOL:Transmutation									TYPE:Arcane			COMPS:V,S,M		CASTTIME:1 standard action	RANGE:Close		TARGETAREA:One nonmagical object up to 1 cu. ft. per level				DURATION:Permanent					SAVEINFO:Fortitude negates			SPELLRES:Yes			SOURCEPAGE:p.	DESC:Requires Text.
Trobriand's Glassee		CLASSES:Sorcerer,Wizard=6		SCHOOL:Transmutation									TYPE:Arcane			COMPS:V,S,M		CASTTIME:1 standard action	RANGE:Close		TARGETAREA:One nonmagical stone or metal object up to 1 cu. ft. per level	DURATION:Permanent					SAVEINFO:Fortitude negates			SPELLRES:Yes			SOURCEPAGE:p.	DESC:This spell gives the target object the transparency of glass.
