
Internal	CATEGORY:Internal
###Block - Defines
CATEGORY=Internal|Internal.MOD	DEFINE:ClassSaveGood_Fortitude|0
CATEGORY=Internal|Internal.MOD	DEFINE:ClassSaveModerate_Fortitude|0
CATEGORY=Internal|Internal.MOD	DEFINE:ClassSavePoor_Fortitude|0
CATEGORY=Internal|Internal.MOD	DEFINE:ClassSaveGood_Reflex|0
CATEGORY=Internal|Internal.MOD	DEFINE:ClassSaveModerate_Reflex|0
CATEGORY=Internal|Internal.MOD	DEFINE:ClassSavePoor_Reflex|0
CATEGORY=Internal|Internal.MOD	DEFINE:ClassSaveGood_Will|0
CATEGORY=Internal|Internal.MOD	DEFINE:ClassSaveModerate_Will|0
CATEGORY=Internal|Internal.MOD	DEFINE:ClassSavePoor_Will|0




###Block - Saving throw calculations
CATEGORY=Internal|Internal.MOD	BONUS:SAVE|BASE.Fortitude|ClassSaveGood_Fortitude+2/2
CATEGORY=Internal|Internal.MOD	BONUS:SAVE|BASE.Fortitude|(ClassSaveModerate_Fortitude>=1)+(ClassSaveModerate_Fortitude>=2)+(ClassSaveModerate_Fortitude>=5)+(ClassSaveModerate_Fortitude>=7)+(ClassSaveModerate_Fortitude>=10)+(ClassSaveModerate_Fortitude>=12)+(ClassSaveModerate_Fortitude>=15)+(ClassSaveModerate_Fortitude>=17)+(ClassSaveModerate_Fortitude>=20)
CATEGORY=Internal|Internal.MOD	BONUS:SAVE|BASE.Fortitude|ClassSavePoor_Fortitude/3
CATEGORY=Internal|Internal.MOD	BONUS:SAVE|BASE.Reflex|ClassSaveGood_Reflex+2/2
CATEGORY=Internal|Internal.MOD	BONUS:SAVE|BASE.Reflex|(ClassSaveModerate_Reflex>=1)+(ClassSaveModerate_Reflex>=2)+(ClassSaveModerate_Reflex>=5)+(ClassSaveModerate_Reflex>=7)+(ClassSaveModerate_Reflex>=10)+(ClassSaveModerate_Reflex>=12)+(ClassSaveModerate_Reflex>=15)+(ClassSaveModerate_Reflex>=17)+(ClassSaveModerate_Reflex>=20)
CATEGORY=Internal|Internal.MOD	BONUS:SAVE|BASE.Reflex|ClassSavePoor_Reflex/3
CATEGORY=Internal|Internal.MOD	BONUS:SAVE|BASE.Will|ClassSaveGood_Will+2/2
CATEGORY=Internal|Internal.MOD	BONUS:SAVE|BASE.Will|(ClassSaveModerate_Will>=1)+(ClassSaveModerate_Will>=2)+(ClassSaveModerate_Will>=5)+(ClassSaveModerate_Will>=7)+(ClassSaveModerate_Will>=10)+(ClassSaveModerate_Will>=12)+(ClassSaveModerate_Will>=15)+(ClassSaveModerate_Will>=17)+(ClassSaveModerate_Will>=20)
CATEGORY=Internal|Internal.MOD	BONUS:SAVE|BASE.Will|ClassSavePoor_Will/3



#














###Block - Core Race Traits

Race Traits ~ Human		CATEGORY:Internal	
Race Traits ~ Bothan		CATEGORY:Internal	
Race Traits ~ Cerean		CATEGORY:Internal	
Race Traits ~ Duros		CATEGORY:Internal	
Race Traits ~ Ewok		CATEGORY:Internal	
Race Traits ~ Gamorrean		CATEGORY:Internal	
Race Traits ~ Gungan		CATEGORY:Internal	
Race Traits ~ Ithorian		CATEGORY:Internal	
Race Traits ~ Kel Dor		CATEGORY:Internal	
Race Traits ~ Mon Calamari	CATEGORY:Internal	
Race Traits ~ Quarren		CATEGORY:Internal	
Race Traits ~ Rodian		CATEGORY:Internal	
Race Traits ~ Sullustan		CATEGORY:Internal	
Race Traits ~ Trandoshan	CATEGORY:Internal	
Race Traits ~ Twi'Lek		CATEGORY:Internal	
Race Traits ~ Wookiee		CATEGORY:Internal	
Race Traits ~ Zabrak		CATEGORY:Internal	

# Proficiency Groups
Primitive Weapons			CATEGORY:Proficiency
Simple Weapons			CATEGORY:Proficiency
Blaster Pistols			CATEGORY:Proficiency













###Block - Class Features

# Fringer
Fringer			KEY:Fringer							CATEGORY:Class	ABILITY:FEAT|AUTOMATIC|Weapon Group Proficiency (Primitive Weapons)|Weapon Group Proficiency (Simple Weapons)


Bonus Feats			KEY:Fringer Class Feature ~ Bonus Feats		CATEGORY:Class Feature	TYPE:Class Feature.Fringer Class Feature.Display	SOURCEPAGE:p.41	
Bonus Class Skills	KEY:Fringer Class Feature ~ Bonus Class Skills	CATEGORY:Class Feature	TYPE:Class Feature.Fringer Class Feature.Display	SOURCEPAGE:p.41
Barter			KEY:Fringer Class Feature ~ Barter			CATEGORY:Class Feature	TYPE:Class Feature.Fringer Class Feature.Display	SOURCEPAGE:p.41
Jury-Rig			KEY:Fringer Class Feature ~ Jury-Rig		CATEGORY:Class Feature	TYPE:Class Feature.Fringer Class Feature.Display	SOURCEPAGE:p.41	
Surivival			KEY:Fringer Class Feature ~ Surivival		CATEGORY:Class Feature	TYPE:Class Feature.Fringer Class Feature.Display	SOURCEPAGE:p.41	
Credits			KEY:Fringer Class Feature ~ Credits			CATEGORY:Class Feature	TYPE:Class Feature.Fringer Class Feature.Display	SOURCEPAGE:p.41


Noble				KEY:Noble							CATEGORY:Class	ABILITY:FEAT|AUTOMATIC|Weapon Group Proficiency (Blaster Pistols)|Weapon Group Proficiency (Simple Weapons)	

Bonus Class Skill		KEY:Noble Class Feature ~ Bonus Class Skill	CATEGORY:Class Feature	TYPE:Class Feature.Noble Class Feature.Display	SOURCEPAGE:p.43	
Favor				KEY:Noble Class Feature ~ Favor			CATEGORY:Class Feature	TYPE:Class Feature.Noble Class Feature.Display	SOURCEPAGE:p.43	
Inspire Confidence	KEY:Noble Class Feature ~ Inspire Confidence	CATEGORY:Class Feature	TYPE:Class Feature.Noble Class Feature.Display	SOURCEPAGE:p.43
Resource Access		KEY:Noble Class Feature ~ Resource Access		CATEGORY:Class Feature	TYPE:Class Feature.Noble Class Feature.Display	SOURCEPAGE:p.44
Coordinate			KEY:Noble Class Feature ~ Coordinate		CATEGORY:Class Feature	TYPE:Class Feature.Noble Class Feature.Display	SOURCEPAGE:p.44		
Bonus Feats			KEY:Noble Class Feature ~ Bonus Feats		CATEGORY:Class Feature	TYPE:Class Feature.Noble Class Feature.Display	SOURCEPAGE:p.44	
Inspire Greatness		KEY:Noble Class Feature ~ Inspire Greatness	CATEGORY:Class Feature	TYPE:Class Feature.Noble Class Feature.Display	SOURCEPAGE:p.44	
Credits			KEY:Noble Class Feature ~ Credits			CATEGORY:Class Feature	TYPE:Class Feature.Noble Class Feature.Display	SOURCEPAGE:p.45


Scoundrel			KEY:Scoundrel						CATEGORY:Class	

Illicit Barter		KEY:Scoundrel Class Feature ~ Illicit Barter	CATEGORY:Class Feature	TYPE:Class Feature.Scoundrel Class Feature.Display	SOURCEPAGE:p.47
Lucky				KEY:Scoundrel Class Feature ~ Lucky			CATEGORY:Class Feature	TYPE:Class Feature.Scoundrel Class Feature.Display	SOURCEPAGE:p.47
Precise Attack		KEY:Scoundrel Class Feature ~ Precise Attack	CATEGORY:Class Feature	TYPE:Class Feature.Scoundrel Class Feature.Display	SOURCEPAGE:p.47
Skill Emphasis		KEY:Scoundrel Class Feature ~ Skill Emphasis	CATEGORY:Class Feature	TYPE:Class Feature.Scoundrel Class Feature.Display	SOURCEPAGE:p.47
Bonus Feats			KEY:Scoundrel Class Feature ~ Bonus Feats		CATEGORY:Class Feature	TYPE:Class Feature.Scoundrel Class Feature.Display	SOURCEPAGE:p.47
Credits			KEY:Scoundrel Class Feature ~ Credits		CATEGORY:Class Feature	TYPE:Class Feature.Scoundrel Class Feature.Display	SOURCEPAGE:p.47


Scout				KEY:Scout							CATEGORY:Class

Bonus Feats			KEY:Scout Class Feature ~ Bonus Feats		CATEGORY:Class Feature	TYPE:Class Feature.Scout Class Feature.Display	SOURCEPAGE:p.48
Trailblazing		KEY:Scout Class Feature ~ Trailblazing		CATEGORY:Class Feature	TYPE:Class Feature.Scout Class Feature.Display	SOURCEPAGE:p.48
Heart				KEY:Scout Class Feature ~ Heart			CATEGORY:Class Feature	TYPE:Class Feature.Scout Class Feature.Display	SOURCEPAGE:p.48
Uncanny Dodge		KEY:Scout Class Feature ~ Uncanny Dodge		CATEGORY:Class Feature	TYPE:Class Feature.Scout Class Feature.Display	SOURCEPAGE:p.49
Skill Mastery		KEY:Scout Class Feature ~ Skill Mastery		CATEGORY:Class Feature	TYPE:Class Feature.Scout Class Feature.Display	SOURCEPAGE:p.49
Evasion			KEY:Scout Class Feature ~ Evasion			CATEGORY:Class Feature	TYPE:Class Feature.Scout Class Feature.Display	SOURCEPAGE:p.49
Extreme Effort		KEY:Scout Class Feature ~ Extreme Effort		CATEGORY:Class Feature	TYPE:Class Feature.Scout Class Feature.Display	SOURCEPAGE:p.49
Credits			KEY:Scout Class Feature ~ Credits			CATEGORY:Class Feature	TYPE:Class Feature.Scout Class Feature.Display	SOURCEPAGE:p.49


Soldier			KEY:Soldier	CATEGORY:Class

Bonus Feats			KEY:Soldier Class Feature ~ Bonus Feats		CATEGORY:Class Feature	TYPE:Class Feature.Scout Class Feature.Display	SOURCEPAGE:p.51
Credits			KEY:Soldier Class Feature ~ Credits			CATEGORY:Class Feature	TYPE:Class Feature.Scout Class Feature.Display	SOURCEPAGE:p.51


Tech Specialist		KEY:Tech Specialist	CATEGORY:Class

Skill Emphasis		KEY:Tech Specialist Class Feature ~ Skill Emphasis	CATEGORY:Class Feature	TYPE:Class Feature.Tech Specialist Class Feature.Display	SOURCEPAGE:p.53
Reasearch			KEY:Tech Specialist Class Feature ~ Reasearch		CATEGORY:Class Feature	TYPE:Class Feature.Tech Specialist Class Feature.Display	SOURCEPAGE:p.53
Instant Mastery		KEY:Tech Specialist Class Feature ~ Instant Mastery	CATEGORY:Class Feature	TYPE:Class Feature.Tech Specialist Class Feature.Display	SOURCEPAGE:p.53
Tech Specialty		KEY:Tech Specialist Class Feature ~ Tech Specialty	CATEGORY:Class Feature	TYPE:Class Feature.Tech Specialist Class Feature.Display	SOURCEPAGE:p.53
Expert			KEY:Tech Specialist Class Feature ~ Expert		CATEGORY:Class Feature	TYPE:Class Feature.Tech Specialist Class Feature.Display	SOURCEPAGE:p.54


Force Adept	CATEGORY:Class

Force Training		KEY:Tech Specialist Class Feature ~ Force Training			CATEGORY:Class Feature	TYPE:Class Feature.Force Adept Class Feature.Display	SOURCEPAGE:p.55
Bonus Feats			KEY:Tech Specialist Class Feature ~ Bonus Feats				CATEGORY:Class Feature	TYPE:Class Feature.Force Adept Class Feature.Display	SOURCEPAGE:p.55
Force Weapon		KEY:Tech Specialist Class Feature ~ Force Weapon			CATEGORY:Class Feature	TYPE:Class Feature.Force Adept Class Feature.Display	SOURCEPAGE:p.55
Skill Emphasis		KEY:Tech Specialist Class Feature ~ Skill Emphasis			CATEGORY:Class Feature	TYPE:Class Feature.Force Adept Class Feature.Display	SOURCEPAGE:p.56
Comprehend Speech		KEY:Tech Specialist Class Feature ~ Comprehend Speech			CATEGORY:Class Feature	TYPE:Class Feature.Force Adept Class Feature.Display	SOURCEPAGE:p.56
Force Talisman		KEY:Tech Specialist Class Feature ~ Force Talisman			CATEGORY:Class Feature	TYPE:Class Feature.Force Adept Class Feature.Display	SOURCEPAGE:p.56
Force Secret		KEY:Tech Specialist Class Feature ~ Force Secret			CATEGORY:Class Feature	TYPE:Class Feature.Force Adept Class Feature.Display	SOURCEPAGE:p.56
Credits			KEY:Tech Specialist Class Feature ~ Credits				CATEGORY:Class Feature	TYPE:Class Feature.Force Adept Class Feature.Display	SOURCEPAGE:p.56


Jedi Consular	CATEGORY:Class

Equipment						KEY:Jedi Consular Class Feature ~ Equipment					CATEGORY:Class Feature	TYPE:Class Feature.Jedi Consular Class Feature.Display	SOURCEPAGE:p.57
Force Training					KEY:Jedi Consular Class Feature ~ Force Training				CATEGORY:Class Feature	TYPE:Class Feature.Jedi Consular Class Feature.Display	SOURCEPAGE:p.57
Deflect (Defense)					KEY:Jedi Consular Class Feature ~ Deflect (Defense)				CATEGORY:Class Feature	TYPE:Class Feature.Jedi Consular Class Feature.Display	SOURCEPAGE:p.57
Bonus Feats						KEY:Jedi Consular Class Feature ~ Bonus Feats					CATEGORY:Class Feature	TYPE:Class Feature.Jedi Consular Class Feature.Display	SOURCEPAGE:p.58
Deflect (Attack)					KEY:Jedi Consular Class Feature ~ Deflect (Attack)				CATEGORY:Class Feature	TYPE:Class Feature.Jedi Consular Class Feature.Display	SOURCEPAGE:p.58
Deflect (Extend Defense and Attack)		KEY:Jedi Consular Class Feature ~ Deflect (Extend Defense and Attack)	CATEGORY:Class Feature	TYPE:Class Feature.Jedi Consular Class Feature.Display	SOURCEPAGE:p.59
Increase Lightsaber Damage			KEY:Jedi Consular Class Feature ~ Increase Lightsaber Damage		CATEGORY:Class Feature	TYPE:Class Feature.Jedi Consular Class Feature.Display	SOURCEPAGE:p.59
Jedi Knight						KEY:Jedi Consular Class Feature ~ Jedi Knight					CATEGORY:Class Feature	TYPE:Class Feature.Jedi Consular Class Feature.Display	SOURCEPAGE:p.59
Healing						KEY:Jedi Consular Class Feature ~ Healing						CATEGORY:Class Feature	TYPE:Class Feature.Jedi Consular Class Feature.Display	SOURCEPAGE:p.59
Skill Emphasis					KEY:Jedi Consular Class Feature ~ Skill Emphasis				CATEGORY:Class Feature	TYPE:Class Feature.Jedi Consular Class Feature.Display	SOURCEPAGE:p.59
Block							KEY:Jedi Consular Class Feature ~ Block						CATEGORY:Class Feature	TYPE:Class Feature.Jedi Consular Class Feature.Display	SOURCEPAGE:p.59
Credits						KEY:Jedi Consular Class Feature ~ Credits						CATEGORY:Class Feature	TYPE:Class Feature.Jedi Consular Class Feature.Display	SOURCEPAGE:p.59


Jedi Guardian	CATEGORY:Class

Equipment						KEY:Jedi Guardian Class Feature ~ Equipment											CATEGORY:Class Feature	TYPE:Class Feature.Jedi Guardian Class Feature.Display	SOURCEPAGE:p.59
Force Training					KEY:Jedi Guardian Class Feature ~ Force Training										CATEGORY:Class Feature	TYPE:Class Feature.Jedi Guardian Class Feature.Display	SOURCEPAGE:p.59
Deflect (Defense)					KEY:Jedi Guardian Class Feature ~ Deflect (Defense)										CATEGORY:Class Feature	TYPE:Class Feature.Jedi Guardian Class Feature.Display	SOURCEPAGE:p.59
Bonus Feats						KEY:Jedi Guardian Class Feature ~ Bonus Feats											CATEGORY:Class Feature	TYPE:Class Feature.Jedi Guardian Class Feature.Display	SOURCEPAGE:p.59
Deflect (Attack)					KEY:Jedi Guardian Class Feature ~ Deflect (Attack)										CATEGORY:Class Feature	TYPE:Class Feature.Jedi Guardian Class Feature.Display	SOURCEPAGE:p.59
Increase Lightsaber Damage			KEY:Jedi Guardian Class Feature ~ Increase Lightsaber Damage								CATEGORY:Class Feature	TYPE:Class Feature.Jedi Guardian Class Feature.Display	SOURCEPAGE:p.59
Deflect (Extend Defense and Attack)		KEY:Jedi Guardian Class Feature ~ Deflect (Extend Defense and Attack)							CATEGORY:Class Feature	TYPE:Class Feature.Jedi Guardian Class Feature.Display	SOURCEPAGE:p.59
Jedi Knight						KEY:Jedi Guardian Class Feature ~ Jedi Knight											CATEGORY:Class Feature	TYPE:Class Feature.Jedi Guardian Class Feature.Display	SOURCEPAGE:p.59
Block							KEY:Jedi Guardian Class Feature ~ Block												CATEGORY:Class Feature	TYPE:Class Feature.Jedi Guardian Class Feature.Display	SOURCEPAGE:p.59
Credits						KEY:Jedi Guardian Class Feature ~ Credits												CATEGORY:Class Feature	TYPE:Class Feature.Jedi Guardian Class Feature.Display	SOURCEPAGE:p.59

