
ABILITYCATEGORY:Class Feature		VISIBLE:NO		EDITABLE:NO	CATEGORY:Class Feature
ABILITYCATEGORY:Internal		VISIBLE:NO		EDITABLE:NO	CATEGORY:Internal
ABILITYCATEGORY:Class			VISIBLE:NO		EDITABLE:NO	CATEGORY:Class
ABILITYCATEGORY:Proficiency		VISIBLE:NO		EDITABLE:NO	CATEGORY:Proficiency
ABILITYCATEGORY:Special Ability	VISIBLE:NO		EDITABLE:NO	CATEGORY:Special Ability



ABILITYCATEGORY:Fringer Class Feature		CATEGORY:Class Feature	TYPE:Fringer Class Feature			DISPLAYLOCATION:Character	EDITABLE:NO	EDITPOOL:NO	VISIBLE:QUALIFY
ABILITYCATEGORY:Noble Class Feature			CATEGORY:Class Feature	TYPE:Noble Class Feature			DISPLAYLOCATION:Character	EDITABLE:NO	EDITPOOL:NO	VISIBLE:QUALIFY	
ABILITYCATEGORY:Scoundrel Class Feature		CATEGORY:Class Feature	TYPE:Scoundrel Class Feature			DISPLAYLOCATION:Character	EDITABLE:NO	EDITPOOL:NO	VISIBLE:QUALIFY
ABILITYCATEGORY:Scout Class Feature			CATEGORY:Class Feature	TYPE:Scout Class Feature			DISPLAYLOCATION:Character	EDITABLE:NO	EDITPOOL:NO	VISIBLE:QUALIFY	
ABILITYCATEGORY:Soldier Class Feature		CATEGORY:Class Feature	TYPE:Soldier Class Feature			DISPLAYLOCATION:Character	EDITABLE:NO	EDITPOOL:NO	VISIBLE:QUALIFY
ABILITYCATEGORY:Tech Specialist Class Feature	CATEGORY:Class Feature	TYPE:Tech Specialist Class Feature		DISPLAYLOCATION:Character	EDITABLE:NO	EDITPOOL:NO	VISIBLE:QUALIFY
ABILITYCATEGORY:Force Adept Class Feature		CATEGORY:Class Feature	TYPE:Force Adept Class Feature		DISPLAYLOCATION:Character	EDITABLE:NO	EDITPOOL:NO	VISIBLE:QUALIFY	
ABILITYCATEGORY:Jedi Consular Class Feature	CATEGORY:Class Feature	TYPE:Jedi Consular Class Feature		DISPLAYLOCATION:Character	EDITABLE:NO	EDITPOOL:NO	VISIBLE:QUALIFY
ABILITYCATEGORY:Jedi Guardian Class Feature	CATEGORY:Class Feature	TYPE:Jedi Guardian Class Feature		DISPLAYLOCATION:Character	EDITABLE:NO	EDITPOOL:NO	VISIBLE:QUALIFY

# Class Features Support
ABILITYCATEGORY:Fringer Bonus Feat				CATEGORY:Feat									DISPLAYLOCATION:Character	EDITABLE:NO	EDITPOOL:NO	VISIBLE:QUALIFY	ABILITYLIST:Alertness|Armor Proficiency (Light)|Endurance|Gearhead|Kit-Bashing|Run|Spacer|Weapon Group Proficiency (Blaster Pistols)|Weapon Group Proficiency (Blaster Rifles)|Weapon Group Proficiency (Slugthrowers)
ABILITYCATEGORY:Fringer Bonus Class Skill			CATEGORY:Internal	TYPE:Class Skill Selection

ABILITYCATEGORY:Noble Bonus Feat				CATEGORY:Feat									DISPLAYLOCATION:Character	EDITABLE:NO	EDITPOOL:NO	VISIBLE:QUALIFY	ABILITYLIST:Diplomatic Immunity|Fame|Frightful Presence|Influence|Mimic|Persuasive|Sharp-Eyed|Trustworthy
ABILITYCATEGORY:Noble Bonus Class Skill			CATEGORY:Internal	TYPE:Class Skill Selection

ABILITYCATEGORY:Scoundrel Bonus Feat			CATEGORY:Feat									DISPLAYLOCATION:Character	EDITABLE:NO	EDITPOOL:NO	VISIBLE:QUALIFY	ABILITYLIST:Alertness|Dodge|Headstrong|Heroic Surge|Improved Initiative|Fame|Infamy|Low Profile|Shady Merchant|Weapon Finesse|Weapon Focus

ABILITYCATEGORY:Scout Bonus Feat				CATEGORY:Feat									DISPLAYLOCATION:Character	EDITABLE:NO	EDITPOOL:NO	VISIBLE:QUALIFY	ABILITYLIST:Cautious|Endurance|Great Fortitude|Rugged|Sharp-Eyed|Skill Emphasis (Survival)|Starship Operation (Space Transport)|Starship Operation (Starfighter)|Track

ABILITYCATEGORY:Soldier Bonus Feat				CATEGORY:Feat									DISPLAYLOCATION:Character	EDITABLE:NO	EDITPOOL:NO	VISIBLE:QUALIFY	ABILITYLIST:Advanced Martial Arts|Agile Riposte|Ambidexterity|Armor Proficiency (Medium)|Armor Proficiency (Heavy)|Blind-Fight|Cleave|Combat Expertise|Combat Reflexes|Combat Veteran|Dodge|Dual Strike|Echani|Echani Expertise|Echani Mastery|Exotic Weapon Proficiency|Far Shot|Great Cleave|Heroic Surge|Improved Critical|Improved Feint|Improved Grapple|Improved Initiative|Improved Martial Arts|Improved Overrun|Improved Two-Weapon Fighting|K'tara|K'tara Expertise|K'tara Mastery|K'thri|K'thri Expertise|K'thri Mastery|Martial Arts|Mobility|Mounted Combat|Point Blank Shot|Power Attack|Precise Shot|Quick Draw|Rapid Shot|Redirect Attack|Ride-By Attack|Shot on the Run|Spring Attack|Spirited Charge|Starship Dodge|Starship Operation|Stava|Stava Expertise|Stava Mastery|Stunning Strike|Superior Expertise|Teras Kasi|Teras Kasi Expertise|Teras Kasi Mastery|Two-Weapon Fighting|Weapon Finesse|Weapon Focus|Weapon Specialization|Whirlwind Attack|Wrruushi|Wrruushi Expertise|Wrruushi Mastery

ABILITYCATEGORY:Tech Specialist Skill Emphasis		CATEGORY:Feat									DISPLAYLOCATION:Character	EDITABLE:NO	EDITPOOL:NO	VISIBLE:QUALIFY	ABILITYLIST:Skill Emphasis (Computer Use)|Skill Emphasis (Repair)|Skill Emphasis (Treat Injury)|Skill Emphasis (Craft / electronics)|Skill Emphasis (Craft / sculpture)|Skill Emphasis (Craft / mechanics)|Skill Emphasis (Craft / weapon making)|Skill Emphasis (Craft / starship construction)|Skill Emphasis (Craft / carpentry)|Skill Emphasis (Craft / computer technology)|Skill Emphasis (Craft / droid construction)
ABILITYCATEGORY:Tech Specialist Bonus Feat		CATEGORY:Feat									DISPLAYLOCATION:Character	EDITABLE:NO	EDITPOOL:NO	VISIBLE:QUALIFY	ABILITYLIST:Armor Proficiency (Heavy)|Armor Proficiency (Light)|Armor Proficiency (Medium)|Cautious|Dodge|Gearhead|Lightning Reflexes|Low Profile|Sharp-Eyed|Spacer|Starship Dodge|Starship Operation (Capital Ship)|Starship Operation (Starfighter)|Starship Operation (Space Transport)|Steady|Surgery|Weapon Group Proficiency (Blaster Pistols)|Zero-G Training


ABILITYCATEGORY:Skill Emphasis				CATEGORY:Feat									DISPLAYLOCATION:Character	EDITABLE:NO	EDITPOOL:NO	VISIBLE:QUALIFY	ABILITYLIST:Skill Emphasis

ABILITYCATEGORY:Skill Mastery					CATEGORY:Class Feature								DISPLAYLOCATION:Character	EDITABLE:NO	EDITPOOL:NO	VISIBLE:QUALIFY	ABILITYLIST:Skill Mastery


# Force-Sensitive Class Feature support
ABILITYCATEGORY:Force Training				CATEGORY:Feat									DISPLAYLOCATION:Character	EDITABLE:NO	EDITPOOL:NO	VISIBLE:QUALIFY	ABILITYLIST:Alter|Control|Sense

ABILITYCATEGORY:Force Adept Bonus Feat			CATEGORY:Feat									DISPLAYLOCATION:Character	EDITABLE:NO	EDITPOOL:NO	VISIBLE:QUALIFY	ABILITYLIST:Alertness|Animal Affinity|Endurance|Frightful Presence|Link|Mind Trick|Mimic|Stealthy|Track
ABILITYCATEGORY:Jedi Consular Bonus Feat			CATEGORY:Feat									DISPLAYLOCATION:Character	EDITABLE:NO	EDITPOOL:NO	VISIBLE:QUALIFY	ABILITYLIST:Agile Riposte|Alertness|Aware|Cautious|Compassion|Combat Expertise|Fame|Healer's Touch|Persuasive|Sharp-Eyed|Superior Expertise|Trustworthy
ABILITYCATEGORY:Jedi Guardian Bonus Feat			CATEGORY:Feat									DISPLAYLOCATION:Character	EDITABLE:NO	EDITPOOL:NO	VISIBLE:QUALIFY	ABILITYLIST:Acrobatic|Agile Riposte|Athletic|Attuned|Combat Reflexes|Dual Strike|Improved Feint|Kinetic Combat|Mettle|Power Attack|Quickness|Redirect Attack|Stunning Strike|Toughness|Weapon Finesse|Weapon Focus

ABILITYCATEGORY:Jedi Knight Bonus Feat			CATEGORY:Feat									DISPLAYLOCATION:Character	EDITABLE:NO	EDITPOOL:NO	VISIBLE:QUALIFY	ABILITYLIST:Burst of Speed|Dissipate/Absorb Energy|Force Mastery|Force Mind|Knight Defense|Knight Mind|Knight Speed|Lightsaber Defense|Weapon Focus (Lightsaber)
ABILITYCATEGORY:Force Secret					CATEGORY:Class Feature								DISPLAYLOCATION:Character	EDITABLE:NO	EDITPOOL:NO	VISIBLE:QUALIFY	TYPE:Force Secret

