# CVS $Revision: $ $Author: $ -- Sat Jan  4 10:54:50 2014 -- reformated by prettylst.pl v1.50 (build 22746)
SOURCELONG:Starwars	SOURCESHORT:SW

#(Force) Affect Mind		KEYSTAT:CHA						USEUNTRAINED:YES		PREFEAT:1,Alter		EXCLUSIVE:YES		TYPE:Alter.Jedi																											SOURCEPAGE:SW																														TEMPDESC:Force Skill
#(Force) Battlemind			KEYSTAT:CON						USEUNTRAINED:NO		PREFEAT:1,Control		EXCLUSIVE:YES		TYPE:Control.Jedi																											SOURCEPAGE:SW																														TEMPDESC:Force Skill
#(Force) Drain Energy		KEYSTAT:CON						USEUNTRAINED:YES		PREFEAT:1,Alter		EXCLUSIVE:YES		TYPE:Alter.Jedi																											SOURCEPAGE:SW																														TEMPDESC:Force Skill
#(Force) Empathy			KEYSTAT:WIS						USEUNTRAINED:YES		PREFEAT:1,Force		EXCLUSIVE:YES		TYPE:Force.Jedi																											SOURCEPAGE:SW																														TEMPDESC:Force Skill
#(Force) Enhance Ability		KEYSTAT:CON						USEUNTRAINED:YES		PREFEAT:1,Force		EXCLUSIVE:YES		TYPE:Force.Jedi																											SOURCEPAGE:SW																														TEMPDESC:Force Skill
#(Force) Enhance Senses		KEYSTAT:WIS						USEUNTRAINED:YES		PREFEAT:1,Sense		EXCLUSIVE:YES		TYPE:Sense.Jedi																											SOURCEPAGE:SW																														TEMPDESC:Force Skill
#(Force) Farseeing			KEYSTAT:WIS						USEUNTRAINED:NO		PREFEAT:1,Sense		EXCLUSIVE:YES		TYPE:Sense.Jedi																											SOURCEPAGE:SW																														TEMPDESC:Force Skill
#(Force) Fear				KEYSTAT:WIS						USEUNTRAINED:YES		PREFEAT:1,Sense		EXCLUSIVE:YES		TYPE:Sense.Jedi																											SOURCEPAGE:SW																														TEMPDESC:Force Skill
#(Force) Force Defense		KEYSTAT:CHA						USEUNTRAINED:YES		PREFEAT:1,Control		EXCLUSIVE:YES		TYPE:Control.Jedi																											SOURCEPAGE:SW																														TEMPDESC:Force Skill
#(Force) Force Grip			KEYSTAT:INT						USEUNTRAINED:YES		PREFEAT:1,Alter		EXCLUSIVE:YES		TYPE:Alter.Jedi																											SOURCEPAGE:SW																														TEMPDESC:Force Skill
#(Force) Force Lightning		KEYSTAT:INT						USEUNTRAINED:YES		PREFEAT:1,Alter		EXCLUSIVE:YES		TYPE:Alter.Jedi																											SOURCEPAGE:SW																														TEMPDESC:Force Skill
#(Force) Force Stealth		KEYSTAT:CHA						USEUNTRAINED:YES		PREFEAT:1,Control	EXCLUSIVE:YES		TYPE:Control.Jedi																											SOURCEPAGE:SW																														TEMPDESC:Force Skill
#(Force) Force Strike		KEYSTAT:INT						USEUNTRAINED:YES		PREFEAT:1,Alter		EXCLUSIVE:YES		TYPE:Alter.Jedi																											SOURCEPAGE:SW																														TEMPDESC:Force Skill
#(Force) Friendship			KEYSTAT:CHA						USEUNTRAINED:NO		PREFEAT:1,Force		EXCLUSIVE:YES		TYPE:Force.Jedi																											SOURCEPAGE:SW																														TEMPDESC:Force Skill
#(Force) Heal Another		KEYSTAT:WIS						USEUNTRAINED:YES		PREFEAT:1,Alter		EXCLUSIVE:YES		TYPE:Alter.Jedi																											SOURCEPAGE:SW																														TEMPDESC:Force Skill
#(Force) Heal Self			KEYSTAT:CHA						USEUNTRAINED:YES		PREFEAT:1,Control	EXCLUSIVE:YES		TYPE:Control.Jedi																											SOURCEPAGE:SW																														TEMPDESC:Force Skill
#(Force) Illusion			KEYSTAT:CHA						USEUNTRAINED:NO		PREFEAT:1,Alter		EXCLUSIVE:YES		TYPE:Alter.Jedi																											SOURCEPAGE:SW																														TEMPDESC:Force Skill
#(Force) Move Object			KEYSTAT:INT						USEUNTRAINED:YES		PREFEAT:1,Alter		EXCLUSIVE:YES		TYPE:Alter.Jedi																											SOURCEPAGE:SW																														TEMPDESC:Force Skill
#(Force) See Force			KEYSTAT:WIS						USEUNTRAINED:YES		PREFEAT:1,Sense		EXCLUSIVE:YES		TYPE:Sense.Jedi																											SOURCEPAGE:SW																														TEMPDESC:Force Skill
#(Force) Telepathy			KEYSTAT:WIS						USEUNTRAINED:YES		PREFEAT:1,Sense		EXCLUSIVE:YES		TYPE:Sense.Jedi																											SOURCEPAGE:SW																														TEMPDESC:Force Skill

#Affect Mind		KEYSTAT:CHA						USEUNTRAINED:YES		PREFEAT:1,Alter		EXCLUSIVE:YES		TYPE:Alter.Jedi																											SOURCEPAGE:SW																														TEMPDESC:Force Skill
#(Force) Battlemind			KEYSTAT:CON						USEUNTRAINED:NO		PREFEAT:1,Control		EXCLUSIVE:YES		TYPE:Control.Jedi																											SOURCEPAGE:SW																														TEMPDESC:Force Skill
#(Force) Drain Energy		KEYSTAT:CON						USEUNTRAINED:YES		PREFEAT:1,Alter		EXCLUSIVE:YES		TYPE:Alter.Jedi																											SOURCEPAGE:SW																														TEMPDESC:Force Skill
#(Force) Empathy			KEYSTAT:WIS						USEUNTRAINED:YES		PREFEAT:1,Force		EXCLUSIVE:YES		TYPE:Force.Jedi																											SOURCEPAGE:SW																														TEMPDESC:Force Skill
#(Force) Enhance Ability		KEYSTAT:CON						USEUNTRAINED:YES		PREFEAT:1,Force		EXCLUSIVE:YES		TYPE:Force.Jedi																											SOURCEPAGE:SW																														TEMPDESC:Force Skill
#(Force) Enhance Senses		KEYSTAT:WIS						USEUNTRAINED:YES		PREFEAT:1,Sense		EXCLUSIVE:YES		TYPE:Sense.Jedi																											SOURCEPAGE:SW																														TEMPDESC:Force Skill
#(Force) Farseeing			KEYSTAT:WIS						USEUNTRAINED:NO		PREFEAT:1,Sense		EXCLUSIVE:YES		TYPE:Sense.Jedi																											SOURCEPAGE:SW																														TEMPDESC:Force Skill
#(Force) Fear				KEYSTAT:WIS						USEUNTRAINED:YES		PREFEAT:1,Sense		EXCLUSIVE:YES		TYPE:Sense.Jedi																											SOURCEPAGE:SW																														TEMPDESC:Force Skill
#(Force) Force Defense		KEYSTAT:CHA						USEUNTRAINED:YES		PREFEAT:1,Control		EXCLUSIVE:YES		TYPE:Control.Jedi																											SOURCEPAGE:SW																														TEMPDESC:Force Skill
#(Force) Force Grip			KEYSTAT:INT						USEUNTRAINED:YES		PREFEAT:1,Alter		EXCLUSIVE:YES		TYPE:Alter.Jedi																											SOURCEPAGE:SW																														TEMPDESC:Force Skill
#(Force) Force Lightning		KEYSTAT:INT						USEUNTRAINED:YES		PREFEAT:1,Alter		EXCLUSIVE:YES		TYPE:Alter.Jedi																											SOURCEPAGE:SW																														TEMPDESC:Force Skill
#(Force) Force Stealth		KEYSTAT:CHA						USEUNTRAINED:YES		PREFEAT:1,Control	EXCLUSIVE:YES		TYPE:Control.Jedi																											SOURCEPAGE:SW																														TEMPDESC:Force Skill
#(Force) Force Strike		KEYSTAT:INT						USEUNTRAINED:YES		PREFEAT:1,Alter		EXCLUSIVE:YES		TYPE:Alter.Jedi																											SOURCEPAGE:SW																														TEMPDESC:Force Skill
#(Force) Friendship			KEYSTAT:CHA						USEUNTRAINED:NO		PREFEAT:1,Force		EXCLUSIVE:YES		TYPE:Force.Jedi																											SOURCEPAGE:SW																														TEMPDESC:Force Skill
#(Force) Heal Another		KEYSTAT:WIS						USEUNTRAINED:YES		PREFEAT:1,Alter		EXCLUSIVE:YES		TYPE:Alter.Jedi																											SOURCEPAGE:SW																														TEMPDESC:Force Skill
#(Force) Heal Self			KEYSTAT:CHA						USEUNTRAINED:YES		PREFEAT:1,Control	EXCLUSIVE:YES		TYPE:Control.Jedi																											SOURCEPAGE:SW																														TEMPDESC:Force Skill
#(Force) Illusion			KEYSTAT:CHA						USEUNTRAINED:NO		PREFEAT:1,Alter		EXCLUSIVE:YES		TYPE:Alter.Jedi																											SOURCEPAGE:SW																														TEMPDESC:Force Skill
#(Force) Move Object			KEYSTAT:INT						USEUNTRAINED:YES		PREFEAT:1,Alter		EXCLUSIVE:YES		TYPE:Alter.Jedi																											SOURCEPAGE:SW																														TEMPDESC:Force Skill
#(Force) See Force			KEYSTAT:WIS						USEUNTRAINED:YES		PREFEAT:1,Sense		EXCLUSIVE:YES		TYPE:Sense.Jedi																											SOURCEPAGE:SW																														TEMPDESC:Force Skill
#(Force) Telepathy			KEYSTAT:WIS						USEUNTRAINED:YES		PREFEAT:1,Sense		EXCLUSIVE:YES		TYPE:Sense.Jedi																											SOURCEPAGE:SW																														TEMPDESC:Force Skill
