# CVS $Revision: $ $Author: $ -- Thu Aug  7 12:47:32 2014 -- reformated by prettylst.pl v1.51 (build 24365)


# Class Name	Hit Dice	Type				Class Type		Base class as subclass?	Source Page		Ability																																																																		Define		Combat bonus															Modify VAR																											Bonus
CLASS:Psion		HD:4		TYPE:Base.Psionic.PC	CLASSTYPE:PC	ALLOWBASECLASS:NO		SOURCEPAGE:p.19	ABILITY:Internal|AUTOMATIC|Psion ~ Egoist|PRESUBCLASS:1,Egoist	ABILITY:Internal|AUTOMATIC|Psion ~ Kineticist|PRESUBCLASS:1,Kineticist	ABILITY:Internal|AUTOMATIC|Psion ~ Nomad|PRESUBCLASS:1,Nomad	ABILITY:Internal|AUTOMATIC|Psion ~ Seer|PRESUBCLASS:1,Seer	ABILITY:Internal|AUTOMATIC|Psion ~ Shaper|PRESUBCLASS:1,Shaper	ABILITY:Internal|AUTOMATIC|Psion ~ Telepath|PRESUBCLASS:1,Telepath	DEFINE:PsionLVL|0	BONUS:COMBAT|BASEAB|classlevel("APPLIEDAS=NONEPIC")*1/2|TYPE=Base.REPLACE|PREVAREQ:UseAlternateBABProgression,0	BONUS:VAR|ClassBABPoor|classlevel("APPLIEDAS=NONEPIC")|PREVAREQ:UseFractionalBAB,1	BONUS:VAR|PsiCrystalLVL|CL|PREABILITY:1,CATEGORY=FEAT,Psicrystal Affinity	BONUS:VAR|PsionLVL|CL	BONUS:SAVE|BASE.Will|classlevel("APPLIEDAS=NONEPIC")/2+2	BONUS:SAVE|BASE.Fortitude,BASE.Reflex|classlevel("APPLIEDAS=NONEPIC")/3
# Class Name	Skill Pts/Lvl
CLASS:Psion		STARTSKILLPTS:2
# Class Name	Spell Stat		Spell Type		Memorize	Caster level
CLASS:Psion		SPELLSTAT:INT	SPELLTYPE:Psionic	MEMORIZE:NO	BONUS:CASTERLEVEL|Psion|CL
###COMMENT:
SUBCLASS:Egoist		COST:0	PROHIBITCOST:0	SPELLLIST:1|Psion	CSKILL:Concentration|TYPE=Craft|TYPE=Knowledge|TYPE=Profession|Psicraft|Autohypnosis|Balance|Heal
SUBCLASS:Kineticist	COST:0	PROHIBITCOST:0	SPELLLIST:1|Psion	CSKILL:Concentration|TYPE=Craft|TYPE=Knowledge|TYPE=Profession|Psicraft|Autohypnosis|Disable Device|Intimidate
SUBCLASS:Nomad		COST:0	PROHIBITCOST:0	SPELLLIST:1|Psion	CSKILL:Concentration|TYPE=Craft|TYPE=Knowledge|TYPE=Profession|Psicraft|Climb|Jump|Ride|Survival|Swim
SUBCLASS:Seer		COST:0	PROHIBITCOST:0	SPELLLIST:1|Psion	CSKILL:Concentration|TYPE=Craft|TYPE=Knowledge|TYPE=Profession|Psicraft|Gather Information|Listen|Spot
SUBCLASS:Shaper		COST:0	PROHIBITCOST:0	SPELLLIST:1|Psion	CSKILL:Concentration|TYPE=Craft|TYPE=Knowledge|TYPE=Profession|Psicraft|Bluff|Disguise|Use Psionic Device
SUBCLASS:Telepath		COST:0	PROHIBITCOST:0	SPELLLIST:1|Psion	CSKILL:Concentration|TYPE=Craft|TYPE=Knowledge|TYPE=Profession|Psicraft|Bluff|Diplomacy|Gather Information|Sense Motive
###Block
1	ABILITY:Psion Class Feature|AUTOMATIC|Psion ~ Weapon and Armor Proficiency
1	ABILITY:Psion Class Feature|AUTOMATIC|Psion ~ Bonus Feats|Psion ~ Discipline|Psion ~ Maximum Power Level Known|Psion ~ Power Points/Day|Psion ~ Powers Known
###Block: Psionic subtype, BasePowerPoints, BonusPowerPoints
# TEMPLATE:Psionic qualifies the character for Psionic only items and feats and DEFINES base and bonus power points.
# due to the use of "BL=Psion" (which provides the bonus caster levels applied to Psion) there are no
# variables that need to be set or modified by PrC's to calculate correct points, it's all done here.
# Use ADD:SPELLCASTER(Psionic) in PrC's that add to manifester level.
# Code those that have KNOWN tags similar to this but change the VAR names, i.e. PsionML becomes WilderML,
# PsionBonusPP becomes WarmindBonusPP, alter the basepp bonus:var's to the correct values, etc.
1	BONUS:VAR|PsionML|CL	BONUS:VAR|PsionML|var("BL=Psion")
1											TEMPLATE:Psionic|Psionic Power Points Progression
###Block: Class Info
1	KNOWN:0,3
2	KNOWN:0,5
3	KNOWN:0,5,2
4	KNOWN:0,5,4
5	KNOWN:0,5,4,2
6	KNOWN:0,5,4,4
7	KNOWN:0,5,4,4,2
8	KNOWN:0,5,4,4,4
9	KNOWN:0,5,4,4,4,2
10	KNOWN:0,5,4,4,4,4
11	KNOWN:0,5,4,4,4,4,1
12	KNOWN:0,5,4,4,4,4,3
13	KNOWN:0,5,4,4,4,4,3,1
14	KNOWN:0,5,4,4,4,4,3,3
15	KNOWN:0,5,4,4,4,4,3,3,1
16	KNOWN:0,5,4,4,4,4,3,3,3
17	KNOWN:0,5,4,4,4,4,3,3,3,1
18	KNOWN:0,5,4,4,4,4,3,3,3,3
19	KNOWN:0,5,4,4,4,4,3,3,3,4
20	KNOWN:0,5,4,4,4,4,3,3,3,6
# COMMENT: There is no KNOWN list, the PSION and ilk may choose any power from first level to the Highest Level available.
#		This KNOWN progression was made on the assumption that psions and co. would choose to take the highest level powers
#		available to them. The User May simply select the Use Higher Level Slot to take a power of any level lower than the max available.

# Class Name		Hit Dice	Type				Class Type		Source Page		Combat bonus															Modify VAR																								Bonus
CLASS:Psychic Warrior	HD:8		TYPE:Base.Psionic.PC	CLASSTYPE:PC	SOURCEPAGE:p.	BONUS:COMBAT|BASEAB|classlevel("APPLIEDAS=NONEPIC")*3/4|TYPE=Base.REPLACE|PREVAREQ:UseAlternateBABProgression,0	BONUS:VAR|ClassBABModerate|classlevel("APPLIEDAS=NONEPIC")|PREVAREQ:UseFractionalBAB,1	BONUS:VAR|PsiCrystalLVL|CL|PREABILITY:1,CATEGORY=FEAT,Psicrystal Affinity	BONUS:SAVE|BASE.Fortitude|classlevel("APPLIEDAS=NONEPIC")/2+2	BONUS:SAVE|BASE.Reflex,BASE.Will|classlevel("APPLIEDAS=NONEPIC")/3
# Class Name		Skill Pts/Lvl	Class Skill
CLASS:Psychic Warrior	STARTSKILLPTS:2	CSKILL:Autohypnosis|Climb|Concentration|TYPE=Craft|Jump|Knowledge (Psionics)|TYPE=Profession|Ride|Search|Swim
# Class Name		Spell Stat		Spell Type		Memorize	Caster level
CLASS:Psychic Warrior	SPELLSTAT:WIS	SPELLTYPE:Psionic	MEMORIZE:NO	BONUS:CASTERLEVEL|Psychic Warrior|CL
###Block:Proficiencies
1	ABILITY:Special Ability|AUTOMATIC|Psychic Warrior ~ Weapon and Armor Proficiency
###Block: Psionic subtype, BasePowerPoints, BonusPowerPoints
1	BONUS:VAR|PsychicWarriorML|CL	BONUS:VAR|PsychicWarriorML|var("BL=Psychic Warrior")																											DEFINE:PsychicWarriorML|0	TEMPLATE:Psionic
1	BONUS:VAR|BasePowerPoints|0	BONUS:VAR|BasePowerPoints|1|PREVARGTEQ:PsychicWarriorML,2	BONUS:VAR|BasePowerPoints|2|PREVARGTEQ:PsychicWarriorML,3	BONUS:VAR|BasePowerPoints|2|PREVARGTEQ:PsychicWarriorML,4
1	BONUS:VAR|BasePowerPoints|2|PREVARGTEQ:PsychicWarriorML,5	BONUS:VAR|BasePowerPoints|4|PREVARGTEQ:PsychicWarriorML,6	BONUS:VAR|BasePowerPoints|4|PREVARGTEQ:PsychicWarriorML,7	BONUS:VAR|BasePowerPoints|4|PREVARGTEQ:PsychicWarriorML,8
1	BONUS:VAR|BasePowerPoints|4|PREVARGTEQ:PsychicWarriorML,9	BONUS:VAR|BasePowerPoints|4|PREVARGTEQ:PsychicWarriorML,10	BONUS:VAR|BasePowerPoints|8|PREVARGTEQ:PsychicWarriorML,11	BONUS:VAR|BasePowerPoints|8|PREVARGTEQ:PsychicWarriorML,12
1	BONUS:VAR|BasePowerPoints|8|PREVARGTEQ:PsychicWarriorML,13	BONUS:VAR|BasePowerPoints|8|PREVARGTEQ:PsychicWarriorML,14	BONUS:VAR|BasePowerPoints|8|PREVARGTEQ:PsychicWarriorML,15	BONUS:VAR|BasePowerPoints|12|PREVARGTEQ:PsychicWarriorML,16
1	BONUS:VAR|BasePowerPoints|12|PREVARGTEQ:PsychicWarriorML,17	BONUS:VAR|BasePowerPoints|12|PREVARGTEQ:PsychicWarriorML,18	BONUS:VAR|BasePowerPoints|12|PREVARGTEQ:PsychicWarriorML,19	BONUS:VAR|BasePowerPoints|12|PREVARGTEQ:PsychicWarriorML,20
1	BONUS:VAR|BonusPowerPoints|(WIS*PsychicWarriorML)/2|TYPE=PsychicWarriorBonusPP
###Block: Class Info
1	KNOWN:0,1			BONUS:ABILITYPOOL|Psychic Warrior Feat|((CL+1)/3)+1
2	KNOWN:0,2
3	KNOWN:0,3
4	KNOWN:0,3,1
5	KNOWN:0,3,2
6	KNOWN:0,3,3
7	KNOWN:0,3,3,1
8	KNOWN:0,3,3,2
9	KNOWN:0,3,3,3
10	KNOWN:0,3,3,3,1
11	KNOWN:0,3,3,3,2
12	KNOWN:0,3,3,3,3
13	KNOWN:0,3,3,3,3,1
14	KNOWN:0,3,3,3,3,2
15	KNOWN:0,3,3,3,3,3
16	KNOWN:0,3,3,3,3,3,1
17	KNOWN:0,3,3,3,3,3,2
18	KNOWN:0,3,3,3,3,3,3
19	KNOWN:0,3,3,3,3,3,4
20	KNOWN:0,3,3,3,3,3,5


# Class Name	Hit Dice	Type				Class Type		Source Page		Define							Combat bonus															Modify VAR																																							Bonus
CLASS:Soulknife	HD:10		TYPE:Base.Psionic.PC	CLASSTYPE:PC	SOURCEPAGE:p.26	DEFINE:SoulknifeLVL|0	DEFINE:MndBladeECL|0	BONUS:COMBAT|BASEAB|classlevel("APPLIEDAS=NONEPIC")*3/4|TYPE=Base.REPLACE|PREVAREQ:UseAlternateBABProgression,0	BONUS:VAR|ClassBABModerate|classlevel("APPLIEDAS=NONEPIC")|PREVAREQ:UseFractionalBAB,1	BONUS:VAR|PsiCrystalLVL|CL|PREABILITY:1,CATEGORY=FEAT,Psicrystal Affinity	BONUS:VAR|SoulknifeLVL|CL	BONUS:VAR|SoulknifeClassFeatureLVL|MndBladeECL+SoulknifeLVL	BONUS:SAVE|BASE.Fortitude|classlevel("APPLIEDAS=NONEPIC")/3	BONUS:SAVE|BASE.Reflex,BASE.Will|classlevel("APPLIEDAS=NONEPIC")/2+2
# Class Name	Skill Pts/Lvl	Class Skill
CLASS:Soulknife	STARTSKILLPTS:4	CSKILL:Autohypnosis|Climb|Concentration|TYPE=Craft|Hide|Jump|Knowledge (Psionics)|Listen|Move Silently|TYPE=Profession|Spot|Tumble
###Block:Proficiency
1	ABILITY:Soulknife Class Feature|AUTOMATIC|Soulknife ~ Weapon and Armor Proficiency
1	ABILITY:Soulknife Class Feature|AUTOMATIC|Soulknife ~ Mind Blade
1	ABILITY:Soulknife Class Feature|AUTOMATIC|Soulknife ~ Weapon Focus (Mind Blade)|PREVARGTEQ:SoulknifeClassFeatureLVL,1
1	ABILITY:Soulknife Class Feature|AUTOMATIC|Soulknife ~ Wild Talent|PREVARGTEQ:SoulknifeClassFeatureLVL,1
1	ABILITY:Soulknife Class Feature|AUTOMATIC|Soulknife ~ Throw Mind Blade|PREVARGTEQ:SoulknifeClassFeatureLVL,2
1	ABILITY:Soulknife Class Feature|AUTOMATIC|Soulknife ~ Psychic Strike|PREVARGTEQ:SoulknifeClassFeatureLVL,33
1	ABILITY:Soulknife Class Feature|AUTOMATIC|Soulknife ~ Free Draw|PREVARGTEQ:SoulknifeClassFeatureLVL,5
1	ABILITY:Soulknife Class Feature|AUTOMATIC|Soulknife ~ Shape Mind Blade|PREVARGTEQ:SoulknifeClassFeatureLVL,5
1	ABILITY:Soulknife Class Feature|AUTOMATIC|Soulknife ~ Mind Blade Enhancement|PREVARGTEQ:SoulknifeClassFeatureLVL,6
1	ABILITY:Soulknife Class Feature|AUTOMATIC|Soulknife ~ Speed of Thought|PREVARGTEQ:SoulknifeClassFeatureLVL,6
1	ABILITY:Soulknife Class Feature|AUTOMATIC|Soulknife ~ Bladewind|PREVARGTEQ:SoulknifeClassFeatureLVL,9
1	ABILITY:Soulknife Class Feature|AUTOMATIC|Soulknife ~ Greater Weapon Focus (Mind Blade)|PREVARGTEQ:SoulknifeClassFeatureLVL,9
1	ABILITY:Soulknife Class Feature|AUTOMATIC|Soulknife ~ Knife to the Soul|PREVARGTEQ:SoulknifeClassFeatureLVL,13
1	ABILITY:Soulknife Class Feature|AUTOMATIC|Soulknife ~ Multiple Throw|PREVARGTEQ:SoulknifeClassFeatureLVL,17
###Block: Mind Blade abilities by effective level; to add a PrC's class level to SK for
#  mind blade powers, use BONUS:VAR|MndBladeECL|x in the PrC's class level line setup
###Block: Class Info
1	TEMPLATE:Psionic

# Class Name	Hit Dice	Type				Class Type		Source Page		Combat bonus															Modify VAR																								Bonus
CLASS:Wilder	HD:6		TYPE:Base.Psionic.PC	CLASSTYPE:PC	SOURCEPAGE:p.	BONUS:COMBAT|BASEAB|classlevel("APPLIEDAS=NONEPIC")*3/4|TYPE=Base.REPLACE|PREVAREQ:UseAlternateBABProgression,0	BONUS:VAR|ClassBABModerate|classlevel("APPLIEDAS=NONEPIC")|PREVAREQ:UseFractionalBAB,1	BONUS:VAR|PsiCrystalLVL|CL|PREABILITY:1,CATEGORY=FEAT,Psicrystal Affinity	BONUS:SAVE|BASE.Will|classlevel("APPLIEDAS=NONEPIC")/2+2	BONUS:SAVE|BASE.Reflex,BASE.Fortitude|classlevel("APPLIEDAS=NONEPIC")/3
# Class Name	Skill Pts/Lvl	Class Skill
CLASS:Wilder	STARTSKILLPTS:4	CSKILL:Autohypnosis|Balance|Bluff|Climb|Concentration|TYPE=Craft|Escape Artist|Intimidate|Jump|Knowledge (Psionics)|Listen|TYPE=Profession|Psicraft|Sense Motive|Spot|Swim|Tumble
# Class Name	Spell Stat		Spell Type		Memorize	Caster level
CLASS:Wilder	SPELLSTAT:CHA	SPELLTYPE:Psionic	MEMORIZE:NO	BONUS:CASTERLEVEL|Wilder|CL
###Block:Proficiencies
1	ABILITY:Wilder Class Feature|AUTOMATIC|Wilder ~ Weapon and Armor Proficiency
###Block: Psionic subtype, BasePowerPoints, BonusPowerPoints
1	BONUS:VAR|WilderML|CL	BONUS:VAR|WilderML|var("BL=Wilder")																											DEFINE:WilderML|0	TEMPLATE:Psionic
1	BONUS:VAR|BasePowerPoints|2	BONUS:VAR|BasePowerPoints|4|PREVARGTEQ:WilderML,2	BONUS:VAR|BasePowerPoints|5|PREVARGTEQ:WilderML,3	BONUS:VAR|BasePowerPoints|6|PREVARGTEQ:WilderML,4
1	BONUS:VAR|BasePowerPoints|8|PREVARGTEQ:WilderML,5	BONUS:VAR|BasePowerPoints|10|PREVARGTEQ:WilderML,6	BONUS:VAR|BasePowerPoints|11|PREVARGTEQ:WilderML,7	BONUS:VAR|BasePowerPoints|12|PREVARGTEQ:WilderML,8
1	BONUS:VAR|BasePowerPoints|14|PREVARGTEQ:WilderML,9	BONUS:VAR|BasePowerPoints|16|PREVARGTEQ:WilderML,10	BONUS:VAR|BasePowerPoints|18|PREVARGTEQ:WilderML,11	BONUS:VAR|BasePowerPoints|20|PREVARGTEQ:WilderML,12
1	BONUS:VAR|BasePowerPoints|21|PREVARGTEQ:WilderML,13	BONUS:VAR|BasePowerPoints|23|PREVARGTEQ:WilderML,14	BONUS:VAR|BasePowerPoints|25|PREVARGTEQ:WilderML,15	BONUS:VAR|BasePowerPoints|26|PREVARGTEQ:WilderML,16
1	BONUS:VAR|BasePowerPoints|29|PREVARGTEQ:WilderML,17	BONUS:VAR|BasePowerPoints|30|PREVARGTEQ:WilderML,18	BONUS:VAR|BasePowerPoints|31|PREVARGTEQ:WilderML,19	BONUS:VAR|BasePowerPoints|32|PREVARGTEQ:WilderML,20
1	BONUS:VAR|BonusPowerPoints|(CHA*WilderML)/2|TYPE=WilderBonusPP
###Block:
1	ABILITY:Wilder Class Feature|AUTOMATIC|Wilder ~ Psychic Enervation|Wilder ~ Wild Surge
2	ABILITY:Wilder Class Feature|AUTOMATIC|Wilder ~ Elude Touch
4	ABILITY:Wilder Class Feature|AUTOMATIC|Wilder ~ Surging Euphoria
5	ABILITY:Wilder Class Feature|AUTOMATIC|Wilder ~ Volatile Mind
###Block: Class Info
1	KNOWN:0,1				BONUS:VAR|PsychicEnervation|1	BONUS:VAR|WildSurge|1
2	KNOWN:0,2				BONUS:VAR|EludeTouch|CHA
3	KNOWN:0,2				BONUS:VAR|WildSurge|1
4	KNOWN:0,2,1				BONUS:VAR|SurgingEuphoria|1
5	KNOWN:0,2,1				BONUS:VAR|VolatileMind|1
6	KNOWN:0,2,1,1
7	KNOWN:0,2,1,1			BONUS:VAR|WildSurge|1
8	KNOWN:0,2,1,1,1
9	KNOWN:0,2,1,1,1			BONUS:VAR|VolatileMind|1
10	KNOWN:0,2,1,1,1,1
11	KNOWN:0,2,1,1,1,1			BONUS:VAR|WildSurge|1
12	KNOWN:0,2,1,1,1,1,1		BONUS:VAR|SurgingEuphoria|1
13	KNOWN:0,2,1,1,1,1,1		BONUS:VAR|VolatileMind|1
14	KNOWN:0,2,1,1,1,1,1,1
15	KNOWN:0,2,1,1,1,1,1,1		BONUS:VAR|WildSurge|1
16	KNOWN:0,2,1,1,1,1,1,1,1
17	KNOWN:0,2,1,1,1,1,1,1,1		BONUS:VAR|VolatileMind|1
18	KNOWN:0,2,1,1,1,1,1,1,1,1
19	KNOWN:0,2,1,1,1,1,1,1,1,1	BONUS:VAR|WildSurge|1
20	KNOWN:0,2,1,1,1,1,1,1,1,2	BONUS:VAR|SurgingEuphoria|1


###Block: Monster Support

# Class Name		Caster level				Use Spell List
CLASS:Egoist (Psion)	BONUS:CASTERLEVEL|Egoist (Psion)|CL	SPELLLIST:1|Egoist|Psion	VISIBLE:NO

# Class Name			Caster level					Use Spell List
CLASS:Kineticist (Psion)	BONUS:CASTERLEVEL|Kineticist (Psion)|CL	SPELLLIST:2|Kineticist|Psion	VISIBLE:NO

# Class Name		Caster level				Use Spell List
CLASS:Nomad (Psion)	BONUS:CASTERLEVEL|Nomad (Psion)|CL	SPELLLIST:2|Nomad|Psion	VISIBLE:NO

# Class Name		Caster level				Use Spell List
CLASS:Seer (Psion)	BONUS:CASTERLEVEL|Seer (Psion)|CL	SPELLLIST:2|Psion|Seer	VISIBLE:NO

# Class Name		Caster level				Use Spell List
CLASS:Shaper (Psion)	BONUS:CASTERLEVEL|Shaper (Psion)|CL	SPELLLIST:2|Psion|Shaper	VISIBLE:NO

# Class Name		Caster level					Use Spell List
CLASS:Telepath (Psion)	BONUS:CASTERLEVEL|Telepath (Psion)|CL	SPELLLIST:2|Psion|Telepath	VISIBLE:NO

# Class Name		Hit Dice	Type					Class Type			Abbreviation	Max Level	Source Page		Combat bonus															Modify VAR																							Bonus
CLASS:Cerebremancer	HD:4		TYPE:PC.Prestige.Psionic	CLASSTYPE:Prestige	ABB:Cer		MAXLEVEL:10	SOURCEPAGE:p.	BONUS:COMBAT|BASEAB|classlevel("APPLIEDAS=NONEPIC")*1/2|TYPE=Base.REPLACE|PREVAREQ:UseAlternateBABProgression,0	BONUS:VAR|ClassBABPoor|classlevel("APPLIEDAS=NONEPIC")|PREVAREQ:UseFractionalBAB,1	BONUS:VAR|PsiCrystalLVL|CL|PREABILITY:1,CATEGORY=FEAT,Psicrystal Affinity	BONUS:SAVE|BASE.Will|classlevel("APPLIEDAS=NONEPIC")/2+2	BONUS:SAVE|BASE.Reflex,BASE.Fortitude|classlevel("APPLIEDAS=NONEPIC")/3
# Class Name		Required Skill								Req. Spell Type
CLASS:Cerebremancer	PRESKILL:2,Knowledge (Arcana)=6,Knowledge (Psionics)=6	PRESPELLTYPE:1,Arcane=2	PRESPELLTYPE:1,Psionic=2
# Class Name		Skill Pts/Lvl	Class Skill
CLASS:Cerebremancer	STARTSKILLPTS:2	CSKILL:Concentration|TYPE=Craft|Decipher Script|Knowledge (arcana)|Knowledge (Psionics)|TYPE=Profession|Psicraft|Spellcraft
###Block: Class Info
1	ADD:SPELLCASTER|Arcane	ADD:SPELLCASTER|Psionic
2	ADD:SPELLCASTER|Arcane	ADD:SPELLCASTER|Psionic
3	ADD:SPELLCASTER|Arcane	ADD:SPELLCASTER|Psionic
4	ADD:SPELLCASTER|Arcane	ADD:SPELLCASTER|Psionic
5	ADD:SPELLCASTER|Arcane	ADD:SPELLCASTER|Psionic
6	ADD:SPELLCASTER|Arcane	ADD:SPELLCASTER|Psionic
7	ADD:SPELLCASTER|Arcane	ADD:SPELLCASTER|Psionic
8	ADD:SPELLCASTER|Arcane	ADD:SPELLCASTER|Psionic
9	ADD:SPELLCASTER|Arcane	ADD:SPELLCASTER|Psionic
10	ADD:SPELLCASTER|Arcane	ADD:SPELLCASTER|Psionic

# Class Name	Hit Dice	Type					Class Type			Abbreviation	Max Level	Source Page		Combat bonus															Modify VAR																								Bonus
CLASS:Elocator	HD:6		TYPE:PC.Prestige.Psionic	CLASSTYPE:Prestige	ABB:Elo		MAXLEVEL:10	SOURCEPAGE:p.	BONUS:COMBAT|BASEAB|classlevel("APPLIEDAS=NONEPIC")*3/4|TYPE=Base.REPLACE|PREVAREQ:UseAlternateBABProgression,0	BONUS:VAR|ClassBABModerate|classlevel("APPLIEDAS=NONEPIC")|PREVAREQ:UseFractionalBAB,1	BONUS:VAR|PsiCrystalLVL|CL|PREABILITY:1,CATEGORY=FEAT,Psicrystal Affinity	BONUS:SAVE|BASE.Reflex,BASE.Will|classlevel("APPLIEDAS=NONEPIC")/2+2	BONUS:SAVE|BASE.Fortitude|classlevel("APPLIEDAS=NONEPIC")/3
# Class Name	Required Feat				Required Skill			Req. Spell Type			PRETOTALAB
CLASS:Elocator	PREABILITY:2,CATEGORY=FEAT,Mobility,Spring Attack	PRESKILL:1,Concentration=8	PRESPELLTYPE:1,Psionic=1	PRETOTALAB:3
# Class Name	Skill Pts/Lvl	Class Skill
CLASS:Elocator	STARTSKILLPTS:6	CSKILL:Autohypnosis|Balance|Climb|Concentration|TYPE=Craft|Disable Device|Escape Artist|Gather Information|Hide|Jump|TYPE=KnowledgeLocal|Knowledge (Psionics)|Listen|Move Silently|Open Lock|TYPE=Perform|TYPE=Profession|Psicraft|Search|Sense Motive|Sleight of Hand|Spot|Swim|Tumble|Use Psionic Device|Use Rope
###Block: Psionic Variables
###Block: Class Info
1														ADD:SPELLCASTER|Psionic	ABILITY:Special Ability|AUTOMATIC|Scorn Earth															ABILITY:FEAT|AUTOMATIC|Sidestep Charge
2								BONUS:VAR|OpportunisticStrike|2					ABILITY:Special Ability|AUTOMATIC|Opportunistic Strike
3														ADD:SPELLCASTER|Psionic	ABILITY:Special Ability|AUTOMATIC|Dimension Step		SPELLS:Innate|TIMES=1|CASTERLEVEL=CL|Dimension Door (Psionic),14+INT
4														ADD:SPELLCASTER|Psionic	ABILITY:Special Ability|AUTOMATIC|Flanker
5								BONUS:VAR|OpportunisticStrike|2
6	BONUS:ABILITYPOOL|Elocator Transporter|1							ADD:SPELLCASTER|Psionic
7														ADD:SPELLCASTER|Psionic	ABILITY:Special Ability|AUTOMATIC|Capricious Step
8								BONUS:VAR|OpportunisticStrike|2
9														ADD:SPELLCASTER|Psionic	ABILITY:Special Ability|AUTOMATIC|Dimension Spring Attack
10														ADD:SPELLCASTER|Psionic	ABILITY:Special Ability|AUTOMATIC|Accelerated Action

# Class Name		Hit Dice	Type					Class Type			Abbreviation	Max Level	Source Page		Combat bonus															Modify VAR																								Bonus
CLASS:Psionic Fist	HD:6		TYPE:PC.Prestige.Psionic	CLASSTYPE:Prestige	ABB:PFi		MAXLEVEL:10	SOURCEPAGE:p.	BONUS:COMBAT|BASEAB|classlevel("APPLIEDAS=NONEPIC")*3/4|TYPE=Base.REPLACE|PREVAREQ:UseAlternateBABProgression,0	BONUS:VAR|ClassBABModerate|classlevel("APPLIEDAS=NONEPIC")|PREVAREQ:UseFractionalBAB,1	BONUS:VAR|PsiCrystalLVL|CL|PREABILITY:1,CATEGORY=FEAT,Psicrystal Affinity	BONUS:SAVE|BASE.Reflex,BASE.Will|classlevel("APPLIEDAS=NONEPIC")/2+2	BONUS:SAVE|BASE.Fortitude|classlevel("APPLIEDAS=NONEPIC")/3
# Class Name		Required Ability							Required Feat		Required Skill			PRETOTALAB
CLASS:Psionic Fist	PREABILITY:1,CATEGORY=Special Ability,Still Mind	PREABILITY:1,CATEGORY=FEAT,Wild Talent	PRESKILL:1,Concentration=9	PRETOTALAB:4
# Class Name		Skill Pts/Lvl	Class Skill
CLASS:Psionic Fist	STARTSKILLPTS:4	CSKILL:Autohypnosis|Concentration|TYPE=Craft|Escape Artist|Hide|Jump|Knowledge (Psionics)|Listen|Move Silently|Psicraft|Sense Motive|Spot|Tumble
# Class Name		Spell Stat		Spell Type		Memorize	Caster level				Use Spell List
CLASS:Psionic Fist	SPELLSTAT:WIS	SPELLTYPE:Psionic	MEMORIZE:NO	BONUS:CASTERLEVEL|Psionic Fist|CL	SPELLLIST:1|psychic warrior
###Block: Psionic subtype, BasePowerPoints, BonusPowerPoints
1	BONUS:VAR|PsionicFistML|CL	BONUS:VAR|PsionicFistML|var("BL=Psionic Fist")																												DEFINE:PsionicFistML|0	TEMPLATE:Psionic
1	BONUS:VAR|BasePowerPoints|1	BONUS:VAR|BasePowerPoints|2|PREVARGTEQ:PsionicFistML,2	BONUS:VAR|BasePowerPoints|3|PREVARGTEQ:PsionicFistML,3	BONUS:VAR|BasePowerPoints|4|PREVARGTEQ:PsionicFistML,4
1	BONUS:VAR|BasePowerPoints|5|PREVARGTEQ:PsionicFistML,5	BONUS:VAR|BasePowerPoints|8|PREVARGTEQ:PsionicFistML,6	BONUS:VAR|BasePowerPoints|8|PREVARGTEQ:PsionicFistML,7	BONUS:VAR|BasePowerPoints|12|PREVARGTEQ:PsionicFistML,8
1	BONUS:VAR|BasePowerPoints|12|PREVARGTEQ:PsionicFistML,9	BONUS:VAR|BasePowerPoints|16|PREVARGTEQ:PsionicFistML,10
1	BONUS:VAR|BonusPowerPoints|(WIS*PsionicFistML)/2|TYPE=PsionicFistBonusPP

###Block:Monk Abilities
1						BONUS:VAR|MonkACLVL|CL		ABILITY:Special Ability|AUTOMATIC|Monk ~ AC Bonus
1						BONUS:VAR|MonkMoveLVL|CL	ABILITY:Special Ability|AUTOMATIC|Monk ~ Fast Movement
1	BONUS:UDAM|CLASS.Monk|CL
###Block: Class Info
1	KNOWN:0,1
2	KNOWN:0,2
3	KNOWN:0,2,1
4	KNOWN:0,2,2
5	KNOWN:0,2,2,1	BONUS:ABILITYPOOL|Psionic Fist Feat|1
6	KNOWN:0,2,2,2
7	KNOWN:0,2,2,2,1
8	KNOWN:0,2,2,2,2
9	KNOWN:0,2,2,2,2,1
10	KNOWN:0,2,2,2,2,2	BONUS:ABILITYPOOL|Psionic Fist Feat|1


# Class Name	Hit Dice	Type					Class Type			Abbreviation	Max Level	Source Page		Combat bonus										Modify VAR									Bonus
CLASS:Slayer	HD:8		TYPE:PC.Prestige.Psionic	CLASSTYPE:Prestige	ABB:Sla		MAXLEVEL:10	SOURCEPAGE:p.	BONUS:COMBAT|BASEAB|classlevel("APPLIEDAS=NONEPIC")|TYPE=Base.REPLACE|PREVAREQ:UseAlternateBABProgression,0	BONUS:VAR|PsiCrystalLVL|CL|PREABILITY:1,CATEGORY=FEAT,Psicrystal Affinity	BONUS:SAVE|BASE.Will|classlevel("APPLIEDAS=NONEPIC")/2+2	BONUS:SAVE|BASE.Reflex,BASE.Fortitude|classlevel("APPLIEDAS=NONEPIC")/3
# Class Name	Required Feat	Required Skill					Required Template		PRETOTALAB
CLASS:Slayer	PREABILITY:1,CATEGORY=FEAT,Track	PRESKILL:1,Knowledge (Dungeoneering)=4	PRETEMPLATE:1,Psionic	PRETOTALAB:4
# Class Name	Skill Pts/Lvl	Class Skill
CLASS:Slayer	STARTSKILLPTS:4	CSKILL:Bluff|Concentration|Knowledge (Dungeoneering)|Listen|Psicraft|Sense Motive|Spot|Survival
###Block:Proficiencies
1	ABILITY:Special Ability|AUTOMATIC|Slayer ~ Weapon and Armor Proficiency
###Block: Class Info
1											ABILITY:Special Ability|AUTOMATIC|Sense Favored Enemy|Slayer Favored Enemy
2	BONUS:VAR|BrainNausea|15+CL		ADD:SPELLCASTER|Psionic	ABILITY:Special Ability|AUTOMATIC|Brain Nausea
3							ADD:SPELLCASTER|Psionic	ABILITY:Special Ability|AUTOMATIC|Lucid Buffer
4	BONUS:VAR|SlayerFavoredEnemy|2	ADD:SPELLCASTER|Psionic
5							ADD:SPELLCASTER|Psionic
6							ADD:SPELLCASTER|Psionic	ABILITY:Special Ability|AUTOMATIC|Cerebral Blind
7	BONUS:VAR|SlayerFavoredEnemy|2	ADD:SPELLCASTER|Psionic
8							ADD:SPELLCASTER|Psionic	ABILITY:Special Ability|AUTOMATIC|Breech Power Resistance
9							ADD:SPELLCASTER|Psionic	ABILITY:Special Ability|AUTOMATIC|Cerebral Immunity
10	BONUS:VAR|SlayerFavoredEnemy|2	ADD:SPELLCASTER|Psionic	ABILITY:Special Ability|AUTOMATIC|Blast Feedback

# Class Name	Hit Dice	Type					Class Type			Abbreviation	Max Level	Source Page		Combat bonus															Modify VAR																							Bonus
CLASS:Metamind	HD:4		TYPE:PC.Prestige.Psionic	CLASSTYPE:Prestige	ABB:MMd		MAXLEVEL:10	SOURCEPAGE:p.	BONUS:COMBAT|BASEAB|classlevel("APPLIEDAS=NONEPIC")*1/2|TYPE=Base.REPLACE|PREVAREQ:UseAlternateBABProgression,0	BONUS:VAR|ClassBABPoor|classlevel("APPLIEDAS=NONEPIC")|PREVAREQ:UseFractionalBAB,1	BONUS:VAR|PsiCrystalLVL|CL|PREABILITY:1,CATEGORY=FEAT,Psicrystal Affinity	BONUS:SAVE|BASE.Will|classlevel("APPLIEDAS=NONEPIC")/2+2	BONUS:SAVE|BASE.Reflex,BASE.Fortitude|classlevel("APPLIEDAS=NONEPIC")/3
# Class Name	Required Class				Required Feat			Required Skill
CLASS:Metamind	PRECLASS:1,SPELLCASTER.Psionic=4	PREABILITY:1,CATEGORY=FEAT,Psicrystal Affinity	PRESKILL:2,Knowledge (Psionics)=8,Psicraft=4
# Class Name	Skill Pts/Lvl	Class Skill
CLASS:Metamind	STARTSKILLPTS:2	CSKILL:Autohypnosis|Bluff|Concentration|TYPE=Craft|Disguise|Knowledge (The Planes)|Knowledge (Psionics)|Psicraft|Sense Motive
###Block: Class Info
1	BONUS:VAR|FreeManifestingProgression|(CL+1)/2					ABILITY:Special Ability|AUTOMATIC|Free Manifesting
2	BONUS:VAR|CogPsiCrystal|5				ADD:SPELLCASTER|Psionic	ABILITY:Special Ability|AUTOMATIC|Cognizance Psicrystal
4	BONUS:VAR|CogPsiCrystal|2				ADD:SPELLCASTER|Psionic
6	BONUS:VAR|CogPsiCrystal|2				ADD:SPELLCASTER|Psionic
8	BONUS:VAR|CogPsiCrystal|2				ADD:SPELLCASTER|Psionic
10									ADD:SPELLCASTER|Psionic	ABILITY:Special Ability|AUTOMATIC|Font of Power

# Class Name		Hit Dice	Type					Class Type			Abbreviation	Max Level	Source Page		Combat bonus															Modify VAR																							Bonus
CLASS:Psion Uncarnate	HD:4		TYPE:PC.Prestige.Psionic	CLASSTYPE:Prestige	ABB:PUn		MAXLEVEL:10	SOURCEPAGE:p.	BONUS:COMBAT|BASEAB|classlevel("APPLIEDAS=NONEPIC")*1/2|TYPE=Base.REPLACE|PREVAREQ:UseAlternateBABProgression,0	BONUS:VAR|ClassBABPoor|classlevel("APPLIEDAS=NONEPIC")|PREVAREQ:UseFractionalBAB,1	BONUS:VAR|PsiCrystalLVL|CL|PREABILITY:1,CATEGORY=FEAT,Psicrystal Affinity	BONUS:SAVE|BASE.Will|classlevel("APPLIEDAS=NONEPIC")/2+2	BONUS:SAVE|BASE.Reflex,BASE.Fortitude|classlevel("APPLIEDAS=NONEPIC")/3
# Class Name		Required Feat		Required Skill						Req. Spell Type
CLASS:Psion Uncarnate	PREABILITY:1,CATEGORY=FEAT,Psionic Body	PRESKILL:2,Knowledge (Psionics)=8,Psicraft=8	PRESPELLTYPE:1,Psionic=3
# Class Name		Skill Pts/Lvl	Class Skill
CLASS:Psion Uncarnate	STARTSKILLPTS:2	CSKILL:Autohypnosis|Bluff|Concentration|TYPE=Craft|Disguise|Knowledge (The Planes)|Knowledge (Psionics)|Psicraft|Sense Motive
###Block: Class Info
1	BONUS:VAR|UncarnateIncorporealTouch|1							ABILITY:Special Ability|AUTOMATIC|Uncarnate Armor|Uncarnate Incorporeal Touch
2	BONUS:VAR|ShedBody|1						ADD:SPELLCASTER|Psionic	ABILITY:Special Ability|AUTOMATIC|Shed Body
3										ADD:SPELLCASTER|Psionic	ABILITY:Special Ability|AUTOMATIC|Assume Equipment
4														ABILITY:Special Ability|AUTOMATIC|Assume Likeness
5	BONUS:VAR|UncarnateIncorporealTouch|1			ADD:SPELLCASTER|Psionic
6	BONUS:VAR|ShedBody|1						ADD:SPELLCASTER|Psionic
7	BONUS:VAR|TelekineticForceDC|14+max(INT,WIS,CHA)					ABILITY:Special Ability|AUTOMATIC|Telekinetic Force
8										ADD:SPELLCASTER|Psionic	ABILITY:Special Ability|AUTOMATIC|Uncarnate Bridge
9	BONUS:VAR|UncarnateIncorporealTouch|1			ADD:SPELLCASTER|Psionic
10														ABILITY:Special Ability|AUTOMATIC|Uncarnate

# Class Name		Hit Dice	Type					Class Type			Abbreviation	Max Level	Source Page		Combat bonus															Modify VAR																								Bonus
CLASS:Pyrokineticist	HD:8		TYPE:PC.Prestige.Psionic	CLASSTYPE:Prestige	ABB:Pyr		MAXLEVEL:10	SOURCEPAGE:p.	BONUS:COMBAT|BASEAB|classlevel("APPLIEDAS=NONEPIC")*3/4|TYPE=Base.REPLACE|PREVAREQ:UseAlternateBABProgression,0	BONUS:VAR|ClassBABModerate|classlevel("APPLIEDAS=NONEPIC")|PREVAREQ:UseFractionalBAB,1	BONUS:VAR|PsiCrystalLVL|CL|PREABILITY:1,CATEGORY=FEAT,Psicrystal Affinity	BONUS:SAVE|BASE.Reflex,BASE.Fortitude|classlevel("APPLIEDAS=NONEPIC")/2+2	BONUS:SAVE|BASE.Will|classlevel("APPLIEDAS=NONEPIC")/3
# Class Name		Required AL		Required Skill										Required Template
CLASS:Pyrokineticist	PREALIGN:CG,CN,CE	PRESKILL:3,Concentration=8,Craft (Alchemy)=1,Knowledge (Psionics)=2	PRETEMPLATE:1,Psionic
# Class Name		Skill Pts/Lvl	Class Skill
CLASS:Pyrokineticist	STARTSKILLPTS:2	CSKILL:Climb|Concentration|TYPE=Craft|Intimidate|Jump|Psicraft
###Block: Psionic Variables
###Block: Class Info
1							ABILITY:Special Ability|AUTOMATIC|Fire Lash
2	BONUS:VAR|FireResistanceBonus|10	ABILITY:Special Ability|AUTOMATIC|Hand Afire|Resistance To Fire	ABILITY:Special Ability|AUTOMATIC|Fire Adaptation|PREVARLT:CL,7
3	BONUS:VAR|BoltFire|CL			ABILITY:Special Ability|AUTOMATIC|Bolt of Fire
4							ABILITY:Special Ability|AUTOMATIC|Weapon Afire
5	BONUS:VAR|NimbusDuration|CL		ABILITY:Special Ability|AUTOMATIC|Nimbus
6							ABILITY:Special Ability|AUTOMATIC|Firewalk
7	BONUS:VAR|FireResistanceBonus|10	ABILITY:Special Ability|AUTOMATIC|Fear No Fire
8							ABILITY:Special Ability|AUTOMATIC|Greater Weapon Afire
9	BONUS:VAR|HeatDeathDC|14+CHA		ABILITY:Special Ability|AUTOMATIC|Heat Death
10	BONUS:VAR|ConflagrationDC|15+CHA	ABILITY:Special Ability|AUTOMATIC|Conflagration

# Class Name	Hit Dice	Type					Class Type			Abbreviation	Max Level	Source Page		Combat bonus															Modify VAR													Bonus
CLASS:Thrallherd	HD:4		TYPE:PC.Prestige.Psionic	CLASSTYPE:Prestige	ABB:Thr		MAXLEVEL:10	SOURCEPAGE:p.	BONUS:COMBAT|BASEAB|classlevel("APPLIEDAS=NONEPIC")*1/2|TYPE=Base.REPLACE|PREVAREQ:UseAlternateBABProgression,0	BONUS:VAR|ClassBABPoor|classlevel("APPLIEDAS=NONEPIC")|PREVAREQ:UseFractionalBAB,1	BONUS:SAVE|BASE.Will|classlevel("APPLIEDAS=NONEPIC")/2+2	BONUS:SAVE|BASE.Reflex,BASE.Fortitude|classlevel("APPLIEDAS=NONEPIC")/3
# Class Name	Required Class				Required Feat		Required Skill						Req. Known Spell
CLASS:Thrallherd	PRECLASS:1,SPELLCASTER.Psionic=1	PREABILITY:1,CATEGORY=FEAT,Inquisitor	PRESKILL:2,Knowledge (Psionics)=8,Diplomacy=4	PRESPELL:1,Mindlink
# Class Name	Skill Pts/Lvl	Class Skill
CLASS:Thrallherd	STARTSKILLPTS:2	CSKILL:Autohypnosis|Bluff|Concentration|TYPE=Craft|Diplomacy|Knowledge (Psionics)|Psicraft|Sense Motive
###Block: Class Info
1									BONUS:VAR|ThrallherdScore|(TL+CHA+CL)					ABILITY:Special Ability|AUTOMATIC|Thrallherd
2																ADD:SPELLCASTER|Psionic
3	BONUS:ABILITYPOOL|Thrallherd Charm Choice|1								ADD:SPELLCASTER|Psionic
4																ADD:SPELLCASTER|Psionic
5	BONUS:ABILITYPOOL|Thrallherd Dominate Choice|1								ADD:SPELLCASTER|Psionic
6																ADD:SPELLCASTER|Psionic
7																ADD:SPELLCASTER|Psionic	ABILITY:Special Ability|AUTOMATIC|Thrallherd Greater Dominate
8																ADD:SPELLCASTER|Psionic
9																ADD:SPELLCASTER|Psionic	ABILITY:Special Ability|AUTOMATIC|Thrallherd Superior Dominate
10																				ABILITY:Special Ability|AUTOMATIC|Twofold Master

# Class Name	Hit Dice	Type					Class Type			Abbreviation	Max Level	Source Page		Combat bonus										Modify VAR									Bonus
CLASS:War Mind	HD:10		TYPE:PC.Prestige.Psionic	CLASSTYPE:Prestige	ABB:WMnd		MAXLEVEL:10	SOURCEPAGE:p.	BONUS:COMBAT|BASEAB|classlevel("APPLIEDAS=NONEPIC")|TYPE=Base.REPLACE|PREVAREQ:UseAlternateBABProgression,0	BONUS:VAR|PsiCrystalLVL|CL|PREABILITY:1,CATEGORY=FEAT,Psicrystal Affinity	BONUS:SAVE|BASE.Reflex,BASE.Fortitude|classlevel("APPLIEDAS=NONEPIC")/2+2	BONUS:SAVE|BASE.Will|classlevel("APPLIEDAS=NONEPIC")/3
# Class Name	Restricted AL		Required Skill								Required Template		PRETOTALAB
CLASS:War Mind	!PREALIGN:CG,CN,CE	PRESKILL:2,Knowledge (History)=2,Knowledge (Psionics)=8	PRETEMPLATE:1,Psionic	PRETOTALAB:3
# Class Name	Skill Pts/Lvl	Class Skill
CLASS:War Mind	STARTSKILLPTS:2	CSKILL:Autohypnosis|Concentration|Intimidate|Knowledge (History)|Knowledge (Psionics)|Psicraft
# Class Name	Spell Stat		Spell Type		Memorize	Caster level			Use Spell List
CLASS:War Mind	SPELLSTAT:WIS	SPELLTYPE:Psionic	MEMORIZE:NO	BONUS:CASTERLEVEL|War Mind|CL	SPELLLIST:1|psychic warrior
###Block: Psionic subtype, BasePowerPoints, BonusPowerPoints
1	BONUS:VAR|WarMindML|CL	BONUS:VAR|WarMindML|var("BL=War Mind")																										DEFINE:WarMindML|0	TEMPLATE:Psionic
1	BONUS:VAR|BasePowerPoints|2	BONUS:VAR|BasePowerPoints|3|PREVARGTEQ:WarMindML,2	BONUS:VAR|BasePowerPoints|4|PREVARGTEQ:WarMindML,3	BONUS:VAR|BasePowerPoints|5|PREVARGTEQ:WarMindML,4
1	BONUS:VAR|BasePowerPoints|6|PREVARGTEQ:WarMindML,5	BONUS:VAR|BasePowerPoints|8|PREVARGTEQ:WarMindML,6	BONUS:VAR|BasePowerPoints|9|PREVARGTEQ:WarMindML,7	BONUS:VAR|BasePowerPoints|10|PREVARGTEQ:WarMindML,8
1	BONUS:VAR|BasePowerPoints|11|PREVARGTEQ:WarMindML,9	BONUS:VAR|BasePowerPoints|12|PREVARGTEQ:WarMindML,10
1	BONUS:VAR|BonusPowerPoints|(WIS*WarMindML)/2|TYPE=WarMindBonusPP
###Block: Class Info
1	KNOWN:0,1							BONUS:VAR|SuperiorityChain|2	ABILITY:Special Ability|AUTOMATIC|Chain of Personal Superiority
2	KNOWN:0,2							BONUS:VAR|DefensivePosture|2	ABILITY:Special Ability|AUTOMATIC|Chain of Defensive Posture
3	KNOWN:0,2		DR:1/-									ABILITY:Special Ability|AUTOMATIC|Enduring Body
4	KNOWN:0,2,1
5	KNOWN:0,2,1												ABILITY:Special Ability|AUTOMATIC|Sweeping Strike
6	KNOWN:0,2,1,1			BONUS:DR|-|1
7	KNOWN:0,2,1,1						BONUS:VAR|SuperiorityChain|2
8	KNOWN:0,2,1,1,1						BONUS:VAR|DefensivePosture|2
9	KNOWN:0,2,1,1,1			BONUS:DR|-|1
10	KNOWN:0,2,1,1,1,1											ABILITY:Special Ability|AUTOMATIC|Chain of Overwhelming Force


# Class Name	Hit Dice	Type				Visible
CLASS:PsiSpell	HD:4		TYPE:Base.Psionic.PC	VISIBLE:NO
# Class Name	Spell Stat		Spell Type		Memorize	Caster level			Use Spell List
CLASS:PsiSpell	SPELLSTAT:CHA	SPELLTYPE:Psionic	MEMORIZE:NO	BONUS:CASTERLEVEL|PsiSpell|CL	SPELLLIST:2|Psion|PsiSpell












#
# End
#
