Alzhedo		TYPE:Human.Spoken
Chessentan		TYPE:Human.Spoken
Chondathan		TYPE:Human.Spoken
Damaran		TYPE:Human.Spoken
Dambrathan		TYPE:Human.Spoken
Guran			TYPE:Human.Spoken
Halruaan		TYPE:Human.Spoken
Illuskan		TYPE:Human.Spoken
Midani		TYPE:Human.Spoken
Mulhorandi		TYPE:Human.Spoken
Rashemi		TYPE:Human.Spoken
Roushoum		TYPE:Human.Spoken
Shaaran		TYPE:Human.Spoken
Shou			TYPE:Human.Spoken
Thayan		TYPE:Human.Spoken
Tuigan		TYPE:Human.Spoken
Turmic		TYPE:Human.Spoken
Uluik			TYPE:Human.Spoken
Untheric		TYPE:Human.Spoken
Waelan		TYPE:Human.Spoken
