# CVS $Revision: $ $Author: $ -- Mon Jun  3 23:49:58 2013 -- reformated by prettylst.pl v1.50 (build 19967)

ABILITYCATEGORY:Cavalier Class Ability							VISIBLE:QUALIFY	EDITABLE:YES		EDITPOOL:NO		CATEGORY:Special Ability	DISPLAYLOCATION:Class Abilities	TYPE:CavalierClassAbility
ABILITYCATEGORY:Devoted Defender Class Ability						VISIBLE:QUALIFY	EDITABLE:YES		EDITPOOL:NO		CATEGORY:Special Ability	DISPLAYLOCATION:Class Abilities	TYPE:DevotedDefenderClassAbility
ABILITYCATEGORY:Drunken Master Class Ability						VISIBLE:QUALIFY	EDITABLE:YES		EDITPOOL:NO		CATEGORY:Special Ability	DISPLAYLOCATION:Class Abilities	TYPE:DrunkenMasterClassAbility
ABILITYCATEGORY:Fist of Hextor Class Ability						VISIBLE:QUALIFY	EDITABLE:YES		EDITPOOL:NO		CATEGORY:Special Ability	DISPLAYLOCATION:Class Abilities	TYPE:FistOfHextorClassAbility
ABILITYCATEGORY:Ghostwalker Class Ability							VISIBLE:QUALIFY	EDITABLE:YES		EDITPOOL:NO		CATEGORY:Special Ability	DISPLAYLOCATION:Class Abilities	TYPE:GhostwalkerClassAbility
ABILITYCATEGORY:Gladiator Class Ability							VISIBLE:QUALIFY	EDITABLE:YES		EDITPOOL:NO		CATEGORY:Special Ability	DISPLAYLOCATION:Class Abilities	TYPE:GladiatorClassAbility
ABILITYCATEGORY:Halfling Outrider Class Ability						VISIBLE:QUALIFY	EDITABLE:YES		EDITPOOL:NO		CATEGORY:Special Ability	DISPLAYLOCATION:Class Abilities	TYPE:HalflingOutriderClassAbility
ABILITYCATEGORY:Knight Protector of the Great Kingdom Class Ability		VISIBLE:QUALIFY	EDITABLE:YES		EDITPOOL:NO		CATEGORY:Special Ability	DISPLAYLOCATION:Class Abilities	TYPE:KnightProtectoroftheGreatKingdomClassAbility
ABILITYCATEGORY:Lasher Class Ability							VISIBLE:QUALIFY	EDITABLE:YES		EDITPOOL:NO		CATEGORY:Special Ability	DISPLAYLOCATION:Class Abilities	TYPE:LasherClassAbility
ABILITYCATEGORY:Master of Chains Class Ability						VISIBLE:QUALIFY	EDITABLE:YES		EDITPOOL:NO		CATEGORY:Special Ability	DISPLAYLOCATION:Class Abilities	TYPE:MasterOfChainsClassAbility
ABILITYCATEGORY:Master Samurai Class Ability						VISIBLE:QUALIFY	EDITABLE:YES		EDITPOOL:NO		CATEGORY:Special Ability	DISPLAYLOCATION:Class Abilities	TYPE:MasterSamuraiClassAbility
ABILITYCATEGORY:Ninja of the Crescent Moon Class Ability				VISIBLE:QUALIFY	EDITABLE:YES		EDITPOOL:NO		CATEGORY:Special Ability	DISPLAYLOCATION:Class Abilities	TYPE:NinjaoftheCrescentMoonClassAbility
ABILITYCATEGORY:Order of the Bow Initiate Class Ability				VISIBLE:QUALIFY	EDITABLE:YES		EDITPOOL:NO		CATEGORY:Special Ability	DISPLAYLOCATION:Class Abilities	TYPE:OrderoftheBowInitiateClassAbility
ABILITYCATEGORY:Ravager Class Ability							VISIBLE:QUALIFY	EDITABLE:YES		EDITPOOL:NO		CATEGORY:Special Ability	DISPLAYLOCATION:Class Abilities	TYPE:RavagerClassAbility
ABILITYCATEGORY:Red Avengers Class Ability						VISIBLE:QUALIFY	EDITABLE:YES		EDITPOOL:NO		CATEGORY:Special Ability	DISPLAYLOCATION:Class Abilities	TYPE:RedAvengersClassAbility
ABILITYCATEGORY:Tribal Protector Class Ability						VISIBLE:QUALIFY	EDITABLE:YES		EDITPOOL:NO		CATEGORY:Special Ability	DISPLAYLOCATION:Class Abilities	TYPE:TribalProtectorClassAbility
ABILITYCATEGORY:Warmaster Class Ability							VISIBLE:QUALIFY	EDITABLE:YES		EDITPOOL:NO		CATEGORY:Special Ability	DISPLAYLOCATION:Class Abilities	TYPE:WarmasterClassAbility
ABILITYCATEGORY:Weapon Master Class Ability						VISIBLE:QUALIFY	EDITABLE:YES		EDITPOOL:NO		CATEGORY:Special Ability	DISPLAYLOCATION:Class Abilities	TYPE:WeaponMasterClassAbility

ABILITYCATEGORY:Weapon Master Superior Weapon Focus					VISIBLE:QUALIFY	EDITABLE:YES		EDITPOOL:NO		CATEGORY:Internal			DISPLAYLOCATION:Class Abilities	ABILITYLIST:Weapon Master ~ Superior Weapon Focus