# CVS $Revision: $ $Author: $ -- Thu Aug  7 12:47:32 2014 -- reformated by prettylst.pl v1.51 (build 24365)

# Cavalier

# Class Name	Hit Dice	Type			Max Level	Source Page		Combat bonus										Bonus
CLASS:Cavalier	HD:10		TYPE:Prestige	MAXLEVEL:10	SOURCEPAGE:p.12	BONUS:COMBAT|BASEAB|classlevel("APPLIEDAS=NONEPIC")|TYPE=Base.REPLACE|PREVAREQ:UseAlternateBABProgression,0	BONUS:SAVE|BASE.Reflex|classlevel("APPLIEDAS=NONEPIC")/3	BONUS:SAVE|BASE.Fortitude,BASE.Will|classlevel("APPLIEDAS=NONEPIC")/2+2
# Class Name	Required AL		Multiple Requirements																			Required Skill										Required Text										PRETOTALAB
CLASS:Cavalier	PREALIGN:LG,LN,LE	PREMULT:2,[PREABILITY:4,CATEGORY=FEAT,Spirited Charge,Weapon Focus (Lance),Mounted Combat,Ride-by Attack],[PREABILITY:1,CATEGORY=FEAT,Weapon Focus (TYPE=Sword)]	PRESKILL:3,Handle Animal=4,Knowledge (Nobility and Royalty)=4,Ride=6	PRETEXT:Equipment: Masterwork heavy armor and masterwork large shield.	PRETOTALAB:8
# Class Name	Skill Pts/Lvl	Class Skill
CLASS:Cavalier	STARTSKILLPTS:2	CSKILL:Diplomacy|Intimidate|Knowledge (Nobility and Royalty)|TYPE=Profession|Ride
###Block:
1	BONUS:VAR|CavalierLanceMountedWeaponBonus|CL+1/2	BONUS:VAR|CavalierRideBonus|2+max(0,((CL-2)/2))	BONUS:VAR|CavalierTallInTheSaddleBonus|CL+1/2
2	BONUS:VAR|CavalierDeadlyChargeTimes|CL/2	BONUS:VAR|CavalierSwordMountedWeaponBonus|CL/2
###Block:
1	ABILITY:Cavalier Ability|AUTOMATIC|Cavalier ~ Weapon and Armor Proficiency|Cavalier ~ Knowledge (Nobility and Royalty)|Cavalier ~ Tall in the Saddle|Cavalier ~ Mounted Weapon Bonus|Cavalier ~ Ride Bonus
2	ABILITY:Cavalier Ability|AUTOMATIC|Cavalier ~ Deadly Charge
3	ABILITY:Cavalier Ability|AUTOMATIC|Cavalier ~ Burst of Speed
6	ABILITY:Cavalier Ability|AUTOMATIC|Cavalier ~ Full Mounted Attack

# Devoted Defender	3e Innuendo Skill

# Class Name		Hit Dice	Type			Max Level	Source Page		Combat bonus										Bonus
CLASS:Devoted Defender	HD:10		TYPE:Prestige	MAXLEVEL:10	SOURCEPAGE:p.13	BONUS:COMBAT|BASEAB|classlevel("APPLIEDAS=NONEPIC")|TYPE=Base.REPLACE|PREVAREQ:UseAlternateBABProgression,0	BONUS:SAVE|BASE.Will|classlevel("APPLIEDAS=NONEPIC")/3	BONUS:SAVE|BASE.Fortitude,BASE.Reflex|classlevel("APPLIEDAS=NONEPIC")/2+2
# Class Name		Required Feat						Required Skill					PRETOTALAB
CLASS:Devoted Defender	PREABILITY:2,CATEGORY=FEAT,Weapon Focus (TYPE=Melee),Alertness	PRESKILL:3,Search=4,Sense Motive=4,Spot=4	PRETOTALAB:5
# Class Name		Skill Pts/Lvl	Class Skill
CLASS:Devoted Defender	STARTSKILLPTS:2	CSKILL:Climb|TYPE=Innuendo|Jump|Listen|TYPE=Profession|Sense Motive|Search|Spot
1	ABILITY:Devoted Defender Ability|AUTOMATIC|Devoted Defender ~ Harm's Way|Devoted Defender ~ AC Bonus
2	ABILITY:Devoted Defender Ability|AUTOMATIC|Devoted Defender ~ Defensive Strike
3	ABILITY:Devoted Defender Ability|AUTOMATIC|Devoted Defender ~ Deflect Attack
###Block: Vars
3	BONUS:VAR|DevotedDefenderDefensiveStrikeBonus|(CL-2)/2
4	BONUS:VAR|DevotedDefenderDeflectAttackBonus|(CL-1)/2
1	BONUS:VAR|DevotedDefenderACBonus|(CL+1)/2

# Drunken Master

# Class Name		Hit Dice	Type			Max Level	Source Page		Attack Cycle	Combat bonus										Bonus
CLASS:Drunken Master	HD:8		TYPE:Prestige	MAXLEVEL:10	SOURCEPAGE:p.14	ATTACKCYCLE:UAB|3	BONUS:COMBAT|BASEAB|classlevel("APPLIEDAS=NONEPIC")|TYPE=Base.REPLACE|PREVAREQ:UseAlternateBABProgression,0	BONUS:SAVE|BASE.Fortitude,BASE.Reflex|classlevel("APPLIEDAS=NONEPIC")/2+2	BONUS:SAVE|BASE.Will|classlevel("APPLIEDAS=NONEPIC")/3
# Class Name		Required Ability								Required Feat				Required Skill		Required Text																									PREUATT	PRETOTALAB
CLASS:Drunken Master	PREABILITY:1,CATEGORY=Special Ability,TYPE.ClassEvasion	PREABILITY:2,CATEGORY=FEAT,Great Fortitude,Dodge	PRESKILL:1,Tumble=6	PRETEXT:must be chosen by existing drunken masters and survive night of revelry among them without being incarcerated, poisoned, or extraordinarily embarrassed.	PREUATT:4	PRETOTALAB:4
# Class Name		Skill Pts/Lvl	Class Skill
CLASS:Drunken Master	STARTSKILLPTS:4	CSKILL:Balance|Bluff|Climb|TYPE=Craft|Escape Artist|Hide|Jump|Listen|Move Silently|TYPE=Perform|TYPE=Profession|Swim|Tumble
###Block: Class Abilities
1	ABILITY:Drunken Master Ability|AUTOMATIC|Drunken Master ~ Drink like a Demon|Drunken Master ~ Bottle Proficiency
2	ABILITY:Drunken Master Ability|AUTOMATIC|Drunken Master ~ Stagger
3	ABILITY:Drunken Master Ability|AUTOMATIC|Drunken Master ~ Swaying Waist
4	ABILITY:Drunken Master Ability|AUTOMATIC|Drunken Master ~ Improvised Weapons
5	ABILITY:Drunken Master Ability|AUTOMATIC|Drunken Master ~ Drunken Rage
6	ABILITY:Drunken Master Ability|AUTOMATIC|Drunken Master ~ Lurch
7	ABILITY:Drunken Master Ability|AUTOMATIC|Drunken Master ~ Drunken Embrace
8	ABILITY:Drunken Master Ability|AUTOMATIC|Drunken Master ~ For Medicinal Purposes
9	ABILITY:Drunken Master Ability|AUTOMATIC|Drunken Master ~ Corkscrew Rush
10	ABILITY:Drunken Master Ability|AUTOMATIC|Drunken Master ~ Breath of Flame
###Block: Unarmed Attack Table
#		F   D   T   S   M   L    H    G   C
1	UDAM:1d2,1d3,1d4,1d6,1d8,1d10,1d12,2d8,2d10	UMULT:2
2	UDAM:1d2,1d3,1d4,1d6,1d8,1d10,1d12,2d8,2d10
3	UDAM:1d2,1d3,1d4,1d6,1d8,1d10,1d12,2d8,2d10
4	UDAM:1d2,1d3,1d4,1d6,1d8,1d10,1d12,2d8,2d10
#		F   D   T   S   M    L    H    G   C
5	UDAM:1d3,1d4,1d6,1d8,1d10,1d12,2d8,2d10,2d12
6	UDAM:1d3,1d4,1d6,1d8,1d10,1d12,2d8,2d10,2d12
7	UDAM:1d3,1d4,1d6,1d8,1d10,1d12,2d8,2d10,2d12
8	UDAM:1d3,1d4,1d6,1d8,1d10,1d12,2d8,2d10,2d12
#		F   D   T   S    M    L   H    G    C
9	UDAM:1d4,1d6,1d8,1d10,1d12,2d8,2d10,2d12,4d8
10	UDAM:1d4,1d6,1d8,1d10,1d12,2d8,2d10,2d12,4d8
###Block: AC Bonus
4	BONUS:COMBAT|AC|DrunkenMasterACBonus|TYPE=Class
###Block: Vars
4	BONUS:VAR|DrunkenMasterACBonus|2	DEFINE:DrunkenMasterACBonus|0
9	BONUS:VAR|DrunkenMasterACBonus|1
###Block: Movement Increase - due to the Static Movement, and unknown race, figured this was a safer method.
1	MOVE:Walk,50
3	MOVE:Walk,60
6	MOVE:Walk,70
9	MOVE:Walk,80

# Duelist, p.17 - this is a duplicate of DMG 3.5 (This original source is a 3e book. Leaving out as this class is outdated)

# FIST OF HEXTOR, p.18

# Class Name		Hit Dice	Type			Max Level	Source Page		Combat bonus										Bonus
CLASS:Fist of Hextor	HD:10		TYPE:Prestige	MAXLEVEL:10	SOURCEPAGE:p.18	BONUS:COMBAT|BASEAB|classlevel("APPLIEDAS=NONEPIC")|TYPE=Base.REPLACE|PREVAREQ:UseAlternateBABProgression,0	BONUS:SAVE|BASE.Fortitude|classlevel("APPLIEDAS=NONEPIC")/2+2	BONUS:SAVE|BASE.Will,BASE.Reflex|classlevel("APPLIEDAS=NONEPIC")/3
# Class Name		Required AL		Required Feat			Required Skill							Required Text																							Req. Weapond Prof.						PRETOTALAB
CLASS:Fist of Hextor	PREALIGN:LE,NE,LN	PREABILITY:2,CATEGORY=FEAT,Power Attack,Cleave	PRESKILL:3,Intimidate=4,Spot=4,Knowledge (Religion)=4	PRETEXT:Must worship Hextor, and must survive the ritual ceremony of induction into the Fists of Hextor (see Organizations on page 44 of this book).	PREWEAPONPROF:1,Spiked Gauntlet,Guantlet (Spiked)	PRETOTALAB:5
# Class Name		Skill Pts/Lvl	Class Skill
CLASS:Fist of Hextor	STARTSKILLPTS:2	CSKILL:Climb|Intimidate|Knowledge (Religion)|TYPE=Profession|Ride|Sense Motive|Spot
###Block: Abilities
1	ABILITY:Fist of Hextor Ability|AUTOMATIC|Fist of Hextor ~ Brutal Strike
2	ABILITY:Fist of Hextor Ability|AUTOMATIC|Fist of Hextor ~ Strength Boost
3	ABILITY:Fist of Hextor Ability|AUTOMATIC|Fist of Hextor ~ Frightful Presence
###Block: Vars
1	BONUS:VAR|FistOfHextorBrutalStrikeBonus|(CL+2)/3
2	BONUS:VAR|FistOfHextorStrengthBoostTimes|(CL+1)/3
3	BONUS:VAR|FistOfHextorFrightfulPresenceTimes|classlevel("APPLIEDAS=NONEPIC")/3

# Ghostwalker 20 - 3e skills present, move to the 3e folder when finished.

# Class Name	Hit Dice	Type			Max Level	Source Page		Combat bonus										Bonus
CLASS:Ghostwalker	HD:10		TYPE:Prestige	MAXLEVEL:10	SOURCEPAGE:p.20	BONUS:COMBAT|BASEAB|classlevel("APPLIEDAS=NONEPIC")|TYPE=Base.REPLACE|PREVAREQ:UseAlternateBABProgression,0	BONUS:SAVE|BASE.Fortitude,BASE.Will|classlevel("APPLIEDAS=NONEPIC")/2+2	BONUS:SAVE|BASE.Reflex|classlevel("APPLIEDAS=NONEPIC")/3
# Class Name	Required AL			Required Feat					Required Skill					PRETOTALAB
CLASS:Ghostwalker	PREALIGN:LG,LE,CG,CE,TN	PREABILITY:2,CATEGORY=FEAT,Endurance,Iron Will,Toughness	PRESKILL:2,Intimidate=4,Move Silently=4	PRETOTALAB:6
# Class Name	Skill Pts/Lvl	Class Skill
CLASS:Ghostwalker	STARTSKILLPTS:4	CSKILL:Bluff|Diplomacy|Gather Information|TYPE=Intuit Direction|Knowledge (Law)|TYPE=Profession|Spot|Listen|Move Silently|Sense Motive
###Block:
1	ABILITY:Ghostwalker Ability|AUTOMATIC|Ghostwalker ~ Painful Reckoning|Ghostwalker ~ Resolute Auras|Ghostwalker ~ Anonymity
2	ABILITY:Ghostwalker Ability|AUTOMATIC|Ghostwalker ~ Feign Death
3	ABILITY:Ghostwalker Ability|AUTOMATIC|Ghostwalker ~ Superior Iron Will
4	ABILITY:Ghostwalker Ability|AUTOMATIC|Ghostwalker ~ Etherealness
5	ABILITY:Ghostwalker Ability|AUTOMATIC|Ghostwalker ~ Shadow Walk
###Block:
1	BONUS:VAR|GhostwalkerPainfulReckoningBonus|CL
4	BONUS:VAR|GhostwalkerEtherealnessTimes|(CL-1)/3

# GLADIATOR

# Class Name	Hit Dice	Type			Max Level	Source Page		Combat bonus										Bonus
CLASS:Gladiator	HD:10		TYPE:Prestige	MAXLEVEL:10	SOURCEPAGE:p.21	BONUS:COMBAT|BASEAB|classlevel("APPLIEDAS=NONEPIC")|TYPE=Base.REPLACE|PREVAREQ:UseAlternateBABProgression,0	BONUS:SAVE|BASE.Fortitude|classlevel("APPLIEDAS=NONEPIC")/2+2	BONUS:SAVE|BASE.Reflex,BASE.Will|classlevel("APPLIEDAS=NONEPIC")/3
# Class Name	Required Feat					Required Skill					Required Text																								PRETOTALAB
CLASS:Gladiator	PREABILITY:2,CATEGORY=FEAT,TYPE=Fighter,TYPE=FighterBonus	PRESKILL:1,TYPE=Perform=4,Intimidate=4	PRETEXT:Must have at least two feats from the list of fighter bonus feats. You do not have to earn them as a fighter, but they must appear on that list.	PRETOTALAB:5
# Class Name	Skill Pts/Lvl	Class Skill
CLASS:Gladiator	STARTSKILLPTS:4	CSKILL:Bluff|Climb|TYPE=Craft|Handle Animal|Intimidate|Jump|TYPE=Perform|Ride|Tumble
###Block:
1	ABILITY:Gladiator Ability|AUTOMATIC|Gladiator ~ Improved Feint
2	ABILITY:Gladiator Ability|AUTOMATIC|Gladiator ~ Study Opponent
3	ABILITY:Gladiator Ability|AUTOMATIC|Gladiator ~ Exhaust Opponent
4	ABILITY:Gladiator Ability|AUTOMATIC|Gladiator ~ Roar Of The Crowd
6	ABILITY:Gladiator Ability|AUTOMATIC|Gladiator ~ Improved Coup De Grace
7	ABILITY:Gladiator Ability|AUTOMATIC|Gladiator ~ Poison Use
9	ABILITY:Gladiator Ability|AUTOMATIC|Gladiator ~ Make Them Bleed
10	ABILITY:Gladiator Ability|AUTOMATIC|Gladiator ~ The Crowd Goes Wild
###Block:
2	BONUS:VAR|GladiatorStudyOpponentBonus|(CL+1)/3

# Halfling Outrider	3e SKILLS!

# Class Name		Hit Dice	Type			Max Level	Source Page		Combat bonus										Bonus
CLASS:Halfling Outrider	HD:10		TYPE:Prestige	MAXLEVEL:10	SOURCEPAGE:p.22	BONUS:COMBAT|BASEAB|classlevel("APPLIEDAS=NONEPIC")|TYPE=Base.REPLACE|PREVAREQ:UseAlternateBABProgression,0	BONUS:SAVE|BASE.Reflex|classlevel("APPLIEDAS=NONEPIC")/2+2	BONUS:SAVE|BASE.Fortitude,BASE.Will|classlevel("APPLIEDAS=NONEPIC")/3
# Class Name		Required Feat					Required Race					Required Skill				PRETOTALAB
CLASS:Halfling Outrider	PREABILITY:2,CATEGORY=FEAT,Mounted Combat,Mounted Archery	PRERACE:1,Halfling,RACESUBTYPE=Halfling	PRESKILL:3,Listen=4,Ride=6,Spot=4	PRETOTALAB:5
# Class Name		Skill Pts/Lvl	Class Skill
CLASS:Halfling Outrider	STARTSKILLPTS:0	CSKILL:TYPE=Animal Empathy|Handle Animal|Listen|Ride|Search|Spot
###Block:
1	ABILITY:Halfling Outrider Ability|AUTOMATIC|Halfling Outrider ~ Alertness|Halfling Outrider ~ Ride Bonus|Halfling Outrider ~ AC Bonus
2	ABILITY:Halfling Outrider Ability|AUTOMATIC|Halfling Outrider ~ Defensive Ride
3	ABILITY:Halfling Outrider Ability|AUTOMATIC|Halfling Outrider ~ Deflect Attack
5	ABILITY:Halfling Outrider Ability|AUTOMATIC|Halfling Outrider ~ Leap from the Saddle
###Block:
2	BONUS:VAR|HalflingOutriderDefensiveRideTimes|CL/2
3	BONUS:VAR|HalflingOutriderDeflectAttackBonus|1
7	BONUS:VAR|HalflingOutriderDeflectAttackBonus|1
9	BONUS:VAR|HalflingOutriderDeflectAttackBonus|1
1	BONUS:VAR|HalflingOutriderACBonus|(CL+1)/2

# Knight Protector of the Great Kingdom

# Class Name						Hit Dice	Type			Max Level	Source Page		Combat bonus										Bonus
CLASS:Knight Protector of the Great Kingdom	HD:10		TYPE:Prestige	MAXLEVEL:10	SOURCEPAGE:p.24	BONUS:COMBAT|BASEAB|classlevel("APPLIEDAS=NONEPIC")|TYPE=Base.REPLACE|PREVAREQ:UseAlternateBABProgression,0	BONUS:SAVE|BASE.Will|classlevel("APPLIEDAS=NONEPIC")/2+2	BONUS:SAVE|BASE.Fortitude,BASE.Reflex|classlevel("APPLIEDAS=NONEPIC")/3
# Class Name						Required AL		Required Feat								Required Armor Proficiencies	Required Race								Required Skill									Required Text					PRETOTALAB
CLASS:Knight Protector of the Great Kingdom	PREALIGN:LG,LN,LE	PREABILITY:4,CATEGORY=FEAT,Power Attack,Cleave,Mounted Combat,Great Cleave	PREPROFWITHARMOR:1,TYPE=Heavy	PRERACE:1,RACESUBTYPE=Dwarf,RACESUBTYPE=Elf,Half-Elf,Human	PRESKILL:3,Diplomacy=6,Knowledge (Nobility and Royalty)=4,Ride=6	PRETEXT:Gain membership in the order.	PRETOTALAB:4
# Class Name						Skill Pts/Lvl	Class Skill
CLASS:Knight Protector of the Great Kingdom	STARTSKILLPTS:2	CSKILL:Diplomacy|Intimidate|Knowledge (Nobility and royalty)|Ride|Spot
###Block:
1	ABILITY:Knight Protector of the Great Kingdom Ability|AUTOMATIC|Knight Protector of the Great Kingdom ~ Defensive Blow|Knight Protector of the Great Kingdom ~ Shining Beacon
2	ABILITY:Knight Protector of the Great Kingdom Ability|AUTOMATIC|Knight Protector of the Great Kingdom ~ Best Effort|Knight Protector of the Great Kingdom ~ Iron Will
3	ABILITY:Knight Protector of the Great Kingdom Ability|AUTOMATIC|Knight Protector of the Great Kingdom ~ Supreme Cleave
6	ABILITY:Knight Protector of the Great Kingdom Ability|AUTOMATIC|Knight Protector of the Great Kingdom ~ No Mercy
###Block: Vars
1	BONUS:VAR|KPotGKDefensiveBlowBonus|2
4	BONUS:VAR|KPotGKDefensiveBlowBonus|1
7	BONUS:VAR|KPotGKDefensiveBlowBonus|1
10	BONUS:VAR|KPotGKDefensiveBlowBonus|1
2	BONUS:VAR|KPotGKBestEffortBonus|2
5	BONUS:VAR|KPotGKBestEffortBonus|1
8	BONUS:VAR|KPotGKBestEffortBonus|1
10	BONUS:VAR|KPotGKBestEffortBonus|1
6	BONUS:VAR|KPotGKNoMercyBonus|(CL-3)/3

# Lasher

# Class Name	Hit Dice	Type			Max Level	Source Page		Combat bonus										Bonus
CLASS:Lasher	HD:10		TYPE:Prestige	MAXLEVEL:10	SOURCEPAGE:p.25	BONUS:COMBAT|BASEAB|classlevel("APPLIEDAS=NONEPIC")|TYPE=Base.REPLACE|PREVAREQ:UseAlternateBABProgression,0	BONUS:SAVE|BASE.Reflex|classlevel("APPLIEDAS=NONEPIC")/2+2	BONUS:SAVE|BASE.Fortitude,BASE.Will|classlevel("APPLIEDAS=NONEPIC")/3
# Class Name	Required Feat			Multiple Requirements										Required Skill						Required Text																										PRETOTALAB
CLASS:Lasher	PREABILITY:1,CATEGORY=FEAT,Weapon Focus (Whip)	PREMULT:1,[PREABILITY:1,CATEGORY=FEAT,Exotic Weapon Proficiency (Whip)],[PREWEAPONPROF:1,Whip]	PRESKILL:2,Rope Use=2,Craft (Leatherworking)=2	PRETEXT:The lasher must own a whip or whip dagger (see Chapter 5). Usually, a lasher owns both types of whip (and, if wealthy enough, mighty versions of both types).	PRETOTALAB:5
# Class Name	Skill Pts/Lvl	Class Skill
CLASS:Lasher	STARTSKILLPTS:2	CSKILL:Balance|TYPE=Craft|Escape Artist|Intimidate|Jump|Spot|Use Rope
###Block:
1	ABILITY:Lasher Ability|AUTOMATIC|Lasher ~ Whip Sneak Attack|Lasher ~ Close Combat|Lasher ~ Wound|Lasher ~ Whip Lash
2	ABILITY:Lasher Ability|AUTOMATIC|Lasher ~ Improved Trip|Lasher ~ Third Hand
3	ABILITY:Lasher Ability|AUTOMATIC|Lasher ~ Crack Of Fate
4	ABILITY:Lasher Ability|AUTOMATIC|Lasher ~ Lashing Whip
6	ABILITY:Lasher Ability|AUTOMATIC|Lasher ~ Improved Disarm
7	ABILITY:Lasher Ability|AUTOMATIC|Lasher ~ Stunning Snap
8	ABILITY:Lasher Ability|AUTOMATIC|Lasher ~ Crack Of Doom
10	ABILITY:Lasher Ability|AUTOMATIC|Lasher ~ Death Spiral
###Block:
1	BONUS:VAR|SneakAttackDice|(CL+3)/4

# Master of Chains

# Class Name		Hit Dice	Type			Max Level	Source Page		Combat bonus										Bonus
CLASS:Master of Chains	HD:10		TYPE:Prestige	MAXLEVEL:10	SOURCEPAGE:p.27	BONUS:COMBAT|BASEAB|classlevel("APPLIEDAS=NONEPIC")|TYPE=Base.REPLACE|PREVAREQ:UseAlternateBABProgression,0	BONUS:SAVE|BASE.Reflex|classlevel("APPLIEDAS=NONEPIC")/2+2	BONUS:SAVE|BASE.Fortitude,BASE.Will|classlevel("APPLIEDAS=NONEPIC")/3
# Class Name		Restricted AL		Required Feat																									Required Skill							Required Stat
CLASS:Master of Chains	!PREALIGN:LG,NG,CG	PREABILITY:6,CATEGORY=FEAT,Exotic Weapon Proficiency (Chain (Spiked)),Expertise,Improved Trip,Improved Disarm,Weapon Focus (Chain (Spiked)),Weapon Specialization (Chain (Spiked))	PRESKILL:3,Escape Artist=6,Open Lock=4,Intimidate=4	PRESTAT:1,INT=13
# Class Name		Skill Pts/Lvl	Class Skill
CLASS:Master of Chains	STARTSKILLPTS:4	CSKILL:Balance|Climb|Craft (Metalworking)|Escape Artist|Hide|Intimidate|Open Lock
###Block
1	ABILITY:Master of Chains Ability|AUTOMATIC|Master of Chains ~ Scare
2	ABILITY:Master of Chains Ability|AUTOMATIC|Master of Chains ~ Climb Fighting
3	ABILITY:Master of Chains Ability|AUTOMATIC|Master of Chains ~ Superior Weapon Focus
4	ABILITY:Master of Chains Ability|AUTOMATIC|Master of Chains ~ Chain Bind
5	ABILITY:Master of Chains Ability|AUTOMATIC|Master of Chains ~ Chain Armor|Master of Chains ~ Double Chain
6	ABILITY:Master of Chains Ability|AUTOMATIC|Master of Chains ~ Deflect Attacks
7	ABILITY:Master of Chains Ability|AUTOMATIC|Master of Chains ~ Superior Weapon Specialization
8	ABILITY:Master of Chains Ability|AUTOMATIC|Master of Chains ~ Superior Barbed Chain
9	ABILITY:Master of Chains Ability|AUTOMATIC|Master of Chains ~ Swinging Attack
10	ABILITY:Master of Chains Ability|AUTOMATIC|Master of Chains ~ Chain Mastery

# Master Samurai

# Class Name		Hit Dice	Type			Max Level	Source Page		Combat bonus										Bonus
CLASS:Master Samurai	HD:		TYPE:Prestige	MAXLEVEL:10	SOURCEPAGE:p.29	BONUS:COMBAT|BASEAB|classlevel("APPLIEDAS=NONEPIC")|TYPE=Base.REPLACE|PREVAREQ:UseAlternateBABProgression,0	BONUS:SAVE|BASE.Reflex,BASE.Will|classlevel("APPLIEDAS=NONEPIC")/2+2	BONUS:SAVE|BASE.Fortitude|classlevel("APPLIEDAS=NONEPIC")/3
# Class Name		Required Feat																	Required Skill									PRETOTALAB
CLASS:Master Samurai	PREABILITY:6,CATEGORY=FEAT,Cleave,Improved Initiative,Mounted Archery,Mounted Combat,Power Attack,Weapon Focus (Sword (Bastard))	PRESKILL:3,Knowledge (nobility and royalty)=4,Ride=4,Intimidate=4	PRETOTALAB:5
# Class Name		Skill Pts/Lvl	Class Skill
CLASS:Master Samurai	STARTSKILLPTS:2	CSKILL:Intimidate|Jump|Knowledge (Code of Martial Honor)|Knowledge (Nobility and Royalty)|Ride|Tumble
###Block:
1	ABILITY:Master Samurai Ability|AUTOMATIC|Master Samurai ~ Tumble Bonus|Master Samurai ~ Great Cleave
2	ABILITY:Master Samurai Ability|AUTOMATIC|Master Samurai ~ Blades of Fury|Master Samurai ~ Supreme Cleave
3	ABILITY:Master Samurai Ability|AUTOMATIC|Master Samurai ~ Supreme Mobility
4	ABILITY:Master Samurai Ability|AUTOMATIC|Master Samurai ~ Blades of Death
5	ABILITY:Master Samurai Ability|AUTOMATIC|Master Samurai ~ Ki Strength
6	ABILITY:Master Samurai Ability|AUTOMATIC|Master Samurai ~ Ki Attack
###Block:
5	BONUS:VAR|MasterSamuraiKiStrengthTimes|(CL-3)/2
6	BONUS:VAR|MasterSamuraiKiAttackTimes|(CL-4)/2

# Ninja of the Crescent Moon

# Class Name				Hit Dice	Type			Max Level	Source Page		Define					Combat bonus															Modify VAR																					Bonus
CLASS:Ninja of the Crescent Moon	HD:8		TYPE:Prestige	MAXLEVEL:10	SOURCEPAGE:p.30	DEFINE:NinjaOfTheCrescentMoonLVL|0	BONUS:COMBAT|BASEAB|classlevel("APPLIEDAS=NONEPIC")*3/4|TYPE=Base.REPLACE|PREVAREQ:UseAlternateBABProgression,0	BONUS:VAR|NinjaOfTheCrescentMoonLVL|CL	BONUS:VAR|ClassBABModerate|classlevel("APPLIEDAS=NONEPIC")|PREVAREQ:UseFractionalBAB,1	BONUS:SAVE|BASE.Reflex|classlevel("APPLIEDAS=NONEPIC")/2+2	BONUS:SAVE|BASE.Fortitude,BASE.Will|classlevel("APPLIEDAS=NONEPIC")/3
# Class Name				Required Ability							Required Feat								Required Skill				Required Text										PRETOTALAB
CLASS:Ninja of the Crescent Moon	PREABILITY:1,CATEGORY=Special Ability,TYPE.Evasion	PREABILITY:3,CATEGORY=FEAT,Improved Unarmed Strike,Deflect Arrows,Quick-Draw	PRESKILL:2,Move Silently=10,Hide=10	PRETEXT:Evasion class feature, must contact Crescent Moon leadership.	PRETOTALAB:6
# Class Name				Skill Pts/Lvl	Class Skill
CLASS:Ninja of the Crescent Moon	STARTSKILLPTS:4	CSKILL:TYPE=Alchemy|Balance|Climb|TYPE=Craft|Escape Artist|Hide|Jump|Listen|Move Silently|Swim|Tumble
###Block:
1	ABILITY:Ninja of the Crescent Moon Ability|AUTOMATIC|Ninja of the Crescent Moon ~ Monk-Like Armor Bonuses|Ninja of the Crescent Moon ~ Sneak Attack
2	ABILITY:Ninja of the Crescent Moon Ability|AUTOMATIC|Ninja of the Crescent Moon ~ Improved Evasion|Ninja of the Crescent Moon ~ Kuji-Kiri
3	ABILITY:Ninja of the Crescent Moon Ability|AUTOMATIC|Ninja of the Crescent Moon ~ Poison Use
4	ABILITY:Ninja of the Crescent Moon Ability|AUTOMATIC|Ninja of the Crescent Moon ~ AC Bonus|Ninja of the Crescent Moon ~ Fast Climbing|Ninja of the Crescent Moon ~ Silencing Attack
5	ABILITY:Ninja of the Crescent Moon Ability|AUTOMATIC|Ninja of the Crescent Moon ~ Fast Sneak
6	ABILITY:Ninja of the Crescent Moon Ability|AUTOMATIC|Ninja of the Crescent Moon ~ Invisibility|Ninja of the Crescent Moon ~ Opportunist
7	ABILITY:Ninja of the Crescent Moon Ability|AUTOMATIC|Ninja of the Crescent Moon ~ Gaseous Form
8	ABILITY:Ninja of the Crescent Moon Ability|AUTOMATIC|Ninja of the Crescent Moon ~ Improved Kuji-Kiri
9	ABILITY:Ninja of the Crescent Moon Ability|AUTOMATIC|Ninja of the Crescent Moon ~ Blindsight
10	ABILITY:Ninja of the Crescent Moon Ability|AUTOMATIC|Ninja of the Crescent Moon ~ Always Sneaky|Ninja of the Crescent Moon ~ Ethereal Jaunt
###Block:
1	BONUS:VAR|SneakAttackDice|(CL+1)/2
4	BONUS:VAR|NotCMACBonus|1		DEFINE:NotCMACBonus|0
9	BONUS:VAR|NotCMACBonus|1

# Order of the Bow Initiate

# Class Name				Hit Dice	Type			Max Level	Source Page		Combat bonus										Bonus
CLASS:Order of the Bow Initiate	HD:10		TYPE:Prestige	MAXLEVEL:10	SOURCEPAGE:p.32	BONUS:COMBAT|BASEAB|classlevel("APPLIEDAS=NONEPIC")|TYPE=Base.REPLACE|PREVAREQ:UseAlternateBABProgression,0	BONUS:SAVE|BASE.Reflex,BASE.Will|classlevel("APPLIEDAS=NONEPIC")/2+2	BONUS:SAVE|BASE.Fortitude|classlevel("APPLIEDAS=NONEPIC")/3
# Class Name				Required Feat																	Required Skill				Req. Weapond Prof.		PRETOTALAB
CLASS:Order of the Bow Initiate	PREABILITY:5,CATEGORY=FEAT,Point Blank Shot, Precise Shot, Rapid Shot,Weapon Focus (TYPE=Bow),Weapon Specialization (TYPE=Bow)	PRESKILL:1,Knowledge (Religion)=2	PREWEAPONPROF:1,TYPE.Bow	PRETOTALAB:5
# Class Name				Skill Pts/Lvl	Class Skill
CLASS:Order of the Bow Initiate	STARTSKILLPTS:2	CSKILL:Knowledge (Religion)|Craft (Bowmaking)|Spot|Swim|Ride
###Block:
1	ABILITY:Order of the Bow Initiate Ability|AUTOMATIC|Order of the Bow Initiate ~ Ranged Sneak Attack
2	ABILITY:Order of the Bow Initiate Ability|AUTOMATIC|Order of the Bow Initiate ~ Close Combat Shot
4	ABILITY:Order of the Bow Initiate Ability|AUTOMATIC|Order of the Bow Initiate ~ Superior Weapon Focus
6	ABILITY:Order of the Bow Initiate Ability|AUTOMATIC|Order of the Bow Initiate ~ Free Attack|Order of the Bow Initiate ~ Zen Archery
7	ABILITY:Order of the Bow Initiate Ability|AUTOMATIC|Order of the Bow Initiate ~ Superior Weapon Specialization
9	ABILITY:Order of the Bow Initiate Ability|AUTOMATIC|Order of the Bow Initiate ~ Banked Shot
###Block:
1	BONUS:VAR|OotBIRangedSneakAttackDice|1
3	BONUS:VAR|OotBIRangedSneakAttackDice|1
5	BONUS:VAR|OotBIRangedSneakAttackDice|1
8	BONUS:VAR|OotBIRangedSneakAttackDice|1
10	BONUS:VAR|OotBIRangedSneakAttackDice|1

# Ravager

# Class Name	Hit Dice	Type			Max Level	Source Page		Combat bonus										Bonus
CLASS:Ravager	HD:10		TYPE:Prestige	MAXLEVEL:10	SOURCEPAGE:p.33	BONUS:COMBAT|BASEAB|classlevel("APPLIEDAS=NONEPIC")|TYPE=Base.REPLACE|PREVAREQ:UseAlternateBABProgression,0	BONUS:SAVE|BASE.Fortitude|classlevel("APPLIEDAS=NONEPIC")/2+2	BONUS:SAVE|BASE.Reflex,BASE.Will|classlevel("APPLIEDAS=NONEPIC")/3
# Class Name	Required AL		Required Feat						Required Skill										Required Text																		PRETOTALAB
CLASS:Ravager	PREALIGN:CE,CN,NE	PREABILITY:3,CATEGORY=FEAT,Dirty Fighting,Power Attack,Sunder	PRESKILL:1,Intimidate=3,Knowledge (Religion)=3,TYPE=Wilderness Lore=4	PRETEXT:Must survive the Ravager initiation rites (See the Ravager organization description on page 50 of this book.)	PRETOTALAB:5
# Class Name	Skill Pts/Lvl	Class Skill
CLASS:Ravager	STARTSKILLPTS:2	CSKILL:Intimidate|Knowledge (Religion)|Move Silently|TYPE=Profession|Ride
###Block:
1	ABILITY:Ravager Ability|AUTOMATIC|Ravager ~ Pain Touch
2	ABILITY:Ravager Ability|AUTOMATIC|Ravager ~ Aura Of Fear
3	ABILITY:Ravager Ability|AUTOMATIC|Ravager ~ Cruelest Cut
10	ABILITY:Ravager Ability|AUTOMATIC|Ravager ~ Visage Of Terror
###Block:
1	BONUS:VAR|RavagerPainTouchTimes|(CL+2)/3									DEFINE:RavagerPainTouchTimes|0
2	BONUS:VAR|RavagerAuraOfFearTimes|(CL+1)/3	BONUS:VAR|RavagerAuraOfFearRange|((CL+1)/3)*10	DEFINE:RavagerAuraOfFearTimes|0	DEFINE:RavagerAuraOfFearRange|0
3	BONUS:VAR|RavagerCruelestCutTimes|CL/3									DEFINE:RavagerCruelestCutTimes|0

# Red Avengers

# Class Name		Hit Dice	Type			Max Level	Source Page		Combat bonus								Modify VAR									Bonus
CLASS:Red Avengers	HD:8		TYPE:Prestige	MAXLEVEL:10	SOURCEPAGE:p.34	BONUS:COMBAT|BASEAB|(CL+1)*3/4|PREVAREQ:UseAlternateBABProgression,0	BONUS:VAR|ClassBABModerate|CL+1|PREVAREQ:UseFractionalBAB,1	BONUS:SAVE|BASE.Fortitude,BASE.Reflex,BASE.Will|classlevel("APPLIEDAS=NONEPIC")/2+2
# Class Name		Required Feat						Required Skill			PRETOTALAB
CLASS:Red Avengers	PREABILITY:2,CATEGORY=FEAT,Improved Unarmed Strike,Stunning Fist	PRESKILL:2,Listen=8,Tumble=8	PRETOTALAB:5
# Class Name		Skill Pts/Lvl	Class Skill
CLASS:Red Avengers	STARTSKILLPTS:4	CSKILL:Balance|Gather Information|Hide|Listen|Move Silently|Spot|Tumble
###Block:
1	ABILITY:Red Avengers Ability|AUTOMATIC|Red Avengers ~ Stunning Shout
2	ABILITY:Red Avengers Ability|AUTOMATIC|Red Avengers ~ Ki Save
3	ABILITY:Red Avengers Ability|AUTOMATIC|Red Avengers ~ Ki Skill
4	ABILITY:Red Avengers Ability|AUTOMATIC|Red Avengers ~ Ki Healing
5	ABILITY:Red Avengers Ability|AUTOMATIC|Red Avengers ~ Deadly Shout
8	ABILITY:Red Avengers Ability|AUTOMATIC|Red Avengers ~ Greater Ki Healing
10	ABILITY:Red Avengers Ability|AUTOMATIC|Red Avengers ~ Free Ki
###Block:
1	BONUS:VAR|RedAvengersStunningShoutTimes|1
5	BONUS:VAR|RedAvengersStunningShoutTimes|1
9	BONUS:VAR|RedAvengersStunningShoutTimes|1
5	BONUS:VAR|RedAvengersDeadlyShoutTimes|1
9	BONUS:VAR|RedAvengersDeadlyShoutTimes|1
2	BONUS:VAR|RedAvengersKiSaveTimes|1
6	BONUS:VAR|RedAvengersKiSaveTimes|1
3	BONUS:VAR|RedAvengersKiSkillTimes|1
7	BONUS:VAR|RedAvengersKiSkillTimes|1

# Tribal Protector	3e Skills and PRESKILL using it

# Class Name		Hit Dice	Type			Max Level	Source Page		Combat bonus										Bonus
CLASS:Tribal Protector	HD:10		TYPE:Prestige	MAXLEVEL:10	SOURCEPAGE:p.35	BONUS:COMBAT|BASEAB|classlevel("APPLIEDAS=NONEPIC")|TYPE=Base.REPLACE|PREVAREQ:UseAlternateBABProgression,0	BONUS:SAVE|BASE.Fortitude,BASE.Reflex|classlevel("APPLIEDAS=NONEPIC")/2+2	BONUS:SAVE|BASE.Will|classlevel("APPLIEDAS=NONEPIC")/3
# Class Name		Required Feat						Multiple Requirements																												Required Skill				Required Text												PRETOTALAB
CLASS:Tribal Protector	PREABILITY:3,CATEGORY=FEAT,Power Attack,Cleave,Great Cleave	PREMULT:2,[PRERACE:1,RACETYPE=Humanoid,RACETYPE=Monstrous Humanoid],[!PRERACE:1,RACESUBTYPE=Human,RACESUBTYPE=Dwarf,RACESUBTYPE=Elf,RACESUBTYPE=Gnome,RACESUBTYPE=Halfling,Half-Elf]	PRESKILL:1,TYPE.Wilderness Lore=4	PRETEXT:Alignment: The same alignment as the majority of the character's tribe.	PRETOTALAB:5
# Class Name		Skill Pts/Lvl	Class Skill
CLASS:Tribal Protector	STARTSKILLPTS:2	CSKILL:Bluff|Climb|TYPE=Craft|Hide|Intimidate|TYPE=Intuit Direction|Jump|Move Silently|Sense Motive|TYPE=Wilderness Lore
###Block:
1	ABILITY:Tribal Protector Ability|AUTOMATIC|Tribal Protector ~ Bonus Feat|Tribal Protector ~ Tribal Enemy|Tribal Protector ~ Homeland
2	ABILITY:Tribal Protector Ability|AUTOMATIC|Tribal Protector ~ Wild Fighting
3	ABILITY:Tribal Protector Ability|AUTOMATIC|Tribal Protector ~ Terrain AC Bonus
4	ABILITY:Tribal Protector Ability|AUTOMATIC|Tribal Protector ~ Smite
###Block:
1	BONUS:VAR|TribalProtectorBonusFeatCount|1
3	BONUS:VAR|TribalProtectorTerrainACBonus|2
4	BONUS:VAR|TribalProtectorSmiteTimes|(CL-1)/3
5	BONUS:VAR|TribalProtectorBonusFeatCount|1

6	BONUS:VAR|TribalProtectorTerrainACBonus|1
8	BONUS:VAR|TribalProtectorTerrainACBonus|1
9	BONUS:VAR|TribalProtectorBonusFeatCount|1

# Warmaster

# Class Name	Hit Dice	Type			Max Level	Source Page		Combat bonus										Bonus
CLASS:Warmaster	HD:10		TYPE:Prestige	MAXLEVEL:10	SOURCEPAGE:p.37	BONUS:COMBAT|BASEAB|classlevel("APPLIEDAS=NONEPIC")|TYPE=Base.REPLACE|PREVAREQ:UseAlternateBABProgression,0	BONUS:SAVE|BASE.Fortitude|classlevel("APPLIEDAS=NONEPIC")/2+2	BONUS:SAVE|BASE.Reflex,BASE.Will|classlevel("APPLIEDAS=NONEPIC")/3
# Class Name	Restricted AL			Required Feat						Multiple Requirements											Required Skill		PRETOTALAB
CLASS:Warmaster	!PREALIGN:CG,CN,CE,NE,LE	PREABILITY:2,CATEGORY=FEAT,Leadership,Weapon Specialization	PREMULT:1,[PREWEAPONPROF:1,TYPE.Martial],[PREABILITY:1,CATEGORY=FEAT,Martial Weapon Proficiency]	PRESKILL:1,Diplomacy=5	PRETOTALAB:7
# Class Name	Skill Pts/Lvl	Class Skill
CLASS:Warmaster	STARTSKILLPTS:4	CSKILL:Bluff|type=Craft|Diplomacy|Intimidate|TYPE=Knowledge|TYPE=Profession|Ride|Sense Motive
###Block:
1	ABILITY:Warmaster Ability|AUTOMATIC|Warmaster ~ Brotherhood|Warmaster ~ Leadership Bonus
2	ABILITY:Warmaster Ability|AUTOMATIC|Warmaster ~ Battle Cry
3	ABILITY:Warmaster Ability|AUTOMATIC|Warmaster ~ Direct Troops
4	ABILITY:Warmaster Ability|AUTOMATIC|Warmaster ~ Tower|Warmaster ~ Rally Troops
5	ABILITY:Warmaster Ability|AUTOMATIC|Warmaster ~ Hard March
6	ABILITY:Warmaster Ability|AUTOMATIC|Warmaster ~ Keep
7	ABILITY:Warmaster Ability|AUTOMATIC|Warmaster ~ Battle Standard
8	ABILITY:Warmaster Ability|AUTOMATIC|Warmaster ~ Castle
9	ABILITY:Warmaster Ability|AUTOMATIC|Warmaster ~ Die for your Country
10	ABILITY:Warmaster Ability|AUTOMATIC|Warmaster ~ Huge Castle
###Block:
1	BONUS:VAR|WarmasterLeadershipBonus|(CL+1)/2


# Weapon Master

# Class Name		Hit Dice	Type			Max Level	Source Page		Define				Combat bonus										Modify VAR				Bonus
CLASS:Weapon Master	HD:10		TYPE:Prestige	MAXLEVEL:10	SOURCEPAGE:p.38	DEFINE:WeaponMasterLVL|0	BONUS:COMBAT|BASEAB|classlevel("APPLIEDAS=NONEPIC")|TYPE=Base.REPLACE|PREVAREQ:UseAlternateBABProgression,0	BONUS:VAR|WeaponMasterLVL|CL	BONUS:SAVE|BASE.Reflex|classlevel("APPLIEDAS=NONEPIC")/2+2	BONUS:SAVE|BASE.Fortitude,BASE.Will|classlevel("APPLIEDAS=NONEPIC")/3
# Class Name		Required Feat												Required Skill		Required Stat	Required Text																PRETOTALAB
CLASS:Weapon Master	PREABILITY:6,CATEGORY=FEAT,Dodge,Mobility,Combat Reflexes,Expertise,Weapon Focus,Whirlwind Attack	PRESKILL:1,Intimidate=4	PRESTAT:1,DEX=13	PRETEXT:Proficiency: With your weapon of choice.	PRETEXT:Weapon: Masterwork weapon (unless unarmed).	PRETOTALAB:5
# Class Name		Skill Pts/Lvl	Class Skill
CLASS:Weapon Master	STARTSKILLPTS:2	CSKILL:Intimidate|Knowledge (Weaponry)|Listen|Sense Motive|Spot
###Block:
1	ABILITY:Weapon Master Ability|AUTOMATIC|Weapon Master ~ Ki Damage
2	ABILITY:Weapon Master Ability|AUTOMATIC|Weapon Master ~ Increased Multiplier
3	ABILITY:Weapon Master Ability|AUTOMATIC|Weapon Master ~ Superior Weapon Focus
5	ABILITY:Weapon Master Ability|AUTOMATIC|Weapon Master ~ Superior Combat Reflexes
7	ABILITY:Weapon Master Ability|AUTOMATIC|Weapon Master ~ Ki Critical
9	ABILITY:Weapon Master Ability|AUTOMATIC|Weapon Master ~ Ki Whirlwind Attack
###Block:
1	BONUS:VAR|WeaponMasterKiDamageTimes|CL
2	BONUS:VAR|WeaponMasterIncreasedMultiplierTimes|CL/2
