
# Cultist of the Shattered Peak
Weapons and Armor Proficiency		KEY:CotSP ~ Weapons and Armor		CATEGORY:Special Ability		TYPE:Class Feature.SpecialQuality.Cultist of the Shattered Peak Class Feature
Spells								KEY:CotSP ~ Spells					CATEGORY:Special Ability		TYPE:Class Feature.SpecialQuality.Cultist of the Shattered Peak Class Feature	
Ominous Presence					KEY:CotSP ~ Ominous Presence		CATEGORY:Special Ability		TYPE:Extraordinary.Class Feature.SpecialQuality.Cultist of the Shattered Peak Class Feature		BONUS:SKILL|Bluff,Intimidate|CotSPLVL	
Zeal								KEY:CotSP ~ Zeal					CATEGORY:Special Ability		TYPE:Extraordinary.Class Feature.SpecialQuality.Cultist of the Shattered Peak Class Feature		ASPECT:SaveBonus|+1 morale bonus against arcane spells and effects.		ASPECT:CombatBonus|+1 morale bonus against arcane casters.
Sneak Attack						KEY:CotSP ~ Sneak Attack			CATEGORY:Special Ability		TYPE:Extraordinary.Class Feature.SpecialQuality.Cultist of the Shattered Peak Class Feature		BONUS:VAR|SneakAttackDice|(CotSPLVL/2)
Smite Mage							KEY:CotSP ~ Smite Mage				CATEGORY:Special Ability		TYPE:Supernatural.Class Feature.SpecialAttack.Cultist of the Shattered Peak Class Feature	
Death Attack						KEY:CotSP ~ Death Attack			CATEGORY:Special Ability		TYPE:Extraordinary.Class Feature.SpecialAttack.Cultist of the Shattered Peak Class Feature	

CATEGORY=Special Ability|CotSP ~ Weapons and Armor.MOD	DESC:Cultists of the Shattered Peak are proficient with all simple and martial weapons, as well as with light armor and bucklers.
CATEGORY=Special Ability|CotSP ~ Spells.MOD				DESC:Cultists of the Shattered Peak can cast a limited number of arcane spells. Cultist must have an Intelligence score of at 10 + the spell's level. Bonus spells are based on Intelligence and saving throws against these spells have a DC of 10 + spell level + INT modifier. Bonus spells are also based upon Intelligence. Cultists can learn Sorcerer/Wizard spells from the schools of Abjuration or Enchantment only. Spells are prepared and cast in the same was a Wizard.
CATEGORY=Special Ability|CotSP ~ Ominous Presence.MOD	DESC:Cultists gain a bonus equal to their class level on all Bluff and Intimidate checks.
CATEGORY=Special Ability|CotSP ~ Zeal.MOD				DESC:Cultists gain a +1 morale bonus on attack rolls against arcane casters and a +1 morale bonus against arcane spells and effects. These bonuses do not apply a creature with arcane spell-like abilities unless it is also an arcane caster.
CATEGORY=Special Ability|CotSP ~ Sneak Attack.MOD		DESC:Beginning at 2nd level, Cultists deal 1d6 extra damage when they flank an opponent or at any time when the target is denied its Dexterity bonus. This bonus damage increases to 2d6 at 4th level. This combines with the sneak attack of other classes.
CATEGORY=Special Ability|CotSP ~ Smite Mage.MOD			DESC:Beginning at 3rd level, a Cultist can attempt to smite an arcane spell caster with one normal melee attack once per day. Cultists add their CHA (%1) to their attack roll and deal 1 point of extra damage per class level (%2) on a successful attack. If the target is not an arcane spellcaster, the smite has no effect but the ability is still used up for the day.|CHA|CotSPLVL
CATEGORY=Special Ability|CotSP ~ Death Attack.MOD		DESC:At 5th level, a Cultist gains a death attack that works like the assassin ability of the same name, except the DC of the Fortitude check to avoid the death or paralysis is 15 + INT (%1)|(15+INT)


# Glorious Servitor
Bestial Form		KEY:Glorious Servitor ~ Bestial Form		CATEGORY:Special Ability	TYPE:Supernatural.Class Feature.SpecialQuality.Glorious Servitor Class Feature
Fearlessness		KEY:Glorious Servitor ~ Fearlessness		CATEGORY:Special Ability	TYPE:Supernatural.Class Feature.SpecialQuality.Glorious Servitor Class Feature		ASPECT:SaveBonus|Immune to fear effects
Spell Resistance	KEY:Glorious Servitor ~ Spell Resistance	CATEGORY:Special Ability	TYPE:Supernatural.Class Feature.SpecialQuality.Glorious Servitor Class Feature		SR:(12+GloriousServitorLVL)
Divine Shield		KEY:Glorious Servitor ~ Divine Shield		CATEGORY:Special Ability	TYPE:Supernatural.Class Feature.SpecialQuality.Glorious Servitor Class Feature					
Increased Strength	KEY:Glorious Servitor ~ Increased Strength	CATEGORY:Special Ability	TYPE:Extraordinary.Class Feature.SpecialQuality.Glorious Servitor Class Feature		BONUS:STAT|STR|GSDivineStrengthBonus
Divine Voice		KEY:Glorious Servitor ~ Divine Voice		CATEGORY:Special Ability	TYPE:Extraordinary.Class Feature.SpecialQuality.Glorious Servitor Class Feature
True Seeing			KEY:Glorious Servitor ~ True Seeing			CATEGORY:Special Ability	TYPE:SpellLike.Class Feature.SpecialQuality.Glorious Servitor Class Feature			SPELLS:Innate|TIMES=1|CASTERLEVEL=TL|True Seeing
Greater Command		KEY:Glorious Servitor ~ Greater Command		CATEGORY:Special Ability	TYPE:SpellLike.Class Feature.SpecialQuality.Glorious Servitor Class Feature			SPELLS:Innate|TIMES=1|CASTERLEVEL=TL|Command (Greater)
Immunity to Poison	KEY:Glorious Servitor ~ Immunity to Poison	CATEGORY:Special Ability	TYPE:Extraordinary.Class Feature.SpecialQuality.Glorious Servitor Class Feature		ASPECT:SaveBonus|Immune to poison
Divine Transformation	KEY:Glorious Servitor ~ Divine Transformation		CATEGORY:Special Ability	TYPE:Supernatural.Class Feature.SpecialQuality.Glorious Servitor Class Feature
Mass Cure Light Wounds	KEY:Glorious Servitor ~ Mass Cure Light Wounds		CATEGORY:Special Ability	TYPE:SpellLike.Class Feature.SpecialQuality.Glorious Servitor Class Feature			!PREDEITY:1,Set,Sebek		SPELLS:Innate|TIMES=1|CASTERLEVEL=TL|Cure Light Wounds (Mass)|!PREDEITY:1,Set,Sebek
Mass Inflict Light Wounds	KEY:Glorious Servitor ~ Mass Inflict Light Wounds		CATEGORY:Special Ability	TYPE:SpellLike.Class Feature.SpecialQuality.Glorious Servitor Class Feature	PREDEITY:1,Set,Sebek		SPELLS:Innate|TIMES=1|CASTERLEVEL=TL|Inflict Light Wounds (Mass)|PREDEITY:1,Set,Sebek

CATEGORY=Special Ability|Glorious Servitor ~ Bestial Form.MOD		DESC:You can assume the bestial form of your patron deity (animal, vermin, or magical beast) as a standard action and remain in that form for up to 1 hour. This ability functions like a Polymorph spell (caster level equals your Glorious Servitor level), except that you can use it only on yourself, you do not regain hit points for changing form, and you can assume only the designated shape. This ability is usable once per day per Glorious Servitor level. Your natural attacks in your bestial form are treated as magic weapons for the purpose of overcoming damage reduction.
CATEGORY=Special Ability|Glorious Servitor ~ Fearlessness.MOD		DESC:Because the power of your deity suffuses your body and your mind, you are immune to fear effects.
CATEGORY=Special Ability|Glorious Servitor ~ Spell Resistance.MOD	DESC:Your deity's glory makes you more resistant to magic than other mortals. You gain spell resistance equal to 12 + your Glorious Servitor level.
CATEGORY=Special Ability|Glorious Servitor ~ Divine Shield.MOD		DESC:At 2nd level, you gain a +2 deflection bonus to AC when you are in animal form. This bonus increases to +4 at 4th level and to +6 at 6th level.
CATEGORY=Special Ability|Glorious Servitor ~ Increased Strength.MOD	DESC:Your connection to the divine grants you great physical strength. At 2nd, 4th, and 6th level, you gain a +1 inherent bonus to Strength in both your normal and your bestial form. 
CATEGORY=Special Ability|Glorious Servitor ~ Divine Voice.MOD		DESC:Beginning at 3rd level, you can speak any languages you know with your normal human voice while in bestial form. This ability allows you to cast spells with verbal components normally while in bestial form, although you cannot cast spells that require somatic components unless you use the Still Spell or Natural Spell feat.
CATEGORY=Special Ability|Glorious Servitor ~ True Seeing.MOD		DESC:Upon attaining 3rd level, you gain the ability to use True Seeing once per day (caster level equals your character level).
CATEGORY=Special Ability|Glorious Servitor ~ Greater Command.MOD	DESC:at 5th level and higher you can use Greater Command once per day (caster level equals your character level).
CATEGORY=Special Ability|Glorious Servitor ~ Immunity to Poison.MOD	DESC:Your devotion to your deity has rendered you immune to poison.
CATEGORY=Special Ability|Glorious Servitor ~ Divine Transformation.MOD	DESC:When you attain 7th level, your deity rewards you for your faithful service by changing your type to Outsider (Native).
CATEGORY=Special Ability|Glorious Servitor ~ Mass Cure Light Wounds.MOD	DESC:At 7th level, you can use Mass Cure Light Wounds once per day (caster level equals your character level).
CATEGORY=Special Ability|Glorious Servitor ~ Mass Inflict Light Wounds.MOD	DESC:At 7th level, you can use Mass Inflict Light Wounds once per day (caster level equals your character level).

CATEGORY=Special Ability|Glorious Servitor ~ Bestial Form.MOD		DESC:Your bestial form is a lion.|PREDEITY:1,Anhur
CATEGORY=Special Ability|Glorious Servitor ~ Bestial Form.MOD		DESC:Your bestial form is a leopard.|PREDEITY:1,Bast
CATEGORY=Special Ability|Glorious Servitor ~ Bestial Form.MOD		DESC:Your bestial form is a brown bear.|PREDEITY:1,Geb
CATEGORY=Special Ability|Glorious Servitor ~ Bestial Form.MOD		DESC:Your bestial form is a bison.|PREDEITY:1,Hathor
CATEGORY=Special Ability|Glorious Servitor ~ Bestial Form.MOD		DESC:Your bestial form is a giant eagle.|PREDEITY:1,Horus-Re
CATEGORY=Special Ability|Glorious Servitor ~ Bestial Form.MOD		DESC:Your bestial form is a giant eagle.|PREDEITY:1,Isis
CATEGORY=Special Ability|Glorious Servitor ~ Bestial Form.MOD		DESC:Your bestial form is a huge viper snake.|PREDEITY:1,Nephthys
CATEGORY=Special Ability|Glorious Servitor ~ Bestial Form.MOD		DESC:Your bestial form is a brown bear.|PREDEITY:1,Osiris
CATEGORY=Special Ability|Glorious Servitor ~ Bestial Form.MOD		DESC:Your bestial form is a giant crocodile.|PREDEITY:1,Sebek
CATEGORY=Special Ability|Glorious Servitor ~ Bestial Form.MOD		DESC:Your bestial form is a large monstrous scorpion.|PREDEITY:1,Set
CATEGORY=Special Ability|Glorious Servitor ~ Bestial Form.MOD		DESC:Your bestial form is a giant owl.|PREDEITY:1,Thoth


# Magelord
Sneak Attack			KEY:Magelord ~ Sneak Attack				CATEGORY:Special Ability	TYPE:Extraordinary.Class Feature.SpecialQuality.Magelord Class Feature	ABILITY:Special Ability|AUTOMATIC|Sneak Attack
Bonus Mastered Spell	KEY:Magelord ~ Bonus Mastered Spell		CATEGORY:Special Ability	TYPE:Extraordinary.Class Feature.SpecialQuality.Magelord Class Feature	VISIBLE:NO	BONUS:ABILITYPOOL|Magelord Mastered Spells|MagelordMasteredSpellsBonus
Signature Supremacy		KEY:Magelord ~ Signature Supremacy		CATEGORY:Special Ability	TYPE:Extraordinary.Class Feature.SpecialQuality.Magelord Class Feature	
Magelord Mastery		KEY:Magelord ~ Magelord Mastery			CATEGORY:Special Ability	TYPE:Extraordinary.Class Feature.SpecialQuality.Magelord Class Feature	

Magelord Mastered Spell	KEY:Magelord ~ Magelord Mastered Spell	CATEGORY:Special Ability	TYPE:Extraordinary.Class Feature.SpecialQuality.Magelord Class Feature.MagelordMasteredSpell	MULT:YES	CHOOSE:SPELLS|CLASSLIST=Wizard[KNOWN=YES]	SELECT:1

CATEGORY=Special Ability|Magelord ~ Sneak Attack.MOD			DESC:Beginning at 1st level, Magelords deal extra damage (+%1d6) when flanking an opponent or any time a target would be denied its Dexterity bonus. This extra damage applies to ranged attacks only if the target is within 30 feet.|MagelordSneakAttackBonus
CATEGORY=Special Ability|Magelord ~ Magelord Mastered Spell.MOD	DESC:When attaining 2nd level, Magelords can select a spell they already know that they can then prepare without referring to a spellbook, as if they had chosen to master it with the Spell Mastery feat. Magelords can choose another known spell to master in this manner at 4th, 6th, and 8th level.
CATEGORY=Special Ability|Magelord ~ Signature Supremacy.MOD		DESC:By 3rd level, Magelords become so familiar with their mastered spells that they can convert any 4th-level or lower prepared spell into any 4th-level or lower mastered spell. Upon attaining 7th level they can convert any 9th-level or lower prepared spell into a 9th-level or lower mastered spell in the same manner.
CATEGORY=Special Ability|Magelord ~ Magelord Mastery.MOD		DESC:Finally at 10th level, a Magelord can apply one or more metamagic feats they know to a prepared spell that they have converted into a mastered spell. The level of the prepared spell to be converted must equal or exceed that of the mastered spell with the desired metamagic feats applied.


# Olin Gisir
Ancient Knowledge	KEY:Olin Gisir ~ Ancient Knowledge		CATEGORY:Special Ability		TYPE:Extraordinary.Class Feature.SpecialQuality.Olin Gisir Class Feature	BONUS:SKILL|Knowledge (Arcana),Knowledge (History),Use Magic Device|OlinGisirKnowledgeBonus		BONUS:VAR|BardicKnowledge|OlinGisirKnowledgeBonus|PREABILITY:1,CATEGORY=Special Ability,Bardic Knowledge
Secret				KEY:Olin Gisir ~ Secret					CATEGORY:Special Ability		TYPE:Extraordinary.Class Feature.SpecialQuality.Olin Gisir Class Feature	BONUS:ABILITYPOOL|Olin Gisir Secrets|((OlinGisirLVL/3.25)+1)
Signs and Portents	KEY:Olin Gisir ~ Signs					CATEGORY:Special Ability		TYPE:SpellLike.Class Feature.SpecialQuality.Olin Gisir Class Feature		SPELLS:Innate|TIMES=3|CASTERLEVEL=TL|Augury
Word of Dispel		KEY:Olin Gisir ~ Word of Dispel			CATEGORY:Special Ability		TYPE:SpellLike.Class Feature.SpecialQuality.Olin Gisir Class Feature		BONUS:ABILITYPOOL|Olin Gisir Words of Dispel|1
Word of Might		KEY:Olin Gisir ~ Word of Might			CATEGORY:Special Ability		TYPE:SpellLike.Class Feature.SpecialQuality.Olin Gisir Class Feature		BONUS:ABILITYPOOL|Olin Gisir Words of Might|1

CATEGORY=Special Ability|Olin Gisir ~ Ancient Knowledge.MOD		DESC:An Olin Gisir's study of ancient lore grants a +1 bonus on Knowledge (Arcana), Knowledge (History), and Use Magic Device checks. They also gain the same bonus on Bardic Knowledge checks if they possess that class feature. This bonus increases to +2 at 4th level, to +3 at 7th level, and finally to +4 at 10th level.
CATEGORY=Special Ability|Olin Gisir ~ Secret.MOD				DESC:Olin Gisir's pickup countless bits of forgotten lore from ancient tomes, the whispers of imprisoned fiends, and other even more dangerous sources. At 1st, 4th, 7th, and 10th level the Olin Gisir can choose from an array of secrets determined by combining Intelligence modifier and class level (%1) to meet or exceed the value on the selection table.|OlinGisirSecretsLVL
CATEGORY=Special Ability|Olin Gisir ~ Signs.MOD					DESC:Beginning at 2nd level an Olin Gisir learns to ferret out ancient, hidden evils by reading mystic omens in the world around them. Three times per day the Olin Gisir can cast Augury (caster level equal to character level).
CATEGORY=Special Ability|Olin Gisir ~ Word of Dispel.MOD		DESC:At 5th level, an Olin Gisir gains additional power against old perils they seek to destroy or subdue. They can add either Dispel Chaos, Dispel Evil, or Dispel Law to the 5th level arcane spells that they can cast. Wizards can add the spell to their spellbook and Sorcerers receive it as a bonus known spell.
CATEGORY=Special Ability|Olin Gisir ~ Word of Might.MOD			DESC:At 8th level, an Olin Gisir can use words of power against their enemies. They can add either Dictum, Holy Word, or Word of Chaos to the 7th level arcane spells that they can cast. Wizards can add the spell to their spellbook and Sorcerers receive it as a bonus known spell.

# Olin Gisir Secret
Lore of Tongues					KEY:Olin Gisir Secret ~ Lore of Tongues					CATEGORY:Special Ability	TYPE:Class Feature.SpecialQuality.Olin Gisir Class Feature.OlinGisirSecret	PREVARGTEQ:OlinGisirSecretsLVL,1	MULT:NO		ADD:LANGUAGE|3|ALL																			BENEFIT:Gain three additional languages (except secret languages)				DESC:An Olin Gisir secret, learn 3 new languages (except secret languages).		SOURCEPAGE:p.192
Secret of Health				KEY:Olin Gisir Secret ~ Secret of Health				CATEGORY:Special Ability	TYPE:Class Feature.SpecialQuality.Olin Gisir Class Feature.OlinGisirSecret	PREVARGTEQ:OlinGisirSecretsLVL,2	MULT:NO		BONUS:HP|CURRENTMAX|3																		BENEFIT:+3 hit points															DESC:An Olin Gisir secret, gain 3 HP.											SOURCEPAGE:p.192
Secrets of Inner Strength		KEY:Olin Gisir Secret ~ Secrets of Inner Strength		CATEGORY:Special Ability	TYPE:Class Feature.SpecialQuality.Olin Gisir Class Feature.OlinGisirSecret	PREVARGTEQ:OlinGisirSecretsLVL,3	MULT:NO		BONUS:SAVE|BASE.Will|2																		BENEFIT:+2 bonus on Will saves													DESC:An Olin Gisir secret, gain a +2 bonus to Will saves.						SOURCEPAGE:p.192
The Lore of True Stamina		KEY:Olin Gisir Secret ~ The Lore of True Stamina		CATEGORY:Special Ability	TYPE:Class Feature.SpecialQuality.Olin Gisir Class Feature.OlinGisirSecret	PREVARGTEQ:OlinGisirSecretsLVL,4	MULT:NO		BONUS:SAVE|BASE.Fortitude|2																	BENEFIT:+2 bonus on Fortitude saves												DESC:An Olin Gisir secret, gain a +2 bonus to Fortitude saves.					SOURCEPAGE:p.192	
Dungeon Navigation				KEY:Olin Gisir Secret ~ Dungeon Navigation				CATEGORY:Special Ability	TYPE:Class Feature.SpecialQuality.Olin Gisir Class Feature.OlinGisirSecret	PREVARGTEQ:OlinGisirSecretsLVL,5	MULT:NO		ABILITY:Special Ability|AUTOMATIC|Trap Sense		BONUS:VAR|TrapSenseBonus|2				BENEFIT:+2 Trap Sense															DESC:An Olin Gisir secret, gain a +2 Trap Sense.								SOURCEPAGE:p.192
Sight of the Hidden				KEY:Olin Gisir Secret ~ Sight of the Hidden				CATEGORY:Special Ability	TYPE:Class Feature.SpecialQuality.Olin Gisir Class Feature.OlinGisirSecret	PREVARGTEQ:OlinGisirSecretsLVL,6	MULT:NO		BONUS:SKILL|Search|4																		BENEFIT:+4 bonus on Search														DESC:An Olin Gisir secret, gain a +4 bonus on Search rolls.						SOURCEPAGE:p.192
Ancient Artiface				KEY:Olin Gisir Secret ~ Ancient Artiface				CATEGORY:Special Ability	TYPE:Class Feature.SpecialQuality.Olin Gisir Class Feature.OlinGisirSecret	PREVARGTEQ:OlinGisirSecretsLVL,7	MULT:NO		BONUS:ABILITYPOOL|Ancient Artiface|1														BENEFIT:Gain an Item Creation feat												DESC:An Olin Gisir secret, gain an Item Creation feat.							SOURCEPAGE:p.192
Forgotten Spell Lore			KEY:Olin Gisir Secret ~ Forgotten Spell Lore			CATEGORY:Special Ability	TYPE:Class Feature.SpecialQuality.Olin Gisir Class Feature.OlinGisirSecret	PREVARGTEQ:OlinGisirSecretsLVL,8	MULT:NO		BONUS:ABILITYPOOL|Forgotten Spell Lore|1													BENEFIT:Gain a Metamagic feat													DESC:An Olin Gisir secret, gain a Metamagic feat.								SOURCEPAGE:p.192
Fiend Warding					KEY:Olin Gisir Secret ~ Fiend Warding					CATEGORY:Special Ability	TYPE:Class Feature.SpecialQuality.Olin Gisir Class Feature.OlinGisirSecret	PREVARGTEQ:OlinGisirSecretsLVL,9	MULT:NO		ASPECT:SaveBonus|+2 sacred bonus to AC and Saves against attacks made by evil outsiders		BENEFIT:Gain a +2 sacred bonus to AC and Saves against attack made by evil outsiders	DESC:An Olin Gisir secret, gain a +2 sacred bonus to AC and saves against attacks made by evil outsiders.	SOURCEPAGE:p.192
Focused Mind					KEY:Olin Gisir Secret ~ Focused Mind					CATEGORY:Special Ability	TYPE:Class Feature.SpecialQuality.Olin Gisir Class Feature.OlinGisirSecret	PREVARGTEQ:OlinGisirSecretsLVL,10	MULT:NO		ASPECT:SaveBonus|Spell resistance 20 against Enchantment spells								BENEFIT:Gain a spell resistances 20 against Enchantment spells					DESC:An Olin Gisir secret, gain a spell resistance 20 against Enchantment spells.									SOURCEPAGE:p.192

Dispel Evil			KEY:Olin Gisir Word of Dispel ~ Dispel Evil			CATEGORY:Special Ability	TYPE:Class Feature.SpecialQuality.Olin Gisir Class Feature.OlinGisirWordOfDispel	VISIBLE:NO	SPELLKNOWN:CLASS|SPELLCASTER.Arcane=5|Dispel Evil
Dispel Chaos		KEY:Olin Gisir Word of Dispel ~ Dispel Chaos		CATEGORY:Special Ability	TYPE:Class Feature.SpecialQuality.Olin Gisir Class Feature.OlinGisirWordOfDispel	VISIBLE:NO	SPELLKNOWN:CLASS|SPELLCASTER.Arcane=5|Dispel Chaos
Dispel Law			KEY:Olin Gisir Word of Dispel ~ Dispel Law			CATEGORY:Special Ability	TYPE:Class Feature.SpecialQuality.Olin Gisir Class Feature.OlinGisirWordOfDispel	VISIBLE:NO	SPELLKNOWN:CLASS|SPELLCASTER.Arcane=5|Dispel Law

Dictum				KEY:Olin Gisir Word of Might ~ Dictum				CATEGORY:Special Ability	TYPE:Class Feature.SpecialQuality.Olin Gisir Class Feature.OlinGisirWordOfMight		VISIBLE:NO	SPELLKNOWN:CLASS|SPELLCASTER.Arcane=7|Dictum
Holy Word			KEY:Olin Gisir Word of Might ~ Holy Word			CATEGORY:Special Ability	TYPE:Class Feature.SpecialQuality.Olin Gisir Class Feature.OlinGisirWordOfMight		VISIBLE:NO	SPELLKNOWN:CLASS|SPELLCASTER.Arcane=7|Holy Word
Word of Chaos		KEY:Olin Gisir Word of Might ~ Word of Chaos		CATEGORY:Special Ability	TYPE:Class Feature.SpecialQuality.Olin Gisir Class Feature.OlinGisirWordOfMight		VISIBLE:NO	SPELLKNOWN:CLASS|SPELLCASTER.Arcane=7|Word of Chaos


# Sunmaster
Sun Spells			KEY:Sunmaster ~ Sun Spells			CATEGORY:Special Ability	TYPE:Class Feature.SpecialQuality.Sunmaster Class Feature				SPELLKNOWN:CLASS|Cleric=1|Endure Elements|Cleric=2|Heat Metal|Cleric=3|Searing Light|Cleric=4|Fire Shield|Cleric=5|Flame Strike|Cleric=6|Fire Seeds|Cleric=7|Sunbeam|Cleric=8|Sunburst|Cleric=9|Prismatic Sphere
Glaring Eyes		KEY:Sunmaster ~ Glaring Eyes		CATEGORY:Special Ability	TYPE:SpellLike.Class Feature.SpecialAttack.Sunmaster Class Feature		SPELLS:Innate|TIMES=SunmasterGlaringEyesUsages|CASTERLEVEL=TL|Searing Light
Resistance to Fire	KEY:Sunmaster ~ Resistance to Fire	CATEGORY:Special Ability	TYPE:Extraordinary.Class Feature.SpecialQuality.Sunmaster Class Feature	ABILITY:Special Ability|AUTOMATIC|Resistance to Fire	BONUS:VAR|FireResistanceBonus|SunmasterFireResistance
Law Spells			KEY:Sunmaster ~ Law Spells			CATEGORY:Special Ability	TYPE:Class Feature.SpecialQuality.Sunmaster Class Feature				SPELLKNOWN:CLASS|Cleric=1|Protection from Chaos|Cleric=2|Calm Emotions|Cleric=3|Magic Circle against Chaos|Cleric=4|Order's Wrath|Cleric=5|Dispel Chaos|Cleric=6|Hold Monster|Cleric=7|Dictum|Cleric=8|Shield of Law|Cleric=9|Summon Monster IX
Planning Domain		KEY:Sunmaster ~ Planning Domain		CATEGORY:Special Ability	TYPE:Class Feature.SpecialQuality.Sunmaster Class Feature				BONUS:DOMAIN|NUMBER|1
Sunform				KEY:Sunmaster ~ Sunform				CATEGORY:Special Ability	TYPE:SpellLike.Class Feature.SpecialQuality.Sunmaster Class Feature

CATEGORY=Special Ability|Sunmaster ~ Sun Spells.MOD				DESC:Sunmasters can prepare any Sun domain spell as if it were on their divine spell list.
CATEGORY=Special Ability|Sunmaster ~ Glaring Eyes.MOD			DESC:Beginning at 2nd level, a Sunmaster's eyes glow with the brilliant orange color of the sun. They can produce a Searing Light effect from their eyes %1/day. Additionally, they can never be blinded or dazed by spells or effects with the Light descriptor or by natural light of any kind. A Sunmaster can use Searing Light twice per day at 5th level and three times per day at 8th level.|SunmasterGlaringEyesUsages
CATEGORY=Special Ability|Sunmaster ~ Resistance to Fire.MOD		DESC:Beginning 3rd level, a Sunmaster's link to the sun gives them increased resistance to fire. At 3rd level fire resistance is 5, increasing to 10 at 6th level, and finally to 15 at 9th level. 
CATEGORY=Special Ability|Sunmaster ~ Law Spells.MOD				DESC:Sunmasters can prepare any Law domain spell as if it were on their divine spell list.
CATEGORY=Special Ability|Sunmaster ~ Planning Domain.MOD		DESC:At 7th level, a Sunmaster gains access to the Planning domain and acquires its granted ability.
CATEGORY=Special Ability|Sunmaster ~ Sunform.MOD				DESC:Upon reaching 10th level, a Sunmaster gains the ability to become an insubstantial ball of bright, glowing light the size of a medium creature. This effect is identical to that of the Gaseous Form spell, except as follows: in Sunform the Sunmaster radiates Daylight (as spell), can fly at 120 feet (perfect), and has immunity to fire, light, and air effects. In addition, Sunmasters gain a melee touch attack that deals 6d6 point of fire damage. A Sunmaster can remain in Sunform for 10 rounds. Sunform is the equivalent of an 8th-level spell and is usable once per day.

