

# Araiguma missing language entry - assumption it's the same as the rest.
Akaimimi (Red Panda) Racial Trait	KEY:Racial Traits ~ Akaimimi (Red Panda) Racial Trait			SOURCEPAGE:p.4	CATEGORY:Internal	ABILITY:Akaimimi (Red Panda) Racial Trait|AUTOMATIC|TYPE=Akaimimi (Red Panda) Racial Trait		
Araiguma (Raccoon) Racial Trait	KEY:Racial Traits ~ Araiguma (Raccoon) Racial Trait			SOURCEPAGE:p.5	CATEGORY:Internal	ABILITY:Araiguma (Raccoon) Racial Trait|AUTOMATIC|TYPE=Araiguma (Raccoon) Racial Trait		AUTO:LANG|Common|Sylvan
Inumimi (Dog) Racial Trait		KEY:Racial Traits ~ Inumimi (Dog) Racial Trait				SOURCEPAGE:p.6	CATEGORY:Internal	ABILITY:Inumimi (Dog) Racial Trait|AUTOMATIC|TYPE=Inumimi (Dog) Racial Trait
Kitsunemimi (Fox) Racial Trait	KEY:Racial Traits ~ Kitsunemimi (Fox) Racial Trait			SOURCEPAGE:p.7	CATEGORY:Internal	ABILITY:Kitsunemimi (Fox) Racial Trait|AUTOMATIC|TYPE=Kitsunemimi (Fox) Racial Trait		
Nekomimi (Cat) Racial Trait		KEY:Racial Traits ~ Nekomimi (Cat) Racial Trait				SOURCEPAGE:p.8	CATEGORY:Internal	ABILITY:Nekomimi (Cat) Racial Trait|AUTOMATIC|TYPE=Nekomimi (Cat) Racial Trait			
Tanukimimi (Tanuki) Racial Trait	KEY:Racial Traits ~ Tanukimimi (Tanuki) Racial Trait			SOURCEPAGE:p.9	CATEGORY:Internal	ABILITY:Tanukimimi (Tanuki) Racial Trait|AUTOMATIC|TYPE=Tanukimimi (Tanuki) Racial Trait		
Usagimimi (Hare) Racial Trait		KEY:Racial Traits ~ Usagimimi (Hare) Racial Trait			SOURCEPAGE:p.10	CATEGORY:Internal	ABILITY:Usagimimi (Hare) Racial Trait|AUTOMATIC|TYPE=Usagimimi (Hare) Racial Trait		



# Akaimimi (Red Panda)
# Akaimimi Racial Traits
+2 Constitution, +2 Wisdom	KEY:Akaimimi Racial Trait ~ +2 Constitution +2 Wisdom		SOURCEPAGE:p.4	CATEGORY:Special Ability	TYPE:Akaimimi (Red Panda) Racial Trait.SpecialQuality	DESC:Akaimimi try to keep both their bodies and their spirits resilient and healthy.	BONUS:STAT|CON,WIS|2|TYPE=Racial
Kemonomimi				KEY:Akaimimi Racial Trait ~ Kemonomimi				SOURCEPAGE:p.4	CATEGORY:Special Ability	TYPE:Akaimimi (Red Panda) Racial Trait.SpecialQuality	DESC:Akaimimi are humanoids with kemonomimi subtype.
Medium				KEY:Akaimimi Racial Trait ~ Medium					SOURCEPAGE:p.4	CATEGORY:Special Ability	TYPE:Akaimimi (Red Panda) Racial Trait.SpecialQuality	DESC:Akaimimi are Medium creatures and have no bonuses or penalties due to their size.
Normal Speed			KEY:Akaimimi Racial Trait ~ Normal Speed				SOURCEPAGE:p.4	CATEGORY:Special Ability	TYPE:Akaimimi (Red Panda) Racial Trait.SpecialQuality	DESC:Akaimimi have a base speed of 30 feet.
Low-light Vision			KEY:Akaimimi Racial Trait ~ Low-light Vision			SOURCEPAGE:p.4	CATEGORY:Special Ability	TYPE:Akaimimi (Red Panda) Racial Trait.SpecialQuality	DESC:In dim light, akaimimi see twice as far as humans.	BONUS:VAR|HasLowlightVision|1|TYPE=Base
Racial Skills			KEY:Akaimimi Racial Trait ~ Racial Skills				SOURCEPAGE:p.4	CATEGORY:Special Ability	TYPE:Akaimimi (Red Panda) Racial Trait.SpecialQuality	DESC:Akaimimi have a +2 racial bonus to Knowledge checks. They are sagacious folk, with great respect for learning.	BONUS:SKILL|TYPE=Knowledge|2|TYPE=Racial
Red Panda Affinity		KEY:Akaimimi Racial Trait ~ Red Panda Affinity			SOURCEPAGE:p.4	CATEGORY:Special Ability	TYPE:Akaimimi (Red Panda) Racial Trait.SpecialQuality	DESC:[not implemented]Akaimimi have a +4 racial bonus to Handle Animal and wild empathy checks made to interact with red pandas and similar beasts. All kemonomimi have affinity for their animal kin.
Insightful Question		KEY:Akaimimi Racial Trait ~ Insightful Question			SOURCEPAGE:p.4	CATEGORY:Special Ability	TYPE:Akaimimi (Red Panda) Racial Trait.SpecialQuality	DESC:Akaimimi often use their intuition to reach answers to their question. They can use augury once per day as a spell-like ability. Akaimimi with ki pool can spend two ki points to use it additional time per day. After reaching 10th level, akaimimi can also use divination once per week.
Language				KEY:Akaimimi Racial Trait ~ Language				SOURCEPAGE:p.4	CATEGORY:Special Ability	TYPE:Akaimimi (Red Panda) Racial Trait.SpecialQuality	DESC:Kemonomimi begin play speaking Common and Sylvan. Kemonomimi with high Intelligence scores can choose from the following languages: Catfolk, Celestial, Giant, Goblin, Tengu, and Vanara.	AUTO:LANG|Common|Sylvan

# Araiguma (Raccoon)
# Araiguma Racial Traits
+2 Constitution, +2 Intelligence	KEY:Araiguma Racial Trait ~ +2 Constitution +2 Intelligence		SOURCEPAGE:p.5	CATEGORY:Special Ability	TYPE:Araiguma (Raccoon) Racial Trait.SpecialQuality	DESC:Araiguma are very hardy and very cunning.	BONUS:STAT|CON,INT|2|TYPE=Racial
Kemonomimi					KEY:Araiguma Racial Trait ~ Kemonomimi					SOURCEPAGE:p.5	CATEGORY:Special Ability	TYPE:Araiguma (Raccoon) Racial Trait.SpecialQuality	DESC:Araiguma are humanoids with kemonomimi subtype.
Medium					KEY:Araiguma Racial Trait ~ Medium						SOURCEPAGE:p.5	CATEGORY:Special Ability	TYPE:Araiguma (Raccoon) Racial Trait.SpecialQuality	DESC:Araiguma are Medium creatures and have no bonuses or penalties due to their size.
Normal Speed				KEY:Araiguma Racial Trait ~ Normal Speed					SOURCEPAGE:p.5	CATEGORY:Special Ability	TYPE:Araiguma (Raccoon) Racial Trait.SpecialQuality	DESC:Araiguma have a base speed of 30 feet.
Low-light Vision				KEY:Araiguma Racial Trait ~ Low-light Vision				SOURCEPAGE:p.5	CATEGORY:Special Ability	TYPE:Araiguma (Raccoon) Racial Trait.SpecialQuality	DESC:In dim light, araiguma see twice as far as humans.	BONUS:VAR|HasLowlightVision|1|TYPE=Base	
Racial Skills				KEY:Araiguma Racial Trait ~ Racial Skills					SOURCEPAGE:p.5	CATEGORY:Special Ability	TYPE:Araiguma (Raccoon) Racial Trait.SpecialQuality	DESC:Araiguma have a +2 racial bonus to Disable Device and Sleight Of Hand checks. Their are much sneakier and mechanically inclined than their chubby bodies would suggest.		BONUS:SKILL|Disable Device,Sleight of Hand|2|TYPE=Racial
Coon Affinity				KEY:Araiguma Racial Trait ~ Coon Affinity					SOURCEPAGE:p.5	CATEGORY:Special Ability	TYPE:Araiguma (Raccoon) Racial Trait.SpecialQuality	DESC:[not implemented]Araiguma have a +4 racial bonus to Handle Animal and wild empathy checks made to interact with raccoons and other similar Small or smaller omnivorous animals. All kemonomimi have affinity for their animal kin.
Dowsing					KEY:Araiguma Racial Trait ~ Dowsing						SOURCEPAGE:p.5	CATEGORY:Special Ability	TYPE:Araiguma (Raccoon) Racial Trait.SpecialQuality	DESC:Araiguma seem to have a certain degree of affinity for fresh water. They can sense the presence of the nearest source of a fresh water such as a spring, a stream, a pond, a lake, or a well as if using locate object spell, though they must concentrate to maintain the effect. An araiguma can purify food (but not water) as if using purify food and water by washing it in running water.

# Inumimi (Dog)
# Inumimi Racial Traits
+2 Strength, +2 Wisdom	KEY:Inumimi Racial Trait ~ +2 Strength +2 Wisdom	SOURCEPAGE:p.6	CATEGORY:Special Ability	TYPE:Inumimi (Dog) Racial Trait.SpecialQuality	DESC:Inumimi are strong and deeply spiritual folk.	BONUS:STAT|STR,WIS|2|TYPE=Racial
Kemonomimi			KEY:Inumimi Racial Trait ~ Kemonomimi			SOURCEPAGE:p.6	CATEGORY:Special Ability	TYPE:Inumimi (Dog) Racial Trait.SpecialQuality	DESC:Inumimi are humanoids with kemonomimi subtype.
Medium			KEY:Inumimi Racial Trait ~ Medium				SOURCEPAGE:p.6	CATEGORY:Special Ability	TYPE:Inumimi (Dog) Racial Trait.SpecialQuality	DESC:Inumimi are Medium creatures and have no bonuses or penalties due to their size.
Normal Speed		KEY:Inumimi Racial Trait ~ Normal Speed			SOURCEPAGE:p.6	CATEGORY:Special Ability	TYPE:Inumimi (Dog) Racial Trait.SpecialQuality	DESC:Inumimi have a base speed of 30 feet.
Low-light Vision		KEY:Inumimi Racial Trait ~ Low-light Vision		SOURCEPAGE:p.6	CATEGORY:Special Ability	TYPE:Inumimi (Dog) Racial Trait.SpecialQuality	DESC:In dim light, inumimi see twice as far as humans.	BONUS:VAR|HasLowlightVision|1|TYPE=Base
Racial Skills		KEY:Inumimi Racial Trait ~ Racial Skills			SOURCEPAGE:p.6	CATEGORY:Special Ability	TYPE:Inumimi (Dog) Racial Trait.SpecialQuality	DESC:Inumimi have a +2 racial bonus to Handle Animals and Survival skill checks. They have natural aptitude for taming animals, hunting, and tracking.	BONUS:SKILL|Handle Animal,Survival|2|TYPE=Racial
Canine Affinity		KEY:Inumimi Racial Trait ~ Canine Affinity		SOURCEPAGE:p.6	CATEGORY:Special Ability	TYPE:Inumimi (Dog) Racial Trait.SpecialQuality	DESC:Inumimi have a +4 racial bonus to Handle Animal and wild empathy checks made to interact with dogs, wolves, and other dog-like beasts. All kemonomimi have affinity for their animal kin.
Repel Misfortune		KEY:Inumimi Racial Trait ~ Repel Misfortune		SOURCEPAGE:p.6	CATEGORY:Special Ability	TYPE:Inumimi (Dog) Racial Trait.SpecialQuality	DESC:Dog-spirits are traditional guardians against malign magic and so are their mortal descendants. Inumimi have a +2 racial bonus to saving throws against curses and they grant the same bonus to adjacent allies, though bonus granted by multiple inumimi does not stack.
Language			KEY:Inumimi Racial Trait ~ Language				SOURCEPAGE:p.6	CATEGORY:Special Ability	TYPE:Inumimi (Dog) Racial Trait.SpecialQuality	DESC:Kemonomimi begin play speaking Common and Sylvan. Kemonomimi with high Intelligence scores can choose from the following languages: Catfolk, Celestial, Giant, Goblin, Tengu, and Vanara.	AUTO:LANG|Common|Sylvan

# Kitsunemimi (Fox)
# Kitsunemimi Racial Traits
+2 Dexterity, +2 Intelligence	KEY:Kitsunemimi Racial Trait ~ +2 Dexterity +2 Intelligence		SOURCEPAGE:p.7	CATEGORY:Special Ability	TYPE:Kitsunemimi (Fox) Racial Trait.SpecialQuality	DESC:Kitsunemimi are gracious and smart.	BONUS:STAT|DEX,INT|2|TYPE=Racial
Kemonomimi				KEY:Kitsunemimi Racial Trait ~ Kemonomimi					SOURCEPAGE:p.7	CATEGORY:Special Ability	TYPE:Kitsunemimi (Fox) Racial Trait.SpecialQuality	DESC:Kitsunemimi are humanoids with kemonomimi subtype.
Medium				KEY:Kitsunemimi Racial Trait ~ Medium					SOURCEPAGE:p.7	CATEGORY:Special Ability	TYPE:Kitsunemimi (Fox) Racial Trait.SpecialQuality	DESC:Kitsunemimi are Medium creatures and have no bonuses or penalties due to their size.
Normal Speed			KEY:Kitsunemimi Racial Trait ~ Normal Speed				SOURCEPAGE:p.7	CATEGORY:Special Ability	TYPE:Kitsunemimi (Fox) Racial Trait.SpecialQuality	DESC:Kitsunemimi have a base speed of 30 feet.
Low-light Vision			KEY:Kitsunemimi Racial Trait ~ Low-light Vision				SOURCEPAGE:p.7	CATEGORY:Special Ability	TYPE:Kitsunemimi (Fox) Racial Trait.SpecialQuality	DESC:In dim light, kitsunemimi see twice as far as humans.	BONUS:VAR|HasLowlightVision|1|TYPE=Base
Racial Skills			KEY:Kitsunemimi Racial Trait ~ Racial Skills				SOURCEPAGE:p.7	CATEGORY:Special Ability	TYPE:Kitsunemimi (Fox) Racial Trait.SpecialQuality	DESC:Kitsunemimi have a +2 racial bonus to Perception and Sense Motive checks. They have a keen eye for physical and behavioral details.	BONUS:SKILL|Perception,Sense Motive|2|TYPE=Racial
Fox Affinity			KEY:Kitsunemimi Racial Trait ~ Fox Affinity				SOURCEPAGE:p.7	CATEGORY:Special Ability	TYPE:Kitsunemimi (Fox) Racial Trait.SpecialQuality	DESC:Kitsunemimi have a +4 racial bonus to Handle Animal and wild empathy checks made to interact with foxes, jackals, and other smaller non-pack canids and fox-like beasts. All kemonomimi have affinity for their animal kin.
Patient Planner			KEY:Kitsunemimi Racial Trait ~ Patient Planner				SOURCEPAGE:p.7	CATEGORY:Special Ability	TYPE:Kitsunemimi (Fox) Racial Trait.SpecialQuality	DESC:Kitsunemimi gain +1 bonus when taking 10 on an ability or skill check and +2 bonus when taking 20. Patience and smart planning are the key for their elaborate schemes.
Language				KEY:Kitsunemimi Racial Trait ~ Language					SOURCEPAGE:p.7	CATEGORY:Special Ability	TYPE:Kitsunemimi (Fox) Racial Trait.SpecialQuality	DESC:Kemonomimi begin play speaking Common and Sylvan. Kemonomimi with high Intelligence scores can choose from the following languages: Catfolk, Celestial, Giant, Goblin, Tengu, and Vanara.	AUTO:LANG|Common|Sylvan

# Nekomimi (Cat)
# Nekomimi Racial Traits
+2 Dexterity, +2 Charisma	KEY:Nekomimi Racial Trait ~ +2 Dexterity +2 Charisma		SOURCEPAGE:p.8	CATEGORY:Special Ability	TYPE:Nekomimi (Cat) Racial Trait.SpecialQuality	DESC:Nekomimi are agile and very charming.	BONUS:STAT|DEX,CHA|2|TYPE=Racial
Kemonomimi				KEY:Nekomimi Racial Trait ~ Kemonomimi				SOURCEPAGE:p.8	CATEGORY:Special Ability	TYPE:Nekomimi (Cat) Racial Trait.SpecialQuality	DESC:Nekomimi are humanoids with kemonomimi subtype.
Medium				KEY:Nekomimi Racial Trait ~ Medium					SOURCEPAGE:p.8	CATEGORY:Special Ability	TYPE:Nekomimi (Cat) Racial Trait.SpecialQuality	DESC:Nekomimi are Medium creatures and have no bonuses or penalties due to their size.
Normal Speed			KEY:Nekomimi Racial Trait ~ Normal Speed				SOURCEPAGE:p.8	CATEGORY:Special Ability	TYPE:Nekomimi (Cat) Racial Trait.SpecialQuality	DESC:Nekomimi have a base speed of 30 feet.
Low-light Vision			KEY:Nekomimi Racial Trait ~ Low-light Vision			SOURCEPAGE:p.8	CATEGORY:Special Ability	TYPE:Nekomimi (Cat) Racial Trait.SpecialQuality	DESC:In dim light, nekomimi see twice as far as humans.	BONUS:VAR|HasLowlightVision|1|TYPE=Base
Racial Skills			KEY:Nekomimi Racial Trait ~ Racial Skills				SOURCEPAGE:p.8	CATEGORY:Special Ability	TYPE:Nekomimi (Cat) Racial Trait.SpecialQuality	DESC:Nekomimi have a +2 racial bonus to Climb and Perception checks. They learn to climb almost as soon as they can walk, and they have keen senses.	BONUS:SKILL|Perception,Climb|2|TYPE=Racial
Cat Affinity			KEY:Nekomimi Racial Trait ~ Cat Affinity				SOURCEPAGE:p.8	CATEGORY:Special Ability	TYPE:Nekomimi (Cat) Racial Trait.SpecialQuality	DESC:Nekomimi have a +4 racial bonus to Handle Animal and wild empathy checks made to interact with cats and cat-like beasts. All kemonomimi have affinity for their animal kin.
Fortune’s Favored			KEY:Nekomimi Racial Trait ~ Fortune’s Favored			SOURCEPAGE:p.8	CATEGORY:Special Ability	TYPE:Nekomimi (Cat) Racial Trait.SpecialQuality	DESC:Nekomimi can reroll a single dice roll once per day.
Language				KEY:Nekomimi Racial Trait ~ Language				SOURCEPAGE:p.8	CATEGORY:Special Ability	TYPE:Nekomimi (Cat) Racial Trait.SpecialQuality	DESC:Kemonomimi begin play speaking Common and Sylvan. Kemonomimi with high Intelligence scores can choose from the following languages: Catfolk, Celestial, Giant, Goblin, Tengu, and Vanara.	AUTO:LANG|Common|Sylvan

# Tanukimimi (Tanuki)
# Tanukimimi Racial Traits
+2 Constitution, +2 Charisma	KEY:Tanukimimi Racial Trait ~ +2 Constitution +2 Charisma		SOURCEPAGE:p.9	CATEGORY:Special Ability	TYPE:Tanukimimi (Tanuki) Racial Trait.SpecialQuality	DESC:Tanukimimi are surprisingly resilient and sociable.	BONUS:STAT|CON,CHA|2|TYPE=Racial
Kemonomimi				KEY:Tanukimimi Racial Trait ~ Kemonomimi					SOURCEPAGE:p.9	CATEGORY:Special Ability	TYPE:Tanukimimi (Tanuki) Racial Trait.SpecialQuality	DESC:Tanukimimi are humanoids with kemonomimi subtype.
Medium				KEY:Tanukimimi Racial Trait ~ Medium					SOURCEPAGE:p.9	CATEGORY:Special Ability	TYPE:Tanukimimi (Tanuki) Racial Trait.SpecialQuality	DESC:Tanukimimi are Medium creatures and have no bonuses or penalties due to their size.
Normal Speed			KEY:Tanukimimi Racial Trait ~ Normal Speed				SOURCEPAGE:p.9	CATEGORY:Special Ability	TYPE:Tanukimimi (Tanuki) Racial Trait.SpecialQuality	DESC:Tanukimimi have a base speed of 30 feet.
Low-light Vision			KEY:Tanukimimi Racial Trait ~ Low-light Vision				SOURCEPAGE:p.9	CATEGORY:Special Ability	TYPE:Tanukimimi (Tanuki) Racial Trait.SpecialQuality	DESC:In dim light, tanukimimi see twice as far as humans.	BONUS:VAR|HasLowlightVision|1|TYPE=Base
Racial Skills			KEY:Tanukimimi Racial Trait ~ Racial Skills				SOURCEPAGE:p.9	CATEGORY:Special Ability	TYPE:Tanukimimi (Tanuki) Racial Trait.SpecialQuality	DESC:Tanukimimi have a +2 racial bonus to Survival and Stealth checks. They are sneaky and quite capable of sustaining themselves in the wilds.	BONUS:SKILL|Survival,Stealth|2|TYPE=Racial
Surprising Tenacity		KEY:Tanukimimi Racial Trait ~ Surprising Tenacity			SOURCEPAGE:p.9	CATEGORY:Special Ability	TYPE:Tanukimimi (Tanuki) Racial Trait.SpecialQuality	DESC:Tanukimimi can gain a pool of temporary hit points equal to their character level + their Constitution bonus (if any) as a swift action once per day for up to 1 hour.
Tanuki Affinity			KEY:Tanukimimi Racial Trait ~ Tanuki Affinity				SOURCEPAGE:p.9	CATEGORY:Special Ability	TYPE:Tanukimimi (Tanuki) Racial Trait.SpecialQuality	DESC:Tanukimimi have a +4 racial bonus to Handle Animal and wild empathy checks made to interact with tanuki and tanuki-like beasts. All kemonomimi have affinity for their animal kin.
Language				KEY:Tanukimimi Racial Trait ~ Language					SOURCEPAGE:p.9	CATEGORY:Special Ability	TYPE:Tanukimimi (Tanuki) Racial Trait.SpecialQuality	DESC:Kemonomimi begin play speaking Common and Sylvan. Kemonomimi with high Intelligence scores can choose from the following languages: Catfolk, Celestial, Giant, Goblin, Tengu, and Vanara.	AUTO:LANG|Common|Sylvan

# Usagimimi (Hare)
# Usagimimi Racial Traits
+2 Dexterity, +2 Wisdom	KEY:Usagimimi Racial Trait ~ +2 Dexterity +2 Wisdom		SOURCEPAGE:p.10	CATEGORY:Special Ability	TYPE:Usagimimi (Hare) Racial Trait.SpecialQuality	DESC:Usagimimi have quick reflexes and equally fast intuition.	BONUS:STAT|DEX,WIS|2|TYPE=Racial
Kemonomimi			KEY:Usagimimi Racial Trait ~ Kemonomimi				SOURCEPAGE:p.10	CATEGORY:Special Ability	TYPE:Usagimimi (Hare) Racial Trait.SpecialQuality	DESC:Usagimimi are humanoids with kemonomimi subtype.
Medium			KEY:Usagimimi Racial Trait ~ Medium					SOURCEPAGE:p.10	CATEGORY:Special Ability	TYPE:Usagimimi (Hare) Racial Trait.SpecialQuality	DESC:Usagimimi are Medium creatures and have no bonuses or penalties due to their size.
Normal Speed		KEY:Usagimimi Racial Trait ~ Normal Speed				SOURCEPAGE:p.10	CATEGORY:Special Ability	TYPE:Usagimimi (Hare) Racial Trait.SpecialQuality	DESC:Usagimimi have a base speed of 30 feet.
Low-light Vision		KEY:Usagimimi Racial Trait ~ Low-light Vision			SOURCEPAGE:p.10	CATEGORY:Special Ability	TYPE:Usagimimi (Hare) Racial Trait.SpecialQuality	DESC:In dim light, usagimimi see twice as far as humans.	BONUS:VAR|HasLowlightVision|1|TYPE=Base
Racial Skills		KEY:Usagimimi Racial Trait ~ Racial Skills			SOURCEPAGE:p.10	CATEGORY:Special Ability	TYPE:Usagimimi (Hare) Racial Trait.SpecialQuality	DESC:Usagimimi have a +2 racial bonus to Craft and Profession checks. They are industrious artisans and tradesmen.	BONUS:SKILL|TYPE=Craft,TYPE=Profession|2|TYPE=Racial
Hare Affinity		KEY:Usagimimi Racial Trait ~ Hare Affinity			SOURCEPAGE:p.10	CATEGORY:Special Ability	TYPE:Usagimimi (Hare) Racial Trait.SpecialQuality	DESC:Usagimimi have a +4 racial bonus to Handle Animal and wild empathy checks made to interact with Small or smaller herbivores and hare-like creatures. All kemonomimi have affinity for their animal kin.
Creative Craftsmanship	KEY:Usagimimi Racial Trait ~ Creative Craftsmanship		SOURCEPAGE:p.10	CATEGORY:Special Ability	TYPE:Usagimimi (Hare) Racial Trait.SpecialQuality	DESC:Usagimimi gain a +1 bonus to attack rolls and skill rolls with weapons, tools, and vehicles they crafted, add a +1 bonus to caster level when using scrolls and potions they created, and reduce armor check penalty while wearing armor they made by 1. Additionally they increase income earned with Perform and Profession skills by 10%%.
Language			KEY:Usagimimi Racial Trait ~ Language				SOURCEPAGE:p.10	CATEGORY:Special Ability	TYPE:Usagimimi (Hare) Racial Trait.SpecialQuality	DESC:Kemonomimi begin play speaking Common and Sylvan. Kemonomimi with high Intelligence scores can choose from the following languages: Catfolk, Celestial, Giant, Goblin, Tengu, and Vanara.	AUTO:LANG|Common|Sylvan




