

Barbed Chain		PROFICIENCY:WEAPON|Barbed Chain				COST:18	DAMAGE:2d6				CRITRANGE:1	CRITMULT:x2	WT:6			TYPE:Exotic.Melee.Weapon.Bludgeoning.Piercing						
Tail Blade			PROFICIENCY:WEAPON|Tail Blade					COST:17	DAMAGE:1d8				CRITRANGE:2	CRITMULT:x2	WT:6			TYPE:Exotic.Melee.Weapon.Slashing								
Tail Club			PROFICIENCY:WEAPON|Tail Club					COST:10	DAMAGE:1d8				CRITRANGE:1	CRITMULT:x2	WT:10			TYPE:Exotic.Melee.Weapon.Bludgeoning.Piercing						
Chain Lash			PROFICIENCY:WEAPON|Chain Lash					COST:5	DAMAGE:1d6	ALTDAMAGE:1d6	CRITRANGE:1	CRITMULT:x2	WT:5			TYPE:Exotic.Melee.Weapon.Double.Bludgeoning							ALTCRITRANGE:1	ALTCRITMULT:x2
Gythka			PROFICIENCY:WEAPON|Gythka					COST:60	DAMAGE:1d8	ALTDAMAGE:1d8	CRITRANGE:1	CRITMULT:x2	WT:25			TYPE:Exotic.Melee.Weapon.Double.Slashing								ALTCRITRANGE:1	ALTCRITMULT:x2
Salamander Longspear	PROFICIENCY:WEAPON|Salamander Longspear			COST:10	DAMAGE:2d6				CRITRANGE:2	CRITMULT:x2	WT:18			TYPE:Exotic.Melee.Weapon.Piercing								
Pincer Staff		PROFICIENCY:WEAPON|Pincer Staff				COST:8	DAMAGE:1d4				CRITRANGE:1	CRITMULT:x2	WT:8			TYPE:Exotic.Melee.Weapon.Bludgeoning							
Scissors Sword		PROFICIENCY:WEAPON|Scissors Sword				COST:100	DAMAGE:2d8				CRITRANGE:2	CRITMULT:x2	WT:25			TYPE:Exotic.Melee.Weapon.Slashing								
Sharktooth Staff		PROFICIENCY:WEAPON|Sharktooth Staff				COST:20	DAMAGE:2d6				CRITRANGE:1	CRITMULT:x3	WT:10			TYPE:Exotic.Melee.Weapon.Slashing								
Snake Chain			PROFICIENCY:WEAPON|Snake Chain				COST:5	DAMAGE:1d6	ALTDAMAGE:1d6	CRITRANGE:1	CRITMULT:x3	WT:10			TYPE:Exotic.Melee.Weapon.Double.Bludgeoning						ALTCRITRANGE:1	ALTCRITMULT:x2
Notbora			PROFICIENCY:WEAPON|Notbora					COST:20	DAMAGE:2d6	ALTDAMAGE:2d6	CRITRANGE:1	CRITMULT:x2	WT:2			TYPE:Exotic.Melee.Weapon.Double.Bludgeoning.Slashing					ALTCRITRANGE:2	ALTCRITMULT:x2
Chuul Lasher		PROFICIENCY:WEAPON|Chuul Lasher				COST:1	DAMAGE:1d2				CRITRANGE:1	CRITMULT:x2	WT:2			TYPE:Weapon.Container.Melee.Exotic.Reach.Finesseable.Subdual.Slashing		REACH:15
Chatkcha			PROFICIENCY:WEAPON|Chatkcha					COST:1	DAMAGE:1d6				CRITRANGE:1	CRITMULT:x2	RANGE:20	WT:3	TYPE:Exotic.Ranged.Thrown.Weapon.Piercing							
Howler Javelin		PROFICIENCY:WEAPON|Howler Javelin				COST:2	DAMAGE:1d6				CRITRANGE:1	CRITMULT:x2	RANGE:30	WT:2	TYPE:Exotic.Ranged.Thrown.Weapon.Piercing							
Salamander Halfspear	PROFICIENCY:WEAPON|Salamander Halfspear			COST:2	DAMAGE:1d8				CRITRANGE:1	CRITMULT:x3	RANGE:10	WT:6	TYPE:Exotic.Ranged.Thrown.Weapon.Piercing							
Salamander Shortspear	PROFICIENCY:WEAPON|Salamander Shortspear			COST:4	DAMAGE:2d6				CRITRANGE:1	CRITMULT:x2	RANGE:10	WT:10	TYPE:Exotic.Ranged.Thrown.Weapon.Piercing							

# Track these down...
Lance (heavy)		PROFICIENCY:WEAPON|Lance (heavy)	
Desmodu Lance		PROFICIENCY:WEAPON|Desmodu Lance	
Desmodu Leather		PROFICIENCY:WEAPON|Desmodu Leather	
Desmodu Longbow		PROFICIENCY:WEAPON|Desmodu Longbow	
Loxo Javelin		PROFICIENCY:WEAPON|Loxo Javelin	
Loxo Morningstar		PROFICIENCY:WEAPON|Loxo Morningstar	


###Block - Special and Superior Items
Aboleth mucus (vial)		COST:0.2	WT:1		TYPE:Special and Superior Items
Breathing Mask			COST:1000	WT:5		TYPE:Special and Superior Items
Cable (50 ft.)			COST:25	WT:2		TYPE:Special and Superior Items
Cablespool				COST:125	WT:2		TYPE:Special and Superior Items
Cablespool with cable		COST:175	WT:6		TYPE:Special and Superior Items
Delver slime (vial)		COST:150	WT:1		TYPE:Special and Superior Items
Drow arrow poison (dose)	COST:120	WT:0.25	TYPE:Special and Superior Items
Flash tube				COST:30	WT:1		TYPE:Special and Superior Items
Frostfire				COST:40	WT:1		TYPE:Special and Superior Items
Harness				COST:20	WT:2		TYPE:Special and Superior Items
Sculptor's slime (vial)		COST:750	WT:4		TYPE:Special and Superior Items
Spore flask				COST:1000	WT:1		TYPE:Special and Superior Items
Sun lantern				COST:162	WT:3		TYPE:Special and Superior Items
