

ABILITYCATEGORY:Human Skill Selection		ABILITYLIST:Human Non-Career Skill		CATEGORY:Internal	EDITABLE:YES	EDITPOOL:NO	DISPLAYLOCATION:Character Generation	VISIBLE:QUALIFY
ABILITYCATEGORY:Twi'Lek Skill Selection	TYPE:TwilekRace		CATEGORY:Internal	EDITABLE:YES	EDITPOOL:NO	DISPLAYLOCATION:Character Generation	VISIBLE:QUALIFY
ABILITYCATEGORY:Gand Lung Selection		TYPE:GandLungSelection	CATEGORY:Internal	EDITABLE:YES	EDITPOOL:NO	DISPLAYLOCATION:Character Generation	VISIBLE:QUALIFY


ABILITYCATEGORY:Career			CATEGORY:Career			VISIBLE:NO
ABILITYCATEGORY:Special Ability	CATEGORY:Special Ability	VISIBLE:NO
ABILITYCATEGORY:Skill Training	CATEGORY:Skill Training		VISIBLE:NO
ABILITYCATEGORY:Career Skill		CATEGORY:Career Skill		VISIBLE:NO
ABILITYCATEGORY:Talent			CATEGORY:Talent			VISIBLE:NO



ABILITYCATEGORY:Career Selection	TYPE:Career		CATEGORY:Career	EDITABLE:YES	EDITPOOL:NO	DISPLAYLOCATION:Character Generation	VISIBLE:QUALIFY
#
ABILITYCATEGORY:Career Skill Selection	TYPE:CareerSkillSelect		CATEGORY:Career Skill	EDITABLE:YES	EDITPOOL:NO	DISPLAYLOCATION:Character Generation	VISIBLE:QUALIFY
ABILITYCATEGORY:Career Specialty Skill	TYPE:SpecialtySkillSelect	CATEGORY:Career Skill	EDITABLE:YES	EDITPOOL:NO	DISPLAYLOCATION:Character Generation	VISIBLE:QUALIFY


ABILITYCATEGORY:Career Specialization Selection	POOL:Experience		TYPE:Career Specialization		CATEGORY:Career	EDITABLE:YES	EDITPOOL:NO	DISPLAYLOCATION:Character Generation	VISIBLE:QUALIFY
ABILITYCATEGORY:Stat Purchase				POOL:Experience	TYPE:StatSelect	CATEGORY:Internal	EDITABLE:YES	EDITPOOL:NO	DISPLAYLOCATION:Character Generation	VISIBLE:QUALIFY
ABILITYCATEGORY:Skill Purchase			POOL:Experience	TYPE:Skill Training	CATEGORY:Skill Training	EDITABLE:YES	EDITPOOL:NO	DISPLAYLOCATION:Character Generation	VISIBLE:QUALIFY
ABILITYCATEGORY:Talent Purchase			POOL:Experience	TYPE:Talent	CATEGORY:Talent	EDITABLE:YES	EDITPOOL:NO	DISPLAYLOCATION:Character Generation	VISIBLE:QUALIFY

ABILITYCATEGORY:Bounty Hunter Specialization Choice	CATEGORY:Career	TYPE:Bounty Hunter	EDITABLE:YES	EDITPOOL:NO	DISPLAYLOCATION:Character Generation	VISIBLE:QUALIFY
ABILITYCATEGORY:Colonist Specialization Choice		CATEGORY:Career	TYPE:Colonist		EDITABLE:YES	EDITPOOL:NO	DISPLAYLOCATION:Character Generation	VISIBLE:QUALIFY
ABILITYCATEGORY:Explorer Specialization Choice		CATEGORY:Career	TYPE:Explorer		EDITABLE:YES	EDITPOOL:NO	DISPLAYLOCATION:Character Generation	VISIBLE:QUALIFY
ABILITYCATEGORY:Hired Gun Specialization Choice		CATEGORY:Career	TYPE:Hired Gun		EDITABLE:YES	EDITPOOL:NO	DISPLAYLOCATION:Character Generation	VISIBLE:QUALIFY
ABILITYCATEGORY:Smuggler Specialization Choice		CATEGORY:Career	TYPE:Smuggler		EDITABLE:YES	EDITPOOL:NO	DISPLAYLOCATION:Character Generation	VISIBLE:QUALIFY
ABILITYCATEGORY:Technician Specialization Choice	CATEGORY:Career	TYPE:Technician		EDITABLE:YES	EDITPOOL:NO	DISPLAYLOCATION:Character Generation	VISIBLE:QUALIFY
