
# Species sets HP and Strain, plus starting stats, along with ranks.

Bothan	TYPE:PC	RACETYPE:PC	BONUS:SKILLRANK|Streetwise|1|TYPE=Species	BONUS:VAR|Experience|100|TYPE=Species	BONUS:VAR|WoundThreshold|10+BRA|TYPE=Species	BONUS:VAR|StrainThreshold|11+WIL|TYPE=Species	BONUS:LOCKEDSTAT|BRA|1	BONUS:LOCKEDSTAT|AGI|2	BONUS:LOCKEDSTAT|INT|2	BONUS:LOCKEDSTAT|CUN|3	BONUS:LOCKEDSTAT|WIL|2	BONUS:LOCKEDSTAT|PRE|2	ABILITY:Special Ability|AUTOMATIC|Convincing Demeanor Talent
Droid		TYPE:PC	RACETYPE:PC	BONUS:VAR|Experience|175|TYPE=Species	BONUS:VAR|WoundThreshold|10+BRA|TYPE=Species	BONUS:VAR|StrainThreshold|10+WIL|TYPE=Species	BONUS:LOCKEDSTAT|BRA|1	BONUS:LOCKEDSTAT|AGI|1	BONUS:LOCKEDSTAT|INT|1	BONUS:LOCKEDSTAT|CUN|1	BONUS:LOCKEDSTAT|WIL|1	BONUS:LOCKEDSTAT|PRE|1	ABILITY:Special Ability|AUTOMATIC|Droid ~ Special Abilities|Droid ~ Inorganic|Droid ~ Mechanical Being
	
	

# Subrace selection?
	2-1B Surgical Droid
	3P0 Protocol Droid
	IG Assassin Droid
	LE-VO Law Enforcement Droid
	LOM Protocol Droid
	R-Series Astromech Droid

Gand
	BONUS:LOCKEDSTAT|BRA|2
	BONUS:LOCKEDSTAT|AGI|2
	BONUS:LOCKEDSTAT|INT|2
	BONUS:LOCKEDSTAT|CUN|2
	BONUS:LOCKEDSTAT|WIL|3
	BONUS:LOCKEDSTAT|PRE|1
	BONUS:SKILLRANK|xxx|1|TYPE=Species
	BONUS:VAR|Experience|100|TYPE=Species
	BONUS:VAR|WoundThreshold|10+BRA|TYPE=Species
	BONUS:VAR|StrainThreshold|11+WIL|TYPE=Species
	ABILITY:xxx|AUTOMATIC|xxx Talent
Human
	BONUS:LOCKEDSTAT|BRA|2
	BONUS:LOCKEDSTAT|AGI|2
	BONUS:LOCKEDSTAT|INT|2
	BONUS:LOCKEDSTAT|CUN|2
	BONUS:LOCKEDSTAT|WIL|2
	BONUS:LOCKEDSTAT|PRE|2
	BONUS:SKILLRANK|xxx|1|TYPE=Species
	BONUS:VAR|Experience|100|TYPE=Species
	BONUS:VAR|WoundThreshold|10+BRA|TYPE=Species
	BONUS:VAR|StrainThreshold|11+WIL|TYPE=Species
	ABILITY:xxx|AUTOMATIC|xxx Talent

Rodian
	BONUS:LOCKEDSTAT|BRA|2
	BONUS:LOCKEDSTAT|AGI|3
	BONUS:LOCKEDSTAT|INT|2
	BONUS:LOCKEDSTAT|CUN|2
	BONUS:LOCKEDSTAT|WIL|1
	BONUS:LOCKEDSTAT|PRE|2
	BONUS:SKILLRANK|xxx|1|TYPE=Species
	BONUS:VAR|Experience|100|TYPE=Species
	BONUS:VAR|WoundThreshold|10+BRA|TYPE=Species
	BONUS:VAR|StrainThreshold|11+WIL|TYPE=Species
	ABILITY:xxx|AUTOMATIC|xxx Talent

Trandoshan	TYPE:PC	RACETYPE:PC	BONUS:LOCKEDSTAT|BRA|3	BONUS:LOCKEDSTAT|AGI|1	BONUS:LOCKEDSTAT|INT|2	BONUS:LOCKEDSTAT|CUN|2	BONUS:LOCKEDSTAT|WIL|2	BONUS:LOCKEDSTAT|PRE|2	BONUS:SKILLRANK|Perception|1|TYPE=Species	BONUS:VAR|Experience|90|TYPE=Species	BONUS:VAR|WoundThreshold|12+BRA|TYPE=Species	BONUS:VAR|StrainThreshold|9+WIL|TYPE=Species	ABILITY:Special Ability|AUTOMATIC|Trandoshan ~ Regeneration|Trandoshan ~ Claws
Twi'Lek	TYPE:PC	RACETYPE:PC	BONUS:LOCKEDSTAT|BRA|1	BONUS:LOCKEDSTAT|AGI|2	BONUS:LOCKEDSTAT|INT|2	BONUS:LOCKEDSTAT|CUN|2	BONUS:LOCKEDSTAT|WIL|2	BONUS:LOCKEDSTAT|PRE|3	BONUS:VAR|Experience|100|TYPE=Species	BONUS:VAR|WoundThreshold|10+BRA|TYPE=Specie	BONUS:VAR|StrainThreshold|11+WIL|TYPE=Species	BONUS:ABILITYPOOL|Twi'Lek Skill Selection|1	
Wookiee	TYPE:PC	RACETYPE:PC	BONUS:LOCKEDSTAT|BRA|3	BONUS:LOCKEDSTAT|AGI|2	BONUS:LOCKEDSTAT|INT|2	BONUS:LOCKEDSTAT|CUN|2	BONUS:LOCKEDSTAT|WIL|1	BONUS:LOCKEDSTAT|PRE|2	BONUS:SKILLRANK|Brawl|1|TYPE=Species	BONUS:VAR|Experience|90|TYPE=Species	BONUS:VAR|WoundThreshold|14+BRA|TYPE=Species	BONUS:VAR|StrainThreshold|8+WIL|TYPE=Species	ABILITY:Special Ability|AUTOMATIC|Wookie ~ Wookie Rage

