
ABILITYCATEGORY:Racial Trait			CATEGORY:Racial Trait	VISIBLE:NO	EDITABLE:NO	EDITPOOL:NO
ABILITYCATEGORY:Internal			CATEGORY:Internal		VISIBLE:NO	EDITABLE:NO	EDITPOOL:NO
ABILITYCATEGORY:Selection			CATEGORY:Selection	VISIBLE:NO	EDITABLE:NO	EDITPOOL:NO
ABILITYCATEGORY:Class				CATEGORY:Class		VISIBLE:NO	EDITABLE:NO	EDITPOOL:NO
ABILITYCATEGORY:Race				CATEGORY:Race		VISIBLE:NO	EDITABLE:NO	EDITPOOL:NO
ABILITYCATEGORY:Special Ability				CATEGORY:Special Ability		VISIBLE:NO	EDITABLE:NO	EDITPOOL:NO




ABILITYCATEGORY:Human Racial Trait			CATEGORY:Racial Trait	TYPE:Human Racial Trait			DISPLAYLOCATION:Character	VISIBLE:QUALIFY	EDITABLE:YES	EDITPOOL:NO
ABILITYCATEGORY:Merfolk Racial Trait		CATEGORY:Racial Trait	TYPE:Merfolk Racial Trait		DISPLAYLOCATION:Character	VISIBLE:QUALIFY	EDITABLE:YES	EDITPOOL:NO
ABILITYCATEGORY:Fishmen Racial Trait		CATEGORY:Racial Trait	TYPE:Fishmen Racial Trait		DISPLAYLOCATION:Character	VISIBLE:QUALIFY	EDITABLE:YES	EDITPOOL:NO
ABILITYCATEGORY:Giant Racial Trait			CATEGORY:Racial Trait	TYPE:Giant	 Racial Trait		DISPLAYLOCATION:Character	VISIBLE:QUALIFY	EDITABLE:YES	EDITPOOL:NO
ABILITYCATEGORY:Sky Tribesmen Racial Trait	CATEGORY:Racial Trait	TYPE:Sky Tribesmen Racial Trait	DISPLAYLOCATION:Character	VISIBLE:QUALIFY	EDITABLE:YES	EDITPOOL:NO
ABILITYCATEGORY:Kuja Racial Trait			CATEGORY:Racial Trait	TYPE:Kuja Racial Trait			DISPLAYLOCATION:Character	VISIBLE:QUALIFY	EDITABLE:YES	EDITPOOL:NO
ABILITYCATEGORY:Cyborg Racial Trait			CATEGORY:Racial Trait	TYPE:Cyborg Racial Trait		DISPLAYLOCATION:Character	VISIBLE:QUALIFY	EDITABLE:YES	EDITPOOL:NO
ABILITYCATEGORY:Longarm Racial Trait		CATEGORY:Racial Trait	TYPE:Longarm Racial Trait		DISPLAYLOCATION:Character	VISIBLE:QUALIFY	EDITABLE:YES	EDITPOOL:NO
ABILITYCATEGORY:Longleg Racial Trait		CATEGORY:Racial Trait	TYPE:Longleg Racial Trait		DISPLAYLOCATION:Character	VISIBLE:QUALIFY	EDITABLE:YES	EDITPOOL:NO

ABILITYCATEGORY:Cyborg Base Race	CATEGORY:Selection	TYPE:Cyborg Base Race	DISPLAYLOCATION:Character	VISIBLE:QUALIFY	EDITABLE:YES	EDITPOOL:NO	POOL:POOL_CyborgBaseRace

ABILITYCATEGORY:Classes			CATEGORY:Class	TYPE:Class	DISPLAYLOCATION:Character	VISIBLE:YES	EDITABLE:YES	EDITPOOL:NO

ABILITYCATEGORY:Favored Primary Skill	CATEGORY:Selection	TYPE:Favored Primary Skill	DISPLAYLOCATION:Character	VISIBLE:QUALIFY	EDITABLE:YES	EDITPOOL:NO	POOL:FavoredPrimarySkillCount
ABILITYCATEGORY:Favored Secondary Skill	CATEGORY:Selection	TYPE:Favored Secondary Skill	DISPLAYLOCATION:Character	VISIBLE:QUALIFY	EDITABLE:YES	EDITPOOL:NO	POOL:FavoredSecondarySkillCount


ABILITYCATEGORY:xxx Class Feature	CATEGORY:Racial Trait	TYPE:xxx Class Feature	DISPLAYLOCATION:Character	VISIBLE:QUALIFY	EDITABLE:YES	EDITPOOL:NO
ABILITYCATEGORY:xxx Class Feature	CATEGORY:Racial Trait	TYPE:xxx Class Feature	DISPLAYLOCATION:Character	VISIBLE:QUALIFY	EDITABLE:YES	EDITPOOL:NO
ABILITYCATEGORY:xxx Class Feature	CATEGORY:Racial Trait	TYPE:xxx Class Feature	DISPLAYLOCATION:Character	VISIBLE:QUALIFY	EDITABLE:YES	EDITPOOL:NO
ABILITYCATEGORY:xxx Class Feature	CATEGORY:Racial Trait	TYPE:xxx Class Feature	DISPLAYLOCATION:Character	VISIBLE:QUALIFY	EDITABLE:YES	EDITPOOL:NO
ABILITYCATEGORY:xxx Class Feature	CATEGORY:Racial Trait	TYPE:xxx Class Feature	DISPLAYLOCATION:Character	VISIBLE:QUALIFY	EDITABLE:YES	EDITPOOL:NO


ABILITYCATEGORY:xxx Racial Trait	CATEGORY:Racial Trait	TYPE:xxx Racial Trait	DISPLAYLOCATION:Character	VISIBLE:QUALIFY	EDITABLE:YES	EDITPOOL:NO
ABILITYCATEGORY:xxx Racial Trait	CATEGORY:Racial Trait	TYPE:xxx Racial Trait	DISPLAYLOCATION:Character	VISIBLE:QUALIFY	EDITABLE:YES	EDITPOOL:NO
ABILITYCATEGORY:xxx Racial Trait	CATEGORY:Racial Trait	TYPE:xxx Racial Trait	DISPLAYLOCATION:Character	VISIBLE:QUALIFY	EDITABLE:YES	EDITPOOL:NO
ABILITYCATEGORY:xxx Racial Trait	CATEGORY:Racial Trait	TYPE:xxx Racial Trait	DISPLAYLOCATION:Character	VISIBLE:QUALIFY	EDITABLE:YES	EDITPOOL:NO



