Appraise						KEYSTAT:INT
Balance						KEYSTAT:DEX
Bluff							KEYSTAT:CHA
Climb							KEYSTAT:STR
Concentration					KEYSTAT:CON
Cooking						KEYSTAT:WIS
Diplomacy						KEYSTAT:CHA
Engineering						KEYSTAT:WIS
Escape Artist					KEYSTAT:DEX
Gather Information				KEYSTAT:CHA
Heal							KEYSTAT:WIS
Hide							KEYSTAT:DEX
Intimidate						KEYSTAT:CHA
Invent						KEYSTAT:INT
Jump							KEYSTAT:STR
Knowledge (Arcana)				KEYSTAT:WIS
Knowledge (Architecture and Engineering)	KEYSTAT:WIS
Knowledge (History)				KEYSTAT:WIS
Knowledge (Local)					KEYSTAT:WIS
Knowledge (Nature)				KEYSTAT:WIS
Knowledge (Nobility and Royalty)		KEYSTAT:WIS
Listen						KEYSTAT:WIS
Move Silently					KEYSTAT:DEX
Navgation						KEYSTAT:INT
Perform (Act)					KEYSTAT:CHA
Perform (Comedy)					KEYSTAT:CHA
Perform (Dance)					KEYSTAT:DEX
Perform (Keyboard Instruments)		KEYSTAT:DEX
Perform (Oratory)					KEYSTAT:CHA
Perform (Percussion Instruments)		KEYSTAT:DEX
Perform (String Instruments)			KEYSTAT:DEX
Perform (Wind Instruments)			KEYSTAT:DEX
Perform (Sing)					KEYSTAT:CHA
Research						KEYSTAT:WIS
Ride							KEYSTAT:DEX
Sailing						KEYSTAT:WIS
Search						KEYSTAT:INT
Sense Motive					KEYSTAT:WIS
Sleight of Hand					KEYSTAT:DEX
Spot							KEYSTAT:WIS
Trapping						KEYSTAT:DEX
Tumble						KEYSTAT:DEX

