# CVS $Revision: $ $Author: $ -- Fri Oct 11 07:36:00 2013 -- reformated by prettylst.pl v1.50 (build 20400)
SOURCELONG:Complete Arcane	SOURCESHORT:CAr	SOURCEDATE:2004-11

CLASS:Precocious Spells (Arcane/INT)	HD:1	TYPE:PreAppSpells	ABB:Precocious Apprentice	VISIBLE:NO
CLASS:Precocious Spells (Arcane/INT)	SPELLSTAT:INT	BONUSSPELLSTAT:NONE	SPELLTYPE:Arcane	SPELLBOOK:YES	BONUS:CASTERLEVEL|Precocious Spells (Arcane/INT)|TL
1	CAST:0,0,0	KNOWN:0,0,0
#
CLASS:Precocious Spells (Arcane/CHA)	HD:1	TYPE:PreAppSpells	ABB:Precocious Apprentice	VISIBLE:NO
CLASS:Precocious Spells (Arcane/CHA)	SPELLSTAT:CHA	BONUSSPELLSTAT:NONE	SPELLTYPE:Arcane	SPELLBOOK:YES	BONUS:CASTERLEVEL|Precocious Spells (Arcane/CHA)|TL
1	CAST:0,0,0	KNOWN:0,0,0
#
CLASS:Precocious Spells (Arcane/WIS)	HD:1	TYPE:PreAppSpells	ABB:Precocious Apprentice	VISIBLE:NO
CLASS:Precocious Spells (Arcane/WIS)	SPELLSTAT:WIS	BONUSSPELLSTAT:NONE	SPELLTYPE:Arcane	SPELLBOOK:YES	BONUS:CASTERLEVEL|Precocious Spells (Arcane/CHA)|TL
1	CAST:0,0,0	KNOWN:0,0,0


# Class Name	Hit Dice	Type			Abbreviation	Max Level	Source Page		Save checks bonus														Combat bonus
CLASS:Warlock	HD:6		TYPE:Base.PC	ABB:Wrl		MAXLEVEL:20	SOURCEPAGE:p.	BONUS:CHECKS|BASE.Fortitude|CL/3	BONUS:CHECKS|BASE.Reflex|CL/3	BONUS:CHECKS|BASE.Will|CL/2+2	BONUS:COMBAT|BAB|CL*3/4|PREVAREQ:UseFractionalBAB,0	BONUS:VAR|ClassBABModerate|CL|PREVAREQ:UseFractionalBAB,1	

# Class Name	Required AL
CLASS:Warlock	PREALIGN:LE,NE,CE,CG,CN
# Class Name	Skill Pts/Lvl	Class Skill
CLASS:Warlock	STARTSKILLPTS:2	CSKILL:Bluff|Concentration|TYPE=Craft|Disguise|Intimidate|Jump|Knowledge (Arcana)|Knowledge (The Planes)|Knowledge (Religion)|TYPE=Profession|Sense Motive|Spellcraft|Use Magic Device
# Class Name	Caster level
CLASS:Warlock	BONUS:CASTERLEVEL|Warlock|CL
1																																						ABILITY:Special Ability|AUTOMATIC|Weapon and Armor Proficiency ~ Warlock|!PREABILITY:1,CATEGORY=ACF,TYPE.WarlockProficiencies
#
1				BONUS:ABILITYPOOL|Warlock Least Invocation|1														BONUS:VAR|WarlockEldritchBlastLVL|CL	BONUS:VAR|WarlockInvocationLVL|CL	ABILITY:Special Ability|AUTOMATIC|Eldritch Blast|Invocation|Warlock Eldritch Blast|Warlock Invocation
2				BONUS:ABILITYPOOL|Warlock Least Invocation|1														BONUS:VAR|DetectMagicWillLVL|CL								ABILITY:Special Ability|AUTOMATIC|Detect Magic (Sp at will)
3	DR:0/Cold Iron																	BONUS:DR|Cold Iron|(CL+1)/4
4				BONUS:ABILITYPOOL|Warlock Least Invocation|1																											ABILITY:Special Ability|AUTOMATIC|Deceive Item
6				BONUS:ABILITYPOOL|Warlock Lesser Invocation|1
8				BONUS:ABILITYPOOL|Warlock Lesser Invocation|1																											ABILITY:Special Ability|AUTOMATIC|Fiendish Resiliency
10				BONUS:ABILITYPOOL|Warlock Lesser Invocation|1	BONUS:ABILITYPOOL|Warlock Energy Resistance|2						BONUS:VAR|WarlockEnergyResistanceLVL|CL							ABILITY:Special Ability|VIRTUAL|Warlock Energy Resistance
11				BONUS:ABILITYPOOL|Warlock Greater Invocation|1
12																																						ABILITY:Special Ability|AUTOMATIC|Imbue Item
13				BONUS:ABILITYPOOL|Warlock Greater Invocation|1
15				BONUS:ABILITYPOOL|Warlock Greater Invocation|1
16				BONUS:ABILITYPOOL|Warlock Dark Invocation|1
18				BONUS:ABILITYPOOL|Warlock Dark Invocation|1
20				BONUS:ABILITYPOOL|Warlock Dark Invocation|1
#

# Class Name	Hit Dice	Type			Abbreviation	Max Level	Source Page		Save checks bonus														Combat bonus
CLASS:Warmage	HD:6		TYPE:Base.PC	ABB:Wrm		MAXLEVEL:20	SOURCEPAGE:p.	BONUS:CHECKS|BASE.Fortitude|CL/3	BONUS:CHECKS|BASE.Reflex|CL/3	BONUS:CHECKS|BASE.Will|CL/2+2	BONUS:COMBAT|BAB|CL*1/2|PREVAREQ:UseFractionalBAB,0	BONUS:VAR|ClassBABPoor|CL|PREVAREQ:UseFractionalBAB,1	
# Class Name	Skill Pts/Lvl	Class Skill
CLASS:Warmage	STARTSKILLPTS:2	CSKILL:Concentration|TYPE=Craft|Intimidate|Knowledge (Arcana)|Knowledge (History)|TYPE=Profession|Spellcraft
# Class Name	Spell Stat		Spell Type		Memorize	Automatically Known Spell Levels											Caster level
CLASS:Warmage	SPELLSTAT:CHA	SPELLTYPE:Arcane	MEMORIZE:NO	KNOWNSPELLS:LEVEL=0|LEVEL=1|LEVEL=2|LEVEL=3|LEVEL=4|LEVEL=5|LEVEL=6|LEVEL=7|LEVEL=8|LEVEL=9	BONUS:CASTERLEVEL|Warmage|CL
1																								ABILITY:Special Ability|AUTOMATIC|Weapon and Armor Proficiency ~ Warmage|!PREABILITY:1,CATEGORY=ACF,TYPE.WarmageProficiencies
#
1	CAST:5,3												BONUS:VAR|ArmoredMagePower|1	BONUS:VAR|WarmageEdgeLVL|CL	ABILITY:Special Ability|AUTOMATIC|Armored Mage|Edge|Warmage Edge
2	CAST:6,4
3	CAST:6,5				BONUS:ABILITYPOOL|Advanced Learning|(CL+4)/5
4	CAST:6,6,3
5	CAST:6,6,4
6	CAST:6,6,5,3
7	CAST:6,6,6,4			BONUS:ABILITYPOOL|Warmage Sudden Ability|1
8	CAST:6,6,6,5,3											BONUS:VAR|ArmoredMagePower|1																											AUTO:FEAT|Armor Proficiency (Medium)
9	CAST:6,6,6,6,4
10	CAST:6,6,6,6,5,3			BONUS:ABILITYPOOL|Warmage Sudden Ability|1
11	CAST:6,6,6,6,6,4
12	CAST:6,6,6,6,6,5,3
13	CAST:6,6,6,6,6,6,4
14	CAST:6,6,6,6,6,6,5,3
15	CAST:6,6,6,6,6,6,6,4		BONUS:ABILITYPOOL|Warmage Sudden Ability|1
16	CAST:6,6,6,6,6,6,6,5,3
17	CAST:6,6,6,6,6,6,6,6,4
18	CAST:6,6,6,6,6,6,6,6,5,3
19	CAST:6,6,6,6,6,6,6,6,6,4
20	CAST:6,6,6,6,6,6,6,6,6,5	BONUS:ABILITYPOOL|Warmage Sudden Ability|1
#

# Class Name	Hit Dice	Type				Abbreviation	Max Level	Source Page		Bonus Languages			Save checks bonus														Combat bonus
CLASS:Wu Jen	HD:4		TYPE:Base.PC.Oriental	ABB:Wuj		MAXLEVEL:20	SOURCEPAGE:p.	LANGBONUS:Draconic,Giant	BONUS:CHECKS|BASE.Fortitude|CL/3	BONUS:CHECKS|BASE.Reflex|CL/3	BONUS:CHECKS|BASE.Will|CL/2+2	BONUS:COMBAT|BAB|CL*1/2|PREVAREQ:UseFractionalBAB,0	BONUS:VAR|ClassBABPoor|CL|PREVAREQ:UseFractionalBAB,1	
# Class Name	Required AL
CLASS:Wu Jen	PREALIGN:NG,TN,NE,CG,CN,CE
# Class Name	Skill Pts/Lvl	Class Skill
CLASS:Wu Jen	STARTSKILLPTS:2	CSKILL:Concentration|TYPE=Craft|TYPE=Knowledge|TYPE=Profession|Spellcraft
# Class Name	Spell Stat		Spell Type		Automatically Known Spell Levels	Spellbook		Caster level
CLASS:Wu Jen	SPELLSTAT:INT	SPELLTYPE:Arcane	KNOWNSPELLS:LEVEL=0			SPELLBOOK:YES	BONUS:CASTERLEVEL|Wu Jen|CL
1																	ABILITY:Special Ability|AUTOMATIC|Weapon and Armor Proficiency ~ Wu Jen|!PREABILITY:1,CATEGORY=ACF,TYPE.WuJenProficiencies
#
1	CAST:3,1				BONUS:ABILITYPOOL|Metamagic Feat|1	BONUS:ABILITYPOOL|Taboo|1	ABILITY:Special Ability|AUTOMATIC|Watchful Spirit|Wu Jen Watchful Spirit
2	CAST:4,2
3	CAST:4,2,1				BONUS:ABILITYPOOL|Spell Secret|1	BONUS:ABILITYPOOL|Taboo|1
4	CAST:4,3,2
5	CAST:4,3,2,1
6	CAST:4,3,3,2			BONUS:ABILITYPOOL|Elemental Mastery|1
7	CAST:4,4,3,2,1
8	CAST:4,4,3,3,2
9	CAST:4,4,4,3,2,1			BONUS:ABILITYPOOL|Spell Secret|1	BONUS:ABILITYPOOL|Taboo|1
10	CAST:4,4,4,3,3,2
11	CAST:4,4,4,4,3,2,1
12	CAST:4,4,4,4,3,3,2		BONUS:ABILITYPOOL|Spell Secret|1	BONUS:ABILITYPOOL|Taboo|1
13	CAST:4,4,4,4,4,3,2,1
14	CAST:4,4,4,4,4,3,3,2
15	CAST:4,4,4,4,4,4,3,2,1		BONUS:ABILITYPOOL|Spell Secret|1	BONUS:ABILITYPOOL|Taboo|1
16	CAST:4,4,4,4,4,4,3,3,2
17	CAST:4,4,4,4,4,4,4,3,2,1
18	CAST:4,4,4,4,4,4,4,3,3,2	BONUS:ABILITYPOOL|Spell Secret|1	BONUS:ABILITYPOOL|Taboo|1
19	CAST:4,4,4,4,4,4,4,4,3,3
20	CAST:4,4,4,4,4,4,4,4,4,4


###Block: Prestige

# Class Name			Hit Dice	Type			Abbreviation	Max Level	Source Page		Save checks bonus														Combat bonus
CLASS:Acolyte of the Skin	HD:8		TYPE:PC.Prestige	ABB:Aos		MAXLEVEL:10	SOURCEPAGE:p.	BONUS:CHECKS|BASE.Fortitude|CL/2+2	BONUS:CHECKS|BASE.Reflex|CL/3	BONUS:CHECKS|BASE.Will|CL/2+2	BONUS:COMBAT|BAB|CL*3/4|PREVAREQ:UseFractionalBAB,0	BONUS:VAR|ClassBABModerate|CL|PREVAREQ:UseFractionalBAB,1	

# Class Name			Required AL				Required Skill				Req. Spell Type		Required Text
CLASS:Acolyte of the Skin	PREALIGN:LN,LE,TN,NE,CN,CE	PRESKILL:1,Knowledge (The Planes)=6	PRESPELLTYPE:1,Any=5	PRETEXT:Must have peacfull contact with a summoned Devil
# Class Name			Skill Pts/Lvl	Class Skill
CLASS:Acolyte of the Skin	STARTSKILLPTS:2	CSKILL:Concentration|TYPE=Craft|Intimidate|Knowledge (Arcana)|Knowledge (The Planes)|TYPE=Profession|Spellcraft
1	BONUS:VAR|PoisonLVL|CL	BONUS:VAR|PoisonPerDay|1	ADD:ABILITY|Special Ability|VIRTUAL|Wear Skin	ABILITY:Special Ability|AUTOMATIC|Poison (Sp)
2	BONUS:VAR|FireResistanceBonus|10				ADD:SPELLCASTER|ANY					ABILITY:Special Ability|AUTOMATIC|Resistance To Fire
3	BONUS:VAR|AcolyteSkinFiendishGlareLVL|CL											ABILITY:Special Ability|AUTOMATIC|Acolyte of the Skin Fiendish Glare|Fiendish Glare
4										ADD:SPELLCASTER|ANY
5	BONUS:VAR|PoisonPerDay|1													ABILITY:Special Ability|AUTOMATIC|Skin Adaptation
6	BONUS:VAR|ColdResistanceBonus|10				ADD:SPELLCASTER|ANY					ABILITY:Special Ability|AUTOMATIC|Resistance To Cold
7																		ABILITY:Special Ability|AUTOMATIC|Acolyte of the Skin Glare of the Pit|Glare of the Pit
8										ADD:SPELLCASTER|ANY
9	BONUS:VAR|SummonFiendPerDay|1													ABILITY:Special Ability|AUTOMATIC|Acolyte of the skin Summon Fiend|Summon Fiend (Sp)
10										ADD:SPELLCASTER|ANY					ABILITY:Special Ability|AUTOMATIC|Fiendish Symbiosis							TEMPLATE:Fiendish Symbiosis
#

# Class Name	Hit Dice	Type			Abbreviation	Max Level	Source Page		Save checks bonus														Combat bonus
CLASS:Alienist	HD:4		TYPE:PC.Prestige	ABB:Ali		MAXLEVEL:10	SOURCEPAGE:p.	BONUS:CHECKS|BASE.Fortitude|CL/3	BONUS:CHECKS|BASE.Reflex|CL/3	BONUS:CHECKS|BASE.Will|CL/2+2	BONUS:COMBAT|BAB|CL*1/2|PREVAREQ:UseFractionalBAB,0	BONUS:VAR|ClassBABPoor|CL|PREVAREQ:UseFractionalBAB,1	
# Class Name	Required AL				Required Feat			Required Skill				Required Spell School		Required Text
CLASS:Alienist	PREALIGN:NG,TN,NE,CG,CN,CE	PREFEAT:1,Augment Summoning	PRESKILL:1,Knowledge (The Planes)=8	PRESPELLSCHOOL:1,Summoning=3	PRETEXT:Must have peacfull contact with an alienist or a pseudonatural creature
# Class Name	Skill Pts/Lvl	Class Skill
CLASS:Alienist	STARTSKILLPTS:2	CSKILL:Concentration|Gather Information|TYPE=Knowledge|Listen|TYPE=Profession|Spellcraft|Spot
1							BONUS:VAR|FamiliarLVL|CL	ADD:SPELLCASTER|ANY	ABILITY:Special Ability|AUTOMATIC|Summon Alien
2												ADD:SPELLCASTER|ANY	ABILITY:Special Ability|AUTOMATIC|Alien Blessing
3	BONUS:ABILITYPOOL|Metamagic Feat|1						ADD:SPELLCASTER|ANY	ABILITY:Special Ability|AUTOMATIC|Metamagic Secret
4												ADD:SPELLCASTER|ANY	ABILITY:Special Ability|AUTOMATIC|Mad Certainty
5												ADD:SPELLCASTER|ANY	ABILITY:Special Ability|AUTOMATIC|Pseudonatural Familiar
6												ADD:SPELLCASTER|ANY	ABILITY:Special Ability|AUTOMATIC|Extra Summoning
7	BONUS:ABILITYPOOL|Metamagic Feat|1						ADD:SPELLCASTER|ANY
8												ADD:SPELLCASTER|ANY	ABILITY:Special Ability|AUTOMATIC|Insane Certainty
9												ADD:SPELLCASTER|ANY	ABILITY:Special Ability|AUTOMATIC|Timeless Body			TEMPLATE:Alienist Timeless Body
10												ADD:SPELLCASTER|ANY	ABILITY:Special Ability|AUTOMATIC|Trascendence			TEMPLATE:Alienist Alien Trascendence
#

# Class Name		Hit Dice	Type			Abbreviation	Max Level	Source Page		Save checks bonus														Combat bonus
CLASS:Argent Savant	HD:4		TYPE:PC.Prestige	ABB:Ars		MAXLEVEL:5	SOURCEPAGE:p.	BONUS:CHECKS|BASE.Fortitude|CL/3	BONUS:CHECKS|BASE.Reflex|CL/3	BONUS:CHECKS|BASE.Will|CL/2+2	BONUS:COMBAT|BAB|CL*1/2|PREVAREQ:UseFractionalBAB,0	BONUS:VAR|ClassBABPoor|CL|PREVAREQ:UseFractionalBAB,1	
# Class Name		Multiple Requirements									Required Skill
CLASS:Argent Savant	PREMULT:2,[PRESPELLDESCRIPTOR:5,Force=1],[PRESPELLDESCRIPTOR:1,Force=5]	PRESKILL:1,Knowledge (Arcana)=6	PRESKILL:1,Spellcraft=12
# Class Name		Skill Pts/Lvl	Class Skill
CLASS:Argent Savant	STARTSKILLPTS:2	CSKILL:Concentration|TYPE=Craft|TYPE=Knowledge|TYPE=Profession|Spellcraft
1											ABILITY:Special Ability|AUTOMATIC|Force Specialization
2							ADD:SPELLCASTER|Arcane	ABILITY:Special Ability|AUTOMATIC|Force Armor
3							ADD:SPELLCASTER|Arcane	ABILITY:Special Ability|AUTOMATIC|Enduring Force
4	BONUS:VAR|ForceResistanceBonus|CL	ADD:SPELLCASTER|Arcane	ABILITY:Special Ability|AUTOMATIC|Ablate Force
5							ADD:SPELLCASTER|Arcane	ABILITY:Special Ability|AUTOMATIC|Unbind Force
#

# Class Name	Hit Dice	Type			Abbreviation	Max Level	Source Page		Define			Save checks bonus														Combat bonus
CLASS:Blood Magus	HD:6		TYPE:PC.Prestige	ABB:Blm		MAXLEVEL:10	SOURCEPAGE:p.	DEFINE:BlmHomunculus|0	BONUS:CHECKS|BASE.Fortitude|CL/2+2	BONUS:CHECKS|BASE.Reflex|CL/3	BONUS:CHECKS|BASE.Will|CL/3	BONUS:COMBAT|BAB|CL*1/2|PREVAREQ:UseFractionalBAB,0	BONUS:VAR|ClassBABPoor|CL|PREVAREQ:UseFractionalBAB,1	
# Class Name	Required AL					Required Feat				Required Skill			Required Casting Type		Req. Spell Type		Required Text
CLASS:Blood Magus	PREALIGN:LN,LE,NG,TN,NE,CG,CN,CE	PREFEAT:2,Great Fortitude,Toughness	PRESKILL:1,Concentration=4	PRESPELLCAST:TYPE=Arcane	PRESPELLTYPE:1,Arcane=5	PRETEXT:The character must have been killed, then returned to life
# Class Name	Skill Pts/Lvl	Class Skill
CLASS:Blood Magus	STARTSKILLPTS:2	CSKILL:Bluff|Concentration|TYPE=Craft|Heal|Spellcraft
1														ADD:SPELLCASTER|Arcane	ABILITY:Special Ability|AUTOMATIC|Blood Component|Durable Casting|Stanch
2														ADD:SPELLCASTER|Arcane	ABILITY:Special Ability|AUTOMATIC|Scarification
3				BONUS:VAR|DeathKnellPerDay|1	BONUS:VAR|DeathKnellLVL|CL	ADD:SPELLCASTER|Arcane	ABILITY:Special Ability|AUTOMATIC|Death Knell (Sp)
4														ADD:SPELLCASTER|Arcane	ABILITY:Special Ability|AUTOMATIC|Blood Draught
5				BONUS:VAR|HomunculusLVL|CL-4										ABILITY:Special Ability|AUTOMATIC|Homunculus
6														ADD:SPELLCASTER|Arcane	ABILITY:Special Ability|AUTOMATIC|Bloodseeking Spell
7	DR:1/Bludgeoning											ADD:SPELLCASTER|Arcane	ABILITY:Special Ability|AUTOMATIC|Thicker than Water
8														ADD:SPELLCASTER|Arcane	ABILITY:Special Ability|AUTOMATIC|Awaken Blood|Blood Magus Awaken Blood
9														ADD:SPELLCASTER|Arcane	ABILITY:Special Ability|AUTOMATIC|Infusion
10																		ABILITY:Special Ability|AUTOMATIC|Blood Magus Bloodwalk|Bloodwalk
#

# Class Name		Hit Dice	Type			Abbreviation	Max Level	Source Page		Save checks bonus														Combat bonus
CLASS:Effigy Master	HD:4		TYPE:PC.Prestige	ABB:Efm		MAXLEVEL:5	SOURCEPAGE:p.	BONUS:CHECKS|BASE.Fortitude|CL/3	BONUS:CHECKS|BASE.Reflex|CL/3	BONUS:CHECKS|BASE.Will|CL/2+2	BONUS:COMBAT|BAB|CL*1/2|PREVAREQ:UseFractionalBAB,0	BONUS:VAR|ClassBABPoor|CL|PREVAREQ:UseFractionalBAB,1	
# Class Name		Required Feat			Required Skill																									Req. Known Spell
CLASS:Effigy Master	PREFEAT:1,Craft Wondrous Item	PRESKILL:1,Craft (Woodworking)=10,Craft (Leatherworking)=10,Craft (Metalworking)=10	PRESKILL:2,Knowledge (Arcana)=5,Spellcraft=5	PRESKILL:1,Use Magic Device=2	PRESPELL:1,Simulacrum
# Class Name		Skill Pts/Lvl	Class Skill
CLASS:Effigy Master	STARTSKILLPTS:2	CSKILL:Concentration|TYPE=Craft|TYPE=Knowledge|TYPE=Profession|Spellcraft
1					ABILITY:Special Ability|AUTOMATIC|Craft Effigy
2	ADD:SPELLCASTER|ANY
3	ADD:SPELLCASTER|ANY	ABILITY:Special Ability|AUTOMATIC|Improved Effigy
4	ADD:SPELLCASTER|ANY
5	ADD:SPELLCASTER|ANY	ABILITY:Special Ability|AUTOMATIC|Effigy Link
#

# Class Name		Hit Dice	Type			Abbreviation	Max Level	Base class as subclass?	Source Page		Save checks bonus														Combat bonus
CLASS:Elemental Savant	HD:4		TYPE:PC.Prestige	ABB:Els		MAXLEVEL:10	ALLOWBASECLASS:NO		SOURCEPAGE:p.	BONUS:CHECKS|BASE.Fortitude|CL/3	BONUS:CHECKS|BASE.Reflex|CL/3	BONUS:CHECKS|BASE.Will|CL/2+2	BONUS:COMBAT|BAB|CL*1/2|PREVAREQ:UseFractionalBAB,0	BONUS:VAR|ClassBABPoor|CL|PREVAREQ:UseFractionalBAB,1	
# Class Name		Required Feat			Multiple Requirements																																											Required Skill										Required Text
CLASS:Elemental Savant	PREFEAT:1,Energy Substitution	PRESPELLDESCRIPTOR:1,Acid=3,Cold=3,Electricity=3,Fire=3	PREMULT:1,[PRESPELLDESCRIPTOR:3,Acid=1],[PRESPELLDESCRIPTOR:3,Cold=1],[PRESPELLDESCRIPTOR:3,Electricity=1],[PRESPELLDESCRIPTOR:3,Fire=1]	PRESKILL:1,Knowledge (Arcana)=8	PRESKILL:1,Knowledge (The Planes)=4	PRETEXT:Must have made a pacific contract with an Elemental or Outsider that has an elemental subtype
# Class Name		Skill Pts/Lvl	Class Skill
CLASS:Elemental Savant	STARTSKILLPTS:2	CSKILL:Concentration|TYPE=Craft|Knowledge (Arcana)|Knowledge (The Planes)|TYPE=Profession|Spellcraft
SUBCLASS:Air Elemental Savant		COST:1	PROHIBITCOST:0	PREFEAT:1,Energy Substitution (Electricity)
SUBCLASSLEVEL:1	BONUS:VAR|ElectricityResistanceBonus|5	ABILITY:Special Ability|AUTOMATIC|Elemental Savant Air Elemental Specialty|Resistance to Electricity
SUBCLASSLEVEL:4	BONUS:VAR|ElectricityResistanceBonus|5
SUBCLASSLEVEL:5								ABILITY:Special Ability|AUTOMATIC|Energy Focus Air
SUBCLASSLEVEL:7	BONUS:VAR|ElectricityResistanceBonus|10
SUBCLASSLEVEL:10								ABILITY:Special Ability|AUTOMATIC|Immunity To Electricity
SUBCLASS:Earth Elemental Savant	COST:1	PROHIBITCOST:0	PREFEAT:1,Energy Substitution (Acid)
SUBCLASSLEVEL:1	BONUS:VAR|AcidResistanceBonus|5		ABILITY:Special Ability|AUTOMATIC|Elemental Savant Earth Elemental Specialty|Resistance to Acid
SUBCLASSLEVEL:4	BONUS:VAR|AcidResistanceBonus|5
SUBCLASSLEVEL:5								ABILITY:Special Ability|AUTOMATIC|Energy Focus Earth
SUBCLASSLEVEL:7	BONUS:VAR|AcidResistanceBonus|10
SUBCLASSLEVEL:10								ABILITY:Special Ability|AUTOMATIC|Immunity To Acid
SUBCLASS:Fire Elemental Savant	COST:1	PROHIBITCOST:0	PREFEAT:1,Energy Substitution (Fire)
SUBCLASSLEVEL:1	BONUS:VAR|FireResistanceBonus|5		ABILITY:Special Ability|AUTOMATIC|Elemental Savant Fire Elemental Specialty|Resistance to Fire
SUBCLASSLEVEL:4	BONUS:VAR|FireResistanceBonus|5
SUBCLASSLEVEL:5								ABILITY:Special Ability|AUTOMATIC|Energy Focus Fire
SUBCLASSLEVEL:7	BONUS:VAR|FireResistanceBonus|10
SUBCLASSLEVEL:10								ABILITY:Special Ability|AUTOMATIC|Immunity To Fire
SUBCLASS:Water Elemental Savant	COST:1	PROHIBITCOST:0	PREFEAT:1,Energy Substitution (Cold)
SUBCLASSLEVEL:1	BONUS:VAR|ColdResistanceBonus|5		ABILITY:Special Ability|AUTOMATIC|Elemental Savant Cold Elemental Specialty|Resistance to Cold
SUBCLASSLEVEL:4	BONUS:VAR|ColdResistanceBonus|5
SUBCLASSLEVEL:5								ABILITY:Special Ability|AUTOMATIC|Energy Focus Water
SUBCLASSLEVEL:7	BONUS:VAR|ColdResistanceBonus|10
SUBCLASSLEVEL:10								ABILITY:Special Ability|AUTOMATIC|Immunity To Cold
#
1														ADD:SPELLCASTER|ANY
2														ADD:SPELLCASTER|ANY	ABILITY:Special Ability|AUTOMATIC|Immunity To Sleep
3					BONUS:VAR|ElementalSavantEnergyPenetrationLVL|CL	ADD:SPELLCASTER|ANY	ABILITY:Special Ability|AUTOMATIC|Elemental Savant Energy Penetration|Energy Penetration
4														ADD:SPELLCASTER|ANY
5					BONUS:VAR|ElementalSavantEnergyFocusLVL|CL						ABILITY:Special Ability|AUTOMATIC|Elemental Savant Energy Focus|Energy Focus
6	VISION:Darkvision (60')										ADD:SPELLCASTER|ANY
7														ADD:SPELLCASTER|ANY
8														ADD:SPELLCASTER|ANY
9														ADD:SPELLCASTER|ANY	ABILITY:Special Ability|AUTOMATIC|Immunity To Paralysis|Immunity To Poison
10																		ABILITY:Special Ability|AUTOMATIC|Elemental Perfection						TEMPLATE:Elemental Perfection
#
###TODO CONTIGUOUS:Monk|TYPE.Arcane

# Class Name		Hit Dice	Type			Abbreviation	Max Level	Source Page		Save checks bonus															Combat bonus
CLASS:Enlightened Fist	HD:8		TYPE:PC.Prestige	ABB:Enf		MAXLEVEL:10	SOURCEPAGE:p.	BONUS:CHECKS|BASE.Fortitude|CL/3	BONUS:CHECKS|BASE.Reflex|CL/2+2	BONUS:CHECKS|BASE.Will|CL/2+2	BONUS:COMBAT|BAB|CL*3/4|PREVAREQ:UseFractionalBAB,0	BONUS:VAR|ClassBABModerate|CL|PREVAREQ:UseFractionalBAB,1	

# Class Name		Required Feat									Required Skill											Required Casting Type		Req. Spell Type
CLASS:Enlightened Fist	PREFEAT:3,Combat Casting,Improved Unarmed Strike,Stunning Fist	PRESKILL:1,Concentration=8	PRESKILL:2,Knowledge (Arcana)=5,Spellcraft=5	PRESPELLCAST:TYPE=Arcane	PRESPELLTYPE:1,Arcane=3
# Class Name		Skill Pts/Lvl	Class Skill
CLASS:Enlightened Fist	STARTSKILLPTS:4	CSKILL:Balance|Climb|Concentration|TYPE=Craft|Escape Artist|Hide|Jump|Knowledge (Arcana)|Knowledge (Religion)|Listen|Move Silently|TYPE=Profession|Spellcraft|Spot|Swim|Tumble
1															BONUS:VAR|EnlightnedFistACLVL|CL						ABILITY:Special Ability|AUTOMATIC|Enlightened Fist AC
1															BONUS:VAR|EnlightnedFistFlurryLVL|CL					ABILITY:Special Ability|AUTOMATIC|Enlightened Fist Flurry
#
1	UDAM:1d1,1d2,1d3,1d4,1d6,1d8,2d6,3d6,4d6	UMULT:2	BONUS:UDAM|CLASS.Monk|CL	BONUS:VAR|MonkMoveLVL|CL							ABILITY:Special Ability|AUTOMATIC|Enlightened Fist Ki Strike Advancement|Ki Strike
2	UDAM:1d1,1d2,1d3,1d4,1d6,1d8,2d6,3d6,4d6															ADD:SPELLCASTER|Arcane	ABILITY:Special Ability|AUTOMATIC|Fist of Energy
3	UDAM:1d1,1d2,1d3,1d4,1d6,1d8,2d6,3d6,4d6															ADD:SPELLCASTER|Arcane	ABILITY:Special Ability|AUTOMATIC|Arcane Fist
4	UDAM:1d2,1d3,1d4,1d6,1d8,2d6,3d6,4d6,6d6															ADD:SPELLCASTER|Arcane
5	UDAM:1d2,1d3,1d4,1d6,1d8,2d6,3d6,4d6,6d6															ADD:SPELLCASTER|Arcane	ABILITY:Special Ability|AUTOMATIC|Arcane Rejuvenation
6	UDAM:1d2,1d3,1d4,1d6,1d8,2d6,3d6,4d6,6d6
7	UDAM:1d2,1d3,1d4,1d6,1d8,2d6,3d6,4d6,6d6															ADD:SPELLCASTER|Arcane	ABILITY:Special Ability|AUTOMATIC|Hold Ray
8	UDAM:1d3,1d4,1d6,1d8,1d10,2d8,3d8,4d8,6d8															ADD:SPELLCASTER|Arcane
9	UDAM:1d3,1d4,1d6,1d8,1d10,2d8,3d8,4d8,6d8								BONUS:VAR|DiamondSoulLVL|CL			ADD:SPELLCASTER|Arcane	ABILITY:Special Ability|AUTOMATIC|Diamond Soul
10	UDAM:1d3,1d4,1d6,1d8,1d10,2d8,3d8,4d8,6d8															ADD:SPELLCASTER|Arcane
#

# Class Name		Hit Dice	Type			Abbreviation	Max Level	Source Page		Save checks bonus														Combat bonus
CLASS:Fate Spinner	HD:4		TYPE:PC.Prestige	ABB:Fas		MAXLEVEL:5	SOURCEPAGE:p.	BONUS:CHECKS|BASE.Fortitude|CL/3	BONUS:CHECKS|BASE.Reflex|CL/3	BONUS:CHECKS|BASE.Will|CL/2+2	BONUS:COMBAT|BAB|CL*1/2|PREVAREQ:UseFractionalBAB,0	BONUS:VAR|ClassBABPoor|CL|PREVAREQ:UseFractionalBAB,1	
# Class Name		Required Skill										Required Casting Type		Required Spell School		Req. Spell Type
CLASS:Fate Spinner	PRESKILL:1,Knowledge (Arcana)=10	PRESKILL:1,Profession (Gambler)=5	PRESPELLCAST:TYPE=Arcane	PRESPELLSCHOOL:1,Divination=1	PRESPELLTYPE:1,Arcane=4
# Class Name		Skill Pts/Lvl	Class Skill
CLASS:Fate Spinner	STARTSKILLPTS:2	CSKILL:Appraise|Concentration|TYPE=Craft|Knowledge (Arcana)|TYPE=Profession|Sleight of Hand|Spellcraft
1	BONUS:VAR|FateSpinnerSinFateLVL|CL	ADD:SPELLCASTER|ANY	ABILITY:Special Ability|AUTOMATIC|Fate Spinner Spin Fate|Spin Fate
2							ADD:SPELLCASTER|ANY	ABILITY:Special Ability|AUTOMATIC|Fate Spinner Fickle Finger of Fate|Fickle Finger of Fate
3							ADD:SPELLCASTER|ANY	ABILITY:Special Ability|AUTOMATIC|Spin Destiny
4							ADD:SPELLCASTER|ANY	ABILITY:Special Ability|AUTOMATIC|Deny Fate|Fate Spinner Deny Fate	ABILITY:Special Ability|AUTOMATIC|Fate Spinner Resist Fate|Resist Fate
5											ABILITY:Special Ability|AUTOMATIC|Fate Spinner Seal Fate|Seal Fate
#

# Class Name	Hit Dice	Type			Abbreviation	Max Level	Source Page		Save checks bonus														Combat bonus
CLASS:Geometer	HD:4		TYPE:PC.Prestige	ABB:Gem		MAXLEVEL:5	SOURCEPAGE:p.	BONUS:CHECKS|BASE.Fortitude|CL/3	BONUS:CHECKS|BASE.Reflex|CL/3	BONUS:CHECKS|BASE.Will|CL/2+2	BONUS:COMBAT|BAB|CL*1/2|PREVAREQ:UseFractionalBAB,0	BONUS:VAR|ClassBABPoor|CL|PREVAREQ:UseFractionalBAB,1	
# Class Name	Required Feat		Required Skill														Required Casting Type						Req. Spell Type
CLASS:Geometer	PREFEAT:1,Scribe Scroll	PRESKILL:2,Decipher Script=9,Knowledge (Arcana)=9	PRESKILL:2,Disable Device=4,Search=4	PRESPELLCAST:TYPE=Arcane	PRESPELLCAST:MEMORIZE=Y	PRESPELLTYPE:1,Arcane=3
# Class Name	Skill Pts/Lvl	Class Skill
CLASS:Geometer	STARTSKILLPTS:2	CSKILL:TYPE=Craft|Ride|Balance|Intimidate|Sense Motive|TYPE=Profession|Gather Information|Use Rope|Appraise
1	ADD:SPELLCASTER|Arcane	ABILITY:Special Ability|AUTOMATIC|Glyph of Warding|Spellglyph
2	ADD:SPELLCASTER|Arcane	ABILITY:Special Ability|AUTOMATIC|Book of Geometry
3	ADD:SPELLCASTER|Arcane	ABILITY:Special Ability|AUTOMATIC|Pass Sigil|Sigilsight
4	ADD:SPELLCASTER|Arcane
5	ADD:SPELLCASTER|Arcane	ABILITY:Special Ability|AUTOMATIC|Greater Glyph of Warding|Powerfull Spellglyph
#

# Class Name		Hit Dice	Type			Abbreviation	Max Level	Source Page		Save checks bonus														Combat bonus
CLASS:Green Star Adept	HD:8		TYPE:PC.Prestige	ABB:Gsa		MAXLEVEL:10	SOURCEPAGE:p.	BONUS:CHECKS|BASE.Fortitude|CL/3	BONUS:CHECKS|BASE.Reflex|CL/3	BONUS:CHECKS|BASE.Will|CL/2+2	BONUS:COMBAT|BAB|CL*3/4|PREVAREQ:UseFractionalBAB,0	BONUS:VAR|ClassBABModerate|CL|PREVAREQ:UseFractionalBAB,1	

# Class Name		Req. Att.	Required Feat			Required Skill																								Required Casting Type		Req. Spell Type		Required Text
CLASS:Green Star Adept	PREATT:4	PREFEAT:1,Combat Casting	PRESKILL:4,Decipher Script=2,Knowledge (Architecture and Engineering)=2,Knowledge (Geography)=2,Knowledge (History)=2	PRESKILL:1,Knowledge (Arcana)=8	PRESPELLCAST:TYPE=Arcane	PRESPELLTYPE:1,Arcane=1	PRETEXT:Must acquire a piece of Starmetal weighting at least 2 ounces, powder it, and consume by drinking it in a specially prepared infusion. The infusion requires arcane reagents costing 1000Gp and takes one week to prepare.
# Class Name		Skill Pts/Lvl	Class Skill
CLASS:Green Star Adept	STARTSKILLPTS:2	CSKILL:Appraise|Concentration|TYPE=Craft|Decipher Script|Knowledge (Arcana)|Knowledge (Architecture and Engineering)|Knowledge (Geography)|Knowledge (History)|TYPE=Profession|Spellcraft
1																						ABILITY:Special Ability|AUTOMATIC|Weapon and Armor Proficiency ~ Greenstar Adept
#
1	BONUS:ABILITYPOOL|Improved Caster Level|CL	BONUS:VAR|GreenStarAdeptDRLVL|CL								ABILITY:Special Ability|AUTOMATIC|Green Star Adept DR|Starmetal Dependency|Starmetal Rigor 1
2									BONUS:VAR|GreenStarAdeptUnnaturalMetabolismLVL|CL	ADD:SPELLCASTER|Arcane	ABILITY:Special Ability|AUTOMATIC|Unnatural Metabolism							TEMPLATE:Green Star Adept Attacks
3									BONUS:VAR|GreenStarAdeptFortificationLVL|CL						ABILITY:Special Ability|AUTOMATIC|Fortification|Green Star Adept Fortification
4																		ADD:SPELLCASTER|Arcane	ABILITY:Special Ability|AUTOMATIC|Otherworldly Vision|Starmetal Rigor 2
6																		ADD:SPELLCASTER|Arcane
7																						ABILITY:Special Ability|AUTOMATIC|Null Metabolism|Starmetal Rigor 3
8																		ADD:SPELLCASTER|Arcane
10									BONUS:VAR|RapidRepair|1						ADD:SPELLCASTER|Arcane	ABILITY:Special Ability|AUTOMATIC|Emerald Perfection|Rapid Repair|Starmetal Rigor 4			TEMPLATE:Emerald Perfection
#

# Class Name					Hit Dice	Type			Abbreviation	Max Level	Source Page		Save checks bonus														Combat bonus
CLASS:Initiate of the Sevenfold Veil	HD:4		TYPE:PC.Prestige	ABB:Isv		MAXLEVEL:7	SOURCEPAGE:p.	BONUS:CHECKS|BASE.Fortitude|CL/3	BONUS:CHECKS|BASE.Reflex|CL/3	BONUS:CHECKS|BASE.Will|CL/2+2	BONUS:COMBAT|BAB|CL*1/2|PREVAREQ:UseFractionalBAB,0	BONUS:VAR|ClassBABPoor|CL|PREVAREQ:UseFractionalBAB,1	
# Class Name					Required Feat													Required Skill												Required Spell School
CLASS:Initiate of the Sevenfold Veil	PREFEAT:3,Greater Spell Focus (Abjuration),Spell Focus (Abjuration),Skill Focus (Spellcraft)	PRESKILL:2,Knowledge (Arcana)=12,Spellcraft=12	PRESKILL:1,Knowledge (Nature)=4	PRESPELLSCHOOL:2,Abjuration=4	PRESPELLSCHOOL:5,Abjuration=1
# Class Name					Skill Pts/Lvl	Class Skill
CLASS:Initiate of the Sevenfold Veil	STARTSKILLPTS:2	CSKILL:Appraise|Concentration|TYPE=Craft|Decipher Script|TYPE=Knowledge|TYPE=Profession|Spellcraft
1						BONUS:VAR|InitiateOfTheSevenfoldVeilWardingLVL|CL			ADD:SPELLCASTER|Arcane	ABILITY:Special Ability|AUTOMATIC|Initiate of the Sevenfold Veil Warding|Warding	ABILITY:Special Ability|AUTOMATIC|Veils ~ Red
1	BONUS:DC|SCHOOL.Abjuration|CL																ABILITY:Special Ability|AUTOMATIC|Unimpeachable Abjuration
2						BONUS:VAR|InitiateOfTheSevenfoldVeilUnanswerableStrikeLVL|CL	ADD:SPELLCASTER|Arcane	ABILITY:Special Ability|AUTOMATIC|Initiate of the Sevenfold Veil Unanswerable Strike Bonus|Unanswerable Strike	ABILITY:Special Ability|AUTOMATIC|Veils ~ Orange
3																	ADD:SPELLCASTER|Arcane	ABILITY:Special Ability|AUTOMATIC|Veils ~ Yellow
4																	ADD:SPELLCASTER|Arcane	ABILITY:Special Ability|AUTOMATIC|Reactive Warding	ABILITY:Special Ability|AUTOMATIC|Veils ~ Green
5																	ADD:SPELLCASTER|Arcane	ABILITY:Special Ability|AUTOMATIC|Veils ~ Blue
6																	ADD:SPELLCASTER|Arcane	ABILITY:Special Ability|AUTOMATIC|Double Warding	ABILITY:Special Ability|AUTOMATIC|Veils ~ Indigo
7																	ADD:SPELLCASTER|Arcane	ABILITY:Special Ability|AUTOMATIC|Initiate of the Sevenfold Veil Kaleidoscopic Doom|Kaleidoscopic Doom	ABILITY:Special Ability|AUTOMATIC|Veils ~ Violet
#

# Class Name				Hit Dice	Type			Abbreviation	Max Level	Source Page		Save checks bonus														Combat bonus
CLASS:Mage of the Arcane Order	HD:4		TYPE:PC.Prestige	ABB:Mao		MAXLEVEL:10	SOURCEPAGE:p.	BONUS:CHECKS|BASE.Fortitude|CL/3	BONUS:CHECKS|BASE.Reflex|CL/3	BONUS:CHECKS|BASE.Will|CL/2+2	BONUS:COMBAT|BAB|CL*1/2|PREVAREQ:UseFractionalBAB,0	BONUS:VAR|ClassBABPoor|CL|PREVAREQ:UseFractionalBAB,1	
# Class Name				Required Feat								Required Skill				Required Casting Type		Req. Spell Type		Required Text
CLASS:Mage of the Arcane Order	PREFEAT:1,Cooperative Spell	PREFEAT:2,TYPE.Metamagic	PRESKILL:1,Knowledge (Arcana)=8	PRESPELLCAST:TYPE=Arcane	PRESPELLTYPE:1,Arcane=2	PRETEXT:Members must pay an initiation fee of 750 Gp
# Class Name				Skill Pts/Lvl	Class Skill
CLASS:Mage of the Arcane Order	STARTSKILLPTS:2	CSKILL:Concentration|TYPE=Craft|Decipher Script|TYPE=Knowledge|TYPE=Profession|Speak Language|Spellcraft
#
#1	ADD:SPELLCASTER|Arcane						BONUS:VAR|SpellpoolLimit|1	TEMPLATE:Guild Member (Arcane Order)
1										BONUS:VAR|MageOfTheArcaneOrderSpellpoolLVL|CL	ADD:SPELLCASTER|Arcane						ABILITY:Special Ability|AUTOMATIC|Guild Member(Arcane Order)|Mage of the Arcane Order Spellpool|Spellpool
2				BONUS:ABILITYPOOL|Metamagic Feat|1									ADD:SPELLCASTER|Arcane
3																		ADD:SPELLCASTER|Arcane	ADD:LANGUAGE|TYPE=Spoken
4																		ADD:SPELLCASTER|Arcane
5	SAB:New Spell															ADD:SPELLCASTER|Arcane
6																		ADD:SPELLCASTER|Arcane	ADD:LANGUAGE|TYPE=Spoken
7																		ADD:SPELLCASTER|Arcane
8	SAB:New Spell															ADD:SPELLCASTER|Arcane
9				BONUS:ABILITYPOOL|Metamagic Feat|1									ADD:SPELLCASTER|Arcane	ADD:FEAT|TYPE=Metamagic
10																		ADD:SPELLCASTER|Arcane						ABILITY:Special Ability|AUTOMATIC|Regent
#

# Class Name			Hit Dice	Type			Abbreviation	Max Level	Source Page		Save checks bonus														Combat bonus
CLASS:Master Transmogrifist	HD:4		TYPE:PC.Prestige	ABB:Mtr		MAXLEVEL:10	SOURCEPAGE:p.	BONUS:CHECKS|BASE.Fortitude|CL/3	BONUS:CHECKS|BASE.Reflex|CL/3	BONUS:CHECKS|BASE.Will|CL/2+2	BONUS:COMBAT|BAB|CL*1/2|PREVAREQ:UseFractionalBAB,0	BONUS:VAR|ClassBABPoor|CL|PREVAREQ:UseFractionalBAB,1	
# Class Name			Required AL				Required Skill						Req. Known Spell
CLASS:Master Transmogrifist	PREALIGN:NG,TN,NE,CG,CN,CE	PRESKILL:1,Bluff=2	PRESKILL:1,Disguise=5	PRESPELL:2,Alter Self,Polymorph
# Class Name			Skill Pts/Lvl	Class Skill
CLASS:Master Transmogrifist	STARTSKILLPTS:2	CSKILL:Bluff|Concentration|TYPE=Craft|Disguise|Knowledge (Arcana)|TYPE=Profession|Spellcraft
1	BONUS:VAR|MasterTransmogrifFavoredShapeLVL|CL					ABILITY:Special Ability|AUTOMATIC|Extended Change|Favored Shape|Master Transmogrif Favored Shape
2									ADD:SPELLCASTER|Arcane	ABILITY:Special Ability|AUTOMATIC|Manifest Senses
3	BONUS:VAR|MasterTransmogrifBattleMasteryLVL|CL	ADD:SPELLCASTER|Arcane	ABILITY:Special Ability|AUTOMATIC|Battle Mastery|Master Transmogrif Battle Mastery
4													ABILITY:Special Ability|AUTOMATIC|Effortless Change
5									ADD:SPELLCASTER|Arcane																		TEMPLATE:Shapechanger	TEMPLATE:Transmogrifist Shapechanger
6									ADD:SPELLCASTER|Arcane
7													ABILITY:Special Ability|AUTOMATIC|Master Transmogrif Reflective Change|Reflective Change
8									ADD:SPELLCASTER|Arcane	ABILITY:Special Ability|AUTOMATIC|Manifest Qualities
9									ADD:SPELLCASTER|Arcane
10													ABILITY:Special Ability|AUTOMATIC|Infinite Variety
#

# Class Name	Hit Dice	Type			Abbreviation	Max Level	Source Page		Save checks bonus														Combat bonus
CLASS:Mindbender	HD:4		TYPE:PC.Prestige	ABB:Mnd		MAXLEVEL:10	SOURCEPAGE:p.	BONUS:CHECKS|BASE.Fortitude|CL/2+2	BONUS:CHECKS|BASE.Reflex|CL/3	BONUS:CHECKS|BASE.Will|CL/2+2	BONUS:COMBAT|BAB|CL*1/2|PREVAREQ:UseFractionalBAB,0	BONUS:VAR|ClassBABPoor|CL|PREVAREQ:UseFractionalBAB,1	
# Class Name	Required AL				Required Skill								Req. Known Spell		Required Casting Type		Req. Spell Type
CLASS:Mindbender	PREALIGN:LN,LE,TN,NE,CN,CE	PRESKILL:4,Bluff=4,Diplomacy=4,Intimidate=4,Sense Motive=4	PRESPELL:1,Charm Person	PRESPELLCAST:TYPE=Arcane	PRESPELLTYPE:1,Arcane=5
# Class Name	Skill Pts/Lvl	Class Skill
CLASS:Mindbender	STARTSKILLPTS:2	CSKILL:Bluff|Concentration|Diplomacy|Intimidate|TYPE=Knowledge|TYPE=Profession|Sense Motive|Spellcraft
1								BONUS:VAR|TelepathyRange|100										ADD:SPELLCASTER|Arcane	ABILITY:Special Ability|AUTOMATIC|Telepathy													AUTO:LANG|Telepathy
2								BONUS:VAR|MindbenderSkillBoostLVL|CL	BONUS:VAR|MindbenderPushTheWeakMindLVL|CL					ABILITY:Special Ability|AUTOMATIC|Mindbender Push the Weak Mind|Mindbender Skill Boost|Push the Weak Mind|Skill Boost
3								BONUS:VAR|MindbenderMindreadLVL|CL									ADD:SPELLCASTER|Arcane	ABILITY:Special Ability|AUTOMATIC|Mindbender Mindread|Mindread
4								BONUS:VAR|MindbenderEternalCharmLVL|CL												ABILITY:Special Ability|AUTOMATIC|Eternal Charm|Mindbender Eternal Charm
5																						ADD:SPELLCASTER|Arcane
6	BONUS:ABILITYPOOL|Improved Caster Level|2
7								BONUS:VAR|DominatePerDay|1										ADD:SPELLCASTER|Arcane	ABILITY:Special Ability|AUTOMATIC|Dominate (Sp)
9																						ADD:SPELLCASTER|Arcane
10	BONUS:ABILITYPOOL|Improved Caster Level|2																			ABILITY:Special Ability|AUTOMATIC|Thrall
#
###TODO CONTIGUOUS:Bard

# Class Name			Hit Dice	Type			Abbreviation	Max Level	Ex Class				Source Page		Save checks bonus														Combat bonus
CLASS:Seeker of the Song	HD:6		TYPE:PC.Prestige	ABB:Ses		MAXLEVEL:10	EXCLASS:Ex Seeker of the Song	SOURCEPAGE:p.	BONUS:CHECKS|BASE.Fortitude|CL/3	BONUS:CHECKS|BASE.Reflex|CL/3	BONUS:CHECKS|BASE.Will|CL/2+2	BONUS:COMBAT|BAB|CL*3/4|PREVAREQ:UseFractionalBAB,0	BONUS:VAR|ClassBABModerate|CL|PREVAREQ:UseFractionalBAB,1	

# Class Name			Required Ability							Required Feat				Required Skill									Required Text
CLASS:Seeker of the Song	PREABILITY:1,CATEGORY=Special Ability,Bardic Music	PREFEAT:1,Skill Focus (TYPE.Perform)	PRESKILL:1,Knowledge (Arcana)=13	PRESKILL:1,TYPE.Perform=13	PRETEXT:Must have been exposed to the primal music by hearing another Seeker of the Song use a Seeker Music Ability
# Class Name			Skill Pts/Lvl	Class Skill
CLASS:Seeker of the Song	STARTSKILLPTS:4	CSKILL:Climb|Concentration|TYPE=Craft|Diplomacy|Jump|Knowledge (Arcana)|Listen|TYPE=Perform|TYPE=Profession|Ride|Sense Motive|Spot|Swim
1	BONUS:VAR|SeekerMusicLvl|CL	BONUS:VAR|SeekerMusicTimes|CL	ABILITY:Special Ability|AUTOMATIC|Seeker Music
1											ABILITY:Special Ability|AUTOMATIC|Seeker Burning Melody|Seeker Burning Melody Refrain|PRESKILL:1,TYPE.Perform=14|PREVARGTEQ:SeekerMusicLvl,1
1											ABILITY:Special Ability|AUTOMATIC|Seeker Song of Unmaking|PRESKILL:1,TYPE.Perform=15|PREVARGTEQ:SeekerMusicLvl,2
1											ABILITY:Special Ability|AUTOMATIC|Seeker Dirge of Frozen Loss|Seeker Dirge of Frozen Loss Refrain|PRESKILL:1,TYPE.Perform=16|PREVARGTEQ:SeekerMusicLvl,3
1											ABILITY:Special Ability|AUTOMATIC|Seeker Song of Life|Seeker Song of Life Refrain|PRESKILL:1,TYPE.Perform=17|PREVARGTEQ:SeekerMusicLvl,4
1											ABILITY:Special Ability|AUTOMATIC|Seeker Anthem of Thunder and Pain|Seeker Anthem of Thunder and Pain Refrain|PRESKILL:1,TYPE.Perform=18|PREVARGTEQ:SeekerMusicLvl,5
1											ABILITY:Special Ability|AUTOMATIC|Seeker Hymn of Spelldeath|Seeker Hymn of Spelldeath Refrain|PRESKILL:1,TYPE.Perform=19|PREVARGTEQ:SeekerMusicLvl,6
1											ABILITY:Special Ability|AUTOMATIC|Seeker Ballad of Agony Reborn|Seeker Ballad of Agony Reborn Refrain|PRESKILL:1,TYPE.Perform=20|PREVARGTEQ:SeekerMusicLvl,7
1											ABILITY:Special Ability|AUTOMATIC|Seeker Aria of Everywhere|PRESKILL:1,TYPE.Perform=21|PREVARGTEQ:SeekerMusicLvl,8
1											ABILITY:Special Ability|AUTOMATIC|Seeker Dirge of Songdeath|Seeker Dirge of Songdeath Refrain|PRESKILL:1,TYPE.Perform=22|PREVARGTEQ:SeekerMusicLvl,9
1											ABILITY:Special Ability|AUTOMATIC|Seeker Note of Solitude|PRESKILL:1,TYPE.Perform=23|PREVARGTEQ:SeekerMusicLvl,10
#
1											ABILITY:Special Ability|AUTOMATIC|Rapture of the Song (+2 AC)
2											ABILITY:Special Ability|AUTOMATIC|Combine Song
4											ABILITY:Special Ability|AUTOMATIC|Rapture of the Song (+2 ST)
5											ABILITY:Special Ability|AUTOMATIC|Subvocalize
7											ABILITY:Special Ability|AUTOMATIC|Rapture of the Song (DR)
10											ABILITY:Special Ability|AUTOMATIC|Rapture of the Song (Freedom of movement)
#

# Class Name			Hit Dice	Type			Abbreviation	Max Level	Source Page		Visible	Save checks bonus														Combat bonus
CLASS:Ex Seeker of the Song	HD:6		TYPE:PC.Prestige	ABB:xSes		MAXLEVEL:10	SOURCEPAGE:p.	VISIBLE:NO	BONUS:CHECKS|BASE.Fortitude|CL/3	BONUS:CHECKS|BASE.Reflex|CL/3	BONUS:CHECKS|BASE.Will|CL/2+2	BONUS:COMBAT|BAB|CL*3/4|PREVAREQ:UseFractionalBAB,0	BONUS:VAR|ClassBABModerate|CL|PREVAREQ:UseFractionalBAB,1	

# Class Name			Skill Pts/Lvl	Class Skill
CLASS:Ex Seeker of the Song	STARTSKILLPTS:4	CSKILL:Climb|Concentration|TYPE=Craft|Diplomacy|Jump|Knowledge (Arcana)|Listen|TYPE=Perform|TYPE=Profession|Ride|Sense Motive|Spot|Swim
1	BONUS:VAR|SeekerMusicLvl|CL	BONUS:VAR|SeekerMusicTimes|CL	ABILITY:Special Ability|AUTOMATIC|Seeker Music
1											ABILITY:Special Ability|AUTOMATIC|Seeker Burning Melody|Seeker Burning Melody Refrain|PRESKILL:1,TYPE.Perform=14|PREVARGTEQ:SeekerMusicLvl,1
1											ABILITY:Special Ability|AUTOMATIC|Seeker Song of Unmaking|PRESKILL:1,TYPE.Perform=15|PREVARGTEQ:SeekerMusicLvl,2
1											ABILITY:Special Ability|AUTOMATIC|Seeker Dirge of Frozen Loss|Seeker Dirge of Frozen Loss Refrain|PRESKILL:1,TYPE.Perform=16|PREVARGTEQ:SeekerMusicLvl,3
1											ABILITY:Special Ability|AUTOMATIC|Seeker Song of Life|Seeker Song of Life Refrain|PRESKILL:1,TYPE.Perform=17|PREVARGTEQ:SeekerMusicLvl,4
1											ABILITY:Special Ability|AUTOMATIC|Seeker Anthem of Thunder and Pain|Seeker Anthem of Thunder and Pain Refrain|PRESKILL:1,TYPE.Perform=18|PREVARGTEQ:SeekerMusicLvl,5
1											ABILITY:Special Ability|AUTOMATIC|Seeker Hymn of Spelldeath|Seeker Hymn of Spelldeath Refrain|PRESKILL:1,TYPE.Perform=19|PREVARGTEQ:SeekerMusicLvl,6
1											ABILITY:Special Ability|AUTOMATIC|Seeker Ballad of Agony Reborn|Seeker Ballad of Agony Reborn Refrain|PRESKILL:1,TYPE.Perform=20|PREVARGTEQ:SeekerMusicLvl,7
1											ABILITY:Special Ability|AUTOMATIC|Seeker Aria of Everywhere|PRESKILL:1,TYPE.Perform=21|PREVARGTEQ:SeekerMusicLvl,8
1											ABILITY:Special Ability|AUTOMATIC|Seeker Dirge of Songdeath|Seeker Dirge of Songdeath Refrain|PRESKILL:1,TYPE.Perform=22|PREVARGTEQ:SeekerMusicLvl,9
1											ABILITY:Special Ability|AUTOMATIC|Seeker Note of Solitude|PRESKILL:1,TYPE.Perform=23|PREVARGTEQ:SeekerMusicLvl,10
#
1											ABILITY:Special Ability|AUTOMATIC|Rapture of the Song (+2 AC)
2											ABILITY:Special Ability|AUTOMATIC|Combine Song
4											ABILITY:Special Ability|AUTOMATIC|Rapture of the Song (+2 ST)
5											ABILITY:Special Ability|AUTOMATIC|Subvocalize
7											ABILITY:Special Ability|AUTOMATIC|Rapture of the Song (DR)
10											ABILITY:Special Ability|AUTOMATIC|Rapture of the Song (Freedom of movement)
#

# Class Name		Hit Dice	Type			Abbreviation	Max Level	Source Page		Save checks bonus														Combat bonus
CLASS:Sublime Chord	HD:6		TYPE:PC.Prestige	ABB:Sub		MAXLEVEL:10	SOURCEPAGE:p.	BONUS:CHECKS|BASE.Fortitude|CL/3	BONUS:CHECKS|BASE.Reflex|CL/3	BONUS:CHECKS|BASE.Will|CL/2+2	BONUS:COMBAT|BAB|CL*1/2|PREVAREQ:UseFractionalBAB,0	BONUS:VAR|ClassBABPoor|CL|PREVAREQ:UseFractionalBAB,1	
# Class Name		Required Ability							Required Skill																				Required Casting Type		Req. Spell Type
CLASS:Sublime Chord	PREABILITY:1,CATEGORY=Special Ability,Bardic Music	PRESKILL:2,Knowledge (Arcana)=13,Listen=13	PRESKILL:1,TYPE.Perform=10	PRESKILL:2,Profession (Astrologer)=6,Spellcraft=6	PRESPELLCAST:TYPE=Arcane	PRESPELLTYPE:1,Arcane=3
# Class Name		Skill Pts/Lvl	Class Skill
CLASS:Sublime Chord	STARTSKILLPTS:4	CSKILL:Concentration|TYPE=Craft|Decipher Script|Diplomacy|TYPE=Knowledge|Listen|TYPE=Perform|TYPE=Profession|Search|Speak Language|Spellcraft|Spot
# Class Name		Spell Stat		Spell Type		Memorize	Use Spell List
CLASS:Sublime Chord	SPELLSTAT:CHA	SPELLTYPE:Arcane	MEMORIZE:NO	SPELLLIST:3|Bard|Sorcerer|Wizard
1											BONUS:VAR|BardicKnowledgeLvl|CL	BONUS:VAR|BardicKnowledge|BardicKnowledgeLvl	ABILITY:Special Ability|AUTOMATIC|Bardic Knowledge
1											BONUS:VAR|SublimeMusicLvl|CL										ABILITY:Special Ability|AUTOMATIC|Sublime Music
#
1																									ABILITY:Special Ability|AUTOMATIC|Sublime Song of Arcane Power|PRESKILL:1,TYPE.Perform=12|PREVARGTEQ:SublimeMusicLvl,2
1																									ABILITY:Special Ability|AUTOMATIC|Sublime Song of Timelessness|PRESKILL:1,TYPE.Perform=16|PREVARGTEQ:SublimeMusicLvl,6
1																									ABILITY:Special Ability|AUTOMATIC|Sublime Song of Cosmic Fire|PRESKILL:1,TYPE.Perform=20|PREVARGTEQ:SublimeMusicLvl,10
#
1	CAST:0,0,0,0,2,1			KNOWN:0,0,0,0,3,1
2	CAST:0,0,0,0,2,2			KNOWN:0,0,0,0,4,2
3	CAST:0,0,0,0,3,2,1		KNOWN:0,0,0,0,4,2,1
4	CAST:0,0,0,0,3,3,2		KNOWN:0,0,0,0,4,3,2
5	CAST:0,0,0,0,3,3,2,1		KNOWN:0,0,0,0,4,3,2,1
6	CAST:0,0,0,0,4,3,3,2		KNOWN:0,0,0,0,4,4,3,2
7	CAST:0,0,0,0,4,4,3,2,1		KNOWN:0,0,0,0,4,4,3,2,1
8	CAST:0,0,0,0,4,4,3,3,2		KNOWN:0,0,0,0,4,4,4,3,2
9	CAST:0,0,0,0,4,4,4,3,2,1	KNOWN:0,0,0,0,4,4,4,3,2,1
10	CAST:0,0,0,0,5,4,4,3,3,2	KNOWN:0,0,0,0,4,4,4,4,3,2
#

# Class Name		Hit Dice	Type			Abbreviation	Max Level	Source Page		Save checks bonus															Combat bonus
CLASS:Suel Arcanamach	HD:8		TYPE:PC.Prestige	ABB:Sua		MAXLEVEL:10	SOURCEPAGE:p.	BONUS:CHECKS|BASE.Fortitude|CL/3	BONUS:CHECKS|BASE.Reflex|CL/2+2	BONUS:CHECKS|BASE.Will|CL/2+2	BONUS:COMBAT|BAB|CL*3/4|PREVAREQ:UseFractionalBAB,0	BONUS:VAR|ClassBABModerate|CL|PREVAREQ:UseFractionalBAB,1	

# Class Name		Req. Att.	Required Feat				Required Language			Required Skill										Required Text
CLASS:Suel Arcanamach	PREATT:6	PREFEAT:2,Combat Casting,Iron Will	PRELANG:1,Ancient Suloise	PRESKILL:3,Concentration=4,Jump=4,Tumble=4	PRESKILL:1,Spellcraft=5	PRETEXT:Must be proficent with at least four martial or exotic weapon. Must read the Grimoire Arcanamacha, or study with a willing instructor who as done so.
# Class Name		Skill Pts/Lvl	Class Skill
CLASS:Suel Arcanamach	STARTSKILLPTS:4	CSKILL:Bluff|Climb|Concentration|TYPE=Craft|Disguise|Escape Artist|Hide|Jump|Knowledge (Arcana)|Knowledge (History)|Knowledge (The Planes)|Listen|Move Silently|TYPE=Profession|Search|Spellcraft|Spot|Swim|Tumble|Use Rope
# Class Name		Spell Stat		Spell Type		Memorize	Caster level					Use Spell List
CLASS:Suel Arcanamach	SPELLSTAT:CHA	SPELLTYPE:Arcane	MEMORIZE:NO	BONUS:CASTERLEVEL|Suel Arcanamach|CL	SPELLLIST:1|Wizard
1	CAST:0,1		KNOWN:0,1		BONUS:VAR|SuelArcanamachIgnoreSpellFailureLVL|CL	ABILITY:Special Ability|AUTOMATIC|Ignore Spell Failure|Suel Arcanamach Ignore Spell Failure|Tenacious Spells
2	CAST:0,1,0		KNOWN:0,2,1		BONUS:VAR|SuelArcanamachDispellingStrikeLVL|CL		ABILITY:Special Ability|AUTOMATIC|Dispelling Strike|Suel Arcanamach Dispelling Strike
3	CAST:0,2,1		KNOWN:0,2,2											ABILITY:Special Ability|AUTOMATIC|Extended Spellstrength
4	CAST:0,2,2,0	KNOWN:0,2,2,1
5	CAST:0,3,2,1	KNOWN:0,3,2,2
6	CAST:0,3,3,2,0	KNOWN:0,3,3,2,1
7	CAST:0,3,3,2,1	KNOWN:0,3,3,2,2
8	CAST:0,4,3,3,2,0	KNOWN:0,4,3,3,2,1
9	CAST:0,4,4,3,2,1	KNOWN:0,4,4,3,2,2
10	CAST:0,4,4,3,3,2	KNOWN:0,4,4,3,3,2
#

# Class Name		Hit Dice	Type			Abbreviation	Max Level	Source Page		Save checks bonus														Combat bonus
CLASS:Wayfarer Guide	HD:6		TYPE:PC.Prestige	ABB:Way		MAXLEVEL:3	SOURCEPAGE:p.	BONUS:CHECKS|BASE.Fortitude|CL/3	BONUS:CHECKS|BASE.Reflex|CL/3	BONUS:CHECKS|BASE.Will|CL/2+2	BONUS:COMBAT|BAB|CL*1/2|PREVAREQ:UseFractionalBAB,0	BONUS:VAR|ClassBABPoor|CL|PREVAREQ:UseFractionalBAB,1	
# Class Name		Required Skill								Req. Known Spell		Required Text
CLASS:Wayfarer Guide	PRESKILL:2,Knowledge (Arcana)=10,Knowledge (Geography)=10	PRESPELL:1,Teleport	PRETEXT:A prospective wayfarer must join the Wayfarer Union
# Class Name		Skill Pts/Lvl	Class Skill
CLASS:Wayfarer Guide	STARTSKILLPTS:2	CSKILL:Concentration|TYPE=Craft|TYPE=Knowledge|TYPE=Profession|Speak Language|Spellcraft
1	BONUS:VAR|WayfarerGuideEnhancedCapacityLVL|CL	ADD:SPELLCASTER|ANY	ABILITY:Special Ability|AUTOMATIC|Enhanced Capacity|Improved Range|Wayfarer Guide Enhanced Capacity
2	BONUS:VAR|ExtraTeleportLVL|CL								ABILITY:Special Ability|AUTOMATIC|Extra Teleportation
3									ADD:SPELLCASTER|ANY	ABILITY:Special Ability|AUTOMATIC|Enhanced Accuracy
#

# Class Name	Hit Dice	Type			Abbreviation	Max Level	Source Page		Save checks bonus															Combat bonus
CLASS:Wild Mage	HD:4		TYPE:PC.Prestige	ABB:Wil		MAXLEVEL:10	SOURCEPAGE:p.	BONUS:CHECKS|BASE.Fortitude|CL/3	BONUS:CHECKS|BASE.Reflex|CL/2+2	BONUS:CHECKS|BASE.Will|CL/3	BONUS:COMBAT|BAB|CL*1/2|PREVAREQ:UseFractionalBAB,0	BONUS:VAR|ClassBABPoor|CL|PREVAREQ:UseFractionalBAB,1	
# Class Name	Required AL		Required Feat								Required Skill												Required Casting Type		Req. Spell Type
CLASS:Wild Mage	PREALIGN:CG,CN,CE	PREFEAT:1,Magical Aptitude	PREFEAT:1,TYPE.Metamagic	PRESKILL:2,Knowledge (The Planes)=4,Use Magic Device=4	PRESKILL:1,Spellcraft=8	PRESPELLCAST:TYPE=Arcane	PRESPELLTYPE:1,Arcane=1
# Class Name	Skill Pts/Lvl	Class Skill
CLASS:Wild Mage	STARTSKILLPTS:2	CSKILL:Bluff|Concentration|TYPE=Craft|Intimidate|TYPE=Knowledge|TYPE=Profession|Spellcraft|Use Magic Device
1								ADD:SPELLCASTER|Arcane	ABILITY:Special Ability|AUTOMATIC|Wild Magic
2	BONUS:VAR|WildMageRandomDeflectorLVL|CL	ADD:SPELLCASTER|Arcane	ABILITY:Special Ability|AUTOMATIC|Random Deflector|Wild Mage Random Deflector
3								ADD:SPELLCASTER|Arcane	ABILITY:Special Ability|AUTOMATIC|Student of Chaos
4								ADD:SPELLCASTER|Arcane
5								ADD:SPELLCASTER|Arcane
6								ADD:SPELLCASTER|Arcane	ABILITY:Special Ability|AUTOMATIC|Chaotic Mind
7								ADD:SPELLCASTER|Arcane
8								ADD:SPELLCASTER|Arcane
9								ADD:SPELLCASTER|Arcane	ABILITY:Special Ability|AUTOMATIC|Reckless Dweomer
10								ADD:SPELLCASTER|Arcane	ABILITY:Special Ability|AUTOMATIC|Wild Mage Wildstrike|Wildstrike

###Block: EPIC SUPPORT

# Class Name	Max Level
CLASS:Warlock.MOD	MAXLEVEL:NOLIMIT
23:REPEATLEVEL:3	BONUS:ABILITYPOOL|Epic Feat|1
#

# Class Name	Max Level
CLASS:Warmage.MOD	MAXLEVEL:NOLIMIT
21:REPEATLEVEL:4								ADD:ABILITY|Special Ability|VIRTUAL|Advanced Learning ~ Warmage
23:REPEATLEVEL:3	BONUS:ABILITYPOOL|Epic Warmage Feat|1
#

# Class Name	Max Level
CLASS:Wu Jen.MOD	MAXLEVEL:NOLIMIT
21:REPEATLEVEL:3	BONUS:ABILITYPOOL|Spell Secret|1	BONUS:ABILITYPOOL|Taboo|1
23:REPEATLEVEL:3	BONUS:ABILITYPOOL|Epic Wu Jen Feat|1

# Class Name				Max Level
CLASS:Mage of the Arcane Order.MOD	MAXLEVEL:NOLIMIT
14													ABILITY:Special Ability|AUTOMATIC|Spellpool ~ Epic
11:REPEATLEVEL:1						ADD:SPELLCASTER|Arcane
14:REPEATLEVEL:4	BONUS:ABILITYPOOL|Epic Feat|1	ADD:LANGUAGE|TYPE=Spoken
