# CVS $Revision: $ $Author: $ -- Sun Sep  7 00:12:26 2014 -- reformated by prettylst.pl v1.51 (build 24947)
SOURCELONG:Cityscape: An Essential Guide to Urban Adventuring	SOURCESHORT:Ci	SOURCEWEB:www.wizards.com	SOURCEDATE:2006-11
###Block:Urban Companion
#COMMENT: UrbanCompanion is an Animal that becomes a Magical Beast

# Class of the Master			Type				Spell Res.	Ability											Copy Masters BAB		Copy Masters Checks	HP formula based on Master		Use Masters skills?	Define Stat				Combat bonus					Modify VAR			Template
FOLLOWER:AnimalCompanionLVL=1		TYPE:UrbanCompanion			ABILITY:Special Ability|AUTOMATIC|Familiar ~ Empathic Link|Familiar ~ Speak with Animals of Its Kind	COPYMASTERBAB:MASTER	COPYMASTERCHECK:MASTER	COPYMASTERHP:max(1,MASTER*3/4)	USEMASTERSKILL:YES																	
#TEMPLATE:Familiar Race Change
FOLLOWER:AnimalCompanionLVL=1		TYPE:UrbanCompanion			ABILITY:Special Ability|AUTOMATIC|Familiar ~ Improved Evasion|Familiar ~ Share Spells																				DEFINESTAT:MINVALUE|INT|6	BONUS:COMBAT|AC|1|TYPE=NaturalArmor.STACK	BONUS:VAR|MasterLvl|1
FOLLOWER:AnimalCompanionLVL=3		TYPE:UrbanCompanion			ABILITY:Special Ability|AUTOMATIC|Familiar ~ Deliver Touch Spells																					DEFINESTAT:MINVALUE|INT|7	BONUS:COMBAT|AC|1|TYPE=NaturalArmor.STACK	BONUS:VAR|MasterLvl|2
FOLLOWER:AnimalCompanionLVL=5		TYPE:UrbanCompanion			ABILITY:Special Ability|AUTOMATIC|Familiar ~ Speak with Master																						DEFINESTAT:MINVALUE|INT|8	BONUS:COMBAT|AC|1|TYPE=NaturalArmor.STACK	BONUS:VAR|MasterLvl|2
FOLLOWER:AnimalCompanionLVL=7		TYPE:UrbanCompanion																																	DEFINESTAT:MINVALUE|INT|9	BONUS:COMBAT|AC|1|TYPE=NaturalArmor.STACK	BONUS:VAR|MasterLvl|2
FOLLOWER:AnimalCompanionLVL=9		TYPE:UrbanCompanion																																	DEFINESTAT:MINVALUE|INT|10	BONUS:COMBAT|AC|1|TYPE=NaturalArmor.STACK	BONUS:VAR|MasterLvl|2
FOLLOWER:AnimalCompanionLVL=11	TYPE:UrbanCompanion	SR:16																																DEFINESTAT:MINVALUE|INT|11	BONUS:COMBAT|AC|1|TYPE=NaturalArmor.STACK	BONUS:VAR|MasterLvl|2
FOLLOWER:AnimalCompanionLVL=12	TYPE:UrbanCompanion	SR:17																																												BONUS:VAR|MasterLvl|1
FOLLOWER:AnimalCompanionLVL=13	TYPE:UrbanCompanion	SR:18		ABILITY:Special Ability|AUTOMATIC|Familiar ~ Scry on Familiar																						DEFINESTAT:MINVALUE|INT|12	BONUS:COMBAT|AC|1|TYPE=NaturalArmor.STACK	BONUS:VAR|MasterLvl|1
FOLLOWER:AnimalCompanionLVL=14	TYPE:UrbanCompanion	SR:19																																												BONUS:VAR|MasterLvl|1
FOLLOWER:AnimalCompanionLVL=15	TYPE:UrbanCompanion	SR:20																																DEFINESTAT:MINVALUE|INT|13	BONUS:COMBAT|AC|1|TYPE=NaturalArmor.STACK	BONUS:VAR|MasterLvl|1
FOLLOWER:AnimalCompanionLVL=16	TYPE:UrbanCompanion	SR:21																																												BONUS:VAR|MasterLvl|1
FOLLOWER:AnimalCompanionLVL=17	TYPE:UrbanCompanion	SR:22																																DEFINESTAT:MINVALUE|INT|14	BONUS:COMBAT|AC|1|TYPE=NaturalArmor.STACK	BONUS:VAR|MasterLvl|1
FOLLOWER:AnimalCompanionLVL=18	TYPE:UrbanCompanion	SR:23																																												BONUS:VAR|MasterLvl|1
FOLLOWER:AnimalCompanionLVL=19	TYPE:UrbanCompanion	SR:24																																DEFINESTAT:MINVALUE|INT|15	BONUS:COMBAT|AC|1|TYPE=NaturalArmor.STACK	BONUS:VAR|MasterLvl|1
FOLLOWER:AnimalCompanionLVL=20	TYPE:UrbanCompanion	SR:25																																												BONUS:VAR|MasterLvl|1

###Block: Specific Familiars
# Class of the Master		Type				Required Race			Apply Kit
FOLLOWER:AnimalCompanionLVL=1	TYPE:UrbanCompanion	PRERACE:1,Raven			KIT:1|Raven Familiar
FOLLOWER:AnimalCompanionLVL=1	TYPE:UrbanCompanion	PRERACE:1,Bat			KIT:1|Bat Familiar
FOLLOWER:AnimalCompanionLVL=1	TYPE:UrbanCompanion	PRERACE:1,Cat			KIT:1|Cat Familiar
FOLLOWER:AnimalCompanionLVL=1	TYPE:UrbanCompanion	PRERACE:1,Hawk			KIT:1|Hawk Familiar
FOLLOWER:AnimalCompanionLVL=1	TYPE:UrbanCompanion	PRERACE:1,Lizard			KIT:1|Lizard Familiar
FOLLOWER:AnimalCompanionLVL=1	TYPE:UrbanCompanion	PRERACE:1,Owl			KIT:1|Owl Familiar
FOLLOWER:AnimalCompanionLVL=1	TYPE:UrbanCompanion	PRERACE:1,Rat			KIT:1|Rat Familiar
FOLLOWER:AnimalCompanionLVL=1	TYPE:UrbanCompanion	PRERACE:1,Raven			KIT:1|Raven Familiar
FOLLOWER:AnimalCompanionLVL=1	TYPE:UrbanCompanion	PRERACE:1,Snake (Viper/Tiny)	KIT:1|Snake Familiar
FOLLOWER:AnimalCompanionLVL=1	TYPE:UrbanCompanion	PRERACE:1,Toad			KIT:1|Toad Familiar
FOLLOWER:AnimalCompanionLVL=1	TYPE:UrbanCompanion	PRERACE:1,Weasel			KIT:1|Weasel Familiar
#

###Block:Familiar Bonuses to Master
# Race of familiar			Type				Save checks bonus			Bonus to HP			Bonus to skill			Virtual Feat
MASTERBONUSRACE:Bat			TYPE:UrbanCompanion										BONUS:SKILL|Listen|3		VFEAT:Alertness
MASTERBONUSRACE:Cat			TYPE:UrbanCompanion										BONUS:SKILL|Move Silently|3	VFEAT:Alertness
MASTERBONUSRACE:Hawk			TYPE:UrbanCompanion										BONUS:SKILL|Spot|3		VFEAT:Alertness
MASTERBONUSRACE:Lizard			TYPE:UrbanCompanion										BONUS:SKILL|Climb|3		VFEAT:Alertness
MASTERBONUSRACE:Owl			TYPE:UrbanCompanion										BONUS:SKILL|Spot|3		VFEAT:Alertness
MASTERBONUSRACE:Rat			TYPE:UrbanCompanion	BONUS:SAVE|Fortitude|2											VFEAT:Alertness
MASTERBONUSRACE:Raven			TYPE:UrbanCompanion										BONUS:SKILL|Appraise|3		VFEAT:Alertness
MASTERBONUSRACE:Snake (Viper/Tiny)	TYPE:UrbanCompanion										BONUS:SKILL|Bluff|3		VFEAT:Alertness
MASTERBONUSRACE:Toad			TYPE:UrbanCompanion						BONUS:HP|CURRENTMAX|3						VFEAT:Alertness
MASTERBONUSRACE:Weasel			TYPE:UrbanCompanion	BONUS:SAVE|Reflex|2											VFEAT:Alertness
