# CVS $Revision: $ $Author: $ -- Sun Sep  7 00:12:26 2014 -- reformated by prettylst.pl v1.51 (build 24947)
SOURCELONG:Cityscape: An Essential Guide to Urban Adventuring	SOURCESHORT:Ci	SOURCEWEB:www.wizards.com	SOURCEDATE:2006-11
#SPELL NAME					CLASSES:																								SCHOOL:					SUBSCHOOL:				DESCRIPTORS:															TYPE:						SOURCEPAGE:p.					COMPS:			CASTTIME:1 standard action		RANGE:			TARGETAREA:																					DURATION:																	SAVEINFO:							SPELLRES:				DESC:
# Spell Name				Type				Classes of caster											School			Sub-School			Descriptor									Components		Casting Time			Range			Target Area or Effect									Duration									Save Info				Spell Resistance		Source Page			Description
Black Labyrinth				TYPE:Shadowmagic		CLASSES:Shadowcaster=9										SCHOOL:Conjuration	SUBSCHOOL:Creation	DESCRIPTOR:Shadowscape							COMPS:S		CASTTIME:1 standard action	RANGE:Long		TARGETAREA:One-mile-radius spread, centered on a point in space		DURATION:(CASTERLEVEL/2) days [D]					SAVEINFO:Will partial		SPELLRES:No			SOURCEPAGE:p.WebEn 17	DESC:Shift portions of the real world in Shadow and vice-versa, creating a bewildering array of effects.
Deadly Shade				TYPE:Shadowmagic		CLASSES:Shadowcaster=6										SCHOOL:Necromancy						DESCRIPTOR:Darkened Alleys|Darkness					COMPS:S		CASTTIME:1 standard action	RANGE:Close		TARGETAREA:30-ft.-radius emanation							DURATION:(CASTERLEVEL) rounds [D]					SAVEINFO:Fortitude negates	SPELLRES:Yes		SOURCEPAGE:p.WebEn 17	DESC:Area of shadow enhances or dampens damage dealt within.
Detect Weaponry				TYPE:Arcane.Divine	CLASSES:Bard,Cleric,Ebonmar Infiltrator,Hexblade,Paladin,Sorcerer,Wizard=1	SCHOOL:Divination																COMPS:V,S		CASTTIME:1 standard action	RANGE:Close		TARGETAREA:Cone-shaped emanation							DURATION:Concentration, up to (CASTERLEVEL*10) minutes [D]	SAVEINFO:None			SPELLRES:No			SOURCEPAGE:p.66		DESC:Reveals weapons within 60 feet.
False Peacebond				TYPE:Arcane.Divine	CLASSES:Assassin,Blackguard=1|Sorcerer,Wizard=2						SCHOOL:Transmutation															COMPS:V,S,F		CASTTIME:1 standard action	RANGE:Close		TARGETAREA:One weapon									DURATION:(CASTERLEVEL*10) minutes [D]				SAVEINFO:Will negates (o)	SPELLRES:Yes (o)		SOURCEPAGE:p.66		DESC:As peacebond, but subject can draw the weapon freely
Fearful Gloom				TYPE:Shadowmagic		CLASSES:Shadowcaster=4										SCHOOL:Necromancy						DESCRIPTOR:Darkened Alleys|Darkness|Fear|Mind-Affecting	COMPS:S		CASTTIME:1 standard action	RANGE:Close		TARGETAREA:30-ft.-radius emanation							DURATION:(CASTERLEVEL) rounds [D]					SAVEINFO:Will partial		SPELLRES:Yes		SOURCEPAGE:p.WebEn 18	DESC:Area of shadow causes fear in all who enter.
Grasping Shadows				TYPE:Shadowmagic		CLASSES:Shadowcaster=7										SCHOOL:Conjuration	SUBSCHOOL:Creation	DESCRIPTOR:Shadowscape							COMPS:S		CASTTIME:1 standard action	RANGE:Medium	TARGETAREA:20-ft.-radius spread							DURATION:(CASTERLEVEL) rounds						SAVEINFO:Will partial		SPELLRES:No			SOURCEPAGE:p.WebEn 18	DESC:Tendrils grapple foes and cause blindness.
Impeding Stones				TYPE:Divine			CLASSES:Druid,Ranger=1										SCHOOL:Transmutation															COMPS:V,S,DF	CASTTIME:1 standard action	RANGE:Medium	TARGETAREA:Brick, stone, or earthen surface in a 40-ft.-radius spread	DURATION:(CASTERLEVEL) minutes [D]					SAVEINFO:Reflex partial		SPELLRES:No			SOURCEPAGE:p.66		DESC:Earthen ground and cobblestones crack and shift, hampering foes. Targets must make a Reflex save (each round) or be knocked prone. Success allows movement at half-speed. Forces Concentration checks.
Menagerie of Darkness			TYPE:Shadowmagic		CLASSES:Shadowcaster=8										SCHOOL:Transmutation					DESCRIPTOR:Shadowscape							COMPS:S		CASTTIME:1 standard action	RANGE:30 ft.	TARGETAREA:30-ft.-radius emanation centered on you				DURATION:(CASTERLEVEL*10) minutes					SAVEINFO:Will negates		SPELLRES:Yes		SOURCEPAGE:p.WebEn 19	DESC:Transform nearby animals and vermin into shadow creatures and gain control over them.
Peacebond					TYPE:Arcane.Divine	CLASSES:Cleric,Paladin,Hexblade,Sorcerer,Wizard=1					SCHOOL:Transmutation															COMPS:V,S,F		CASTTIME:1 standard action	RANGE:Close		TARGETAREA:One weapon									DURATION:(CASTERLEVEL*10) minutes [D]				SAVEINFO:Will negates (o)	SPELLRES:Yes (o)		SOURCEPAGE:p.67		DESC:Weapon is impossible to draw.
Quicker than the Eye			TYPE:Shadowmagic		CLASSES:Shadowcaster=1										SCHOOL:Transmutation					DESCRIPTOR:Night's Long Fingers					COMPS:S		CASTTIME:1 standard action	RANGE:Personal	TARGETAREA:You										DURATION:(CASTERLEVEL) minutes [D]					SAVEINFO:None			SPELLRES:No			SOURCEPAGE:p.WebEn 19	DESC:Gain bonus on Sleight of Hand checks (+5 at 1st, +10 at 5th, +15 at 10th); use Sleight of Hand at a distance.
Secret Weapon				TYPE:Arcane.Divine	CLASSES:Assassin,Bard,Blackguard,Ebonmar Infiltrator,Sorcerer,Wizard=1		SCHOOL:Illusion		SUBSCHOOL:Glamer												COMPS:V,S,M		CASTTIME:1 standard action	RANGE:Touch		TARGETAREA:Weapon touched								DURATION:(CASTERLEVEL*10) minutes [D]				SAVEINFO:Will negates (h,o)	SPELLRES:Yes (h,o)	SOURCEPAGE:p.67		DESC:Makes a hidden weapon almost impossible to detect (+20 or +10 to Sleight of Hand check based on size).
Sickening Shadow				TYPE:Shadowmagic		CLASSES:Shadowcaster=5										SCHOOL:Necromancy						DESCRIPTOR:Darkened Alleys|Darkness					COMPS:S		CASTTIME:1 standard action	RANGE:Close		TARGETAREA:30-ft.-radius emanation							DURATION:(CASTERLEVEL) rounds [D]					SAVEINFO:Fortitude partial	SPELLRES:Yes		SOURCEPAGE:p.WebEn 19	DESC:Area of shadow causes illness in all who enter.
Spacious Carriage				TYPE:Arcane			CLASSES:Bard,Sorcerer,Wizard=4								SCHOOL:Conjuration	SUBSCHOOL:Creation											COMPS:V,S,M		CASTTIME:10 minutes		RANGE:Close		TARGETAREA:A full-sized carriage and phantom horses				DURATION:(CASTERLEVEL) hours [D]					SAVEINFO:None			SPELLRES:No			SOURCEPAGE:p.66		DESC:Summons a carriage and horses to pull it.
Summon Pest Swarm				TYPE:Arcane.Divine	CLASSES:Cleric,Druid,Sorcerer,Wizard=4							SCHOOL:Conjuration	SUBSCHOOL:Summoning											COMPS:V,S,M		CASTTIME:1 round			RANGE:Long		TARGETAREA:One pest swarm								DURATION:(CASTERLEVEL) rounds [D]					SAVEINFO:None			SPELLRES:No			SOURCEPAGE:p.67		DESC:Summons swarm of urban animals and vermin.
Trail of Haze				TYPE:Shadowmagic		CLASSES:Shadowcaster=2										SCHOOL:Illusion		SUBSCHOOL:Phantasm	DESCRIPTOR:Night's Long Fingers					COMPS:S		CASTTIME:1 standard action	RANGE:Touch		TARGETAREA:One creature									DURATION:(CASTERLEVEL*10) minutes [D]				SAVEINFO:Will negates		SPELLRES:No			SOURCEPAGE:p.WebEn 20	DESC:Touched target emits a trail of shadowy mist only you can see.
Umbral Fist					TYPE:Shadowmagic		CLASSES:Shadowcaster=3										SCHOOL:Transmutation					DESCRIPTOR:Night's Long Fingers					COMPS:S		CASTTIME:1 standard action	RANGE:Personal	TARGETAREA:You										DURATION:(CASTERLEVEL) rounds [D]					SAVEINFO:None			SPELLRES:No			SOURCEPAGE:p.WebEn 20	DESC:Make special attacks at a distance.
Zone of Peacebond				TYPE:Arcane.Divine	CLASSES:Cleric,Sorcerer,Wizard=5								SCHOOL:Transmutation															COMPS:V,S,F		CASTTIME:1 minute			RANGE:0		TARGETAREA:(CASTERLEVEL*10)-ft. emanation, centered on you			DURATION:(CASTERLEVEL*10) minutes [D]				SAVEINFO:Will negates (o)	SPELLRES:Yes (o)		SOURCEPAGE:p.68		DESC:As peacebond, but affects all weapons in area.
#
#
#SPELL NAME					CLASSES:																								SCHOOL:					SUBSCHOOL:				DESCRIPTORS:															TYPE:						SOURCEPAGE:p.					COMPS:			CASTTIME:1 standard action		RANGE:			TARGETAREA:																					DURATION:																	SAVEINFO:							SPELLRES:				DESC:
Cocoon of Refuse				TYPE:Arcane			CLASSES:Warlock=1											SCHOOL:Transmutation					DESCRIPTOR:Least-Invocation						COMPS:S		CASTTIME:1 standard action	RANGE:Close		TARGETAREA:One creature									DURATION:(CASTERLEVEL) rounds [D]					SAVEINFO:Reflex negates		SPELLRES:Yes		SOURCEPAGE:p.68		DESC:Subject is entangled by trash and detritus in the area.
Devil's Whispers				TYPE:Arcane			CLASSES:Warlock=5											SCHOOL:Enchantment	SUBSCHOOL:Compulsion	DESCRIPTOR:Greater-Invocation|Mind-Affecting			COMPS:S		CASTTIME:1 standard action	RANGE:Close		TARGETAREA:One creature									DURATION:(CASTERLEVEL) hours or until completed			SAVEINFO:Will negates		SPELLRES:Yes		SOURCEPAGE:p.68		DESC:As suggestion, plus the subject believes his actions were his own idea.
Thieves' Bane				TYPE:Arcane			CLASSES:Warlock=3											SCHOOL:Abjuration						DESCRIPTOR:Lesser-Invocation						COMPS:S		CASTTIME:1 standard action	RANGE:Medium	TARGETAREA:One portal, up to (CASTERLEVEL*20) sq. ft				DURATION:(CASTERLEVEL) minutes [D]					SAVEINFO:None, Reflex half	SPELLRES:No			SOURCEPAGE:p.68		DESC:As hold portal, plus the portal explodes for 5d6 damage (Reflex save for half) when forced open.
#
#
#Mods for Ebonmar Infiltrator Spells
Comprehend Languages.MOD						CLASSES:Ebonmar Infiltrator=1
Detect Chaos.MOD								CLASSES:Ebonmar Infiltrator=1
Detect Evil.MOD								CLASSES:Ebonmar Infiltrator=1
Detect Good.MOD								CLASSES:Ebonmar Infiltrator=1
Detect Law.MOD								CLASSES:Ebonmar Infiltrator=1
Detect Secret Doors.MOD							CLASSES:Ebonmar Infiltrator=1
Disguise Self.MOD								CLASSES:Ebonmar Infiltrator=1
Expeditious Retreat.MOD							CLASSES:Ebonmar Infiltrator=1
Ghost Sound.MOD								CLASSES:Ebonmar Infiltrator=1
Jump.MOD									CLASSES:Ebonmar Infiltrator=1
Obscuring Mist.MOD							CLASSES:Ebonmar Infiltrator=1
Cat's Grace.MOD								CLASSES:Ebonmar Infiltrator=2
Darkness.MOD								CLASSES:Ebonmar Infiltrator=2
Detect Thoughts.MOD							CLASSES:Ebonmar Infiltrator=2
Fox's Cunning.MOD								CLASSES:Ebonmar Infiltrator=2
Illusory Script.MOD							CLASSES:Ebonmar Infiltrator=2
Invisibility.MOD								CLASSES:Ebonmar Infiltrator=2
Knock.MOD									CLASSES:Ebonmar Infiltrator=2
Owl's Wisdom.MOD								CLASSES:Ebonmar Infiltrator=2
Pass without Trace.MOD							CLASSES:Ebonmar Infiltrator=2
Spider Climb.MOD								CLASSES:Ebonmar Infiltrator=2
Undetectable Alignment.MOD						CLASSES:Ebonmar Infiltrator=2
Arcane Sight.MOD								CLASSES:Ebonmar Infiltrator=3
Darkvision.MOD								CLASSES:Ebonmar Infiltrator=3
Deeper Darkness.MOD							CLASSES:Ebonmar Infiltrator=3
Locate Object.MOD								CLASSES:Ebonmar Infiltrator=3
Misdirection.MOD								CLASSES:Ebonmar Infiltrator=3
Nondetection.MOD								CLASSES:Ebonmar Infiltrator=3
See Invisibility.MOD							CLASSES:Ebonmar Infiltrator=3
Secret Page.MOD								CLASSES:Ebonmar Infiltrator=3
Tongues.MOD									CLASSES:Ebonmar Infiltrator=3
Arcane Eye.MOD								CLASSES:Ebonmar Infiltrator=4
Clairaudience/Clairvoyance.MOD					CLASSES:Ebonmar Infiltrator=4
Detect Scrying.MOD							CLASSES:Ebonmar Infiltrator=4
Dimension Door.MOD							CLASSES:Ebonmar Infiltrator=4
Freedom of Movement.MOD							CLASSES:Ebonmar Infiltrator=4
Invisibility (Greater).MOD						CLASSES:Ebonmar Infiltrator=4
Locate Creature.MOD							CLASSES:Ebonmar Infiltrator=4
Modify Memory.MOD								CLASSES:Ebonmar Infiltrator=4
Scrying.MOD									CLASSES:Ebonmar Infiltrator=4
