# CVS $Revision: $ $Author: $ -- Fri Apr 20 01:54:50 2007 -- reformated by prettylst.pl v1.37 (build 2312)
SOURCELONG:Book of Exalted Deeds	SOURCESHORT:BoeD	SOURCEDATE:2007-03

### Armor and Shield Special Abilities:
# Modifier Name	Unique Key			Type				Plus		Visible		Source Page		Required Type				Modify VAR				Special Property
Angelic		KEY:BE_ANGELIC_A	TYPE:Armor			PLUS:2	VISIBLE:QUALIFY	SOURCEPAGE:p.112	PRETYPE:2,Enhancement,Armor							SPROP:+1 AC against attacks by Evil. +4 sacred bonus against spells with the evil descriptor.
Angelic		KEY:BE_ANGELIC_S	TYPE:Shield			PLUS:2	VISIBLE:QUALIFY	SOURCEPAGE:p.112	PRETYPE:2,Enhancement,Shield							SPROP:+1 AC against attacks by Evil. +4 sacred bonus against spells with the evil descriptor.
Empyreal		KEY:BE_EMPYREAL_A	TYPE:Armor			PLUS:2	VISIBLE:QUALIFY	SOURCEPAGE:p.112	PRETYPE:2,Enhancement,Armor							SPROP:Transfer all or part of the enhancement bonus to a sacred bonus on saving throws.
Empyreal		KEY:BE_EMPYREAL_S	TYPE:Shield			PLUS:2	VISIBLE:QUALIFY	SOURCEPAGE:p.112	PRETYPE:2,Enhancement,Shield							SPROP:Transfer all or part of the enhancement bonus to a sacred bonus on saving throws.
Exalted		KEY:BE_EXALTED_A	TYPE:Armor			PLUS:3	VISIBLE:QUALIFY	SOURCEPAGE:p.112	PRETYPE:2,Enhancement,Armor							SPROP:Take half damage from unholy weapons extra damage (1d6 instead of 2d6). Gain benefit of a constant Protection from Evil spell. Negates physical vile damage.
Exalted		KEY:BE_EXALTED_S	TYPE:Shield			PLUS:3	VISIBLE:QUALIFY	SOURCEPAGE:p.112	PRETYPE:2,Enhancement,Shield							SPROP:Take half damage from unholy weapons extra damage (1d6 instead of 2d6). Gain benefit of a constant Protection from Evil spell. Negates physical vile damage.
Sacred		KEY:BE_SACRED_A		TYPE:Armor			PLUS:2	VISIBLE:QUALIFY	SOURCEPAGE:p.112	PRETYPE:2,Enhancement,Armor		BONUS:VAR|TurnLevelBase|2	SPROP:+2 to Turning Level
Sacred		KEY:BE_SACRED_S		TYPE:Shield			PLUS:2	VISIBLE:QUALIFY	SOURCEPAGE:p.112	PRETYPE:2,Enhancement,Shield		BONUS:VAR|TurnLevelBase|2	SPROP:+2 to Turning Level
Soulfire		KEY:BE_SOULFIRE_A	TYPE:Armor			PLUS:4	VISIBLE:QUALIFY	SOURCEPAGE:p.112	PRETYPE:2,Enhancement,Armor							SPROP:Immune to all death spells, magical death effects, and energy drain, and any negative energy effects (such as from chill touch or inflict spells).
Soulfire		KEY:BE_SOULFIRE_S	TYPE:Shield			PLUS:4	VISIBLE:QUALIFY	SOURCEPAGE:p.112	PRETYPE:2,Enhancement,Shield							SPROP:Immune to all death spells, magical death effects, and energy drain, and any negative energy effects (such as from chill touch or inflict spells).
Twilight		KEY:BE_TWILIGHT_A	TYPE:Armor			PLUS:1	VISIBLE:QUALIFY	SOURCEPAGE:p.112	PRETYPE:2,Enhancement,Armor							SPROP:Reduces arcane spell failure by 10%
Twilight		KEY:BE_TWILIGHT_S	TYPE:Shield			PLUS:1	VISIBLE:QUALIFY	SOURCEPAGE:p.112	PRETYPE:2,Enhancement,Shield							SPROP:Reduces arcane spell failure by 10%
#

### Weapon Special Abilities:
Banishing		KEY:BE_BANISHING_M	TYPE:Weapon.Melee		PLUS:3	VISIBLE:QUALIFY	SOURCEPAGE:p.113	PRETYPE:3,Enhancement,Weapon,Melee						SPROP:Extraplanar creature with 25HD or fewer must save DC 24 Will save or be banished back to it's home plane.
Banishing		KEY:BE_BANISHING_R	TYPE:Weapon.Ranged	PLUS:3	VISIBLE:QUALIFY	SOURCEPAGE:p.113	PRETYPE:3,Enhancement,Weapon,Ranged						SPROP:Extraplanar creature with 25HD or fewer must save DC 24 Will save or be banished back to it's home plane.
Banishing		KEY:BE_BANISHING_T	TYPE:Weapon.Thrown	PLUS:3	VISIBLE:QUALIFY	SOURCEPAGE:p.113	PRETYPE:3,Enhancement,Weapon,Thrown						SPROP:Extraplanar creature with 25HD or fewer must save DC 24 Will save or be banished back to it's home plane.
Blessed		KEY:BE_BLESSED_M	TYPE:Weapon.Melee		PLUS:1	VISIBLE:QUALIFY	SOURCEPAGE:p.113	PRETYPE:3,Enhancement,Weapon,Melee						SPROP:Weapon is GOOD for purposes of DR. All critical threats succeed unless weapon is keen or vorpal.
Blessed		KEY:BE_BLESSED_R	TYPE:Weapon.Ranged	PLUS:1	VISIBLE:QUALIFY	SOURCEPAGE:p.113	PRETYPE:3,Enhancement,Weapon,Ranged						SPROP:Weapon is GOOD for purposes of DR. All critical threats succeed unless weapon is keen or vorpal.
Blessed		KEY:BE_BLESSED_T	TYPE:Weapon.Thrown	PLUS:1	VISIBLE:QUALIFY	SOURCEPAGE:p.113	PRETYPE:3,Enhancement,Weapon,Thrown						SPROP:Weapon is GOOD for purposes of DR. All critical threats succeed unless weapon is keen or vorpal.
Enfeebling		KEY:BE_ENFEEBLING_M	TYPE:Weapon.Melee		PLUS:1	VISIBLE:QUALIFY	SOURCEPAGE:p.113	PRETYPE:3,Enhancement,Weapon,Melee						SPROP:On a critical hit deal 1d6+2 temp Str damage, SR applies.
Enfeebling		KEY:BE_ENFEEBLING_R	TYPE:Weapon.Ranged	PLUS:1	VISIBLE:QUALIFY	SOURCEPAGE:p.113	PRETYPE:3,Enhancement,Weapon,Ranged						SPROP:On a critical hit deal 1d6+2 temp Str damage, SR applies.
Enfeebling		KEY:BE_ENFEEBLING_T	TYPE:Weapon.Thrown	PLUS:1	VISIBLE:QUALIFY	SOURCEPAGE:p.113	PRETYPE:3,Enhancement,Weapon,Thrown						SPROP:On a critical hit deal 1d6+2 temp Str damage, SR applies.
Heavenly Burst	KEY:BE_HEAVEN_BURST_M	TYPE:Weapon.Melee		PLUS:2	VISIBLE:QUALIFY	SOURCEPAGE:p.113	PRETYPE:3,Enhancement,Weapon,Melee						SPROP:On a critical hit against an evil creature deal 3d6 damage and blind for 1 rnd. Wielder takes 1d2 Str dmg.
Heavenly Burst	KEY:BE_HEAVEN_BURST_R	TYPE:Weapon.Ranged	PLUS:2	VISIBLE:QUALIFY	SOURCEPAGE:p.113	PRETYPE:3,Enhancement,Weapon,Ranged						SPROP:On a critical hit against an evil creature deal 3d6 damage and blind for 1 rnd. Wielder takes 1d2 Str dmg.
Heavenly Burst	KEY:BE_HEAVEN_BURST_T	TYPE:Weapon.Thrown	PLUS:2	VISIBLE:QUALIFY	SOURCEPAGE:p.113	PRETYPE:3,Enhancement,Weapon,Thrown						SPROP:On a critical hit against an evil creature deal 3d6 damage and blind for 1 rnd. Wielder takes 1d2 Str dmg.
Paralyzing		KEY:BE_PARALYZING_M	TYPE:Weapon.Melee		PLUS:2	VISIBLE:QUALIFY	SOURCEPAGE:p.113	PRETYPE:3,Enhancement,Weapon,Melee						SPROP:Any creature struck must make DC 17 Will save or be paralyzed for 10 rounds. SR applies, may save each rnd.
Paralyzing		KEY:BE_PARALYZING_R	TYPE:Weapon.Ranged	PLUS:2	VISIBLE:QUALIFY	SOURCEPAGE:p.113	PRETYPE:3,Enhancement,Weapon,Ranged						SPROP:Any creature struck must make DC 17 Will save or be paralyzed for 10 rounds. SR applies, may save each rnd.
Paralyzing		KEY:BE_PARALYZING_T	TYPE:Weapon.Thrown	PLUS:2	VISIBLE:QUALIFY	SOURCEPAGE:p.113	PRETYPE:3,Enhancement,Weapon,Thrown						SPROP:Any creature struck must make DC 17 Will save or be paralyzed for 10 rounds. SR applies, may save each rnd.
Righteous		KEY:BE_RIGHTEOUS_M	TYPE:Weapon.Melee		PLUS:4	VISIBLE:QUALIFY	SOURCEPAGE:p.114	PRETYPE:3,Enhancement,Weapon,Melee						SPROP:+2 bonus on attack and damage if creature is Strong or Overwhelming Evil. Detect Evil always active (as spell)
Righteous		KEY:BE_RIGHTEOUS_R	TYPE:Weapon.Ranged	PLUS:4	VISIBLE:QUALIFY	SOURCEPAGE:p.114	PRETYPE:3,Enhancement,Weapon,Ranged						SPROP:+2 bonus on attack and damage if creature is Strong or Overwhelming Evil. Detect Evil always active (as spell)
Righteous		KEY:BE_RIGHTEOUS_T	TYPE:Weapon.Thrown	PLUS:4	VISIBLE:QUALIFY	SOURCEPAGE:p.114	PRETYPE:3,Enhancement,Weapon,Thrown						SPROP:+2 bonus on attack and damage if creature is Strong or Overwhelming Evil. Detect Evil always active (as spell)
Roaring		KEY:BE_BANISHING_M	TYPE:Weapon.Melee		PLUS:3	VISIBLE:QUALIFY	SOURCEPAGE:p.114	PRETYPE:3,Enhancement,Weapon,Melee						SPROP:Evil creature struck must save DC 22 Will or be Shaken. Deal +2d6 damage on critical hit.
Roaring		KEY:BE_BANISHING_R	TYPE:Weapon.Ranged	PLUS:3	VISIBLE:QUALIFY	SOURCEPAGE:p.114	PRETYPE:3,Enhancement,Weapon,Ranged						SPROP:Evil creature struck must save DC 22 Will or be Shaken. Deal +2d6 damage on critical hit.
Roaring		KEY:BE_BANISHING_T	TYPE:Weapon.Thrown	PLUS:3	VISIBLE:QUALIFY	SOURCEPAGE:p.114	PRETYPE:3,Enhancement,Weapon,Thrown						SPROP:Evil creature struck must save DC 22 Will or be Shaken. Deal +2d6 damage on critical hit.
#
