# CVS $Revision: $ $Author: $ -- Thu Jul 10 13:59:32 2014 -- reformated by prettylst.pl v1.51 (build 24365)


# Modifier Name	Unique Key			Type			Special Property
Iron			KEY:Iron_WEAPON		TYPE:BaseMaterial
Steel			KEY:Steel_WEAPON		TYPE:BaseMaterial
Veridium		KEY:Veridium_WEAPON	TYPE:BaseMaterial
Silverite		KEY:Silverite_WEAPON	TYPE:BaseMaterial

###Wood
Elm			KEY:Elm_WEAPON		TYPE:BaseMaterial
Ash			KEY:Ash_WEAPON		TYPE:BaseMaterial
Yew			KEY:Yew_WEAPON		TYPE:BaseMaterial
Whitewood		KEY:Whitewood_WEAPON	TYPE:BaseMaterial
Ironbark		KEY:Ironbark_WEAPON	TYPE:BaseMaterial

###
Drakeskin		KEY:Drakeskin_ARMOR
Iron			KEY:Iron_ARMOR
Steel			KEY:Steel_ARMOR
Veridium		KEY:Veridium_ARMOR
Red Steel		KEY:Red Steel_ARMOR


# Social Bonus Items
Fine			KEY:Fine						SPROP:x5 price; +1 Social Bonus
Outstanding		KEY:Outstanding					SPROP:x25 price; +2 Social Bonus
Exceptional		KEY:Exceptional					SPROP:x100 price; +3 Social Bonus
Kingly		KEY:Kingly						SPROP:x1000 price; +4 Social Bonus
