
# Basic Classes
CLASS:Cleric	HD:8	TYPE:PC.Base	ABILITY:Internal|AUTOMATIC|Saving Throw ~ Wis|Saving Throw ~ Cha|TYPE=WeaponProfSimple		BONUS:ABILITYPOOL|Cleric Skill|2
CLASS:Cleric	SPELLSTAT:WIS	BONUS:CASTERLEVEL|CL
###Block
1	BONUS:ABILITYPOOL|Cleric Cantrip|Cleric_Cantrips
4	BONUS:ABILITYPOOL|Character Advancement Selection|1
8	BONUS:ABILITYPOOL|Character Advancement Selection|1
12	BONUS:ABILITYPOOL|Character Advancement Selection|1
16	BONUS:ABILITYPOOL|Character Advancement Selection|1
19	BONUS:ABILITYPOOL|Character Advancement Selection|1
###Block
1	CAST:0,2
2	CAST:0,3
3	CAST:0,4,2
4	CAST:0,4,3
5	CAST:0,4,3,2
6	CAST:0,4,3,3
7	CAST:0,4,3,3,1
8	CAST:0,4,3,3,2
9	CAST:0,4,3,3,3,1
10	CAST:0,4,3,3,3,2
11	CAST:0,4,3,3,3,2,1
12	CAST:0,4,3,3,3,2,1
13	CAST:0,4,3,3,3,2,1,1
14	CAST:0,4,3,3,3,2,1,1
15	CAST:0,4,3,3,3,2,1,1,1
16	CAST:0,4,3,3,3,2,1,1,1
17	CAST:0,4,3,3,3,2,1,1,1,1
18	CAST:0,4,3,3,3,3,1,1,1,1
19	CAST:0,4,3,3,3,3,2,1,1,1
20	CAST:0,4,3,3,3,3,2,2,1,1
###Block
1	DEFINE:Cleric_Cantrips|0
1	BONUS:VAR|Cleric_Cantrips|3+(CL>3)+(CL>9)
5	BONUS:VAR|DestroyUndeadCR|(CL-5)/3
###Block
1	ABILITY:Special Ability|AUTOMATIC|Cleric ~ Cantrips			
1	ABILITY:Special Ability|AUTOMATIC|Cleric ~ Spellcasting Ability	
2	ABILITY:Special Ability|AUTOMATIC|Cleric ~ Channel Divinity		
5	ABILITY:Special Ability|AUTOMATIC|Cleric ~ Destroy Undead		
10	ABILITY:Special Ability|AUTOMATIC|Cleric ~ Divine Intervention	



CLASS:Fighter	HD:10	TYPE:PC.Base	ABILITY:Internal|AUTOMATIC|Saving Throw ~ Str|Saving Throw ~ Con|TYPE=WeaponProfMartial|TYPE=ArmorProfHeavy|TYPE=ShieldProf	BONUS:ABILITYPOOL|Fighter Skill|2	BONUS:VAR|FighterLVL|CL	DEFINE:FighterLVL|0
###Block
1	ABILITY:Special Ability|AUTOMATIC|Fighter ~ Fighting Style
1	ABILITY:Special Ability|AUTOMATIC|Fighter ~ Second Wind			
2	ABILITY:Special Ability|AUTOMATIC|Fighter ~ Action Surge			
3	ABILITY:Special Ability|AUTOMATIC|Fighter ~ Martial Archetype		
4	ABILITY:Special Ability|AUTOMATIC|Fighter ~ Ability Score Improvement	
5	ABILITY:Special Ability|AUTOMATIC|Fighter ~ Extra Attack			
9	ABILITY:Special Ability|AUTOMATIC|Fighter ~ Indomitable			


CLASS:Rogue
###Block
CLASS:Wizard
###Block

