


Abyssal Ghoul			SOURCEPAGE:p.115	STARTFEATS:1
	SIZE:M
	RACETYPE:Undead
	MONSTERCLASS:Undead:16
	TYPE:Undead
	MOVE:Walk,40
	BONUS:COMBAT|AC|14|TYPE=NaturalArmor
	NATURALATTACKS:Claw,Melee.Weapon.Natural,*2,1d4,SPROP=Disease, Demon Fever Fort DC 18|Claw,Melee.Weapon.Natural,*2,2d4,SPROP=Disease, Demon Fever Fort DC 18
	AUTO:LANG|Abyssal
	CR:10
	KIT:2|CE|Abyssal Ghoul Default
	HITDICEADVANCEMENT:24,48
	FACE:5
	REACH:5
	BONUS:STAT|STR|14
	BONUS:STAT|DEX|6
	BONUS:STAT|INT|4
	BONUS:STAT|WIS|4
	BONUS:STAT|CHA|8
	ABILITY:Internal|AUTOMATIC|Race Traits ~ Abyssal Ghoul
Blood Fiend	SORTKEY:Demon	KEY:Demon (Blood Fiend)	SOURCEPAGE:p.116	STARTFEATS:1
	SIZE:L
	RACETYPE:Undead
	RACESUBTYPE:Demon
	TYPE:Undead
	MONSTERCLASS:Undead:12
	MOVE:Walk,40,Fly,80
	DEFINE:Maneuverability|0	BONUS:VAR|Maneuverability|5
	FACE:10
	REACH:10
	BONUS:STAT|STR|16
	BONUS:STAT|DEX|4
	BONUS:STAT|INT|6
	BONUS:STAT|WIS|10
	BONUS:STAT|CHA|10
	BONUS:COMBAT|AC|20|TYPE=NaturalArmor
	NATURALATTACKS:Claw,Melee.Weapon.Natural,*4,1d6,SPROP=Energy Drain|Bite,Melee.Weapon.Natural,*1,1d8,SPROP=Blood Drain
	KIT:2|CE|Blood Fiend Default
	CR:14
	HITDICEADVANCEMENT:18,36
	AUTO:LANG|Abyssal
	ABILITY:Internal|AUTOMATIC|Race Traits ~ Blood Fiend
Maurezhi	SORTKEY:Demon	KEY:Demon (Maurezhi)	SOURCEPAGE:p.117	STARTFEATS:1
	SIZE:M
	RACETYPE:Outsider
	TYPE:Outsider
	MONSTERCLASS:Outsider:5
	RACESUBTYPE:Demon|Tanar'ri|Chaotic|Evil
	MOVE:Walk,40
	BONUS:STAT|STR|4
	BONUS:STAT|DEX|4
	BONUS:STAT|CON|2
	BONUS:STAT|INT|-2
	BONUS:STAT|WIS|2
	BONUS:STAT|CHA|6
	BONUS:COMBAT|AC|20|TYPE=NaturalArmor
	NATURALATTACKS:Bite,Melee.Weapon.Natural,*1,1d6,SPROP=Paralysis|Claw,Melee.Weapon.Natural,*2,1d4,SPROP=Paralysis
	KIT:2|CE|Maurezhi Default
	CR:9
	HITDICEADVANCEMENT:20,20
	AUTO:LANG|Abyssal|Telepathy
	ABILITY:Internal|AUTOMATIC|Race Traits ~ Maurezhi
Drider Vampire			SOURCEPAGE:p.118	STARTFEATS:1
	BONUS:STAT|STR|
	BONUS:STAT|DEX|
	BONUS:STAT|CON|
	BONUS:STAT|INT|
	BONUS:STAT|WIS|
	BONUS:STAT|CHA|
Golem, Spiderstone		SOURCEPAGE:p.120	STARTFEATS:1
	BONUS:STAT|STR|
	BONUS:STAT|DEX|
	BONUS:STAT|CON|
	BONUS:STAT|INT|
	BONUS:STAT|WIS|
	BONUS:STAT|CHA|
Jade Spider				SOURCEPAGE:p.121	STARTFEATS:1
	BONUS:STAT|STR|
	BONUS:STAT|DEX|
	BONUS:STAT|CON|
	BONUS:STAT|INT|
	BONUS:STAT|WIS|
	BONUS:STAT|CHA|
Orb Wraith				SOURCEPAGE:p.122	STARTFEATS:1
	BONUS:STAT|STR|
	BONUS:STAT|DEX|
	BONUS:STAT|CON|
	BONUS:STAT|INT|
	BONUS:STAT|WIS|
	BONUS:STAT|CHA|
Quth-Maren				SOURCEPAGE:p.123	STARTFEATS:1
	BONUS:STAT|STR|
	BONUS:STAT|DEX|
	BONUS:STAT|CON|
	BONUS:STAT|INT|
	BONUS:STAT|WIS|
	BONUS:STAT|CHA|
Wraith Spider			SOURCEPAGE:p.123	STARTFEATS:1
	BONUS:STAT|STR|
	BONUS:STAT|DEX|
	BONUS:STAT|CON|
	BONUS:STAT|INT|
	BONUS:STAT|WIS|
	BONUS:STAT|CHA|

