# CVS $Revision: $ $Author: $ -- Thu Jul 10 13:59:32 2014 -- reformated by prettylst.pl v1.51 (build 24365)

# COMMENT: Needs to be excluded from Feat Level progression!
# COMMENT: Needs to be excluded from Stat Level progression!

# Class Name	Hit Dice	Type			Max Level
CLASS:Centaur	HD:8		TYPE:Monster	MAXLEVEL:6
# Class Name	Prohibited Class	Required Race
CLASS:Centaur	!PRECLASS:1,%=1	PRERACE:1,Centaur
# Class Name	Skill Pts/Lvl	Class Skill
CLASS:Centaur	STARTSKILLPTS:2	CSKILL:Listen|Move Silently|Spot|Survival
#	IGNORELEVEL:STAT|CL
#	IGNORELEVEL:FEAT|CL
1				BONUS:COMBAT|BASEAB|1					BONUS:SAVE|BASE.Reflex,BASE.Will|1
2				BONUS:COMBAT|BASEAB|1					BONUS:SAVE|BASE.Reflex,BASE.Will|1
3																		DONOTADD:HITDIE|SKILLPOINTS
4				BONUS:COMBAT|BASEAB|1					BONUS:SAVE|BASE.Fortitude|1
5	MOVE:Walk,50															DONOTADD:HITDIE|SKILLPOINTS
6				BONUS:COMBAT|BASEAB|1	BONUS:SIZEMOD|NUMBER|1	BONUS:SAVE|BASE.Reflex,BASE.Will|1


#1st 1d8 +1 +0 +2 +2 (2 + Int mod) ? 4 1 Feat, +1 natural armor, 2 hooves 1d4
#2nd 2d8 +2 +0 +3 +3 2 + Int mod 2 +2 Str, +2 Wis
#3rd 2d8 +2 +0 +3 +3 - 2 +2 Str, +2 Con, +2 natural armor
#4th 3d8 +3 +1 +3 +3 2 + Int mod 3 Feat, +2 Str, +2 Dex
#5th 3d8 +3 +1 +3 +3 - 3 +2 Str, +2 Con, speed 50 ft., +3 natural armor
#6th 4d8 +4 +1 +4 +4 2 + Int mod 3 Large size, 2 hooves 1d6




# Class Name	Source Page
CLASS:Wizard.MOD	SOURCEPAGE:p.55
SUBSTITUTIONCLASS:Elven Wizard	PRERACE:1,Elf%
SUBSTITUTIONLEVEL:1	BONUS:VAR|ElfFamiliar|var("CL=Wizard")	DEFINE:ElfFamiliar|0
SUBSTITUTIONLEVEL:1	CAST:3,1			CSKILL:Search
SUBSTITUTIONLEVEL:3	CAST:4,2,1			CSKILL:Search
SUBSTITUTIONLEVEL:5	CAST:4,3,2,1		CSKILL:Search


SUBSTITUTIONLEVEL:1	ABILITY:Wizard Class Feature|AUTOMATIC|Wizard ~ Weapon and Armor Proficiency|!PREABILITY:1,CATEGORY=ACF,TYPE.WizardProficiencies
SUBSTITUTIONLEVEL:1	ABILITY:Wizard Class Feature|AUTOMATIC|Wizard ~ Familiar|!PREABILITY:1,CATEGORY=ACF,TYPE.WizardSummonFamiliar
SUBSTITUTIONLEVEL:1	ABILITY:Wizard Class Feature|AUTOMATIC|Wizard ~ Scribe Scroll|!PREABILITY:1,CATEGORY=ACF,TYPE.WizardScribeScroll
SUBSTITUTIONLEVEL:1	ABILITY:Wizard Class Feature|AUTOMATIC|Wizard ~ Spellbooks|PREMULT:1,[PREMULT:2,[PREPCLEVEL:MAX=0],[PRECLASS:1,Wizard=1]],[PREMULT:2,[!PRECLASS:1,TYPE.Base=0],[PRECLASS:1,Wizard=1]]
SUBSTITUTIONLEVEL:5	ABILITY:Wizard Class Feature|AUTOMATIC|Wizard ~ Bonus Feats|!PREABILITY:1,CATEGORY=ACF,TYPE.WizardBonusFeats
###	END Substitution Level
SUBSTITUTIONLEVEL:1	ABILITY:Wizard Class Feature|AUTOMATIC|Wizard ~ Generalist Wizardry
SUBSTITUTIONLEVEL:3	ABILITY:Wizard Class Feature|AUTOMATIC|Wizard ~ Natural Link
SUBSTITUTIONLEVEL:5	ABILITY:Wizard Class Feature|AUTOMATIC|Wizard ~ Bonus Feat


###Block - Ruathar
CLASS:Ruathar	MAXLEVEL:3
CLASS:Ruathar	HD:6	TYPE:Prestige
CLASS:Ruathar	FACT:Abb|Rtr	FACT:ClassType|Support
CLASS:Ruathar	DEFINE:RuatharLVL|0	BONUS:VAR|RuatharLVL|CL
CLASS:Ruathar	SOURCEPAGE:p.122
CLASS:Ruathar	BONUS:COMBAT|BASEAB|classlevel("APPLIEDAS=NONEPIC")*3/4|TYPE=Base.REPLACE|PREVAREQ:UseAlternateBABProgression,0
CLASS:Ruathar	BONUS:VAR|ClassBABModerate|classlevel("APPLIEDAS=NONEPIC")|PREVAREQ:UseFractionalBAB,1
CLASS:Ruathar	BONUS:SAVE|BASE.Fortitude|classlevel("APPLIEDAS=NONEPIC")/3|PREVAREQ:UseAlternateSaveProgression,0
CLASS:Ruathar	BONUS:SAVE|BASE.Reflex|classlevel("APPLIEDAS=NONEPIC")/2+2|PREVAREQ:UseAlternateSaveProgression,0
CLASS:Ruathar	BONUS:SAVE|BASE.Will|classlevel("APPLIEDAS=NONEPIC")/2+2|PREVAREQ:UseAlternateSaveProgression,0
CLASS:Ruathar	BONUS:VAR|ClassSavePoor_Fortitude|classlevel()|PREVAREQ:UseFractionalSave,1
CLASS:Ruathar	BONUS:VAR|ClassSaveGood_Reflex|classlevel()|PREVAREQ:UseFractionalSave,1
CLASS:Ruathar	BONUS:VAR|ClassSaveGood_Will|classlevel()|PREVAREQ:UseFractionalSave,1
CLASS:Ruathar	PRETEXT:BAB +6, OR Any Skill 9 Ranks, OR Ability to cast 3rd level spells.	PREMULT:1,[PRETOTALAB:6],[PRESKILL:1,TYPE.Base=9],[PRESPELLTYPE:1,Arcane=3,Divine=3]
CLASS:Ruathar	STARTSKILLPTS:4	CSKILL:Concentration|TYPE=Craft|Diplomacy|Handle Animal|Hide|TYPE=Knowledge|Listen|Move Silently|TYPE=Profession|Search|Sense Motive|Spellcraft|Spot|Survival
###Block
1:REPEATLEVEL:1	ADD:SPELLCASTER|ANY
###Block
1	ABILITY:Ruathar Class Feature|AUTOMATIC|Ruathar ~ Weapon and Armor Proficiency
1	ABILITY:Ruathar Class Feature|AUTOMATIC|Ruathar ~ Spellcasting			
1	ABILITY:Ruathar Class Feature|AUTOMATIC|Ruathar ~ Word of Friendship		
1	ABILITY:Ruathar Class Feature|AUTOMATIC|Ruathar ~ Gift of the Elves		
2	ABILITY:Ruathar Class Feature|AUTOMATIC|Ruathar ~ Low-Light Vision
2	ABILITY:Ruathar Class Feature|AUTOMATIC|Ruathar ~ Elfwise
3	ABILITY:Ruathar Class Feature|AUTOMATIC|Ruathar ~ Star Blessing			
3	ABILITY:Ruathar Class Feature|AUTOMATIC|Ruathar ~ Arvandor's Grace		












