# CVS $Revision: $ $Author: $ -- Fri Oct 19 20:16:09 2012 -- reformated by prettylst.pl v1.39 (build 15052)
SOURCELONG:Arcana Evolved	SOURCESHORT:AE

#Racial/Class Weapons
# Equipment Name			Output Name		Required Weapon Proficiency		Required Armor Proficiency				Type													Alternative Type				Cost		Weight	Required Feat					AC Penalty Check	Critical Hit Multiplier	Critical Hit Range	Alternative Critical	Alternative Critical Range	Damage	Alternative Damage	Modifier	Alternative Modifier	Wield Category	Maximum DEX Bonus	Range		Size		Source Page				% of Spell Failure	Combat bonus			Special Property
Litorian Claws			OUTPUTNAME:Claws	PROFICIENCY:WEAPON|Litorian Claws									TYPE:Weapon.Racial.Melee.Finesseable.Slashing.Natural											COST:0	WT:0												CRITMULT:x2			CRITRANGE:1												DAMAGE:1d8					EQMOD:STEEL					WIELD:OneHanded						SIZE:M	SOURCEPAGE:Arcana Evolved										SPROP:Natural Racial Weapon
Magister's Staff						PROFICIENCY:WEAPON|Magister's Staff									TYPE:Weapon.Melee.TwoHanded.Simple.Double.Standard.Bludgeoning.Quarterstaff	ALTTYPE:Weapon.Melee.Bludgeoning	COST:0	WT:4												CRITMULT:x2			CRITRANGE:1			ALTCRITMULT:x2		ALTCRITRANGE:1			DAMAGE:1d6	ALTDAMAGE:1d6		EQMOD:WOOD	ALTEQMOD:WOOD		WIELD:TwoHanded						SIZE:M
Sword Staff							PROFICIENCY:WEAPON|Sword Staff									TYPE:Weapon.Melee.TwoHanded.Ranged.Thrown.Simple.Standard.Piercing.Spear							COST:2	WT:6												CRITMULT:x3			CRITRANGE:1												DAMAGE:1d8					EQMOD:WOOD					WIELD:TwoHanded				RANGE:20	SIZE:M
Bite (Litorian)						PROFICIENCY:WEAPON|Bite (Litorian)									TYPE:Weapon.Melee.Ranged.Standard.Piercing.Natural											COST:0	WT:1												CRITMULT:x2			CRITRANGE:1												DAMAGE:1d6					EQMOD:WOOD					WIELD:OneHanded						SIZE:M
Claws (Litorian)						PROFICIENCY:WEAPON|Claws (Litorian)									TYPE:Weapon.Melee.Ranged.Standard.Piercing.Natural											COST:0	WT:1												CRITMULT:x2			CRITRANGE:1												DAMAGE:1d6					EQMOD:WOOD					WIELD:OneHanded						SIZE:M

#Light Weight ----------------------------------------------------------------------------				---------------------------------
# Equipment Name			Output Name		Required Weapon Proficiency		Required Armor Proficiency				Type													Alternative Type				Cost		Weight	Required Feat					AC Penalty Check	Critical Hit Multiplier	Critical Hit Range	Alternative Critical	Alternative Critical Range	Damage	Alternative Damage	Modifier	Alternative Modifier	Wield Category	Maximum DEX Bonus	Range		Size		Source Page				% of Spell Failure	Combat bonus			Special Property
Leather Jack												PROFICIENCY:ARMOR|Leather Jack			TYPE:Armor.Light.Suit.Standard.Nonmetal													COST:10	WT:15									ACCHECK:0																																		MAXDEX:6						SOURCEPAGE:AE			SPELLFAILURE:10		BONUS:COMBAT|AC|2|TYPE=Armor
Studded Leather Jack											PROFICIENCY:ARMOR|Studded Leather Jack		TYPE:Armor.Light.Suit.Standard														COST:25	WT:20									ACCHECK:-1																									EQMOD:STEEL								MAXDEX:5						SOURCEPAGE:AE			SPELLFAILURE:15		BONUS:COMBAT|AC|3|TYPE=Armor
Leather Coat												PROFICIENCY:ARMOR|Leather Coat			TYPE:Armor.Light.Suit.Standard.Nonmetal													COST:200	WT:20									ACCHECK:-2																																		MAXDEX:6						SOURCEPAGE:AE			SPELLFAILURE:10		BONUS:COMBAT|AC|4|TYPE=Armor
Devanian Chain Shirt											PROFICIENCY:ARMOR|Devanian Chain Shirt		TYPE:Armor.Exotic.Light.Suit															COST:400	WT:20		PREFEAT:1,Armor Proficiency (Exotic)	ACCHECK:-1																									EQMOD:STEEL								MAXDEX:8						SOURCEPAGE:AE			SPELLFAILURE:15		BONUS:COMBAT|AC|4|TYPE=Armor

#Medium Weight ---------------------------------------------------------------------------				----------------------------------
Breastscale Armor												PROFICIENCY:ARMOR|Breastscale Armor			TYPE:Armor.Medium.Suit.Standard.Nonmetal													COST:60	WT:30									ACCHECK:-3																																		MAXDEX:4						SOURCEPAGE:AE			SPELLFAILURE:20		BONUS:COMBAT|AC|4|TYPE=Armor
Chain Hauberk												PROFICIENCY:ARMOR|Chain Hauberk			TYPE:Armor.Medium.Suit.Standard														COST:250	WT:40									ACCHECK:-4																									EQMOD:STEEL								MAXDEX:4						SOURCEPAGE:AE			SPELLFAILURE:20		BONUS:COMBAT|AC|5|TYPE=Armor
Devanian Breastplate											PROFICIENCY:ARMOR|Devanian Breastplate		TYPE:Armor.Exotic.Medium.Suit															COST:800	WT:25		PREFEAT:1,Armor Proficiency (Exotic)	ACCHECK:-3																									EQMOD:STEEL								MAXDEX:6						SOURCEPAGE:AE			SPELLFAILURE:20		BONUS:COMBAT|AC|5|TYPE=Armor
Articulated Plate Jack											PROFICIENCY:ARMOR|Articulated Plate Jack		TYPE:Armor.Exotic.Medium.Suit															COST:450	WT:35		PREFEAT:1,Armor Proficiency (Exotic)	ACCHECK:-4																									EQMOD:STEEL								MAXDEX:3						SOURCEPAGE:AE			SPELLFAILURE:20		BONUS:COMBAT|AC|6|TYPE=Armor
Brigandine													PROFICIENCY:ARMOR|Brigandine				TYPE:Armor.Medium.Suit.Standard														COST:200	WT:40									ACCHECK:-6																									EQMOD:STEEL								MAXDEX:0						SOURCEPAGE:AE			SPELLFAILURE:30		BONUS:COMBAT|AC|6|TYPE=Armor

#Heavy Weight ----------------------------------------------------------------------------				---------------------------------
Heavy Brigadine												PROFICIENCY:ARMOR|Heavy Brigadine			TYPE:Armor.Heavy.Suit.Standard														COST:300	WT:45									ACCHECK:-7																									EQMOD:STEEL								MAXDEX:0						SOURCEPAGE:AE			SPELLFAILURE:40		BONUS:COMBAT|AC|7|TYPE=Armor
Chain and Plates												PROFICIENCY:ARMOR|Chain and Plates			TYPE:Armor.Heavy.Suit.Standard														COST:600	WT:40									ACCHECK:-5																									EQMOD:STEEL								MAXDEX:2						SOURCEPAGE:AE			SPELLFAILURE:30		BONUS:COMBAT|AC|7|TYPE=Armor
Devanian Plate												PROFICIENCY:ARMOR|Devanian Plate			TYPE:Armor.Heavy.Exotic.Suit															COST:3000	WT:40		PREFEAT:1,Armor Proficiency (Exotic)	ACCHECK:-5																									EQMOD:STEEL								MAXDEX:2						SOURCEPAGE:AE			SPELLFAILURE:30		BONUS:COMBAT|AC|8|TYPE=Armor
Dragonscale Armor												PROFICIENCY:ARMOR|Dragonscale Armor			TYPE:Armor.Heavy.Suit.Standard														COST:4000	WT:50									ACCHECK:-6																									EQMOD:STEEL								MAXDEX:1						SOURCEPAGE:AE			SPELLFAILURE:25		BONUS:COMBAT|AC|9|TYPE=Armor
Articulated Plate												PROFICIENCY:ARMOR|Articulated Plate			TYPE:Armor.Heavy.Exotic.Suit															COST:5500	WT:60		PREFEAT:1,Armor Proficiency (Exotic)	ACCHECK:-5																									EQMOD:STEEL								MAXDEX:2						SOURCEPAGE:AE			SPELLFAILURE:35		BONUS:COMBAT|AC|10|TYPE=Armor
Devanian Articulated Plate										PROFICIENCY:ARMOR|Devanian Articulated Plate	TYPE:Armor.Exotic.Heavy.Suit															COST:7000	WT:50		PREFEAT:1,Armor Proficiency (Exotic)	ACCHECK:-4																									EQMOD:STEEL								MAXDEX:3						SOURCEPAGE:AE			SPELLFAILURE:20		BONUS:COMBAT|AC|10|TYPE=Armor
Superior Articulated Plate										PROFICIENCY:ARMOR|Superior Articulated Plate	TYPE:Armor.Exotic.Heavy.Suit															COST:8000	WT:60		PREFEAT:1,Armor Proficiency (Exotic)	ACCHECK:-5																									EQMOD:STEEL								MAXDEX:2						SOURCEPAGE:AE			SPELLFAILURE:30		BONUS:COMBAT|AC|11|TYPE=Armor
The Definitive Harness											PROFICIENCY:ARMOR|The Definitive Harness		TYPE:Armor.Exotic.Heavy.Suit															COST:10000	WT:50		PREFEAT:1,Armor Proficiency (Exotic)	ACCHECK:-4																									EQMOD:STEEL								MAXDEX:3						SOURCEPAGE:AE			SPELLFAILURE:25		BONUS:COMBAT|AC|12|TYPE=Armor
#
## EOF
#
