
###Block: Race
Race Traits ~ Bat Moreau	CATEGORY:Internal	BONUS:ABILITYPOOL|Moreau Species Type Selection|1	ABILITY:Special Ability|AUTOMATIC|Bat Moreau ~ Light Sensitivity|Bat Moreau ~ Blindsight	ABILITY:Internal|AUTOMATIC|Bat - Covert|PREABILITY:1,CATEGORY=Internal,Moreau ~ Covert	ABILITY:Internal|AUTOMATIC|Bat - Moderate|PREABILITY:1,CATEGORY=Internal,Moreau ~ Moderate	ABILITY:Internal|AUTOMATIC|Bat - Overt|PREABILITY:1,CATEGORY=Internal,Moreau ~ Overt
Race Traits ~ Bear Moreau	CATEGORY:Internal	BONUS:ABILITYPOOL|Moreau Species Type Selection|1	ABILITY:Internal|AUTOMATIC|Bear - Covert|PREABILITY:1,CATEGORY=Internal,Moreau ~ Covert	ABILITY:Internal|AUTOMATIC|Bear - Moderate|PREABILITY:1,CATEGORY=Internal,Moreau ~ Moderate	ABILITY:Internal|AUTOMATIC|Bear - Overt|PREABILITY:1,CATEGORY=Internal,Moreau ~ Overt
Race Traits ~ Canine Moreau	CATEGORY:Internal	BONUS:ABILITYPOOL|Moreau Species Type Selection|1	ABILITY:Special Ability|AUTOMATIC|Canine Moreau ~ Scent	ABILITY:Internal|AUTOMATIC|Canine - Covert|PREABILITY:1,CATEGORY=Internal,Moreau ~ Covert	ABILITY:Internal|AUTOMATIC|Canine - Moderate|PREABILITY:1,CATEGORY=Internal,Moreau ~ Moderate	ABILITY:Internal|AUTOMATIC|Canine - Overt|PREABILITY:1,CATEGORY=Internal,Moreau ~ Overt
Race Traits ~ Dolphin Moreau	CATEGORY:Internal	BONUS:ABILITYPOOL|Moreau Species Type Selection|1	ABILITY:Special Ability|AUTOMATIC|Dolphin Moreau ~ Hold Breath	ABILITY:Internal|AUTOMATIC|Dolphin - Covert|PREABILITY:1,CATEGORY=Internal,Moreau ~ Covert	ABILITY:Internal|AUTOMATIC|Dolphin - Moderate|PREABILITY:1,CATEGORY=Internal,Moreau ~ Moderate	ABILITY:Internal|AUTOMATIC|Dolphin - Overt|PREABILITY:1,CATEGORY=Internal,Moreau ~ Overt
Race Traits ~ Feline Moreau	CATEGORY:Internal	BONUS:ABILITYPOOL|Moreau Species Type Selection|1	ABILITY:Internal|AUTOMATIC|Feline - Covert|PREABILITY:1,CATEGORY=Internal,Moreau ~ Covert	ABILITY:Internal|AUTOMATIC|Feline - Moderate|PREABILITY:1,CATEGORY=Internal,Moreau ~ Moderate	ABILITY:Internal|AUTOMATIC|Feline - Overt|PREABILITY:1,CATEGORY=Internal,Moreau ~ Overt
Race Traits ~ Rat Moreau	CATEGORY:Internal	BONUS:ABILITYPOOL|Moreau Species Type Selection|1	ABILITY:Internal|AUTOMATIC|Rat - Covert|PREABILITY:1,CATEGORY=Internal,Moreau ~ Covert	ABILITY:Internal|AUTOMATIC|Rat - Moderate|PREABILITY:1,CATEGORY=Internal,Moreau ~ Moderate	ABILITY:Internal|AUTOMATIC|Rat - Overt|PREABILITY:1,CATEGORY=Internal,Moreau ~ Overt


# Moreau Species Type Selection
Covert	KEY:Moreau ~ Covert		CATEGORY:Internal	TYPE:Moreau Species Type Selection
Moderate	KEY:Moreau ~ Moderate		CATEGORY:Internal	TYPE:Moreau Species Type Selection
Overt		KEY:Moreau ~ Overt		CATEGORY:Internal	TYPE:Moreau Species Type Selection

#
### Moreau Species Selection
#

###Block:
Bat - Covert		CATEGORY:Internal	TYPE:Moreau Species Selection	BONUS:STAT|INT|-2|TYPE=Race	BONUS:STAT|WIS|2|TYPE=Race
Bat - Moderate		CATEGORY:Internal	TYPE:Moreau Species Selection	BONUS:STAT|CON,INT|-2|TYPE=Race	BONUS:STAT|DEX,WIS|2|TYPE=Race
Bat - Overt			CATEGORY:Internal	TYPE:Moreau Species Selection	BONUS:STAT|CON|-2|TYPE=Race	BONUS:STAT|INT|-4|TYPE=Race	BONUS:STAT|DEX|2|TYPE=Race	BONUS:STAT|WIS|4|TYPE=Race

# Bear
Bear - Covert		CATEGORY:Internal	TYPE:Moreau Species Selection	BONUS:STAT|STR|2|TYPE=Race	BONUS:STAT|DEX|-2|TYPE=Race
Bear - Moderate		CATEGORY:Internal	TYPE:Moreau Species Selection	BONUS:STAT|STR|2|TYPE=Race	BONUS:STAT|DEX|-2|TYPE=Race	BONUS:STAT|INT|-2|TYPE=Race	BONUS:STAT|CON|2|TYPE=Race
Bear - Overt		CATEGORY:Internal	TYPE:Moreau Species Selection	BONUS:STAT|STR|4|TYPE=Race	BONUS:STAT|DEX|-2|TYPE=Race	BONUS:STAT|INT|-2|TYPE=Race	BONUS:STAT|CON|2|TYPE=Race	BONUS:SIZE|NUMBER|1	ABILITY:Special Ability|AUTOMATIC|Bear Moreau ~ Claws

# Canine
Canine - Covert		CATEGORY:Internal	TYPE:Moreau Species Selection	BONUS:STAT|CON|2|TYPE=Race		BONUS:STAT|INT|-2|TYPE=Race		
Canine - Moderate		CATEGORY:Internal	TYPE:Moreau Species Selection	BONUS:STAT|CON,WIS|2|TYPE=Race	BONUS:STAT|INT,CHA|-2|TYPE=Race	
Canine - Overt		CATEGORY:Internal	TYPE:Moreau Species Selection	BONUS:STAT|CON|4|TYPE=Race		BONUS:STAT|INT|-4|TYPE=Race		BONUS:STAT|WIS|2|TYPE=Race	BONUS:STAT|CHA|-2|TYPE=Race

# Dolphin
Dolphin - Covert		CATEGORY:Internal	TYPE:Moreau Species Selection	BONUS:STAT|INT|2|TYPE=Race		BONUS:STAT|WIS|-2|TYPE=Race		
Dolphin - Moderate	CATEGORY:Internal	TYPE:Moreau Species Selection	BONUS:STAT|INT,STR|2|TYPE=Race	BONUS:STAT|INT,DEX|-2|TYPE=Race	
Dolphin - Overt		CATEGORY:Internal	TYPE:Moreau Species Selection	BONUS:STAT|INT|4|TYPE=Race		BONUS:STAT|WIS|-4|TYPE=Race		BONUS:STAT|STR|2|TYPE=Race	BONUS:STAT|DEX|-2|TYPE=Race		ABILITY:Special Ability|AUTOMATIC|Dolphin Moreau ~ Blindsight

# Feline
Feline - Covert		CATEGORY:Internal	TYPE:Moreau Species Selection	BONUS:STAT|CHA|2|TYPE=Race		BONUS:STAT|INT|-2|TYPE=Race		
Feline - Moderate		CATEGORY:Internal	TYPE:Moreau Species Selection	BONUS:STAT|CHA,DEX|2|TYPE=Race	BONUS:STAT|INT,CON|-2|TYPE=Race	
Feline - Overt		CATEGORY:Internal	TYPE:Moreau Species Selection	BONUS:STAT|CHA|4|TYPE=Race		BONUS:STAT|INT|-4|TYPE=Race		BONUS:STAT|DEX|2|TYPE=Race	BONUS:STAT|CON|-2|TYPE=Race		ABILITY:Special Ability|AUTOMATIC|Feline Moreau ~ Claws

# Rat
Rat - Covert		CATEGORY:Internal	TYPE:Moreau Species Selection	BONUS:STAT|DEX|2|TYPE=Race		BONUS:STAT|STR|-2|TYPE=Race		
Rat - Moderate		CATEGORY:Internal	TYPE:Moreau Species Selection	BONUS:STAT|DEX,INT|2|TYPE=Race	BONUS:STAT|STR,CHA|-2|TYPE=Race	
Rat - Overt			CATEGORY:Internal	TYPE:Moreau Species Selection	BONUS:STAT|DEX|4|TYPE=Race		BONUS:STAT|STR|-4|TYPE=Race		BONUS:STAT|INT|2|TYPE=Race	BONUS:STAT|CHA|-2|TYPE=Race

# Bat
Blindsight		KEY:Bat Moreau ~ Blindsight		CATEGORY:Special Ability	TYPE:Species Trait.Race Trait.SpecialQuality.Extraordinary.Vision	DESC:Bat moreaus have the blindsight ability out to a 120-foot range, but suffer light blindness.	VISION:Blindsight (120')
Light Sensitivity	KEY:Bat Moreau ~ Light Sensitivity	CATEGORY:Special Ability	TYPE:Species Trait.Race Trait.SpecialQuality.Extraordinary	DESC:Bat moreaus are blinded by sunlight, flashlights, fluorescent lights, halogen lamps, and other sources of bright illumination. They can counter the blindness and see normally by wering dark-tinted sunglasses or tinted visors, or they can rely on their blindsight ability.
# Bear
Claws			KEY:Bear Moreau ~ Claws			CATEGORY:Special Ability	TYPE:Species Trait.Race Trait.SpecialQuality.Extraordinary	DESC:Overt bear moreaus have pronounced, nonretractable claws that function as natural weapons. Each claw deals 1d6 points of slashing damage (plus the moreau's strength modifier) and threatens a critical hit on a natural 20.	NATURALATTACKS:Claw,Natural.Melee.Weapon,*2,1d6
Poor Vision		KEY:Bear Moreau ~ Poor Vision		CATEGORY:Special Ability	TYPE:Species Trait.Race Trait.SpecialQuality.Extraordinary	DESC:Bear moreaus have bad eyesight. They take a -2 penalty on Spot checks and take a -4 penalty on range attacks for each range increment (instead of the normal -2 penalty).
# Canine
Scent			KEY:Canine Moreau ~ Scent		CATEGORY:Special Ability	TYPE:Species Trait.Race Trait.SpecialQuality.Extraordinary	DESC:Canine moreaus can detect approaching enemies, sniff out hidden foes, and track by sense of smell. See Special Qualities for more information.
# Dolphin
Hold Breath		KEY:Dolphin Moreau ~ Hold Breath	CATEGORY:Special Ability	TYPE:Species Trait.Race Trait.SpecialQuality.Extraordinary	DESC:A dolphin moreau can remain submerged for a number of minutes equal to its Constitution score before needing to surface for air.
Blindsight		KEY:Dolphin Moreau ~ Blindsight	CATEGORY:Special Ability	TYPE:Species Trait.Race Trait.SpecialQuality.Extraordinary.Vision	DESC:Overt dolphin moreaus have blindsight with a range of 60 feet on land or water.	VISION:Blindsight (60')
# Feline
Claws			KEY:Feline Moreau ~ Claws		CATEGORY:Special Ability	TYPE:Species Trait.Race Trait.SpecialQuality.Extraordinary	DESC:Overt feline moreaus have retractable clasws that function as natural weapons. Each claw deals 1d4 points of slashing damage (plus the moreau's Strength modifier) and threatens a critical hit on a natural 20.
