# CVS $Revision: $ $Author: $ -- Thu Jul 10 13:59:32 2014 -- reformated by prettylst.pl v1.51 (build 24365)


# Ability Category					Visible		Editable?		Change Pool?	Fractional values?	Category of Object		Type of Object				Display Location
ABILITYCATEGORY:Special Ability			VISIBLE:NO		EDITABLE:NO		EDITPOOL:NO		FRACTIONALPOOL:NO		CATEGORY:Special Ability
ABILITYCATEGORY:Power					VISIBLE:NO		EDITABLE:NO		EDITPOOL:NO		FRACTIONALPOOL:NO		CATEGORY:Power
ABILITYCATEGORY:Skill Training			VISIBLE:YES		EDITABLE:NO		EDITPOOL:NO		FRACTIONALPOOL:NO		CATEGORY:Skill Training
ABILITYCATEGORY:Special Ability			VISIBLE:NO		EDITABLE:NO		EDITPOOL:YES	FRACTIONALPOOL:NO		CATEGORY:Special Ability
ABILITYCATEGORY:Race Feature				VISIBLE:NO		EDITABLE:NO		EDITPOOL:NO		FRACTIONALPOOL:NO		CATEGORY:Race Feature

# Race Features
ABILITYCATEGORY:Human Racial Bonus Choice		VISIBLE:QUALIFY	EDITABLE:YES	EDITPOOL:NO		FRACTIONALPOOL:NO		CATEGORY:Internal			TYPE:HumanStatBonus			DISPLAYLOCATION:Race Feature
ABILITYCATEGORY:Dragonborn Race Feature		VISIBLE:QUALIFY	EDITABLE:YES	EDITPOOL:NO		FRACTIONALPOOL:NO		CATEGORY:Race Feature		TYPE:Dragonborn				DISPLAYLOCATION:Race Feature
ABILITYCATEGORY:Dwarven Race Feature		VISIBLE:QUALIFY	EDITABLE:YES	EDITPOOL:NO		FRACTIONALPOOL:NO		CATEGORY:Race Feature		TYPE:Dwarf					DISPLAYLOCATION:Race Feature
ABILITYCATEGORY:Eladrin Race Feature		VISIBLE:QUALIFY	EDITABLE:YES	EDITPOOL:NO		FRACTIONALPOOL:NO		CATEGORY:Race Feature		TYPE:Eladrin				DISPLAYLOCATION:Race Feature
ABILITYCATEGORY:Elven Race Feature			VISIBLE:QUALIFY	EDITABLE:YES	EDITPOOL:NO		FRACTIONALPOOL:NO		CATEGORY:Race Feature		TYPE:Elf					DISPLAYLOCATION:Race Feature
ABILITYCATEGORY:Half-Elf Race Feature		VISIBLE:QUALIFY	EDITABLE:YES	EDITPOOL:NO		FRACTIONALPOOL:NO		CATEGORY:Race Feature		TYPE:HalfElf				DISPLAYLOCATION:Race Feature
ABILITYCATEGORY:Halfling Race Feature		VISIBLE:QUALIFY	EDITABLE:YES	EDITPOOL:NO		FRACTIONALPOOL:NO		CATEGORY:Race Feature		TYPE:Halfling				DISPLAYLOCATION:Race Feature
ABILITYCATEGORY:Tiefling Race Feature		VISIBLE:QUALIFY	EDITABLE:YES	EDITPOOL:NO		FRACTIONALPOOL:NO		CATEGORY:Race Feature		TYPE:Tiefling				DISPLAYLOCATION:Race Feature

# Class Skill
ABILITYCATEGORY:Bonus Class Skills			VISIBLE:QUALIFY	EDITABLE:YES	EDITPOOL:NO		FRACTIONALPOOL:NO		CATEGORY:Skill Training		TYPE:Bonus					DISPLAYLOCATION:Skill Training
ABILITYCATEGORY:Cleric Class Skills			VISIBLE:QUALIFY	EDITABLE:YES	EDITPOOL:NO		FRACTIONALPOOL:NO		CATEGORY:Skill Training		TYPE:Cleric					DISPLAYLOCATION:Skill Training
ABILITYCATEGORY:Fighter Class Skills		VISIBLE:QUALIFY	EDITABLE:YES	EDITPOOL:NO		FRACTIONALPOOL:NO		CATEGORY:Skill Training		TYPE:Fighter				DISPLAYLOCATION:Skill Training
ABILITYCATEGORY:Paladin Class Skills		VISIBLE:QUALIFY	EDITABLE:YES	EDITPOOL:NO		FRACTIONALPOOL:NO		CATEGORY:Skill Training		TYPE:Paladin				DISPLAYLOCATION:Skill Training
ABILITYCATEGORY:Ranger Class Skills			VISIBLE:QUALIFY	EDITABLE:YES	EDITPOOL:NO		FRACTIONALPOOL:NO		CATEGORY:Skill Training		TYPE:Ranger					DISPLAYLOCATION:Skill Training
ABILITYCATEGORY:Rogue Class Skills			VISIBLE:QUALIFY	EDITABLE:YES	EDITPOOL:NO		FRACTIONALPOOL:NO		CATEGORY:Skill Training		TYPE:Rogue					DISPLAYLOCATION:Skill Training
ABILITYCATEGORY:Warlock Class Skills		VISIBLE:QUALIFY	EDITABLE:YES	EDITPOOL:NO		FRACTIONALPOOL:NO		CATEGORY:Skill Training		TYPE:Warlock				DISPLAYLOCATION:Skill Training
ABILITYCATEGORY:Warlord Class Skills		VISIBLE:QUALIFY	EDITABLE:YES	EDITPOOL:NO		FRACTIONALPOOL:NO		CATEGORY:Skill Training		TYPE:Warlord				DISPLAYLOCATION:Skill Training
ABILITYCATEGORY:Wizard Class Skills			VISIBLE:QUALIFY	EDITABLE:YES	EDITPOOL:NO		FRACTIONALPOOL:NO		CATEGORY:Skill Training		TYPE:Wizard					DISPLAYLOCATION:Skill Training

# Class Features
ABILITYCATEGORY:Cleric Class Feature		VISIBLE:QUALIFY	EDITABLE:YES	EDITPOOL:NO		FRACTIONALPOOL:NO		CATEGORY:Special Ability	TYPE:Cleric Class Feature		DISPLAYLOCATION:Class Features
ABILITYCATEGORY:Fighter Class Feature		VISIBLE:QUALIFY	EDITABLE:YES	EDITPOOL:NO		FRACTIONALPOOL:NO		CATEGORY:Special Ability	TYPE:Fighter Class Feature		DISPLAYLOCATION:Class Features
ABILITYCATEGORY:Paladin Class Feature		VISIBLE:QUALIFY	EDITABLE:YES	EDITPOOL:NO		FRACTIONALPOOL:NO		CATEGORY:Special Ability	TYPE:Paladin Class Feature		DISPLAYLOCATION:Class Features
ABILITYCATEGORY:Ranger Class Feature		VISIBLE:QUALIFY	EDITABLE:YES	EDITPOOL:NO		FRACTIONALPOOL:NO		CATEGORY:Special Ability	TYPE:Ranger Class Feature		DISPLAYLOCATION:Class Features
ABILITYCATEGORY:Rogue Class Feature			VISIBLE:QUALIFY	EDITABLE:YES	EDITPOOL:NO		FRACTIONALPOOL:NO		CATEGORY:Special Ability	TYPE:Rogue Class Feature			DISPLAYLOCATION:Class Features
ABILITYCATEGORY:Warlock Class Feature		VISIBLE:QUALIFY	EDITABLE:YES	EDITPOOL:NO		FRACTIONALPOOL:NO		CATEGORY:Special Ability	TYPE:Warlock Class Feature		DISPLAYLOCATION:Class Features
ABILITYCATEGORY:Warlord Class Feature		VISIBLE:QUALIFY	EDITABLE:YES	EDITPOOL:NO		FRACTIONALPOOL:NO		CATEGORY:Special Ability	TYPE:Warlord Class Feature		DISPLAYLOCATION:Class Features
ABILITYCATEGORY:Wizard Class Feature		VISIBLE:QUALIFY	EDITABLE:YES	EDITPOOL:NO		FRACTIONALPOOL:NO		CATEGORY:Special Ability	TYPE:Wizard Class Feature		DISPLAYLOCATION:Class Features

# Class Misc
ABILITYCATEGORY:Fighter Weapon Talent		VISIBLE:QUALIFY	EDITABLE:YES	EDITPOOL:NO		FRACTIONALPOOL:NO		CATEGORY:Special Ability	TYPE:FighterWeaponTalent		DISPLAYLOCATION:Class Features
ABILITYCATEGORY:Ranger Fighting Style		VISIBLE:QUALIFY	EDITABLE:YES	EDITPOOL:NO		FRACTIONALPOOL:NO		CATEGORY:Special Ability	TYPE:RangerFightingStyle		DISPLAYLOCATION:Class Features
ABILITYCATEGORY:Rogue Tactics				VISIBLE:QUALIFY	EDITABLE:YES	EDITPOOL:NO		FRACTIONALPOOL:NO		CATEGORY:Special Ability	TYPE:RogueTactics				DISPLAYLOCATION:Class Features
ABILITYCATEGORY:Eldritch Pact				VISIBLE:QUALIFY	EDITABLE:YES	EDITPOOL:NO		FRACTIONALPOOL:NO		CATEGORY:Special Ability	TYPE:EldritchPact				DISPLAYLOCATION:Class Features
ABILITYCATEGORY:Commanding Presence			VISIBLE:QUALIFY	EDITABLE:YES	EDITPOOL:NO		FRACTIONALPOOL:NO		CATEGORY:Special Ability	TYPE:CommandingPresence			DISPLAYLOCATION:Class Features
ABILITYCATEGORY:Arcane Implement Mastery		VISIBLE:QUALIFY	EDITABLE:YES	EDITPOOL:NO		FRACTIONALPOOL:NO		CATEGORY:Special Ability	TYPE:ArcaneImplementMastery		DISPLAYLOCATION:Class Features

ABILITYCATEGORY:Paragon Path				VISIBLE:QUALIFY	EDITABLE:YES	EDITPOOL:NO		FRACTIONALPOOL:NO		CATEGORY:Special Ability	TYPE:ParagonPath				DISPLAYLOCATION:Class Features
ABILITYCATEGORY:Epic Destiny				VISIBLE:QUALIFY	EDITABLE:YES	EDITPOOL:NO		FRACTIONALPOOL:NO		CATEGORY:Special Ability	TYPE:EpicDestiny				DISPLAYLOCATION:Class Features
ABILITYCATEGORY:Epic Destiny Feature		VISIBLE:QUALIFY	EDITABLE:YES	EDITPOOL:NO		FRACTIONALPOOL:NO		CATEGORY:Special Ability	TYPE:EpicDestinyFeature			DISPLAYLOCATION:Class Features

# Bonus Rituals
ABILITYCATEGORY:Bonus Rituals 1			VISIBLE:QUALIFY	EDITABLE:YES	EDITPOOL:NO		FRACTIONALPOOL:NO		CATEGORY:Special Ability	TYPE:BonusRituals1			DISPLAYLOCATION:Class Features
ABILITYCATEGORY:Bonus Rituals 5			VISIBLE:QUALIFY	EDITABLE:YES	EDITPOOL:NO		FRACTIONALPOOL:NO		CATEGORY:Special Ability	TYPE:BonusRituals5			DISPLAYLOCATION:Class Features
ABILITYCATEGORY:Bonus Rituals 11			VISIBLE:QUALIFY	EDITABLE:YES	EDITPOOL:NO		FRACTIONALPOOL:NO		CATEGORY:Special Ability	TYPE:BonusRituals11			DISPLAYLOCATION:Class Features
ABILITYCATEGORY:Bonus Rituals 15			VISIBLE:QUALIFY	EDITABLE:YES	EDITPOOL:NO		FRACTIONALPOOL:NO		CATEGORY:Special Ability	TYPE:BonusRituals15			DISPLAYLOCATION:Class Features
ABILITYCATEGORY:Bonus Rituals 21			VISIBLE:QUALIFY	EDITABLE:YES	EDITPOOL:NO		FRACTIONALPOOL:NO		CATEGORY:Special Ability	TYPE:BonusRituals21			DISPLAYLOCATION:Class Features
ABILITYCATEGORY:Bonus Rituals 25			VISIBLE:QUALIFY	EDITABLE:YES	EDITPOOL:NO		FRACTIONALPOOL:NO		CATEGORY:Special Ability	TYPE:BonusRituals26			DISPLAYLOCATION:Class Features

# Powers
ABILITYCATEGORY:Racial					VISIBLE:QUALIFY	EDITABLE:YES	EDITPOOL:NO		FRACTIONALPOOL:NO		CATEGORY:Power			TYPE:Racial					DISPLAYLOCATION:Powers
ABILITYCATEGORY:Channel Divinity			VISIBLE:QUALIFY	EDITABLE:YES	EDITPOOL:NO		FRACTIONALPOOL:NO		CATEGORY:Power			TYPE:Channel Divinity			DISPLAYLOCATION:Powers
ABILITYCATEGORY:Dragonborn Dragon Breath Damage	VISIBLE:QUALIFY	EDITABLE:YES	EDITPOOL:NO		FRACTIONALPOOL:NO		CATEGORY:Internal			TYPE:DragonbornBreathWeaponDamage	DISPLAYLOCATION:Powers
ABILITYCATEGORY:Dragonborn Dragon Breath Attack	VISIBLE:QUALIFY	EDITABLE:YES	EDITPOOL:NO		FRACTIONALPOOL:NO		CATEGORY:Internal			TYPE:DragonbornBreathWeaponAttack	DISPLAYLOCATION:Powers



#ABILITYCATEGORY:At-Will Abilities		VISIBLE:QUALIFY	EDITABLE:YES		EDITPOOL:NO		FRACTIONALPOOL:NO		CATEGORY:Power			TYPE:At-Will		DISPLAYLOCATION:Powers
#ABILITYCATEGORY:Encounter Abilities		VISIBLE:QUALIFY	EDITABLE:YES		EDITPOOL:NO		FRACTIONALPOOL:NO		CATEGORY:Power			TYPE:Encounter		DISPLAYLOCATION:Powers
#ABILITYCATEGORY:Daily Abilities		VISIBLE:QUALIFY	EDITABLE:YES		EDITPOOL:NO		FRACTIONALPOOL:NO		CATEGORY:Power			TYPE:Daily		DISPLAYLOCATION:Powers
#ABILITYCATEGORY:Utility Abilities		VISIBLE:QUALIFY	EDITABLE:YES		EDITPOOL:NO		FRACTIONALPOOL:NO		CATEGORY:Power			TYPE:Utility		DISPLAYLOCATION:Powers

ABILITYCATEGORY:At-Will Power				VISIBLE:QUALIFY	EDITABLE:YES	EDITPOOL:NO		FRACTIONALPOOL:NO		CATEGORY:Power			TYPE:At-Will Power			DISPLAYLOCATION:Powers
ABILITYCATEGORY:Encounter Power			VISIBLE:QUALIFY	EDITABLE:YES	EDITPOOL:NO		FRACTIONALPOOL:NO		CATEGORY:Power			TYPE:Encounter Power			DISPLAYLOCATION:Powers
ABILITYCATEGORY:Daily Power				VISIBLE:QUALIFY	EDITABLE:YES	EDITPOOL:NO		FRACTIONALPOOL:NO		CATEGORY:Power			TYPE:Daily Power				DISPLAYLOCATION:Powers
ABILITYCATEGORY:Utility Power				VISIBLE:QUALIFY	EDITABLE:YES	EDITPOOL:NO		FRACTIONALPOOL:NO		CATEGORY:Power			TYPE:Utility Power			DISPLAYLOCATION:Powers

ABILITYCATEGORY:Encounter Power Switch		VISIBLE:QUALIFY	EDITABLE:YES	EDITPOOL:NO		FRACTIONALPOOL:NO		CATEGORY:Power			TYPE:EncounterSwitch			DISPLAYLOCATION:Powers
ABILITYCATEGORY:Daily Power Switch			VISIBLE:QUALIFY	EDITABLE:YES	EDITPOOL:NO		FRACTIONALPOOL:NO		CATEGORY:Power			TYPE:DailySwitch				DISPLAYLOCATION:Powers
ABILITYCATEGORY:Utility Power Switch		VISIBLE:QUALIFY	EDITABLE:YES	EDITPOOL:NO		FRACTIONALPOOL:NO		CATEGORY:Power			TYPE:UtilitySwitch			DISPLAYLOCATION:Powers


### I've laid these categories out based upon the Multi-classing discussion posted.  As Tir mentioned,
### this is a lot of categories, and is actually doesn't match the way the powers are gained.
### For example, at level 7 you get an Encounter power.  But it doesn't have to be a level 7 power.  You
### can take a level 1 or level 3 power if you prefer.
###
### So, these categories likely need to change.  Not sure where to go with this yet since so few of these
### 4e issues are being discussed in the forums (at least I'm not seeing them).
###
### One of the big issues that I've run into is how all these powers are displayed in the
### "Feats & Abilities" tab.  The way I have my categories declared seems to lead to nearly always
### having more abilities displayed than necessary.  Maybe there is a way to use the TYPEs to
### get better breakdowns.  Generally, I have to select the Class I want, then one of the categories
### below.  This mostly works.  I would like to be able to select "At-Will Level 1", and have only
### those powers I'm qualified for show up.  Instead, I see a red entry for all of the powers I'm
### not qualified for in addition to the black entries for those that I am qualified for.  This is
### where a VISIBLE:QUALIFIED would be useful.  I think if we went to just the At-Will/Encounter/Daily/Utility
### breakdown of categories, the VISIBLE:QUALIFIED would also be useful for trimming the list of
### displayed Encounter powers, for example, to those of the character level or lower...making the
### selection process easier.
###
### Implementing things as described in the MC post (and below) also forces you to replace a level 1
### Encounter power with a Level 13 Encounter power, which doesn't match the PHB.
###
### The multi-classing feats for replacing powers are a lot trickier because you have to replace the
### power slot you're sacrificing from your main class with a power from the same level (or lower)
### from the class you're MCing into.  For these we will likely need categories similar to those below
### even if we have the basic 4 (At-Will/Encounter/Daily/Utility) for the "main" class.
###
### I will continue to experiment with these category types.  If/when I get something I'll let you know.
### (If y'all have already conquered this particular beastie, PLEASE fill me in.  This looks like it's
###  going to be painful.)
###

ABILITYCATEGORY:At-Will Level 1			VISIBLE:QUALIFY	EDITABLE:YES	EDITPOOL:NO		FRACTIONALPOOL:NO		CATEGORY:Power			TYPE:At-Will Level 1			DISPLAYLOCATION:Powers
ABILITYCATEGORY:Encounter Level 1			VISIBLE:QUALIFY	EDITABLE:YES	EDITPOOL:NO		FRACTIONALPOOL:NO		CATEGORY:Power			TYPE:Encounter Level 1			DISPLAYLOCATION:Powers
ABILITYCATEGORY:Encounter Level 3			VISIBLE:QUALIFY	EDITABLE:YES	EDITPOOL:NO		FRACTIONALPOOL:NO		CATEGORY:Power			TYPE:Encounter Level 3			DISPLAYLOCATION:Powers
ABILITYCATEGORY:Encounter Level 7			VISIBLE:QUALIFY	EDITABLE:YES	EDITPOOL:NO		FRACTIONALPOOL:NO		CATEGORY:Power			TYPE:Encounter Level 7			DISPLAYLOCATION:Powers
ABILITYCATEGORY:Encounter Level 13			VISIBLE:QUALIFY	EDITABLE:YES	EDITPOOL:NO		FRACTIONALPOOL:NO		CATEGORY:Power			TYPE:Encounter Level 13			DISPLAYLOCATION:Powers
ABILITYCATEGORY:Encounter Level 17			VISIBLE:QUALIFY	EDITABLE:YES	EDITPOOL:NO		FRACTIONALPOOL:NO		CATEGORY:Power			TYPE:Encounter Level 17			DISPLAYLOCATION:Powers
ABILITYCATEGORY:Encounter Level 23			VISIBLE:QUALIFY	EDITABLE:YES	EDITPOOL:NO		FRACTIONALPOOL:NO		CATEGORY:Power			TYPE:Encounter Level 23			DISPLAYLOCATION:Powers
ABILITYCATEGORY:Encounter Level 27			VISIBLE:QUALIFY	EDITABLE:YES	EDITPOOL:NO		FRACTIONALPOOL:NO		CATEGORY:Power			TYPE:Encounter Level 27			DISPLAYLOCATION:Powers
ABILITYCATEGORY:Daily Level 1				VISIBLE:QUALIFY	EDITABLE:YES	EDITPOOL:NO		FRACTIONALPOOL:NO		CATEGORY:Power			TYPE:Daily Level 1			DISPLAYLOCATION:Powers
ABILITYCATEGORY:Daily Level 5				VISIBLE:QUALIFY	EDITABLE:YES	EDITPOOL:NO		FRACTIONALPOOL:NO		CATEGORY:Power			TYPE:Daily Level 5			DISPLAYLOCATION:Powers
ABILITYCATEGORY:Daily Level 9				VISIBLE:QUALIFY	EDITABLE:YES	EDITPOOL:NO		FRACTIONALPOOL:NO		CATEGORY:Power			TYPE:Daily Level 9			DISPLAYLOCATION:Powers
ABILITYCATEGORY:Daily Level 15			VISIBLE:QUALIFY	EDITABLE:YES	EDITPOOL:NO		FRACTIONALPOOL:NO		CATEGORY:Power			TYPE:Daily Level 15			DISPLAYLOCATION:Powers
ABILITYCATEGORY:Daily Level 19			VISIBLE:QUALIFY	EDITABLE:YES	EDITPOOL:NO		FRACTIONALPOOL:NO		CATEGORY:Power			TYPE:Daily Level 19			DISPLAYLOCATION:Powers
ABILITYCATEGORY:Daily Level 25			VISIBLE:QUALIFY	EDITABLE:YES	EDITPOOL:NO		FRACTIONALPOOL:NO		CATEGORY:Power			TYPE:Daily Level 25			DISPLAYLOCATION:Powers
ABILITYCATEGORY:Daily Level 29			VISIBLE:QUALIFY	EDITABLE:YES	EDITPOOL:NO		FRACTIONALPOOL:NO		CATEGORY:Power			TYPE:Daily Level 29			DISPLAYLOCATION:Powers
ABILITYCATEGORY:Utility Level 2			VISIBLE:QUALIFY	EDITABLE:YES	EDITPOOL:NO		FRACTIONALPOOL:NO		CATEGORY:Power			TYPE:Utility Level 2			DISPLAYLOCATION:Powers
ABILITYCATEGORY:Utility Level 6			VISIBLE:QUALIFY	EDITABLE:YES	EDITPOOL:NO		FRACTIONALPOOL:NO		CATEGORY:Power			TYPE:Utility Level 6			DISPLAYLOCATION:Powers
ABILITYCATEGORY:Utility Level 10			VISIBLE:QUALIFY	EDITABLE:YES	EDITPOOL:NO		FRACTIONALPOOL:NO		CATEGORY:Power			TYPE:Utility Level 10			DISPLAYLOCATION:Powers
ABILITYCATEGORY:Utility Level 16			VISIBLE:QUALIFY	EDITABLE:YES	EDITPOOL:NO		FRACTIONALPOOL:NO		CATEGORY:Power			TYPE:Utility Level 16			DISPLAYLOCATION:Powers
ABILITYCATEGORY:Utility Level 22			VISIBLE:QUALIFY	EDITABLE:YES	EDITPOOL:NO		FRACTIONALPOOL:NO		CATEGORY:Power			TYPE:Utility Level 22			DISPLAYLOCATION:Powers
ABILITYCATEGORY:Paragon Encounter			VISIBLE:QUALIFY	EDITABLE:YES	EDITPOOL:NO		FRACTIONALPOOL:NO		CATEGORY:Power			TYPE:Paragon Encounter			DISPLAYLOCATION:Powers
ABILITYCATEGORY:Paragon Utility			VISIBLE:QUALIFY	EDITABLE:YES	EDITPOOL:NO		FRACTIONALPOOL:NO		CATEGORY:Power			TYPE:Paragon Utility			DISPLAYLOCATION:Powers
ABILITYCATEGORY:Paragon Daily				VISIBLE:QUALIFY	EDITABLE:YES	EDITPOOL:NO		FRACTIONALPOOL:NO		CATEGORY:Power			TYPE:Paragon Daily			DISPLAYLOCATION:Powers
ABILITYCATEGORY:Epic Utility				VISIBLE:QUALIFY	EDITABLE:YES	EDITPOOL:NO		FRACTIONALPOOL:NO		CATEGORY:Power			TYPE:Epic Utility				DISPLAYLOCATION:Powers

#
# End
#
