# CVS $Revision: $ $Author: $ -- Thu Jul 10 13:59:32 2014 -- reformated by prettylst.pl v1.51 (build 24365)

# Ability Category						Visible		Editable?		Change Pool?	Category of Object		Type of Object				Specific choices list					Display Location
ABILITYCATEGORY:Contemplative Class Feature		VISIBLE:QUALIFY	EDITABLE:YES	EDITPOOL:NO		CATEGORY:Special Ability	TYPE:Contemplative Class Feature									DISPLAYLOCATION:Class Features
ABILITYCATEGORY:Divine Oracle Class Feature		VISIBLE:QUALIFY	EDITABLE:YES	EDITPOOL:NO		CATEGORY:Special Ability	TYPE:Divine Oracle Class Feature									DISPLAYLOCATION:Class Features

ABILITYCATEGORY:Favored Soul Class Feature		VISIBLE:QUALIFY	EDITABLE:YES	EDITPOOL:NO		CATEGORY:Special Ability	TYPE:Favored Soul Class Feature									DISPLAYLOCATION:Class Features
ABILITYCATEGORY:Favored Soul Resistance			VISIBLE:QUALIFY	EDITABLE:YES	EDITPOOL:NO		CATEGORY:Special Ability	TYPE:Favored SoulResistanceType									DISPLAYLOCATION:Class Features
ABILITYCATEGORY:Shugenja Class Feature			VISIBLE:QUALIFY	EDITABLE:YES	EDITPOOL:NO		CATEGORY:Special Ability	TYPE:Shugenja Class Feature										DISPLAYLOCATION:Class Features
ABILITYCATEGORY:Spirit Shaman Class Feature		VISIBLE:QUALIFY	EDITABLE:YES	EDITPOOL:NO		CATEGORY:Special Ability	TYPE:Spirit Shaman Class Feature									DISPLAYLOCATION:Class Features
ABILITYCATEGORY:Pious Templar Class Feature		VISIBLE:QUALIFY	EDITABLE:YES	EDITPOOL:NO		CATEGORY:Special Ability	TYPE:Pious Templar Class Feature									DISPLAYLOCATION:Class Features

ABILITYCATEGORY:Pious Templar Weapon Specialization	VISIBLE:QUALIFY	EDITABLE:YES	EDITPOOL:NO		CATEGORY:Special Ability							ABILITYLIST:Pious Templar Weapon Specialization	DISPLAYLOCATION:Class Features

ABILITYCATEGORY:Sacred Fist Class Feature		VISIBLE:QUALIFY	EDITABLE:YES	EDITPOOL:NO		CATEGORY:Special Ability	TYPE:Sacred Fist Class Feature									DISPLAYLOCATION:Class Features

ABILITYCATEGORY:Black Flame Zealot Class Feature		VISIBLE:QUALIFY	EDITABLE:YES	EDITPOOL:NO		CATEGORY:Special Ability	TYPE:Black Flame Zealot Class Feature									DISPLAYLOCATION:Class Features
ABILITYCATEGORY:Blighter Class Feature		VISIBLE:QUALIFY	EDITABLE:YES	EDITPOOL:NO		CATEGORY:Special Ability	TYPE:Blighter Class Feature									DISPLAYLOCATION:Class Features
ABILITYCATEGORY:Church Inquisitor Class Feature		VISIBLE:QUALIFY	EDITABLE:YES	EDITPOOL:NO		CATEGORY:Special Ability	TYPE:Church Inquisitor Class Feature									DISPLAYLOCATION:Class Features
ABILITYCATEGORY:Consecrated Harrier Class Feature		VISIBLE:QUALIFY	EDITABLE:YES	EDITPOOL:NO		CATEGORY:Special Ability	TYPE:Consecrated Harrier Class Feature									DISPLAYLOCATION:Class Features
ABILITYCATEGORY:Divine Crusader Class Feature		VISIBLE:QUALIFY	EDITABLE:YES	EDITPOOL:NO		CATEGORY:Special Ability	TYPE:Divine Crusader Class Feature									DISPLAYLOCATION:Class Features
ABILITYCATEGORY:Entropomancer Class Feature		VISIBLE:QUALIFY	EDITABLE:YES	EDITPOOL:NO		CATEGORY:Special Ability	TYPE:Entropomancer Class Feature									DISPLAYLOCATION:Class Features
ABILITYCATEGORY:Evangelist Class Feature		VISIBLE:QUALIFY	EDITABLE:YES	EDITPOOL:NO		CATEGORY:Special Ability	TYPE:Evangelist Class Feature									DISPLAYLOCATION:Class Features
ABILITYCATEGORY:Geomancer Class Feature		VISIBLE:QUALIFY	EDITABLE:YES	EDITPOOL:NO		CATEGORY:Special Ability	TYPE:Geomancer Class Feature									DISPLAYLOCATION:Class Features
ABILITYCATEGORY:Holy Liberator Class Feature		VISIBLE:QUALIFY	EDITABLE:YES	EDITPOOL:NO		CATEGORY:Special Ability	TYPE:Holy Liberator Class Feature									DISPLAYLOCATION:Class Features
ABILITYCATEGORY:Hospitaler Class Feature		VISIBLE:QUALIFY	EDITABLE:YES	EDITPOOL:NO		CATEGORY:Special Ability	TYPE:Hospitaler Class Feature									DISPLAYLOCATION:Class Features
ABILITYCATEGORY:Pious Templar Class Feature		VISIBLE:QUALIFY	EDITABLE:YES	EDITPOOL:NO		CATEGORY:Special Ability	TYPE:Pious Templar Class Feature									DISPLAYLOCATION:Class Features
ABILITYCATEGORY:Radiant Servant Of Pelor Class Feature		VISIBLE:QUALIFY	EDITABLE:YES	EDITPOOL:NO		CATEGORY:Special Ability	TYPE:Radiant Servant Of Pelor Class Feature									DISPLAYLOCATION:Class Features
ABILITYCATEGORY:Rainbow Servant Class Feature		VISIBLE:QUALIFY	EDITABLE:YES	EDITPOOL:NO		CATEGORY:Special Ability	TYPE:Rainbow Servant Class Feature									DISPLAYLOCATION:Class Features
ABILITYCATEGORY:Sacred Exorcist Class Feature		VISIBLE:QUALIFY	EDITABLE:YES	EDITPOOL:NO		CATEGORY:Special Ability	TYPE:Sacred Exorcist Class Feature									DISPLAYLOCATION:Class Features
ABILITYCATEGORY:Seeker Of The Misty Isle Class Feature		VISIBLE:QUALIFY	EDITABLE:YES	EDITPOOL:NO		CATEGORY:Special Ability	TYPE:Seeker Of The Misty Isle Class Feature									DISPLAYLOCATION:Class Features
ABILITYCATEGORY:Shining Blade Of Heironeous Class Feature		VISIBLE:QUALIFY	EDITABLE:YES	EDITPOOL:NO		CATEGORY:Special Ability	TYPE:Shining Blade Of Heironeous Class Feature									DISPLAYLOCATION:Class Features
ABILITYCATEGORY:Stormlord Class Feature		VISIBLE:QUALIFY	EDITABLE:YES	EDITPOOL:NO		CATEGORY:Special Ability	TYPE:Stormlord Class Feature									DISPLAYLOCATION:Class Features
ABILITYCATEGORY:Temple Raider Of Olidammara Class Feature		VISIBLE:QUALIFY	EDITABLE:YES	EDITPOOL:NO		CATEGORY:Special Ability	TYPE:Temple Raider Of Olidammara Class Feature									DISPLAYLOCATION:Class Features
ABILITYCATEGORY:Ur-Priest Class Feature		VISIBLE:QUALIFY	EDITABLE:YES	EDITPOOL:NO		CATEGORY:Special Ability	TYPE:Ur-Priest Class Feature									DISPLAYLOCATION:Class Features
ABILITYCATEGORY:Void Disciple Class Feature		VISIBLE:QUALIFY	EDITABLE:YES	EDITPOOL:NO		CATEGORY:Special Ability	TYPE:Void Disciple Class Feature									DISPLAYLOCATION:Class Features
ABILITYCATEGORY:Warpriest Class Feature		VISIBLE:QUALIFY	EDITABLE:YES	EDITPOOL:NO		CATEGORY:Special Ability	TYPE:Warpriest Class Feature									DISPLAYLOCATION:Class Features

ABILITYCATEGORY:Drift		POOL:POOL_Drift			VISIBLE:QUALIFY	EDITABLE:YES	EDITPOOL:NO		CATEGORY:Special Ability	TYPE:Drift									DISPLAYLOCATION:Class Features

ABILITYCATEGORY:Grant Cleric Spells To?					VISIBLE:QUALIFY	EDITABLE:YES	EDITPOOL:NO		CATEGORY:Internal	TYPE:Grant Cleric Spells									DISPLAYLOCATION:Class Features

