# Sat Jan 31 17:10:20 2026 -- reformated by PCGen PrettyLST v6.08.00



# Race
# Equipment Name				Unique Key										Type										Number of Pages	Page Usage				Cost		Weight	AC Penalty Check	Modifier		Maximum DEX Bonus	Source Page		% of Spell Failure	Combat bonus							Quality and value												Description
#Warforged Composite Plating													TYPE:Suit.Standard															COST:0	WT:0					EQMOD:FRT_LGHT							SPELLFAILURE:5		BONUS:COMBAT|AC|2|TYPE=Armor|PRERACE:1,Warforged
#Warforged Mithral Plating													TYPE:Armor.Light.ArmorProfLight.ArmorType_Light.Suit.Standard													COST:0	WT:0		ACCHECK:-2		EQMOD:FRT_LGHT	MAXDEX:5					SPELLFAILURE:15		BONUS:COMBAT|AC|5|TYPE=Armor|PRERACE:1,Warforged															DESC:Granted by Mithral Body Feat
# Equipment Name				Unique Key										Required Armor Proficiency		Type										Number of Pages	Page Usage				Cost		Weight	Required Race		Define			AC Penalty Check	Modifier			Maximum DEX Bonus	Source Page		% of Spell Failure	Combat bonus						Quality and value
Warforged Body															PROFICIENCY:ARMOR|Warforged Body	TYPE:WarforgedArmor.Armor														COST:0			PRERACE:1,Warforged	DEFINE:WarforgedAC|0	ACCHECK:0		EQMOD:Warforged Body	MAXDEX:8					SPELLFAILURE:5		BONUS:COMBAT|AC|max(2,WarforgedAC)|TYPE=Armor

#268
Armblade					KEY:Warforged Attached ~ Armblade												TYPE:Magic.WarforgedComponent.WarforgedAttached											COST:2300	WT:8
Armbow					KEY:Warforged Attached ~ Armbow												TYPE:Magic.WarforgedComponent.WarforgedAttached											COST:20000	WT:12
Battlefist					KEY:Warforged Attached ~ Battlefist												TYPE:Magic.WarforgedComponent.WarforgedAttached											COST:2600	WT:6
#267
Disk of Energy Resistance (Minor)	KEY:Warforged Embedded ~ Disk of Energy Resistance (Minor)								TYPE:Magic.WarforgedComponent.WarforgedEmbedded.Amulet									COST:12000	WT:0
Disk of Energy Resistance (Major)	KEY:Warforged Embedded ~ Disk of Energy Resistance (Major)								TYPE:Magic.WarforgedComponent.WarforgedEmbedded.Amulet									COST:28000	WT:0
Disk of Energy Resistance (Greater)	KEY:Warforged Embedded ~ Disk of Energy Resistance (Greater)							TYPE:Magic.WarforgedComponent.WarforgedEmbedded.Amulet									COST:44000	WT:0


# Magic Items

Aureon's Spellshard																				TYPE:Wand.SpellBook							NUMPAGES:500	PAGEUSAGE:max(SPELLLEVEL,1)	COST:6250	WT:0.5																			SOURCEPAGE:p.265
Eternal Wand (0th level)																			TYPE:Wand.Magic																COST:460																					SOURCEPAGE:p.265
Eternal Wand (1st level)																			TYPE:Wand.Magic																COST:820																					SOURCEPAGE:p.265
Eternal Wand (2nd Level)																			TYPE:Wand.Magic																COST:4420																					SOURCEPAGE:p.265
Eternal Wand (3rd Level)																			TYPE:Wand.Magic																COST:10900																					SOURCEPAGE:p.265
Everbright Lantern																				TYPE:Goods.General.LightSource													COST:212	WT:3																				SOURCEPAGE:p.265													QUALITY:Bright Illumination|60 ft. cone	QUALITY:Shadowy Illumination|120 ft. cone
Scrying Shard																					TYPE:Magic																	COST:1100	WT:1																				SOURCEPAGE:p.265
