

CLASS:Artificer	SOURCEPAGE:p.29	HD:6	TYPE:Base.PC	BONUS:CHECKS|BASE.Fortitude,BASE.Reflex|CL/3	BONUS:CHECKS|BASE.Will|(CL/2)+2	BONUS:COMBAT|BAB|CL*3/4|PREVAREQ:UseFractionalBAB,0	BONUS:VAR|ClassBABModerate|CL|PREVAREQ:UseFractionalBAB,1	
CLASS:Artificer	SPELLTYPE:Infusion	SPELLSTAT:INT

1	Artificer knowledge, artisan bonus, disable trap, item creation, Scribe Scroll
	DEFINE:CraftPointReserve|0	BONUS:VAR|CraftPointReserve|20|TYPE=Base					

2	Brew Potion							BONUS:VAR|CraftPointReserve|40|TYPE=Base	
3	Craft Wondrous Item					BONUS:VAR|CraftPointReserve|60|TYPE=Base
4	Craft homunculus, bonus feat				BONUS:VAR|CraftPointReserve|80|TYPE=Base
5	Craft Magic Arms and Armor, retain essence	BONUS:VAR|CraftPointReserve|100|TYPE=Base
6	Metamagic spell trigger					BONUS:VAR|CraftPointReserve|150|TYPE=Base
7	Craft Wand							BONUS:VAR|CraftPointReserve|200|TYPE=Base
8	Bonus feat							BONUS:VAR|CraftPointReserve|250|TYPE=Base
9	Craft Rod							BONUS:VAR|CraftPointReserve|300|TYPE=Base
10									BONUS:VAR|CraftPointReserve|400|TYPE=Base
11	Metamagic spell completion				BONUS:VAR|CraftPointReserve|500|TYPE=Base
12	Craft Staff, bonus feat					BONUS:VAR|CraftPointReserve|700|TYPE=Base
13	Skill mastery						BONUS:VAR|CraftPointReserve|900|TYPE=Base
14	Forge Ring							BONUS:VAR|CraftPointReserve|1200|TYPE=Base
15									BONUS:VAR|CraftPointReserve|1500|TYPE=Base
16	Bonus feat							BONUS:VAR|CraftPointReserve|2000|TYPE=Base
17									BONUS:VAR|CraftPointReserve|2500|TYPE=Base
18									BONUS:VAR|CraftPointReserve|3000|TYPE=Base
19									BONUS:VAR|CraftPointReserve|4000|TYPE=Base
20	Bonus feat							BONUS:VAR|CraftPointReserve|5000|TYPE=Base
###Block:
4	BONUS:VAR|ArtificerBonusFeat|CL/4

###Block:
1	CAST:0,2
2	CAST:0,3
3	CAST:0,3,1
4	CAST:0,3,2
5	CAST:0,3,3,1
6	CAST:0,3,3,2
7	CAST:0,3,3,2
8	CAST:0,3,3,3,1
9	CAST:0,3,3,3,2
10	CAST:0,3,3,3,2
11	CAST:0,3,3,3,2,1
12	CAST:0,3,3,3,2,2
13	CAST:0,3,3,3,3,2
14	CAST:0,4,3,3,3,3,1
15	CAST:0,4,4,3,3,3,2
16	CAST:0,4,4,4,3,3,2
17	CAST:0,4,4,4,4,3,3
18	CAST:0,4,4,4,4,4,3
19	CAST:0,4,4,4,4,4,4
20	CAST:0,4,4,4,4,4,4
