
Church of the Silver Flame			SORTKEY:Eberron 1					PANTHEON:Eberron					ALIGN:LG	DOMAINS:Exorcism,Good,Law,Protection
#
The Sovereign Host				SORTKEY:Eberron 2 The Sovereign Host1	PANTHEON:Eberron|The Sovereign Host	DOMAINS:Air,Animal,Artifice,Chaos,Charm,Commerce,Community,Earth,Feast,Fire,Good,Healing,Knowledge,Law,Life,Luck,Magic,Plant,Protection,Strength,Sun,Travel,War,Weather
Arawai, God of Agriculture			SORTKEY:Eberron 2 The Sovereign Host2	PANTHEON:Eberron|The Sovereign Host	KEY:Arawai		ALIGN:NG	DOMAINS:Good,Life,Plant,Weather
Aureon, God of Law and Knowledge		SORTKEY:Eberron 2 The Sovereign Host2	PANTHEON:Eberron|The Sovereign Host	KEY:Aureon		ALIGN:LN	DOMAINS:Knowledge,Law,Magic
Balinor, God of Beasts and the Hunt		SORTKEY:Eberron 2 The Sovereign Host2	PANTHEON:Eberron|The Sovereign Host	KEY:Balinor		ALIGN:TN	DOMAINS:Air,Animal,Earth
Boldrei, God of Community and Hearth	SORTKEY:Eberron 2 The Sovereign Host2	PANTHEON:Eberron|The Sovereign Host	KEY:Boldrei		ALIGN:LG	DOMAINS:Community,Good,Law,Protection
Dol Arrah, God of Honor and Sacrifice	SORTKEY:Eberron 2 The Sovereign Host2	PANTHEON:Eberron|The Sovereign Host	KEY:Dol Arrah	ALIGN:LG	DOMAINS:Good,Law,Sun,War
Dol Dorn, God of Strength at Arms		SORTKEY:Eberron 2 The Sovereign Host2	PANTHEON:Eberron|The Sovereign Host	KEY:Dol Dorn	ALIGN:CG	DOMAINS:Chaos,Good,Strength,War
Kol Korran, God of Trade and Wealth		SORTKEY:Eberron 2 The Sovereign Host2	PANTHEON:Eberron|The Sovereign Host	KEY:Kol Korran	ALIGN:TN	DOMAINS:Charm,Commerce,Travel
Olladra, God of Feast and Good Fortune	SORTKEY:Eberron 2 The Sovereign Host2	PANTHEON:Eberron|The Sovereign Host	KEY:Olladra		ALIGN:NG	DOMAINS:Feast,Good,Healing,Luck
Onatar, God of Artifice and the Forge	SORTKEY:Eberron 2 The Sovereign Host2	PANTHEON:Eberron|The Sovereign Host	KEY:Onatar		ALIGN:NG	DOMAINS:Artifice,Fire,Good
#
The Dark Six					SORTKEY:Eberron 3 The Dark Six		PANTHEON:Eberron|The Dark Six		DOMAINS:Artifice,Chaos,Death,Decay,Destruction,Evil,Madness,Magic,Passion,Shadow,Travel,Trickery,War,Water,Weather
The Devourer				SORTKEY:Eberron 3 The Dark Six		PANTHEON:Eberron|The Dark Six	ALIGN:NE	DOMAINS:Destruction,Evil,Water,Weather
The Fury					SORTKEY:Eberron 3 The Dark Six		PANTHEON:Eberron|The Dark Six	ALIGN:NE	DOMAINS:Evil,Madness,Passion
The Keeper					SORTKEY:Eberron 3 The Dark Six		PANTHEON:Eberron|The Dark Six	ALIGN:NE	DOMAINS:Death,Decay,Evil
The Mockery					SORTKEY:Eberron 3 The Dark Six		PANTHEON:Eberron|The Dark Six	ALIGN:NE	DOMAINS:Destruction,Evil,Trickery,War
The Shadow					SORTKEY:Eberron 3 The Dark Six		PANTHEON:Eberron|The Dark Six	ALIGN:CE	DOMAINS:Chaos,Evil,Magic,Shadow
The Traveler				SORTKEY:Eberron 3 The Dark Six		PANTHEON:Eberron|The Dark Six	ALIGN:CN	DOMAINS:Artifice,Chaos,Travel,Trickery
#
The Blood of Vol				SORTKEY:Eberron 4		PANTHEON:Eberron	ALIGN:LE		DOMAINS:Death,Evil,Law,Necromancer
The Cults of the Dragon Below		SORTKEY:Eberron 4		PANTHEON:Eberron	ALIGN:NE		DOMAINS:Dragon Below,Earth,Evil,Madness
The Path of Light				SORTKEY:Eberron 4		PANTHEON:Eberron	ALIGN:LN		DOMAINS:Law,Meditation,Protection
The Undying Court				SORTKEY:Eberron 4		PANTHEON:Eberron	ALIGN:NG		DOMAINS:Deathless,Good, rotection


