
#Dragonborn
#Dwarf
#Eladrin
#Elf
#Half-Elf
#Halfling
#Human
#Tiefling

AGESET:0|Adulthood
RACENAME:Dragonborn%	CLASS:Cleric.Fighter.Paladin.Ranger.Rogue.Warlock.Warlord.Wizard[BASEAGEADD:2d6]
RACENAME:Dragonborn%	SEX:Male[BASEHT:70|HTDIEROLL:2d4|BASEWT:219|WTDIEROLL:1d101|TOTALWT:BASEWT+(HTDIEROLL*WTDIEROLL)]Female[BASEHT:61|HTDIEROLL:2d4|BASEWT:115|WTDIEROLL:2d4|TOTALWT:BASEWT+(HTDIEROLL*WTDIEROLL)]
RACENAME:Dragonborn%	BASEAGE:15	MAXAGE:34	AGEDIEROLL:1d20	HAIR:Fair	EYES:White	SKINTONE:Pale Gray

RACENAME:Kalashtar%	CLASS:Barbarian,Rogue,Sorcerer,Wilder[BASEAGEADD:2d6]|Bard,Fighter,Paladin,Psychic Warrior,Ranger[BASEAGEADD:3d6]|Artificer,Cleric,Druid,Monk,Psion,Soulknife,Wizard[BASEAGEADD:5d6]
RACENAME:Kalashtar%	SEX:Male[BASEHT:64|HTDIEROLL:2d6|BASEWT:135|WTDIEROLL:1d6|TOTALWT:BASEWT+(HTDIEROLL*WTDIEROLL)]Female[BASEHT:62|HTDIEROLL:2d6|BASEWT:105|WTDIEROLL:1d6|TOTALWT:BASEWT+(HTDIEROLL*WTDIEROLL)]
RACENAME:Kalashtar%	BASEAGE:40	MAXAGE:74	AGEDIEROLL:1d35	HAIR:Blond|Brown	EYES:Blue	SKINTONE:Tanned|Pasty

RACENAME:Shifter%		CLASS:Barbarian,Rogue,Sorcerer,Wilder[BASEAGEADD:1d6]|Bard,Fighter,Paladin,Psychic Warrior,Ranger[BASEAGEADD:1d8]|Artificer,Cleric,Druid,Monk,Psion,Soulknife,Wizard[BASEAGEADD:2d8]
RACENAME:Shifter%		SEX:Male[BASEHT:55|HTDIEROLL:2d8|BASEWT:100|WTDIEROLL:2d4|TOTALWT:BASEWT+(HTDIEROLL*WTDIEROLL)]Female[BASEHT:53|HTDIEROLL:2d8|BASEWT:85|WTDIEROLL:2d4|TOTALWT:BASEWT+(HTDIEROLL*WTDIEROLL)]
RACENAME:Shifter%		BASEAGE:20	MAXAGE:39	AGEDIEROLL:1d20

RACENAME:Warforged%	CLASS:Barbarian,Rogue,Sorcerer,Wilder[BASEAGEADD:1d12]|Bard,Fighter,Paladin,Psychic Warrior,Ranger[BASEAGEADD:1d6]|Artificer,Cleric,Druid,Monk,Psion,Soulknife,Wizard[BASEAGEADD:1d4]
RACENAME:Warforged%	SEX:Male[BASEHT:70|HTDIEROLL:2d6|BASEWT:270|WTDIEROLL:4|TOTALWT:BASEWT+(HTDIEROLL*WTDIEROLL)]Female[BASEHT:70|HTDIEROLL:2d6|BASEWT:270|WTDIEROLL:4|TOTALWT:BASEWT+(HTDIEROLL*WTDIEROLL)]
RACENAME:Warforged%	BASEAGE:0	MAXAGE:149	AGEDIEROLL:1d150

AGESET:1|Middle Age	BONUS:STAT|STR,CON,DEX|-1	BONUS:STAT|INT,WIS,CHA|1
RACENAME:Changeling%	BASEAGE:35	MAXAGE:52	AGEDIEROLL:1d17
RACENAME:Kalashtar%	BASEAGE:75	MAXAGE:112	AGEDIEROLL:1d36
RACENAME:Shifter%		BASEAGE:40	MAXAGE:59	AGEDIEROLL:1d20
RACENAME:Warforged%	BASEAGE:150

AGESET:2|Old		BONUS:STAT|STR,CON,DEX|-3	BONUS:STAT|INT,WIS,CHA|2
RACENAME:Changeling%	BASEAGE:53	MAXAGE:69	AGEDIEROLL:1d17
RACENAME:Kalashtar%	BASEAGE:113	MAXAGE:149	AGEDIEROLL:1d37
RACENAME:Shifter%		BASEAGE:60	MAXAGE:79	AGEDIEROLL:1d20

AGESET:3|Venerable	BONUS:STAT|STR,CON,DEX|-6	BONUS:STAT|INT,WIS,CHA|3
RACENAME:Changeling%	BASEAGE:70	MAXAGE:110	AGEDIEROLL:2d20
RACENAME:Kalashtar%	BASEAGE:150	MAXAGE:230	AGEDIEROLL:4d20
RACENAME:Shifter%		BASEAGE:80	MAXAGE:120	AGEDIEROLL:2d20
