SOURCELONG:Player's Handbook	SOURCESHORT:phb	SOURCEWEB:http://www.wizards.com/welcome.asp	SOURCEDATE:2008-06

# Racial Features - review if these should be feats

# Dragonborn
# Feat Name				Type				Visible	Required Race		Qualify for Race		Special ABility								Multiple?	Automatically Gained Weapon Prof.						Ability						Add 							Bonus to Ability Pool				Save checks bonus				Modify VAR
Draconic Heritage			TYPE:Racial.Dragonborn																					MULT:NO																																							BONUS:VAR|HealingSurgeValue|max(CON,0)	DESC:Your healing surge value %1 rather than %2.|floor(HP/4)+CON|floor(HP/4)																																																			SOURCEPAGE:p.34
Dragon Breath			TYPE:Racial.Dragonborn	VISIBLE:NO																			MULT:NO																			ADD:ABILITY|Racial|AUTOMATIC|TYPE=Breath		DESC:You can use Dragon Breath as an encounter power.																																																							SOURCEPAGE:p.34
Dragonborn Fury			TYPE:Racial.Dragonborn																					MULT:NO	DESC:When you are bloodied, you gain a +1 racial bonus to attack rolls.																																																				SOURCEPAGE:p.34

# Dwarf
Cast Iron Stomach			TYPE:Racial.Dwarf																						MULT:NO	DESC:+5 racial bonus to saving throws against poison.																																																							SOURCEPAGE:p.36
Dwarven Weapon Proficiency	TYPE:Racial.Dwarf																						MULT:NO	AUTO:WEAPONPROF|Throwing hammer	AUTO:WEAPONPROF|Warhammer	DESC:You gain proficiency with the throwing hammer and the warhammer.																																																				SOURCEPAGE:p.36
Stand Your Ground			TYPE:Racial.Dwarf																						MULT:NO	DESC:When an effect forces you to move -- through a pull, a push, or a slide -- you can move 1 square less than the effect specifies. This means an effect that normally pulls, pushes, or slides a target 1 square does not force you to move unless you want to. In addition, when an attack would knock you prone, you can immediately make a saving throw to avoid falling prone.	SOURCEPAGE:p.36

# Eladrin
Eladrin Education			TYPE:Racial.Eladrin																					MULT:NO																										BONUS:ABILITYPOOL|Bonus Class Skills|1	DESC:You gain training in one additional skill selected from the skill list in Chapter 5.																																																	SOURCEPAGE:p.38
Eladrin Trance			TYPE:Racial.Eladrin																					MULT:NO	DESC:Rather than sleep, you enter a meditative state known as trance. You need to spend 4 hours in this state to gain the same benefits other races gain from taking a 6-hour extended rest. While in a trance, you are fully aware of your surroundings and notice approaching enemies and other events as normal.												SOURCEPAGE:p.38
Eladrin Weapon Proficiency	TYPE:Racial.Eladrin																					MULT:NO	AUTO:WEAPONPROF|Longsword		DESC:You gain proficiency with the longsword.																																																								SOURCEPAGE:p.38
Eladrin Will			TYPE:Racial.Eladrin											SAB:+5 racial bonus to saving throws against charm effects.	MULT:NO																																	BONUS:CHECKS|Will|1|TYPE=Racial		DESC:You gain a +1 racial bonus to your Will defense.  In addition, you gain a +5 racial bonus to saving throws against charm effects.																																									SOURCEPAGE:p.38
Fey Step				TYPE:Racial.Eladrin																					MULT:NO												ABILITY:Racial|AUTOMATIC|Fey Step	DESC:You can use fey step as an encounter power.																																																							SOURCEPAGE:p.38

# Elf
Elven Accuracy			TYPE:Racial.Elf				PRERACE:1,Elf																MULT:NO												ABILITY:Power|AUTOMATIC|Elven Accuracy	DESC:You can use elven accuracy as an encounter power.																																																						SOURCEPAGE:p.40
Group Awareness			TYPE:Racial.Elf				PRERACE:1,Elf																MULT:NO	DESC:You grant non-elf allies within 5 squares of you a +1 racial bonus to Perception checks.																																																SOURCEPAGE:p.40
Wild Step				TYPE:Racial.Elf				PRERACE:1,Elf																MULT:NO		DESC:You ignore difficult terrain when you shift (even if you have a power that allows you to shift multiple squares).																																												SOURCEPAGE:p.40


# Half-Elf
###FIXME: Implement Dilettante
Dilettante				TYPE:Racial.HalfElf																					MULT:NO		DESC:At 1st level, you choose an at-will power from a class different from yours. You can use that power as an encounter power.																																										SOURCEPAGE:p.42
Dual Heritage			TYPE:Racial.HalfElf							QUALIFY:RACE|Human|Elf											MULT:NO
Group Diplomacy			TYPE:Racial.HalfElf																					MULT:NO	DESC:You grant allies within 10 squares of you a +1 racial bonus to Diplomacy checks.																																																	SOURCEPAGE:p.42

# Halfling
Bold					TYPE:Racial.Halfling			PRERACE:1,Halfling															MULT:NO	DESC:You gain a +5 racial bonus to saving throws against fear.																																																					SOURCEPAGE:p.44
Nimble Reaction			TYPE:Racial.Halfling			PRERACE:1,Halfling															MULT:NO		DESC:You gain a +2 racial bonus to AC against opportunity attacks.																																																				SOURCEPAGE:p.44
Second Chance			TYPE:Racial.Halfling			PRERACE:1,Halfling															MULT:NO												ABILITY:Power|AUTOMATIC|Second Chance		DESC:You can use second chance as an encounter power.																																																							SOURCEPAGE:p.44

# Tiefling
Tiefling Bloodhunt		TYPE:Racial.Tiefling																					MULT:NO	DESC:You gain a +1 racial bonus to attack rolls against bloodied foes.																																																				SOURCEPAGE:p.48
Tiefling Fire Resistance	TYPE:Racial.Tiefling																					MULT:NO	DESC:You have resist fire %1|5+floor(TL/2)																																																								SOURCEPAGE:p.48
Tiefling Infernal Wrath		TYPE:Racial.Tiefling																					MULT:NO												ABILITY:Power|AUTOMATIC|Infernal Wrath	DESC:You can use infernal wrath as an encounter power.																																																						SOURCEPAGE:p.48

