# CVS $Revision: $ $Author: $ -- Sun Nov 18 19:40:52 2012 -- reformated by prettylst.pl v1.39 (build 15052)
SOURCELONG:Traveller's Handbook	SOURCESHORT:THB	SOURCEWEB:http://www.rpgrealms.com

# Language		Type
#Literacy	TYPE:Special

# Language		Type
Aslan.Forget
Droyne.Forget
# Vargr Language CT Alien Module 3
Arrghoun		TYPE:Spoken.Written.Read
# MT Alien Vol.1
Classical Vilani	TYPE:Written.Read
# Solomani trade language MT Aliens Vol.2
Firstspeak		TYPE:Spoken.Written.Read
# Vargr Language CT Alien Module 3/MT Aliens Vol.1
Gvegh			TYPE:Spoken.Written.Read
# Vargr Language CT Alien Module 3
Gvegh-Aek		TYPE:Spoken.Written.Read
# Vargr Language T20-THB
#Ithklur TNE Aliens Vol.1
Ithklur		TYPE:Spoken.Written.Read
# Vargr Language CT Alien Module 3
Knithnour		TYPE:Spoken.Written.Read
# Droyne Language is Oynprith
# CT Alien Module 5
Oynprith		TYPE:Spoken.Written.Read
# Vargr Language CT Alien Module 3
Taeksu		TYPE:Spoken.Written.Read
# Darrian language is called Tezlodh in Galanglic
# (native Darrian speakers call the language Tezapet)
# from CT Alien Module 8
Tezlodh		TYPE:Spoken.Written.Read
#Aslan Language is Trokh MT Aliens Vol.2
Trokh			TYPE:Spoken.Written.Read
# Vargr Language CT Alien Module 3
Uedhu			TYPE:Spoken.Written.Read
# Vegan CT Supp-10
Vegan			TYPE:Spoken.Written.Read


# some language names taken from various sources (as indicated)
# (C)1977-2004 Far Future Enterprises, permitted use policy
