
###Block: Race Grantors
Dhampir			CATEGORY:Race		ABILITY:Internal|AUTOMATIC|Racial Traits ~ Dhampir	
Hexblood			CATEGORY:Race		ABILITY:Internal|AUTOMATIC|Racial Traits ~ Hexblood	

###Block: Racial Trait Grantors
Racial Traits ~ Dhampir		CATEGORY:Internal		ABILITY:Dhampir Race Trait|AUTOMATIC|TYPE=Base Dhampir Race Trait
Racial Traits ~ Hexblood	CATEGORY:Internal		ABILITY:Hexblood Race Trait|AUTOMATIC|TYPE=Base Hexblood Race Trait


###Block: Racial Traits
# Dhampir Traits - p.17
Creature Type	SOURCEPAGE:p.17	KEY:Dhampir ~ Creature Type		SORTKEY:1_Race_0	CATEGORY:Special Ability	TYPE:Race Trait.Dhampir Race Trait.Base Dhampir Race Trait.SpecialQuality	DESC:You are a Humanoid.
Size			SOURCEPAGE:p.17	KEY:Dhampir ~ Size			SORTKEY:1_Race_1	CATEGORY:Special Ability	TYPE:Race Trait.Dhampir Race Trait.Base Dhampir Race Trait.SpecialQuality	DESC:You are Medium or Small. You choose the size when you gain this lineage.		BONUS:ABILITYPOOL|Racial Size|1	FACTSET:SizeAllowed|Small|Medium
Speed			SOURCEPAGE:p.17	KEY:Dhampir ~ Speed			SORTKEY:1_Race_2	CATEGORY:Special Ability	TYPE:Race Trait.Dhampir Race Trait.Base Dhampir Race Trait.SpecialQuality	DESC:Your walking speed is 35 feet.		BONUS:VAR|RaceBase_Walk|35
Ancestral Legacy	SOURCEPAGE:p.17	KEY:Dhampir ~ Ancestral Legacy	SORTKEY:1_Race_3	CATEGORY:Special Ability	TYPE:Race Trait.Dhampir Race Trait.Base Dhampir Race Trait.SpecialQuality	DESC:If you replace a race with this lineage, you can keep the following elements of that race: any skill proficiencies you gained from it and any climbing, flying, or swimming speed you gained from it. If you don't keep any of those elements or you choose this lineage at character creation, you gain proficiency in two skills of your choice.
Darkvision		SOURCEPAGE:p.17	KEY:Dhampir ~ Darkvision		SORTKEY:1_Race_4	CATEGORY:Special Ability	TYPE:Race Trait.Dhampir Race Trait.Base Dhampir Race Trait.SpecialQuality	DESC:You can see in dim light within 60 feet of you as if it were bright light and in darkness as if it were dim light. You discern colors in that darkness as shades of gray.
Deathless Nature	SOURCEPAGE:p.17	KEY:Dhampir ~ Deathless Nature	SORTKEY:1_Race_5	CATEGORY:Special Ability	TYPE:Race Trait.Dhampir Race Trait.Base Dhampir Race Trait.SpecialQuality	DESC:You don't need to breathe.
Spider Climb	SOURCEPAGE:p.17	KEY:Dhampir ~ Spider Climb		SORTKEY:1_Race_6	CATEGORY:Special Ability	TYPE:Race Trait.Dhampir Race Trait.Base Dhampir Race Trait.SpecialQuality	DESC:You have a climbing speed equal to your walking speed. In addition, at 3rd level, you can move up, down, and across vertical surfaces and upside down along ceilings, while leaving your hands free.
Vampiric Bite	SOURCEPAGE:p.17	KEY:Dhampir ~ Vampiric Bite		SORTKEY:1_Race_7	CATEGORY:Special Ability	TYPE:Race Trait.Dhampir Race Trait.Base Dhampir Race Trait.SpecialQuality	DESC:Your fanged bite is a natural weapon, which counts as a simple melee weapon with which you are proficient. You add your Constitution modifier, instead of your Strength modifier, to the attack and damage rolls when you attack with this bite. It deals ld4 piercing damage on a hit. While you are missing half or more of your hit points, you have advantage on attack rolls you make with this bite. When you attack with this bite and hit a creature that isn't a Construct or an Undead, you can empower yourself in one of the following ways of your choice:			DESC:&nl;You regain hit points equal to the piercing damage dealt by the bite.			DESC:&nl;You gain a bonus to the next ability check or attack roll you make; the bonus equals the piercing damage dealt by the bite			DESC:&nl;You can empower yourself with this bite a number of times equal to your proficiency bonus, and you regain all expended uses when you finish a long rest.

# Hexblood Traits - p.18 & 19
Creature Type		KEY:Hexblood ~ Creature Type		SORTKEY:1_Race_0	CATEGORY:Special Ability	TYPE:Race Trait.Hexblood Race Trait.Base Hexblood Race Trait.SpecialQuality	SOURCEPAGE:p.18	DESC:You are a Fey.
Size				KEY:Hexblood ~ Size			SORTKEY:1_Race_1	CATEGORY:Special Ability	TYPE:Race Trait.Hexblood Race Trait.Base Hexblood Race Trait.SpecialQuality	SOURCEPAGE:p.18	DESC:You are Medium or Small. You choose the size when you gain this lineage.	BONUS:ABILITYPOOL|Racial Size|1	FACTSET:SizeAllowed|Small|Medium
Speed				KEY:Hexblood ~ Speed			SORTKEY:1_Race_2	CATEGORY:Special Ability	TYPE:Race Trait.Hexblood Race Trait.Base Hexblood Race Trait.SpecialQuality	SOURCEPAGE:p.19	DESC:Your walking speed is 30 feet.	BONUS:VAR|RaceBase_Walk|30
Ancestral Legacy		KEY:Hexblood ~ Ancestral Legacy	SORTKEY:1_Race_3	CATEGORY:Special Ability	TYPE:Race Trait.Hexblood Race Trait.Base Hexblood Race Trait.SpecialQuality	SOURCEPAGE:p.19	DESC:If you replace a race with this lineage, you can keep the following elements of that race: any skill proficiencies you gained from it and any climbing, flying, or swimming speed you gained from it. If you don't keep any of those elements or you choose this lineage at character creation, you gain proficiency in two skills of your choice.
Darkvision			KEY:Hexblood ~ Darkvision		SORTKEY:1_Race_4	CATEGORY:Special Ability	TYPE:Race Trait.Hexblood Race Trait.Base Hexblood Race Trait.SpecialQuality	SOURCEPAGE:p.19	DESC:You can see in dim light within 60 feet of you as if it were bright light and in darkness as if it were dim light. You discern colors in that darkness as shades of gray.
Eerie Token			KEY:Hexblood ~ Eerie Token		SORTKEY:1_Race_5	CATEGORY:Special Ability	TYPE:Race Trait.Hexblood Race Trait.Base Hexblood Race Trait.SpecialQuality	SOURCEPAGE:p.19	DESC:As a bonus action, you can harmlessly remove a lock of your hair, one of your nails, or one of your teeth. This token is imbued with magic until you finish a long rest. While the token is imbued in this way, you can take these actions:
Telepathic Message	KEY:Hexblood ~ Telepathic Message	SORTKEY:1_Race_6	CATEGORY:Special Ability	TYPE:Race Trait.Hexblood Race Trait.Base Hexblood Race Trait.SpecialQuality	SOURCEPAGE:p.19	DESC:As an action, you can send a telepathic message to the creature holding or carrying the token, as long as you are within 10 miles of it. The message can contain up to twenty-five words.
Remote Viewing		KEY:Hexblood ~ Remote Viewing		SORTKEY:1_Race_7	CATEGORY:Special Ability	TYPE:Race Trait.Hexblood Race Trait.Base Hexblood Race Trait.SpecialQuality	SOURCEPAGE:p.19	DESC:If you are within 10 miles of the token, you can enter a trance as an action. The trance lasts for 1 minute, but it ends early if you dismiss it (no action required) or are incapacitated. During this trance, you can see and hear from the token as if you were located where it is. While you are using your senses at the token's location, you are blinded and deafened in regard to your own surroundings. When the trance ends, the token is harmlessly destroyed. Once you create a token using this feature, you can't do so again until you finish a long rest, at which point your missing part regrows.
Hex Magic			KEY:Hexblood ~ Hex Magic		SORTKEY:1_Race_8	CATEGORY:Special Ability	TYPE:Race Trait.Hexblood Race Trait.Base Hexblood Race Trait.SpecialQuality	SOURCEPAGE:p.19	DESC:You can cast the disguise self and hex spells with this trait. Once you cast either of these spells with this trait, you can't cast that spell with it again until you finish a long rest. You can also cast these spells using any spell slots you have. Intelligence, Wisdom, or Charisma is your spellcasting ability for these spells (choose the ability when you gain this lineage).

# Reborn


