# CVS $Revision: $ $Author: $ -- Sun Aug 17 15:41:15 2014 -- reformated by prettylst.pl v1.51 (build 24906)
SOURCELONG:Complete Arcane	SOURCESHORT:CAr	SOURCEDATE:2004-11

###Block:Book abilities
# Modifier Name	Unique Key		Naming Option	Type								Cost		Visible		Type granted					Source Page		Prohibited Type							Bonus Equip Mods
Leather Cover	KEY:LEATHER_BK	NAMEOPT:NORMAL	TYPE:BaseMaterial.Mundane.Spellbook			COST:5	VISIBLE:QUALIFY								SOURCEPAGE:p.	!PRETYPE:1,EQMODTYPE=Mundane	!PRETYPE:1,Metal,Wooden	BONUS:EQM|WEIGHTADD|1
Wood Cover thin	KEY:WOOD_TH_BK	NAMEOPT:NORMAL	TYPE:BaseMaterial.Mundane.Spellbook			COST:20	VISIBLE:QUALIFY	ITYPE:Wooden					SOURCEPAGE:p.	!PRETYPE:1,EQMODTYPE=Mundane	!PRETYPE:1,Metal		BONUS:EQM|WEIGHTADD|1
Metal Cover soft	KEY:METAL_TH_BK	NAMEOPT:NORMAL	TYPE:BaseMaterial.Mundane.Spellbook			COST:100	VISIBLE:QUALIFY	ITYPE:Metal						SOURCEPAGE:p.	!PRETYPE:1,EQMODTYPE=Mundane	!PRETYPE:1,Wooden		BONUS:EQM|WEIGHTADD|5
Metal Cover hard	KEY:METAL_HD_BK	NAMEOPT:NORMAL	TYPE:BaseMaterial.Mundane.Spellbook			COST:200	VISIBLE:QUALIFY	ITYPE:Metal						SOURCEPAGE:p.	!PRETYPE:1,EQMODTYPE=Mundane	!PRETYPE:1,Wooden		BONUS:EQM|WEIGHTADD|5
Dragonhide Cover	KEY:DRACO_BK	NAMEOPT:NORMAL	TYPE:BaseMaterial.MasterworkQuality.Spellbook	COST:200	VISIBLE:QUALIFY	ITYPE:Dragonhide.Nonmetal.Masterwork	SOURCEPAGE:p.	!PRETYPE:1,Metal,Wooden						BONUS:EQM|WEIGHTADD|2

###Block:
# Modifier Name			Unique Key			Type			Cost		Visible		Keys to replace		Source Page		Required Type			Special Property
Energy Resistant (Minor)	KEY:BK_RST_NRG_MIN	TYPE:Spellbook	COST:1000	VISIBLE:QUALIFY					SOURCEPAGE:p.	PRETYPE:1,Book,Spellbook	SPROP:absorbs 5 points of any energy damage per attack
Energy Resistant (Major)	KEY:BK_RST_NRG_MAJ	TYPE:Spellbook	COST:3000	VISIBLE:QUALIFY	REPLACES:BK_RST_NRG_MIN	SOURCEPAGE:p.	PRETYPE:1,Book,Spellbook	SPROP:absorbs 12 points of any energy damage per attack
Glamered				KEY:BK_GLM			TYPE:Spellbook	COST:2000	VISIBLE:QUALIFY					SOURCEPAGE:p.	PRETYPE:1,Book,Spellbook	SPROP:the book looks and feels like something else of similar size and weight
Pungent				KEY:BK_PNGT			TYPE:Spellbook	COST:2000	VISIBLE:QUALIFY					SOURCEPAGE:p.	PRETYPE:1,Book,Spellbook	SPROP:repels damaging pest
Levitating				KEY:BK_LEVI			TYPE:Spellbook	COST:2000	VISIBLE:QUALIFY					SOURCEPAGE:p.	PRETYPE:1,Book,Spellbook	SPROP:hover in the air
Waterproof				KEY:BK_WTR_PRF		TYPE:Spellbook	COST:1000	VISIBLE:QUALIFY					SOURCEPAGE:p.	PRETYPE:1,Book,Spellbook	SPROP:impervious to damage caused by water
Fireproof				KEY:BK_FIR_PRF		TYPE:Spellbook	COST:1000	VISIBLE:QUALIFY					SOURCEPAGE:p.	PRETYPE:1,Book,Spellbook	SPROP:impervious to damage caused by fire
Spelltrapped			KEY:BK_SPL_TRAP		TYPE:Spellbook	COST:0	VISIBLE:QUALIFY					SOURCEPAGE:p.	PRETYPE:1,Book,Spellbook	SPROP:spring trap when touched or opened

###Block: Starmetal Material
# Modifier Name	Unique Key			Type								Cost		Visible		Type granted				Keys to replace	Source Page		Required Type		Damage Reduction	Bonus Armor Mods					Weapon prop. bonus				Special Property													Apply to both heads
Starmetal		KEY:STARMETAL_AMMO	TYPE:BaseMaterial.MasterworkQuality.Ammunition	COST:100	VISIBLE:QUALIFY	ITYPE:Metal.Starmetal.Masterwork	REPLACES:MWORKW	SOURCEPAGE:p.	PRETYPE:1,Metal																			SPROP:Ignore 20 hardness, +1d6 damage against Extraplanar creatures on Material Plane	ASSIGNTOALL:NO
Starmetal		KEY:STARMETAL_ARMR_LT	TYPE:BaseMaterial.MasterworkQuality.Armor		COST:5000	VISIBLE:QUALIFY	ITYPE:Metal.Starmetal.Masterwork	REPLACES:MWORKA	SOURCEPAGE:p.	PRETYPE:2,Metal,Light	DR:1/-		BONUS:EQMARMOR|ACCHECK|1|TYPE=Enhancement								SPROP:40hp/inch and 20 hardness										ASSIGNTOALL:NO
Starmetal		KEY:STARMETAL_ARMR_MED	TYPE:BaseMaterial.MasterworkQuality.Armor		COST:10000	VISIBLE:QUALIFY	ITYPE:Metal.Starmetal.Masterwork	REPLACES:MWORKA	SOURCEPAGE:p.	PRETYPE:2,Metal,Medium	DR:2/-		BONUS:EQMARMOR|ACCHECK|1|TYPE=Enhancement								SPROP:40hp/inch and 20 hardness										ASSIGNTOALL:NO
Starmetal		KEY:STARMETAL_ARMR_HVY	TYPE:BaseMaterial.MasterworkQuality.Armor		COST:15000	VISIBLE:QUALIFY	ITYPE:Metal.Starmetal.Masterwork	REPLACES:MWORKA	SOURCEPAGE:p.	PRETYPE:2,Metal,Heavy	DR:3/-		BONUS:EQMARMOR|ACCHECK|1|TYPE=Enhancement								SPROP:40hp/inch and 20 hardness										ASSIGNTOALL:NO
Starmetal		KEY:STARMETAL_SHLD	TYPE:BaseMaterial.MasterworkQuality.Shield	COST:0	VISIBLE:QUALIFY	ITYPE:Metal.Starmetal.Masterwork	REPLACES:MWORKA	SOURCEPAGE:p.	PRETYPE:1,Metal																			SPROP:40hp/inch and 20 hardness										ASSIGNTOALL:NO
Starmetal		KEY:STARMETAL_WEAP	TYPE:BaseMaterial.MasterworkQuality.Weapon	COST:5000	VISIBLE:QUALIFY	ITYPE:Metal.Starmetal.Masterwork	REPLACES:MWORKW	SOURCEPAGE:p.	PRETYPE:1,Metal												BONUS:WEAPON|TOHIT|1|TYPE=Enhancement	SPROP:Ignore 20 hardness, +1d6 damage against Extraplanar creatures on Material Plane	ASSIGNTOALL:NO

###Block:Weapon/Armor abilities
# Modifier Name			Unique Key		Type					Plus		Visible		Source Page		Multiple Requirements								Required Type				Prohibited Type	Spell Res.	Special Property
Death Ward				KEY:DTH_WRD		TYPE:Armor.Shield			PLUS:1	VISIBLE:QUALIFY	SOURCEPAGE:p.	PREMULT:2,[PRETYPE:1,Enhancement],[PRETYPE:1,Armor,Shield]													SPROP:Once per day can ignore death effect
Magic Eating			KEY:MGC_EAT_13	TYPE:Armor.Shield			PLUS:3	VISIBLE:QUALIFY	SOURCEPAGE:p.	PREMULT:2,[PRETYPE:1,Enhancement],[PRETYPE:1,Armor,Shield]											SR:13		SPROP:spell resistance 13 and gains 1d8 temporary hp with spells who fails sr
Proof against Transmutation	KEY:PRF_TRNSMT	TYPE:Armor.Shield			PLUS:5	VISIBLE:QUALIFY	SOURCEPAGE:p.	PREMULT:2,[PRETYPE:1,Enhancement],[PRETYPE:1,Armor,Shield]													SPROP:impervious to transmutation spells
Clouting				KEY:CLOUT_M		TYPE:Weapon.Melee.Thrown	PLUS:3	VISIBLE:QUALIFY	SOURCEPAGE:p.	PREMULT:2,[PRETYPE:2,Enhancement,Weapon],[PRETYPE:1,Melee,Thrown]												SPROP:Fort DC 19 or knocked back 10-ft, on fail Fort DC 19 to not stun 1 round
Clouting				KEY:CLOUT_R		TYPE:Weapon.Ranged		PLUS:3	VISIBLE:QUALIFY	SOURCEPAGE:p.												PRETYPE:3,Enhancement,Weapon,Ranged	!PRETYPE:1,Thrown			SPROP:Fort DC 19 or knocked back 10-ft, on fail Fort DC 19 to not stun 1 round
Magebane				KEY:MAGEBANE_M	TYPE:Weapon.Melee.Thrown	PLUS:1	VISIBLE:QUALIFY	SOURCEPAGE:p.	PREMULT:2,[PRETYPE:2,Enhancement,Weapon],[PRETYPE:1,Melee,Thrown]												SPROP:+2 enhancement bonus and does +2d6 bonus damage vs. spellcaster
Magebane				KEY:MAGEBANE_R	TYPE:Weapon.Ranged		PLUS:1	VISIBLE:QUALIFY	SOURCEPAGE:p.												PRETYPE:3,Enhancement,Weapon,Ranged	!PRETYPE:1,Thrown			SPROP:+2 enhancement bonus and does +2d6 bonus damage vs. spellcaster
Skillful				KEY:SKILLFULL_M	TYPE:Weapon.Melee			PLUS:2	VISIBLE:QUALIFY	SOURCEPAGE:p.												PRETYPE:3,Enhancement,Weapon,Melee	!PRETYPE:1,Thrown			SPROP:Skillful

###Block: Spell Object
# Modifier Name					Unique Key		Naming Option	Type			Cost		Visible		Type granted				Source Page		Required Type			Special Property	Choose
|Spell Object (Single Use/Completion)	KEY:O_1USE		NAMEOPT:SPELL	TYPE:SpellObject	COST:0	VISIBLE:QUALIFY	ITYPE:Enhancement.Magic.Consumable	SOURCEPAGE:p.	PRETYPE:1,SpellObject					CHOOSE:EQBUILDER.SPELL|ANY|0|9

Lock (Very Simple)				KEY:BK_LOCK_VS				TYPE:Spellbook	COST:20	VISIBLE:QUALIFY										PRETYPE:1,Book,Spellbook	SPROP:Lock DC 20
Lock (Average)					KEY:BK_LOCK_AV				TYPE:Spellbook	COST:40	VISIBLE:QUALIFY										PRETYPE:1,Book,Spellbook	SPROP:Lock DC 25
Lock (Good)						KEY:BK_LOCK_GO				TYPE:Spellbook	COST:80	VISIBLE:QUALIFY										PRETYPE:1,Book,Spellbook	SPROP:Lock DC 30
Lock (Amazing)					KEY:BK_LOCK_AM				TYPE:Spellbook	COST:150	VISIBLE:QUALIFY										PRETYPE:1,Book,Spellbook	SPROP:Lock DC 40
