# CVS $Revision: $ $Author: $ -- Thu Jul 10 13:59:32 2014 -- reformated by prettylst.pl v1.51 (build 24365)
SOURCELONG:Complete Arcane	SOURCESHORT:CAr	SOURCEDATE:2004-11

###Block: Armor
# Equipment Name			Required Armor Proficiency	Required Shield Proficiency	Type									Cost		Weight	Slot Needed	AC Penalty Check	Modifier					Maximum DEX Bonus	Source Page		% of Spell Failure	Combat bonus																					Special Property
Crimson Coat of Ilpharaz	PROFICIENCY:ARMOR|Leather						TYPE:Enhancement.Armor.Light.Suit.Specific.Nonmetal	COST:10	WT:15				ACCHECK:0		EQMOD:MWORKA.PLUS4A.STEEL		MAXDEX:6		SOURCEPAGE:p.	SPELLFAILURE:10		BONUS:COMBAT|AC|2|TYPE=Armor.REPLACE																	SPROP:3/day ignite in fire that light as a torch, +4 deflection bonus to AC and resistance to fire 15.
Mithralmist Shirt			PROFICIENCY:ARMOR|Chain Shirt						TYPE:Enhancement.Armor.Light.Suit.Specific		COST:100	WT:25				ACCHECK:-2		EQMOD:MITHRAL_ARMR_LT.PLUS2A		MAXDEX:4		SOURCEPAGE:p.	SPELLFAILURE:20		BONUS:COMBAT|AC|4|TYPE=Armor.REPLACE																	SPROP:7/day msilver mist give a concealment 20% miss. 1/day Gaseous form 10 minutes.
Spiteful Imp								PROFICIENCY:SHIELD|Buckler	TYPE:Enhancement.Shield.Buckler.Specific.Metal		COST:15	WT:5		SLOTS:0	ACCHECK:-1		EQMOD:ANMATD.MWORKA.PLUS4A.STEEL				SOURCEPAGE:p.	SPELLFAILURE:5		BONUS:COMBAT|AC|1|TYPE=Shield.REPLACE	BONUS:COMBAT|TOHIT|-1|PREMULT:1,[PREEQUIPBOTH:1,TYPE=Melee],[PREEQUIPSECONDARY:1,TYPE=Melee]	SPROP:1/day spit burning poison 1d4+6 fire, 1d10 CON damage/1d10 CON damage (Fort DC 17)

###Block: Spell Books
# Equipment Name				Type					Number of Pages	Page Usage				Cost		Weight	Source Page
Grimoire Arcanamacha			TYPE:Book												COST:0	WT:2		SOURCEPAGE:p.
Spellbook (Geometer/Blank)		TYPE:Goods.Tools.Spellbook	NUMPAGES:100	PAGEUSAGE:1				COST:15	WT:3		SOURCEPAGE:p.
Spellbook (Tatoo/Hand)			TYPE:Goods.Tools.Spellbook	NUMPAGES:1		PAGEUSAGE:max(SPELLLEVEL,1)	COST:200	WT:0		SOURCEPAGE:p.
Spellbook (Tatoo/Forearm)		TYPE:Goods.Tools.Spellbook	NUMPAGES:3		PAGEUSAGE:max(SPELLLEVEL,1)	COST:600	WT:0		SOURCEPAGE:p.
Spellbook (Tatoo/Upperarm)		TYPE:Goods.Tools.Spellbook	NUMPAGES:3		PAGEUSAGE:max(SPELLLEVEL,1)	COST:600	WT:0		SOURCEPAGE:p.
Spellbook (Tatoo/Chest)			TYPE:Goods.Tools.Spellbook	NUMPAGES:6		PAGEUSAGE:max(SPELLLEVEL,1)	COST:1200	WT:0		SOURCEPAGE:p.
Spellbook (Tatoo/Abdomen)		TYPE:Goods.Tools.Spellbook	NUMPAGES:6		PAGEUSAGE:max(SPELLLEVEL,1)	COST:1200	WT:0		SOURCEPAGE:p.
Spellbook (Tatoo/Upper leg)		TYPE:Goods.Tools.Spellbook	NUMPAGES:5		PAGEUSAGE:max(SPELLLEVEL,1)	COST:1000	WT:0		SOURCEPAGE:p.
Spellbook (Tatoo/Lower leg)		TYPE:Goods.Tools.Spellbook	NUMPAGES:5		PAGEUSAGE:max(SPELLLEVEL,1)	COST:1000	WT:0		SOURCEPAGE:p.
Spellbook (Tatoo/Foot)			TYPE:Goods.Tools.Spellbook	NUMPAGES:1		PAGEUSAGE:max(SPELLLEVEL,1)	COST:200	WT:0		SOURCEPAGE:p.
Spellbook (Tatoo/Face)			TYPE:Goods.Tools.Spellbook	NUMPAGES:2		PAGEUSAGE:max(SPELLLEVEL,1)	COST:400	WT:0		SOURCEPAGE:p.
Spellbook (Tatoo/Scalp)			TYPE:Goods.Tools.Spellbook	NUMPAGES:4		PAGEUSAGE:max(SPELLLEVEL,1)	COST:800	WT:0		SOURCEPAGE:p.
Spellbook (Tatoo/Back upper)		TYPE:Goods.Tools.Spellbook	NUMPAGES:10		PAGEUSAGE:max(SPELLLEVEL,1)	COST:2000	WT:0		SOURCEPAGE:p.
Spellbook (Tatoo/Back lower)		TYPE:Goods.Tools.Spellbook	NUMPAGES:4		PAGEUSAGE:max(SPELLLEVEL,1)	COST:800	WT:0		SOURCEPAGE:p.
Spellbook (Tatoo/Leg posterior)	TYPE:Goods.Tools.Spellbook	NUMPAGES:4		PAGEUSAGE:max(SPELLLEVEL,1)	COST:800	WT:0		SOURCEPAGE:p.
Spellbook (Tatoo/Arm posterior)	TYPE:Goods.Tools.Spellbook	NUMPAGES:2		PAGEUSAGE:max(SPELLLEVEL,1)	COST:400	WT:0		SOURCEPAGE:p.
Spellbook (Token/Slingstone)		TYPE:Goods.Tools.Spellbook	NUMPAGES:1		PAGEUSAGE:max(SPELLLEVEL,1)	COST:1	WT:0		SOURCEPAGE:p.
Spellbook (Token/Cobblestone)		TYPE:Goods.Tools.Spellbook	NUMPAGES:4		PAGEUSAGE:max(SPELLLEVEL,1)	COST:1	WT:0		SOURCEPAGE:p.
Spellbook (Token/Rod)			TYPE:Goods.Tools.Spellbook	NUMPAGES:4		PAGEUSAGE:max(SPELLLEVEL,1)	COST:1	WT:0		SOURCEPAGE:p.
Spellbook (Token/Club)			TYPE:Goods.Tools.Spellbook	NUMPAGES:6		PAGEUSAGE:max(SPELLLEVEL,1)	COST:1	WT:0		SOURCEPAGE:p.
Spellbook (Token/Staff)			TYPE:Goods.Tools.Spellbook	NUMPAGES:9		PAGEUSAGE:max(SPELLLEVEL,1)	COST:1	WT:0		SOURCEPAGE:p.
Spellbook (Parchment/Blank)		TYPE:Goods.Tools.Spellbook	NUMPAGES:100	PAGEUSAGE:max(SPELLLEVEL,1)	COST:10	WT:2		SOURCEPAGE:p.
Spellbook (Paper Linen/Blank)		TYPE:Goods.Tools.Spellbook	NUMPAGES:100	PAGEUSAGE:max(SPELLLEVEL,1)	COST:20	WT:2		SOURCEPAGE:p.
Spellbook (Vellum/Blank)		TYPE:Goods.Tools.Spellbook	NUMPAGES:100	PAGEUSAGE:max(SPELLLEVEL,1)	COST:50	WT:2		SOURCEPAGE:p.
Spellbook (Bone/Blank)			TYPE:Goods.Tools.Spellbook	NUMPAGES:100	PAGEUSAGE:max(SPELLLEVEL,1)	COST:100	WT:4		SOURCEPAGE:p.
Spellbook (Ivory/Blank)			TYPE:Goods.Tools.Spellbook	NUMPAGES:100	PAGEUSAGE:max(SPELLLEVEL,1)	COST:100	WT:4		SOURCEPAGE:p.
Spellbook (Metal foil/Blank)		TYPE:Goods.Tools.Spellbook	NUMPAGES:100	PAGEUSAGE:max(SPELLLEVEL,1)	COST:500	WT:20		SOURCEPAGE:p.

###Block: Wondrous
# Equipment Name					Output Name						Type								Contains		Number of Pages	Page Usage	Cost		Weight	Modifier								Source Page		Ability								Vision		Spell Res.	Combat bonus			Bonus to skill												Modify VAR										Special Property																					Bonus
Aroma of Curdled Death											TYPE:Magic.Wondrous.Poison												COST:4500	WT:1											SOURCEPAGE:p.																																													SPROP:creature with 3HD or less die. Fort DC 17 for 1d4 CON damage or death if 6HD or less. 7HD or more Fort DC 17 or 1d4 CON damage.
Aroma of Dreams												TYPE:Magic.Wondrous.Poison												COST:1500	WT:1											SOURCEPAGE:p.																																													SPROP:Fort DC 14.
Belt of Many Pockets											TYPE:Magic.Wondrous.Belt.Container			CONTAINS:*80						COST:11000	WT:1											SOURCEPAGE:p.
Belt of Spell Resistance										TYPE:Magic.Wondrous.Belt												COST:90000	WT:1											SOURCEPAGE:p.													SR:21
Book of Blood												TYPE:Magic.Wondrous.Book.Spellbook						NUMPAGES:45		PAGEUSAGE:1	COST:21300	WT:1		EQMOD:BK_FIR_PRF.BK_LOCK_VS.BK_WTR_PRF.LEATHER_BK	SOURCEPAGE:p.																																													SPROP:bronze clasp with lock. 1/day Summon Monster (Yeth Hound). 1/day Finger of Death at cost of 1 permanently drained hp.
Chasuble of Fell Power (Lesser)		OUTPUTNAME:Lesser Chasuble of Fell Power	TYPE:Magic.Wondrous.Amulet												COST:8000	WT:0											SOURCEPAGE:p.148																																		BONUS:VAR|EldritchBlast|1							SPROP:+1d6 points of damage to Eldritch Blast or any spell with chaotic descriptor that deals damage
Chasuble of Fell Power (Greater)		OUTPUTNAME:Greater Chasuble of Fell Power	TYPE:Magic.Wondrous.Amulet												COST:18000	WT:0											SOURCEPAGE:p.148																																		BONUS:VAR|EldritchBlast|2							SPROP:+2d6 points of damage to Eldritch Blast or any spell with chaotic descriptor that deals damage
Contract of Nepthas											TYPE:Magic.Wondrous.Scroll												COST:1400	WT:0											SOURCEPAGE:p.
Dust of Dispersion											TYPE:Magic.Wondrous													COST:2100	WT:0											SOURCEPAGE:p.																																													SPROP:concealment 50% chance
Dyrr's Impervious Vestment										TYPE:Magic.Wondrous.Robe												COST:123000	WT:3											SOURCEPAGE:p.															BONUS:COMBAT|AC|9|TYPE=Armor																										SPROP:1/day Blade Barrier
Musical Instrument (Fochluchan Bandore)								TYPE:Magic.Tools.Instrument.String.Resizable									COST:1900	WT:3		EQMOD:MWORKI							SOURCEPAGE:p.	ABILITY:Special Ability|AUTOMATIC|Negative Levels											BONUS:SKILL|Perform (String Instruments)|2|TYPE=Circumstance|PRETYPE:1,Masterwork	BONUS:VAR|NegLevels|1|!PRESKILL:1,Perform (String Instruments)=2	SPROP:+1 competence bonus on bardic music check for countersong, fascinate and suggestion
Musical Instrument (Max Fuirmidh Cithern)								TYPE:Magic.Tools.Instrument.String.Resizable									COST:2900	WT:3		EQMOD:MWORKI							SOURCEPAGE:p.	ABILITY:Special Ability|AUTOMATIC|Negative Levels											BONUS:SKILL|Perform (String Instruments)|2|TYPE=Circumstance|PRETYPE:1,Masterwork	BONUS:VAR|NegLevels|1|!PRESKILL:1,Perform (String Instruments)=4	SPROP:+2 competence bonus on bardic music check for countersong, fascinate and suggestion
Musical Instrument (Doss Lute)									TYPE:Magic.Tools.Instrument.String.Resizable									COST:9800	WT:3		EQMOD:MWORKI							SOURCEPAGE:p.	ABILITY:Special Ability|AUTOMATIC|Negative Levels											BONUS:SKILL|Perform (String Instruments)|2|TYPE=Circumstance|PRETYPE:1,Masterwork	BONUS:VAR|NegLevels|1|!PRESKILL:1,Perform (String Instruments)=6	SPROP:+3 competence bonus on bardic music check for countersong, fascinate and suggestion
Musical Instrument (Canaith Mandolin)								TYPE:Magic.Tools.Instrument.String.Resizable									COST:23400	WT:3		EQMOD:MWORKI							SOURCEPAGE:p.	ABILITY:Special Ability|AUTOMATIC|Negative Levels											BONUS:SKILL|Perform (String Instruments)|2|TYPE=Circumstance|PRETYPE:1,Masterwork	BONUS:VAR|NegLevels|1|!PRESKILL:1,Perform (String Instruments)=8	SPROP:+4 competence bonus on bardic music check for countersong, fascinate and suggestion
Musical Instrument (Cli Lyre)										TYPE:Magic.Tools.Instrument.String.Resizable									COST:37600	WT:3		EQMOD:MWORKI							SOURCEPAGE:p.	ABILITY:Special Ability|AUTOMATIC|Negative Levels											BONUS:SKILL|Perform (String Instruments)|2|TYPE=Circumstance|PRETYPE:1,Masterwork	BONUS:VAR|NegLevels|1|!PRESKILL:1,Perform (String Instruments)=10	SPROP:+5 competence bonus on bardic music check for countersong, fascinate and suggestion
Musical Instrument (Anstruth Harp)									TYPE:Magic.Tools.Instrument.String.Resizable									COST:60000	WT:3		EQMOD:MWORKI							SOURCEPAGE:p.	ABILITY:Special Ability|AUTOMATIC|Negative Levels											BONUS:SKILL|Perform (String Instruments)|2|TYPE=Circumstance|PRETYPE:1,Masterwork	BONUS:VAR|NegLevels|1|!PRESKILL:1,Perform (String Instruments)=12	SPROP:+6 competence bonus on bardic music check for countersong, fascinate and suggestion
Musical Instrument (Ollamh Harp)									TYPE:Magic.Tools.Instrument.String.Resizable									COST:83000	WT:3		EQMOD:MWORKI							SOURCEPAGE:p.	ABILITY:Special Ability|AUTOMATIC|Negative Levels											BONUS:SKILL|Perform (String Instruments)|2|TYPE=Circumstance|PRETYPE:1,Masterwork	BONUS:VAR|NegLevels|1|!PRESKILL:1,Perform (String Instruments)=14	SPROP:+7 competence bonus on bardic music check for countersong, fascinate and suggestion
Lenses of Darkness											TYPE:Magic.Wondrous.Eyegear												COST:7700	WT:0											SOURCEPAGE:p.																																													SPROP:+4 saving throw against illusion (pattern) spells, spells with light descriptor and light effects that causes blindness.
Phoenix Helm												TYPE:Magic.Wondrous.Headgear												COST:53000	WT:3											SOURCEPAGE:p.										VISION:Low-light
Powder of Black Veil											TYPE:Magic.Wondrous													COST:750	WT:0											SOURCEPAGE:p.																																													SPROP:blind for 1d4 rounds (Will DC 13 to negate)
Rug of Welcome												TYPE:Magic.Wondrous													COST:30000	WT:15											SOURCEPAGE:p.
Sending Stones												TYPE:Magic.Wondrous													COST:15000	WT:0											SOURCEPAGE:p.
Thought Bottle												TYPE:Magic.Wondrous.Flask												COST:20000	WT:0											SOURCEPAGE:p.
Vest of Resistance +1											TYPE:Magic.Wondrous.Robe												COST:1000	WT:0											SOURCEPAGE:p.																																																																				BONUS:SAVE|ALL|1|TYPE=Resistance
Vest of Resistance +2											TYPE:Magic.Wondrous.Robe												COST:4000	WT:0											SOURCEPAGE:p.																																																																				BONUS:SAVE|ALL|2|TYPE=Resistance
Vest of Resistance +3											TYPE:Magic.Wondrous.Robe												COST:9000	WT:0											SOURCEPAGE:p.																																																																				BONUS:SAVE|ALL|3|TYPE=Resistance
Vest of Resistance +4											TYPE:Magic.Wondrous.Robe												COST:16000	WT:0											SOURCEPAGE:p.																																																																				BONUS:SAVE|ALL|4|TYPE=Resistance
Vest of Resistance +5											TYPE:Magic.Wondrous.Robe												COST:25000	WT:0											SOURCEPAGE:p.																																																																				BONUS:SAVE|ALL|5|TYPE=Resistance
#
Spell Object (Resist Energy)										TYPE:Enhancement.Magic.Consumable.SpellObject									COST:0	WT:0											SOURCEPAGE:p.
Spell Object (Nondetection)										TYPE:Enhancement.Magic.Consumable.SpellObject									COST:0	WT:0											SOURCEPAGE:p.
Spell Object (Flaming Sphere)										TYPE:Enhancement.Magic.Consumable.SpellObject									COST:0	WT:0											SOURCEPAGE:p.
Spell Object (Haste)											TYPE:Enhancement.Magic.Consumable.SpellObject									COST:0	WT:0											SOURCEPAGE:p.
Spell Object (Invisibility)										TYPE:Enhancement.Magic.Consumable.SpellObject									COST:0	WT:0											SOURCEPAGE:p.
Spell Object (Fly)											TYPE:Enhancement.Magic.Consumable.SpellObject									COST:0	WT:0											SOURCEPAGE:p.
Spell Object (Sleet Storm)										TYPE:Enhancement.Magic.Consumable.SpellObject									COST:0	WT:0											SOURCEPAGE:p.

###Block: Rods
# Equipment Name					Output Name					Required Weapon Proficiency		Type													Alternative Type				Cost		Weight	Base Item for EQMOD	Critical Hit Multiplier	Critical Hit Range	Alternative Critical	Alternative Critical Range	Damage	Alternative Damage	Modifier										Alternative Modifier	Wield Category	Size		Source Page		Combat bonus					Special Property
Rod (Fury/+1)					OUTPUTNAME:Rod of Fury +1								TYPE:Magic.Rod																	COST:26800	WT:5		BASEITEM:Rod																									EQMOD:CHARGED_ITEM_50|CHARGES[50]															SOURCEPAGE:p.	BONUS:COMBAT|AC|1|TYPE=Deflection
Rod (Fury/+2)					OUTPUTNAME:Rod of Fury +2								TYPE:Magic.Rod																	COST:26800	WT:5		BASEITEM:Rod																									EQMOD:CHARGED_ITEM_50|CHARGES[50]															SOURCEPAGE:p.	BONUS:COMBAT|AC|2|TYPE=Deflection
Rod (Fury/+3)					OUTPUTNAME:Rod of Fury +3								TYPE:Magic.Rod																	COST:26800	WT:5		BASEITEM:Rod																									EQMOD:CHARGED_ITEM_50|CHARGES[50]															SOURCEPAGE:p.	BONUS:COMBAT|AC|3|TYPE=Deflection
Rod (Fury/+4)					OUTPUTNAME:Rod of Fury +4								TYPE:Magic.Rod																	COST:26800	WT:5		BASEITEM:Rod																									EQMOD:CHARGED_ITEM_50|CHARGES[50]															SOURCEPAGE:p.	BONUS:COMBAT|AC|4|TYPE=Deflection
Rod (Fury/+5)					OUTPUTNAME:Rod of Fury +5								TYPE:Magic.Rod																	COST:26800	WT:5		BASEITEM:Rod																									EQMOD:CHARGED_ITEM_50|CHARGES[50]															SOURCEPAGE:p.	BONUS:COMBAT|AC|5|TYPE=Deflection
Rod (Interference)				OUTPUTNAME:Rod of [NAME]								TYPE:Magic.Rod																	COST:72000	WT:5		BASEITEM:Rod																									EQMOD:CHARGED_ITEM_50|CHARGES[50]															SOURCEPAGE:p.								SPROP:3/day ray Will DC 19 or suppress magical effects for 1 minute.
Warlock Sceptre											PROFICIENCY:WEAPON|Mace (Light)	TYPE:Magic.Rod.Weapon.Simple.Melee.Bludgeoning.Mace											COST:28000	WT:6		BASEITEM:Rod		CRITMULT:x2			CRITRANGE:1												DAMAGE:1d6					EQMOD:CHARGED_ITEM_50|CHARGES[50].MWORKW.PLUS2W								WIELD:Light		SIZE:M	SOURCEPAGE:p.	BONUS:COMBAT|TOHIT.RANGED|2|TYPE=Profane	SPROP:+1d6/charge consumed when invoking Eldritch Blast.
Rod (Empower/Lesser).MOD																																		COST:27200																																																		SOURCEPAGE:p.
Rod (Empower).MOD																																				COST:108000																																																		SOURCEPAGE:p.
Rod (Empower/Greater).MOD																																		COST:243000																																																		SOURCEPAGE:p.
Rod (Cooperation/Lesser)			OUTPUTNAME:Metamagic Rod of [NAME]							TYPE:Magic.Rod																	COST:2700	WT:5		BASEITEM:Rod																																													SOURCEPAGE:p.
Rod (Cooperation)					OUTPUTNAME:Metamagic Rod of [NAME]							TYPE:Magic.Rod																	COST:10500	WT:5		BASEITEM:Rod																																													SOURCEPAGE:p.
Rod (Cooperation/Greater)			OUTPUTNAME:Metamagic Rod of [NAME]							TYPE:Magic.Rod																	COST:24300	WT:5		BASEITEM:Rod																																													SOURCEPAGE:p.
Rod (Sculpting/Lesser)				OUTPUTNAME:Metamagic Rod of [NAME]							TYPE:Magic.Rod																	COST:5400	WT:5		BASEITEM:Rod																																													SOURCEPAGE:p.
Rod (Sculpting)					OUTPUTNAME:Metamagic Rod of [NAME]							TYPE:Magic.Rod																	COST:21600	WT:5		BASEITEM:Rod																																													SOURCEPAGE:p.
Rod (Sculpting/Greater)				OUTPUTNAME:Metamagic Rod of [NAME]							TYPE:Magic.Rod																	COST:48600	WT:5		BASEITEM:Rod																																													SOURCEPAGE:p.
Rod (Substitution/Lesser)			OUTPUTNAME:Metamagic Rod of [NAME]							TYPE:Magic.Rod																	COST:2700	WT:5		BASEITEM:Rod																																													SOURCEPAGE:p.
Rod (Substitution)				OUTPUTNAME:Metamagic Rod of [NAME]							TYPE:Magic.Rod																	COST:10500	WT:5		BASEITEM:Rod																																													SOURCEPAGE:p.
Rod (Substitution/Greater)			OUTPUTNAME:Metamagic Rod of [NAME]							TYPE:Magic.Rod																	COST:24300	WT:5		BASEITEM:Rod																																													SOURCEPAGE:p.
Rod (Substitution/Lesser/Acid)		OUTPUTNAME:Metamagic Rod of [NAME]							TYPE:Magic.Rod																	COST:2700	WT:5		BASEITEM:Rod																																													SOURCEPAGE:p.
Rod (Substitution/Acid)				OUTPUTNAME:Metamagic Rod of [NAME]							TYPE:Magic.Rod																	COST:10500	WT:5		BASEITEM:Rod																																													SOURCEPAGE:p.
Rod (Substitution/Greater/Acid)		OUTPUTNAME:Metamagic Rod of [NAME]							TYPE:Magic.Rod																	COST:24300	WT:5		BASEITEM:Rod																																													SOURCEPAGE:p.
Rod (Substitution/Lesser/Cold)		OUTPUTNAME:Metamagic Rod of [NAME]							TYPE:Magic.Rod																	COST:2700	WT:5		BASEITEM:Rod																																													SOURCEPAGE:p.
Rod (Substitution/Cold)				OUTPUTNAME:Metamagic Rod of [NAME]							TYPE:Magic.Rod																	COST:10500	WT:5		BASEITEM:Rod																																													SOURCEPAGE:p.
Rod (Substitution/Greater/Cold)		OUTPUTNAME:Metamagic Rod of [NAME]							TYPE:Magic.Rod																	COST:24300	WT:5		BASEITEM:Rod																																													SOURCEPAGE:p.
Rod (Substitution/Lesser/Electricity)	OUTPUTNAME:Metamagic Rod of [NAME]							TYPE:Magic.Rod																	COST:2700	WT:5		BASEITEM:Rod																																													SOURCEPAGE:p.
Rod (Substitution/Electricity)		OUTPUTNAME:Metamagic Rod of [NAME]							TYPE:Magic.Rod																	COST:10500	WT:5		BASEITEM:Rod																																													SOURCEPAGE:p.
Rod (Substitution/Greater/Electricity)	OUTPUTNAME:Metamagic Rod of [NAME]							TYPE:Magic.Rod																	COST:24300	WT:5		BASEITEM:Rod																																													SOURCEPAGE:p.
Rod (Substitution/Lesser/Fire)		OUTPUTNAME:Metamagic Rod of [NAME]							TYPE:Magic.Rod																	COST:2700	WT:5		BASEITEM:Rod																																													SOURCEPAGE:p.
Rod (Substitution/Fire)				OUTPUTNAME:Metamagic Rod of [NAME]							TYPE:Magic.Rod																	COST:10500	WT:5		BASEITEM:Rod																																													SOURCEPAGE:p.
Rod (Substitution/Greater/Fire)		OUTPUTNAME:Metamagic Rod of [NAME]							TYPE:Magic.Rod																	COST:24300	WT:5		BASEITEM:Rod																																													SOURCEPAGE:p.

# Equipment Name					Output Name					Required Weapon Proficiency		Type													Alternative Type				Cost		Weight	Base Item for EQMOD	Critical Hit Multiplier	Critical Hit Range	Alternative Critical	Alternative Critical Range	Damage	Alternative Damage	Modifier										Alternative Modifier	Wield Category	Size		Source Page		Combat bonus					Special Property
Staff (Entrapment)				OUTPUTNAME:Staff of [NAME]								TYPE:Magic.Staff																	COST:36750	WT:5		BASEITEM:Staff																									EQMOD:CHARGED_ITEM_50|CHARGES[50]															SOURCEPAGE:p.
Staff (Ethereal Action)				OUTPUTNAME:Staff of [NAME]								TYPE:Magic.Staff																	COST:57300	WT:5		BASEITEM:Staff																									EQMOD:CHARGED_ITEM_50|CHARGES[50]															SOURCEPAGE:p.
Staff (Eyes)					OUTPUTNAME:Staff of [NAME]								TYPE:Magic.Staff																	COST:34700	WT:5		BASEITEM:Staff																									EQMOD:CHARGED_ITEM_50|CHARGES[50]															SOURCEPAGE:p.
Staff (Fiendish Darkness)			OUTPUTNAME:Staff of [NAME]								TYPE:Magic.Staff																	COST:98200	WT:5		BASEITEM:Staff																									EQMOD:CHARGED_ITEM_50|CHARGES[50]															SOURCEPAGE:p.
Staff (Mastery)					OUTPUTNAME:Staff of [NAME]		PROFICIENCY:WEAPON|Quarterstaff	TYPE:Magic.Staff.Weapon.Simple.Melee.Bludgeoning.Standard.Double.Quarterstaff	ALTTYPE:Weapon.Melee.Bludgeoning	COST:223000	WT:5		BASEITEM:Staff		CRITMULT:x2			CRITRANGE:1			ALTCRITMULT:x2		ALTCRITRANGE:1			DAMAGE:1d6	ALTDAMAGE:1d6		EQMOD:CHARGED_ITEM_50|CHARGES[50].CLOUT_M.LAW_M.MWORKW.PLUS4W	ALTEQMOD:MWORKW.PLUS1W	WIELD:TwoHanded	SIZE:M	SOURCEPAGE:p.
Staff (Night)					OUTPUTNAME:Staff of [NAME]								TYPE:Magic.Staff																	COST:30000	WT:5		BASEITEM:Staff																									EQMOD:CHARGED_ITEM_50|CHARGES[50]															SOURCEPAGE:p.
Staff (Opening)					OUTPUTNAME:Staff of [NAME]								TYPE:Magic.Staff																	COST:42200	WT:5		BASEITEM:Staff																									EQMOD:CHARGED_ITEM_50|CHARGES[50]															SOURCEPAGE:p.
Staff (Skulls)					OUTPUTNAME:Staff of [NAME]								TYPE:Magic.Staff																	COST:39200	WT:5		BASEITEM:Staff																									EQMOD:CHARGED_ITEM_50|CHARGES[50]															SOURCEPAGE:p.
Staff (Transportation)				OUTPUTNAME:Staff of [NAME]								TYPE:Magic.Staff																	COST:67500	WT:5		BASEITEM:Staff																									EQMOD:CHARGED_ITEM_50|CHARGES[50]															SOURCEPAGE:p.
Staff (Vision)					OUTPUTNAME:Staff of [NAME]								TYPE:Magic.Staff																	COST:42800	WT:5		BASEITEM:Staff																									EQMOD:CHARGED_ITEM_50|CHARGES[50]															SOURCEPAGE:p.

###Block: Rings
# Equipment Name		Type			Cost		Weight	Source Page		Innate Spells											Caster level				Special Property
Ring of Arcane Might	TYPE:Magic.Ring	COST:20000	WT:0		SOURCEPAGE:p.144														BONUS:CASTERLEVEL|TYPE.Arcane|1	SPROP:Usually made of bronze, a ring of arcane might is forged in the shape of a serpent devouring its own tail. When worn by any arcane spellcaster, the ring provides a +1 bonus to arcane caster level for the purpose of spell penetration checks, caster level checks, and all level-based variables of any arcane spell the wearer casts. Moderate abjuration; CL 8th
Ring of Lore		TYPE:Magic.Ring	COST:23500	WT:0		SOURCEPAGE:p.144	SPELLS:Innate|TIMES=1|TIMEUNIT=Week|CASTERLEVEL=12|Legend Lore|Stone Tell							SPROP:A creature wearing a lore ring can use legend lore and stone tell each once per week by speaking a command word, and can fi nd magic traps created by glyphs, runes, sigils, and symbols with a successful Search check, just as a rogue does. Strong divination; CL 12th
Ring of Spell-Battle	TYPE:Magic.Ring	COST:67600	WT:0		SOURCEPAGE:p.144																				SPROP:This potent ring is typically made of gold and set with small spheres of silver. The wearer becomes cognizant of all spellcasting that occurs within 60 feet, and she can identify the spell being cast (even if she can't see its casting or effect) on a successful Spellcraft check (DC 15 + spell level). If this identifi cation succeeds, the wearer can choose once per day to have the ring counterspell (without readying a counterspell action or making a dispel check) or can change the target or the point of effect of the spell to any target or point within 60 feet (including herself if she chooses to redirect a potentially benefi cial spell). If the wearer chooses an illegal target (an animal for a humanoid-affecting spell, for instance, or a point of effect outside the spell's range as measured from the original caster), the spell functions normally and the redirection is wasted. If the wearer ends up in the area of a retargeted spell, she experiences the effect of the spell as normal. Strong divination; CL 14th
Ring of Theurgy		TYPE:Magic.Ring	COST:20000	WT:0		SOURCEPAGE:p.145																				SPROP:Often carved from a single piece of polished coral, a ring of theurgy functions differently depending on which type of arcane spellcaster wears it. For wizards and other characters who prepare spells, the ring serves as a small and quickly accessible spellbook capable of storing up to three spells of any level the wearer can cast. As a move action, the wearer can transfer any spell in the ring to an empty spell slot of the appropriate level, with the spell instantly ready to be cast as if previously prepared. The wearer can't transfer a spell from a ring of theurgy to an expended spell slot, but only to a spell slot that he deliberately left empty in order to prepare a spell, providing some degree of spontaneity in the spells he has available even though he gains no additional spells per day. For example, a 5th-level wizard might store fi reball, dispel magic, and fl y in the ring, then leave one 3rd-level spell slot open to be used for offense, defense, or escape as necessary. Sorcerers and other characters who don't prepare spells gain a different benefi t from a ring of theurgy. Each spell stored in the ring is usable as an additional spell known as long as the character has an unused spell slot of the appropriate level. The stored spell disappears from the ring when cast, but the wearer can then have spells not on her spell list cast into the ring to be used again. For example, a bard who doesn't have invisibility sphere on her list of spells known could have the spell put into a ring of theurgy by her party's wizard so that both characters have the spell available if needed. Any material components or XP components are provided at the time the spell is cast from the ring, not at the time it is put into the ring to be stored for later retrieval. Moderate universal; CL 12th;

###Block: Base Types
# Equipment Name	Type					Cost		Weight	Requires Modification?	Source Page
Spell Object	TYPE:SpellObject.Consumable	COST:0	WT:0		MODS:REQUIRED		SOURCEPAGE:p.

# Equipment Name	Type					Cost		Weight	Requires Modification?	Source Page
Magic Fruit		TYPE:Potion.Consumable		COST:0	WT:0		MODS:REQUIRED		SOURCEPAGE:p.
Magic Tile		TYPE:Potion.Consumable		COST:0	WT:0		MODS:REQUIRED		SOURCEPAGE:p.
Skull Talisman	TYPE:Potion.Consumable		COST:0	WT:0		MODS:REQUIRED		SOURCEPAGE:p.
Gemstone		TYPE:Scroll.Consumable		COST:0	WT:0		MODS:REQUIRED		SOURCEPAGE:p.
Incendiary Powder	TYPE:Scroll.Consumable		COST:0	WT:0		MODS:REQUIRED		SOURCEPAGE:p.
Macrame		TYPE:Scroll.Consumable		COST:0	WT:0		MODS:REQUIRED		SOURCEPAGE:p.
Vellum		TYPE:Scroll.Consumable		COST:0	WT:0		MODS:REQUIRED		SOURCEPAGE:p.
