# CVS $Revision: $ $Author: $ -- Sun Aug 17 15:41:15 2014 -- reformated by prettylst.pl v1.51 (build 24906)
###Block: Epic Support
# Feat Name					Type					Required Skill			Required Text											Clear Description	Stackable?	Multiple?	Choose				Bonus DC											Bonus to skill													Modify VAR				Source Page
Automatic Quicken Spell.MOD		TYPE:Epic.Metamagic.Wizard																			DESC:.CLEAR																																						BONUS:VAR|AutomaticQuicken|-2	SOURCEPAGE:p.
Automatic Silent Spell.MOD		TYPE:Epic.Metamagic.Wizard																			DESC:.CLEAR
Automatic Still Spell.MOD		TYPE:Epic.Metamagic.Wizard																			DESC:.CLEAR
Enhance Spell.MOD				TYPE:Epic.Metamagic.Wizard																			DESC:.CLEAR
Epic Spell Focus.MOD													PRETEXT:Ability to cast at least one 9th level spell of the selected school													BONUS:DC|SCHOOL.%LIST|3|TYPE=SpellFocus	BONUS:DC|SCHOOL.%LIST|-1																					SOURCEPAGE:p.
#Epic Spell Penetration
Improved Combat Casting.MOD																												STACK:NO	MULT:YES	CHOOSE:CLASS|PC[SPELLCASTER]													BONUS:SKILL|Concentration (Cast defensively)|max(1,charbonusto(CASTERLEVEL,%LIST)/2)						SOURCEPAGE:p.
Master Staff.MOD									PRESKILL:1,Spellcraft=30																																																										SOURCEPAGE:p.
#Master Wand

# Warmage
Automatic Silent Spell.MOD		TYPE:EpicWarmage
Automatic Still Spell.MOD		TYPE:EpicWarmage
Craft Epic Magic Arms and Armor.MOD	TYPE:EpicWarmage
Craft Epic Rod.MOD			TYPE:EpicWarmage
Craft Epic Staff.MOD			TYPE:EpicWarmage
Craft Epic Wondrous Item.MOD		TYPE:EpicWarmage
Efficient Item Creation.MOD		TYPE:EpicWarmage
#Energy Resistance.MOD	TYPE:EpicWarmage
Energy Resistance ~ Acid.MOD		TYPE:EpicWarmage
Energy Resistance ~ Cold.MOD		TYPE:EpicWarmage
Energy Resistance ~ Electricity.MOD	TYPE:EpicWarmage
Energy Resistance ~ Fire.MOD		TYPE:EpicWarmage
Energy Resistance ~ Sonic.MOD		TYPE:EpicWarmage
Enhance Spell.MOD				TYPE:EpicWarmage
Epic Spell Focus.MOD			TYPE:EpicWarmage
Epic Spell Penetration.MOD		TYPE:EpicWarmage
Epic Spellcasting.MOD			TYPE:EpicWarmage
Ignore Material Components.MOD	TYPE:EpicWarmage
Improved Combat Casting.MOD		TYPE:EpicWarmage
Improved Heighten Spell.MOD		TYPE:EpicWarmage
Improved Metamagic.MOD			TYPE:EpicWarmage
Improved Spell Capacity.MOD		TYPE:EpicWarmage
Intensify Spell.MOD			TYPE:EpicWarmage
Master Staff.MOD				TYPE:EpicWarmage
Master Wand.MOD				TYPE:EpicWarmage
Scribe Epic Scroll.MOD			TYPE:EpicWarmage
Spell Opportunity.MOD			TYPE:EpicWarmage
Spell Stowaway.MOD			TYPE:EpicWarmage
Spellcasting Harrier.MOD		TYPE:EpicWarmage
Tenacious Magic.MOD			TYPE:EpicWarmage
# Wu Jen
Augmented Alchemy.MOD			TYPE:EpicWuJen
Automatic Quicken Spell.MOD		TYPE:EpicWuJen
Automatic Silent Spell.MOD		TYPE:EpicWuJen
Automatic Still Spell.MOD		TYPE:EpicWuJen
Enhance Spell.MOD				TYPE:EpicWuJen
Epic Spell Focus.MOD			TYPE:EpicWuJen
Epic Spell Penetration.MOD		TYPE:EpicWuJen
Epic Spellcasting.MOD			TYPE:EpicWuJen
Ignore Material Components.MOD	TYPE:EpicWuJen
Improved Combat Casting.MOD		TYPE:EpicWuJen
Improved Heighten Spell.MOD		TYPE:EpicWuJen
Improved Metamagic.MOD			TYPE:EpicWuJen
Improved Spell Capacity.MOD		TYPE:EpicWuJen
Intensify Spell.MOD			TYPE:EpicWuJen
Multispell.MOD				TYPE:EpicWuJen
Permanent Emanation.MOD			TYPE:EpicWuJen
Spell Knowledge.MOD			TYPE:EpicWuJen
Spell Opportunity.MOD			TYPE:EpicWuJen
Spell Stowaway.MOD			TYPE:EpicWuJen
Spontaneous Spell.MOD			TYPE:EpicWuJen
Superior Initiative.MOD			TYPE:EpicWuJen
Tenacious Magic.MOD			TYPE:EpicWuJen
