# CVS $Revision: $ $Author: $ -- Thu Jul 10 13:59:32 2014 -- reformated by prettylst.pl v1.51 (build 24365)

# Spell Name				Unique Key				Classes of caster				School		Components	Casting Time			Range			Target Area or Effect			Duration				Spell Resistance	Source Page
Arcane Sensitivity																																									SOURCEPAGE:p.44
Brittleskin																																											SOURCEPAGE:p.44
Circlet of Enervation																																									SOURCEPAGE:p.44
Coral Growth																																										SOURCEPAGE:p.45
Daltim's Fiery Tentacles																																								SOURCEPAGE:p.45
Darsson's Chilling Chamber																																								SOURCEPAGE:p.45
Darsson's Cooling Breeze																																								SOURCEPAGE:p.45
Darsson's Fiery Furnace																																									SOURCEPAGE:p.46
Dispel Fog																																											SOURCEPAGE:p.46
Easy Trail																																											SOURCEPAGE:p.46
Entropic Shield, Mass			KEY:Entropic Shield (Mass)																																		SOURCEPAGE:p.46
Fiery Vision																																										SOURCEPAGE:p.46
Jump, Mass					KEY:Jump (Mass)																																				SOURCEPAGE:p.47
Kyristan's Malevolent Tentacles																																							SOURCEPAGE:p.47
Land Womb																																											SOURCEPAGE:p.47
Lightning Fog																																										SOURCEPAGE:p.47
Mycontil's Last Resort																																									SOURCEPAGE:p.48
Protection from Winged Flyers																																								SOURCEPAGE:p.48
Redirect Spell																																										SOURCEPAGE:p.48
Rock Catch																																											SOURCEPAGE:p.48
Rockburst																																											SOURCEPAGE:p.48
Safe Clearing																																										SOURCEPAGE:p.48
Sea Legs																																											SOURCEPAGE:p.49
Shuffle																																											SOURCEPAGE:p.49
Sparkles																																											SOURCEPAGE:p.49
Sticks and Stones																																										SOURCEPAGE:p.49
Stone Trap																																											SOURCEPAGE:p.49
Stonefire																																											SOURCEPAGE:p.50
Streamers										CLASSES:Cleric,Sorcerer,Wizard=5	SCHOOL:Evocation	COMPS:V,S,M	CASTTIME:1 standard action	RANGE:Medium	TARGETAREA:One of more streamers	DURATION:(CASTERLEVEL) rounds	SPELLRES:YES	SOURCEPAGE:p.50
Sun Bolt																																											SOURCEPAGE:p.51
Suspension																																											SOURCEPAGE:p.51
Tidal Wave																																											SOURCEPAGE:p.51
Wall of Pain																																										SOURCEPAGE:p.51
