


###Block: Familiar Kits
STARTPACK:Familiar ~ Bat	TYPE:Companion	VISIBLE:NO
RACE:Bat	!PRERACE:1,%
ALIGN:TN
SKILL:Move Silently	RANK:4
FEAT:Alertness
STAT:DEX=11|STR=10|CON=10|INT=10|WIS=10|CHA=10

STARTPACK:Familiar ~ Cat	TYPE:Companion	VISIBLE:NO
RACE:Cat	!PRERACE:1,%
ALIGN:TN
SKILL:Listen	RANK:2
SKILL:Spot		RANK:2
FEAT:Stealthy
STAT:STR=11|DEX=11|CHA=11|CON=10|INT=10|WIS=10

STARTPACK:Familiar ~ Hawk	TYPE:Companion	VISIBLE:NO
RACE:Hawk	!PRERACE:1,%
ALIGN:TN
SKILL:Spot	RANK:4
FEAT:Alertness
STAT:DEX=11|STR=10|CON=10|INT=10|WIS=10|CHA=10

STARTPACK:Familiar ~ Lizard	TYPE:Companion	VISIBLE:NO
RACE:Lizard	!PRERACE:1,%
ALIGN:TN
SKILL:Listen	RANK:2
SKILL:Spot		RANK:2
FEAT:Stealthy
STAT:STR=11|DEX=11|CON=10|INT=10|WIS=10|CHA=10

STARTPACK:Familiar ~ Owl	TYPE:Companion	VISIBLE:NO
RACE:Owl	!PRERACE:1,%
ALIGN:TN
SKILL:Listen	RANK:2
SKILL:Spot		RANK:2
FEAT:Alertness
STAT:DEX=11|STR=10|CON=10|INT=10|WIS=10|CHA=10

STARTPACK:Familiar ~ Rat	TYPE:Companion	VISIBLE:NO
RACE:Rat	!PRERACE:1,%
ALIGN:TN
SKILL:Move Silently	RANK:2
SKILL:Climb			RANK:2
SKILL:Move Silently	RANK:2	FREE:YES
FEAT:Stealthy
STAT:DEX=11|STR=10|CON=10|INT=10|WIS=10|CHA=10

STARTPACK:Familiar ~ Raven	TYPE:Companion	VISIBLE:NO
RACE:Raven	!PRERACE:1,%
ALIGN:TN
SKILL:Listen	RANK:1
SKILL:Spot		RANK:3
FEAT:Alertness
TEMPLATE:Raven Familiar Language
STAT:DEX=11|STR=10|CON=10|INT=10|WIS=10|CHA=10

STARTPACK:Familiar ~ Snake	TYPE:Companion	VISIBLE:NO
RACE:Snake (Viper/Tiny)	!PRERACE:1,%
ALIGN:TN
SKILL:Listen	RANK:1
SKILL:Spot		RANK:1
FEAT:Improved Initiative
STAT:DEX=11|CON=11|STR=10|INT=10|WIS=10|CHA=10

STARTPACK:Familiar ~ Toad	TYPE:Companion	VISIBLE:NO
RACE:Toad	!PRERACE:1,%
ALIGN:TN
SKILL:Hide	RANK:4
FEAT:Alertness
STAT:CON=11|STR=10|DEX=10|INT=10|WIS=10|CHA=10

STARTPACK:Familiar ~ Weasel	TYPE:Companion	VISIBLE:NO
RACE:Weasel	!PRERACE:1,%
ALIGN:TN
SKILL:Hide			RANK:1
SKILL:Move Silently	RANK:2
SKILL:Spot			RANK:1
SKILL:Spot			RANK:1	FREE:YES
FEAT:Agile
STAT:STR=11|DEX=11|CHA=11|CON=10|INT=10|WIS=10


###Block: Animal Companion Kits

STARTPACK:Ape Companion	TYPE:Companion	VISIBLE:NO	EQUIPBUY:0	PREMULT:1,[!PRERACE:1,%],[PRERACE:1,Ape]
RACE:Ape	!PRERACE:1,%
ALIGN:TN
SKILL:Climb		RANK:1
SKILL:Listen	RANK:3
SKILL:Spot		RANK:3
FEAT:Alertness
FEAT:Toughness
STAT:STR=11|DEX=11|CHA=11|CON=10|INT=10|WIS=10

STARTPACK:Badger Companion	TYPE:Companion	VISIBLE:NO	EQUIPBUY:0	PREMULT:1,[!PRERACE:1,%],[PRERACE:1,Badger]
RACE:Badger	!PRERACE:1,%
ALIGN:TN
SKILL:Listen	RANK:2
SKILL:Spot		RANK:2
FEAT:Weapon Finesse
STAT:DEX=11|CON=11|STR=10|INT=10|WIS=10|CHA=10

STARTPACK:Bear (Black) Companion	TYPE:Companion	VISIBLE:NO	EQUIPBUY:0	PREMULT:1,[!PRERACE:1,%],[PRERACE:1,Bear (Black)]
RACE:Bear (Black)	!PRERACE:1,%
ALIGN:TN
SKILL:Listen	RANK:3
SKILL:Spot		RANK:3
FEAT:Endurance
FEAT:Run
STAT:STR=11|DEX=11|CON=11|INT=10|WIS=10|CHA=10

STARTPACK:Bear (Brown) Companion	TYPE:Companion	VISIBLE:NO	EQUIPBUY:0	PREMULT:1,[!PRERACE:1,%],[PRERACE:1,Bear (Brown)]
RACE:Bear (Brown)	!PRERACE:1,%
ALIGN:TN
SKILL:Spot		RANK:6
SKILL:Listen	RANK:3
FEAT:Endurance
FEAT:Run
FEAT:Track
STAT:STR=11|DEX=11|CON=11|INT=10|WIS=10|CHA=10

STARTPACK:Bear (Polar) Companion	TYPE:Companion	VISIBLE:NO	EQUIPBUY:0	PREMULT:1,[!PRERACE:1,%],[PRERACE:1,Bear (Polar)]
RACE:Bear (Polar)	!PRERACE:1,%
ALIGN:TN
SKILL:Spot		RANK:6
SKILL:Listen	RANK:4
SKILL:Hide		RANK:1
FEAT:Endurance
FEAT:Run
FEAT:Track
STAT:STR=11|DEX=11|CON=11|INT=10|WIS=10|CHA=10

STARTPACK:Bison Companion	TYPE:Companion	VISIBLE:NO	EQUIPBUY:0	PREMULT:1,[!PRERACE:1,%],[PRERACE:1,Bison]
RACE:Bison	!PRERACE:1,%
ALIGN:TN
SKILL:Spot		RANK:3
SKILL:Listen	RANK:5
FEAT:Alertness
FEAT:Endurance
STAT:WIS=11|STR=10|DEX=10|CON=10|INT=10|CHA=10

STARTPACK:Boar Companion	TYPE:Companion	VISIBLE:NO	EQUIPBUY:0	PREMULT:1,[!PRERACE:1,%],[PRERACE:1,Boar]
RACE:Boar	!PRERACE:1,%
ALIGN:TN
SKILL:Listen	RANK:4
SKILL:Spot		RANK:2
FEAT:Alertness
FEAT:Toughness
STAT:STR=11|CON=11|WIS=11|DEX=10|INT=10|CHA=10

STARTPACK:Camel Companion	TYPE:Companion	VISIBLE:NO	EQUIPBUY:0	PREMULT:1,[!PRERACE:1,%],[PRERACE:1,Camel]
RACE:Camel	!PRERACE:1,%
ALIGN:TN
SKILL:Listen	RANK:3
SKILL:Spot		RANK:3
FEAT:Alertness
FEAT:Endurance
STAT:WIS=11|STR=10|DEX=10|CON=10|INT=10|CHA=10

STARTPACK:Cheetah Companion	TYPE:Companion	VISIBLE:NO	EQUIPBUY:0	PREMULT:1,[!PRERACE:1,%],[PRERACE:1,Cheetah]
RACE:Cheetah	!PRERACE:1,%
ALIGN:TN
SKILL:Listen		RANK:1
SKILL:Spot			RANK:1
SKILL:Hide			RANK:2
SKILL:Move Silently	RANK:2
FEAT:Alertness
FEAT:Weapon Finesse
STAT:DEX=11|CON=11|STR=10|INT=10|WIS=10|CHA=10

STARTPACK:Crocodile Companion	TYPE:Companion	VISIBLE:NO	EQUIPBUY:0	PREMULT:1,[!PRERACE:1,%],[PRERACE:1,Crocodile]
RACE:Crocodile	!PRERACE:1,%
ALIGN:TN
SKILL:Hide		RANK:3
SKILL:Listen	RANK:1
SKILL:Spot		RANK:1
FEAT:Alertness
FEAT:Skill Focus(Hide)
STAT:STR=11|CON=11|DEX=10|INT=10|WIS=10|CHA=10

STARTPACK:Crocodile (Giant) Companion	TYPE:Companion	VISIBLE:NO	EQUIPBUY:0	PREMULT:1,[!PRERACE:1,%],[PRERACE:1,Crocodile (Giant)]
RACE:Crocodile (Giant)	!PRERACE:1,%
ALIGN:TN
SKILL:Hide		RANK:5
SKILL:Listen	RANK:2
SKILL:Spot		RANK:2
FEAT:Alertness
FEAT:Endurance
FEAT:Skill Focus(Hide)
STAT:STR=11|CON=11|DEX=10|INT=10|WIS=10|CHA=10

STARTPACK:Dog Companion	TYPE:Companion	VISIBLE:NO	EQUIPBUY:0
RACE:Dog	!PRERACE:1,%
ALIGN:TN
SKILL:Listen	RANK:2
SKILL:Spot		RANK:2
FEAT:Alertness
STAT:STR=11|DEX=11|CON=11|INT=10|WIS=10|CHA=10

STARTPACK:Dog (Riding) Companion	TYPE:Companion	VISIBLE:NO	EQUIPBUY:0
RACE:Dog (Riding)	!PRERACE:1,%
ALIGN:TN
SKILL:Swim		RANK:1
SKILL:Listen	RANK:2
SKILL:Spot		RANK:2
FEAT:Alertness
STAT:STR=11|DEX=11|CON=11|INT=10|WIS=10|CHA=10

STARTPACK:Eagle Companion	TYPE:Companion	VISIBLE:NO	EQUIPBUY:0	PREMULT:1,[!PRERACE:1,%],[PRERACE:1,Eagle]
RACE:Eagle	!PRERACE:1,%
ALIGN:TN
SKILL:Spot	RANK:4
FEAT:Weapon Finesse
STAT:DEX=11|STR=10|CON=10|INT=10|WIS=10|CHA=10

STARTPACK:Elephant Companion	TYPE:Companion	VISIBLE:NO	EQUIPBUY:0	PREMULT:1,[!PRERACE:1,%],[PRERACE:1,Elephant]
RACE:Elephant	!PRERACE:1,%
ALIGN:TN
SKILL:Spot		RANK:7
SKILL:Listen	RANK:9
FEAT:Alertness
FEAT:Endurance
FEAT:Iron Will
FEAT:Skill Focus(Listen)
STAT:CON=11|WIS=11|CHA=11|STR=10|DEX=10|INT=10

STARTPACK:Hawk Companion	TYPE:Companion	VISIBLE:NO	EQUIPBUY:0	PREMULT:1,[!PRERACE:1,%],[PRERACE:1,Hawk]
RACE:Hawk	!PRERACE:1,%
ALIGN:TN
SKILL:Spot	RANK:4
FEAT:Weapon Finesse
STAT:DEX=11|STR=10|CON=10|INT=10|WIS=10|CHA=10

STARTPACK:Horse (Heavy) Companion	TYPE:Companion	VISIBLE:NO	EQUIPBUY:0	PREMULT:1,[!PRERACE:1,%],[PRERACE:1,Horse (Heavy)]
RACE:Horse (Heavy)	!PRERACE:1,%
ALIGN:TN
SKILL:Listen	RANK:3
SKILL:Spot		RANK:3
FEAT:Endurance
FEAT:Run
STAT:DEX=11|CON=11|STR=10|INT=10|WIS=10|CHA=10

STARTPACK:Horse (Light) Companion	TYPE:Companion	VISIBLE:NO	EQUIPBUY:0	PREMULT:1,[!PRERACE:1,%],[PRERACE:1,Horse (Light)]
RACE:Horse (Light)	!PRERACE:1,%
ALIGN:TN
SKILL:Listen	RANK:3
SKILL:Spot		RANK:3
FEAT:Endurance
FEAT:Run
STAT:DEX=11|CON=11|STR=10|INT=10|WIS=10|CHA=10

STARTPACK:Leopard Companion	TYPE:Companion	VISIBLE:NO	EQUIPBUY:0	PREMULT:1,[!PRERACE:1,%],[PRERACE:1,Leopard]
RACE:Leopard	!PRERACE:1,%
ALIGN:TN
SKILL:Listen	RANK:3
SKILL:Spot		RANK:3
FEAT:Alertness
FEAT:Weapon Finesse
STAT:DEX=11|CON=11|STR=10|INT=10|WIS=10|CHA=10

STARTPACK:Lion Companion	TYPE:Companion	VISIBLE:NO	EQUIPBUY:0	PREMULT:1,[!PRERACE:1,%],[PRERACE:1,Lion]
RACE:Lion	!PRERACE:1,%
ALIGN:TN
SKILL:Move Silently	RANK:4
SKILL:Listen		RANK:2
SKILL:Spot			RANK:2
FEAT:Alertness
FEAT:Run
STAT:STR=11|DEX=11|CON=11|INT=10|WIS=10|CHA=10

STARTPACK:Lizard (Monitor) Companion	TYPE:Companion	VISIBLE:NO	EQUIPBUY:0	PREMULT:1,[!PRERACE:1,%],[PRERACE:1,Lizard (Monitor)]
RACE:Lizard (Monitor)	!PRERACE:1,%
ALIGN:TN
SKILL:Listen		RANK:1
SKILL:Spot			RANK:1
SKILL:Climb			RANK:4
SKILL:Hide			RANK:4
SKILL:Move Silently	RANK:4
FEAT:Alertness
FEAT:Great Fortitude
STAT:STR=11|DEX=11|CON=11|INT=10|WIS=10|CHA=10

STARTPACK:Octopus (Giant) Companion	TYPE:Companion	VISIBLE:NO	EQUIPBUY:0	PREMULT:1,[!PRERACE:1,%],[PRERACE:1,Octopus (Giant)]
RACE:Octopus (Giant)	!PRERACE:1,%
ALIGN:TN
SKILL:Listen	RANK:1
SKILL:Spot		RANK:3
SKILL:Hide		RANK:10
FEAT:Alertness
FEAT:Skill Focus(Hide)
FEAT:Toughness
STAT:DEX=11|CON=11|CHA=11|STR=10|INT=10|WIS=10

STARTPACK:Owl Companion	TYPE:Companion	VISIBLE:NO	EQUIPBUY:0	PREMULT:1,[!PRERACE:1,%],[PRERACE:1,Owl]
RACE:Owl	!PRERACE:1,%
ALIGN:TN
SKILL:Listen	RANK:2
SKILL:Spot		RANK:2
FEAT:Weapon Finesse
STAT:DEX=11|STR=10|CON=10|INT=10|WIS=10|CHA=10

STARTPACK:Pony Companion	TYPE:Companion	VISIBLE:NO	EQUIPBUY:0	PREMULT:1,[!PRERACE:1,%],[PRERACE:1,Pony]
RACE:Pony	!PRERACE:1,%
ALIGN:TN
SKILL:Listen	RANK:5
SKILL:Spot		RANK:5	FREE:YES
FEAT:Endurance
STAT:STR=11|DEX=11|WIS=11|CON=10|INT=10|CHA=10

STARTPACK:Porpoise Companion	TYPE:Companion	VISIBLE:NO	EQUIPBUY:0	PREMULT:1,[!PRERACE:1,%],[PRERACE:1,Porpoise]
RACE:Porpoise	!PRERACE:1,%
ALIGN:TN
SKILL:Spot		RANK:2
SKILL:Listen	RANK:3
FEAT:Weapon Finesse
STAT:STR=11|DEX=11|CON=11|INT=10|WIS=10|CHA=10

STARTPACK:Rhinoceros Companion	TYPE:Companion	VISIBLE:NO	EQUIPBUY:0	PREMULT:1,[!PRERACE:1,%],[PRERACE:1,Rhinoceros]
RACE:Rhinoceros	!PRERACE:1,%
ALIGN:TN
SKILL:Listen	RANK:11
FEAT:Alertness
FEAT:Endurance
FEAT:Improved Natural Attack(Gore)
STAT:CON=11|WIS=11|STR=10|DEX=10|INT=10|CHA=10

STARTPACK:Shark (Huge) Companion	TYPE:Companion	VISIBLE:NO	EQUIPBUY:0	PREMULT:1,[!PRERACE:1,%],[PRERACE:1,Shark (Huge)]
RACE:Shark (Huge)	!PRERACE:1,%
ALIGN:TN
SKILL:Listen	RANK:7
SKILL:Spot		RANK:7
FEAT:Alertness
FEAT:Great Fortitude
FEAT:Improved Initiative
FEAT:Iron Will
STAT:STR=11|DEX=11|CON=11|INT=10|WIS=10|CHA=10

STARTPACK:Shark (Large) Companion	TYPE:Companion	VISIBLE:NO	EQUIPBUY:0	PREMULT:1,[!PRERACE:1,%],[PRERACE:1,Shark (Large)]
RACE:Shark (Large)	!PRERACE:1,%
ALIGN:TN
SKILL:Spot		RANK:4
SKILL:Listen	RANK:5
FEAT:Alertness
FEAT:Great Fortitude
FEAT:Improved Initiative
STAT:STR=11|DEX=11|CON=11|INT=10|WIS=10|CHA=10

STARTPACK:Shark (Medium) Companion	TYPE:Companion	VISIBLE:NO	EQUIPBUY:0	PREMULT:1,[!PRERACE:1,%],[PRERACE:1,Shark (Medium)]
RACE:Shark (Medium)	!PRERACE:1,%
ALIGN:TN
SKILL:Listen	RANK:3
SKILL:Spot		RANK:3
FEAT:Alertness
FEAT:Weapon Finesse
STAT:STR=11|DEX=11|CON=11|INT=10|WIS=10|CHA=10

STARTPACK:Snake (Constrictor) Companion	TYPE:Companion	VISIBLE:NO	EQUIPBUY:0	PREMULT:1,[!PRERACE:1,%],[PRERACE:1,Snake (Constrictor)]
RACE:Snake (Constrictor)	!PRERACE:1,%
ALIGN:TN
SKILL:Climb	RANK:3
SKILL:Hide	RANK:3
FEAT:Alertness
FEAT:Toughness
STAT:STR=11|DEX=11|CON=11|INT=10|WIS=10|CHA=10

STARTPACK:Snake (Constrictor/Giant) Companion	TYPE:Companion	VISIBLE:NO	EQUIPBUY:0	PREMULT:1,[!PRERACE:1,%],[PRERACE:1,Snake (Constrictor/Giant)]
RACE:Snake (Constrictor/Giant)	!PRERACE:1,%
ALIGN:TN
SKILL:Hide		RANK:8
SKILL:Climb		RANK:2
SKILL:Listen	RANK:2
SKILL:Spot		RANK:2
FEAT:Alertness
FEAT:Endurance
FEAT:Skill Focus(Hide)
FEAT:Toughness
STAT:STR=11|DEX=11|CON=11|INT=10|WIS=10|CHA=10

STARTPACK:Snake (Viper/Small) Companion	TYPE:Companion	VISIBLE:NO	EQUIPBUY:0	PREMULT:1,[!PRERACE:1,%],[PRERACE:1,Snake (Viper/Small)]
RACE:Snake (Viper/Small)	!PRERACE:1,%
ALIGN:TN
SKILL:Listen	RANK:2
SKILL:Spot		RANK:2
SKILL:Climb		RANK:5
FEAT:Weapon Finesse
STAT:DEX=11|CON=11|STR=10|INT=10|WIS=10|CHA=10

STARTPACK:Snake (Viper/Medium) Companion	TYPE:Companion	VISIBLE:NO	EQUIPBUY:0	PREMULT:1,[!PRERACE:1,%],[PRERACE:1,Snake (Viper/Medium)]
RACE:Snake (Viper/Medium)	!PRERACE:1,%
ALIGN:TN
SKILL:Hide	RANK:5
FEAT:Weapon Finesse
STAT:DEX=11|CON=11|STR=10|INT=10|WIS=10|CHA=10

STARTPACK:Snake (Viper/Large) Companion	TYPE:Companion	VISIBLE:NO	EQUIPBUY:0	PREMULT:1,[!PRERACE:1,%],[PRERACE:1,Snake (Viper/Large)]
RACE:Snake (Viper/Large)	!PRERACE:1,%
ALIGN:TN
SKILL:Spot	RANK:1
SKILL:Hide	RANK:5
FEAT:Improved Initiative
FEAT:Weapon Finesse
STAT:DEX=11|CON=11|STR=10|INT=10|WIS=10|CHA=10

STARTPACK:Snake (Viper/Huge) Companion	TYPE:Companion	VISIBLE:NO	EQUIPBUY:0	PREMULT:1,[!PRERACE:1,%],[PRERACE:1,Snake (Viper/Huge)]
RACE:Snake (Viper/Huge)	!PRERACE:1,%
ALIGN:TN
SKILL:Listen	RANK:2
SKILL:Spot		RANK:2
SKILL:Hide		RANK:5
FEAT:Improved Initiative
FEAT:Run
FEAT:Weapon Focus(Bite)
STAT:DEX=11|CON=11|STR=10|INT=10|WIS=10|CHA=10

STARTPACK:Squid Companion	TYPE:Companion	VISIBLE:NO	EQUIPBUY:0	PREMULT:1,[!PRERACE:1,%],[PRERACE:1,Squid]
RACE:Squid	!PRERACE:1,%
ALIGN:TN
SKILL:Listen	RANK:4
SKILL:Spot		RANK:2
SKILL:Spot		RANK:2	FREE:YES
FEAT:Alertness
FEAT:Endurance
STAT:DEX=11|CON=11|STR=10|INT=10|WIS=10|CHA=10

STARTPACK:Squid (Giant) Companion	TYPE:Companion	VISIBLE:NO	EQUIPBUY:0	PREMULT:1,[!PRERACE:1,%],[PRERACE:1,Squid (Giant)]
RACE:Squid (Giant)	!PRERACE:1,%
ALIGN:TN
SKILL:Spot		RANK:8
SKILL:Listen	RANK:8
FEAT:Alertness
FEAT:Diehard
FEAT:Endurance
FEAT:Toughness
FEAT:Toughness
STAT:DEX=11|CON=11|STR=10|INT=10|WIS=10|CHA=10

STARTPACK:Tiger Companion	TYPE:Companion	VISIBLE:NO	EQUIPBUY:0	PREMULT:1,[!PRERACE:1,%],[PRERACE:1,Tiger]
RACE:Tiger	!PRERACE:1,%
ALIGN:TN
SKILL:Hide			RANK:1
SKILL:Move Silently	RANK:3
SKILL:Swim			RANK:5
FEAT:Improved Natural Attack(Claw)
FEAT:Improved Natural Attack(Bite)
FEAT:Alertness
STAT:STR=11|DEX=11|CON=11|INT=10|WIS=10|CHA=10

STARTPACK:Whale (Orca) Companion	TYPE:Companion	VISIBLE:NO	EQUIPBUY:0	PREMULT:1,[!PRERACE:1,%],[PRERACE:1,Whale (Orca)]
RACE:Whale (Orca)	!PRERACE:1,%
ALIGN:TN
SKILL:Listen	RANK:6
SKILL:Spot		RANK:6
FEAT:Alertness
FEAT:Endurance
FEAT:Run
FEAT:Toughness
STAT:STR=11|DEX=11|CON=11|INT=10|WIS=10|CHA=10

STARTPACK:Wolf Companion	TYPE:Companion	VISIBLE:NO	EQUIPBUY:0
RACE:Wolf	!PRERACE:1,%
ALIGN:TN
SKILL:Move Silently	RANK:1
SKILL:Listen		RANK:2
SKILL:Spot			RANK:2
FEAT:Weapon Focus(Bite)
STAT:STR=11|DEX=11|CON=11|INT=10|WIS=10|CHA=10

STARTPACK:Wolverine Companion	TYPE:Companion	VISIBLE:NO	EQUIPBUY:0	PREMULT:1,[!PRERACE:1,%],[PRERACE:1,Wolverine]
RACE:Wolverine	!PRERACE:1,%
ALIGN:TN
SKILL:Listen	RANK:3
SKILL:Spot		RANK:3
FEAT:Alertness
FEAT:Toughness
STAT:DEX=11|CON=11|STR=10|INT=10|WIS=10|CHA=10

###Block: Awakened Animal and Tree

STARTPACK:Awakened Animal	VISIBLE:NO	APPLY:INSTANT
STAT:INT=roll("3d6")+var("STAT.3.BASE")-var("STAT.3")|CHA=roll("1d3")+var("STAT.5.BASE")

STARTPACK:Awakened Tree	TYPE:Companion	VISIBLE:NO	APPLY:INSTANT
NAME:Awakened Tree
STAT:INT=roll("3d6")|CHA=roll("3d6")|WIS=roll("3d6")

###Block: Vermin Intelligence for Celestial and Fiendish templates

STARTPACK:Vermin Intelligence	VISIBLE:NO	APPLY:INSTANT
STAT:INT=3

