# CVS $Revision: $ $Author: $ -- Fri Oct 19 20:16:09 2012 -- reformated by prettylst.pl v1.39 (build 15052)
SOURCELONG:Dragon Magazine 365	SOURCESHORT:Dr364	SOURCEWEB:http://www.wizards.com/welcome.asp	SOURCEDATE:2008-07
SOURCESHORT:Dr365
SOURCEWEB:http://www.wizards.com/welcome.asp


# Class Name	Hit Dice	Type			Abbreviation	Max Level	Source Page		Save checks bonus
CLASS:Artificer	HD:1		TYPE:Base.PC	ABB:Art		MAXLEVEL:30	SOURCEPAGE:p.5	BONUS:CHECKS|BASE.Fortitude,BASE.Will|1|TYPE=Class
###Block: Basics
1																										ABILITY:Special Ability|AUTOMATIC|Basic Attacks
1															BONUS:VAR|ArtificerLevel|CL			DEFINE:ArtificerLevel|0
1																										ABILITY:Special Ability|AUTOMATIC|Artificer Proficiencies
1																										ABILITY:Special Ability|AUTOMATIC|Artificer Abilities
1																										ABILITY:Special Ability|AUTOMATIC|Artificer Features
1									BONUS:HP|CURRENTMAX|12+CONSCORE
1																																				TEMPLATE:ClassGrantedTotalLevels
1															BONUS:VAR|HealingSurges|7+CON|TYPE=Class
1	BONUS:ABILITYPOOL|Artificer Class Skills|4
1																										ABILITY:FEAT|AUTOMATIC|Skill Training (Arcana)
###Block: Level Progression
1	BONUS:ABILITYPOOL|At-Will Level 1|2	BONUS:ABILITYPOOL|Bonus Rituals 1|2
1	BONUS:ABILITYPOOL|Encounter Level 1|1
1	BONUS:ABILITYPOOL|Daily Level 1|1
2																		BONUS:HP|CURRENTMAX|(TL-1)*5
2	BONUS:ABILITYPOOL|Utility Level 2|1
3	BONUS:ABILITYPOOL|Encounter Level 3|1
5	BONUS:ABILITYPOOL|Daily Level 5|1
6	BONUS:ABILITYPOOL|Utility Level 6|1
7	BONUS:ABILITYPOOL|Encounter Level 7|1
9	BONUS:ABILITYPOOL|Daily Level 9|1
10	BONUS:ABILITYPOOL|Utility Level 10|1
11	BONUS:ABILITYPOOL|Paragon Path|1	BONUS:ABILITYPOOL|Paragon Encounter|1
11															BONUS:FEAT|POOL|1						BONUS:STAT|STR,CON,DEX,INT,WIS,CHA|1
12	BONUS:ABILITYPOOL|Paragon Utility|1
13	BONUS:ABILITYPOOL|Encounter Level 1|-1	BONUS:ABILITYPOOL|Encounter Level 13|1
15	BONUS:ABILITYPOOL|Daily Level 1|-1	BONUS:ABILITYPOOL|Daily Level 15|1
16	BONUS:ABILITYPOOL|Utility Level 16|1
17	BONUS:ABILITYPOOL|Encounter Level 3|-1	BONUS:ABILITYPOOL|Encounter Level 17|1
19	BONUS:ABILITYPOOL|Daily Level 5|-1	BONUS:ABILITYPOOL|Daily Level 19|1
20	BONUS:ABILITYPOOL|Paragon Daily|1
21	BONUS:ABILITYPOOL|Epic Destiny|1	BONUS:ABILITYPOOL|Epic Destiny Feature|1
21															BONUS:FEAT|POOL|1						BONUS:STAT|STR,CON,DEX,INT,WIS,CHA|1
22	BONUS:ABILITYPOOL|Utility Level 22|1
23	BONUS:ABILITYPOOL|Encounter Level 7|-1	BONUS:ABILITYPOOL|Encounter Level 23|1
24	BONUS:ABILITYPOOL|Epic Destiny Feature|1
25	BONUS:ABILITYPOOL|Daily Level 9|-1	BONUS:ABILITYPOOL|Daily Level 25|1
26	BONUS:ABILITYPOOL|Epic Utility|1
27	BONUS:ABILITYPOOL|Encounter Level 13|-1	BONUS:ABILITYPOOL|Encounter Level 27|1
29	BONUS:ABILITYPOOL|Daily Level 15|-1	BONUS:ABILITYPOOL|Daily Level 29|1
30	BONUS:ABILITYPOOL|Epic Destiny Feature|1
