# CVS $Revision: $ $Author: $ -- Thu Jul 10 13:59:32 2014 -- reformated by prettylst.pl v1.51 (build 24365)
SOURCELONG:Monster Manual v.4.0	SOURCESHORT:mm	SOURCEWEB:http://www.wizards.com/welcome.asp	SOURCEDATE:2008-06

# Feat Name		Type				Visible	Special ABility																Multiple?	Ability					Weapon prof. bonus
# Ability Name	Category of Ability		Type				Visible	Special ABility																Description																			Multiple?	Ability					Weapon prof. bonus											Source Page
Oversized		CATEGORY:Special Ability	TYPE:Extraordinary	VISIBLE:NO	SAB:Oversized; You can use weapons of your size, or one size larger than you as if they were your size.	DESC:Oversized; You can use weapons of your size, or one size larger than you as if they were your size.											BONUS:WEAPONPROF=TYPE.Melee|PCSIZE|1	BONUS:WEAPONPROF=TYPE.Ranged|PCSIZE|1	SOURCEPAGE:p.276

# Racial Features

# Gnome
Reactive Stealth	CATEGORY:Special Ability	TYPE:Racial.Gnome		VISIBLE:YES																			DESC:If you have cover or concealment when you make an initiative check, you can make a Stealth check to excape notice.	MULT:NO																					SOURCEPAGE:p.277
Fade Away		CATEGORY:Special Ability	TYPE:Racial.Gnome		VISIBLE:NO																			DESC:You can use Fade Away as an encounter power.												MULT:NO	ABILITY:Power|AUTOMATIC|Fade Away															SOURCEPAGE:p.277

# Kobold
Shifty		CATEGORY:Special Ability	TYPE:Racial.Kobold	VISIBLE:YES																			DESC:You can use Shifty as an at-will power.													MULT:NO	ABILITY:Power|AUTOMATIC|Shifty															SOURCEPAGE:p.278
Trap Sense		CATEGORY:Special Ability	TYPE:Racial.Kobold	VISIBLE:YES																			DESC:You gain a +2 bonus to defenses against traps.												MULT:NO																					SOURCEPAGE:p.278



###Block: Powers
# Bugbear
# Ability Name		Category of Ability	Type								Required Race		Description																			Aspects
Predatory Eye		CATEGORY:Power		TYPE:Racial.Bugbear.Encounter				PRERACE:1,Bugbear		DESC:You maneuver into an advantageous position and strike your foe with ruthless determination.				ASPECT:Action Type|Minor Action	ASPECT:Attack Type|Personal	ASPECT:Effect|If you have combat advantage against a target, you deal +1d6 damage on the next attack you make against that target. You must apply this bonus before the end of your next turn.	ASPECT:Increase|extra damage to +2d6 at 11th level and +3d6 at 21st level.

# Doppelganger
# Ability Name		Category of Ability	Type								Required Race		Description																			Aspects
Change Shape		CATEGORY:Power		TYPE:Racial.Doppelganger.At-Will.Polymorph	PRERACE:1,Doppelganger	DESC:You alter your form to look like some other humanoid.											ASPECT:Action Type|Minor Action	ASPECT:Attack Type|Personal	ASPECT:Effect|You can alter your physical form to take on the appearance of any Medium humanoid, including a unique individual (see Change Shape, page 280).

# Drow
# Ability Name		Category of Ability	Type								Required Race		Description																			Aspects
Cloud of Darkness		CATEGORY:Power		TYPE:Racial.Drow.Encounter				PRERACE:1,Drow		DESC:A cloud of darkness obscures you, but your vision pierces it.									ASPECT:Action Type|Minor Action	ASPECT:Attack Type|Close burst 1	ASPECT:Effect|This power creates a cloud of darkness that remains in place until the end of your next turn. The cloud blocks line of sight for all creatures except you. Any creature except you entirely within the cloud is blinded.
Darkfire			CATEGORY:Power		TYPE:Racial.Drow.Encounter				PRERACE:1,Drow		DESC:A flickering halo of purple light surrounds the target, making it easier to hit.						ASPECT:Action Type|Minor Action	ASPECT:Attack Type|Ranged 10	ASPECT:Target|One creature	ASPECT:Attack|Intelligence +2 vs. Reflex, Wisdom +2 vs. Reflex, or Charisma +2 vs. Reflex	ASPECT:Increase|to +4 bonus at 11th level and +6 bonus at 21st level.	ASPECT:Hit|Until the end of your next turn, all attacks against the target have combat advantage, and the target cannot benefit from invisibility or concealment.	ASPECT:Special|When you create your character, choose Intelligence, Wisdom, or Charisma as the ability score you use when making attack rolls with this power. This choice remains throughout your character's life and does not change the power's other effects.
# Missing
Trance			CATEGORY:Power		TYPE:Racial.Drow.Encounter				PRERACE:1,Drow
Lolthtouched		CATEGORY:Power		TYPE:Racial.Drow.Encounter				PRERACE:1,Drow

# Githyanki
# Ability Name		Category of Ability	Type								Required Race		Description																			Aspects
Telekinetic Leap		CATEGORY:Power		TYPE:Racial.Githyanki.Encounter			PRERACE:1,Githyanki	DESC:You hurl yourself or one of your allies safely through the air using your mind.						ASPECT:Action Type|Move Action	ASPECT:Attack Type|Ranged 10	ASPECT:Target|You or one ally	ASPECT:Effect|The target can fly up to 5 squares. If this power is used on an ally, that ally must remain in your line of sight at all times during the effect.
#MISSING
Githyanki Willpower	CATEGORY:Power		TYPE:Racial.Githyanki.Encounter			PRERACE:1,Githyanki

# Githzerai
# Ability Name		Category of Ability	Type								Required Race		Description																			Aspects
Iron Mind			CATEGORY:Power		TYPE:Racial.Githzerai.Encounter			PRERACE:1,Githzerai	DESC:After withstanding an attack, you use the power of your mind to fortify yourself against further harm.			ASPECT:Action Type|Immediate Interrupt	ASPECT:Attack Type|Personal	ASPECT:Trigger|You are hit by an attack.	ASPECT:Effect|You gain a +2 bonus to all defenses until the end of your next turn.

# Gnoll
# Ability Name		Category of Ability	Type								Required Race		Description																			Aspects
Ferocious Charge		CATEGORY:Power		TYPE:Racial.Gnoll.Encounter				PRERACE:1,Gnoll		DESC:You lunge toward the enemy and, with a tirade of curses, unleash the wrath of Yeenoghu upon your hapless foe.	ASPECT:Action Type|Standard Action	ASPECT:Attack Type|Personal	ASPECT:Effect|You charge and deal an extra 2 damage on a sucessful attack. Increase the extra damage to 4 at 11th level and to 6 at 21st level.

# Gnome
# Ability Name		Category of Ability	Type								Required Race		Description																			Aspects
Fade Away			CATEGORY:Power		TYPE:Racial.Gnome.Encounter.Illusion		PRERACE:1,Gnome		DESC:You turn invisible in response to an enemy's attack.											ASPECT:Action Type|Immediate Reaction	ASPECT:Attack Type|Personal	ASPECT:Trigger|You take damage.	ASPECT:Effect|You are invisible until you attack or until the end of your next turn.

# Goblin
# Ability Name		Category of Ability	Type								Required Race		Description																			Aspects
Goblin Tactics		CATEGORY:Power		TYPE:Racial.Goblin.At-Will				PRERACE:1,Goblin		DESC:You avoid your enemy's blow and cleverly slink past his defenses.									ASPECT:Action Type|Immediate Reaction	ASPECT:Attack Type|Personal	ASPECT:Trigger|You are missed by a melee attack.	ASPECT:Effect|You shift 1 square.

# Hobgoblin
# Ability Name		Category of Ability	Type								Required Race		Description																			Aspects
Hobgoblin Resilience	CATEGORY:Power		TYPE:Racial.Hobgoblin.Encounter			PRERACE:1,Hobgoblin	DESC:You shake off an effect that would cripple a lesser warrior.										ASPECT:Action Type|Immediate Reaction	ASPECT:Attack Type|Personal	ASPECT:Trigger|You suffer an effect that a save can end	ASPECT:Effect|You make a saving throw against the effect.

# Kobold
# Ability Name		Category of Ability	Type								Required Race		Description																			Aspects
Shifty			CATEGORY:Power		TYPE:Racial.Kobold.At-Will				PRERACE:1,Kobold		DESC:You skitter and scamper through the ranks of your enemies, much to their chagrin.						ASPECT:Action Type|Minor Action	ASPECT:Attack Type|Personal	ASPECT:Effect|You shift 1 square.

# Minotaur
# Ability Name		Category of Ability	Type								Required Race		Description																			Aspects
Goring Charge		CATEGORY:Power		TYPE:Racial.Minotaur.Encounter			PRERACE:1,Minotaur	DESC:You charge the enemy and gore him with your horns.											ASPECT:Action Type|Standard Action	ASPECT:Attack Type|Melee 1	ASPECT:Attack|Strength +2 vs. AC	ASPECT:Increase|to +4 at 11th level, +6 at 21st level.	ASPECT:Special|You must charge as part of the attack.	ASPECT:Hit|1d6 + Strength modifier damage, and the target is knocked prone.	ASPECT:Increase|the damage to 2d6 + Strength modifier at 11th level and 3d6 + Strength modifier at 21st level.

# Orc
# Ability Name		Category of Ability	Type								Required Race		Description																			Aspects
Warrior's Surge		CATEGORY:Power		TYPE:Racial.Orc.Encounter.Healing.Weapon		PRERACE:1,Orc		DESC:Spilling the blood of your enemy invigorates you.											ASPECT:Action Type|Standard Action	ASPECT:Attack Type|Melee weapon	ASPECT:Attack|Strength vs. AC	ASPECT:Hit|1&lbracket;W&rbracket; + Strength modifier damage, and you can spend a healing surge.	ASPECT:Increase|to 2&lbracket;W&rbracket; + Strength modifier damage at 21st level.
# MISSING
Running Charge		CATEGORY:Power		TYPE:Racial.Orc.Encounter.Healing.Weapon		PRERACE:1,Orc		DESC:MISSING

# Shadar Kai
# Ability Name		Category of Ability	Type								Required Race		Description																			Aspects
Shadow Jaunt		CATEGORY:Power		TYPE:Racial.Shadar-kai.Encounter.Teleportation	PRERACE:1,Shadar-kai	DESC:You step into the shadows and reappear a short distance away, hazy and insubstantial.					ASPECT:Action Type|Move Action	ASPECT:Attack Type|Personal	ASPECT:Effect|You teleport 3 squares and become insubstantial until the start of your next turn.
# COMMENT: Missing
Winterkin			CATEGORY:Power		TYPE:Racial

# Shifter
# Ability Name		Category of Ability	Type								Required Race		Description																			Aspects
Longtooth Shifting	CATEGORY:Power		TYPE:Racial.Shifter.Encounter.Healing		PRERACE:1,Shifter		DESC:You unleash the primal beast within and take on a more savage countenance.							ASPECT:Action Type|Minor Action	ASPECT:Attack Type|Personal	ASPECT:Special|You must be bloodied to use this power.	ASPECT:Effect|Until the end of the encounter or until rendered unconscious, you gain a +2 bonus to damage rolls. In addition, for as long as you are bloodied, you gain regeneration 2 (regeneration 4 at 11th level, regeneration 6 at 21st level).
Razorclaw Shifting	CATEGORY:Power		TYPE:Racial.Shifter.Encounter				PRERACE:1,Shifter		DESC:You unleash the primal beast within and take on a more savage countenance.							ASPECT:Action Type|Minor Action	ASPECT:Attack Type|Personal	ASPECT:Special|You must be bloodied to use this power.	ASPECT:Effect|Until the end of the encounter or until rendered unconscious, your speed increases by 2 and you gain a +1 bonus to AC and Reflex defense.

# Warforged
# Ability Name		Category of Ability	Type								Required Race		Description																			Aspects
Warforged Resolve		CATEGORY:Power		TYPE:Racial.Warforged.Encounter			PRERACE:1,Warforged	DESC:You might be bloodied, but the battle is far from over!										ASPECT:Action Type|Minor Action	ASPECT:Attack Type|Personal	ASPECT:Special|You must be bloodied to use this power.	ASPECT:Effect|You gain a number of temporary hit points equal to 3 + one-half your level.


###MISSING:
Battle Ready		CATEGORY:Power
Blood Fury			CATEGORY:Power
Danger Sense		CATEGORY:Power
Ferocity			CATEGORY:Power
Githyanki Willpower	CATEGORY:Power
Goblin Reflexes		CATEGORY:Power
Living Construct		CATEGORY:Power
Lolthtouched		CATEGORY:Power
Mental Defense		CATEGORY:Power

#
# DONE
#
