
CATEGORY=Internal|Default.MOD	BONUS:VAR|StatCapSTR|24|TYPE=Base|PREPCLEVEL:MIN=21|PRECHARACTERTYPE:1,PC,NPC
CATEGORY=Internal|Default.MOD	BONUS:VAR|StatCapDEX|24|TYPE=Base|PREPCLEVEL:MIN=21|PRECHARACTERTYPE:1,PC,NPC
CATEGORY=Internal|Default.MOD	BONUS:VAR|StatCapCON|24|TYPE=Base|PREPCLEVEL:MIN=21|PRECHARACTERTYPE:1,PC,NPC
CATEGORY=Internal|Default.MOD	BONUS:VAR|StatCapINT|24|TYPE=Base|PREPCLEVEL:MIN=21|PRECHARACTERTYPE:1,PC,NPC
CATEGORY=Internal|Default.MOD	BONUS:VAR|StatCapWIS|24|TYPE=Base|PREPCLEVEL:MIN=21|PRECHARACTERTYPE:1,PC,NPC
CATEGORY=Internal|Default.MOD	BONUS:VAR|StatCapCHA|24|TYPE=Base|PREPCLEVEL:MIN=21|PRECHARACTERTYPE:1,PC,NPC


# 28
Gift of Exaltation	CATEGORY:Special Ability	SOURCEPAGE:p.28	TYPE:SpecialQuality	DESC:You have gained great renown throughout the lands as a divine warrior and a true paragon of your oath. For your many great deeds, you have been gifted a remarkable object, either by a regent, a holy order, directly from your deity, or perhaps the common folk have gathered all of their wealth in order to procure this object for you. This much is certain: carrying it with you, it will signal who you are and inspire awe in those around you.

# Gift of Exaltation
# d6 Gift
Gift of Exaltation ~ 1	CATEGORY:Special Ability	SOURCEPAGE:p.28	TYPE:SpecialQuality	DESC:Book. Your crest or holy symbol is etched into the cover. Inside, each page is gilded paper, written on them are stories of your many adventures. Faint, melancholy music is heard when you open the book.
Gift of Exaltation ~ 2	CATEGORY:Special Ability	SOURCEPAGE:p.28	TYPE:SpecialQuality	DESC:Sword Hilt. Beautifully crafted from adamantine, overlaid with white gold, and your crest or holy symbol engraved, this hilt can be have a blade fastened within. When you hold a sword made from the hilt and a blade, the blade hums with vibrations as if cutting the very air.
Gift of Exaltation ~ 3	CATEGORY:Special Ability	SOURCEPAGE:p.28	TYPE:SpecialQuality	DESC:Gemstone. A fist-sized gem in the shape of your crest or holy symbol. Its type and color is whatever best reflects your oath, and it radiates with divine light. A blacksmith can fasten the gem into your armor, helmet, shield, or weapon.
Gift of Exaltation ~ 4	CATEGORY:Special Ability	SOURCEPAGE:p.28	TYPE:SpecialQuality	DESC:Hammer. A ceremonial light hammer crafted from the finest silver. The grip is made to resemble you standing proudly in your armor.
Gift of Exaltation ~ 5	CATEGORY:Special Ability	SOURCEPAGE:p.28	TYPE:SpecialQuality	DESC:Relic. An object of great historical or religious importance. It could be the crown of a legendary ruler, a bone from a dead saint, a weapon that was used to slay a creature of legend, or similar.
Gift of Exaltation ~ 6	CATEGORY:Special Ability	SOURCEPAGE:p.28	TYPE:SpecialQuality	DESC:Sash. A white, gossamer sash. Along the edges are runes in golden or silver stitching telling of your exploits.


# Epic Progression Class Features
Ability Score Improvement	KEY:Epic Paladin ~ Ability Score Improvement	SOURCEPAGE:p.28			SORTKEY:Class Paladin 17a	CATEGORY:Special Ability	TYPE:Paladin Class Feature.SpecialQuality.Class Feature	DESC:When you reach 21st level, and again at 25th and 29th level, you can increase one ability score of your choice by 2, or you can increase two ability scores of your choice by 1. Contrary to earlier levels, you can now improve your ability scores up to 24 using this feature.	BONUS:VAR|POOL_Character_Advancement_Selection|2*((PaladinLVL>=21)+(PaladinLVL>=25)+(PaladinLVL>=29)
Improved Lay on Hands		KEY:Epic Paladin ~ Improved Lay on Hands		SOURCEPAGE:p.28			SORTKEY:Class Paladin 18a	CATEGORY:Special Ability	TYPE:Paladin Class Feature.SpecialQuality.Class Feature	DESC:Starting at 21st level, your Lay on Hands can cure curses. Upon reaching 25th level, when you use your Lay on Hands ability to heal, you also grant the healed character temporary hit points equal to half the number of hit points restored.
Extended Spell Capacity		KEY:Epic Paladin ~ Extended Spell Capacity	SOURCEPAGE:p.28			SORTKEY:Class Paladin 19a	CATEGORY:Special Ability	TYPE:Paladin Class Feature.SpecialQuality.Class Feature	DESC:Beginning at 22nd level, you gain an additional 5th level spell slot, and at 26th level you gain a 6th and 7th level spell slot.
Improved Divine Health		KEY:Epic Paladin ~ Improved Divine Health		SOURCEPAGE:p.28			SORTKEY:Class Paladin 20a	CATEGORY:Special Ability	TYPE:Paladin Class Feature.SpecialQuality.Class Feature	DESC:By 22nd level, the divine magic within you makes you immune to curses.
Superior Divine Smite		KEY:Epic Paladin ~ Superior Divine Smite		SOURCEPAGE:p.28			SORTKEY:Class Paladin 21a	CATEGORY:Special Ability	TYPE:Paladin Class Feature.SpecialQuality.Class Feature	DESC:Beginning at 23rd level, the damage from your Improved Divine Smite feature increases to 3d8 radiant damage.
Righteous Demeanor		KEY:Epic Paladin ~ Righteous Demeanor		SOURCEPAGE:p.28			SORTKEY:Class Paladin 22a	CATEGORY:Special Ability	TYPE:Paladin Class Feature.SpecialQuality.Class Feature	DESC:Starting at 24th level, your divine spirit grants you advantage on Charisma checks. You can use this feature a number of times equal to your Charisma modifier. You regain all expended charges when you finish a long rest.
Divine Soul				KEY:Epic Paladin ~ Divine Soul			SOURCEPAGE:p.28			SORTKEY:Class Paladin 23a	CATEGORY:Special Ability	TYPE:Paladin Class Feature.SpecialQuality.Class Feature	DESC:At 24th level, your Divine Sense is always active, you can't be surprised by fiends and undead, and you always know when you hear a lie. In addition, you can use your Channel Divinity feature twice between rests.
Sacred Oath Feature		KEY:Epic Paladin ~ Sacred Oath Feature		SOURCEPAGE:p.29			SORTKEY:Class Paladin 23a	CATEGORY:Special Ability	TYPE:Paladin Class Feature.SpecialQuality.Class Feature	DESC:Upon reaching 27th level, you gain a feature depending on your Sacred Oath.
Extra Attack			KEY:Epic Paladin ~ Extra Attack			SOURCEPAGE:p.29			SORTKEY:Class Paladin 25a	CATEGORY:Special Ability	TYPE:Paladin Class Feature.SpecialQuality.Class Feature	DESC:Beginning at 28th level, you can attack three times whenever you take the Attack action on your turn.
Glory					KEY:Epic Paladin ~ Glory				SOURCEPAGE:p.29			SORTKEY:Class Paladin 26a	CATEGORY:Special Ability	TYPE:Paladin Class Feature.SpecialQuality.Class Feature	DESC:By 29th level, you learn two cleric spell of your choice. The spells must be of a level for which you have spell slots. You always have these spells prepared and they count as paladin spells for you.
Death Save Advantage		KEY:Epic Paladin ~ Death Save Advantage		SOURCEPAGE:p.29			SORTKEY:Class Paladin 27a	CATEGORY:Special Ability	TYPE:Paladin Class Feature.SpecialQuality.Class Feature	DESC:Your battle hardened physicality has made you very difficult to kill. Starting at 30th level any death saving throws you make are made with advantage.
Exemplar				KEY:Epic Paladin ~ Exemplar				SOURCEPAGE:p.29			SORTKEY:Class Paladin 28a	CATEGORY:Special Ability	TYPE:Paladin Class Feature.SpecialQuality.Class Feature	DESC:Starting at 30th level, your connection to the divine lets you assume the form of an Exemplar. As a bonus action, you transform into a form appropriate to your Sacred Oath. For example, you could consist of pure radiant light or an ancient angelic defender of nature. Once you transform, your size becomes Large, you magically heal up to your hit point maximum, you can't be restrained by any means, and your melee weapon attacks deal an additional 18 (4d8) magical weapon damage. Your Exemplar form lasts a number of rounds equal to your Charisma modifier. Once you use this feature, you must finish a long rest before you can do so again.

# Sacred Oath Feature
CATEGORY=Special Ability|Epic Paladin ~ Sacred Oath Feature.MOD	ABILITY:Paladin Class Feature|AUTOMATIC|Epic Paladin ~ Sacred Oath Feature ~ Improved Nature's Wrath|PREABILITY:1,CATEGORY=Special Ability,Sacred Oath ~ Oath of the Ancients
CATEGORY=Special Ability|Epic Paladin ~ Sacred Oath Feature.MOD	ABILITY:Paladin Class Feature|AUTOMATIC|Epic Paladin ~ Sacred Oath Feature ~ Improved Sacred Weapon|PREABILITY:1,CATEGORY=Special Ability,Sacred Oath ~ Oath of Devotion
CATEGORY=Special Ability|Epic Paladin ~ Sacred Oath Feature.MOD	ABILITY:Paladin Class Feature|AUTOMATIC|Epic Paladin ~ Sacred Oath Feature ~ Improved Vow of Enmity|PREABILITY:1,CATEGORY=Special Ability,Sacred Oath ~ Oath of Vengeance


# Sacred Oath Feature
# Oath of the Ancients / Player's Handbook
Improved Nature's Wrath	KEY:Epic Paladin ~ Sacred Oath Feature ~ Improved Nature's Wrath	CATEGORY:Special Ability	TYPE:SpecialQuality	DESC:Beginning at 27th level, your Channel Divinity: Nature's Wrath can be cast as a bonus action and the target creature has disadvantage on saving throws against it.
# Oath of Devotion / Player's Handbook
Improved Sacred Weapon	KEY:Epic Paladin ~ Sacred Oath Feature ~ Improved Sacred Weapon	CATEGORY:Special Ability	TYPE:SpecialQuality	DESC: Beginning at 27th level, your Channel Divinity: Sacred Weapon also lets you add your Charisma modifier to damage rolls with the imbued weapon.
# Oath of Vengeance / Player's Handbook
Improved Vow of Enmity	KEY:Epic Paladin ~ Sacred Oath Feature ~ Improved Vow of Enmity	CATEGORY:Special Ability	TYPE:SpecialQuality	DESC: Beginning at 27th level, your Channel Divinity: Vow of Enmity can be moved to a new target using a bonus action up to 1 minute after the original target creature is reduced to 0 hit points.
#


