# CVS $Revision: $ $Author: $ -- Sun Aug 17 14:34:14 2014 -- reformated by prettylst.pl v1.51 (build 24906)
SOURCELONG:Magic of Faerun	SOURCESHORT:Mag	SOURCEDATE:2001-08

###Block:Goods
# Equipment Name					Type								Cost		Weight	Source Page		Quality and value
Darkberry						TYPE:Goods.General.Consumable				COST:5	WT:0		SOURCEPAGE:p.
Fairy Dust (1 ounce)				TYPE:Goods.Flask.Consumable				COST:100	WT:0		SOURCEPAGE:p.
Felsul Flower Oil (1 ounce per Flask)	TYPE:Goods.General.Liquid.Flask.Consumable	COST:100	WT:0		SOURCEPAGE:p.
Fog Rock						TYPE:Goods.General.Consumable				COST:5	WT:0		SOURCEPAGE:p.
Mule Pollen						TYPE:Goods.General.Consumable				COST:50	WT:0		SOURCEPAGE:p.
Red Helmthorn Berry				TYPE:Goods.General.Consumable				COST:0.1	WT:0		SOURCEPAGE:p.
Shadowtop Torch					TYPE:Goods.General.Consumable.LightSource		COST:0.1	WT:1		SOURCEPAGE:p.	QUALITY:Bright Illumination|20 ft.	QUALITY:Shadowy Illumination|40 ft.	QUALITY:Duration|2 hr.
Silverbark Sap (1 ounce)			TYPE:Goods.Alchemical.Vial.Consumable		COST:20	WT:0		SOURCEPAGE:p.
Sleepweed Pod					TYPE:Goods.General.Consumable				COST:50	WT:0		SOURCEPAGE:p.
Weirdood						TYPE:Goods.General					COST:50	WT:1		SOURCEPAGE:p.



###Block: Specific Armors
#Cormyrian Greatshield	COST:9170
#Laeral's Spell Shield	COST:9170
#Laeral's Storm Armor	COST:66650
#Shield of Vigilance	COST:9170
#Storm Armor of the Earth's Children	COST:111650

# Equipment Name				Output Name				Required Weapon Proficiency		Required Armor Proficiency	Required Shield Proficiency		Type												Alt Type					Cost		Weight	Required Race										Define					AC Penalty Check	Base Item for EQMOD	Crit Mult	Crit Range	Alt Crit Mult	Alt Crit Range	Damage	Alt Damage		Modifier																			Alt EQModifier			Wield Category	Maximum DEX Bonus	Requires Modification?	Size		Source Page		% of Spell Failure	Ability												Spell Res.	Innate Spells										Combat bonus					Bonus to spell cast/day																																																																																																																											Modify VAR						Special Property
Cormyrian Greatshield																			PROFICIENCY:SHIELD|Shield (Heavy)	TYPE:Enhancement.Shield.Heavy.Specific.Metal											COST:20	WT:15																				ACCHECK:-2						CRITMULT:x2	CRITRANGE:1							DAMAGE:1d4				EQMOD:ARW_DEF.MWORKA.PLUS1A.STEEL																				WIELD:OneHanded								SIZE:M	SOURCEPAGE:p.	SPELLFAILURE:15																													BONUS:COMBAT|AC|2|TYPE=Armor.REPLACE
Laeral's Spell Shield																			PROFICIENCY:SHIELD|Shield (Heavy)	TYPE:Enhancement.Shield.Heavy.Specific.Metal											COST:20	WT:15																				ACCHECK:-2						CRITMULT:x2	CRITRANGE:1							DAMAGE:1d4				EQMOD:MWORKA.PLUS1A.STEEL																					WIELD:OneHanded								SIZE:M	SOURCEPAGE:p.	SPELLFAILURE:15																													BONUS:COMBAT|AC|2|TYPE=Armor.REPLACE																																																																																																																																						SPROP:Spell Resistance 17 against spell with Force descriptor
Laeral's Storm Armor														PROFICIENCY:ARMOR|Full Plate							TYPE:Enhancement.Armor.Heavy.Suit.Specific											COST:1500	WT:50																				ACCHECK:-6																					EQMOD:MWORKA.PLUS2A.RST_ELE.RST_FR.STEEL																						MAXDEX:1								SOURCEPAGE:p.	SPELLFAILURE:35																													BONUS:COMBAT|AC|8|TYPE=Armor.REPLACE
Shield of Vigilance																			PROFICIENCY:SHIELD|Shield (Heavy)	TYPE:Enhancement.Shield.Heavy.Specific.Metal											COST:20	WT:15																				ACCHECK:-2						CRITMULT:x2	CRITRANGE:1							DAMAGE:1d4				EQMOD:BASH_H.MWORKA.PLUS1A.SHOCK_M.STEEL																			WIELD:OneHanded								SIZE:M	SOURCEPAGE:p.	SPELLFAILURE:15																													BONUS:COMBAT|AC|2|TYPE=Armor.REPLACE
Storm Armor of the Earth's Children												PROFICIENCY:ARMOR|Full Plate							TYPE:Enhancement.Armor.Heavy.Suit.Specific											COST:1500	WT:50		PRERACE:1,RACESUBTYPE=Dwarf,RACESUBTYPE=Gnome,RACESUBTYPE=Halfling							ACCHECK:-6																					EQMOD:MWORKA.PLUS1A.RST_CLD.RST_ELE.RST_FR.STEEL																				MAXDEX:1								SOURCEPAGE:p.	SPELLFAILURE:35																													BONUS:COMBAT|AC|8|TYPE=Armor.REPLACE


# MINOR ARTIFACTS
# Equipment Name				Output Name				Required Weapon Proficiency		Required Armor Proficiency	Required Shield Proficiency		Type												Alt Type					Cost		Weight	Required Race										Define					AC Penalty Check	Base Item for EQMOD	Crit Mult	Crit Range	Alt Crit Mult	Alt Crit Range	Damage	Alt Damage		Modifier																			Alt EQModifier			Wield Category	Maximum DEX Bonus	Requires Modification?	Size		Source Page		% of Spell Failure	Ability												Spell Res.	Innate Spells										Combat bonus					Bonus to spell cast/day																																																																																																																											Modify VAR						Special Property
Arbane's Sword of Agility							PROFICIENCY:WEAPON|Longsword													TYPE:Enhancement.Weapon.Melee.Martial.Artifact.Slashing.Sword								COST:0	WT:4																											CRITMULT:x2	CRITRANGE:2							DAMAGE:1d8				EQMOD:PLUS2W.SPEED.STEEL																					WIELD:OneHanded				MODS:NO			SIZE:M	SOURCEPAGE:p.					ABILITY:Special Ability|VIRTUAL|Immunity To Pattern							SPELLS:Arbane's Sword of Agility|TIMES=1|CASTERLEVEL=10|Daylight|Jump																																																																																																																																													SPROP:constant Freedom of Movement
Azureedge										PROFICIENCY:WEAPON|Battleaxe													TYPE:Enhancement.Weapon.Melee.Martial.Artifact.Slashing.Axe									COST:0	WT:6																											CRITMULT:x3	CRITRANGE:1							DAMAGE:1d8				EQMOD:INT_ITEM_ALIGN_NG.INT_ITEM_CHA_10.INT_ITEM_INT_14.INT_ITEM_LANG_1|Common.INT_ITEM_WIS_12.PLUS5W.STEEL.THROW.WOUND						WIELD:OneHanded				MODS:NO			SIZE:M	SOURCEPAGE:p.																																																																																																																																																																												SPROP:emit light as a candle, when in 60'ft outsiders or evil creature glows as a torch. Function as a Disruption weapon when defending Waterdeep. Constant Nystul's Undetectable Aura.
Blast Sceptre																										TYPE:Artifact.Rod																COST:0	WT:6																							BASEITEM:Rod																	EQMOD:CHARGED_ITEM_50|CHARGES[50].SELF_ID																															SOURCEPAGE:p.					ABILITY:Special Ability|VIRTUAL|Immunity To Electricity|Immunity To Fire																																																																																																																																																											SPROP:cannot be knocked down.
Glowstone																											TYPE:Artifact.Gem																COST:0	WT:0.5																																									EQMOD:CHARGED_ITEM_1000|CHARGES[1000]																															SOURCEPAGE:p.																																																																																																																																																																												SPROP:glows as Daylight spell. Recharge items.
Great Druid's Staff								PROFICIENCY:WEAPON|Quarterstaff												TYPE:Artifact.Staff.Weapon.Simple.Melee.Bludgeoning.Double.Quarterstaff	ALTTYPE:Weapon.Melee.Bludgeoning	COST:0	WT:5																							BASEITEM:Staff		CRITMULT:x2	CRITRANGE:1	ALTCRITMULT:x2	ALTCRITRANGE:1	DAMAGE:1d6	ALTDAMAGE:1d6	EQMOD:CHARGED_ITEM_50|CHARGES[50].PLUS2W.WOOD													ALTEQMOD:GHOST_M.PLUS1W.WOOD	WIELD:TwoHanded								SIZE:M	SOURCEPAGE:p.																		SR:23
Greenstone Amulet																										TYPE:Artifact.Amulet															COST:0	WT:0														DEFINE:NecromancyResistanceBonus|0																																																												SOURCEPAGE:p.					ABILITY:Special Ability|VIRTUAL|Resistance To Necromancy																																																																																																																																																							BONUS:VAR|NecromancyResistanceBonus|4	SPROP:constant Mind Blank
Rod (Valmaxian)				OUTPUTNAME:Rod of [NAME]																		TYPE:Artifact.Rod																COST:0	WT:5																							BASEITEM:Rod																	EQMOD:CHARGED_ITEM_50|CHARGES[50]																																SOURCEPAGE:p.																																							BONUS:SPELLCAST|TYPE=Arcane;LEVEL=1|1	BONUS:SPELLCAST|TYPE=Arcane;LEVEL=2|1	BONUS:SPELLCAST|TYPE=Arcane;LEVEL=3|1	BONUS:SPELLCAST|TYPE=Arcane;LEVEL=4|1	BONUS:SPELLCAST|TYPE=Arcane;LEVEL=5|1	BONUS:SPELLCAST|TYPE=Arcane;LEVEL=6|1	BONUS:SPELLCAST|TYPE=Arcane;LEVEL=7|1	BONUS:SPELLCAST|TYPE=Arcane;LEVEL=8|1	BONUS:SPELLCAST|TYPE=Arcane;LEVEL=9|1	BONUS:SPELLCAST|TYPE=Divine;LEVEL=1|1	BONUS:SPELLCAST|TYPE=Divine;LEVEL=2|1	BONUS:SPELLCAST|TYPE=Divine;LEVEL=3|1	BONUS:SPELLCAST|TYPE=Divine;LEVEL=4|1	BONUS:SPELLCAST|TYPE=Divine;LEVEL=5|1	BONUS:SPELLCAST|TYPE=Divine;LEVEL=6|1	BONUS:SPELLCAST|TYPE=Divine;LEVEL=7|1	BONUS:SPELLCAST|TYPE=Divine;LEVEL=8|1	BONUS:SPELLCAST|TYPE=Divine;LEVEL=9|1
Shimmaryn																											TYPE:Artifact.Gem																COST:0	WT:0.5																																																																														SOURCEPAGE:p.																																																																																																																																																																												SPROP:glows as Daylight spell. Recharge items.

# MAJOR ARTIFACTS
# Equipment Name				Output Name				Required Weapon Proficiency		Required Armor Proficiency	Required Shield Proficiency		Type												Alt Type					Cost		Weight	Required Race										Define					AC Penalty Check	Base Item for EQMOD	Crit Mult	Crit Range	Alt Crit Mult	Alt Crit Range	Damage	Alt Damage		Modifier																			Alt EQModifier			Wield Category	Maximum DEX Bonus	Requires Modification?	Size		Source Page		% of Spell Failure	Ability												Spell Res.	Innate Spells										Combat bonus					Bonus to spell cast/day																																																																																																																											Modify VAR						Special Property
Crown of Horns																										TYPE:Artifact.Headgear															COST:0	WT:2																																																																															SOURCEPAGE:p.
Naga Crown																											TYPE:Artifact.Headgear															COST:0	WT:2														DEFINE:SeeInvisibilityLVL|0																								EQMOD:SELF_ID																																			SOURCEPAGE:p.					ABILITY:Special Ability|VIRTUAL|See Invisibility (Sp at will)																																																																																																																																																						BONUS:VAR|SeeInvisibilityLVL|15

###Block: Potions
# Equipment Name			Output Name					Type					Cost		Weight	Required Race			Source Page		Special Property
Potion (Oil of Animate Dead)	OUTPUTNAME:[NAME]				TYPE:Magic.Potion.Consumable	COST:1550	WT:0							SOURCEPAGE:p.
Potion (Infertility)		OUTPUTNAME:Potion of [NAME]		TYPE:Magic.Potion.Consumable	COST:150	WT:0							SOURCEPAGE:p.
Dragon's Draught (Black)	OUTPUTNAME:[NAME] Dragon's Draught	TYPE:Magic.Potion.Consumable	COST:2300	WT:0		PRERACE:1,RACETYPE=Dragon	SOURCEPAGE:p.
Dragon's Draught (Blue)		OUTPUTNAME:[NAME] Dragon's Draught	TYPE:Magic.Potion.Consumable	COST:4500	WT:0		PRERACE:1,RACETYPE=Dragon	SOURCEPAGE:p.
Dragon's Draught (Green)	OUTPUTNAME:[NAME] Dragon's Draught	TYPE:Magic.Potion.Consumable	COST:3500	WT:0		PRERACE:1,RACETYPE=Dragon	SOURCEPAGE:p.
Dragon's Draught (Red)		OUTPUTNAME:[NAME] Dragon's Draught	TYPE:Magic.Potion.Consumable	COST:5500	WT:0		PRERACE:1,RACETYPE=Dragon	SOURCEPAGE:p.
Dragon's Draught (White)	OUTPUTNAME:[NAME] Dragon's Draught	TYPE:Magic.Potion.Consumable	COST:1200	WT:0		PRERACE:1,RACETYPE=Dragon	SOURCEPAGE:p.
Dragon's Draught (Brass)	OUTPUTNAME:[NAME] Dragon's Draught	TYPE:Magic.Potion.Consumable	COST:1200	WT:0		PRERACE:1,RACETYPE=Dragon	SOURCEPAGE:p.
Dragon's Draught (Bronze)	OUTPUTNAME:[NAME] Dragon's Draught	TYPE:Magic.Potion.Consumable	COST:3500	WT:0		PRERACE:1,RACETYPE=Dragon	SOURCEPAGE:p.
Dragon's Draught (Copper)	OUTPUTNAME:[NAME] Dragon's Draught	TYPE:Magic.Potion.Consumable	COST:2400	WT:0		PRERACE:1,RACETYPE=Dragon	SOURCEPAGE:p.
Dragon's Draught (Gold)		OUTPUTNAME:[NAME] Dragon's Draught	TYPE:Magic.Potion.Consumable	COST:5600	WT:0		PRERACE:1,RACETYPE=Dragon	SOURCEPAGE:p.
Dragon's Draught (Silver)	OUTPUTNAME:[NAME] Dragon's Draught	TYPE:Magic.Potion.Consumable	COST:4600	WT:0		PRERACE:1,RACETYPE=Dragon	SOURCEPAGE:p.
Elixir of Horus-Re								TYPE:Magic.Potion.Consumable	COST:6500	WT:0							SOURCEPAGE:p.
Moondraught										TYPE:Magic.Potion.Consumable	COST:1500	WT:0							SOURCEPAGE:p.	SPROP:heal 4d8+4 hp
Moonfire Salve									TYPE:Magic.Potion.Consumable	COST:2500	WT:0.5						SOURCEPAGE:p.

###Block: Rings
# Equipment Name			Type			Cost		Weight	Modifier					Source Page		Virtual Feat			Ability								Spell Res.	Innate Spells													Combat bonus				Bonus to nb of slots						Special Property												Unarmed Damage	Bonus
Aribeth's Ring			TYPE:Magic.Ring	COST:50000	WT:0								SOURCEPAGE:p.															SR:17
Bone Ring				TYPE:Magic.Ring	COST:36000	WT:0		EQMOD:CHARGED_ITEM_50			SOURCEPAGE:p.																																															SPROP:absorbs 1 level of energy drain or 1 point of ability drain per charge.
Commander's Ring			TYPE:Magic.Ring	COST:120000	WT:0								SOURCEPAGE:p.																	SPELLS:Commander's Ring|TIMES=3|CASTERLEVEL=12|Daylight|Feather Fall|Knock|Wall of Force	BONUS:COMBAT|AC|2|TYPE=Deflection	BONUS:SLOTS|RING|1|PREEQUIP:1,Purple Dragon Ring	SPROP:sense direction and distance of any Purple Dragon Rings within 100-ft radius.				BONUS:SAVE|Fortitude,Reflex,Will|2|TYPE=Resistance
The Darkhidden			TYPE:Magic.Ring	COST:6700	WT:0								SOURCEPAGE:p.																																															SPROP:the wearer is invisible to darkvision, but visible in normal light.
Ring of Disease Immunity	TYPE:Magic.Ring	COST:8000	WT:0								SOURCEPAGE:p.						ABILITY:Special Ability|VIRTUAL|Immunity To Disease																																	SPROP:heal 1 extra hp/day of rest.
Ring of Dragons			TYPE:Magic.Ring	COST:25000	WT:0								SOURCEPAGE:p.
#Ring of Lore			TYPE:Magic.Ring	COST:23250	WT:0	SOURCEPAGE:p.		SPELLS:Ring of Lore|TIMES=1|TIMEUNIT=Tenday|CASTERLEVEL=12|Legend Lore|Stone Tell
Ring of Might			TYPE:Magic.Ring	COST:4000	WT:0								SOURCEPAGE:p.	VFEAT:Improved Unarmed Strike																																																								UDAM:1d8
Ring of Nine Lives		TYPE:Magic.Ring	COST:70000	WT:0		EQMOD:CHARGED_ITEM_9|CHARGES[9]	SOURCEPAGE:p.
Purple Dragon Ring		TYPE:Magic.Ring	COST:2125	WT:0								SOURCEPAGE:p.																	SPELLS:Purple Dragon Ring|TIMES=1|TIMEUNIT=Round|CASTERLEVEL=1|Light										BONUS:SLOTS|RING|1|PREEQUIP:1,Commander's Ring		SPROP:Detect Poison
#Spell Battle			TYPE:Magic.Ring	COST:67600	WT:0	SOURCEPAGE:p.

###Block:Rods
# Equipment Name		Output Name				Required Weapon Proficiency		Type													Alt Type					Contains					Cost		Weight	Base Item for EQMOD	Crit Mult	Crit Range	Alt Crit Mult	Alt Crit Range	Damage	Alt Damage		Modifier									Wield Category	Reach		Size		Source Page		Vision		Innate Spells								Bonus to skill								Special Property
Rod (Cats)			OUTPUTNAME:Rod of [NAME]	PROFICIENCY:WEAPON|Quarterstaff	TYPE:Magic.Rod.Weapon.Simple.Melee.Bludgeoning.Double.Quarterstaff.Container	ALTTYPE:Weapon.Melee.Bludgeoning	CONTAINS:*1|ThiefTools=1|Scroll=1	COST:25000	WT:5		BASEITEM:Rod		CRITMULT:x2	CRITRANGE:1	ALTCRITMULT:x2	ALTCRITRANGE:1	DAMAGE:1d6	ALTDAMAGE:1d6	EQMOD:CHARGED_ITEM_50|CHARGES[50].PLUS1W.WOOD			WIELD:TwoHanded			SIZE:M	SOURCEPAGE:p.	VISION:Low-light											BONUS:SKILL|Climb,Hide,Move Silently|10|TYPE=Competence
Rod (Displacement)	OUTPUTNAME:Rod of [NAME]							TYPE:Magic.Rod																							COST:48600	WT:5		BASEITEM:Rod																	EQMOD:CHARGED_ITEM_50|CHARGES[50]												SOURCEPAGE:p.				SPELLS:Rod (Displacement)|TIMES=2|CASTERLEVEL=5|Jump|Knock
#Rod (Fury/+1)	OUTPUTNAME:Rod of Fury	TYPE:Magic.Rod	COST:26800	WT:5	BASEITEM:Rod	EQMOD:CHARGED_ITEM_50|CHARGES[50]	SOURCEPAGE:p.													BONUS:COMBAT|AC|1|TYPE=Deflection
#Rod (Fury/+2)	OUTPUTNAME:Rod of Fury	TYPE:Magic.Rod	COST:38800	WT:5	BASEITEM:Rod	EQMOD:CHARGED_ITEM_50|CHARGES[50]	SOURCEPAGE:p.													BONUS:COMBAT|AC|2|TYPE=Deflection
#Rod (Fury/+3)	OUTPUTNAME:Rod of Fury	TYPE:Magic.Rod	COST:58800	WT:5	BASEITEM:Rod	EQMOD:CHARGED_ITEM_50|CHARGES[50]	SOURCEPAGE:p.													BONUS:COMBAT|AC|3|TYPE=Deflection
#Rod (Fury/+4)	OUTPUTNAME:Rod of Fury	TYPE:Magic.Rod	COST:77600	WT:5	BASEITEM:Rod	EQMOD:CHARGED_ITEM_50|CHARGES[50]	SOURCEPAGE:p.													BONUS:COMBAT|AC|4|TYPE=Deflection
#Rod (Fury/+5)	OUTPUTNAME:Rod of Fury	TYPE:Magic.Rod	COST:95600	WT:5	BASEITEM:Rod	EQMOD:CHARGED_ITEM_50|CHARGES[50]	SOURCEPAGE:p.													BONUS:COMBAT|AC|5|TYPE=Deflection
Rod (Mirrors)		OUTPUTNAME:Rod of [NAME]							TYPE:Magic.Rod																							COST:40200	WT:5		BASEITEM:Rod																	EQMOD:CHARGED_ITEM_50|CHARGES[50]												SOURCEPAGE:p.
Rod (Silence)		OUTPUTNAME:Rod of [NAME]							TYPE:Magic.Rod																							COST:24200	WT:5		BASEITEM:Rod																	EQMOD:CHARGED_ITEM_50|CHARGES[50]												SOURCEPAGE:p.																								SPROP:+4 resistance bonus on all saving throws against Sonic effects.
#Rod (Spheres)
Rod (Spiders)		OUTPUTNAME:Rod of [NAME]							TYPE:Magic.Rod																							COST:40000	WT:5		BASEITEM:Rod																	EQMOD:CHARGED_ITEM_50|CHARGES[50]												SOURCEPAGE:p.
Rod (Surprises)		OUTPUTNAME:Rod of [NAME]							TYPE:Magic.Rod																							COST:21600	WT:5		BASEITEM:Rod																	EQMOD:CHARGED_ITEM_50|CHARGES[50]												SOURCEPAGE:p.
Rod (Tuning)		OUTPUTNAME:Rod of [NAME]							TYPE:Magic.Rod																							COST:84400	WT:5		BASEITEM:Rod																	EQMOD:CHARGED_ITEM_50|CHARGES[50]												SOURCEPAGE:p.
Rod (Viscid Globs)	OUTPUTNAME:Rod of [NAME]							TYPE:Magic.Rod																							COST:6000	WT:5		BASEITEM:Rod																	EQMOD:CHARGED_ITEM_50|CHARGES[50]												SOURCEPAGE:p.
Rod (Whips)			OUTPUTNAME:Rod of [NAME]	PROFICIENCY:WEAPON|Whip			TYPE:Magic.Rod.Weapon.Melee.Exotic.Reach.Finesseable.Subdual.Slashing														COST:21600	WT:5		BASEITEM:Rod		CRITMULT:x2	CRITRANGE:1							DAMAGE:1d3				EQMOD:CHARGED_ITEM_50|CHARGES[50].DANCE.LEATHER.PLUS1W	WIELD:OneHanded	REACH:15	SIZE:M	SOURCEPAGE:p.

###Block:Staves
# Equipment Name	Output Name	Type	Cost	Weight	Base Item for EQMOD		Source Page	Required Proficiency	Alternative Type	Critical Hit Multiplier	Critical Hit Range	Damage	Alternative Critical	Alternative Critical Range	Alternative Damage	Modifier	Wield Category	Size	Virtual Feat	Special Property
#Staff (Entrapment)	OUTPUTNAME:Staff of [NAME]	TYPE:Magic.Staff	COST:36750	WT:5	BASEITEM:Staff	EQMOD:CHARGED_ITEM_50|CHARGES[50]	SOURCEPAGE:p.
#Staff (Ethereal Action)	OUTPUTNAME:Staff of [NAME]	TYPE:Magic.Staff.Weapon.Simple.Melee.Bludgeoning.Double.Quarterstaff	COST:57300	WT:5	BASEITEM:Staff	EQMOD:CHARGED_ITEM_50|CHARGES[50].WOOD.PLUS1W.GHOST_M 	SOURCEPAGE:p.	PROFICIENCY:WEAPON|Quarterstaff	ALTTYPE:Weapon.Melee.Bludgeoning	CRITMULT:x2	CRITRANGE:1	DAMAGE:1d6	ALTCRITMULT:x2	ALTCRITRANGE:1	ALTDAMAGE:1d6	ALTEQMOD:WOOD.PLUS1W.GHOST_M 	WIELD:TwoHanded	SIZE:M
#Staff (Eyes)	OUTPUTNAME:Staff of [NAME]	TYPE:Magic.Staff	COST:34700	WT:5	BASEITEM:Staff	EQMOD:CHARGED_ITEM_50|CHARGES[50]	SOURCEPAGE:p.
#Staff (Fiendish Darkness)	OUTPUTNAME:Staff of [NAME]	TYPE:Magic.Staff	COST:98200	WT:5	BASEITEM:Staff	EQMOD:CHARGED_ITEM_50|CHARGES[50]	SOURCEPAGE:p.													ABILITY:Special Ability|AUTOMATIC|Negative Levels	BONUS:VAR|NegLevels|2|PREALIGN:LG,NG,CG
#Staff (Miracles)	OUTPUTNAME:Staff of [NAME]	TYPE:Magic.Staff	COST:77000	WT:5	BASEITEM:Staff	EQMOD:CHARGED_ITEM_50|CHARGES[50]	SOURCEPAGE:p.
# Equipment Name			Output Name				Required Weapon Proficiency			Type																		Alt Type									Contains			Cost		Weight	Slot Needed	Define						Base Item for EQMOD	Crit Mult	Crit Range	Alt Crit Mult	Alt Crit Range	Damage	Alt Damage		Modifier										Alt EQModifier		Wield Category	Requires Modification?	Range		Reach Multiplier	Size		Source Page		Virtual Feat		Ability																	Bonus to skill								Modify VAR														Bonus Equip Mods																		Weapon prop. bonus																						Quality and value									Special Property																		Bonus
Staff (the Night)			OUTPUTNAME:Staff of [NAME]								TYPE:Magic.Staff																														COST:30000	WT:5											BASEITEM:Staff																	EQMOD:CHARGED_ITEM_50|CHARGES[50]																								SOURCEPAGE:p.
Staff (Open Door)			OUTPUTNAME:Staff of [NAME]								TYPE:Magic.Staff																														COST:42200	WT:5											BASEITEM:Staff																	EQMOD:CHARGED_ITEM_50|CHARGES[50]																								SOURCEPAGE:p.
Staff (Peace)			OUTPUTNAME:Staff of [NAME]								TYPE:Magic.Staff																														COST:175250	WT:5											BASEITEM:Staff																	EQMOD:CHARGED_ITEM_50|CHARGES[50]																								SOURCEPAGE:p.																							BONUS:SKILL|Diplomacy|10|TYPE=Competence|PREDEITY:1,Eldath
Staff (Scrivening)		OUTPUTNAME:Staff of [NAME]								TYPE:Magic.Staff																														COST:56300	WT:5											BASEITEM:Staff																	EQMOD:CHARGED_ITEM_50|CHARGES[50]																								SOURCEPAGE:p.
Staff (Skull)			OUTPUTNAME:Staff of [NAME]								TYPE:Magic.Staff																														COST:39200	WT:5											BASEITEM:Staff																	EQMOD:CHARGED_ITEM_50|CHARGES[50]																								SOURCEPAGE:p.
#Staff (Transportation)	OUTPUTNAME:Staff of [NAME]	TYPE:Magic.Staff	COST:67500	WT:5	BASEITEM:Staff	EQMOD:CHARGED_ITEM_50|CHARGES[50]	SOURCEPAGE:p.
#Staff (Vision)	OUTPUTNAME:Staff of [NAME]	TYPE:Magic.Staff	COST:42800	WT:5	BASEITEM:Staff	EQMOD:CHARGED_ITEM_50|CHARGES[50]	SOURCEPAGE:p.													SPROP:each use Will DC 12 or 1 point of temporary damage to INT

# Equipment Name			Output Name				Required Weapon Proficiency			Type																		Alt Type									Contains			Cost		Weight	Slot Needed	Define						Base Item for EQMOD	Crit Mult	Crit Range	Alt Crit Mult	Alt Crit Range	Damage	Alt Damage		Modifier										Alt EQModifier		Wield Category	Requires Modification?	Range		Reach Multiplier	Size		Source Page		Virtual Feat		Ability																	Bonus to skill								Modify VAR														Bonus Equip Mods																		Weapon prop. bonus																						Quality and value									Special Property																		Bonus
Arrow of Biting															TYPE:Enhancement.Ammunition.SpecificArrow.Individual																								COST:1457	WT:0											BASEITEM:Arrow																	EQMOD:STEEL.WOOD																MODS:NO										SOURCEPAGE:p.																																																																																																								SPROP:Injury DC 16, Init.:1d10 CON, Sec.:1d10 CON

#Banesword	COST:18315
#Berserker Blade (+1)	COST:6335
#Berserker Blade (+2)	COST:15335
#Blingdenstone Warpick	COST:8308
#Cormanthyrian Elfblade	COST:18315
#Dagger of Chaos	COST:106302
#Dagger of Defiance	COST:12302
#Gauntlet of the Valorous	COST:18302
#Golden Axe of the Great Rift	COST:18310
#Justice Blade	COST:32315
#Lance of Faerun	COST:98310
#Lit with Danger	COST:18302
#Mace of the Darkchildren	COST:17000
#Namarra	COST:30315
#Nightblade	COST:8702
#One Thousand Broken Dreams	COST:103315
#Prayer of Anger	COST:14350
#Quarterstaff of Battle	COST:162600
#Runehammer (Alhalbrin)	COST:11912
#Runehammer (Faerindyl)	COST:11712
#Runehammer (Thundaril)	COST:17912
#Scimitar of the Fool	COST:3000
#Sembian Guardblade	COST:8320
#Silvermane's Axe	COST:50302
#Singing Sword	COST:24450
#Spectral Dagger	COST:20000
#Staff of Mighty Sweeping	COST:28600
#Taragarth	COST:86335
#The Fist	COST:23305
#Viper Dagger	COST:10462

# Equipment Name			Output Name				Required Weapon Proficiency			Type																		Alt Type									Contains			Cost		Weight	Slot Needed	Define						Base Item for EQMOD	Crit Mult	Crit Range	Alt Crit Mult	Alt Crit Range	Damage	Alt Damage		Modifier										Alt EQModifier		Wield Category	Requires Modification?	Range		Reach Multiplier	Size		Source Page		Virtual Feat		Ability																	Bonus to skill								Modify VAR														Bonus Equip Mods																		Weapon prop. bonus																						Quality and value									Special Property																		Bonus
Banesword									PROFICIENCY:WEAPON|Longsword			TYPE:Enhancement.Weapon.Martial.Melee.Specific.Slashing.OneHanded.Sword																					COST:15	WT:4															CRITMULT:x2	CRITRANGE:2							DAMAGE:1d8				EQMOD:LAW_M.PLUS1W.STEEL											WIELD:OneHanded	MODS:NO								SIZE:M	SOURCEPAGE:p.
Berserker Blade (+1)							PROFICIENCY:WEAPON|Sword (Bastard)		TYPE:Enhancement.Weapon.Martial.Exotic.Melee.Specific.Slashing.TwoHanded.Sword																			COST:35	WT:6				DEFINE:Enraged|0									CRITMULT:x2	CRITRANGE:2							DAMAGE:1d10				EQMOD:PLUS1W.STEEL												WIELD:TwoHanded	MODS:NO								SIZE:M	SOURCEPAGE:p.																																																																				BONUS:WEAPON|WIELDCATEGORY|-1|PREFEAT:1,Exotic Weapon Proficiency (Sword (Bastard))	BONUS:WEAPON|DAMAGE,TOHIT|2|TYPE=Enhancement|PREVARGTEQ:Enraged,1												SPROP:+2 when wielder is enraged.
Berserker Blade (+2)							PROFICIENCY:WEAPON|Sword (Bastard)		TYPE:Enhancement.Weapon.Martial.Exotic.Melee.Specific.Slashing.TwoHanded.Sword																			COST:35	WT:6				DEFINE:Enraged|0									CRITMULT:x2	CRITRANGE:2							DAMAGE:1d10				EQMOD:PLUS2W.STEEL												WIELD:TwoHanded	MODS:NO								SIZE:M	SOURCEPAGE:p.																																																																				BONUS:WEAPON|WIELDCATEGORY|-1|PREFEAT:1,Exotic Weapon Proficiency (Sword (Bastard))	BONUS:WEAPON|DAMAGE,TOHIT|3|TYPE=Enhancement|PREVARGTEQ:Enraged,1												SPROP:+3 when wielder is enraged.
Blingdenstone Warpick							PROFICIENCY:WEAPON|Pick (Heavy)		TYPE:Enhancement.Weapon.Martial.Melee.Specific.Piercing.OneHanded.Pick																					COST:8	WT:6															CRITMULT:x4	CRITRANGE:1							DAMAGE:1d6				EQMOD:CRRSV.PLUS1W.STEEL											WIELD:OneHanded	MODS:NO								SIZE:M	SOURCEPAGE:p.
Cormanthyrian Elfblade							PROFICIENCY:WEAPON|Longsword			TYPE:Enhancement.Weapon.Martial.Melee.Specific.Slashing.OneHanded.Sword																					COST:15	WT:4															CRITMULT:x2	CRITRANGE:2							DAMAGE:1d8				EQMOD:KEEN.PLUS1W.STEEL												WIELD:OneHanded	MODS:NO								SIZE:M	SOURCEPAGE:p.
Cormyrian Goblinthrasher						PROFICIENCY:WEAPON|Longsword			TYPE:Enhancement.Weapon.Melee.Martial.Specific.Slashing.Sword																						COST:15	WT:4															CRITMULT:x2	CRITRANGE:2							DAMAGE:1d8				EQMOD:BANE_M|Humanoids (goblinoid).PLUS1W.STEEL								WIELD:OneHanded	MODS:NO								SIZE:M	SOURCEPAGE:p.
Dagger of Chaos								PROFICIENCY:WEAPON|Dagger			TYPE:Enhancement.Weapon.Simple.Melee.Ranged.Specific.Piercing.Slashing.Light.Thrown.Finesseable.Dagger															COST:2	WT:1															CRITMULT:x2	CRITRANGE:2							DAMAGE:1d4				EQMOD:PLUS5W.STEEL												WIELD:Light		MODS:NO			RANGE:10				SIZE:M	SOURCEPAGE:p.																																																																																																								SPROP:Polymorph Other (random form) on the wielder when inflict damage on target.
Dagger of Defiance							PROFICIENCY:WEAPON|Dagger			TYPE:Enhancement.Weapon.Simple.Melee.Ranged.Specific.Piercing.Slashing.Light.Finesseable.Thrown.Dagger															COST:2	WT:1				DEFINE:EnchantmentResistanceBonus|0						CRITMULT:x2	CRITRANGE:2							DAMAGE:1d4				EQMOD:PLUS1W.STEEL												WIELD:Light		MODS:NO			RANGE:10				SIZE:M	SOURCEPAGE:p.					ABILITY:Special Ability|VIRTUAL|Immunity to Compulsion Effects|Immunity To Fear|Resistance To Enchantment											BONUS:VAR|EnchantmentResistanceBonus|3
Gauntlet of the Valorous						PROFICIENCY:WEAPON|Gauntlet (Spiked)	TYPE:Enhancement.Weapon.Simple.Melee.Specific.Piercing.Light.Finesseable.Unarmed.Gauntlet																		COST:5	WT:1															CRITMULT:x2	CRITRANGE:1							DAMAGE:1d4				EQMOD:PLUS3W.STEEL												WIELD:Light		MODS:NO								SIZE:M	SOURCEPAGE:p.																																																BONUS:EQM|WEIGHTADD|-1|PREMULT:3,[PREEQUIP:1,TYPE.Armor],[PREEQUIP:1,TYPE.Medium,TYPE.Heavy],[!PREEQUIP:1,Breastplate]
Golden Axe of the Great Rift						PROFICIENCY:WEAPON|Battleaxe			TYPE:Enhancement.Weapon.Martial.Melee.Specific.OneHanded.Slashing.Axe																					COST:10	WT:6															CRITMULT:x3	CRITRANGE:1							DAMAGE:1d8				EQMOD:BANE_M|Aberrations.PLUS1W.STEEL									WIELD:OneHanded	MODS:NO								SIZE:M	SOURCEPAGE:p.
Justice Blade								PROFICIENCY:WEAPON|Longsword			TYPE:Enhancement.Weapon.Martial.Melee.Specific.Slashing.OneHanded.Sword																					COST:15	WT:4															CRITMULT:x2	CRITRANGE:2							DAMAGE:1d8				EQMOD:HOLY_M.MI_CLE.PLUS1W.STEEL								WIELD:OneHanded	MODS:NO								SIZE:M	SOURCEPAGE:p.																																																																																									QUALITY:Bright Illumination|20 ft.	QUALITY:Shadowy Illumination|40 ft.	QUALITY:Duration|Permanent
Lance of Faerun								PROFICIENCY:WEAPON|Lance			TYPE:Enhancement.Weapon.Martial.Melee.Specific.Piercing.TwoHanded.Reach.Lance																				COST:10	WT:10															CRITMULT:x3	CRITRANGE:1							DAMAGE:1d8				EQMOD:HOLY_M.PLUS2W.WOOD											WIELD:TwoHanded	MODS:NO					REACHMULT:2		SIZE:M	SOURCEPAGE:p.	VFEAT:Spirited Charge																																																																																																				SPROP:+2 enhancement bonus and does +2d6 bonus damage vs. Outsiders (evil)|PREDEITY:1,Torm
Lit with Danger								PROFICIENCY:WEAPON|Shortspear			TYPE:Enhancement.Weapon.Melee.Ranged.Thrown.Simple.Specific.Piercing.Spear																				COST:1	WT:3															CRITMULT:x3	CRITRANGE:1							DAMAGE:1d6				EQMOD:PLUS1W.WOOD													WIELD:OneHanded	MODS:NO			RANGE:20				SIZE:M	SOURCEPAGE:p.																																																																																																								SPROP:1/day Faerie Fire against invisible target that hits the wielder
Mace of the Darkchildren						PROFICIENCY:WEAPON|Mace (Heavy)		TYPE:Enhancement.Weapon.Simple.Melee.Specific.Bludgeoning.OneHanded.Mace																				COST:12	WT:8															CRITMULT:x2	CRITRANGE:1							DAMAGE:1d8				EQMOD:ADAMANT_WEAP												WIELD:OneHanded	MODS:NO								SIZE:M	SOURCEPAGE:p.																																	BONUS:VAR|TurnLevelUndead|6|TYPE=Profane	BONUS:VAR|TurnDamagePlusUndead|2|TYPE=Profane																					BONUS:WEAPON|TOHIT|2|TYPE=Enhancement
Namarra									PROFICIENCY:WEAPON|Longsword			TYPE:Enhancement.Weapon.Martial.Melee.Specific.Slashing.OneHanded.Sword.LightSource																			COST:15	WT:4															CRITMULT:x2	CRITRANGE:2							DAMAGE:1d8				EQMOD:KEEN.PLUS2W.STEEL									WIELD:OneHanded	MODS:NO								SIZE:M	SOURCEPAGE:p.																																																																																													QUALITY:Shadowy Illumination|5 ft.	QUALITY:Duration|Permanent	SPROP:Silence on the wielder at will
Nightblade									PROFICIENCY:WEAPON|Dagger			TYPE:Enhancement.Weapon.Simple.Melee.Ranged.Specific.Piercing.Slashing.Light.Finesseable.Thrown.Dagger															COST:2	WT:1															CRITMULT:x2	CRITRANGE:2							DAMAGE:1d4				EQMOD:PLUS1W.STEEL												WIELD:Light		MODS:NO			RANGE:10				SIZE:M	SOURCEPAGE:p.																																																																																																								SPROP:+2 enhancement bonus against Good creature and Will DC 16 or take 1 temporary damage to random ability score.
One Thousand Broken Dreams						PROFICIENCY:WEAPON|Longsword			TYPE:Enhancement.Weapon.Martial.Melee.Specific.Slashing.OneHanded.Sword																					COST:15	WT:4															CRITMULT:x2	CRITRANGE:2							DAMAGE:1d8				EQMOD:BANE_M_DR.HOLY_M.MITHRAL_ITEM.PLUS3W								WIELD:OneHanded	MODS:NO								SIZE:M	SOURCEPAGE:p.					ABILITY:Special Ability|AUTOMATIC|Negative Levels																				BONUS:VAR|NegLevels|1|PREALIGN:LE,NE,CE
Prayer of Anger								PROFICIENCY:WEAPON|Greatsword			TYPE:Enhancement.Weapon.Martial.Melee.Specific.Slashing.TwoHanded.Sword																					COST:50	WT:8															CRITMULT:x2	CRITRANGE:2							DAMAGE:2d6				EQMOD:PLUS2W.STEEL												WIELD:TwoHanded	MODS:NO								SIZE:M	SOURCEPAGE:p.					ABILITY:Special Ability|AUTOMATIC|Immunity To Fear																				BONUS:VAR|RageDuration|1
Quarterstaff of Battle							PROFICIENCY:WEAPON|Quarterstaff		TYPE:Enhancement.Weapon.Simple.Melee.Specific.Bludgeoning.TwoHanded.Double.Quarterstaff				ALTTYPE:Enhancement.Weapon.Melee.Bludgeoning.Quarterstaff					COST:0	WT:4															CRITMULT:x2	CRITRANGE:1	ALTCRITMULT:x2	ALTCRITRANGE:1	DAMAGE:1d6	ALTDAMAGE:1d6	EQMOD:PLUS3W.SPEED.WOOD								ALTEQMOD:PLUS3W.WOOD	WIELD:TwoHanded	MODS:NO								SIZE:M	SOURCEPAGE:p.	VFEAT:Improved Disarm
Runehammer (Alhalbrin)							PROFICIENCY:WEAPON|Warhammer			TYPE:Enhancement.Weapon.Martial.Melee.Specific.Bludgeoning.Onehanded.Hammer																				COST:12	WT:5															CRITMULT:x3	CRITRANGE:1							DAMAGE:1d8				EQMOD:DARKSTEEL_WEAP.PLUS1W.RUNE_M_Alhalbrin.RUNE_M|Alhalbrin					WIELD:OneHanded	MODS:NO								SIZE:M	SOURCEPAGE:p.
Runehammer (Faerindyl)							PROFICIENCY:WEAPON|Warhammer			TYPE:Enhancement.Weapon.Martial.Melee.Specific.Bludgeoning.Onehanded.Hammer																				COST:12	WT:5															CRITMULT:x3	CRITRANGE:1							DAMAGE:1d8				EQMOD:DARKSTEEL_WEAP.PLUS1W.RUNE_M_Faerindyl.RUNE_M|Faerindyl					WIELD:OneHanded	MODS:NO								SIZE:M	SOURCEPAGE:p.
Runehammer (Thundaril)							PROFICIENCY:WEAPON|Warhammer			TYPE:Enhancement.Weapon.Martial.Melee.Specific.Bludgeoning.Onehanded.Hammer																				COST:12	WT:5															CRITMULT:x3	CRITRANGE:1							DAMAGE:1d8				EQMOD:DARKSTEEL_WEAP.PLUS1W.RUNE_M_Thundaril.RUNE_M|Thundaril					WIELD:OneHanded	MODS:NO								SIZE:M	SOURCEPAGE:p.
Scimitar of the Fool							PROFICIENCY:WEAPON|Scimitar			TYPE:Enhancement.Weapon.Martial.Melee.Specific.Slashing.OneHanded.Sword																					COST:15	WT:4															CRITMULT:x2	CRITRANGE:3							DAMAGE:1d6				EQMOD:PLUS1W.STEEL												WIELD:OneHanded	MODS:NO								SIZE:M	SOURCEPAGE:p.																																																																																																																												BONUS:SAVE|Will|-3|TYPE=Morale
Sembian Guardblade							PROFICIENCY:WEAPON|Rapier			TYPE:Enhancement.Weapon.Martial.Melee.Specific.Piercing.OneHanded.Finesseable.Sword																			COST:20	WT:2															CRITMULT:x2	CRITRANGE:3							DAMAGE:1d6				EQMOD:DEFEND.PLUS1W.STEEL											WIELD:OneHanded	MODS:NO								SIZE:M	SOURCEPAGE:p.
Silvermane's Axe								PROFICIENCY:WEAPON|Battleaxe			TYPE:Enhancement.Weapon.Martial.Melee.Specific.Slashing.OneHanded.Axe																					COST:10	WT:6															CRITMULT:x3	CRITRANGE:1							DAMAGE:1d8				EQMOD:BANE_M|Outsiders (evil).PLUS3W.STEEL								WIELD:OneHanded	MODS:NO								SIZE:M	SOURCEPAGE:p.
Singing Sword								PROFICIENCY:WEAPON|Greatsword			TYPE:Enhancement.Weapon.Martial.Melee.Specific.Slashing.TwoHanded.Sword																					COST:50	WT:8				DEFINE:MindAffectingResistanceBonus|0					CRITMULT:x2	CRITRANGE:2							DAMAGE:2d6				EQMOD:PLUS1W.STEEL												WIELD:TwoHanded	MODS:NO								SIZE:M	SOURCEPAGE:p.					ABILITY:Special Ability|AUTOMATIC|Resistance To Mind-Affecting																		BONUS:VAR|MindAffectingResistanceBonus|3																																																																	SPROP:Songs when drawn, +2 morale bonus on attack and damage rolls with the singing song.
Spectral Dagger								PROFICIENCY:WEAPON|Dagger			TYPE:Enhancement.Weapon.Simple.Melee.Ranged.Specific.Piercing.Slashing.Light.Finesseable.Thrown.Dagger															COST:2	WT:1															CRITMULT:x2	CRITRANGE:1							DAMAGE:0				EQMOD:STEEL														WIELD:Light		MODS:NO			RANGE:10				SIZE:M	SOURCEPAGE:p.																																																																																																								SPROP:No damage. Chill Touch (Fort DC 11) against target.
Spider Fang									PROFICIENCY:WEAPON|Dagger			TYPE:Enhancement.Weapon.Simple.Melee.Ranged.Specific.Piercing.Slashing.Light.Finesseable.Thrown.Dagger															COST:2	WT:1															CRITMULT:x2	CRITRANGE:2							DAMAGE:1d4				EQMOD:PLUS1W.STEEL												WIELD:Light		MODS:NO			RANGE:10				SIZE:M	SOURCEPAGE:p.																																																																																																								SPROP:1/day create a 10-ft square of wispy strands (half concealment). 2D4 acid damage if someone touche the strands.
Staff of Mighty Sweeping						PROFICIENCY:WEAPON|Quarterstaff		TYPE:Enhancement.Weapon.Simple.Melee.Specific.Bludgeoning.TwoHanded.TwoHanded.Double.Quarterstaff		ALTTYPE:Enhancement.Weapon.Melee.Bludgeoning							COST:0	WT:4															CRITMULT:x2	CRITRANGE:1	ALTCRITMULT:x2	ALTCRITRANGE:1	DAMAGE:1d6	ALTDAMAGE:1d6	EQMOD:PLUS2W.SWEEP_M.WOOD							ALTEQMOD:PLUS2W.WOOD	WIELD:TwoHanded	MODS:NO								SIZE:M	SOURCEPAGE:p.	VFEAT:Improved Trip
Talosian Shortspear							PROFICIENCY:WEAPON|Shortspear			TYPE:Enhancement.Weapon.Simple.Melee.Ranged.Specific.Piercing.OneHanded.Thrown.Spear																		COST:1	WT:3															CRITMULT:x3	CRITRANGE:1							DAMAGE:1d6				EQMOD:FLM_M.PLUS1W.SHOCK_M.WOOD										WIELD:OneHanded	MODS:NO			RANGE:20				SIZE:M	SOURCEPAGE:p.
Taragarth									PROFICIENCY:WEAPON|Sword (Bastard)		TYPE:Enhancement.Weapon.Martial.Exotic.Melee.Specific.Slashing.TwoHanded.Sword																			COST:35	WT:6															CRITMULT:x2	CRITRANGE:2							DAMAGE:1d10				EQMOD:MI_CLE.PLUS3W.STEEL											WIELD:TwoHanded	MODS:NO								SIZE:M	SOURCEPAGE:p.																																																																				BONUS:WEAPON|WIELDCATEGORY|-1|PREFEAT:1,Exotic Weapon Proficiency (Sword (Bastard))																							SPROP:contant Resist Element (Fire), Feather Fall, Nondetection.
The Fist									PROFICIENCY:WEAPON|Gauntlet (Spiked)	TYPE:Enhancement.Weapon.Simple.Melee.Specific.Piercing.Light.Finesseable.Unarmed.Gauntlet																		COST:5	WT:1															CRITMULT:x2	CRITRANGE:1							DAMAGE:1d4				EQMOD:ADAMANT_WEAP.PLUS2W											WIELD:Light		MODS:NO								SIZE:M	SOURCEPAGE:p.																																																BONUS:EQM|WEIGHTADD|-1|PREMULT:3,[PREEQUIP:1,TYPE.Armor],[PREEQUIP:1,TYPE.Medium,TYPE.Heavy],[!PREEQUIP:1,Breastplate]																																					SPROP:immune to Chill Metal and Heat Metal spell.
Viper Dagger								PROFICIENCY:WEAPON|Dagger			TYPE:Enhancement.Weapon.Simple.Melee.Ranged.Specific.Piercing.Slashing.Light.Finesseable.Thrown.Dagger															COST:2	WT:1															CRITMULT:x2	CRITRANGE:2							DAMAGE:1d4				EQMOD:PLUS2W.STEEL												WIELD:Light		MODS:NO			RANGE:10				SIZE:M	SOURCEPAGE:p.																																																																																																								SPROP:1/day turn into a Small Viper.

#Luiren Shortbow	COST:8330

#
# Equipment Name			Output Name				Required Weapon Proficiency			Type																		Alt Type									Contains			Cost		Weight	Slot Needed	Define						Base Item for EQMOD	Crit Mult	Crit Range	Alt Crit Mult	Alt Crit Range	Damage	Alt Damage		Modifier										Alt EQModifier		Wield Category	Requires Modification?	Range		Reach Multiplier	Size		Source Page		Virtual Feat		Ability																	Bonus to skill								Modify VAR														Bonus Equip Mods																		Weapon prop. bonus																						Quality and value									Special Property																		Bonus
Luiren Shortbow								PROFICIENCY:WEAPON|Shortbow			TYPE:Enhancement.Weapon.Martial.Ranged.Specific.Piercing.TwoHanded.Container.Projectile.Bow.Shortbow												CONTAINS:1|Arrow=1	COST:30	WT:2		SLOTS:2												CRITMULT:x3	CRITRANGE:1							DAMAGE:1d6				EQMOD:PLUS1W.SEEK.WOOD												WIELD:TwoHanded	MODS:NO			RANGE:60						SOURCEPAGE:p.																																																																				BONUS:WEAPON|DAMAGE|min(STR,0)


###Block								mods	eqmods
# Equipment Name							Output Name								Required Weapon Proficiency	Type															Contains				Number of Pages	Page Usage	Cost		Weight	Slot Needed	Required Skill					Define						Base Item for EQMOD				Crit Mult	Crit Range	Damage	Modifier					Wield Category	Requires Modification?	Size		Source Page		Virtual Feat			Ability										Vision			Innate Spells																							Combat bonus				Add to base move						Bonus to skill																					Stat bonus					Unarmed Damage Level bonus	Modify VAR						Quality and value															Special Property																				Bonus
Amber Amulet of Vermin (Giant Bee)																		TYPE:Magic.Wondrous.Amulet.Consumable																			COST:500	WT:0																																														SOURCEPAGE:p.
Amber Amulet of Vermin (Giant Ant Queen)			OUTPUTNAME:Amber Amulet of Vermin (Giant Ant, Queen)						TYPE:Magic.Wondrous.Amulet.Consumable																			COST:700	WT:0																																														SOURCEPAGE:p.
Amber Amulet of Vermin (Giant Pryaing Mantis)																TYPE:Magic.Wondrous.Amulet.Consumable																			COST:700	WT:0																																														SOURCEPAGE:p.
Amber Amulet of Vermin (Huge Monstrous Centipede)															TYPE:Magic.Wondrous.Amulet.Consumable																			COST:700	WT:0																																														SOURCEPAGE:p.
Amber Amulet of Vermin (Large Monstrous Scorpion)															TYPE:Magic.Wondrous.Amulet.Consumable																			COST:700	WT:0																																														SOURCEPAGE:p.
Amber Amulet of Vermin (Large Monstrous Spider)																TYPE:Magic.Wondrous.Amulet.Consumable																			COST:700	WT:0																																														SOURCEPAGE:p.
Amber Amulet of Vermin (Giant Wasp)																		TYPE:Magic.Wondrous.Amulet.Consumable																			COST:800	WT:0																																														SOURCEPAGE:p.
Amber Amulet of Vermin (Giant Stag Beetle)																TYPE:Magic.Wondrous.Amulet.Consumable																			COST:1200	WT:0																																														SOURCEPAGE:p.
Amulet of Laeral's tears																			TYPE:Magic.Wondrous.Amulet.Consumable																			COST:1200	WT:0																																														SOURCEPAGE:p.																																																																																																																						SPROP:24 temporary HP, then crumbles into dust.
#Aquamarine of Spell Extending			TYPE:Magic.Wondrous	COST:7200	WT:1		SOURCEPAGE:p.				SPROP:1/day Extend Spell on any one 6th level spell or lower.
Armband of Maximized Healing																			TYPE:Magic.Wondrous.Bracer																					COST:7200	WT:1																																														SOURCEPAGE:p.																																																																																																																						SPROP:1/day Maximize Spell on any Conjuration (Healing) on any one 6th level spell or lower.
Arvoreen's Amulet of Aid																			TYPE:Magic.Wondrous.Amulet																					COST:4320	WT:0																															EQMOD:CHARGED_ITEM_6|CHARGES[6]										SOURCEPAGE:p.						ABILITY:Special Ability|AUTOMATIC|Negative Levels																																																																																BONUS:VAR|NegLevels|1|PREALIGN:LE,NE,CE
Azlaer's Harp																					TYPE:Magic.Wondrous.Instrument.String.Resizable																		COST:16000	WT:3				PRESKILL:1,Perform (String Instruments)=1								BASEITEM:Musical Instrument (Harp)								EQMOD:MWORKI													SOURCEPAGE:p.
Badge od the Svirfneblin																			TYPE:Magic.Wondrous.Amulet																					COST:17480	WT:0																																														SOURCEPAGE:p.																	VISION:Darkvision (60')	SPELLS:Badge od the Svirfneblin|TIMES=1|CASTERLEVEL=3|Blur|Disguise Self																																																																																					SPROP:+10 circumstance bonus on Hide checks in area of stone.
Bag of Boulders																					TYPE:Magic.Wondrous.Container											CONTAINS:*2|SlingStone=4						COST:1200	WT:0																																														SOURCEPAGE:p.
Battle Bridle																					TYPE:Magic.Wondrous.Mount																					COST:9000	WT:1																																														SOURCEPAGE:p.																																																																																																																						SPROP:+10 competence bonus on rider's Ride check. Act as if he as Mounted Combat feat or if he already has it, Ride-by-attack feat.
Beholder Crown																					TYPE:Magic.Wondrous.Headgear																					COST:22000	WT:1																																														SOURCEPAGE:p.
Belt of Lion																					TYPE:Magic.Wondrous.Belt																					COST:20000	WT:1																																														SOURCEPAGE:p.																	VISION:Low-light																																									BONUS:SKILL|Move Silently,Tumble|10|TYPE=Competence																																																		SPROP:Speak with Animals with feline. +4 competence bonus on all CHA checks or CHA based skill related to felines.
Belt of Prieslty Might																				TYPE:Magic.Wondrous.Belt																					COST:40000	WT:1																																														SOURCEPAGE:p.																																														BONUS:COMBAT|AC|2|TYPE=NaturalArmor																																BONUS:STAT|STR|4|TYPE=Enhancement
Belt of Prieslty Might and Warding																		TYPE:Magic.Wondrous.Belt																					COST:52800	WT:0																																														SOURCEPAGE:p.																																														BONUS:COMBAT|AC|2|TYPE=NaturalArmor																																BONUS:STAT|STR|4|TYPE=Enhancement																														SPROP:1/day Magic Circle against Evil/Good
Belt of Holy Might																				TYPE:Magic.Wondrous.Belt																					COST:104000	WT:0																																														SOURCEPAGE:p.																																														BONUS:COMBAT|AC|2|TYPE=NaturalArmor																																BONUS:STAT|STR|4|TYPE=Enhancement																														SPROP:1/day Magic Circle against Evil/Good and 1/day Word of Recall to the temple devoted to the belt's deity.
Bird Feather Headress																				TYPE:Magic.Wondrous.Headgear																					COST:2900	WT:0																															EQMOD:CHARGED_ITEM_6|CHARGES[6]										SOURCEPAGE:p.
Blast Globes																					TYPE:Magic.Wondrous.Consumable																				COST:8000	WT:1																																														SOURCEPAGE:p.																																																																																																																						SPROP:explodes
Bone Bracers of the Death Deity																		TYPE:Magic.Wondrous.Bracer																					COST:58300	WT:1																																														SOURCEPAGE:p.						ABILITY:Special Ability|AUTOMATIC|Negative Levels																																BONUS:COMBAT|AC|3|TYPE=Armor																																												BONUS:VAR|NegLevels|1|PREALIGN:LG,NG,CG																		SPROP:1/day Death Ward, Desecrate, Unholy Blight.
#Book of Blood			TYPE:Magic.Wondrous.Book.Spellbook	COST:21300	WT:3		SOURCEPAGE:p.			EQMOD:BK_WTR_PRF.BK_FIR_PRF.BK_LOCK_VS	SPROP:1/day summon Yeth Hound, Finger of Death draining 1 hp permanently. Contains 45 spells.	NUMPAGES:45	PAGEUSAGE:1
Bracers of the Blinding Strike																		TYPE:Magic.Wondrous.Bracer																					COST:102000	WT:1																																														SOURCEPAGE:p.	VFEAT:Improved Initiative																																																																																																																	SPROP:allow an extra attack every round as if using a Speed Weapon
Bracers of Striking																				TYPE:Magic.Wondrous.Bracer.Weapon.Melee.Double.Simple.Bludgeoning.Unarmed													COST:1310	WT:0																																								MODS:YES					SOURCEPAGE:p.	VFEAT:Improved Unarmed Strike
Cape of Fire Bath																					TYPE:Magic.Wondrous.Cape																					COST:6200	WT:1																																														SOURCEPAGE:p.																																																																																																																						SPROP:constant Endure Elements (Fire)																BONUS:SAVE|Fortitude,Reflex,Will|2|TYPE=Resistance
Cape of Winter																					TYPE:Magic.Wondrous.Cape																					COST:6200	WT:1																																														SOURCEPAGE:p.																																																																																																																						SPROP:constant Endure Elements (Cold)																BONUS:SAVE|Fortitude,Reflex,Will|2|TYPE=Resistance
Cloak of Battle																					TYPE:Magic.Wondrous.Cape																					COST:22600	WT:1																																														SOURCEPAGE:p.																																														BONUS:COMBAT|AC|4|TYPE=Armor
Cloak of Blackflame																				TYPE:Magic.Wondrous.Cape																					COST:11800	WT:1																															EQMOD:CHARGED_ITEM_14|CHARGES[14]										SOURCEPAGE:p.																																																																																																																						SPROP:absorb Energy Drain attacks
Cowl of Warding																					TYPE:Magic.Wondrous.Headgear																					COST:200800	WT:0																																														SOURCEPAGE:p.
Crystal Sphere of Singing Waters																		TYPE:Magic.Wondrous																						COST:28300	WT:7																																														SOURCEPAGE:p.
Dove's Harp																						TYPE:Magic.Wondrous.Instrument.String.Resizable																		COST:45100	WT:3				PRESKILL:1,Perform (String Instruments)=1								BASEITEM:Musical Instrument (Harp)								EQMOD:MWORKI													SOURCEPAGE:p.
Dragonskull Talisman																				TYPE:Magic.Wondrous.Amulet																					COST:4000	WT:1																																														SOURCEPAGE:p.																																																																																																																						SPROP:Invisibility to Undead for 30 minutes.
#Dust of Dispersion			TYPE:Magic.Wondrous	COST:2100	WT:0		SOURCEPAGE:p.
Enemy Spirit Pouch																				TYPE:Magic.Wondrous.Amulet.Container.Resizable								CONTAINS:UNLIM|Any							COST:2100	WT:1																																														SOURCEPAGE:p.
Esheen's Harp																					TYPE:Magic.Wondrous.Instrument.String.Resizable																		COST:6800	WT:3				PRESKILL:1,Perform (String Instruments)=1								BASEITEM:Musical Instrument (Harp)								EQMOD:MWORKI													SOURCEPAGE:p.
Eye of Druuthbane																					TYPE:Magic.Wondrous																						COST:18000	WT:3																																														SOURCEPAGE:p.																																																																																																																																												BONUS:SAVE|Will|4|TYPE=Resistance
Eye of Winking																					TYPE:Magic.Wondrous.Amulet																					COST:120000	WT:0																																														SOURCEPAGE:p.
Fanged Mask																						TYPE:Magic.Wondrous.Eyegear																					COST:8302	WT:1																																														SOURCEPAGE:p.																																																																																																																						SPROP:Bite +1 enhancement/1d4 damage + stun 1 round (Fort DC 13)
Gauntlet of Fury																PROFICIENCY:WEAPON|Gauntlet	TYPE:Magic.Wondrous.Weapon.Melee.Finesseable.Simple.Standard.Bludgeoning.Unarmed.Gauntlet											COST:22000	WT:2																									CRITMULT:x2	CRITRANGE:1	DAMAGE:1d3	EQMOD:STEEL					WIELD:Light						SIZE:M	SOURCEPAGE:p.																																														BONUS:COMBAT|AC|2|TYPE=Armor
Gloves of Lightning																				TYPE:Magic.Wondrous.Glove																					COST:8000	WT:0																																														SOURCEPAGE:p.																																																																																																																						SPROP:3/day ranged touch 30-ft 1d8+5 electrical damage (+3 to hit if target is wearing metal armor)
Gloves of the Balanced Hands																			TYPE:Magic.Wondrous.Glove																					COST:18000	WT:0																																														SOURCEPAGE:p.																																																																																																																						SPROP:Act as if he has Two-Weapon Fighting feat or if he already has it, Improved Two-Weapon Fighting feat.
#Golden Chalice of Lathander			TYPE:Magic.Wondrous	COST:29500	WT:2		SOURCEPAGE:p.			EQMOD:CHARGED_ITEM_3|CHARGES[3]	SPROP:continual Daylight. Healing Circle 1 charges.
Golden Chalice of Lathander																			TYPE:Magic.Wondrous																						COST:29500	WT:2																															EQMOD:CHARGED_ITEM_3|CHARGES[3]										SOURCEPAGE:p.																																																																																																																						SPROP:continual Daylight. Cure Light Wounds (Mass) 1 charges.
Gwaeron's Belt																					TYPE:Magic.Wondrous.Belt																					COST:60500	WT:1																																														SOURCEPAGE:p.																					SPELLS:Gwaeron's Belt|TIMES=1|CASTERLEVEL=12|Wind Walk																																																																																								SPROP:1/day can command his weapon to become +1 flaming for 12 rounds.
Gwaeron's Boot																					TYPE:Magic.Wondrous.Boot																					COST:6000	WT:1																																														SOURCEPAGE:p.																																																																																																																						SPROP:continual Pass without Trace. Leave no scent.
Hair Shirt of Ilmater																				TYPE:Magic.Wondrous.Shirt																					COST:17400	WT:0																																														SOURCEPAGE:p.																					SPELLS:Hair Shirt of Ilmater|TIMES=1|CASTERLEVEL=9|Cure Serious Wounds,16													BONUS:COMBAT|AC|3|TYPE=NaturalArmor																																BONUS:STAT|DEX|-3
Halruaan Skyship																					TYPE:Magic.Wondrous.Transportation.Ships.Container							CONTAINS:7500|Any								COST:700000	WT:10000																																													SOURCEPAGE:p.
Hammer of the Weaponsmith																			TYPE:Magic.Wondrous.Tools.Artisan.WeaponsmithingTools																	COST:2055	WT:8																		BASEITEM:Artisan's Tools (Weaponsmithing)							EQMOD:MWORKI													SOURCEPAGE:p.																																																												BONUS:SKILL|Craft (Weaponsmithing)|2|TYPE=Circumstance|PRETYPE:1,Masterwork	BONUS:SKILL|Craft (Weaponsmithing)|10|TYPE=Circumstance
Hand of Oakfather																					TYPE:Magic.Wondrous.Amulet																					COST:41400	WT:1																																														SOURCEPAGE:p.																																																																																																																						SPROP:Hand of Hoakfather|TIMES=1|CASTERLEVEL=5|Barkskin|Entangle|Goodberry|Plant Growth|Speak with Plants|Tree Shape
Handharp																						TYPE:Magic.Wondrous.Instrument.String.Resizable																		COST:25000	WT:1				PRESKILL:1,Perform (String Instruments)=1								BASEITEM:Musical Instrument (Harp)								EQMOD:MWORKI													SOURCEPAGE:p.
Harper Pin (Lesser)						OUTPUTNAME:Harper Pin, Lesser										TYPE:Magic.Wondrous.Amulet																					COST:8000	WT:0																																														SOURCEPAGE:p.
Harper Pin (Greater)						OUTPUTNAME:Harper Pin, Greater									TYPE:Magic.Wondrous.Amulet																					COST:79000	WT:0											DEFINE:MindAffectingResistanceBonus|0																													SOURCEPAGE:p.						ABILITY:Special Ability|AUTOMATIC|Resistance To Mind-Affecting																																												BONUS:SKILL|Move Silently|-10|PREALIGN:LE,NE,CE																											BONUS:VAR|MindAffectingResistanceBonus|5																		SPROP:immunity to Magic missiles. Contiinual Nondetection, Resist Element (Electricity), Undetectable alignment.
Headband of Binder																				TYPE:Magic.Wondrous.Headgear																					COST:2600	WT:0																																														SOURCEPAGE:p.																					SPELLS:Headband of Binder|TIMES=3|CASTERLEVEL=3|Read Magic																																																																BONUS:VAR|BardicKnowledge|4|TYPE=Sacred
Heart of the Beast																				TYPE:Magic.Wondrous.Food																					COST:2000	WT:1																																														SOURCEPAGE:p.																																																																																																																						SPROP:Divine Power (10th caster level) when eated. +1 bonus to attack if at least +10 base attack bonus.
Helm of Darkness																					TYPE:Magic.Wondrous.Headgear																					COST:157000	WT:3																																														SOURCEPAGE:p.
Helm of Gazes																					TYPE:Magic.Wondrous.Headgear																					COST:33000	WT:3																																														SOURCEPAGE:p.
Ice Neckalce of the Ulutium																			TYPE:Magic.Wondrous.Amulet																					COST:5000	WT:1																																														SOURCEPAGE:p.
#Musical Instrument (Fochluchan Bandore)
#Musical Instrument (Max Fuirmidh Cithern)
#Musical Instrument (Doss Lute)
#Musical Instrument (Canaith Mandolin)
#Musical Instrument (Cli Lyre)
#Musical Instrument (Anstruth Harp)
#Musical Instrument (Ollamh Harp)
Instrument of the Winds																				TYPE:Magic.Wondrous.Instrument.String.Resizable																		COST:11000	WT:3																		BASEITEM:Musical Instrument (Lute)								EQMOD:MWORKI													SOURCEPAGE:p.																																																																																																																						SPROP:Summon Large Air Elemental with a Perform (String Instruments) check DC 15.
Janthra Harp																					TYPE:Magic.Wondrous.Instrument.String.Resizable																		COST:12000	WT:3				PRESKILL:1,Perform (String Instruments)=1								BASEITEM:Musical Instrument (Harp)								EQMOD:MWORKI													SOURCEPAGE:p.
Joyous Star Song																					TYPE:Magic.Wondrous.Scroll																					COST:5800	WT:0																																														SOURCEPAGE:p.
Kiira																							TYPE:Magic.Wondrous.Headgear.Spellbook														NUMPAGES:30		PAGEUSAGE:1	COST:7500	WT:0																																														SOURCEPAGE:p.
Knife of the Bowyer																				TYPE:Magic.Wondrous.Tools.Artisan.BowmakingTools																	COST:2055	WT:1																		BASEITEM:Artisan's Tools (Bowmaking)							EQMOD:MWORKI													SOURCEPAGE:p.																																																												BONUS:SKILL|Craft (Bowmaking)|2|TYPE=Circumstance|PRETYPE:1,Masterwork	BONUS:SKILL|Craft (Bowmaking)|10|TYPE=Circumstance
#Lenses of Darkness
Mask of Blood																					TYPE:Magic.Wondrous.Eyegear																					COST:17000	WT:1																																														SOURCEPAGE:p.
Mierest's Starlit Sphere																			TYPE:Magic.Wondrous.LightSource																				COST:53000	WT:1																																														SOURCEPAGE:p.																																																																																																					QUALITY:Bright Illumination|20 ft.	QUALITY:Shadowy Illumination|40 ft.	QUALITY:Duration|Permanent
Mirror Mask																						TYPE:Magic.Wondrous.Eyegear																					COST:8759	WT:1																																														SOURCEPAGE:p.						ABILITY:Special Ability|AUTOMATIC|Resistance To Gaze																																																																																BONUS:VAR|GazeResistanceBonus|5
Methild's Harp																					TYPE:Magic.Wondrous.Instrument.String.Resizable																		COST:4100	WT:3				PRESKILL:1,Perform (String Instruments)=1								BASEITEM:Musical Instrument (Harp)								EQMOD:MWORKI													SOURCEPAGE:p.
Mithral Bells																					TYPE:Magic.Wondrous.Bracer																					COST:3700	WT:1																															EQMOD:MITHRAL_ITEM												SOURCEPAGE:p.
Monk's Tatoo																					TYPE:Magic.Wondrous																						COST:80000	WT:0																																														SOURCEPAGE:p.																																																																																									BONUS:UDAM|CLASS.Monk|4		BONUS:VAR|MonkMoveLVL,MonkACLVL|4
Moon Bracers +1																					TYPE:Magic.Wondrous.Bracer																					COST:12100	WT:1		SLOTS:2																																											SOURCEPAGE:p.																					SPELLS:Moon Bracers|TIMES=1|CASTERLEVEL=7|Dimension Door																BONUS:COMBAT|AC|1|TYPE=Armor
Moon Bracers +2																					TYPE:Magic.Wondrous.Bracer																					COST:14100	WT:1		SLOTS:2																																											SOURCEPAGE:p.																					SPELLS:Moon Bracers|TIMES=1|CASTERLEVEL=7|Dimension Door																BONUS:COMBAT|AC|2|TYPE=Armor
Moon Bracers +3																					TYPE:Magic.Wondrous.Bracer																					COST:19100	WT:1		SLOTS:2																																											SOURCEPAGE:p.																					SPELLS:Moon Bracers|TIMES=1|CASTERLEVEL=7|Dimension Door																BONUS:COMBAT|AC|3|TYPE=Armor
Moon Bracers +4																					TYPE:Magic.Wondrous.Bracer																					COST:36200	WT:1		SLOTS:2																																											SOURCEPAGE:p.																					SPELLS:Moon Bracers|TIMES=1|CASTERLEVEL=7|Dimension Door																BONUS:COMBAT|AC|4|TYPE=Armor
Moon Bracers +5																					TYPE:Magic.Wondrous.Bracer																					COST:45200	WT:1		SLOTS:2																																											SOURCEPAGE:p.																					SPELLS:Moon Bracers|TIMES=1|CASTERLEVEL=7|Dimension Door																BONUS:COMBAT|AC|5|TYPE=Armor
Moon Bracers +6																					TYPE:Magic.Wondrous.Bracer																					COST:56200	WT:1		SLOTS:2																																											SOURCEPAGE:p.																					SPELLS:Moon Bracers|TIMES=1|CASTERLEVEL=7|Dimension Door																BONUS:COMBAT|AC|6|TYPE=Armor
Moon Bracers +7																					TYPE:Magic.Wondrous.Bracer																					COST:69160	WT:1		SLOTS:2																																											SOURCEPAGE:p.																					SPELLS:Moon Bracers|TIMES=1|CASTERLEVEL=7|Dimension Door																BONUS:COMBAT|AC|7|TYPE=Armor
Moon Bracers +8																					TYPE:Magic.Wondrous.Bracer																					COST:84160	WT:1		SLOTS:2																																											SOURCEPAGE:p.																					SPELLS:Moon Bracers|TIMES=1|CASTERLEVEL=7|Dimension Door																BONUS:COMBAT|AC|8|TYPE=Armor
Moon Mote																						TYPE:Magic.Wondrous																						COST:180	WT:0																																														SOURCEPAGE:p.																					SPELLS:Moon Mote|TIMES=1|CASTERLEVEL=3|Dancing Lights
Mooncloak +1																					TYPE:Magic.Wondrous.Cape																					COST:1000	WT:1																																														SOURCEPAGE:p.																					SPELLS:Mooncloak|TIMES=1|CASTERLEVEL=7|Levitate|Water Walk																																																																																																														BONUS:SAVE|Fortitude,Reflex,Will|1|TYPE=Resistance
Mooncloak +2																					TYPE:Magic.Wondrous.Cape																					COST:4000	WT:1																																														SOURCEPAGE:p.																					SPELLS:Mooncloak|TIMES=1|CASTERLEVEL=7|Levitate|Water Walk																																																																																																														BONUS:SAVE|Fortitude,Reflex,Will|2|TYPE=Resistance
Mooncloak +3																					TYPE:Magic.Wondrous.Cape																					COST:9000	WT:1																																														SOURCEPAGE:p.																					SPELLS:Mooncloak|TIMES=1|CASTERLEVEL=7|Levitate|Water Walk																																																																																																														BONUS:SAVE|Fortitude,Reflex,Will|3|TYPE=Resistance
Mooncloak +4																					TYPE:Magic.Wondrous.Cape																					COST:16000	WT:1																																														SOURCEPAGE:p.																					SPELLS:Mooncloak|TIMES=1|CASTERLEVEL=7|Levitate|Water Walk																																																																																																														BONUS:SAVE|Fortitude,Reflex,Will|4|TYPE=Resistance
Mooncloak +5																					TYPE:Magic.Wondrous.Cape																					COST:25000	WT:1																																														SOURCEPAGE:p.																					SPELLS:Mooncloak|TIMES=1|CASTERLEVEL=7|Levitate|Water Walk																																																																																																														BONUS:SAVE|Fortitude,Reflex,Will|5|TYPE=Resistance
Moonstone Mask																					TYPE:Magic.Wondrous.Eyegear																					COST:12000	WT:1																																														SOURCEPAGE:p.																	VISION:Darkvision (60')																																								BONUS:SKILL|Listen,Spot|5|TYPE=Circumstance
Necklace of Acid Pearls																				TYPE:Magic.Wondrous.Amulet																					COST:10700	WT:1																															EQMOD:CHARGED_ITEM_7|CHARGES[7]										SOURCEPAGE:p.
Necklace of Copper Dragon Scales																		TYPE:Magic.Wondrous.Amulet																					COST:570	WT:1																															EQMOD:CHARGED_ITEM_6|CHARGES[6]										SOURCEPAGE:p.																																																																																																																						SPROP:Endure Elements (Acid) for 24 ours
Necklace of Lightning																				TYPE:Magic.Wondrous.Amulet																					COST:4350	WT:1																															EQMOD:CHARGED_ITEM_7|CHARGES[7]										SOURCEPAGE:p.
Necklace of Nature's Teeth																			TYPE:Magic.Wondrous.Amulet																					COST:2900	WT:0																																														SOURCEPAGE:p.
Nithalor's Harp																					TYPE:Magic.Wondrous.Instrument.String.Resizable																		COST:22300	WT:3				PRESKILL:1,Perform (String Instruments)=1								BASEITEM:Musical Instrument (Harp)								EQMOD:MWORKI													SOURCEPAGE:p.
Orb of Holiness																					TYPE:Magic.Wondrous																						COST:178700	WT:1																																														SOURCEPAGE:p.
Orbakh's Glass Skull																				TYPE:Magic.Wondrous.Container											CONTAINS:1|Liquid=1							COST:15700	WT:3																																														SOURCEPAGE:p.																					SPELLS:Orbakh's Glass Skull|TIMES=3|CASTERLEVEL=7|Disrupt Undead	SPELLS:Orbakh's Glass Skull|TIMES=1|CASTERLEVEL=7|Enervation|Shroud of Undeath
#Phoenix Helm
Phylactery of the Priesthood (Lesser)			OUTPUTNAME:Phylactery of the Priesthood, Lesser							TYPE:Magic.Wondrous.Headgear.Bracer																				COST:27200	WT:0																																														SOURCEPAGE:p.																																																																																																																						SPROP:3/day Maximize Spell up to 3rd level spell.
Phylactery of the Priesthood (Greater)			OUTPUTNAME:Phylactery of the Priesthood, Greater						TYPE:Magic.Wondrous.Headgear.Bracer																				COST:108000	WT:0																																														SOURCEPAGE:p.																																																																																																																						SPROP:3/day Maximize Spell up to 6th level spell.
Rhingalade's Harp																					TYPE:Magic.Wondrous.Instrument.String.Resizable																		COST:5400	WT:3				PRESKILL:1,Perform (String Instruments)=1								BASEITEM:Musical Instrument (Harp)								EQMOD:MWORKI													SOURCEPAGE:p.
Salve of Minor Spell Resistance																		TYPE:Magic.Wondrous.Vial.Consumable																				COST:1250	WT:0.5																																													SOURCEPAGE:p.
Scarab of Scintillating Auras																			TYPE:Magic.Wondrous.Amulet																					COST:45000	WT:0																																														SOURCEPAGE:p.
#Sending Stones
Shaundakul's Boots																				TYPE:Magic.Wondrous.Boot																					COST:6300	WT:1																																														SOURCEPAGE:p.																																																				BONUS:MOVEADD|TYPE=Walk|10|TYPE=Enhancement
Silent Portal Disk																				TYPE:Magic.Wondrous																						COST:360	WT:0																																														SOURCEPAGE:p.																					SPELLS:Silent Portal Disk|TIMES=1|CASTERLEVEL=1|Silent Portal
Skull Plaque																					TYPE:Magic.Wondrous.Amulet																					COST:9200	WT:2																																														SOURCEPAGE:p.																					SPELLS:Skull Plaque|TIMES=1|CASTERLEVEL=5|Death Knell|Detect Undead																																																																																						SPROP:Undead suffer -2 penalty on attack rolls against the wearer.
Smokepowder																						TYPE:Magic.Wondrous.Alchemical.Consumable																			COST:25	WT:2																																														SOURCEPAGE:p.
Spice Jar																						TYPE:Magic.Wondrous.Jar.Container										CONTAINS:1|Trade=1							COST:5600	WT:1																																														SOURCEPAGE:p.
Sunite Sash																						TYPE:Magic.Wondrous.Amulet																					COST:19600	WT:1																																														SOURCEPAGE:p.																					SPELLS:Sunite Sash|TIMES=1|CASTERLEVEL=6|Handfire																	BONUS:COMBAT|AC|2|TYPE=Deflection																																BONUS:STAT|CHA|2|TYPE=Enhancement
Tongs of the Armorer																				TYPE:Magic.Wondrous.Tools.Artisan.ArmorsmithingTools																	COST:2055	WT:5																		BASEITEM:Artisan's Tools (Armorsmithing)							EQMOD:MWORKI													SOURCEPAGE:p.																																																												BONUS:SKILL|Craft (Armorsmithing)|2|TYPE=Circumstance|PRETYPE:1,Masterwork	BONUS:SKILL|Craft (Armorsmithing)|10|TYPE=Circumstance
Travel Cloak																					TYPE:Magic.Wondrous.Cape																					COST:1200	WT:1																																														SOURCEPAGE:p.
Troll Gut Rope																					TYPE:Magic.Wondrous.General																					COST:3000	WT:7																																														SOURCEPAGE:p.
Unicorn Pendant																					TYPE:Magic.Wondrous.Amulet																					COST:28000	WT:1																																														SOURCEPAGE:p.																																																																																														BONUS:VAR|LayOnHands|2*LayOnHandsLVL
Valarde's Harp																					TYPE:Magic.Wondrous.Instrument.String.Resizable																		COST:8500	WT:3				PRESKILL:1,Perform (String Instruments)=1								BASEITEM:Musical Instrument (Harp)								EQMOD:MWORKI													SOURCEPAGE:p.
Vestment of Power (Lesser)					OUTPUTNAME:Vestment of Power, Lesser								TYPE:Magic.Wondrous.Vest																					COST:88000	WT:0											DEFINE:FireResistanceBonus|0																															SOURCEPAGE:p.						ABILITY:Special Ability|AUTOMATIC|Resistance To Fire																																BONUS:COMBAT|AC|3|TYPE=Deflection																																											BONUS:VAR|FireResistanceBonus|15																			SPROP:continual Protection from Arrows. Automatic Feather Fall.												BONUS:SAVE|Fortitude,Reflex,Will|4|TYPE=Resistance
Vestment of Power (Greater)					OUTPUTNAME:Vestment of Power, Greater								TYPE:Magic.Wondrous.Vest																					COST:200000	WT:0											DEFINE:FireResistanceBonus|0																															SOURCEPAGE:p.						ABILITY:Special Ability|AUTOMATIC|Resistance To Fire							SPELLS:Vestment of Power|TIMES=ATWILL|CASTERLEVEL=9|Dimension Door|True Seeing												BONUS:COMBAT|AC|3|TYPE=Deflection																																											BONUS:VAR|FireResistanceBonus|15																			SPROP:continual Protection from Arrows. Automatic Feather Fall.												BONUS:SAVE|Fortitude,Reflex,Will|4|TYPE=Resistance
War Wizard Cloak																					TYPE:Magic.Wondrous.Cape																					COST:30375	WT:1																																														SOURCEPAGE:p.																					SPELLS:War Wizard Cloak|TIMES=1|CASTERLEVEL=9|Dimension Door|Ironguard (Lesser)|Protection from Arrows																																																																																SPROP:constant Endure Elements (Cold), Darkvision, Feather Fall
White Cloak of the Spider																			TYPE:Magic.Wondrous.Cape																					COST:8200	WT:1																																														SOURCEPAGE:p.																					SPELLS:White Cloak of the Spider|TIMES=ATWILL|CASTERLEVEL=3|Spider Climb	SPELLS:White Cloak of the Spider|TIMES=1|CASTERLEVEL=3|Hold Person																																																																									SPROP:+2 luck bonus against poison from spiders and drow sleep poison.
Wild Shape Amulet																					TYPE:Magic.Wondrous.Amulet																					COST:40000	WT:0																																														SOURCEPAGE:p.																																																																																														BONUS:VAR|DruidWildShape|4
Word of Chaos's Power																				TYPE:Magic.Wondrous																						COST:12000	WT:1																																														SOURCEPAGE:p.
White Skull Mask																					TYPE:Magic.Wondrous.Eyegear																					COST:50000	WT:1																																														SOURCEPAGE:p.						ABILITY:Special Ability|AUTOMATIC|Immunity To Energy Drain																																																																																																							SPROP:+4 morale bonus on saving throw against disease, fear, paralysis
Wilding Grasp																					TYPE:Magic.Wondrous																						COST:4000	WT:0																																														SOURCEPAGE:p.
Winged Clasp																					TYPE:Magic.Wondrous.Eyegear																					COST:13000	WT:1																																														SOURCEPAGE:p.																					SPELLS:Winged Clasp|TIMES=ATWILL|CASTERLEVEL=5|Fly
Wings of Pain																					TYPE:Magic.Wondrous.Cape																					COST:17500	WT:2																																														SOURCEPAGE:p.
Xvim's Green-Eyed Gauntlet														PROFICIENCY:WEAPON|Gauntlet	TYPE:Magic.Wondrous.Weapon.Melee.Finesseable.Simple.Standard.Bludgeoning.Unarmed.Gauntlet											COST:11800	WT:2																									CRITMULT:x2	CRITRANGE:1	DAMAGE:1d3	EQMOD:STEEL					WIELD:Light						SIZE:M	SOURCEPAGE:p.																	VISION:Darkvision (60')
Yornar's Crescent																					TYPE:Magic.Wondrous																						COST:27700	WT:1																																														SOURCEPAGE:p.
