# CVS $Revision: $ $Author: $ -- Sun May 19 00:52:28 2013 -- reformated by prettylst.pl v1.50 (build 19967)


###Block:Rods
# Equipment Name		Output Name				Required Weapon Proficiency		Type													Alternative Type				Contains					Cost		Weight	Base Item for EQMOD	Critical Hit Multiplier	Critical Hit Range	Alternative Critical	Alternative Critical Range	Damage	Alternative Damage	Modifier									Wield Category	Reach		Size		Source Page		Vision		Innate Spells								Bonus to skill								Special Property
Rod (Cats)			OUTPUTNAME:Rod of [NAME]	PROFICIENCY:WEAPON|Quarterstaff	TYPE:Magic.Rod.Weapon.Simple.Melee.Bludgeoning.Double.Quarterstaff.Container	ALTTYPE:Weapon.Melee.Bludgeoning	CONTAINS:*1|ThiefTools=1|Scroll=1	COST:25000	WT:5		BASEITEM:Rod		CRITMULT:x2			CRITRANGE:1			ALTCRITMULT:x2		ALTCRITRANGE:1			DAMAGE:1d6	ALTDAMAGE:1d6		EQMOD:CHARGED_ITEM_50|CHARGES[50].WOOD.PLUS1W			WIELD:TwoHanded			SIZE:M	SOURCEPAGE:p.	VISION:Low-Light											BONUS:SKILL|Climb,Hide,Move Silently|10|TYPE=Competence
Rod (Displacement)	OUTPUTNAME:Rod of [NAME]							TYPE:Magic.Rod																							COST:48600	WT:5		BASEITEM:Rod																									EQMOD:CHARGED_ITEM_50|CHARGES[50]												SOURCEPAGE:p.				SPELLS:Rod (Displacement)|TIMES=2|CASTERLEVEL=5|Jump|Knock
#Rod (Fury/+1)	OUTPUTNAME:Rod of Fury	TYPE:Magic.Rod	COST:26800	WT:5	BASEITEM:Rod	EQMOD:CHARGED_ITEM_50|CHARGES[50]	SOURCEPAGE:p.													BONUS:COMBAT|AC|1|TYPE=Deflection
#Rod (Fury/+2)	OUTPUTNAME:Rod of Fury	TYPE:Magic.Rod	COST:38800	WT:5	BASEITEM:Rod	EQMOD:CHARGED_ITEM_50|CHARGES[50]	SOURCEPAGE:p.													BONUS:COMBAT|AC|2|TYPE=Deflection
#Rod (Fury/+3)	OUTPUTNAME:Rod of Fury	TYPE:Magic.Rod	COST:58800	WT:5	BASEITEM:Rod	EQMOD:CHARGED_ITEM_50|CHARGES[50]	SOURCEPAGE:p.													BONUS:COMBAT|AC|3|TYPE=Deflection
#Rod (Fury/+4)	OUTPUTNAME:Rod of Fury	TYPE:Magic.Rod	COST:77600	WT:5	BASEITEM:Rod	EQMOD:CHARGED_ITEM_50|CHARGES[50]	SOURCEPAGE:p.													BONUS:COMBAT|AC|4|TYPE=Deflection
#Rod (Fury/+5)	OUTPUTNAME:Rod of Fury	TYPE:Magic.Rod	COST:95600	WT:5	BASEITEM:Rod	EQMOD:CHARGED_ITEM_50|CHARGES[50]	SOURCEPAGE:p.													BONUS:COMBAT|AC|5|TYPE=Deflection
Rod (Mirrors)		OUTPUTNAME:Rod of [NAME]							TYPE:Magic.Rod																							COST:40200	WT:5		BASEITEM:Rod																									EQMOD:CHARGED_ITEM_50|CHARGES[50]												SOURCEPAGE:p.
Rod (Silence)		OUTPUTNAME:Rod of [NAME]							TYPE:Magic.Rod																							COST:24200	WT:5		BASEITEM:Rod																									EQMOD:CHARGED_ITEM_50|CHARGES[50]												SOURCEPAGE:p.																								SPROP:+4 resistance bonus on all saving throws against Sonic effects.
#Rod (Spheres)
Rod (Spiders)		OUTPUTNAME:Rod of [NAME]							TYPE:Magic.Rod																							COST:40000	WT:5		BASEITEM:Rod																									EQMOD:CHARGED_ITEM_50|CHARGES[50]												SOURCEPAGE:p.
Rod (Surprises)		OUTPUTNAME:Rod of [NAME]							TYPE:Magic.Rod																							COST:21600	WT:5		BASEITEM:Rod																									EQMOD:CHARGED_ITEM_50|CHARGES[50]												SOURCEPAGE:p.
Rod (Tuning)		OUTPUTNAME:Rod of [NAME]							TYPE:Magic.Rod																							COST:84400	WT:5		BASEITEM:Rod																									EQMOD:CHARGED_ITEM_50|CHARGES[50]												SOURCEPAGE:p.
Rod (Viscid Globs)	OUTPUTNAME:Rod of [NAME]							TYPE:Magic.Rod																							COST:6000	WT:5		BASEITEM:Rod																									EQMOD:CHARGED_ITEM_50|CHARGES[50]												SOURCEPAGE:p.
Rod (Whips)			OUTPUTNAME:Rod of [NAME]	PROFICIENCY:WEAPON|Whip			TYPE:Magic.Rod.Weapon.Melee.Exotic.Reach.Finesseable.Subdual.Slashing														COST:21600	WT:5		BASEITEM:Rod		CRITMULT:x2			CRITRANGE:1												DAMAGE:1d3					EQMOD:CHARGED_ITEM_50|CHARGES[50].LEATHER.PLUS1W.DANCE	WIELD:OneHanded	REACH:15	SIZE:M	SOURCEPAGE:p.

###Block:Staves
# Equipment Name	Output Name	Type	Cost	Weight	Base Item for EQMOD		Source Page	Required Proficiency	Alternative Type	Critical Hit Multiplier	Critical Hit Range	Damage	Alternative Critical	Alternative Critical Range	Alternative Damage	Modifier	Wield Category	Size	Virtual Feat	Special Property
#Staff (Entrapment)	OUTPUTNAME:Staff of [NAME]	TYPE:Magic.Staff	COST:36750	WT:5	BASEITEM:Staff	EQMOD:CHARGED_ITEM_50|CHARGES[50]	SOURCEPAGE:p.
#Staff (Ethereal Action)	OUTPUTNAME:Staff of [NAME]	TYPE:Magic.Staff.Weapon.Simple.Melee.Bludgeoning.Double.Quarterstaff	COST:57300	WT:5	BASEITEM:Staff	EQMOD:CHARGED_ITEM_50|CHARGES[50].WOOD.PLUS1W.GHOST_M 	SOURCEPAGE:p.	PROFICIENCY:WEAPON|Quarterstaff	ALTTYPE:Weapon.Melee.Bludgeoning	CRITMULT:x2	CRITRANGE:1	DAMAGE:1d6	ALTCRITMULT:x2	ALTCRITRANGE:1	ALTDAMAGE:1d6	ALTEQMOD:WOOD.PLUS1W.GHOST_M 	WIELD:TwoHanded	SIZE:M
#Staff (Eyes)	OUTPUTNAME:Staff of [NAME]	TYPE:Magic.Staff	COST:34700	WT:5	BASEITEM:Staff	EQMOD:CHARGED_ITEM_50|CHARGES[50]	SOURCEPAGE:p.
#Staff (Fiendish Darkness)	OUTPUTNAME:Staff of [NAME]	TYPE:Magic.Staff	COST:98200	WT:5	BASEITEM:Staff	EQMOD:CHARGED_ITEM_50|CHARGES[50]	SOURCEPAGE:p.													ABILITY:Special Ability|AUTOMATIC|Negative Levels	BONUS:VAR|NegLevels|2|PREALIGN:LG,NG,CG
#Staff (Miracles)	OUTPUTNAME:Staff of [NAME]	TYPE:Magic.Staff	COST:77000	WT:5	BASEITEM:Staff	EQMOD:CHARGED_ITEM_50|CHARGES[50]	SOURCEPAGE:p.
# Equipment Name		Output Name				Type			Cost		Weight	Base Item for EQMOD	Modifier					Source Page		Bonus to skill
Staff (the Night)		OUTPUTNAME:Staff of [NAME]	TYPE:Magic.Staff	COST:30000	WT:5		BASEITEM:Staff		EQMOD:CHARGED_ITEM_50|CHARGES[50]	SOURCEPAGE:p.
Staff (Open Door)		OUTPUTNAME:Staff of [NAME]	TYPE:Magic.Staff	COST:42200	WT:5		BASEITEM:Staff		EQMOD:CHARGED_ITEM_50|CHARGES[50]	SOURCEPAGE:p.
Staff (Peace)		OUTPUTNAME:Staff of [NAME]	TYPE:Magic.Staff	COST:175250	WT:5		BASEITEM:Staff		EQMOD:CHARGED_ITEM_50|CHARGES[50]	SOURCEPAGE:p.	BONUS:SKILL|Diplomacy|10|TYPE=Competence|PREDEITY:1,Eldath
Staff (Scrivening)	OUTPUTNAME:Staff of [NAME]	TYPE:Magic.Staff	COST:56300	WT:5		BASEITEM:Staff		EQMOD:CHARGED_ITEM_50|CHARGES[50]	SOURCEPAGE:p.
Staff (Skull)		OUTPUTNAME:Staff of [NAME]	TYPE:Magic.Staff	COST:39200	WT:5		BASEITEM:Staff		EQMOD:CHARGED_ITEM_50|CHARGES[50]	SOURCEPAGE:p.
#Staff (Transportation)	OUTPUTNAME:Staff of [NAME]	TYPE:Magic.Staff	COST:67500	WT:5	BASEITEM:Staff	EQMOD:CHARGED_ITEM_50|CHARGES[50]	SOURCEPAGE:p.
#Staff (Vision)	OUTPUTNAME:Staff of [NAME]	TYPE:Magic.Staff	COST:42800	WT:5	BASEITEM:Staff	EQMOD:CHARGED_ITEM_50|CHARGES[50]	SOURCEPAGE:p.													SPROP:each use Will DC 12 or 1 point of temporary damage to INT

SOURCELONG:Magic of Faerun	SOURCESHORT:MagF
