# CVS $Revision: $ $Author: $ -- Sun May 19 00:52:28 2013 -- reformated by prettylst.pl v1.50 (build 19967)
SOURCELONG:Magic of Faerun	SOURCESHORT:MagF

#Teleport	CLASSES:Sorcerer,Wizard=5	TYPE:Arcane.Divine
# Spell Name			Classes of caster			Type
Acid Splash.MOD			CLASSES:Gnome Artificer=0	TYPE:Mundane
Detect Poison.MOD			CLASSES:Gnome Artificer=0	TYPE:Mundane
Electric Jolt.MOD			CLASSES:Gnome Artificer=0	TYPE:Mundane
Flare.MOD				CLASSES:Gnome Artificer=0	TYPE:Mundane
Horizikaul's Cough.MOD		CLASSES:Gnome Artificer=0	TYPE:Mundane
Launch Bolt.MOD			CLASSES:Gnome Artificer=0	TYPE:Mundane
Light.MOD				CLASSES:Gnome Artificer=0	TYPE:Mundane
Mage Hand.MOD			CLASSES:Gnome Artificer=0	TYPE:Mundane
Ray of Frost.MOD			CLASSES:Gnome Artificer=0	TYPE:Mundane
Burning Hands.MOD			CLASSES:Gnome Artificer=1	TYPE:Mundane
Detect Undead.MOD			CLASSES:Gnome Artificer=1	TYPE:Mundane
Corrosive Grasp.MOD		CLASSES:Gnome Artificer=1	TYPE:Mundane
Endure Elements.MOD		CLASSES:Gnome Artificer=1	TYPE:Mundane
Expeditious Retreat.MOD		CLASSES:Gnome Artificer=1	TYPE:Mundane
Feather Fall.MOD			CLASSES:Gnome Artificer=1	TYPE:Mundane
Grease.MOD				CLASSES:Gnome Artificer=1	TYPE:Mundane
Horizikaul's Boom.MOD		CLASSES:Gnome Artificer=1	TYPE:Mundane
Jump.MOD				CLASSES:Gnome Artificer=1	TYPE:Mundane
Kaupaer's Skittish Nerves.MOD	CLASSES:Gnome Artificer=1	TYPE:Mundane
Launch Item.MOD			CLASSES:Gnome Artificer=1	TYPE:Mundane
Low-Light Vision.MOD		CLASSES:Gnome Artificer=1	TYPE:Mundane
Obscuring Mist.MOD		CLASSES:Gnome Artificer=1	TYPE:Mundane
Shocking Grasp.MOD		CLASSES:Gnome Artificer=1	TYPE:Mundane
Spider Climb.MOD			CLASSES:Gnome Artificer=1	TYPE:Mundane
Battering Ram.MOD			CLASSES:Gnome Artificer=2	TYPE:Mundane
Bull's Strength.MOD		CLASSES:Gnome Artificer=2	TYPE:Mundane
Cat's Grace.MOD			CLASSES:Gnome Artificer=2	TYPE:Mundane
Darkvision.MOD			CLASSES:Gnome Artificer=2	TYPE:Mundane
Daylight.MOD			CLASSES:Gnome Artificer=2	TYPE:Mundane
Flame Dagger.MOD			CLASSES:Gnome Artificer=2	TYPE:Mundane
Fog Cloud.MOD			CLASSES:Gnome Artificer=2	TYPE:Mundane
Glitterdust.MOD			CLASSES:Gnome Artificer=2	TYPE:Mundane
Melf's Acid Arrow.MOD		CLASSES:Gnome Artificer=2	TYPE:Mundane
See Invisibility.MOD		CLASSES:Gnome Artificer=2	TYPE:Mundane
Shatter.MOD				CLASSES:Gnome Artificer=2	TYPE:Mundane
Speed Swim.MOD			CLASSES:Gnome Artificer=2	TYPE:Mundane
Flame Arrow.MOD			CLASSES:Gnome Artificer=3	TYPE:Mundane
Fly.MOD									TYPE:Mundane
Gust of Wind.MOD			CLASSES:Gnome Artificer=3	TYPE:Mundane
Haste.MOD									TYPE:Mundane
Lightning Bolt.MOD		CLASSES:Gnome Artificer=3	TYPE:Mundane
Shatterfloor.MOD			CLASSES:Gnome Artificer=3	TYPE:Mundane
Sleet Storm.MOD								TYPE:Mundane
Stinking Cloud.MOD		CLASSES:Gnome Artificer=3	TYPE:Mundane
Water Breathing.MOD		CLASSES:Gnome Artificer=3	TYPE:Mundane
Ice Storm.MOD								TYPE:Mundane
Quench.MOD				CLASSES:Gnome Artificer=4	TYPE:Mundane
Rusting Grasp.MOD			CLASSES:Gnome Artificer=4	TYPE:Mundane
Shout.MOD				CLASSES:Gnome Artificer=4	TYPE:Mundane
Solid Fog.MOD			CLASSES:Gnome Artificer=4	TYPE:Mundane
Wall of Fire.MOD								TYPE:Mundane
Wall of Ice.MOD								TYPE:Mundane
