SOURCELONG:Monsters of Faerun	SOURCESHORT:MoF	SOURCEDATE:2003-05

###Block: Prestige Classes
# Class Name			Hit Dice	Type				Abbreviation	Max Level	Source Page		Save checks bonus														Combat bonus
CLASS:Beholder Mage (MoF)	HD:4		TYPE:Monster.Prestige	ABB:BeHM		MAXLEVEL:10	SOURCEPAGE:p.	BONUS:CHECKS|BASE.Fortitude|CL/3	BONUS:CHECKS|BASE.Reflex|CL/3	BONUS:CHECKS|BASE.Will|CL/2+2	BONUS:COMBAT|BAB|CL/2|TYPE=Base.REPLACE
# Class Name			Required Race				Required Text
CLASS:Beholder Mage (MoF)	PRERACE:1,RACESUBTYPE:Beholder	PRETEXT:Lose or put out central magic eye.
# Class Name			Skill Pts/Lvl	Class Skill
CLASS:Beholder Mage (MoF)	STARTSKILLPTS:2	CSKILL:Craft (Alchemy)|Appraise|Concentration|Decipher Script|TYPE=Knowledge|Speak Language|Spellcraft|Use Magic Device
# Class Name			Spell Stat		Spell Type		Spellbook		Caster level
CLASS:Beholder Mage (MoF)	SPELLSTAT:INT	SPELLTYPE:Arcane	SPELLBOOK:YES	BONUS:CASTERLEVEL|Beholder Mage (MoF)|CL
1	CAST:6,3									ABILITY:Special Ability|AUTOMATIC|Sacrifice Eyestalk
2	CAST:6,5,3
3	CAST:6,6,5,3			BONUS:VAR|FamiliarLVL|CL	ABILITY:Special Ability|AUTOMATIC|Summon Familiar
4	CAST:6,6,6,5,3
5	CAST:6,6,6,6,5,3
6	CAST:6,6,6,6,6,5,3
7	CAST:6,6,6,6,6,6,5,3
8	CAST:6,6,6,6,6,6,6,5,3
9	CAST:6,6,6,6,6,6,6,6,5,3
10	CAST:6,6,6,6,6,6,6,6,6,5



###Block: Monster Classes
# Class Name	Hit Dice	Type			Max Level	Source Page		Save checks bonus															Combat bonus					Add domain number
CLASS:Banelar	HD:10		TYPE:Monster	MAXLEVEL:21	SOURCEPAGE:p.	BONUS:CHECKS|BASE.Fortitude|CL/2+2	BONUS:CHECKS|BASE.Reflex|CL/2+2	BONUS:CHECKS|BASE.Will|CL/3	BONUS:COMBAT|BAB|CL|TYPE=Base.REPLACE	BONUS:DOMAIN|NUMBER|3
# Class Name	Required Race	Reg. Race Type
CLASS:Banelar	PRERACE:1,Banelar	PRERACETYPE:1,Magical Beast
# Class Name	Skill Pts/Lvl	Add INT to Skill Points?
CLASS:Banelar	STARTSKILLPTS:2	MODTOSKILLS:NO
1	DOMAIN:Evil|Magic|Water									ADD:SPELLCASTER|1|Cleric	ADD:SPELLCASTER|1|Wizard
2					BONUS:PCLEVEL|Cleric|1	BONUS:PCLEVEL|Wizard|1
3					BONUS:PCLEVEL|Cleric|1	BONUS:PCLEVEL|Wizard|1
5					BONUS:PCLEVEL|Cleric|1	BONUS:PCLEVEL|Wizard|1
6					BONUS:PCLEVEL|Cleric|1	BONUS:PCLEVEL|Wizard|1
7					BONUS:PCLEVEL|Cleric|1	BONUS:PCLEVEL|Wizard|1

# Class Name	Hit Dice	Type			Max Level	Source Page		Save checks bonus														Combat bonus					Add domain number
CLASS:Choldrith	HD:8		TYPE:Monster	MAXLEVEL:4	SOURCEPAGE:p.	BONUS:CHECKS|BASE.Fortitude|CL/2+2	BONUS:CHECKS|BASE.Reflex|CL/3	BONUS:CHECKS|BASE.Will|CL/2+2	BONUS:COMBAT|BAB|CL*3/4|TYPE=Base.REPLACE	BONUS:DOMAIN|NUMBER|3
# Class Name	Required Race		Reg. Race Type
CLASS:Choldrith	PRERACE:1,Choldrith	PRERACETYPE:1,Aberration
# Class Name	Skill Pts/Lvl	Add INT to Skill Points?
CLASS:Choldrith	STARTSKILLPTS:2	MODTOSKILLS:NO
1	DOMAIN:Chaos|Evil|Protection					ADD:SPELLCASTER|1|Cleric
2						BONUS:PCLEVEL|Cleric|1
3						BONUS:PCLEVEL|Cleric|1
4						BONUS:PCLEVEL|Cleric|1

# Class Name		Hit Dice	Type			Max Level	Source Page		Save checks bonus														Combat bonus
CLASS:Cloaker Lord	HD:8		TYPE:Monster	MAXLEVEL:9	SOURCEPAGE:p.	BONUS:CHECKS|BASE.Fortitude|CL/3	BONUS:CHECKS|BASE.Reflex|CL/3	BONUS:CHECKS|BASE.Will|CL/2+2	BONUS:COMBAT|BAB|CL*3/4|TYPE=Base.REPLACE
# Class Name		Required Race		Reg. Race Type
CLASS:Cloaker Lord	PRERACE:1,Cloaker Lord	PRERACETYPE:Aberration
# Class Name		Skill Pts/Lvl	Add INT to Skill Points?
CLASS:Cloaker Lord	STARTSKILLPTS:2	MODTOSKILLS:YES
SUBCLASS:Shadow	COST:0	CHOICE:SUBSCHOOL|Shadow	KNOWNSPELLSFROMSPECIALTY:1
SUBCLASSLEVEL:1	ABILITY:Special Ability|AUTOMATIC|Shadow Learning Bonus
1					ADD:SPELLCASTER|1|Wizard
2	BONUS:PCLEVEL|Wizard|1
3	BONUS:PCLEVEL|Wizard|1
4	BONUS:PCLEVEL|Wizard|1
5	BONUS:PCLEVEL|Wizard|1
6	BONUS:PCLEVEL|Wizard|1
7	BONUS:PCLEVEL|Wizard|1
8	BONUS:PCLEVEL|Wizard|1
9	BONUS:PCLEVEL|Wizard|1

# Class Name	Hit Dice	Type			Max Level	Source Page		Save checks bonus														Combat bonus					Add domain number
CLASS:Sharn		HD:8		TYPE:Monster	MAXLEVEL:12	SOURCEPAGE:p.	BONUS:CHECKS|BASE.Fortitude|CL/2+2	BONUS:CHECKS|BASE.Reflex|CL/3	BONUS:CHECKS|BASE.Will|CL/2+2	BONUS:COMBAT|BAB|CL*3/4|TYPE=Base.REPLACE	BONUS:DOMAIN|NUMBER|4	BONUS:DOMAIN|NUMBER|4
# Class Name	Required Race	Reg. Race Type
CLASS:Sharn		PRERACE:1,Sharn	PRERACETYPE:1,Aberration
# Class Name	Skill Pts/Lvl	Add INT to Skill Points?
CLASS:Sharn		STARTSKILLPTS:2	MODTOSKILLS:NO
1	BONUS:PCLEVEL|Cleric|1						ADD:SPELLCASTER|1|Cleric	ADD:SPELLCASTER|1|Sorcerer	ADDDOMAINS:Chaos.Death.Knowledge.Luck.Magic.Protection.Travel.Trickery
2	BONUS:PCLEVEL|Cleric|1	BONUS:PCLEVEL|Sorcerer|2
3	BONUS:PCLEVEL|Cleric|1	BONUS:PCLEVEL|Sorcerer|2
4	BONUS:PCLEVEL|Cleric|1	BONUS:PCLEVEL|Sorcerer|2
5	BONUS:PCLEVEL|Sorcerer|1
6	BONUS:PCLEVEL|Cleric|1
7	BONUS:PCLEVEL|Sorcerer|1
8	BONUS:PCLEVEL|Cleric|1
9	BONUS:PCLEVEL|Sorcerer|1
10	BONUS:PCLEVEL|Cleric|1
11	BONUS:PCLEVEL|Sorcerer|1
12	BONUS:PCLEVEL|Cleric|1
