Absorb Magic	KEY:Absorb Magic	TYPE:Supernatural.SpecialQuality	CATEGORY:Special Ability			DESC:Gain HP equal to the damage that damaging magic would do, except for fire and cold magic (which is reduced) and which dissipated after a round.  Nondamaging spells gratn 1HP per spell level.  Mind-control spells have no effect whatsoever.  Can drain 1d4 charges from a magical item on touch, and for every other round of contact thereafter.  Can negate the effect of non-charged items for 1d4 rounds by touch. 
Absorb Energy	KEY:Absorb Energy	TYPE:Supernatural.SpecialQuality	CATEGORY:Special Ability		DESC:Takes no damage from fire or electricity, instead gaining 1hp per damage that woud normally be dealt.  When the Nyth reaches 60 HP, it fissures into two smaller nyths un a process which discharges light and Magic Missiles in all directions (all creatures in 30' are struck by 1d3 missiles each).  The result is two 30-hp Nyths.
Air Walk							TYPE:Extraordinary.SpecialQuality	CATEGORY:Special Ability		DESC:As the spell.			SPELLS:Innate|TIMES=ATWILL|Air Walk,CHA+3
All-Around Vision		CATEGORY:Special Ability	TYPE:RaceAbility.SpecialQuality.Extraordinary	DESC:Beholderkn are exceptionally alert and circumspect. Their many eyes give them a +4 racial bonus on Spot and Search checks, and they can't be flanked.	BONUS:SKILL|Spot,Search|4|TYPE=Racial	SOURCEPAGE:p.25
Alternate Form ~ Pterafolk	CATEGORY:Special Ability	TYPE:RaceAbility.SpecialQuality.Supernatural	DESC:Can transform into a Pteranadon
Alternate Form ~ Deep Dragon	CATEGORY:Special Ability	TYPE:RaceAbility.SpecialQuality.Supernatural	DESC:Can transform into a snake and humanoid.
Alternate Form (Humanoid)	KEY:Alternate Form ~ Deep Dragon Humanoid	CATEGORY:Special Ability	TYPE:RaceAbility.SpecialQuality.Supernatural	DESC:Can transform into a humanoid %1/Day.|SnakeFormTimes	DEFINE:SnakeFormTimes|0
Alternate Form (Snake)		KEY:Alternate Form ~ Deep Dragon Snake	CATEGORY:Special Ability	TYPE:RaceAbility.SpecialQuality.Supernatural	DESC:Can transform into a snake and human. %1/Day|HumanoidFormTimes	DEFINE:HumanoidFormTimes|0
Archetypal Shape				CATEGORY:Special Ability			TYPE:SpecialQuality.Extraordinary			DESC:No one can use any shape changing magic or ability to replicate or approximate the form of a Sharn.
Arrow Evasion					CATEGORY:Special Ability			TYPE:SpecialQuality.Extraordinary			DESC:Arrows, crossbows, and other physical missiles have a 20%% miss chance against this creature.
Beast of Malar Panther Skill	CATEGORY:Special Ability			TYPE:SpecialQuality.Extraordinary			DESC:In tall grass or other heavy vegetation, gain an additinal +4 to hide.	BONUS:SKILL|Hide,Jump,Move Silently|8|TYPE=Racial
Blood Drain	KEY:Blood Drain ~ Death Kiss	CATEGORY:Special Ability			TYPE:SpecialAttack.Extraordinary		DESC:A creature struck by a Death Kiss tentacle must make a Fortitude(18) check or take 1d3 temporary CON damage, restoring 1d6 HP to the Death Kiss.
Bolthole Magic					CATEGORY:Special Ability			TYPE:SpecialQuality.Supernatural		DESC:Can move 20ft straigh up or down as long as it passes through at least 1ft of earth during that movement. Each 5ft of earth or fraction thereof does it 1d3 damage, if it would stop in a solid object, it takes the damage but does not move.
Bone Bite							CATEGORY:Special Ability			TYPE:SpecialAttack.Extraordinary		DESC:X3 on a critical hit, and forces the victim's armor or shield(determined randomly if they have both) to save (dc 18) or be torn to shreds.  See DMG ch 18.
Breath Weapon	KEY:Breath Weapon ~ Cloud of Noxious Gas	CATEGORY:Special Ability			TYPE:SpecialAttack.Extraordinary		DESC:1/minute a Ghour can breathe a toxic cloud of gas 10' wide 10' hight and 30' long.  Victims save (reflex/21) or take 1d6 temporary Strength damage.
Breath Weapon	KEY:Breath Weapon ~ Cone of Electrically-Charged Gas		CATEGORY:Special Ability			TYPE:SpecialAttack.Extraordinary		DESC:A cone of electically charged gas  %1' long, %1' wide at the far end, doing %2d%3 damage.|BreathWeaponCone|BreathWeaponDice|BreathWeaponDamageDie
Skills	KEY:Bullywug Skill	DESC:+6 racial bonuson Hide checks in marshes.		CATEGORY:Special Ability			TYPE:SpecialQuality
Bunching		CATEGORY:Special Ability			TYPE:SpecialQuality.Extraordinary			DESC:Up to 3 gibberlings can occupy a 5'x5' space.
Breath Weapon	KEY:Breath Weapon ~ Cone of Flesh-Corrosive Gas		CATEGORY:Special Ability			TYPE:SpecialAttack.Extraordinary		DESC:A cone of flesh-corrisove gas  %1' long, %1' wide at the far end, doing %2d%3 damage.|BreathWeaponCone|BreathWeaponDice|BreathWeaponDamageDie
Alternate Form	KEY:Change Shape	CATEGORY:Special Ability	TYPE:Supernatural.SpecialQuality	SPELLS:Innate|TIMES=ATWILL|CASTERLEVEL=20|Shapechange,19+CHA		DESC:In a humanoid form, the Malaugrym retains its physical Attributes.
Charge Magic						CATEGORY:Special Ability	TYPE:Supernatural.SpecialQuality	DESC:When destroyd, it dissipates.  Any magic item in contact with it when it dies gains 1d6 charges.  A magic weapon that strikes a killing blow against it gains the Spell-storing special ability permanently.
Charming Gaze	CATEGORY:Special Ability	TYPE:SpecialAttack.Supernatural		DESC:Gaze attack, those faling a DC 15 will save regard the creature as having +2d4 Charisma.
Constrict		CATEGORY:Special Ability	TYPE:SpecialAttack.Extraordinary		DESC:If it hits, may make a free grapple attempt that does not provoke an attack of opportunity, each round a grapple is maintained deals 1d4+%1 damage.|STR
Consume Identity	CATEGORY:Special Ability	TYPE:SpecialAttack.Supernatural		DESC:Eat the brain of a Medium or smaller creature to absorb its memories and personality.  Afterwards, you can mimic its form with 100%% accuracy, possessing their memories, abilities,and alignment.  You can be found out by Cleric or Paladin spells of 2nd level or higher, or any abilities granted by deities.  After consuming a 3rd personality, you must roll a will save (16) each time you consume one or lose a random one.  You may not hold more than you HD, losing a random one each time you try to exceed that limit.  If you commit an act that violates the personality you are wearing's alighment, you are forced into your base form for 1d10 rounds. While in base from, you retain basic recollections of your other forms, but not deep memories.  Memories from lost personalities fade quickly.
Death Shiver		CATEGORY:Special Ability	TYPE:SpecialAttack.Extraordinary		DESC:When you die, all within 1d10x5' must save (Reflex/15) or take 2d10 Electrical damage.
Detect Magic		KEY:Detect Magic ~ Tomb Tapper	CATEGORY:Special Ability	SPELLS:Innate|TIMES=ATWILL|CASTERLEVEL=TL|Detect Magic,11+CHA
Detect Thoughts		CATEGORY:Special Ability	SPELLS:Innate|TIMES=ATWILL|CASTERLEVEL=TL|Detect Thoughts,2+CHA
Cover				CATEGORY:Special Ability		TYPE:SpecialQuality		DESC:Typically encountered in a pile of treasure that grants 1/2 cover (+4 AC, +2 Save bonus)
Dexterity Damage	CATEGORY:Special Ability	TYPE:Supernatural.SpecialAttack	KEY:Dexterity Damage ~ Banedead
Disarm				CATEGORY:Special Ability	TYPE:Supernatural.SpecialAttack	DESC:Forgo all attacks in in a round when in ooze form to mold yourself around an opponent's weapon; when an enemy successfully strikes you it sinks into you, requiring a Strength check (20) to free it.
Distraction	CATEGORY:Special Ability	KEY:Crawling Claw Distraction		TYPE:Extraordinary.SpecialAttack		DESC:Any living creature that begins its turn with the swarm in its square is nauseated for 1 round; a DC %1 Fortitude save negates the effect. Even with a successful save, spellcasting or concentrating on spells within the area of a swarm requires a Concentration check (DC 20 + spell level). Using skills requiring patience and concentration requires a DC 20 Concentration check. The save DC is Constitution-based.|DistractDC+CHA		DEFINE:DistractDC|0		BONUS:VAR|DistractDC|14	
Dominate Cloakers		CATEGORY:Special Ability	TYPE:SpecialQuality.Extraordinary		DESC:Unquestioned rulers of Cloakers.



