# CVS $Revision: $ $Author: $ -- Thu Aug  7 12:47:32 2014 -- reformated by prettylst.pl v1.51 (build 24365)



# Class Name			Hit Dice	Type			Source Page		Combat bonus			Bonus
CLASS:Black Blood Cultist	HD:12		TYPE:PC.Prestige	SOURCEPAGE:p.44	BONUS:COMBAT|BASEAB|CL*3/4	BONUS:SAVE|BASE.Fortitude,BASE.Reflex|CL/2+2	BONUS:SAVE|BASE.Will|CL/3
# Class Name			Required Ability						Required AL		Required Feat					Required Skill						Required Text
CLASS:Black Blood Cultist	PREABILITY:1,CATEGORY=Special Ability,TYPE.Rage	PREALIGN:CE,CN,NE	PREFEAT:2,Improved Unarmed Strike,Track	PRESKILL:2,Knowledge (Nature)=2,Survival=8	PRETEXT:Alignment: Chaotic evil, chaotic neutral, or neutral evil Skills: Knowledge (nature) 2 ranks, Survival 8 ranks Feats: Improved Unarmed Strike, Track. Special: Ability to rage.
# Class Name			Skill Pts/Lvl	Class Skill
CLASS:Black Blood Cultist	STARTSKILLPTS:4	CSKILL:Climb|Handle Animal|Hide|Intimidate|Jump|Knowledge (Nature)|Listen|Move Silently|Search|Spot|Survival|Swim
###Block:
1	ABILITY:Special Ability|AUTOMATIC|Black Blood Cultist ~ Feral Rage
1	ABILITY:Special Ability|AUTOMATIC|Black Blood Cultist ~ Damage Reduction
2	ABILITY:Special Ability|AUTOMATIC|Black Blood Cultist ~ Improved Grapple
4	ABILITY:Special Ability|AUTOMATIC|Black Blood Cultist ~ Scent
5	ABILITY:Special Ability|AUTOMATIC|Black Blood Cultist ~ Stranglehold
7	ABILITY:Special Ability|AUTOMATIC|Black Blood Cultist ~ Improved Natural Attacks
8	ABILITY:Special Ability|AUTOMATIC|Black Blood Cultist ~ Savage Grapple
10	ABILITY:Special Ability|AUTOMATIC|Black Blood Cultist ~ Feral Form






# Class Name
CLASS:Justice of Weald and Woe

# Class Name
CLASS:Night Mask Deathbringer

# Class Name
CLASS:Shade Hunter

# Class Name
CLASS:Thayan Gladiator

# Class Name
CLASS:Vengeance Knight
