


STARTPACK:City Watch			VISIBLE:NO	
#DESC:Equipment: Equipment: A uniform in the style of your unit and indicative of your rank, a horn with which to summon help, a set of manacles, and a pouch containing 10 gp
STARTPACK:Clan Crafter			VISIBLE:NO	
# DESC:Equipment: A set of artisan's tools with which you are proficient, a maker's mark chisel used to mark your handiwork with the symbol of the clan of crafters you learned your skill from, a set of traveler's clothes, and a pouch containing 5 gp and a gem worth 10 gp
STARTPACK:Cloistered Scholar		VISIBLE:NO	
# DESC:Equipment: The scholar's robes of your cloister, a writing kit (small pouch with a quill, ink, folded parchment, and a small penknife), a borrowed book on the subject of your current study, and a pouch containing 10 gp
STARTPACK:Courtier			VISIBLE:NO	
# DESC:Equipment: A set of fine clothes and a pouch containing 5 gp
STARTPACK:Faction Agent			VISIBLE:NO	
# DESC:Equipment: Badge or emblem of your faction, a copy of a seminal faction text (or a code-book for a covert faction), a set of common clothes, and a pouch containing 15 gp
STARTPACK:Far Traveler			VISIBLE:NO	
# DESC:Equipment: One set of traveler's clothes, any one musical instrument or gaming set you are proficient with, poorly wrought maps from your homeland that depict where you are in Faerun, a small piece of jewelry worth 10 gp in the style of your homeland's craftsmanship, and a pouch containing 5 gp
STARTPACK:Inheritor			VISIBLE:NO	
# DESC:Equipment: Your inheritance, a set of traveler's clothes, any items with which you are proficient, and a pouch containing 15 gp
STARTPACK:Knight of the Order		VISIBLE:NO	
# DESC:Equipment: One set of traveler's clothes, a signet, banner or seal representing your place or rank in the order, and a pouch containing 10 gp
STARTPACK:Mercencary Veteran		VISIBLE:NO	
# DESC:Equipment: A uniform of your company (traveler's clothes in quality), an insignia of your rank, a gaming set of your choice, and a pouch containing the remainder of your last wages (10 gp)
STARTPACK:Urban Bounty Hunter		VISIBLE:NO	
# DESC:Equipment: A set of clothes appropriate to your duties and a pouch containing 20 gp
STARTPACK:Uthgardt Tribe Member	VISIBLE:NO	
# DESC:Equipment: A hunting trap, a totemic token or set of tattoos marking your loyalty to Uthgar and your tribal totem, a set of traveler's clothes, and a pouch containing 10 gp
STARTPACK:Waterdhavian Noble		VISIBLE:NO	
# DESC:Equipment: A set of fine clothes, a signet ring or brooch, a scroll of pedigree, a skin of fine zzar or wine, and a purse containing 20 gp

