# CVS $Revision: $ $Author: $ -- Mon Feb 22 22:56:28 2016 -- reformated by PCGen PrettyLST v6.06.00

# Equipment Name	Required Armor Proficiency		Required Shield Proficiency	Type							Cost		Weight	Maximum DEX Bonus	Ability																									Combat bonus			Add to base move							Modify VAR			Quality and value
Fander		TYPE:Coin.Money		COST:0.01	WT:0.02
Taran		TYPE:Coin.Money		COST:0.1	WT:0.02
Centaur		TYPE:Coin.Money		COST:0.5	WT:0.02
Danter		TYPE:Coin.Money		COST:1	WT:0.02
Roldon		TYPE:Coin.Money		COST:10	WT:0.02
					
Thumb		TYPE:Coin.Money		COST:0.01	WT:0.02
Falcon		TYPE:Coin.Money		COST:0.1	WT:0.02
Blue eye		TYPE:Coin.Money		COST:0.5	WT:0.02
Golden lion		TYPE:Coin.Money		COST:1	WT:0.02
Tricrown		TYPE:Coin.Money		COST:10	WT:0.02
					
Thumb		TYPE:Coin.Money		COST:0.01	WT:0.02
Falcon		TYPE:Coin.Money		COST:0.1	WT:0.02
Blue eye		TYPE:Coin.Money		COST:0.5	WT:0.02
Golden lion		TYPE:Coin.Money		COST:1	WT:0.02
Tricrown		TYPE:Coin.Money		COST:10	WT:0.02
					
Steel pence		TYPE:Coin.Money		COST:0.01	WT:0.02
Hawk		TYPE:Coin.Money		COST:0.1	WT:0.02
Blue eye		TYPE:Coin.Money		COST:0.5	WT:0.02
Noble		TYPE:Coin.Money		COST:1	WT:0.02
					
Glint		TYPE:Coin.Money		COST:0.01	WT:0.02
Shield		TYPE:Coin.Money		COST:0.1	WT:0.02
Sword		TYPE:Coin.Money		COST:0.5	WT:0.02
Dragon		TYPE:Coin.Money		COST:1	WT:0.02
Unicorn		TYPE:Coin.Money		COST:10	WT:0.02
Moon		TYPE:Coin.Money		COST:20	WT:0.02
Eclipsed Moon		TYPE:Coin.Money		COST:50	WT:0.02
					
Nib		TYPE:Coin.Money		COST:0.01	WT:0.02
Shard		TYPE:Coin.Money		COST:0.1	WT:0.02
Sambar		TYPE:Coin.Money		COST:0.5	WT:0.02
Sun		TYPE:Coin.Money		COST:10	WT:0.02
Taol		TYPE:Coin.Money		COST:2	WT:0.02
Harbor Moon		TYPE:Coin.Money		COST:50	WT:0.02
					
Fang		TYPE:Coin.Money		COST:0.01	WT:0.02
Talon/naal		TYPE:Coin.Money		COST:0.1	WT:0.02
Tarenth		TYPE:Coin.Money		COST:0.5	WT:0.02
Glory		TYPE:Coin.Money		COST:1	WT:0.02
Platinum glory		TYPE:Coin.Money		COST:10	WT:0.02
					
Trade Bar		TYPE:Coin.Money		COST:25	WT:5


Spiked Armor		PROFICIENCY:ARMOR|Spiked Armor							TYPE:Armor.MediumArmor.Spiked Armor		COST:75	WT:45		MAXDEX:2		ABILITY:Internal|AUTOMATIC|Unproficient Armor|!PREPROFWITHARMOR:1,TYPE.MediumArmor	ABILITY:Internal|AUTOMATIC|Skill Disadvantage ~ Stealth (Medium Armor)	BONUS:COMBAT|AC|4|TYPE=Armor										BONUS:VAR|AC_Armor|4	QUALITY:Stealth|Disadvantage
