
###Block: Weapons	SOURCEPAGE:70
Bayonet							PROFICIENCY:WEAPON|Bayonet		TYPE:Weapon.Simple.Melee.Standard.Piercing.Finesseable.Dagger						COST:1	WT:0.5	WIELD:Light			SIZE:M	DAMAGE:1d4	CRITRANGE:1	CRITMULT:x2	EQMOD:STEEL						SOURCEPAGE:p.								
Straight Razor						PROFICIENCY:WEAPON|Straight Razor	TYPE:Weapon.Simple.Melee.Standard.Piercing.Light.Finesseable.Dagger					COST:2	WT:0.5	WIELD:Light			SIZE:M	DAMAGE:1d4	CRITRANGE:1	CRITMULT:x3	EQMOD:STEEL						SOURCEPAGE:p.								
Rapier, Parthian		KEY:Rapier (Parthian)	PROFICIENCY:WEAPON|Rapier		TYPE:Weapon.Exotic.Melee.Standard.Piercing.OneHanded.Finesseable.Sword.Container.Bullet.Pistol	COST:300	WT:5		WIELD:OneHanded		SIZE:M	DAMAGE:1d6	CRITRANGE:3	CRITMULT:x2	EQMOD:STEEL						SOURCEPAGE:p.	RANGE:50			BONUS:WEAPON|DAMAGEMULT:2|-0.5	CONTAINS:1|Bullet=1|Gunpowder=1		SPROP:1d10/20/x3 when fires.	

Pistol	COST:250	DAMAGE:1d10	CRITMULT:x3	CRITRANGE:1	RANGE:50	WT:3	TYPE:Piercing.Weapon.Ranged.Projectile.Container	CONTAINS:UNLIM	
Musket	COST:500	DAMAGE:1d12	CRITMULT:x3	CRITRANGE:1	RANGE:150	WT:10	TYPE:Piercing.Weapon.Ranged.Projectile.Container	CONTAINS:UNLIM	

Bullets (Pistol)	QTY:10	COST:3	WT:2	TYPE:Resizable.Ammunition.PistolAmmo
Bullets (Rifle)	QTY:10	COST:3	WT:2	TYPE:Resizable.Ammunition.RifleAmmo

Bomb		COST:150	RANGE:10	TYPE:Weapon.Thrown.Ranged.Alchemical	SPROP:Blast radius 5'	WT:1	DAMAGE:2d6
Smokebomb	COST:70	RANGE:10	TYPE:Weapon.Thrown.Ranged.Alchemical	SPROP:Blast radius 5'	WT:1	SPROP:Smoke


# Equipment Name		71
Book, Blank			KEY:Book (Blank)			TYPE:Goods.Tools				COST:3	WT:1		SOURCEPAGE:p.	NUMPAGES:100																							
Book, Printed		KEY:Book (Printed)		TYPE:Goods.Tools				COST:10	WT:1		SOURCEPAGE:p.	NUMPAGES:100																							
Herbs				KEY:Herbs				TYPE:Goods					COST:0.2	WT:1		SOURCEPAGE:p.																								
Automaton, Fine		KEY:Automaton (Fine)		TYPE:Goods.Tools				COST:500	WT:1		SOURCEPAGE:p.																								
Automaton, Diminutive	KEY:Automaton (Diminutive)	TYPE:Goods.Tools				COST:1000	WT:5		SOURCEPAGE:p.																								
Automaton, Tiny		KEY:Automaton (Tiny)		TYPE:Goods.Tools				COST:2000	WT:10		SOURCEPAGE:p.																								
Automaton, Small		KEY:Automaton (Small)		TYPE:Goods.Tools				COST:4000	WT:50		SOURCEPAGE:p.																								
Waterclock.MOD							TYPE:Clock
Clock, Grandfather	KEY:Clock (Grandfather)		TYPE:Goods.Tools.Resizable.Clock	COST:400	WT:80		SOURCEPAGE:p.																								
Clock, Mantle		KEY:Clock (Mantle)		TYPE:Goods.Tools.Resizable.Clock	COST:500	WT:5		SOURCEPAGE:p.																								
Clock, Pocket		KEY:Clock (Pocket)		TYPE:Goods.Tools.Resizable.Clock	COST:1000	WT:0		SOURCEPAGE:p.																								

#	72	
Gunpowder (Keg)		COST:250	WT:20		TYPE:Special Substances
Gunpowder (Horn)		COST:35	WT:2		TYPE:Special Substances
