
#
SIZENAME:Fine		BONUS:ITEMCOST|TYPE=Ammunition,TYPE=Armor,TYPE=Shield,TYPE=Weapon|0.5
SIZENAME:Fine		BONUS:ITEMWEIGHT|TYPE=Ammunition,TYPE=Armor,TYPE=Shield,TYPE=Weapon|0.1	BONUS:ITEMWEIGHT|TYPE=Goods|0.25
SIZENAME:Fine		BONUS:ACVALUE|TYPE.Armor,TYPE.Shield|0.5	BONUS:COMBAT|AC|8|TYPE=Size	BONUS:COMBAT|TOHIT|8|TYPE=SIZE	BONUS:COMBAT|TOHIT.GRAPPLE|-24|TYPE=Size
SIZENAME:Fine		BONUS:ITEMCAPACITY|TYPE=Goods|0.25
SIZENAME:Fine		BONUS:SKILL|Hide|16|TYPE=SIZE
SIZENAME:Fine		ABB:F	BONUS:LOADMULT|TYPE=SIZE|0.125|PRELEGSGTEQ:4
#
SIZENAME:Diminutive	BONUS:ITEMCOST|TYPE=Ammunition,TYPE=Armor,TYPE=Shield,TYPE=Weapon|0.5
SIZENAME:Diminutive	BONUS:ITEMWEIGHT|TYPE=Ammunition,TYPE=Armor,TYPE=Shield,TYPE=Weapon|0.1	BONUS:ITEMWEIGHT|TYPE=Goods|0.25
SIZENAME:Diminutive	BONUS:ACVALUE|TYPE.Armor,TYPE.Shield|0.5	BONUS:COMBAT|AC|4|TYPE=Size	BONUS:COMBAT|TOHIT|4|TYPE=SIZE	BONUS:COMBAT|TOHIT.GRAPPLE|-16|TYPE=Size
SIZENAME:Diminutive	BONUS:ITEMCAPACITY|TYPE=Goods|0.25
SIZENAME:Diminutive	BONUS:SKILL|Hide|12|TYPE=SIZE
SIZENAME:Diminutive	ABB:D	BONUS:LOADMULT|TYPE=SIZE|0.25|PRELEGSGTEQ:4
#
SIZENAME:Tiny		BONUS:ITEMCOST|TYPE=Ammunition,TYPE=Armor,TYPE=Shield,TYPE=Weapon|0.5
SIZENAME:Tiny		BONUS:ITEMWEIGHT|TYPE=Ammunition,TYPE=Armor,TYPE=Shield,TYPE=Weapon|0.1	BONUS:ITEMWEIGHT|TYPE=Goods|0.25
SIZENAME:Tiny		BONUS:ACVALUE|TYPE.Armor,TYPE.Shield|0.5	BONUS:COMBAT|AC|2|TYPE=Size	BONUS:COMBAT|TOHIT|2|TYPE=SIZE	BONUS:COMBAT|TOHIT.GRAPPLE|-10|TYPE=Size
SIZENAME:Tiny		BONUS:ITEMCAPACITY|TYPE=Goods|0.25
SIZENAME:Tiny		BONUS:SKILL|Hide|8|TYPE=SIZE
SIZENAME:Tiny		ABB:T	BONUS:LOADMULT|TYPE=SIZE|0.25|PRELEGSGTEQ:4
#
SIZENAME:Small		BONUS:ITEMCOST|TYPE=Ammunition,TYPE=Armor,TYPE=Shield,TYPE=Weapon|1
SIZENAME:Small		BONUS:ITEMWEIGHT|TYPE=Ammunition,TYPE=Armor,TYPE=Shield,TYPE=Weapon|0.5	BONUS:ITEMWEIGHT|TYPE=Goods|0.25
SIZENAME:Small		BONUS:ACVALUE|TYPE.Armor,TYPE.Shield|1	BONUS:COMBAT|AC|1|TYPE=Size	BONUS:COMBAT|TOHIT|1|TYPE=SIZE	BONUS:COMBAT|TOHIT.GRAPPLE|-5|TYPE=Size
SIZENAME:Small		BONUS:ITEMCAPACITY|TYPE=Goods|0.25
SIZENAME:Small		BONUS:SKILL|Hide|4|TYPE=SIZE
SIZENAME:Small		ABB:S	BONUS:LOADMULT|TYPE=SIZE|0.25|PRELEGSGTEQ:4
#
SIZENAME:Medium		BONUS:ITEMCOST|TYPE=Ammunition,TYPE=Armor,TYPE=Shield,TYPE=Weapon|1
SIZENAME:Medium		BONUS:ITEMWEIGHT|TYPE=Ammunition,TYPE=Armor,TYPE=Shield,TYPE=Weapon|1	BONUS:ITEMWEIGHT|TYPE=Goods|1
SIZENAME:Medium		BONUS:ACVALUE|TYPE.Armor,TYPE.Shield|1
SIZENAME:Medium		BONUS:ITEMCAPACITY|TYPE=Goods|1	ISDEFAULTSIZE:Y
SIZENAME:Medium		ABB:M	BONUS:LOADMULT|TYPE=SIZE|0.5|PRELEGSGTEQ:4
#
SIZENAME:Large		BONUS:ITEMCOST|TYPE=Ammunition,TYPE=Armor,TYPE=Shield,TYPE=Weapon|2
SIZENAME:Large		BONUS:ITEMWEIGHT|TYPE=Ammunition,TYPE=Armor,TYPE=Shield,TYPE=Weapon|2	BONUS:ITEMWEIGHT|TYPE=Goods|1
SIZENAME:Large		BONUS:ACVALUE|TYPE.Armor,TYPE.Shield|1	BONUS:COMBAT|AC|-1|TYPE=Size	BONUS:COMBAT|TOHIT|-1|TYPE=SIZE	BONUS:COMBAT|TOHIT.GRAPPLE|5|TYPE=Size
SIZENAME:Large		BONUS:ITEMCAPACITY|TYPE=Goods|1
SIZENAME:Large		BONUS:SKILL|Hide|-4|TYPE=SIZE
SIZENAME:Large		ABB:L	BONUS:LOADMULT|TYPE=SIZE|1|PRELEGSGTEQ:4
#
SIZENAME:Huge		BONUS:ITEMCOST|TYPE=Ammunition,TYPE=Armor,TYPE=Shield,TYPE=Weapon|4
SIZENAME:Huge		BONUS:ITEMWEIGHT|TYPE=Ammunition,TYPE=Armor,TYPE=Shield,TYPE=Weapon|5	BONUS:ITEMWEIGHT|TYPE=Goods|1
SIZENAME:Huge		BONUS:ACVALUE|TYPE.Armor,TYPE.Shield|1	BONUS:COMBAT|AC|-2|TYPE=Size	BONUS:COMBAT|TOHIT|-2|TYPE=SIZE	BONUS:COMBAT|TOHIT.GRAPPLE|10|TYPE=Size
SIZENAME:Huge		BONUS:ITEMCAPACITY|TYPE=Goods|1
SIZENAME:Huge		BONUS:SKILL|Hide|-8|TYPE=SIZE
SIZENAME:Huge		ABB:H	BONUS:LOADMULT|TYPE=SIZE|2|PRELEGSGTEQ:4
#
SIZENAME:Gargantuan	BONUS:ITEMCOST|TYPE=Ammunition,TYPE=Armor,TYPE=Shield,TYPE=Weapon|8
SIZENAME:Gargantuan	BONUS:ITEMWEIGHT|TYPE=Ammunition,TYPE=Armor,TYPE=Shield,TYPE=Weapon|8	BONUS:ITEMWEIGHT|TYPE=Goods|1
SIZENAME:Gargantuan	BONUS:ACVALUE|TYPE.Armor,TYPE.Shield|1	BONUS:COMBAT|AC|-4|TYPE=Size	BONUS:COMBAT|TOHIT|-4|TYPE=SIZE	BONUS:COMBAT|TOHIT.GRAPPLE|16|TYPE=Size
SIZENAME:Gargantuan	BONUS:ITEMCAPACITY|TYPE=Goods|1
SIZENAME:Gargantuan	BONUS:SKILL|Hide|-12|TYPE=SIZE
SIZENAME:Gargantuan	ABB:G	BONUS:LOADMULT|TYPE=SIZE|4|PRELEGSGTEQ:4
#
SIZENAME:Colossal		BONUS:ITEMCOST|TYPE=Ammunition,TYPE=Armor,TYPE=Shield,TYPE=Weapon|16
SIZENAME:Colossal		BONUS:ITEMWEIGHT|TYPE=Ammunition,TYPE=Armor,TYPE=Shield,TYPE=Weapon|12	BONUS:ITEMWEIGHT|TYPE=Goods|1
SIZENAME:Colossal		BONUS:ACVALUE|TYPE.Armor,TYPE.Shield|1	BONUS:COMBAT|AC|-8|TYPE=Size	BONUS:COMBAT|TOHIT|-8|TYPE=SIZE	BONUS:COMBAT|TOHIT.GRAPPLE|24|TYPE=Size
SIZENAME:Colossal		BONUS:ITEMCAPACITY|TYPE=Goods|1
SIZENAME:Colossal		BONUS:SKILL|Hide|-16|TYPE=SIZE
SIZENAME:Colossal		ABB:C	BONUS:LOADMULT|TYPE=SIZE|8|PRELEGSGTEQ:4
#
SIZENAME:Colossal+	BONUS:ITEMCOST|TYPE=Ammunition,TYPE=Armor,TYPE=Shield,TYPE=Weapon|16
SIZENAME:Colossal+	BONUS:ITEMWEIGHT|TYPE=Ammunition,TYPE=Armor,TYPE=Shield,TYPE=Weapon|12	BONUS:ITEMWEIGHT|TYPE=Goods|1
SIZENAME:Colossal+	BONUS:ACVALUE|TYPE.Armor,TYPE.Shield|1	BONUS:COMBAT|AC|-8|TYPE=Size	BONUS:COMBAT|TOHIT|-8|TYPE=SIZE	BONUS:COMBAT|TOHIT.GRAPPLE|24|TYPE=Size
SIZENAME:Colossal+	BONUS:ITEMCAPACITY|TYPE=Goods|1
SIZENAME:Colossal+	BONUS:SKILL|Hide|-16|TYPE=SIZE
SIZENAME:Colossal+	ABB:P	BONUS:LOADMULT|TYPE=SIZE|8|PRELEGSGTEQ:4

