# message displayed when experience added allows character to advance a level
LEVELMSG:Congratulations, you can advance with that much experience!
#
#
ACNAME:Armor Class

# Stacking bonuses
BONUSSTACKS:Defense.Dodge.Circumstance.NotRanged.NotFlatFooted

#
#misc. currency specific items
#
CURRENCYUNITABBREV:$

DEFAULTUNITSET:Imperial

# Whether or not the game mode displays these tabs
#
TAB:CLASS		NAME:in_class		CONTEXT:tabpages\tabclasses.html
TAB:DESCRIPTION	NAME:in_descrip		CONTEXT:tabpages\tabdescription.html
TAB:DOMAINS		NAME:in_domains		CONTEXT:tabpages\tabdomains.html
TAB:FEATS		NAME:in_feats		CONTEXT:tabpages\tabfeatsandabilities.html
TAB:INVENTORY	NAME:in_inventory		CONTEXT:tabpages\tabinventory.html
TAB:RACE		NAME:in_race		CONTEXT:tabpages\tabraces.html
TAB:SKILLS		NAME:in_skills		CONTEXT:tabpages\tabskills.html
TAB:SPELLS		NAME:in_spells		CONTEXT:tabpages\tabspells.html
TAB:SUMMARY		NAME:in_summary		CONTEXT:tabpages\tabsummary.html
# Inventory subpanels
TAB:PURCHASE	NAME:in_purchase		CONTEXT:tabpages\tabinventory.html
TAB:EQUIPPING	NAME:in_InfoEquipping	CONTEXT:tabpages\tabinventory.html
TAB:COMPANIONS	NAME:in_companions	CONTEXT:tabpages\tabcompanions.html
TAB:TEMPMOD		NAME:in_InfoTempMod	CONTEXT:tabpages\tabtemporarybonuses.html
#
# Menu entry (under Settings-->Campaign), and tool tip displayed for said entry
# use & for mnemonic, && for & (MENUENTRY only)
#
MENUENTRY:Monte Cook World of Darkness
DISPLAYORDER:1
ALLOWEDMODES:MC_WoD
#
SHORTRANGE:30
#
RANGEPENALTY:-2

SQUARESIZE:5




SKILLCOST_CROSSCLASS:1

BONUSFEATLEVELSTARTINTERVAL:3|3

BONUSSTATLEVELSTARTINTERVAL:1|0
BONUSSTATLEVELSTARTINTERVAL:5|4




#Attack/Check Cycle attributes
BABMAXATT:4
BABATTCYC:5
BABMINVAL:1
# Epic stuff
MAXNONEPICLEVEL:19

#Class Types
CLASSTYPE:PC		CRFORMULA:CL		ISMONSTER:NO	XPPENALTY:YES
CLASSTYPE:NPC		CRFORMULA:max(CL-1,0)	ISMONSTER:NO	XPPENALTY:YES
CLASSTYPE:Prestige	CRFORMULA:0			ISMONSTER:NO	XPPENALTY:NO
CLASSTYPE:Monster		CRFORMULA:0			ISMONSTER:YES	XPPENALTY:NO

#AC Types
ACTYPE:Total				ADD:TOTAL		REMOVE:Touch
ACTYPE:Flatfooted				ADD:TOTAL		REMOVE:Ability|PRESTAT:1,DEX=10|!PREABILITY:1,CATEGORY=Feat,Uncanny Dodge	REMOVE:Dodge|!PREABILITY:1,CATEGORY=Feat,Uncanny Dodge	REMOVE:Touch
ACTYPE:Touch				ADD:TOTAL		REMOVE:Armor|NaturalArmor|Shield|NaturalArmorEnhancement
ACTYPE:Base					ADD:Base
ACTYPE:Armor				ADD:Armor
ACTYPE:Shield				ADD:Shield
ACTYPE:Ability				ADD:Ability
ACTYPE:Size					ADD:Size
ACTYPE:NaturalArmor			ADD:NaturalArmor|NaturalArmorEnhancement
ACTYPE:NaturalArmorEnhancement	ADD:NaturalArmorEnhancement
ACTYPE:ClassDefense			ADD:ClassDefense
ACTYPE:Misc					ADD:TOTAL		REMOVE:Base|Armor|Shield|Ability|Size|NaturalArmor|NaturalArmorEnhancement|Touch
ACTYPE:Dodge				ADD:Dodge

# Damage die changes on size
BASEDICE:1d2	UP:1d3,1d4,1d6,1d8,2d6,3d6,4d6,6d6,8d6,12d6	DOWN:1,0
BASEDICE:1d3	UP:1d4,1d6,1d8,2d6,3d6,4d6,6d6,8d6,12d6		DOWN:1d2,1,0
BASEDICE:1d4	UP:1d6,1d8,2d6,3d6,4d6,6d6,8d6,12d6			DOWN:1d3,1d2,1,0
BASEDICE:1d6	UP:1d8,2d6,3d6,4d6,6d6,8d6,12d6			DOWN:1d4,1d3,1d2,1
BASEDICE:1d8	UP:2d6,3d6,4d6,6d6,8d6,12d6				DOWN:1d6,1d4,1d3,1d2
BASEDICE:1d10	UP:2d8,3d8,4d8,6d8,8d8,12d8				DOWN:1d8,1d6,1d4,1d3
BASEDICE:1d12	UP:3d6,4d6,6d6,8d6,12d6					DOWN:1d10,1d8,1d6,1d4
BASEDICE:2d4	UP:2d6,3d6,4d6,6d6,8d6,12d6				DOWN:1d6,1d4,1d3,1d2
BASEDICE:2d6	UP:3d6,4d6,6d6,8d6,12d6					DOWN:1d10,1d8,1d6,1d4
BASEDICE:2d8	UP:3d8,4d8,6d8,8d8,12d8					DOWN:2d6,1d10,1d8,1d6
BASEDICE:2d10	UP:4d8,6d8,8d8,12d8					DOWN:2d8,2d6,1d10,1d8

# Penalty to attacks for different sized weapons
EQSIZEPENALTY:35 Size Penalty		BONUS:WEAPON|TOHIT|(PC.SIZE.INT-EQUIP.SIZE.INT)*-2|PREVARGT:PC.SIZE.INT,EQUIP.SIZE.INT|!PRETYPE:2,Melee,Natural|TYPE=DifferentEQSizePenalty	BONUS:WEAPON|TOHIT|(EQUIP.SIZE.INT-PC.SIZE.INT)*-2|PREVARGT:EQUIP.SIZE.INT,PC.SIZE.INT|!PRETYPE:2,Melee,Natural|TYPE=DifferentEQSizePenalty

# Long and Short weapon damage types
WEAPONTYPE:Bludgeoning|B
WEAPONTYPE:Piercing|P
WEAPONTYPE:Slashing|S
WEAPONTYPE:Fire|F
WEAPONTYPE:Acid|A
WEAPONTYPE:Electricity|E
WEAPONTYPE:Cold|C
WEAPONTYPE:Poison|Po
WEAPONTYPE:Sonic|So

# Weapon proficiency categories
WEAPONCATEGORY:Simple
WEAPONCATEGORY:Martial
WEAPONCATEGORY:Exotic
WEAPONCATEGORY:Natural

# Non-proficient penalty
WEAPONNONPROFPENALTY:-4

# Number of hands required to wield weapon categories
#									Object Size difference
# 											
WIELDCATEGORY:Light		HANDS:1		FINESSABLE:YES	
WIELDCATEGORY:OneHanded		HANDS:1					
WIELDCATEGORY:TwoHanded		HANDS:2					
WIELDCATEGORY:TooSmall		HANDS:999
WIELDCATEGORY:TooLarge		HANDS:999
WIELDCATEGORY:Unusable		HANDS:999
WIELDCATEGORY:None		HANDS:0

# Light weapon vs PC size changes
WIELDCATEGORY:Light		PREVARLTEQ:EQUIP.SIZE.INT,PC.SIZE.INT-1	SWITCH:TooSmall
WIELDCATEGORY:Light		PREVAREQ:EQUIP.SIZE.INT,PC.SIZE.INT+1	SWITCH:OneHanded
WIELDCATEGORY:Light		PREVAREQ:EQUIP.SIZE.INT,PC.SIZE.INT+2	SWITCH:TwoHanded
WIELDCATEGORY:Light		PREVARGTEQ:EQUIP.SIZE.INT,PC.SIZE.INT+3	SWITCH:TooLarge

# OneHanded weapon vs PC size changes
WIELDCATEGORY:OneHanded		PREVARLTEQ:EQUIP.SIZE.INT,PC.SIZE.INT-2	SWITCH:TooSmall
WIELDCATEGORY:OneHanded		PREVAREQ:EQUIP.SIZE.INT,PC.SIZE.INT-1	SWITCH:Light
WIELDCATEGORY:OneHanded		PREVAREQ:EQUIP.SIZE.INT,PC.SIZE.INT+1	SWITCH:TwoHanded
WIELDCATEGORY:OneHanded		PREVARGTEQ:EQUIP.SIZE.INT,PC.SIZE.INT+2	SWITCH:TooLarge

# TwoHanded weapon vs PC size changes
WIELDCATEGORY:TwoHanded		PREVARLTEQ:EQUIP.SIZE.INT,PC.SIZE.INT-3	SWITCH:TooSmall
WIELDCATEGORY:TwoHanded		PREVAREQ:EQUIP.SIZE.INT,PC.SIZE.INT-2	SWITCH:Light
WIELDCATEGORY:TwoHanded		PREVAREQ:EQUIP.SIZE.INT,PC.SIZE.INT-1	SWITCH:OneHanded
WIELDCATEGORY:TwoHanded		PREVARGTEQ:EQUIP.SIZE.INT,PC.SIZE.INT+1	SWITCH:TooLarge

WIELDCATEGORY:TooSmall		UP:Light|OneHanded|TwoHanded					
WIELDCATEGORY:Light		UP:OneHanded|TwoHanded
WIELDCATEGORY:OneHanded		UP:TwoHanded			DOWN:Light
WIELDCATEGORY:TwoHanded						DOWN:OneHanded|Light
WIELDCATEGORY:TooLarge						DOWN:TwoHanded|OneHanded|Light

#
# Dice rolling methods for character creation
#
ROLLMETHOD:3d6						SORTKEY:A1	METHOD:3d6
ROLLMETHOD:4d4						SORTKEY:A2	METHOD:4d4
ROLLMETHOD:4d6 drop lowest				SORTKEY:A3	METHOD:roll(4,6,[2,3,4])
ROLLMETHOD:4d6, reroll 1's				SORTKEY:A4	METHOD:4d5+4
ROLLMETHOD:4d6, reroll 1's, drop the lowest	SORTKEY:A5	METHOD:3+roll(4,5,[2,3,4])
ROLLMETHOD:5d6 drop 2 lowest				SORTKEY:A6	METHOD:roll(5,6,[3,4,5])

# Unit Set
UNITSET:Imperial	HEIGHTUNIT:ftin	HEIGHTFACTOR:1		HEIGHTPATTERN:#		DISTANCEUNIT:ft.	DISTANCEFACTOR:1	DISTANCEPATTERN:#	WEIGHTUNIT:lbs.	WEIGHTFACTOR:1	WEIGHTPATTERN:#.##
UNITSET:Metric		HEIGHTUNIT:cm	HEIGHTFACTOR:2.54	HEIGHTPATTERN:#		DISTANCEUNIT:m		DISTANCEFACTOR:0.3	DISTANCEPATTERN:#.##	WEIGHTUNIT:kg	WEIGHTFACTOR:0.5	WEIGHTPATTERN:#.###

#
# Reach mode formula to calculate weapon reach for a player
#
# RACEREACH = player's natural reach
# REACH = equipment's reach
# REACHMULT = equipment's reach multiple
#
WEAPONREACH:(RACEREACH+(max(0,REACH-5)))*REACHMULT

#
# Ability Categories
#

###Block: FEATs and subgroups
# Ability Category				Visible		Editable or Static?	Change Pool?	Fractional values?	Base Pool number		Category of Object			Type of Object				Plural description for UI		Display where?
ABILITYCATEGORY:FEAT				VISIBLE:YES		EDITABLE:YES		EDITPOOL:YES	FRACTIONALPOOL:NO						CATEGORY:FEAT										PLURAL:Feats				DISPLAYLOCATION:Feats
ABILITYCATEGORY:Special Ability		VISIBLE:NO		EDITABLE:YES		EDITPOOL:YES	FRACTIONALPOOL:NO						CATEGORY:Special Ability									
ABILITYCATEGORY:Internal	VISIBLE:NO		EDITABLE:NO		EDITPOOL:NO		FRACTIONALPOOL:NO		CATEGORY:Internal


PREVIEWDIR:d20/fantasy
PREVIEWSHEET:preview.html
INFOSHEET:SUMMARY|preview/summary/35e_info.html.ftl
INFOSHEET:SKILLS|preview/skills/35e_skills.html

# DIESIZES values are used by the HITEDIE tag to bump up/down HD per level.
DIESIZES:1,2,3,MIN=4,6,8,10,MAX=12,20,100,1000


#
# DONE
