
# Frenzied Disciple - Claws
FzDClaws1			VISIBLE:NO	REMOVABLE:YES										TEMPLATE:CHOOSE:TYPE=FzDClaws1	
FzDClaws1 (S)	VISIBLE:NO	REMOVABLE:YES	TYPE:FzDClaws1	NATURALATTACKS:Claw,Weapon.Natural.Melee.Piercing.Slashing,*2,1d3		PRESIZEEQ:S
FzDClaws1 (M)	VISIBLE:NO	REMOVABLE:YES	TYPE:FzDClaws1	NATURALATTACKS:Claw,Weapon.Natural.Melee.Piercing.Slashing,*2,1d4		PRESIZEEQ:M
FzDClaws1 (L)	VISIBLE:NO	REMOVABLE:YES	TYPE:FzDClaws1	NATURALATTACKS:Claw,Weapon.Natural.Melee.Piercing.Slashing,*2,1d6		PRESIZEEQ:L
FzDClaws2				VISIBLE:NO	REMOVABLE:YES								TEMPLATE:CHOOSE:TYPE=FzDClaws2	
FzDClaws2 (S)	VISIBLE:NO	REMOVABLE:YES	TYPE:FzDClaws2	NATURALATTACKS:Claw,Weapon.Natural.Melee.Piercing.Slashing,*2,2d3		PRESIZEEQ:S
FzDClaws2 (M)	VISIBLE:NO	REMOVABLE:YES	TYPE:FzDClaws2	NATURALATTACKS:Claw,Weapon.Natural.Melee.Piercing.Slashing,*2,2d4		PRESIZEEQ:M
FzDClaws2 (L)	VISIBLE:NO	REMOVABLE:YES	TYPE:FzDClaws2	NATURALATTACKS:Claw,Weapon.Natural.Melee.Piercing.Slashing,*2,2d6		PRESIZEEQ:L
FzDClaws3				VISIBLE:NO	REMOVABLE:YES								TEMPLATE:CHOOSE:TYPE=FzDClaws3	
FzDClaws3 (S)	VISIBLE:NO	REMOVABLE:YES	TYPE:FzDClaws3	NATURALATTACKS:Claw,Weapon.Natural.Melee.Piercing.Slashing,*2,2d3+2d4	PRESIZEEQ:S
FzDClaws3 (M)	VISIBLE:NO	REMOVABLE:YES	TYPE:FzDClaws3	NATURALATTACKS:Claw,Weapon.Natural.Melee.Piercing.Slashing,*2,4d4		PRESIZEEQ:M
FzDClaws3 (L)	VISIBLE:NO	REMOVABLE:YES	TYPE:FzDClaws3	NATURALATTACKS:Claw,Weapon.Natural.Melee.Piercing.Slashing,*2,2d6+2d4	PRESIZEEQ:L
Half-DemonDR1				VISIBLE:NO	REMOVABLE:YES	PRELEVEL:MAX=5			DR:5/cold iron or good
Half-DemonDR2				VISIBLE:NO	REMOVABLE:YES	PRELEVEL:MIN=6,MAX=10		DR:10/cold iron or good
Half-DemonDR3				VISIBLE:NO	REMOVABLE:YES	PRELEVEL:MIN=11			DR:10/cold iron and good

# Half-Demon/Devil
#NaturalAttacks			VISIBLE:NO	REMOVABLE:YES									NATURALATTACKS:Bite,Weapon.Natural.Bludgeoning.Piercing.Slashing,*1,1[PRESIZEEQ:F]		NATURALATTACKS:Claw,Weapon.Natural.Melee.Piercing.Slashing,*2,1|Bite,Weapon.Natural.Bludgeoning.Piercing.Slashing,*1,1d2[PRESIZEEQ:D]		NATURALATTACKS:Claw,Weapon.Natural.Melee.Piercing.Slashing,*2,1d2|Bite,Weapon.Natural.Bludgeoning.Piercing.Slashing,*1,1d3[PRESIZEEQ:T]		NATURALATTACKS:Claw,Weapon.Natural.Melee.Piercing.Slashing,*2,1d3|Bite,Weapon.Natural.Bludgeoning.Piercing.Slashing,*1,1d4[PRESIZEEQ:S]		NATURALATTACKS:Claw,Weapon.Natural.Melee.Piercing.Slashing,*2,1d4|Bite,Weapon.Natural.Bludgeoning.Piercing.Slashing,*1,1d6[PRESIZEEQ:M]		NATURALATTACKS:Claw,Weapon.Natural.Melee.Piercing.Slashing,*2,1d6|Bite,Weapon.Natural.Bludgeoning.Piercing.Slashing,*1,1d8[PRESIZEEQ:L]		NATURALATTACKS:Claw,Weapon.Natural.Melee.Piercing.Slashing,*2,1d8|Bite,Weapon.Natural.Bludgeoning.Piercing.Slashing,*1,2d6[PRESIZEEQ:H]		NATURALATTACKS:Claw,Weapon.Natural.Melee.Piercing.Slashing,*2,2d6|Bite,Weapon.Natural.Bludgeoning.Piercing.Slashing,*1,3d6[PRESIZEEQ:G]		NATURALATTACKS:Claw,Weapon.Natural.Melee.Piercing.Slashing,*2,3d6|Bite,Weapon.Natural.Bludgeoning.Piercing.Slashing,*1,4d6[PRESIZEEQ:C]
Bat-like Wings			VISIBLE:NO	REMOVABLE:YES		LEVELADJUSTMENT:1																																																															SAB:Bat-like Wings																																																																									MOVECLONE:Walk,Fly,*1
w/o Bat-like Wings		VISIBLE:NO	REMOVABLE:YES	
Half-Demon			VISIBLE:YES	REMOVABLE:YES	CR:2	LEVELADJUSTMENT:2		SOURCEPAGE:p.162	TEMPLATE:CHOOSE:Bat-like Wings|w/o Bat-like Wings																																												SAB:Immune to electricity and poison	SAB:Acid/Cold/Fire Resistance 10		SAB:Unlimited Telepathy(Su)	SR:(TL+8)MIN(35)							BONUS:COMBAT|AC|HD|TYPE=NaturalArmor																														REMOVABLE:YES	TYPE:Outsider	VISION:Darkvision (60')																																																																																	SPELLS:Innate|TIMES=-1|CASTERLEVEL=TL|Detect Good,11+CHA|Detect Law,11+CHA	SPELLS:Innate|TIMES=1|CASTERLEVEL=TL|Summon Monster I,11+CHA	SPELLS:Innate|TIMES=1|CASTERLEVEL=TL|Summon Monster II,12+CHA|PREVARGTEQ:HD,3	SPELLS:Innate|TIMES=1|CASTERLEVEL=TL|Summon Monster III,13+CHA|PREVARGTEQ:HD,5	SPELLS:Innate|TIMES=1|CASTERLEVEL=TL|Summon Monster IV,14+CHA|PREVARGTEQ:HD,7	SPELLS:Innate|TIMES=1|CASTERLEVEL=TL|Summon Monster V,15+CHA|PREVARGTEQ:HD,9	SPELLS:Innate|TIMES=1|CASTERLEVEL=TL|Summon Monster VI,16+CHA|PREVARGTEQ:HD,11	SPELLS:Innate|TIMES=1|CASTERLEVEL=TL|Summon Monster VII,17+CHA|PREVARGTEQ:HD,13	SPELLS:Innate|TIMES=1|CASTERLEVEL=TL|Summon Monster VIII,18+CHA|PREVARGTEQ:HD,15	SPELLS:Innate|TIMES=1|CASTERLEVEL=TL|Summon Monster IX,19+CHA|PREVARGTEQ:HD,17	TEMPLATE:CHOOSE:Bite ~ Claw (Fine)|Bite ~ Claw (Diminutive)|Bite ~ Claw (Tiny)|Bite ~ Claw (Small)|Bite ~ Claw (Medium)|Bite ~ Claw (Large)|Bite ~ Claw (Huge)|Bite ~ Claw (Gargantuan)|Bite ~ Claw (Colossal)	TEMPLATE:CHOOSE:Half-DemonDR1|Half-DemonDR2|Half-DemonDR3
Half-Devil			VISIBLE:YES	REMOVABLE:YES	CR:2	LEVELADJUSTMENT:2		SOURCEPAGE:p.164	TEMPLATE:CHOOSE:Bat-like Wings|w/o Bat-like Wings																																												SAB:Immune to fire and poison		SAB:Acid/Cold Resistance 10		SAB:Unlimited Telepathy(Su)	SR:(TL+11)MIN(35)							BONUS:COMBAT|AC|HD|TYPE=NaturalArmor																														REMOVABLE:YES	TYPE:Outsider	VISION:Darkvision (perfect)																																																																																SPELLS:Innate|TIMES=-1|CASTERLEVEL=TL|Detect Good,11+CHA|Detect Chaos,11+CHA	SPELLS:Innate|TIMES=1|CASTERLEVEL=TL|Summon Monster I,11+CHA	SPELLS:Innate|TIMES=1|CASTERLEVEL=TL|Summon Monster II,12+CHA|PREVARGTEQ:HD,3	SPELLS:Innate|TIMES=1|CASTERLEVEL=TL|Summon Monster III,13+CHA|PREVARGTEQ:HD,5	SPELLS:Innate|TIMES=1|CASTERLEVEL=TL|Summon Monster IV,14+CHA|PREVARGTEQ:HD,7	SPELLS:Innate|TIMES=1|CASTERLEVEL=TL|Summon Monster V,15+CHA|PREVARGTEQ:HD,9	SPELLS:Innate|TIMES=1|CASTERLEVEL=TL|Summon Monster VI,16+CHA|PREVARGTEQ:HD,11	SPELLS:Innate|TIMES=1|CASTERLEVEL=TL|Summon Monster VII,17+CHA|PREVARGTEQ:HD,13	SPELLS:Innate|TIMES=1|CASTERLEVEL=TL|Summon Monster VIII,18+CHA|PREVARGTEQ:HD,15	SPELLS:Innate|TIMES=1|CASTERLEVEL=TL|Summon Monster IX,19+CHA|PREVARGTEQ:HD,17	TEMPLATE:CHOOSE:Bite ~ Claw (Fine)|Bite ~ Claw (Diminutive)|Bite ~ Claw (Tiny)|Bite ~ Claw (Small)|Bite ~ Claw (Medium)|Bite ~ Claw (Large)|Bite ~ Claw (Huge)|Bite ~ Claw (Gargantuan)|Bite ~ Claw (Colossal)	TEMPLATE:CHOOSE:Half-DemonDR1|Half-DemonDR2|Half-DemonDR3

# Ancestry Templates
DemonbredClaws			VISIBLE:NO	REMOVABLE:YES	TEMPLATE:CHOOSE:TYPE=DemonbredClaws								

DemonbredClaws (T)	TYPE:DemonbredClaws	NATURALATTACKS:Claw,Weapon.Natural.Melee.Piercing.Slashing,*2,1	PRESIZEEQ:T
DemonbredClaws (S)	TYPE:DemonbredClaws	NATURALATTACKS:Claw,Weapon.Natural.Melee.Piercing.Slashing,*2,1d2	PRESIZEEQ:S
DemonbredClaws (M)	TYPE:DemonbredClaws	NATURALATTACKS:Claw,Weapon.Natural.Melee.Piercing.Slashing,*2,1d3	PRESIZEEQ:M
DemonbredClaws (L)	TYPE:DemonbredClaws	NATURALATTACKS:Claw,Weapon.Natural.Melee.Piercing.Slashing,*2,1d4	PRESIZEEQ:L
DemonbredClaws (H)	TYPE:DemonbredClaws	NATURALATTACKS:Claw,Weapon.Natural.Melee.Piercing.Slashing,*2,1d6	PRESIZEEQ:H
DemonbredClaws (G)	TYPE:DemonbredClaws	NATURALATTACKS:Claw,Weapon.Natural.Melee.Piercing.Slashing,*2,1d8	PRESIZEEQ:G
DemonbredClaws (C)	TYPE:DemonbredClaws	NATURALATTACKS:Claw,Weapon.Natural.Melee.Piercing.Slashing,*2,2d6	PRESIZEEQ:C


Demonbred			VISIBLE:YES	REMOVABLE:YES	CR:1	LEVELADJUSTMENT:1		SOURCEPAGE:p.153	TEMPLATE:DemonbredClaws		HD:10+:SAB:Unlimited Telepathy (Su)	VISION:Darkvision (60')		SAB:+4 racial bonus to all saves against electricity and poison		SAB:Resistance to Acid/ Cold/ Electricity/ Fire 2	TYPE:Outsider	VISION:Darkvision (60')		SPELLS:Innate|TIMES=1|CASTERLEVEL=TL|Summon Monster I,11+CHA|Limited Telepathy,10+CHA		SPELLS:Innate|TIMES=1|CASTERLEVEL=TL|Summon Monster II,12+CHA|PREVARGTEQ:HD,3	SPELLS:Innate|TIMES=1|CASTERLEVEL=TL|Summon Monster III,13+CHA|PREVARGTEQ:HD,5		SPELLS:Innate|TIMES=-1|CASTERLEVEL=TL|Detect Law,11+CHA|PREVARGTEQ:HD,5		SPELLS:Innate|TIMES=1|CASTERLEVEL=TL|Summon Monster IV,14+CHA|PREVARGTEQ:HD,7	SPELLS:Innate|TIMES=1|CASTERLEVEL=TL|Summon Monster V,15+CHA|PREVARGTEQ:HD,9	SPELLS:Innate|TIMES=1|CASTERLEVEL=TL|Summon Monster VI,16+CHA|PREVARGTEQ:HD,11	SPELLS:Innate|TIMES=1|CASTERLEVEL=TL|Summon Monster VII,17+CHA|PREVARGTEQ:HD,13		SPELLS:Innate|TIMES=1|CASTERLEVEL=TL|Summon Monster VIII,18+CHA|PREVARGTEQ:HD,15	SPELLS:Innate|TIMES=1|CASTERLEVEL=TL|Summon Monster IX,19+CHA|PREVARGTEQ:HD,17
Devilblooded			VISIBLE:YES	REMOVABLE:YES	CR:1	LEVELADJUSTMENT:1		SOURCEPAGE:p.156					HD:10+:SAB:Unlimited Telepathy (Su)	VISION:Darkvision (60')		SAB:+4 racial bonus to all saves against fire and poison			SAB:Resistance to Acid and Cold 2			TYPE:Outsider	VISION:Darkvision (60')		SAB: Immune to fear (Su)		HD:5+:SAB:See in Darkness (Su)	SPELLS:Innate|TIMES=-1|CASTERLEVEL=TL|Detect Good,11+CHA|PREVARGTEQ:HD,5		BONUS:SKILL|Perform (Sexual Techniques)|4|TYPE=Racial

# Racial Templates
# Pregnancy
Pregnant (1st Trimester)	VISIBLE:YES	REMOVABLE:YES						SOURCEPAGE:p.47		PREGENDER:F
Pregnant (2nd Trimester)	VISIBLE:YES	REMOVABLE:YES						SOURCEPAGE:p.47		PREGENDER:F		BONUS:STAT|DEX|-2				BONUS:MOVEMULT|TYPE.Walk|.75
Pregnant (3rd Trimester)	VISIBLE:YES	REMOVABLE:YES						SOURCEPAGE:p.47		PREGENDER:F		BONUS:STAT|DEX|-2	BONUS:STAT|STR|-2	BONUS:MOVEMULT|TYPE.Walk|.5

# Item Templates
Gnomish Kama Sutra Effect	VISIBLE:YES	REMOVABLE:YES						SOURCEPAGE:p.139																				BONUS:SKILL|Craft (Sexual Items),Perform (Sexual Techniques),Profession (Prostitute)|5

#
Felid				VISIBLE:YES	REMOVABLE:YES	CR:0	LEVELADJUSTMENT:0		SOURCEPAGE:p.158		BONUS:STAT|STR,WIS|-2	BONUS:STAT|DEX,APP|2	BONUS:SKILL|Climb,Hide,Jump,Move Silently|2	BONUS:SKILL|Balance|4	BONUS:VAR|HasLowlightVision|1		SAB:Slow Fall (Ex)|PREVARGTEQ:HD,5	BONUS:VAR|POOL_FelidBonusFeat|1|PREHD:MIN=10		DEFINE:POOL_FelidBonusFeat|0
Feykissed			VISIBLE:YES	REMOVABLE:YES	CR:0	LEVELADJUSTMENT:1		SOURCEPAGE:p.160																								SAB:Universal Appeal(Ex)	SAB:Facinate(Ex)|PRELEVEL:MIN=10|PRESKILL:1,TYPE.Perform=3				DR:1/Cold iron		HD:6+:DR:5/cold iron	HD:11+:DR:10/cold iron	HD:16+:DR:15/cold iron								BONUS:STAT|STR|-2	BONUS:STAT|CON|-2	BONUS:STAT|CHA|2	BONUS:STAT|APP|2	BONUS:SKILL|Escape Artist,Hide,Listen,Spot|2															REMOVABLE:YES	TYPE:Fey	BONUS:VAR|HasLowlightVision|1																																																																																		SPELLS:Innate|TIMES=1|Charm Monster|PRELEVEL:MIN=11
Giantborn			VISIBLE:YES	REMOVABLE:YES	CR:1	LEVELADJUSTMENT:2		SOURCEPAGE:p.160		BONUS:STAT|STR,CON|2	BONUS:STAT|CHA,APP|-2	BONUS:COMBAT|TOHIT.THROWN|1|TYPE=Racial		BONUS:VAR|HasLowlightVision|1	ABILITY:FEAT|AUTOMATIC|Toughness	SAB:Change Size (Sp)|PREVARGTEQ:HD,5	BONUS:SIZEMOD|NUMBER|1|PREVARGTEQ:HD,10
Serpentine			VISIBLE:YES	REMOVABLE:YES	CR:0	LEVELADJUSTMENT:0		SOURCEPAGE:p.169		BONUS:STAT|STR,APP|2	BONUS:STAT|INT,CHA|-2	BONUS:SKILL|Escape Artist,Hide,Listen,Spot|2	SAB:+2 to CHA and APP skills against snakelike creatures		SAB:Scent (Ex)|PREVARGTEQ:HD,5

# Appendix 1: Creature Appearance Scores - Page 184
#Celestial (Magical Beast).MOD		BONUS:STAT|APP|4
Celestial.MOD				BONUS:STAT|APP|4
Ghost.MOD					BONUS:STAT|APP|4
Half-Celestial.MOD			BONUS:STAT|APP|4
Half-Dragon (Black).MOD			BONUS:STAT|APP|-2
Half-Dragon (Blue).MOD			BONUS:STAT|APP|-2
Half-Dragon (Brass).MOD			BONUS:STAT|APP|2
Half-Dragon (Bronze).MOD		BONUS:STAT|APP|2
Half-Dragon (Copper).MOD		BONUS:STAT|APP|2
Half-Dragon (Gold).MOD			BONUS:STAT|APP|2
Half-Dragon (Green).MOD			BONUS:STAT|APP|-2
Half-Dragon (Red).MOD			BONUS:STAT|APP|-2
Half-Dragon (Silver).MOD		BONUS:STAT|APP|2
Half-Dragon (White).MOD			BONUS:STAT|APP|-2
Half-Fiend.MOD				BONUS:STAT|APP|-4
Vampire.MOD					BONUS:STAT|APP|8