# CVS $Revision: $ $Author: $ -- Sun Dec  8 22:17:49 2013 -- reformated by prettylst.pl v1.50 (build 22352)

# Class Name	Hit Dice	Max Level	Source Page		Define			Save checks bonus												Combat bonus							Modify VAR
CLASS:Ninja		HD:6		MAXLEVEL:20	SOURCEPAGE:p.5	DEFINE:NinjaLVL|CL	BONUS:CHECKS|BASE.Reflex|(CL/2)+2	BONUS:CHECKS|BASE.Fortitude,BASE.Will|CL/3	BONUS:COMBAT|BAB|CL*3/4|PREVAREQ:UseFractionalBAB,0	BONUS:VAR|ClassBABModerate|CL|PREVAREQ:UseFractionalBAB,1
# Class Name	Skill Pts/Lvl	Class Skill
CLASS:Ninja		STARTSKILLPTS:6	CSKILL:Balance|Bluff|Climb|Concentration|TYPE=Craft|Disable Device|Disguise|Escape Artist|Gather Information|Hide|Jump|Listen|Move Silently|Open Lock|Search|Sense Motive|Sleight of Hand|Spot|Swim|Tumble
###Block:
1	ABILITY:Ninja Class Feature|AUTOMATIC|Ninja ~ Weapon and Armor Proficiency
###Block:
1	ABILITY:Ninja Class Feature|AUTOMATIC|Ninja ~ Ki Power|Ninja ~ Sudden Strike|Ninja ~ Trapfinding
2	ABILITY:Ninja Class Feature|AUTOMATIC|Ninja ~ Ghost Step
3	ABILITY:Ninja Class Feature|AUTOMATIC|Ninja ~ Poison Use
4	ABILITY:Ninja Class Feature|AUTOMATIC|Ninja ~ Great Leap
6	ABILITY:Ninja Class Feature|AUTOMATIC|Ninja ~ Acrobatics|Ninja ~ Ki Dodge
7	ABILITY:Ninja Class Feature|AUTOMATIC|Ninja ~ Speed Climb
8	ABILITY:Ninja Class Feature|AUTOMATIC|Ninja ~ Ghost Strike
9	ABILITY:Ninja Class Feature|AUTOMATIC|Ninja ~ Improved Poison Use
12	ABILITY:Ninja Class Feature|AUTOMATIC|Ninja ~ Evasion
14	ABILITY:Ninja Class Feature|AUTOMATIC|Ninja ~ Ghost Mind
16	ABILITY:Ninja Class Feature|AUTOMATIC|Ninja ~ Ghost Sight
18	ABILITY:Ninja Class Feature|AUTOMATIC|Ninja ~ Greater Ki Dodge
20	ABILITY:Ninja Class Feature|AUTOMATIC|Ninja ~ Ghost Walk
###Block:
5	BONUS:VAR|NinjaACBonus|CL/5			DEFINE:NinjaACBonus|0
1	BONUS:VAR|SuddenStrikeDice|(CL+1)/2		DEFINE:SuddenStrikeDice|0
2	BONUS:VAR|GhostStepTier|1			DEFINE:GhostStepTier|0
10	BONUS:VAR|GhostStepTier|1
6	BONUS:VAR|NinjaAcrobaticsBonus|(CL/6)*2	DEFINE:NinjaAcrobaticsBonus|0

# Class Name	Hit Dice	Type			Max Level	Source Page		Define			Save checks bonus												Combat bonus							Modify VAR
CLASS:Scout		HD:8		TYPE:Base.PC	MAXLEVEL:20	SOURCEPAGE:p.10	DEFINE:ScoutLVL|CL	BONUS:CHECKS|BASE.Reflex|(CL/2)+2	BONUS:CHECKS|BASE.Fortitude,BASE.Will|CL/3	BONUS:COMBAT|BAB|CL*3/4|PREVAREQ:UseFractionalBAB,0	BONUS:VAR|ClassBABModerate|CL|PREVAREQ:UseFractionalBAB,1
# Class Name	Skill Pts/Lvl	Class Skill
CLASS:Scout		STARTSKILLPTS:8	CSKILL:Balance|Climb|TYPE=Craft|Escape Artist|Hide|Jump|Knowledge (Dungeoneering)|Knowledge (Geography)|Knowledge (Nature)|Listen|Move Silently|Ride|Search|Sense Motive|Speak Language|Spot|Survival|Swim|Tumble|Use Rope
###Block:
1	ABILITY:Scout Class Feature|AUTOMATIC|Scout ~ Weapon and Armor Proficiency
###Block:
1	ABILITY:Scout Class Feature|AUTOMATIC|Scout ~ Skirmish|Scout ~ Trapfinding
2	ABILITY:Scout Class Feature|AUTOMATIC|Scout ~ Battle Fortitude|Scout ~ Uncanny Dodge
3	ABILITY:Scout Class Feature|AUTOMATIC|Scout ~ Fast Movement|Scout ~ Trackless Step
4	ABILITY:Scout Class Feature|AUTOMATIC|Scout ~ Bonus Feats
5	ABILITY:Scout Class Feature|AUTOMATIC|Scout ~ Evasion
6	ABILITY:Scout Class Feature|AUTOMATIC|Scout ~ Flawless Stride
8	ABILITY:Scout Class Feature|AUTOMATIC|Scout ~ Camouflage
10	ABILITY:Scout Class Feature|AUTOMATIC|Scout ~ Blindsense
14	ABILITY:Scout Class Feature|AUTOMATIC|Scout ~ Hide in Plain Sight
18	ABILITY:Scout Class Feature|AUTOMATIC|Scout ~ Free Movement
20	ABILITY:Scout Class Feature|AUTOMATIC|Scout ~ Blindsight
###Block:
1	BONUS:VAR|SkirmishDice|(CL+3)/4		DEFINE:SkirmishDice|0
3	BONUS:VAR|SkirmishACBonus|(CL+1)/4		DEFINE:SkirmishACBonus|0
3	BONUS:VAR|FastMovementBonus|10		DEFINE:FastMovementBonus|0
11	BONUS:VAR|FastMovementBonus|10
18	BONUS:VAR|FastMovementBonus|10
4	BONUS:VAR|ScoutFeatCount|CL/4			DEFINE:ScoutFeatCount|0
2	BONUS:VAR|BattleFortitudeBonus|(CL+7)/9	DEFINE:BattleFortitudeBonus|0

# Class Name	Hit Dice	Type			Max Level	Source Page		Define			Save checks bonus												Combat bonus							Modify VAR
CLASS:Spellthief	HD:6		TYPE:Base.PC	MAXLEVEL:20	SOURCEPAGE:p.13	DEFINE:ScoutLVL|CL	BONUS:CHECKS|BASE.Will|(CL/2)+2	BONUS:CHECKS|BASE.Fortitude,BASE.Reflex|CL/3	BONUS:COMBAT|BAB|CL*3/4|PREVAREQ:UseFractionalBAB,0	BONUS:VAR|ClassBABModerate|CL|PREVAREQ:UseFractionalBAB,1
# Class Name	Skill Pts/Lvl	Class Skill
CLASS:Spellthief	STARTSKILLPTS:6	CSKILL:Appraise|Bluff|Concentration|TYPE=Craft|Decipher Script|Disable Device|Escape Artist|Gather Information|Hide|Jump|Knowledge (arcana)|Knowledge (local)|Listen|Move Silently|Open Lock|Search|Speak Language|Spellcraft|Spot|Swim|Tumble|Use Magic Device
# Class Name	Spell Stat		Spell Type		Memorize	Caster level								Use Spell List
CLASS:Spellthief	SPELLSTAT:CHA	SPELLTYPE:Arcane	MEMORIZE:NO	BONUS:CASTERLEVEL|Spellthief|CL/2|PRECLASS:1,Spellthief=4	SPELLLIST:1|Wizard
###Block: Can only learn from the following Schools - abjuration, divination, enchantment, illusion, and transmutation.
# List of Schools: Abjuration, Conjuration, Divination, Enchantment, Evocation, Illusion, Necromancy, Transmutation
1	PROHIBITSPELL:SCHOOL.Conjuration
1	PROHIBITSPELL:SCHOOL.Evocation
1	PROHIBITSPELL:SCHOOL.Necromancy
###Block:
1	ABILITY:Spellthief Class Feature|AUTOMATIC|Spellthief ~ Weapon and Armor Proficiency
4	ABILITY:Spellthief Class Feature|AUTOMATIC|Spellthief ~ Spells
###Block:
1	ABILITY:Spellthief Class Feature|AUTOMATIC|Spellthief ~ Sneak Attack|Spellthief ~ Steal Spell|Spellthief ~ Trapfinding
2	ABILITY:Spellthief Class Feature|AUTOMATIC|Spellthief ~ Detect Magic|Spellthief ~ Spellgrace|Spellthief ~ Steal Spell Effect
3	ABILITY:Spellthief Class Feature|AUTOMATIC|Spellthief ~ Steal Energy Resistance
5	ABILITY:Spellthief Class Feature|AUTOMATIC|Spellthief ~ Steal Spell-Like Ability
7	ABILITY:Spellthief Class Feature|AUTOMATIC|Spellthief ~ Absorb Spell
9	ABILITY:Spellthief Class Feature|AUTOMATIC|Spellthief ~ Arcane Sight
13	ABILITY:Spellthief Class Feature|AUTOMATIC|Spellthief ~ Discover Spells
15	ABILITY:Spellthief Class Feature|AUTOMATIC|Spellthief ~ Steal Spell Resistance
###Block:
4	CAST:0,0
5	CAST:0,0
6	CAST:0,1
7	CAST:0,1
8	CAST:0,1,0
9	CAST:0,1,0
10	CAST:0,1,1
11	CAST:0,1,1,0
12	CAST:0,1,1,1
13	CAST:0,1,1,1
14	CAST:0,2,1,1,0
15	CAST:0,2,1,1,1
16	CAST:0,2,2,1,1
17	CAST:0,2,2,2,1
18	CAST:0,3,2,2,1
19	CAST:0,3,3,3,2
20	CAST:0,3,3,3,3
###Block:
4	KNOWN:0,2
5	KNOWN:0,2
6	KNOWN:0,3
7	KNOWN:0,3
8	KNOWN:0,4,2
9	KNOWN:0,4,2
10	KNOWN:0,4,3
11	KNOWN:0,4,3,2
12	KNOWN:0,4,4,3
13	KNOWN:0,4,4,3
14	KNOWN:0,4,4,4,2
15	KNOWN:0,4,4,4,3
16	KNOWN:0,4,4,4,3
17	KNOWN:0,5,4,4,4
18	KNOWN:0,5,5,4,4
19	KNOWN:0,5,5,5,4
20	KNOWN:0,5,5,5,5
###Block:
2	BONUS:VAR|StealSpellLevel|min(CL/2,9)			DEFINE:StealSpellLevel|0
1	BONUS:VAR|SneakAttackDice|1					DEFINE:SneakAttackDice|0
5	BONUS:VAR|SneakAttackDice|1
9	BONUS:VAR|SneakAttackDice|1
14	BONUS:VAR|SneakAttackDice|1
17	BONUS:VAR|SneakAttackDice|1
3	BONUS:VAR|StealEnergyResistanceBonus|((CL+5)/8)*10	DEFINE:StealEnergyResistanceBonus|0
2	BONUS:VAR|SpellgraceBonus|(CL+7)/9				DEFINE:SpellgraceBonus|0

20	BONUS:VAR|AbsorbSpellTier|1					DEFINE:AbsorbSpellTier|0

###Block: Prestige Classes

# Class Name	Hit Dice	Type			Max Level	Source Page		Define			Save checks bonus												Combat bonus
CLASS:Animal Lord	HD:10		TYPE:Prestige.PC	MAXLEVEL:10	SOURCEPAGE:p.22	DEFINE:AnimalLordLVL|CL	BONUS:CHECKS|BASE.Will|CL/3	BONUS:CHECKS|BASE.Fortitude,BASE.Reflex|(CL/2)+2	BONUS:COMBAT|BAB|CL
# Class Name	Required AL			Req. Att.	Multiple Requirements																																																																														Required Skill
CLASS:Animal Lord	PREALIGN:NG,LN,TN,CN,NE	PREATT:5	PREMULT:1,[PREMULT:2,[PRESKILL:1,Climb=4],[PREFEAT:1,Toughness]],[PREMULT:2,[PRESKILL:1,Intimidate=4],[PREFEAT:1,Endurance]],[PREMULT:2,[PRESKILL:1,Spot=4],[PREFEAT:1,Improved Flight]],[PREMULT:2,[PRESKILL:1,Move Silently=4],[PREFEAT:1,Weapon Finesse]],[PREMULT:2,[PRESKILL:1,Jump=4],[PREFEAT:1,Run]],[PREMULT:2,[PRESKILL:1,Swim=4],[PREFEAT:1,Improved Swimming]],[PREMULT:2,[PRESKILL:1,Escape Artist=4],[PREFEAT:1,Combat Reflexes]],[PREMULT:2,[PRESKILL:1,Survival=4],[PREFEAT:1,Track]]	PRESKILL:2,Handle Animal=4,Knowledge (Nature)=2
# Class Name	Skill Pts/Lvl	Class Skill
CLASS:Animal Lord	STARTSKILLPTS:4	CSKILL:Climb|Escape Artist|Handle Animal|Heal|Hide|Intimidate|Jump|Knowledge (Nature)|Listen|Move Silently|Spot|Survival|Swim
#
#SUBCLASS:Apelord		COST:0	PRESKILL:1,Climb=4		PREFEAT:1,Toughness		ABILITY:Internal|AUTOMATIC|Animal Lord Choice ~ Apelord
#SUBCLASS:Bearlord		COST:0	PRESKILL:1,Intimidate=4		PREFEAT:1,Endurance			ABILITY:Internal|AUTOMATIC|Animal Lord Choice ~ Bearlord
#SUBCLASS:Birdlord		COST:0	PRESKILL:1,Spot=4			PREFEAT:1,Improved Flight		ABILITY:Internal|AUTOMATIC|Animal Lord Choice ~ Birdlord
#SUBCLASS:Catlord		COST:0	PRESKILL:1,Move Silently=4	PREFEAT:1,Weapon Finesse		ABILITY:Internal|AUTOMATIC|Animal Lord Choice ~ Catlord
#SUBCLASS:Horselord	COST:0	PRESKILL:1,Jump=4			PREFEAT:1,Run		ABILITY:Internal|AUTOMATIC|Animal Lord Choice ~ Horselord
#SUBCLASS:Sharklord	COST:0	PRESKILL:1,Swim=4			PREFEAT:1,Improved Swimming		ABILITY:Internal|AUTOMATIC|Animal Lord Choice ~ Sharklord
#SUBCLASS:Snakelord	COST:0	PRESKILL:1,Escape Artist=4	PREFEAT:1,Combat Reflexes		ABILITY:Internal|AUTOMATIC|Animal Lord Choice ~ Snakelord
#SUBCLASS:Wolflord		COST:0	PRESKILL:1,Survival=4		PREFEAT:1,Track		ABILITY:Internal|AUTOMATIC|Animal Lord Choice ~ Wolflord
#
1	BONUS:ABILITYPOOL|Animal Lord Selection|1
###Block:
1	ABILITY:Animal Lord Class Feature|AUTOMATIC|Animal Lord ~ Animal Bond|Animal Lord ~ Detect Animals|Animal Lord ~ Wild Empathy
2	ABILITY:Animal Lord Class Feature|AUTOMATIC|Animal Lord ~ First Totem|Animal Lord ~ Low-Light Vision
3	ABILITY:Animal Lord Class Feature|AUTOMATIC|Animal Lord ~ Wild Aspect
4	ABILITY:Animal Lord Class Feature|AUTOMATIC|Animal Lord ~ Speak with Animals
5	ABILITY:Animal Lord Class Feature|AUTOMATIC|Animal Lord ~ Summon Animal
6	ABILITY:Animal Lord Class Feature|AUTOMATIC|Animal Lord ~ Second Totem
7	ABILITY:Animal Lord Class Feature|AUTOMATIC|Animal Lord ~ Animal Growth
8	ABILITY:Animal Lord Class Feature|AUTOMATIC|Animal Lord ~ Animal Telepathy
10	ABILITY:Animal Lord Class Feature|AUTOMATIC|Animal Lord ~ Third Totem
###Block
3	BONUS:VAR|WildAspectTimes|CL/3
###Block
11	PREPCLEVEL:MIN=11

# Class Name
CLASS:Beastmaster	SOURCEPAGE:p.26	HD:10	TYPE:PC.Prestige	BONUS:CHECKS|BASE.Fortitude,BASE.Reflex|CL/2+2	BONUS:CHECKS|BASE.Will|/3
CLASS:Beastmaster	BONUS:COMBAT|BAB|CL
CLASS:Beastmaster	PRESKILL:2,Handle Animal=8,Survival=4	PREFEAT:1,Skill Focus (Handle Animal)	PRETEXT:Skills: Handle Animal 8 ranks, Survival 4 ranks. Feats: Skill Focus (Handle Animal).
CLASS:Beastmaster	STARTSKILLPTS:4	CSKILL:Climb|Handle Animal|Heal|Hide|Jump|Knowledge (Nature)|Listen|Ride|Spot|Survival|Swim
###Block
1	ABILITY:Beastmaster Class Feature|AUTOMATIC|Beastmaster ~ Weapon and Armor Proficiency
1	ABILITY:Beastmaster Class Feature|AUTOMATIC|Beastmaster ~ Animal Companion
1	ABILITY:Beastmaster Class Feature|AUTOMATIC|Beastmaster ~ Wild Empathy
2	ABILITY:Beastmaster Class Feature|AUTOMATIC|Beastmaster ~ Alertness	
3	ABILITY:Beastmaster Class Feature|AUTOMATIC|Beastmaster ~ Speak with Animals
4	ABILITY:Beastmaster Class Feature|AUTOMATIC|Beastmaster ~ Extra Animal Companion
5	ABILITY:Beastmaster Class Feature|AUTOMATIC|Beastmaster ~ Low-Light Vision
8	ABILITY:Beastmaster Class Feature|AUTOMATIC|Beastmaster ~ Scent
###Block
11	PREPCLEVEL:MIN=11

# Class Name
CLASS:Bloodhound	SOURCEPAGE:p.28	HD:10	TYPE:PC.Prestige	BONUS:CHECKS|BASE.Fortitude,BASE.Reflex|CL/2+2	BONUS:CHECKS|BASE.Will|/3
CLASS:Bloodhound	BONUS:COMBAT|BAB|CL
CLASS:Bloodhound	PREMULT:1,[PREATT:4],[PREVARGTEQ:BaseAttackBonus,4]	PRESKILL:3,Gather Information=4,Move Silently=4,Survival=4	PREFEAT:2,Endurance,Track	PRETEXT:Base Attack Bonus: +4. Skills: Gather Information 4 ranks, Move Silently 4 ranks, Survival 4 ranks. Feats: Endurance, Track.
CLASS:Bloodhound	STARTSKILLPTS:6	CSKILL:Bluff|Climb|Diplomacy|Disguise|Gather Information|Heal|Hide|Intimidate|Jump|Listen|Move Silently|Open Lock|Ride|Search|Sense Motive|Spot|Survival|Swim|Use Rope
1	ABILITY:Bloodhound Class Feature|AUTOMATIC|Bloodhound ~ Weapon and Armor Proficiency
1	ABILITY:Bloodhound Class Feature|AUTOMATIC|Bloodhound ~ Mark
1	ABILITY:Bloodhound Class Feature|AUTOMATIC|Bloodhound ~ Swift Tracker
2	ABILITY:Bloodhound Class Feature|AUTOMATIC|Bloodhound ~ Nonlethal Force
2	ABILITY:Bloodhound Class Feature|AUTOMATIC|Bloodhound ~ Ready and Waiting
3	ABILITY:Bloodhound Class Feature|AUTOMATIC|Bloodhound ~ Bring 'em Back Alive
3	ABILITY:Bloodhound Class Feature|AUTOMATIC|Bloodhound ~ Tenacious Pursuit
4	ABILITY:Bloodhound Class Feature|AUTOMATIC|Bloodhound ~ Hunter's Dedication
4	ABILITY:Bloodhound Class Feature|AUTOMATIC|Bloodhound ~ Move Like the Wind
5	ABILITY:Bloodhound Class Feature|AUTOMATIC|Bloodhound ~ Crippling Strike
5	ABILITY:Bloodhound Class Feature|AUTOMATIC|Bloodhound ~ Track the Trackless
6	ABILITY:Bloodhound Class Feature|AUTOMATIC|Bloodhound ~ See Invisibility
6	ABILITY:Bloodhound Class Feature|AUTOMATIC|Bloodhound ~ Shielded Mind
7	ABILITY:Bloodhound Class Feature|AUTOMATIC|Bloodhound ~ Locate Creature
8	ABILITY:Bloodhound Class Feature|AUTOMATIC|Bloodhound ~ Freedom of Movement
9	ABILITY:Bloodhound Class Feature|AUTOMATIC|Bloodhound ~ Scent
10	ABILITY:Bloodhound Class Feature|AUTOMATIC|Bloodhound ~ Find the Path
###Block
11	PREPCLEVEL:MIN=11

# Class Name
CLASS:Daggerspell Mage	SOURCEPAGE:p.31	HD:6	TYPE:PC.Prestige	BONUS:CHECKS|BASE.Reflex,BASE.Will|CL/2+2	BONUS:CHECKS|BASE.Fortitude|CL/3
CLASS:Daggerspell Mage	BONUS:COMBAT|BAB|CL*3/4
CLASS:Daggerspell Mage	!PREALIGN:LE,NE,CE	PRESKILL:1,Concentration=8	PREFEAT:2,Weapon Focus (Dagger),Two-Weapon Fighting	PREVARGTEQ:SneakAttackDice,1	PRESPELLTYPE:1,Arcane=5	PRETEXT:Alignment: Any nonevil. Skills: Concentration 8 ranks. Feats: Weapon Focus (dagger), Two-Weapon Fighting. Special: Arcane caster level 5th. Special: Sneak attack +1d6.
CLASS:Daggerspell Mage	STARTSKILLPTS:6	CSKILL:Balance|Climb|Concentration|TYPE=Craft|Handle Animal|Heal|Hide|Jump|Knowledge (Arcana)|Listen|Move Silently|TYPE=Profession|Ride|Spellcraft|Spot|Survival|Swim|Tumble
###Block
1	ABILITY:Daggerspell Mage Class Feature|AUTOMATIC|Daggerspell Mage ~ Weapon and Armor Proficiency	
1	ABILITY:Daggerspell Mage Class Feature|AUTOMATIC|Daggerspell Mage ~ Daggercast				
2	ABILITY:Daggerspell Mage Class Feature|AUTOMATIC|Daggerspell Mage ~ Invocation of the Knife		
1	ABILITY:Daggerspell Mage Class Feature|AUTOMATIC|Daggerspell Mage ~ Spells per Day/Spells Known	
3	ABILITY:Daggerspell Mage Class Feature|AUTOMATIC|Daggerspell Mage ~ Sneak Attack				
5	ABILITY:Daggerspell Mage Class Feature|AUTOMATIC|Daggerspell Mage ~ Double Daggercast			
7	ABILITY:Daggerspell Mage Class Feature|AUTOMATIC|Daggerspell Mage ~ Arcane Infusion			
8	ABILITY:Daggerspell Mage Class Feature|AUTOMATIC|Daggerspell Mage ~ Arcane Throw				
10	ABILITY:Daggerspell Mage Class Feature|AUTOMATIC|Daggerspell Mage ~ Daggerspell Flurry			
###Block
2	ADD:SPELLCASTER|Arcane
3	ADD:SPELLCASTER|Arcane
4	ADD:SPELLCASTER|Arcane
5	ADD:SPELLCASTER|Arcane
6	ADD:SPELLCASTER|Arcane
7	ADD:SPELLCASTER|Arcane
8	ADD:SPELLCASTER|Arcane
9	ADD:SPELLCASTER|Arcane
10	ADD:SPELLCASTER|Arcane
###Block
11	PREPCLEVEL:MIN=11

# Class Name
CLASS:Daggerspell Shaper	SOURCEPAGE:p.36	HD:6	TYPE:PC.Prestige	BONUS:CHECKS|BASE.Reflex,BASE.Will|CL/2+2	BONUS:CHECKS|BASE.Fortitude|CL/3
CLASS:Daggerspell Shaper	BONUS:COMBAT|BAB|CL*3/4
CLASS:Daggerspell Shaper	!PREALIGN:LE,NE,CE	PRESKILL:1,Concentration=8	PREFEAT:2,Weapon Focus (Dagger),Two-Weapon Fighting	PREABILITY:1,CATEGORY=Special Ability,TYPE.Wild Shape,TYPE.Wild Shape Class Feature	PREMULT:1,[PREVARGTEQ:SneakAttackDice,1],[PREVARGTEQ:SkirmishDice,1]	PRETEXT:Alignment: Any nonevil. Skills: Concentration 8 ranks. Feats: Weapon Focus (dagger), Two-Weapon Fighting. Special: Wild shape class feature. Special: Either sneak attack +1d6 or skirmish +1d6.
CLASS:Daggerspell Shaper	STARTSKILLPTS:6	CSKILL:Balance|Climb|Concentration|TYPE=Craft|Handle Animal|Heal|Hide|Jump|Knowledge (nature)|Listen|Move Silently|TYPE=Profession|Ride|Spellcraft|Spot|Survival|Swim|Tumble
1	ABILITY:Daggerspell Shaper Class Feature|AUTOMATIC|Daggerspell Shaper ~ Weapon and Armor Proficiency	
1	ABILITY:Daggerspell Shaper Class Feature|AUTOMATIC|Daggerspell Shaper ~ Daggercast				
1	ABILITY:Daggerspell Shaper Class Feature|AUTOMATIC|Daggerspell Shaper ~ Wild Shape				
2	ABILITY:Daggerspell Shaper Class Feature|AUTOMATIC|Daggerspell Shaper ~ Dagger Claws			
2	ABILITY:Daggerspell Shaper Class Feature|AUTOMATIC|Daggerspell Shaper ~ Spells per Day/Spells Known	
3	ABILITY:Daggerspell Shaper Class Feature|AUTOMATIC|Daggerspell Shaper ~ Sneak Attack			
7	ABILITY:Daggerspell Shaper Class Feature|AUTOMATIC|Daggerspell Shaper ~ Fast Wild Shape			
8	ABILITY:Daggerspell Shaper Class Feature|AUTOMATIC|Daggerspell Shaper ~ Enhanced Wild Shape		
10	ABILITY:Daggerspell Shaper Class Feature|AUTOMATIC|Daggerspell Shaper ~ Daggerspell Flurry		
###Block
2	ADD:SPELLCASTER|Divine
3	ADD:SPELLCASTER|Divine
4	ADD:SPELLCASTER|Divine
5	ADD:SPELLCASTER|Divine
6	ADD:SPELLCASTER|Divine
7	ADD:SPELLCASTER|Divine
8	ADD:SPELLCASTER|Divine
9	ADD:SPELLCASTER|Divine
10	ADD:SPELLCASTER|Divine
###Block
11	PREPCLEVEL:MIN=11


# Class Name
CLASS:Dread Pirate	SOURCEPAGE:p.39	
1	ABILITY:Dread Pirate Class Feature|AUTOMATIC|Dread Pirate ~ Weapon and Armor Proficiency	
1	ABILITY:Dread Pirate Class Feature|AUTOMATIC|Dread Pirate ~ Seamanship				
1	ABILITY:Dread Pirate Class Feature|AUTOMATIC|Dread Pirate ~ Two-Weapon Fighting		
2	ABILITY:Dread Pirate Class Feature|AUTOMATIC|Dread Pirate ~ Fearsome Reputation		
3	ABILITY:Dread Pirate Class Feature|AUTOMATIC|Dread Pirate ~ Rally the Crew			
3	ABILITY:Dread Pirate Class Feature|AUTOMATIC|Dread Pirate ~ Sneak Attack			
4	ABILITY:Dread Pirate Class Feature|AUTOMATIC|Dread Pirate ~ Acrobatic Charge			
4	ABILITY:Dread Pirate Class Feature|AUTOMATIC|Dread Pirate ~ Steady Stance			
5	ABILITY:Dread Pirate Class Feature|AUTOMATIC|Dread Pirate ~ Luck of the Wind			
5	ABILITY:Dread Pirate Class Feature|AUTOMATIC|Dread Pirate ~ Scourge of the Seas		
8	ABILITY:Dread Pirate Class Feature|AUTOMATIC|Dread Pirate ~ Skill Mastery			
9	ABILITY:Dread Pirate Class Feature|AUTOMATIC|Dread Pirate ~ Fight to the Death		
9	ABILITY:Dread Pirate Class Feature|AUTOMATIC|Dread Pirate ~ Motivate the Scum		
10	ABILITY:Dread Pirate Class Feature|AUTOMATIC|Dread Pirate ~ Pirate King			
###Block
11	PREPCLEVEL:MIN=11



# Class Name
CLASS:Dungeon Delver
#	ABILITY:Bloodhound Class Feature|AUTOMATIC|
# Class Name
CLASS:Exemplar
#	ABILITY:Bloodhound Class Feature|AUTOMATIC|
# Class Name
CLASS:Fochlucan Lyrist
#	ABILITY:Bloodhound Class Feature|AUTOMATIC|
# Class Name
CLASS:Ghost-Faced Killer
#	ABILITY:Bloodhound Class Feature|AUTOMATIC|
# Class Name
CLASS:Highlander Stalker
#	ABILITY:Bloodhound Class Feature|AUTOMATIC|
# Class Name
CLASS:Maester
#	ABILITY:Bloodhound Class Feature|AUTOMATIC|

# Class Name
CLASS:Master of Many Forms
#	ABILITY:Bloodhound Class Feature|AUTOMATIC|

# Class Name
CLASS:Nightsong Enforcer
#	ABILITY:Bloodhound Class Feature|AUTOMATIC|

# Class Name
CLASS:Nightson Infiltrator
#	ABILITY:Bloodhound Class Feature|AUTOMATIC|

# Class Name
CLASS:Ollam
#	ABILITY:Bloodhound Class Feature|AUTOMATIC|

# Class Name
CLASS:Shadowbane Inquisitor
#	ABILITY:Bloodhound Class Feature|AUTOMATIC|

# Class Name
CLASS:Shadowbane Stalker
#	ABILITY:Bloodhound Class Feature|AUTOMATIC|

# Class Name
CLASS:Shadowmind
#	ABILITY:Bloodhound Class Feature|AUTOMATIC|

# Class Name
CLASS:Spymaster	TYPE:PC.Prestige	SOURCEPAGE:p.76	HD:6	MAXLEVEL:7	BONUS:CHECKS|BASE.Reflex|CL/2+2	BONUS:CHECKS|BASE.Fortitude,BASE.Will|CL/3
CLASS:Spymaster	BONUS:COMBAT|BAB|CL*3/4
CLASS:Spymaster	PRESKILL:6,Bluff=8,Diplomacy=4,Disguise=8,Forgery=4,Gather Information=4,Sense Motive=4	PREFEAT:1,Skill Focus (Bluff)	PRETEXT:Skills: Bluff 8 ranks, Diplomacy 4 ranks, Disguise 8 ranks, Forgery 4 ranks, Gather Information 4 ranks, Sense Motive 4 ranks. Feat: Skill Focus (Bluff).
CLASS:Spymaster	STARTSKILLPTS:8	CSKILL:Appraise|Balance|Bluff|Climb|Decipher Script|Diplomacy|Disable Device|Disguise|Escape Artist|Forgery|Gather Information|Hide|Intimidate|Jump|Knowledge (Geography)|Knowledge (History)|Knowledge (Local)|Knowledge (Nobility and Royalty)|Listen|Move Silently|Open Lock|Search|Sense Motive|Sleight of Hand|Speak Language|Spot|Swim|Tumble|Use Magic Device|Use Rope
###Block
1	ABILITY:Spymaster Class Feature|AUTOMATIC|Spymaster ~ Weapon and Armor Proficiency	
1	ABILITY:Spymaster Class Feature|AUTOMATIC|Spymaster ~ Cover Identity			
1	ABILITY:Spymaster Class Feature|AUTOMATIC|Spymaster ~ Undetectable Alignment		
2	ABILITY:Spymaster Class Feature|AUTOMATIC|Spymaster ~ Quick Change				
2	ABILITY:Spymaster Class Feature|AUTOMATIC|Spymaster ~ Scrying Defense			
3	ABILITY:Spymaster Class Feature|AUTOMATIC|Spymaster ~ Magic Aura				
3	ABILITY:Spymaster Class Feature|AUTOMATIC|Spymaster ~ Sneak Attack				
4	ABILITY:Spymaster Class Feature|AUTOMATIC|Spymaster ~ Slippery Mind				
5	ABILITY:Spymaster Class Feature|AUTOMATIC|Spymaster ~ Dispel Scrying			
7	ABILITY:Spymaster Class Feature|AUTOMATIC|Spymaster ~ Deep Cover				
###Block
3	BONUS:VAR|SneakAttackDice|min(CL/3,2)



# Class Name
CLASS:Streetfighter
#	ABILITY:Bloodhound Class Feature|AUTOMATIC|

# Class Name
CLASS:Tempest
#	ABILITY:Bloodhound Class Feature|AUTOMATIC|

# Class Name
CLASS:Thief-Acrobat
#	ABILITY:Bloodhound Class Feature|AUTOMATIC|

# Class Name
CLASS:Vigilante
#	ABILITY:Bloodhound Class Feature|AUTOMATIC|

# Class Name
CLASS:Virtuoso
#	ABILITY:Bloodhound Class Feature|AUTOMATIC|

# Class Name
CLASS:Wild Plains Outrider
#	ABILITY:Bloodhound Class Feature|AUTOMATIC|
