# CVS $Revision: $ $Author: $ -- Thu Jul 10 13:59:32 2014 -- reformated by prettylst.pl v1.51 (build 24365)


# Class
# Ability Category				Visible		Editable?		Change Pool?	Category of Object		Type of Object			Specific choices list																																																								Display Location
ABILITYCATEGORY:Ninja Class Feature		VISIBLE:QUALIFY	EDITABLE:YES	EDITPOOL:NO		CATEGORY:Special Ability	TYPE:NinjaClassFeatures																																																													DISPLAYLOCATION:Class Feature
ABILITYCATEGORY:Scout Class Feature		VISIBLE:QUALIFY	EDITABLE:YES	EDITPOOL:NO		CATEGORY:Special Ability	TYPE:ScoutClassFeatures																																																													DISPLAYLOCATION:Class Feature
ABILITYCATEGORY:Scout Bonus Feat		VISIBLE:QUALIFY	EDITABLE:YES	EDITPOOL:NO		CATEGORY:FEAT								ABILITYLIST:Acrobatic|Agile|Alertness|Athletic|Blind-Fight|Brachiation|Combat Expertise|Danger Sense|Dodge|Endurance|Far Shot|Great Fortitude|Hear the Unseen|Improved Initiative|Improved Swimming|Iron Will|Lightning Reflexes|Mobility|Point Blank Shot|Precise Shot|Quick Draw|Quick Reconnoiter|Rapid Reload|Shot on the Run|Skill Focus|Spring Attack|Track	DISPLAYLOCATION:Feats
ABILITYCATEGORY:Spellthief Class Feature	VISIBLE:QUALIFY	EDITABLE:YES	EDITPOOL:NO		CATEGORY:Special Ability	TYPE:SpellthiefClassFeatures																																																												DISPLAYLOCATION:Class Feature



#Animal Lord Class Feature
ABILITYCATEGORY:Animal Lord Selection	VISIBLE:QUALIFY	EDITABLE:YES	EDITPOOL:NO		CATEGORY:Internal			TYPE:Animal Lord Choice																																																													DISPLAYLOCATION:Class Feature

###Block: Class Features
# Ability Category						Visible		Editable?		Change Pool?	Category of Object		Type of Object					Specific choices list																																																		Display Location
ABILITYCATEGORY:Animal Lord Class Feature			VISIBLE:QUALIFY	EDITABLE:YES	EDITPOOL:NO		CATEGORY:Special Ability	TYPE:Animal LordClassFeatures																																																								DISPLAYLOCATION:Class Feature
ABILITYCATEGORY:Beastmaster Class Feature			VISIBLE:QUALIFY	EDITABLE:YES	EDITPOOL:NO		CATEGORY:Special Ability	TYPE:BeastmasterClassFeatures																																																								DISPLAYLOCATION:Class Feature
ABILITYCATEGORY:Bloodhound Class Feature			VISIBLE:QUALIFY	EDITABLE:YES	EDITPOOL:NO		CATEGORY:Special Ability	TYPE:BloodhoundClassFeatures																																																								DISPLAYLOCATION:Class Feature
ABILITYCATEGORY:Daggerspell Mage Class Feature		VISIBLE:QUALIFY	EDITABLE:YES	EDITPOOL:NO		CATEGORY:Special Ability	TYPE:Daggerspell MageClassFeatures																																																							DISPLAYLOCATION:Class Feature
ABILITYCATEGORY:Daggerspell Shaper Class Feature	VISIBLE:QUALIFY	EDITABLE:YES	EDITPOOL:NO		CATEGORY:Special Ability	TYPE:Daggerspell ShaperClassFeatures																																																						DISPLAYLOCATION:Class Feature
ABILITYCATEGORY:Dread Pirate Class Feature		VISIBLE:QUALIFY	EDITABLE:YES	EDITPOOL:NO		CATEGORY:Special Ability	TYPE:Dread PirateClassFeatures																																																							DISPLAYLOCATION:Class Feature
ABILITYCATEGORY:Dungeon Delver Class Feature		VISIBLE:QUALIFY	EDITABLE:YES	EDITPOOL:NO		CATEGORY:Special Ability	TYPE:Dungeon DelverClassFeatures																																																							DISPLAYLOCATION:Class Feature
ABILITYCATEGORY:Exemplar Class Feature			VISIBLE:QUALIFY	EDITABLE:YES	EDITPOOL:NO		CATEGORY:Special Ability	TYPE:ExemplarClassFeatures																																																								DISPLAYLOCATION:Class Feature
ABILITYCATEGORY:Fochlucan Lyrist Class Feature		VISIBLE:QUALIFY	EDITABLE:YES	EDITPOOL:NO		CATEGORY:Special Ability	TYPE:Fochlucan LyristClassFeatures																																																							DISPLAYLOCATION:Class Feature
ABILITYCATEGORY:Ghost-Faced Killer Class Feature	VISIBLE:QUALIFY	EDITABLE:YES	EDITPOOL:NO		CATEGORY:Special Ability	TYPE:Ghost-Faced KillerClassFeatures																																																						DISPLAYLOCATION:Class Feature
ABILITYCATEGORY:Highland Stalker Class Feature		VISIBLE:QUALIFY	EDITABLE:YES	EDITPOOL:NO		CATEGORY:Special Ability	TYPE:Highland StalkerClassFeatures																																																							DISPLAYLOCATION:Class Feature
ABILITYCATEGORY:Maester Class Feature			VISIBLE:QUALIFY	EDITABLE:YES	EDITPOOL:NO		CATEGORY:Special Ability	TYPE:MaesterClassFeatures																																																								DISPLAYLOCATION:Class Feature
ABILITYCATEGORY:Master of Many Forms Class Feature	VISIBLE:QUALIFY	EDITABLE:YES	EDITPOOL:NO		CATEGORY:Special Ability	TYPE:Master of Many FormsClassFeatures																																																						DISPLAYLOCATION:Class Feature
ABILITYCATEGORY:Nightsong Enforcer Class Feature	VISIBLE:QUALIFY	EDITABLE:YES	EDITPOOL:NO		CATEGORY:Special Ability	TYPE:Nightsong EnforcerClassFeatures																																																						DISPLAYLOCATION:Class Feature
ABILITYCATEGORY:Nightsong Infiltrator Class Feature	VISIBLE:QUALIFY	EDITABLE:YES	EDITPOOL:NO		CATEGORY:Special Ability	TYPE:Nightsong InfiltratorClassFeatures																																																						DISPLAYLOCATION:Class Feature
ABILITYCATEGORY:Ollam Class Feature				VISIBLE:QUALIFY	EDITABLE:YES	EDITPOOL:NO		CATEGORY:Special Ability	TYPE:OllamClassFeatures																																																									DISPLAYLOCATION:Class Feature
ABILITYCATEGORY:Shadowbane Inquisitor Class Feature	VISIBLE:QUALIFY	EDITABLE:YES	EDITPOOL:NO		CATEGORY:Special Ability	TYPE:Shadowbane InquisitorClassFeatures																																																						DISPLAYLOCATION:Class Feature
ABILITYCATEGORY:Shadowbane Stalker Class Feature	VISIBLE:QUALIFY	EDITABLE:YES	EDITPOOL:NO		CATEGORY:Special Ability	TYPE:Shadowbane StalkerClassFeatures																																																						DISPLAYLOCATION:Class Feature
ABILITYCATEGORY:Shadowmind Class Feature			VISIBLE:QUALIFY	EDITABLE:YES	EDITPOOL:NO		CATEGORY:Special Ability	TYPE:ShadowmindClassFeatures																																																								DISPLAYLOCATION:Class Feature
ABILITYCATEGORY:Spymaster Class Feature			VISIBLE:QUALIFY	EDITABLE:YES	EDITPOOL:NO		CATEGORY:Special Ability	TYPE:SpymasterClassFeatures																																																								DISPLAYLOCATION:Class Feature
ABILITYCATEGORY:Streetfighter Class Feature		VISIBLE:QUALIFY	EDITABLE:YES	EDITPOOL:NO		CATEGORY:Special Ability	TYPE:StreetfighterClassFeatures																																																							DISPLAYLOCATION:Class Feature
ABILITYCATEGORY:Tempest Class Feature			VISIBLE:QUALIFY	EDITABLE:YES	EDITPOOL:NO		CATEGORY:Special Ability	TYPE:TempestClassFeatures																																																								DISPLAYLOCATION:Class Feature
ABILITYCATEGORY:Thief-Acrobat Class Feature		VISIBLE:QUALIFY	EDITABLE:YES	EDITPOOL:NO		CATEGORY:Special Ability	TYPE:Thief-AcrobatClassFeatures																																																							DISPLAYLOCATION:Class Feature
ABILITYCATEGORY:Vigilante Class Feature			VISIBLE:QUALIFY	EDITABLE:YES	EDITPOOL:NO		CATEGORY:Special Ability	TYPE:VigilanteClassFeatures																																																								DISPLAYLOCATION:Class Feature
ABILITYCATEGORY:Virtuoso Class Feature			VISIBLE:QUALIFY	EDITABLE:YES	EDITPOOL:NO		CATEGORY:Special Ability	TYPE:VirtuosoClassFeatures																																																								DISPLAYLOCATION:Class Feature
ABILITYCATEGORY:Wild Plains Outrider Class Feature	VISIBLE:QUALIFY	EDITABLE:YES	EDITPOOL:NO		CATEGORY:Special Ability	TYPE:Wild Plains OutriderClassFeatures																																																						DISPLAYLOCATION:Class Feature

#
ABILITYCATEGORY:Dread Pirate Fearsome Reputation	VISIBLE:QUALIFY	EDITABLE:YES	EDITPOOL:NO		CATEGORY:Special Ability	TYPE:Dread Pirate Fearsome Reputation																																																						DISPLAYLOCATION:Class Feature
ABILITYCATEGORY:Exemplar Bonus Feat				VISIBLE:QUALIFY	EDITABLE:YES	EDITPOOL:NO		CATEGORY:FEAT										ABILITYLIST:Acrobatic|Agile|Alertness|Animal Affinity|Athletic|Blind-Fight|Combat Casting|Combat Expertise|Deceitful|Deft Hands|Diligent|Improved Initiative|Improved Swimming|Investigator|Magical Aptitude|Negotiator|Nimble Fingers|Open Minded|Persuasive|Self-Sufficient|Skill Focus|Stealthy|Track|Versatile Performer	DISPLAYLOCATION:Feats
ABILITYCATEGORY:Skill Artistry				VISIBLE:QUALIFY	EDITABLE:YES	EDITPOOL:NO		CATEGORY:Special Ability								ABILITYLIST:Skill Artistry Selection
