# CVS $Revision: $ $Author: $ -- Sun Aug 17 15:41:15 2014 -- reformated by prettylst.pl v1.51 (build 24906)
SOURCELONG:Arms and Equipment Guide	SOURCESHORT:AE	SOURCEWEB:www.wizards.com	SOURCEDATE:2003-03

###Materials
# Modifier Name	Unique Key	Naming Option	Type							Cost		Visible		Type granted	Prohibited Type						Apply to both heads
Bark			KEY:BARK	NAMEOPT:NORMAL	TYPE:BaseMaterial.Mundane.Armor.Shield	COST:0	VISIBLE:QUALIFY	ITYPE:Bark		!PRETYPE:1,EQMODTYPE=Mundane	!PRETYPE:1,Metal	ASSIGNTOALL:YES
Cord			KEY:CORD	NAMEOPT:NORMAL	TYPE:BaseMaterial.Mundane.Armor.Shield	COST:0	VISIBLE:QUALIFY	ITYPE:Cord		!PRETYPE:1,EQMODTYPE=Mundane	!PRETYPE:1,Metal
Plant			KEY:PLANT	NAMEOPT:NORMAL	TYPE:BaseMaterial.Mundane.Armor.Shield	COST:0	VISIBLE:QUALIFY	ITYPE:Plant		!PRETYPE:1,EQMODTYPE=Mundane	!PRETYPE:1,Metal
Wicker		KEY:WICKER	NAMEOPT:NORMAL	TYPE:BaseMaterial.Mundane.Armor.Shield	COST:0	VISIBLE:QUALIFY	ITYPE:Wicker	!PRETYPE:1,EQMODTYPE=Mundane	!PRETYPE:1,Metal
Shell			KEY:SHELL	NAMEOPT:NORMAL	TYPE:BaseMaterial.Mundane.Armor.Shield	COST:0	VISIBLE:QUALIFY	ITYPE:Shell		!PRETYPE:1,EQMODTYPE=Mundane	!PRETYPE:1,Metal
Coral			KEY:CORAL	NAMEOPT:NORMAL	TYPE:BaseMaterial.Mundane.Armor.Shield	COST:0	VISIBLE:QUALIFY	ITYPE:Coral		!PRETYPE:1,EQMODTYPE=Mundane	!PRETYPE:1,Metal
Crystal		KEY:CRYSTAL	NAMEOPT:NORMAL	TYPE:BaseMaterial.Mundane.Armor.Shield	COST:0	VISIBLE:QUALIFY	ITYPE:Crystal	!PRETYPE:1,EQMODTYPE=Mundane	!PRETYPE:1,Metal

Bane (shapechanger)	KEY:Weapon ~ Bane (shapechanger)		TYPE:Weapon.Melee.Thrown	PLUS:1			VISIBLE:QUALIFY				SOURCEPAGE:AaEG 112																PRETYPE:2,Enhancement,Weapon	PRETYPE:1,Melee,Thrown																																															SPROP:+2 enhancement bonus and does +2d6 bonus damage vs. shapechangers.
Feathered					KEY:Feathered				TYPE:Armor.Shield	PLUS:2			VISIBLE:QUALIFY	SOURCEPAGE:AaEG 93																PRETYPE:2,Enhancement,Armor.Shield																																																																											SPROP:This armor or shield allows the user to fly up to 50 minutes per day as the fly spell.
Buffering					KEY:Buffering				TYPE:Armor.Shield	PLUS:3			VISIBLE:QUALIFY	SOURCEPAGE:AaEG 92																PRETYPE:2,Enhancement,Armor.Shield																																																																											SPROP:This armor absorbs ability point or level drains up to its enhancement bonus per day. Additionally, it allows you to roll a save for 1/2 on those effects that normally would not allow them.
Distracting					KEY:Distracting				TYPE:Armor.Shield	PLUS:3			VISIBLE:QUALIFY	SOURCEPAGE:AaEG 93																PRETYPE:2,Enhancement,Armor.Shield																																																																											SPROP:This glows and shimmers hypnotically. Anyone in a melee with the user must make a Will save (DC 11) each round or be affected by the daze spell. 1/day the user can also activate a hypnotic pattern (DC 13).
Sacred					KEY:Sacred					TYPE:Armor.Shield	PLUS:2			VISIBLE:QUALIFY	SOURCEPAGE:AaEG 93																PRETYPE:2,Enhancement,Armor.Shield																																							BONUS:VAR|TurnLevelUndead|2																																SPROP:These are always dedicated to a particular deity. The wearer of the correct god receives a +2 to his level for turn checks.
Wrapping					KEY:Wrapping				TYPE:Shield		PLUS:1			VISIBLE:QUALIFY	SOURCEPAGE:AaEG 93																PRETYPE:2,Enhancement,Shield																																																																												SPROP:With a shield bash, this shield will stick to the opponent. It can be released by the user with a command word or by pulled off (DC 20 STR check). While it's attached the victim and the wielder are both -5 ACP and -2 to attack rolls.

##Weapon Material
#Baatorian Green Steel
#Gehennan Morghuth-Iron
#Solanian Truesteel

##Armor Materials
#Astral Driftmetal

###Armor mods
#Armor Spikes	KEY:SPIKE_A		TYPE:Armor		COST:50												VISIBLE:QUALIFY	ITYPE:Spiked.Piercing	SOURCEPAGE:RSRD Equipment	PRETYPE:1,Shield,Armor											SPROP:Spiked	AUTO:EQUIP|Armor Spikes
#Quick-Escape
