

CLASS:Shadowcaster	HD:6	BONUS:COMBAT|BAB|CL*1/2|TYPE=Base.REPLACE	BONUS:CHECKS|BASE.Fortitude,BASE.Will|CL/2+2	BONUS:CHECKS|BASE.Reflex|CL/3	SOURCEPAGE:p.111	DEFINE:ShadowcasterLVL|CL
CLASS:Shadowcaster	STARTSKILLPTS:2	CSKILL:Concentration|TYPE=Craft|Hide|Intimidate|Knowledge (Arcana)|Knowledge (The Planes)|Move Silently|TYPE=Profession|Spellcraft|Spot
CLASS:Shadowcaster	SPELLSTAT:INT	BONUS:CASTERLEVEL|Shadowcaster|CL
1	ABILITY:Shadowcaster Class Feature|AUTOMATIC|Weapon and Armor Proficiency ~ Shadowcaster
1	ABILITY:Shadowcaster Class Feature|AUTOMATIC|Fundamentals of Shadow ~ Shadowcaster	
1	ABILITY:Shadowcaster Class Feature|AUTOMATIC|Mysteries and Paths ~ Shadowcaster	
2	ABILITY:Shadowcaster Class Feature|AUTOMATIC|Bonus Feats ~ Shadowcaster		
3	ABILITY:Shadowcaster Class Feature|AUTOMATIC|Umbral Sight ~ Shadowcaster	
5	ABILITY:Shadowcaster Class Feature|AUTOMATIC|Sustaining Shadow ~ Shadowcaster
###Block: Vars
4	BONUS:VAR|ShadowMagicFundamentalCount|CL/4
1	BONUS:VAR|ShadowMysteryTierLVL|1
7	BONUS:VAR|ShadowMysteryTierLVL|1
13	BONUS:VAR|ShadowMysteryTierLVL|1
###Block: Mystery per day
1	CAST:1
2	CAST:1
3	CAST:1,1
4	CAST:1,1
5	CAST:1,1,1
6	CAST:1,1,1
7	CAST:2,2,2,1
8	CAST:2,2,2,1
9	CAST:2,2,2,1,1
10	CAST:2,2,2,1,1
11	CAST:2,2,2,1,1,1
12	CAST:2,2,2,1,1,1
13	CAST:3,3,3,2,2,2,1
14	CAST:3,3,3,2,2,2,1
15	CAST:3,3,3,2,2,2,1,1
16	CAST:3,3,3,2,2,2,1,1
17	CAST:3,3,3,2,2,3,1,1,1
18	CAST:3,3,3,2,2,2,1,1,1
19	CAST:3,3,3,2,2,2,1,1,1
20	CAST:3,3,3,2,2,2,1,1,1