SOURCELONG:Dark Sun Terrors of Athas	SOURCESHORT:DSToA	

STARTPACK:Dagorran Default	TYPE:DefaultMonster.Animal	VISIBLE:QUALIFY	EQUIPBUY:0	PREMULT:1,[!PRERACE:1,%],[PRERACE:1,Dagorran]
RACE:Dagorran	!PRERACE:1,%
NAME:Dagorran
ALIGN:TN
SKILL:Jump			RANK:0
SKILL:Listen		RANK:3
SKILL:Move Silently	RANK:3
SKILL:Spot			RANK:1
ABILITY:CATEGORY=FEAT|Improved Initiative
ABILITY:CATEGORY=FEAT|Weapon Focus (bite)
STAT:STR=11|DEX=10|CON=11|INT=1|WIS=10|CHA=10

STARTPACK:Elemental (Rain Small) Default	TYPE:DefaultMonster.Elemental	VISIBLE:QUALIFY	EQUIPBUY:0	PREMULT:1,[!PRERACE:1,%],[PRERACE:1,Elemental (Rain Small)]
RACE:Elemental (Rain Small)	!PRERACE:1,%
NAME:Elemental (Rain Small)
ALIGN:TN
SKILL:Spot		RANK:3
SKILL:Listen	RANK:2
ABILITY:CATEGORY=FEAT|Combat Reflexes
STAT:DEX=11|WIS=11|CHA=11|STR=10|CON=10|INT=10

STARTPACK:Elemental (Rain Medium) Default	TYPE:DefaultMonster.Elemental	VISIBLE:QUALIFY	EQUIPBUY:0	PREMULT:1,[!PRERACE:1,%],[PRERACE:1,Elemental (Rain Medium)]
RACE:Elemental (Rain Medium)	!PRERACE:1,%
NAME:Elemental (Rain Medium)
ALIGN:TN
SKILL:Spot		RANK:4
SKILL:Listen	RANK:3
ABILITY:CATEGORY=FEAT|Combat Reflexes
ABILITY:CATEGORY=FEAT|Weapon Finesse
STAT:DEX=11|WIS=11|CHA=11|STR=10|CON=10|INT=10

STARTPACK:Elemental (Rain Large) Default	TYPE:DefaultMonster.Elemental	VISIBLE:QUALIFY	EQUIPBUY:0	PREMULT:1,[!PRERACE:1,%],[PRERACE:1,Elemental (Rain Large)]
RACE:Elemental (Rain Large)	!PRERACE:1,%
NAME:Elemental (Rain Large)
ALIGN:TN
SKILL:Spot		RANK:6
SKILL:Listen	RANK:5
ABILITY:CATEGORY=FEAT|Combat Reflexes
ABILITY:CATEGORY=FEAT|Weapon Finesse
ABILITY:CATEGORY=FEAT|Dodge
STAT:DEX=11|WIS=11|CHA=11|STR=10|CON=10|INT=10

STARTPACK:Elemental (Silt Small) Default	TYPE:DefaultMonster.Elemental	VISIBLE:QUALIFY	EQUIPBUY:0	PREMULT:1,[!PRERACE:1,%],[PRERACE:1,Elemental (Silt Small)]
RACE:Elemental (Silt Small)	!PRERACE:1,%
NAME:Elemental (Silt Small)
ALIGN:TN
SKILL:Spot		RANK:3
SKILL:Listen	RANK:2
ABILITY:CATEGORY=FEAT|Power Attack
STAT:DEX=10|WIS=11|CHA=11|STR=10|CON=11|INT=10

STARTPACK:Elemental (Silt Medium) Default	TYPE:DefaultMonster.Elemental	VISIBLE:QUALIFY	EQUIPBUY:0	PREMULT:1,[!PRERACE:1,%],[PRERACE:1,Elemental (Silt Medium)]
RACE:Elemental (Silt Medium)	!PRERACE:1,%
NAME:Elemental (Silt Medium)
ALIGN:TN
SKILL:Spot		RANK:4
SKILL:Listen	RANK:3
ABILITY:CATEGORY=FEAT|Power Attack
ABILITY:CATEGORY=FEAT|Cleave
STAT:DEX=10|WIS=11|CHA=11|STR=10|CON=11|INT=10

STARTPACK:Elemental (Silt Large) Default	TYPE:DefaultMonster.Elemental	VISIBLE:QUALIFY	EQUIPBUY:0	PREMULT:1,[!PRERACE:1,%],[PRERACE:1,Elemental (Silt Large)]
RACE:Elemental (Silt Large)	!PRERACE:1,%
NAME:Elemental (Silt Large)
ALIGN:TN
SKILL:Spot		RANK:6
SKILL:Listen	RANK:5
ABILITY:CATEGORY=FEAT|Power Attack
ABILITY:CATEGORY=FEAT|Cleave
ABILITY:CATEGORY=FEAT|Great Cleave
STAT:DEX=10|WIS=11|CHA=11|STR=10|CON=11|INT=10

STARTPACK:Elemental (Sun Small) Default	TYPE:DefaultMonster.Elemental	VISIBLE:QUALIFY	EQUIPBUY:0	PREMULT:1,[!PRERACE:1,%],[PRERACE:1,Elemental (Sun Small)]
RACE:Elemental (Sun Small)	!PRERACE:1,%
NAME:Elemental (Sun Small)
ALIGN:TN
SKILL:Spot		RANK:3
SKILL:Listen	RANK:2
ABILITY:CATEGORY=FEAT|Improved Initiative
STAT:DEX=11|WIS=11|CHA=11|STR=10|CON=10|INT=10

STARTPACK:Elemental (Sun Medium) Default	TYPE:DefaultMonster.Elemental	VISIBLE:QUALIFY	EQUIPBUY:0	PREMULT:1,[!PRERACE:1,%],[PRERACE:1,Elemental (Sun Medium)]
RACE:Elemental (Sun Medium)	!PRERACE:1,%
NAME:Elemental (Sun Medium)
ALIGN:TN
SKILL:Spot		RANK:4
SKILL:Listen	RANK:3
ABILITY:CATEGORY=FEAT|Improved Initiative
ABILITY:CATEGORY=FEAT|Weapon Finesse
STAT:DEX=11|WIS=11|CHA=11|STR=10|CON=10|INT=10

STARTPACK:Elemental (Sun Large) Default	TYPE:DefaultMonster.Elemental	VISIBLE:QUALIFY	EQUIPBUY:0	PREMULT:1,[!PRERACE:1,%],[PRERACE:1,Elemental (Sun Large)]
RACE:Elemental (Sun Large)	!PRERACE:1,%
NAME:Elemental (Sun Large)
ALIGN:TN
SKILL:Spot		RANK:6
SKILL:Listen	RANK:5
ABILITY:CATEGORY=FEAT|Improved Initiative
ABILITY:CATEGORY=FEAT|Weapon Finesse
ABILITY:CATEGORY=FEAT|Dodge
STAT:DEX=11|WIS=11|CHA=11|STR=10|CON=10|INT=10

STARTPACK:Greater Boneclaw Default	TYPE:DefaultMonster.MagicalBeast	VISIBLE:QUALIFY	EQUIPBUY:0	PREMULT:1,[!PRERACE:1,%],[PRERACE:1,Greater Boneclaw]
RACE:Greater Boneclaw	!PRERACE:1,%
NAME:Greater Boneclaw
ALIGN:TN
SKILL:Hide		RANK:7
SKILL:Spot		RANK:1
SKILL:Survival	RANK:1
ABILITY:CATEGORY=FEAT|Improved Natural Attack (bite)
ABILITY:CATEGORY=FEAT|Multiattack
ABILITY:CATEGORY=FEAT|Power Attack
STAT:STR=11|DEX=10|CON=11|INT=10|WIS=10|CHA=10

STARTPACK:Psionocus Default	TYPE:DefaultMonster.Construct	VISIBLE:QUALIFY	EQUIPBUY:0	PREMULT:1,[!PRERACE:1,%],[PRERACE:1,Psionocus]
RACE:Psionocus	!PRERACE:1,%
NAME:Psionocus
ALIGN:TN
SKILL:Hide		RANK:4
SKILL:Listen	RANK:3
SKILL:Spot		RANK:3
ABILITY:CATEGORY=FEAT|Flyby Attack
ABILITY:CATEGORY=FEAT|Hover
STAT:DEX=11|CHA=11|STR=10|CON=10|INT=10|WIS=10

STARTPACK:Tagster Default	TYPE:DefaultMonster.MagicalBeast	VISIBLE:QUALIFY	EQUIPBUY:0	PREMULT:1,[!PRERACE:1,%],[PRERACE:1,Tagster]
RACE:Tagster	!PRERACE:1,%
NAME:Tagster
ALIGN:TN
SKILL:Climb		RANK:2
SKILL:Jump		RANK:1
SKILL:Listen		RANK:1
SKILL:Spot		RANK:1
ABILITY:CATEGORY=FEAT|Weapon Focus (bite)
STAT:STR=10|DEX=11|CON=10|INT=10|WIS=10|CHA=10

STARTPACK:Tigone Default	TYPE:DefaultMonster.MagicalBeast	VISIBLE:QUALIFY	EQUIPBUY:0	PREMULT:1,[!PRERACE:1,%],[PRERACE:1,Tigone]
RACE:Tigone	!PRERACE:1,%
NAME:Tigone
ALIGN:TN
SKILL:Climb		RANK:1
SKILL:Jump		RANK:2
SKILL:Listen		RANK:2
SKILL:Spot		RANK:2
ABILITY:CATEGORY=FEAT|Weapon Focus (bite)
ABILITY:CATEGORY=FEAT|Multiattack
STAT:STR=11|DEX=11|CON=10|INT=10|WIS=10|CHA=10

STARTPACK:Tembo Default	TYPE:DefaultMonster.MagicalBeast	VISIBLE:QUALIFY	EQUIPBUY:0	PREMULT:1,[!PRERACE:1,%],[PRERACE:1,Tembo]
RACE:Tembo	!PRERACE:1,%
NAME:Tembo
ALIGN:CE
SKILL:Climb		RANK:1
SKILL:Hide		RANK:4
SKILL:Listen		RANK:4
SKILL:Move Silently	RANK:7
SKILL:Spot		RANK:5
ABILITY:CATEGORY=FEAT|Dodge
ABILITY:CATEGORY=FEAT|Multiattack
STAT:STR=10|DEX=10|CON=10|INT=11|WIS=10|CHA=10

STARTPACK:Wall walker Default	TYPE:DefaultMonster.Aberration	VISIBLE:QUALIFY	EQUIPBUY:0	PREMULT:1,[!PRERACE:1,%],[PRERACE:1,Wall walker]
RACE:Wall walker	!PRERACE:1,%
NAME:Wall walker
ALIGN:LE
SKILL:Climb		RANK:1
SKILL:Hide		RANK:2
SKILL:Jump		RANK:4
SKILL:Spot		RANK:2
ABILITY:CATEGORY=FEAT|Improved Natural Attack (bite)
ABILITY:CATEGORY=FEAT|Multiattack
ABILITY:CATEGORY=FEAT|Weapon Finesse
STAT:STR=11|DEX=11|CON=11|INT=10|WIS=11|CHA=11

STARTPACK:Feylaar Default	TYPE:DefaultMonster.Monstrous Humanoid	VISIBLE:QUALIFY	EQUIPBUY:0	PREMULT:1,[!PRERACE:1,%],[PRERACE:1,Feylaar]
RACE:Feylaar	!PRERACE:1,%
NAME:Feylaar
ALIGN:LN
SKILL:Climb		RANK:5
SKILL:Jump		RANK:5
SKILL:Psicraft	RANK:5
SKILL:Search	RANK:5
SKILL:Spot		RANK:5
SKILL:Survival	RANK:5
ABILITY:CATEGORY=FEAT|Ability Focus (Death Field)
ABILITY:CATEGORY=FEAT|Multiattack
ABILITY:CATEGORY=FEAT|Improved Initiative
LANGBONUS:Halfling
STAT:STR=10|DEX=10|CON=10|INT=10|WIS=10|CHA=11

STARTPACK:Shadow Giant Default	TYPE:DefaultMonster.Outsider	VISIBLE:QUALIFY	EQUIPBUY:0	PREMULT:1,[!PRERACE:1,%],[PRERACE:1,Shadow Giant]
RACE:Shadow Giant	!PRERACE:1,%
NAME:Shadow Giant
ALIGN:CN
SKILL:Bluff					RANK:10
SKILL:Hide					RANK:10
SKILL:Intimidate			RANK:10
SKILL:Knowledge (arcana)	RANK:10
SKILL:Knowledge (history)	RANK:10
SKILL:Listen				RANK:10
SKILL:Move Silently			RANK:10
SKILL:Search				RANK:10
SKILL:Sense Motive			RANK:10
SKILL:Spot					RANK:10
ABILITY:CATEGORY=FEAT|Alertness
ABILITY:CATEGORY=FEAT|Combat Reflexes
ABILITY:CATEGORY=FEAT|Improved Initiative
LANGBONUS:Halfling|Common
STAT:STR=10|DEX=11|CON=10|INT=10|WIS=10|CHA=11

#familiars

STARTPACK:Dagorran Familiar	TYPE:Companion	VISIBLE:NO
RACE:Dagorran	!PRERACE:1,%
ALIGN:TN
SKILL:Jump			RANK:0
SKILL:Listen		RANK:3
SKILL:Move Silently	RANK:3
SKILL:Spot			RANK:1
ABILITY:CATEGORY=FEAT|Improved Initiative
ABILITY:CATEGORY=FEAT|Weapon Focus (bite)
STAT:STR=11|DEX=10|CON=11|INT=1|WIS=10|CHA=10

STARTPACK:Elemental Familiar (Rain Small)	TYPE:Companion	VISIBLE:NO
RACE:Elemental (Rain Small)	!PRERACE:1,%
ALIGN:TN
SKILL:Spot		RANK:3
SKILL:Listen	RANK:2
ABILITY:CATEGORY=FEAT|Combat Reflexes
STAT:DEX=11|WIS=11|CHA=11|STR=10|CON=10|INT=10

STARTPACK:Elemental Familiar (Silt Small)	TYPE:Companion	VISIBLE:NO
RACE:Elemental (Silt Small)	!PRERACE:1,%
ALIGN:TN
SKILL:Spot		RANK:3
SKILL:Listen	RANK:2
ABILITY:CATEGORY=FEAT|Power Attack
STAT:DEX=10|WIS=11|CHA=11|STR=10|CON=11|INT=10

STARTPACK:Elemental Familiar (Sun Small)	TYPE:Companion	VISIBLE:NO
RACE:Elemental (Sun Small)	!PRERACE:1,%
ALIGN:TN
SKILL:Spot		RANK:3
SKILL:Listen	RANK:2
ABILITY:CATEGORY=FEAT|Improved Initiative
STAT:DEX=11|WIS=11|CHA=11|STR=10|CON=10|INT=10

STARTPACK:Elemental Familiar (Air Small)	TYPE:Companion	VISIBLE:NO
RACE:Elemental (Air Small)	!PRERACE:1,%
ALIGN:TN
SKILL:Spot		RANK:3
SKILL:Listen	RANK:2
ABILITY:CATEGORY=FEAT|Flyby Attack
STAT:DEX=11|WIS=11|CHA=11|STR=10|CON=10|INT=10

STARTPACK:Elemental Familiar (Earth Small)	TYPE:Companion	VISIBLE:NO
RACE:Elemental (Earth Small)	!PRERACE:1,%
ALIGN:TN
SKILL:Listen	RANK:3
SKILL:Spot		RANK:2
ABILITY:CATEGORY=FEAT|Power Attack
STAT:STR=11|CON=11|WIS=11|CHA=11|DEX=10|INT=10

STARTPACK:Elemental Familiar (Fire Small)	TYPE:Companion	VISIBLE:NO
RACE:Elemental (Fire Small)	!PRERACE:1,%
ALIGN:TN
SKILL:Spot		RANK:3
SKILL:Listen	RANK:2
ABILITY:CATEGORY=FEAT|Dodge
STAT:DEX=11|WIS=11|CHA=11|STR=10|CON=10|INT=10

STARTPACK:Elemental Familiar (Water Small)	TYPE:Companion	VISIBLE:NO
RACE:Elemental (Water Small)	!PRERACE:1,%
ALIGN:TN
SKILL:Spot		RANK:3
SKILL:Listen	RANK:2
ABILITY:CATEGORY=FEAT|Power Attack
STAT:CON=11|WIS=11|CHA=11|STR=10|DEX=10|INT=10

STARTPACK:Greater Boneclaw Familiar	TYPE:Companion	VISIBLE:NO
RACE:Greater Boneclaw	!PRERACE:1,%
ALIGN:TN
SKILL:Hide		RANK:7
SKILL:Spot		RANK:1
SKILL:Survival	RANK:1
ABILITY:CATEGORY=FEAT|Improved Natural Attack (bite)
ABILITY:CATEGORY=FEAT|Multiattack
ABILITY:CATEGORY=FEAT|Power Attack
STAT:STR=11|DEX=10|CON=11|INT=10|WIS=10|CHA=10

STARTPACK:Psionocus Familiar	TYPE:Companion	VISIBLE:NO
RACE:Psionocus	!PRERACE:1,%
ALIGN:TN
SKILL:Hide		RANK:4
SKILL:Listen	RANK:3
SKILL:Spot		RANK:3
ABILITY:CATEGORY=FEAT|Flyby Attack
ABILITY:CATEGORY=FEAT|Hover
STAT:DEX=11|CHA=11|STR=10|CON=10|INT=10|WIS=10

STARTPACK:Tagster Familiar	TYPE:Companion	VISIBLE:NO
RACE:Tagster	!PRERACE:1,%
ALIGN:TN
SKILL:Climb		RANK:2
SKILL:Jump		RANK:1
SKILL:Listen		RANK:1
SKILL:Spot		RANK:1
ABILITY:CATEGORY=FEAT|Weapon Focus (bite)
STAT:STR=10|DEX=11|CON=10|INT=10|WIS=10|CHA=10

STARTPACK:Tembo Familiar	TYPE:Companion	VISIBLE:NO
RACE:Tembo	!PRERACE:1,%
ALIGN:CE
SKILL:Climb		RANK:1
SKILL:Hide		RANK:4
SKILL:Listen		RANK:4
SKILL:Move Silently	RANK:7
SKILL:Spot		RANK:5
ABILITY:CATEGORY=FEAT|Dodge
ABILITY:CATEGORY=FEAT|Multiattack
STAT:STR=10|DEX=10|CON=10|INT=11|WIS=10|CHA=10

STARTPACK:Tigone Familiar	TYPE:Companion	VISIBLE:NO
RACE:Tigone	!PRERACE:1,%
ALIGN:TN
SKILL:Climb		RANK:1
SKILL:Jump		RANK:2
SKILL:Listen		RANK:2
SKILL:Spot		RANK:2
ABILITY:CATEGORY=FEAT|Weapon Focus (bite)
ABILITY:CATEGORY=FEAT|Multiattack
STAT:STR=11|DEX=11|CON=10|INT=10|WIS=10|CHA=10

STARTPACK:Wall walker Familiar	TYPE:Companion	VISIBLE:NO
RACE:Wall walker	!PRERACE:1,%
ALIGN:LE
SKILL:Climb		RANK:1
SKILL:Hide		RANK:2
SKILL:Jump		RANK:4
SKILL:Spot		RANK:2
ABILITY:CATEGORY=FEAT|Improved Natural Attack (bite)
ABILITY:CATEGORY=FEAT|Multiattack
ABILITY:CATEGORY=FEAT|Weapon Finesse
STAT:STR=11|DEX=11|CON=11|INT=10|WIS=11|CHA=11
