
CATEGORY=FEAT|Improved Familiar.MOD							COMPANIONLIST:Familiar|Gray Touched Bat,Gray Touched Cat,Gray Touched Hawk,Gray Touched Lizard,Gray Touched Owl,Gray Touched Rat,Gray Touched Raven,Gray Touched Snake (Viper/Tiny)|PRECLASS:1,SPELLCASTER.Arcane=3|PRETEXT:Ability to channel energy from the Gray
CATEGORY=FEAT|Improved Familiar.MOD							COMPANIONLIST:Familiar|Black Touched Bat,Black Touched Cat,Black Touched Hawk,Black Touched Lizard,Black Touched Owl,Black Touched Rat,Black Touched Raven,Black Touched Snake (Viper/Tiny)|PRECLASS:1,SPELLCASTER.Arcane=3|PRETEXT:Ability to channel energy from the Black
CATEGORY=FEAT|Improved Familiar.MOD							COMPANIONLIST:Familiar|Gray Touched Sygra|PRECLASS:1,SPELLCASTER.Arcane=3|PRETEXT:Ability to channel energy from the Gray
CATEGORY=FEAT|Improved Familiar.MOD							COMPANIONLIST:Familiar|Lesser Boneclaw|PREALIGN:1,NG,NE,TN,CN,LN|PRECLASS:1,SPELLCASTER.Arcane=3
CATEGORY=FEAT|Improved Familiar.MOD							COMPANIONLIST:Familiar|Pterrax|PRECLASS:1,SPELLCASTER.Arcane=3|PREMULT:1,[PRERACE:1,RACESUBTYPE=Reptilian],[PRETEMPLATE:1,Psionic]
CATEGORY=FEAT|Improved Familiar.MOD							COMPANIONLIST:Familiar|Air Incarnation Bat,Air Incarnation Cat,Air Incarnation Hawk,Air Incarnation Lizard,Air Incarnation Owl,Air Incarnation Rat,Air Incarnation Raven,Air Incarnation Snake (Viper/Tiny)|PRECLASS:1,SPELLCASTER.Arcane=5|PRETEXT:Character must have the Air subtype or patron element or be a preserver.
CATEGORY=FEAT|Improved Familiar.MOD							COMPANIONLIST:Familiar|Fire Incarnation Bat,Fire Incarnation Cat,Fire Incarnation Hawk,Fire Incarnation Lizard,Fire Incarnation Owl,Fire Incarnation Rat,Fire Incarnation Raven,Fire Incarnation Snake (Viper/Tiny)|PRECLASS:1,SPELLCASTER.Arcane=5|PRETEXT:Character must have the Fire subtype or patron element or be a preserver.
CATEGORY=FEAT|Improved Familiar.MOD							COMPANIONLIST:Familiar|Earth Incarnation Bat,Earth Incarnation Cat,Earth Incarnation Hawk,Earth Incarnation Lizard,Earth Incarnation Owl,Earth Incarnation Rat,Earth Incarnation Raven,Earth Incarnation Snake (Viper/Tiny)|PRECLASS:1,SPELLCASTER.Arcane=5|PRETEXT:Character must have the Earth subtype or patron element or be a preserver.
CATEGORY=FEAT|Improved Familiar.MOD							COMPANIONLIST:Familiar|Water Incarnation Bat,Water Incarnation Cat,Water Incarnation Hawk,Water Incarnation Lizard,Water Incarnation Owl,Water Incarnation Rat,Water Incarnation Raven,Water Incarnation Snake (Viper/Tiny)|PRECLASS:1,SPELLCASTER.Arcane=5|PRETEXT:Character must have the Water subtype or patron element or be a preserver.
CATEGORY=FEAT|Improved Familiar.MOD							COMPANIONLIST:Familiar|Magma Incarnation Bat,Magma Incarnation Cat,Magma Incarnation Hawk,Magma Incarnation Lizard,Magma Incarnation Owl,Magma Incarnation Rat,Magma Incarnation Raven,Magma Incarnation Snake (Viper/Tiny)|PRECLASS:1,SPELLCASTER.Arcane=5|PRETEXT:Character must have the Magma subtype or patron element or be a defiler.
CATEGORY=FEAT|Improved Familiar.MOD							COMPANIONLIST:Familiar|Silt Incarnation Bat,Silt Incarnation Cat,Silt Incarnation Hawk,Silt Incarnation Lizard,Silt Incarnation Owl,Silt Incarnation Rat,Silt Incarnation Raven,Silt Incarnation Snake (Viper/Tiny)|PRECLASS:1,SPELLCASTER.Arcane=5|PRETEXT:Character must have the Silt subtype or patron element or be a defiler.
CATEGORY=FEAT|Improved Familiar.MOD							COMPANIONLIST:Familiar|Rain Incarnation Bat,Rain Incarnation Cat,Rain Incarnation Hawk,Rain Incarnation Lizard,Rain Incarnation Owl,Rain Incarnation Rat,Rain Incarnation Raven,Rain Incarnation Snake (Viper/Tiny)|PRECLASS:1,SPELLCASTER.Arcane=5|PRETEXT:Character must have the Rain subtype or patron element or be a defiler.
CATEGORY=FEAT|Improved Familiar.MOD							COMPANIONLIST:Familiar|Sun Incarnation Bat,Sun Incarnation Cat,Sun Incarnation Hawk,Sun Incarnation Lizard,Sun Incarnation Owl,Sun Incarnation Rat,Sun Incarnation Raven,Sun Incarnation Snake (Viper/Tiny)|PRECLASS:1,SPELLCASTER.Arcane=5|PRETEXT:Character must have the Sun subtype or patron element or be a defiler.
CATEGORY=FEAT|Improved Familiar.MOD							COMPANIONLIST:Familiar|Tagster|PRECLASS:1,SPELLCASTER.Arcane=5|PRETEXT:Preserver
CATEGORY=FEAT|Improved Familiar.MOD							COMPANIONLIST:Familiar|Dagorran|PREALIGN:1,NG,NE,TN,CN,LN|PRECLASS:1,SPELLCASTER.Arcane=5
CATEGORY=FEAT|Improved Familiar.MOD							COMPANIONLIST:Familiar|Elemental (Air Small)|PRECLASS:1,SPELLCASTER.Arcane=5|PRETEXT:Character must have the Air subtype or patron element or be a preserver.
CATEGORY=FEAT|Improved Familiar.MOD							COMPANIONLIST:Familiar|Elemental (Earth Small)|PRECLASS:1,SPELLCASTER.Arcane=5|PRETEXT:Character must have the Earth subtype or patron element or be a preserver.
CATEGORY=FEAT|Improved Familiar.MOD							COMPANIONLIST:Familiar|Elemental (Fire Small)|PRECLASS:1,SPELLCASTER.Arcane=5|PRETEXT:Character must have the Fire subtype or patron element or be a preserver.
CATEGORY=FEAT|Improved Familiar.MOD							COMPANIONLIST:Familiar|Elemental (Water Small)|PRECLASS:1,SPELLCASTER.Arcane=5|PRETEXT:Character must have the Water subtype or patron element or be a preserver.
CATEGORY=FEAT|Improved Familiar.MOD							COMPANIONLIST:Familiar|Elemental (Silt Small)|PRECLASS:1,SPELLCASTER.Arcane=5|PRETEXT:Character must have the Silt subtype or patron element or be a defiler.
CATEGORY=FEAT|Improved Familiar.MOD							COMPANIONLIST:Familiar|Elemental (Sun Small)|PRECLASS:1,SPELLCASTER.Arcane=5|PRETEXT:Character must have the Sun subtype or patron element or be a defiler.
CATEGORY=FEAT|Improved Familiar.MOD							COMPANIONLIST:Familiar|Elemental (Magma Small)|PRECLASS:1,SPELLCASTER.Arcane=5|PRETEXT:Character must have the Magma subtype or patron element or be a defiler.
CATEGORY=FEAT|Improved Familiar.MOD							COMPANIONLIST:Familiar|Elemental (Rain Small)|PRECLASS:1,SPELLCASTER.Arcane=5|PRETEXT:Character must have the Rain subtype or patron element or be a defiler.
CATEGORY=FEAT|Improved Familiar.MOD							COMPANIONLIST:Familiar|Greater Boneclaw|PREALIGN:NG,NE,TN,CN,LN|PRECLASS:1,SPELLCASTER.Arcane=7|PRETEMPLATE:1,Psionic
CATEGORY=FEAT|Improved Familiar.MOD							COMPANIONLIST:Familiar|Tigone|PRECLASS:1,SPELLCASTER.Arcane=7|PREMULT:1,[PREALIGN:1,NG,NE,TN,CN,LN],[PRETEXT:Preserver]
CATEGORY=FEAT|Improved Familiar.MOD							COMPANIONLIST:Familiar|Tembo|PRECLASS:1,SPELLCASTER.Arcane=7|PREMULT:1,[PRETEXT:Defiler],[PRETEMPLATE:1,Psionic]
CATEGORY=FEAT|Improved Familiar.MOD							COMPANIONLIST:Familiar|Wall walker|PRECLASS:1,SPELLCASTER.Arcane=7|PREMULT:1,[PRETEXT:Defiler],[PREALIGN:NG,NE,TN]
CATEGORY=FEAT|Improved Familiar.MOD							COMPANIONLIST:Familiar|Psionocus|PRECLASS:1,SPELLCASTER.Arcane=7|PRETEMPLATE:1,Psionic
