

Sygra.COPY=Gray Touched Sygra			OUTPUTNAME:[NAME]	TEMPLATE:Gray Touched
Sygra.COPY=Black Touched Sygra			OUTPUTNAME:[NAME]	TEMPLATE:Black Touched
Sygra.COPY=Air Incarnation Sygra			OUTPUTNAME:[NAME]	TEMPLATE:Air Incarnation
Sygra.COPY=Fire Incarnation Sygra			OUTPUTNAME:[NAME]	TEMPLATE:Fire Incarnation
Sygra.COPY=Earth Incarnation Sygra			OUTPUTNAME:[NAME]	TEMPLATE:Earth Incarnation
Sygra.COPY=Water Incarnation Sygra			OUTPUTNAME:[NAME]	TEMPLATE:Water Incarnation
Sygra.COPY=Sun Incarnation Sygra			OUTPUTNAME:[NAME]	TEMPLATE:Sun Incarnation
Sygra.COPY=Silt Incarnation Sygra			OUTPUTNAME:[NAME]	TEMPLATE:Silt Incarnation
Sygra.COPY=Magma Incarnation Sygra			OUTPUTNAME:[NAME]	TEMPLATE:Magma Incarnation
Sygra.COPY=Rain Incarnation Sygra			OUTPUTNAME:[NAME]	TEMPLATE:Rain Incarnation

Bat.COPY=Gray Touched Bat			OUTPUTNAME:[NAME]	TEMPLATE:Gray Touched
Cat.COPY=Gray Touched Cat			OUTPUTNAME:[NAME]	TEMPLATE:Gray Touched
Hawk.COPY=Gray Touched Hawk			OUTPUTNAME:[NAME]	TEMPLATE:Gray Touched
Lizard.COPY=Gray Touched Lizard			OUTPUTNAME:[NAME]	TEMPLATE:Gray Touched
Owl.COPY=Gray Touched Owl			OUTPUTNAME:[NAME]	TEMPLATE:Gray Touched
Rat.COPY=Gray Touched Rat			OUTPUTNAME:[NAME]	TEMPLATE:Gray Touched
Raven.COPY=Gray Touched Raven			OUTPUTNAME:[NAME]	TEMPLATE:Gray Touched
Snake (Viper/Tiny).COPY=Gray Touched Snake (Viper/Tiny)			OUTPUTNAME:[NAME]	TEMPLATE:Gray Touched

Bat.COPY=Black Touched Bat			OUTPUTNAME:[NAME]	TEMPLATE:Black Touched
Cat.COPY=Black Touched Cat			OUTPUTNAME:[NAME]	TEMPLATE:Black Touched
Hawk.COPY=Black Touched Hawk			OUTPUTNAME:[NAME]	TEMPLATE:Black Touched
Lizard.COPY=Black Touched Lizard			OUTPUTNAME:[NAME]	TEMPLATE:Black Touched
Owl.COPY=Black Touched Owl			OUTPUTNAME:[NAME]	TEMPLATE:Black Touched
Rat.COPY=Black Touched Rat			OUTPUTNAME:[NAME]	TEMPLATE:Black Touched
Raven.COPY=Black Touched Raven			OUTPUTNAME:[NAME]	TEMPLATE:Black Touched
Snake (Viper/Tiny).COPY=Black Touched Snake (Viper/Tiny)			OUTPUTNAME:[NAME]	TEMPLATE:Black Touched

Bat.COPY=Air Incarnation Bat			OUTPUTNAME:[NAME]	TEMPLATE:Air Incarnation
Cat.COPY=Air Incarnation Cat			OUTPUTNAME:[NAME]	TEMPLATE:Air Incarnation
Hawk.COPY=Air Incarnation Hawk			OUTPUTNAME:[NAME]	TEMPLATE:Air Incarnation
Lizard.COPY=Air Incarnation Lizard			OUTPUTNAME:[NAME]	TEMPLATE:Air Incarnation
Owl.COPY=Air Incarnation Owl			OUTPUTNAME:[NAME]	TEMPLATE:Air Incarnation
Rat.COPY=Air Incarnation Rat			OUTPUTNAME:[NAME]	TEMPLATE:Air Incarnation
Raven.COPY=Air Incarnation Raven			OUTPUTNAME:[NAME]	TEMPLATE:Air Incarnation
Snake (Viper/Tiny).COPY=Air Incarnation Snake (Viper/Tiny)			OUTPUTNAME:[NAME]	TEMPLATE:Air Incarnation

Bat.COPY=Fire Incarnation Bat			OUTPUTNAME:[NAME]	TEMPLATE:Fire Incarnation
Cat.COPY=Fire Incarnation Cat			OUTPUTNAME:[NAME]	TEMPLATE:Fire Incarnation
Hawk.COPY=Fire Incarnation Hawk			OUTPUTNAME:[NAME]	TEMPLATE:Fire Incarnation
Lizard.COPY=Fire Incarnation Lizard			OUTPUTNAME:[NAME]	TEMPLATE:Fire Incarnation
Owl.COPY=Fire Incarnation Owl			OUTPUTNAME:[NAME]	TEMPLATE:Fire Incarnation
Rat.COPY=Fire Incarnation Rat			OUTPUTNAME:[NAME]	TEMPLATE:Fire Incarnation
Raven.COPY=Fire Incarnation Raven			OUTPUTNAME:[NAME]	TEMPLATE:Fire Incarnation
Snake (Viper/Tiny).COPY=Fire Incarnation Snake (Viper/Tiny)			OUTPUTNAME:[NAME]	TEMPLATE:Fire Incarnation
		
Bat.COPY=Earth Incarnation Bat			OUTPUTNAME:[NAME]	TEMPLATE:Earth Incarnation
Cat.COPY=Earth Incarnation Cat			OUTPUTNAME:[NAME]	TEMPLATE:Earth Incarnation
Hawk.COPY=Earth Incarnation Hawk			OUTPUTNAME:[NAME]	TEMPLATE:Earth Incarnation
Lizard.COPY=Earth Incarnation Lizard			OUTPUTNAME:[NAME]	TEMPLATE:Earth Incarnation
Owl.COPY=Earth Incarnation Owl			OUTPUTNAME:[NAME]	TEMPLATE:Earth Incarnation
Rat.COPY=Earth Incarnation Rat			OUTPUTNAME:[NAME]	TEMPLATE:Earth Incarnation
Raven.COPY=Earth Incarnation Raven			OUTPUTNAME:[NAME]	TEMPLATE:Earth Incarnation
Snake (Viper/Tiny).COPY=Earth Incarnation Snake (Viper/Tiny)			OUTPUTNAME:[NAME]	TEMPLATE:Earth Incarnation
		
Bat.COPY=Water Incarnation Bat			OUTPUTNAME:[NAME]	TEMPLATE:Water Incarnation
Cat.COPY=Water Incarnation Cat			OUTPUTNAME:[NAME]	TEMPLATE:Water Incarnation
Hawk.COPY=Water Incarnation Hawk			OUTPUTNAME:[NAME]	TEMPLATE:Water Incarnation
Lizard.COPY=Water Incarnation Lizard			OUTPUTNAME:[NAME]	TEMPLATE:Water Incarnation
Owl.COPY=Water Incarnation Owl			OUTPUTNAME:[NAME]	TEMPLATE:Water Incarnation
Rat.COPY=Water Incarnation Rat			OUTPUTNAME:[NAME]	TEMPLATE:Water Incarnation
Raven.COPY=Water Incarnation Raven			OUTPUTNAME:[NAME]	TEMPLATE:Water Incarnation
Snake (Viper/Tiny).COPY=Water Incarnation Snake (Viper/Tiny)			OUTPUTNAME:[NAME]	TEMPLATE:Water Incarnation

Bat.COPY=Sun Incarnation Bat			OUTPUTNAME:[NAME]	TEMPLATE:Sun Incarnation
Cat.COPY=Sun Incarnation Cat			OUTPUTNAME:[NAME]	TEMPLATE:Sun Incarnation
Hawk.COPY=Sun Incarnation Hawk			OUTPUTNAME:[NAME]	TEMPLATE:Sun Incarnation
Lizard.COPY=Sun Incarnation Lizard			OUTPUTNAME:[NAME]	TEMPLATE:Sun Incarnation
Owl.COPY=Sun Incarnation Owl			OUTPUTNAME:[NAME]	TEMPLATE:Sun Incarnation
Rat.COPY=Sun Incarnation Rat			OUTPUTNAME:[NAME]	TEMPLATE:Sun Incarnation
Raven.COPY=Sun Incarnation Raven			OUTPUTNAME:[NAME]	TEMPLATE:Sun Incarnation
Snake (Viper/Tiny).COPY=Sun Incarnation Snake (Viper/Tiny)			OUTPUTNAME:[NAME]	TEMPLATE:Sun Incarnation

Bat.COPY=Silt Incarnation Bat			OUTPUTNAME:[NAME]	TEMPLATE:Silt Incarnation
Cat.COPY=Silt Incarnation Cat			OUTPUTNAME:[NAME]	TEMPLATE:Silt Incarnation
Hawk.COPY=Silt Incarnation Hawk			OUTPUTNAME:[NAME]	TEMPLATE:Silt Incarnation
Lizard.COPY=Silt Incarnation Lizard			OUTPUTNAME:[NAME]	TEMPLATE:Silt Incarnation
Owl.COPY=Silt Incarnation Owl			OUTPUTNAME:[NAME]	TEMPLATE:Silt Incarnation
Rat.COPY=Silt Incarnation Rat			OUTPUTNAME:[NAME]	TEMPLATE:Silt Incarnation
Raven.COPY=Silt Incarnation Raven			OUTPUTNAME:[NAME]	TEMPLATE:Silt Incarnation
Snake (Viper/Tiny).COPY=Silt Incarnation Snake (Viper/Tiny)			OUTPUTNAME:[NAME]	TEMPLATE:Silt Incarnation

Bat.COPY=Magma Incarnation Bat			OUTPUTNAME:[NAME]	TEMPLATE:Magma Incarnation
Cat.COPY=Magma Incarnation Cat			OUTPUTNAME:[NAME]	TEMPLATE:Magma Incarnation
Hawk.COPY=Magma Incarnation Hawk			OUTPUTNAME:[NAME]	TEMPLATE:Magma Incarnation
Lizard.COPY=Magma Incarnation Lizard			OUTPUTNAME:[NAME]	TEMPLATE:Magma Incarnation
Owl.COPY=Magma Incarnation Owl			OUTPUTNAME:[NAME]	TEMPLATE:Magma Incarnation
Rat.COPY=Magma Incarnation Rat			OUTPUTNAME:[NAME]	TEMPLATE:Magma Incarnation
Raven.COPY=Magma Incarnation Raven			OUTPUTNAME:[NAME]	TEMPLATE:Magma Incarnation
Snake (Viper/Tiny).COPY=Magma Incarnation Snake (Viper/Tiny)			OUTPUTNAME:[NAME]	TEMPLATE:Magma Incarnation

Bat.COPY=Rain Incarnation Bat			OUTPUTNAME:[NAME]	TEMPLATE:Rain Incarnation
Cat.COPY=Rain Incarnation Cat			OUTPUTNAME:[NAME]	TEMPLATE:Rain Incarnation
Hawk.COPY=Rain Incarnation Hawk			OUTPUTNAME:[NAME]	TEMPLATE:Rain Incarnation
Lizard.COPY=Rain Incarnation Lizard			OUTPUTNAME:[NAME]	TEMPLATE:Rain Incarnation
Owl.COPY=Rain Incarnation Owl			OUTPUTNAME:[NAME]	TEMPLATE:Rain Incarnation
Rat.COPY=Rain Incarnation Rat			OUTPUTNAME:[NAME]	TEMPLATE:Rain Incarnation
Raven.COPY=Rain Incarnation Raven			OUTPUTNAME:[NAME]	TEMPLATE:Rain Incarnation
Snake (Viper/Tiny).COPY=Rain Incarnation Snake (Viper/Tiny)			OUTPUTNAME:[NAME]	TEMPLATE:Rain Incarnation
