

CLASS:Anointed Knight	HD:10		TYPE:Prestige	MAXLEVEL:10	SOURCEPAGE:p.49	BONUS:CHECKS|BASE.Fortitude|(CL/2)+2	BONUS:CHECKS|BASE.Reflex,BASE.Will|CL/3	BONUS:COMBAT|BAB|CL|TYPE=Base.REPLACE
CLASS:Anointed Knight	PREALIGN:LG,NG,CG
CLASS:Anointed Knight	STARTSKILLPTS:2	CSKILL:Climb|Concentration|Craft (Alchemy)|Heal|Jump|Knowledge (Arcana)|Knowledge (Religion)|Knowledge (The Planes)|Ride|Spellcraft
###Block:
1	ABILITY:Anointed Knight Class Ability|AUTOMATIC|Anoint Self ~ Anointed Knight		DEFINE:AnointedKnightAnointSelfCount|(CL+2)/3
2	ABILITY:Anointed Knight Class Ability|AUTOMATIC|Anoint Ancestral Weapon ~ Anointed Knight	DEFINE:AnointedKnightAnointAncestralWeaponCount|(CL+1)/3
3	ABILITY:Anointed Knight Class Ability|AUTOMATIC|Bonus Feat ~ Anointed Knight			DEFINE:AnointedKnightBonusFeatCount|CL/3

CLASS:Apostle of Peace	HD:4		TYPE:Prestige	MAXLEVEL:10	SOURCEPAGE:p.51	BONUS:CHECKS|BASE.Fortitude,BASE.Reflex,BASE.Will|(CL/2)+2		BONUS:COMBAT|BAB|CL*1/2|TYPE=Base.REPLACE
CLASS:Apostle of Peace	PREALIGN:LG,NG,CG	PRECHECK:1,Will=5	PRESKILL:2,Concentration=10,Diplomacy=6	PREFEAT:4,Sacred Vow,Vow of Nonviolence,Vow of Peace,Vow of Poverty
CLASS:Apostle of Peace	STARTSKILLPTS:4	CSKILL:Bluff|Concentration|TYPE=Craft|Diplomacy|Escape Artist|Gather Information|Handle Animal|Heal|TYPE=Knowledge|Listen|TYPE=Perform|TYPE=Profession|Search|Sense Motive|Speak Language|Spellcraft|Spot
###Block:
1	ABILITY:Apostle of Peace Class Ability|AUTOMATIC|Turn Undead ~ Apostle of Peace
2	ABILITY:Apostle of Peace Class Ability|AUTOMATIC|Pacifying Touch ~ Apostle of Peace
4	ABILITY:Apostle of Peace Class Ability|AUTOMATIC|Censure Fiends ~ Apostle of Peace
###Block:
1	CAST:4,2
2	CAST:5,3,0
3	CAST:5,3,1,0
4	CAST:6,3,2,1,0
5	CAST:6,3,3,2,1,0
6	CAST:6,3,3,3,2,1,0
7	CAST:6,4,3,3,3,2,1,0
8	CAST:6,4,4,3,3,3,2,1,0
9	CAST:6,5,4,4,4,4,3,2,1,0
10	CAST:6,5,5,4,4,4,4,3,2,1

CLASS:Beloved of Valarian	HD:10		TYPE:Prestige	MAXLEVEL:10	SOURCEPAGE:p.53	BONUS:CHECKS|BASE.Fortitude|(CL/2)+2	BONUS:CHECKS|BASE.Reflex,BASE.Will|CL/3	BONUS:COMBAT|BAB|CL|TYPE=Base.REPLACE
CLASS:Beloved of Valarian	PREGENDER:Female	PREALIGN:LG,NG,CG	PREATT:7	PRESKILL:2,Knowledge (nature)=5,Ride=10	PREFEAT:3,Mounted Combat,Sacred Vow,Vow of Chastity	PRETEXT:Special: Before she can become a beloved of Valarian, the character must meditate at a druid's grove and fast until she saves the life of an animal in danger. Should she fail to survive or aid an animal, she does not meet her unicorn companion and cannot advance in this class.
CLASS:Beloved of Valarian	STARTSKILLPTS:2	CSKILL:Concentration|Diplomacy|Handle Animal|Heal|Knowledge (Nature)|Ride|Sense Motive|Survival
###Block:
1	ABILITY:Beloved of Valarian Class Ability|AUTOMATIC|Call Unicorn ~ Beloved of Valarian|Telepathic Bond ~ Beloved of Valarian|Timelessness ~ Beloved of Valarian
2	ABILITY:Beloved of Valarian Class Ability|AUTOMATIC|Ethereal Jaunt ~ Beloved of Valarian
3	ABILITY:Beloved of Valarian Class Ability|AUTOMATIC|Forest Dweller ~ Beloved of Valarian
4	ABILITY:Beloved of Valarian Class Ability|AUTOMATIC|Uncanny Dodge ~ Beloved of Valarian
6	ABILITY:Beloved of Valarian Class Ability|AUTOMATIC|Call Celestial Charger ~ Beloved of Valarian
7	ABILITY:Beloved of Valarian Class Ability|AUTOMATIC|Nature's Understanding ~ Beloved of Valarian
8	ABILITY:Beloved of Valarian Class Ability|AUTOMATIC|Holy Smite ~ Beloved of Valarian
9	ABILITY:Beloved of Valarian Class Ability|AUTOMATIC|Wood Repulsion ~ Beloved of Valarian
10	ABILITY:Beloved of Valarian Class Ability|AUTOMATIC|Mass Baleful Polymorph ~ Beloved of Valarian
###Block:
1	CAST:0,0
2	CAST:0,1
3	CAST:0,1,0
4	CAST:0,1,1
5	CAST:0,1,1,0
6	CAST:0,1,1,1
7	CAST:0,2,1,1,0
8	CAST:0,2,1,1,1
9	CAST:0,2,2,1,1
10	CAST:0,2,2,2,1

CLASS:Celestial Mystic	HD:		TYPE:Prestige	MAXLEVEL:10	SOURCEPAGE:p.55	
#BONUS:CHECKS|BASE.Reflex,BASE.Will|(CL/2)+2	BONUS:CHECKS|BASE.Fortitude|CL/3	BONUS:COMBAT|BAB|CL*3/4|TYPE=Base.REPLACE
CLASS:Celestial Mystic	
CLASS:Celestial Mystic	STARTSKILLPTS:	CSKILL:
###Block:
1	ABILITY:Celestial Mystic Class Ability|AUTOMATIC|

CLASS:Champion of Gwynharwyf	HD:		TYPE:Prestige	MAXLEVEL:10	SOURCEPAGE:p.56	BONUS:CHECKS|BASE.Reflex,BASE.Will|(CL/2)+2	BONUS:CHECKS|BASE.Fortitude|CL/3	BONUS:COMBAT|BAB|CL*3/4|TYPE=Base.REPLACE
CLASS:Champion of Gwynharwyf	
CLASS:Champion of Gwynharwyf	STARTSKILLPTS:	CSKILL:
###Block:
1	ABILITY:xxx Class Ability|AUTOMATIC|

CLASS:Defender of Sealtiel	HD:12		TYPE:Prestige	MAXLEVEL:	SOURCEPAGE:p.58	BONUS:CHECKS|BASE.Reflex,BASE.Will|(CL/2)+2	BONUS:CHECKS|BASE.Fortitude|CL/3	BONUS:COMBAT|BAB|CL*3/4|TYPE=Base.REPLACE
CLASS:Defender of Sealtiel	
CLASS:Defender of Sealtiel	STARTSKILLPTS:	CSKILL:
###Block:
1	ABILITY:Defender of Sealtiel Class Ability|AUTOMATIC|

CLASS:Emissary of Barachiel	HD:		TYPE:Prestige	MAXLEVEL:10	SOURCEPAGE:p.59	BONUS:CHECKS|BASE.Reflex,BASE.Will|(CL/2)+2	BONUS:CHECKS|BASE.Fortitude|CL/3	BONUS:COMBAT|BAB|CL*3/4|TYPE=Base.REPLACE
CLASS:Emissary of Barachiel	
CLASS:Emissary of Barachiel	STARTSKILLPTS:	CSKILL:
###Block:
1	ABILITY:Emissary of Barachiel Class Ability|AUTOMATIC|

CLASS:Exalted Arcanist	HD:		TYPE:Prestige	MAXLEVEL:5	SOURCEPAGE:p.61	BONUS:CHECKS|BASE.Reflex,BASE.Will|(CL/2)+2	BONUS:CHECKS|BASE.Fortitude|CL/3	BONUS:COMBAT|BAB|CL*3/4|TYPE=Base.REPLACE
CLASS:Exalted Arcanist	
CLASS:Exalted Arcanist	STARTSKILLPTS:	CSKILL:
###Block:
1	ABILITY:Exalted Arcanist Class Ability|AUTOMATIC|

CLASS:Fist of Raziel	HD:		TYPE:Prestige	MAXLEVEL:10	SOURCEPAGE:p.62	BONUS:CHECKS|BASE.Reflex,BASE.Will|(CL/2)+2	BONUS:CHECKS|BASE.Fortitude|CL/3	BONUS:COMBAT|BAB|CL*3/4|TYPE=Base.REPLACE
CLASS:Fist of Raziel	
CLASS:Fist of Raziel	STARTSKILLPTS:	CSKILL:
###Block:
1	ABILITY:Fist of Raziel Class Ability|AUTOMATIC|

CLASS:Initiate of Pistis Sophia	HD:		TYPE:Prestige	MAXLEVEL:10	SOURCEPAGE:p.64	BONUS:CHECKS|BASE.Reflex,BASE.Will|(CL/2)+2	BONUS:CHECKS|BASE.Fortitude|CL/3	BONUS:COMBAT|BAB|CL*3/4|TYPE=Base.REPLACE
CLASS:Initiate of Pistis Sophia	
CLASS:Initiate of Pistis Sophia	STARTSKILLPTS:	CSKILL:
###Block:
1	ABILITY:Initiate of Pistis Sophia Class Ability|AUTOMATIC|

CLASS:Lion of Talisid	HD:		TYPE:Prestige	MAXLEVEL:10	SOURCEPAGE:p.65	BONUS:CHECKS|BASE.Reflex,BASE.Will|(CL/2)+2	BONUS:CHECKS|BASE.Fortitude|CL/3	BONUS:COMBAT|BAB|CL*3/4|TYPE=Base.REPLACE
CLASS:Lion of Talisid	
CLASS:Lion of Talisid	STARTSKILLPTS:	CSKILL:
###Block:
1	ABILITY:Lion of Talisid Class Ability|AUTOMATIC|

CLASS:xxx	HD:		TYPE:Prestige	MAXLEVEL:	SOURCEPAGE:p.	BONUS:CHECKS|BASE.Reflex,BASE.Will|(CL/2)+2	BONUS:CHECKS|BASE.Fortitude|CL/3	BONUS:COMBAT|BAB|CL*3/4|TYPE=Base.REPLACE
CLASS:xxx	
CLASS:xxx	STARTSKILLPTS:	CSKILL:
###Block:
1	ABILITY:xxx Class Ability|AUTOMATIC|

CLASS:xxx	HD:		TYPE:Prestige	MAXLEVEL:	SOURCEPAGE:p.	BONUS:CHECKS|BASE.Reflex,BASE.Will|(CL/2)+2	BONUS:CHECKS|BASE.Fortitude|CL/3	BONUS:COMBAT|BAB|CL*3/4|TYPE=Base.REPLACE
CLASS:xxx	
CLASS:xxx	STARTSKILLPTS:	CSKILL:
###Block:
1	ABILITY:xxx Class Ability|AUTOMATIC|

CLASS:xxx	HD:		TYPE:Prestige	MAXLEVEL:	SOURCEPAGE:p.	BONUS:CHECKS|BASE.Reflex,BASE.Will|(CL/2)+2	BONUS:CHECKS|BASE.Fortitude|CL/3	BONUS:COMBAT|BAB|CL*3/4|TYPE=Base.REPLACE
CLASS:xxx	
CLASS:xxx	STARTSKILLPTS:	CSKILL:
###Block:
1	ABILITY:xxx Class Ability|AUTOMATIC|

CLASS:xxx	HD:		TYPE:Prestige	MAXLEVEL:	SOURCEPAGE:p.	BONUS:CHECKS|BASE.Reflex,BASE.Will|(CL/2)+2	BONUS:CHECKS|BASE.Fortitude|CL/3	BONUS:COMBAT|BAB|CL*3/4|TYPE=Base.REPLACE
CLASS:xxx	
CLASS:xxx	STARTSKILLPTS:	CSKILL:
###Block:
1	ABILITY:xxx Class Ability|AUTOMATIC|

CLASS:xxx	HD:		TYPE:Prestige	MAXLEVEL:	SOURCEPAGE:p.	BONUS:CHECKS|BASE.Reflex,BASE.Will|(CL/2)+2	BONUS:CHECKS|BASE.Fortitude|CL/3	BONUS:COMBAT|BAB|CL*3/4|TYPE=Base.REPLACE
CLASS:xxx	
CLASS:xxx	STARTSKILLPTS:	CSKILL:
###Block:
1	ABILITY:xxx Class Ability|AUTOMATIC|

CLASS:xxx	HD:		TYPE:Prestige	MAXLEVEL:	SOURCEPAGE:p.	BONUS:CHECKS|BASE.Reflex,BASE.Will|(CL/2)+2	BONUS:CHECKS|BASE.Fortitude|CL/3	BONUS:COMBAT|BAB|CL*3/4|TYPE=Base.REPLACE
CLASS:xxx	
CLASS:xxx	STARTSKILLPTS:	CSKILL:
###Block:
1	ABILITY:xxx Class Ability|AUTOMATIC|

CLASS:xxx	HD:		TYPE:Prestige	MAXLEVEL:	SOURCEPAGE:p.	BONUS:CHECKS|BASE.Reflex,BASE.Will|(CL/2)+2	BONUS:CHECKS|BASE.Fortitude|CL/3	BONUS:COMBAT|BAB|CL*3/4|TYPE=Base.REPLACE
CLASS:xxx	
CLASS:xxx	STARTSKILLPTS:	CSKILL:
###Block:
1	ABILITY:xxx Class Ability|AUTOMATIC|

CLASS:xxx	HD:		TYPE:Prestige	MAXLEVEL:	SOURCEPAGE:p.	BONUS:CHECKS|BASE.Reflex,BASE.Will|(CL/2)+2	BONUS:CHECKS|BASE.Fortitude|CL/3	BONUS:COMBAT|BAB|CL*3/4|TYPE=Base.REPLACE
CLASS:xxx	
CLASS:xxx	STARTSKILLPTS:	CSKILL:
###Block:
1	ABILITY:xxx Class Ability|AUTOMATIC|

CLASS:xxx	HD:		TYPE:Prestige	MAXLEVEL:	SOURCEPAGE:p.	BONUS:CHECKS|BASE.Reflex,BASE.Will|(CL/2)+2	BONUS:CHECKS|BASE.Fortitude|CL/3	BONUS:COMBAT|BAB|CL*3/4|TYPE=Base.REPLACE
CLASS:xxx	
CLASS:xxx	STARTSKILLPTS:	CSKILL:
###Block:
1	ABILITY:xxx Class Ability|AUTOMATIC|

CLASS:xxx	HD:		TYPE:Prestige	MAXLEVEL:	SOURCEPAGE:p.	BONUS:CHECKS|BASE.Reflex,BASE.Will|(CL/2)+2	BONUS:CHECKS|BASE.Fortitude|CL/3	BONUS:COMBAT|BAB|CL*3/4|TYPE=Base.REPLACE
CLASS:xxx	
CLASS:xxx	STARTSKILLPTS:	CSKILL:
###Block:
1	ABILITY:xxx Class Ability|AUTOMATIC|

CLASS:xxx	HD:		TYPE:Prestige	MAXLEVEL:	SOURCEPAGE:p.	BONUS:CHECKS|BASE.Reflex,BASE.Will|(CL/2)+2	BONUS:CHECKS|BASE.Fortitude|CL/3	BONUS:COMBAT|BAB|CL*3/4|TYPE=Base.REPLACE
CLASS:xxx	
CLASS:xxx	STARTSKILLPTS:	CSKILL:
###Block:
1	ABILITY:xxx Class Ability|AUTOMATIC|

