
Ancient Brandobian	TYPE:Spoken
Ancient Brandobian (Written)	TYPE:Written



Brandobian	TYPE:Spoken
Brandobian (Written)	TYPE:Written

Dejy (Dialect A)				TYPE:Spoken
Dejy (Tribe A)				TYPE:Spoken

Fhokki		TYPE:Spoken
Fhokki (Written)		TYPE:Written


Ancient Kalamaran		TYPE:Spoken
Ancient Kalamaran (Written)		TYPE:Written

Kalamaran		TYPE:Spoken
Kalamaran (Written)		TYPE:Written

Rennaarese		TYPE:Spoken
Rennaarese (Written)		TYPE:Written

Svimohzish		TYPE:Spoken
Svimohzish (Written)		TYPE:Written

Dwarven		TYPE:Spoken
Dwarven (Written)		TYPE:Written

Elven		TYPE:Spoken
Elven (Written)		TYPE:Written

Gnomish		TYPE:Spoken
Gnomish (Written)		TYPE:Written

Halfling			TYPE:Spoken
Halfling (Written)		TYPE:Written

Hobgoblin				TYPE:Spoken.Hobgoblin
Hobgoblin (Written)		TYPE:Written.Hobgoblin

Merchant's Tongue			TYPE:Spoken.Merchant's Tongue



Merchant's Tongue (Written)		TYPE:Written



