


Horse (Gaketan)	
	OUTPUTNAME:Horse, [NAME]
	STARTFEATS:1
	FACT:HasFirstLevelFeat|True
	SIZE:L
	MOVE:Walk,60
	FACE:10
	REACH:5
	BONUS:COMBAT|AC|3|TYPE=NaturalArmor
	BONUS:STAT|STR|4
	BONUS:STAT|DEX|2
	BONUS:STAT|CON|4
	BONUS:STAT|INT|-8
	BONUS:STAT|WIS|2
	BONUS:STAT|CHA|-4
	MONCSKILL:Listen|Spot	
	LEGS:4
	NATURALATTACKS:Hoof,Weapon.Natural.Melee.Finesseable.Bludgeoning,*2,1d4	
	MONSTERCLASS:Animal:3
	RACETYPE:Animal
	TYPE:Animal
	CR:1
	SOURCEPAGE:p.63	KIT:1|TN
	KIT:1|Gaketan Horse

Horse (Drhokkeran)	
	OUTPUTNAME:Horse, [NAME]
	STARTFEATS:1
	FACT:HasFirstLevelFeat|True
	SIZE:L
	MOVE:Walk,60
	FACE:10
	REACH:5
	BONUS:COMBAT|AC|3|TYPE=NaturalArmor
	BONUS:STAT|STR|8
	BONUS:STAT|DEX|2
	BONUS:STAT|CON|6
	BONUS:STAT|INT|-8
	BONUS:STAT|WIS|2
	BONUS:STAT|CHA|-4
	MONCSKILL:Listen|Spot	
	LEGS:4
	NATURALATTACKS:Hoof,Weapon.Natural.Melee.Finesseable.Bludgeoning,*2,1d6	
	MONSTERCLASS:Animal:5
	RACETYPE:Animal
	TYPE:Animal
	CR:1
	SOURCEPAGE:p.103	KIT:1|TN
	KIT:1|Drhokkeran Horse


Horse (Highland Dancer)
	OUTPUTNAME:Horse, [NAME]
	STARTFEATS:1
	FACT:HasFirstLevelFeat|True
	SIZE:L
	MOVE:Walk,60
	FACE:10
	REACH:5
	BONUS:COMBAT|AC|3|TYPE=NaturalArmor
	BONUS:STAT|STR|8
	BONUS:STAT|DEX|2
	BONUS:STAT|CON|6
	BONUS:STAT|INT|-8
	BONUS:STAT|WIS|2
	BONUS:STAT|CHA|-4
	MONCSKILL:Listen|Spot	
	LEGS:4
	NATURALATTACKS:Hoof,Weapon.Natural.Melee.Finesseable.Bludgeoning,*2,1d6	
	MONSTERCLASS:Animal:3
	RACETYPE:Animal
	TYPE:Animal
	CR:1
	SOURCEPAGE:p.154	KIT:1|TN
	KIT:1|Highland Dancer

Half-Hobgoblin
	FAVCLASS:Fighter
	STARTFEATS:1
	FACT:HasFirstLevelFeat|True
	SIZE:M
	MOVE:Walk,30
	FACE:5
	REACH:5
	BONUS:VAR|DarkvisionRange|60|TYPE=Base
	AUTO:LANG|Common|Hobgoblin
	LANGBONUS:Draconic,Giant,Goblin,Infernal
	RACETYPE:Humanoid	
	RACESUBTYPE:Goblinoid
	TYPE:Humanoid	
	LEVELADJUSTMENT:1	
	CR:1/2
	SOURCEPAGE:p.157

	