

CLASS:Crusader	HD:10	SOURCEPAGE:p.8	TYPE:PC.Base	BONUS:COMBAT|BAB|CL	BONUS:CHECKS|BASE.Fortitude|CL/2+2	BONUS:CHECKS|BASE.Reflex,BASE.Will|CL/3	
CLASS:Crusader	STARTSKILLPTS:4	CSKILL:Balance|Concentration|TYPE=Craft|Diplomacy|Intimidate|Jump|Knowledge (History)|Knowledge (Religion)|Martial Lore|Ride
###Block: 
1	ABILITY:Crusader Class Feature|AUTOMATIC|Crusader ~ Weapon and Armor Proficiency|Crusader ~ Maneuvers|Crusader ~ Maneuvers Readied|Crusader ~ Stances Known
1	ABILITY:Crusader Class Feature|AUTOMATIC|Crusader ~ Furious Counterstrike|Crusader ~ Steely Resolve
2	ABILITY:Crusader Class Feature|AUTOMATIC|Crusader ~ Indomitable Soul
3	ABILITY:Crusader Class Feature|AUTOMATIC|Crusader ~ Zealous Surge
6	ABILITY:Crusader Class Feature|AUTOMATIC|Crusader ~ Smite
10	ABILITY:Crusader Class Feature|AUTOMATIC|Crusader ~ Die Hard
12	ABILITY:Crusader Class Feature|AUTOMATIC|Crusader ~ Mettle
###Block: 
1	BONUS:VAR|SteelyResolve|5+(5*(CL/4))	DEFINE:SteelyResolve|0
6	BONUS:VAR|SmiteTimes|(CL+6)/12		DEFINE:SmiteTimes|0
1	BONUS:VAR|CrusaderManueversKnown|(CL+9)/2		DEFINE:CrusaderManueversKnown|0
1	BONUS:VAR|CrusaderStancesKnown|(CL+10)/6		DEFINE:CrusaderStancesKnown|0
1	BONUS:VAR|CrusaderReadiedManuevers|(CL/10)+5	DEFINE:CrusaderReadiedManuevers|0



CLASS:Swordsage	HD:8	SOURCEPAGE:p.15	TYPE:PC.Base	BONUS:COMBAT|BAB|CL*3/4	BONUS:CHECKS|BASE.Reflex,BASE.Will|CL/2+2	BONUS:CHECKS|BASE.Fortitude|CL/3	
CLASS:Swordsage	STARTSKILLPTS:6	CSKILL:Balance|Climb|Concentration|TYPE=Craft|Heal|Hide|Intimidate|Jump|Knowledge (History)|Knowledge (Local)|Knowledge (Nature)|Knowledge (Nobility and Royalty)|Listen|Martial Lore|Move Silently|TYPE=Profession|Ride|Sense Motive|Swim|Tumble
###Block: 

CLASS:Warblade	HD:12	SOURCEPAGE:p.20	TYPE:PC.Base	
	BONUS:COMBAT|BAB|CL	BONUS:CHECKS|BASE.Fortitude|CL/2+2	BONUS:CHECKS|BASE.Reflex,BASE.Will|CL/3	
CLASS:Warblade	STARTSKILLPTS:4	CSKILL:Balance|Climb|Concentration|TYPE=Craft|Diplomacy|Intimidate|Jump|Knowledge (History)|Knowledge (Local)|Martial Lore|Swim|Tumble
###Block: 

###Block: @Prestige Classes

CLASS:Bloodclaw Master	HD:12	MAXLEVEL:5	TYPE:Prestige.PC	SOURCEPAGE:p.96
CLASS:Bloodclaw Master
	PRESKILL:1,Jump=9
	PREFEAT:1,Multiattack,Two-Weapon Fighting
	PRETEXT:Martial Maneuvers: Must know three Tiger Claw maneuvers.
CLASS:Bloodclaw Master	STARTSKILLPTS:2	CSKILL:Balance|Climb|Handle Animal|Hide|Jump|Knowledge (Nature)|Listen|Martial Lore|Move Silently|Spot|Survival

CLASS:Bloodstorm Blade	HD:12	TYPE:PC.Base	TYPE:Prestige.PC	SOURCEPAGE:p.100
	STARTSKILLPTS:4	CSKILL:Balance|Concentration|TYPE=Craft|Intimidate|Jump|Martial Lore|Spot|Tumble

11	PREPCLEVEL:MIN=20

CLASS:Deepstone Sentinel	HD:10	MAXLEVEL:5	TYPE:Prestige.PC	SOURCEPAGE:p.105
	PRERACE:1,Dwarf
	PREMULT:1,[PREATT:10],[PREVARGTEQ:BaseAttackBonus,10]
	PRESKILL:1,Balance=13
	PREFEAT:1,Power Attack,Stone Power
	PRETEXT:Martial Maneuvers: Must know at least two Stone Dragon maneuvers and one Stone Dragon stance.

