# CVS $Revision: $ $Author: $ -- Sun Mar  2 00:12:48 2014 -- reformated by prettylst.pl v1.51 (build 22988)

REGION:Arctic Dwarf
STARTPACK:ArcticLang
#AUTO:LANG|Common|Dwarven|Uluik
STARTPACK:ArcticA1	EQUIPBUY:0	PRECLASS:1,Barbarian=1,Fighter=1,Ranger=1,Druid=1	PRELEVELMAX:1
GEAR:Pick (Light)
STARTPACK:ArcticA2	EQUIPBUY:0	PRECLASS:1,Barbarian=1,Fighter=1,Ranger=1,Druid=1	PRELEVELMAX:1
GEAR:Shortspear
STARTPACK:ArcticB	EQUIPBUY:0	PRECLASS:1,Barbarian=1,Fighter=1,Ranger=1,Druid=1	PRELEVELMAX:1
GEAR:Hide
GEAR:Dog (Riding)
REGION:Urdunnir
STARTPACK:Urdunnirlang
#AUTO:LANG|Undercommon|Dwarven
STARTPACK:UrdunnirA1	EQUIPBUY:0	PRECLASS:1,Expert=1,Cleric=1,Fighter=1,Paladin=1	PRELEVELMAX:1
GEAR:Pick (Heavy)
STARTPACK:UrdunnirA2	EQUIPBUY:0	PRECLASS:1,Expert=1,Cleric=1,Fighter=1,Paladin=1	PRELEVELMAX:1
GEAR:Mace (Heavy)
STARTPACK:UrdunnirB	EQUIPBUY:0	PRECLASS:1,Expert=1,Cleric=1,Fighter=1,Paladin=1	PRELEVELMAX:1
GEAR:Chainmail
STARTPACK:UrdunnirC	EQUIPBUY:0	PRECLASS:1,Expert=1,Cleric=1,Fighter=1,Paladin=1	PRELEVELMAX:1
GEAR:Thunderstone			QTY:3
GEAR:Shield (Heavy/Metal)
GEAR:Urgrosh (Dwarven)
REGION:Wild Dwarf
STARTPACK:WildDwarfLang
#AUTO:LANG|Common|Chultan|Dwarven
STARTPACK:WildDwarfA1	EQUIPBUY:0	PRECLASS:1,Barbarian=1,Druid=1,Fighter=1,Ranger=1	PRELEVELMAX:1
GEAR:Handaxe
STARTPACK:WildDwarfA2	EQUIPBUY:0	PRECLASS:1,Barbarian=1,Druid=1,Fighter=1,Ranger=1	PRELEVELMAX:1
GEAR:Shortspear
STARTPACK:WildDwarfB	EQUIPBUY:0	PRECLASS:1,Barbarian=1,Druid=1,Fighter=1,Ranger=1	PRELEVELMAX:1
GEAR:Ointment of Barkskin
GEAR:Wild Dwarf Knockout Poison	QTY:3
REGION:Aquatic Elf
STARTPACK:AquaticElfLang1
#AUTO:LANG|Common|Elven
STARTPACK:AquaticElfLang2	!PRELANG:1,Serusan
#AUTO:LANG|Aquan
STARTPACK:AquaticElfLang2	!PRELANG:1,Aquan
#AUTO:LANG|Serusan
STARTPACK:AquaticElfA1	EQUIPBUY:0	PRECLASS:1,Bard=1,Fighter=1,Ranger=1,Sorcerer=1	PRELEVELMAX:1
GEAR:Trident
STARTPACK:AquaticElfA2	EQUIPBUY:0	PRECLASS:1,Bard=1,Fighter=1,Ranger=1,Sorcerer=1	PRELEVELMAX:1
GEAR:Longspear
STARTPACK:AquaticElfB	EQUIPBUY:0	PRECLASS:1,Bard=1,Fighter=1,Ranger=1,Sorcerer=1	PRELEVELMAX:1
GEAR:Chitin Armor
GEAR:Shield (Light/Wood)
REGION:Avariel
STARTPACK:AvarielLang
#AUTO:LANG|Common|Elven|Auran
STARTPACK:AvarielA1	EQUIPBUY:0	PRECLASS:1,Cleric=1,Fighter=1,Ranger=1,Wizard=1	PRELEVELMAX:1
GEAR:Rapier
STARTPACK:AvarielA2	EQUIPBUY:0	PRECLASS:1,Cleric=1,Fighter=1,Ranger=1,Wizard=1	PRELEVELMAX:1
GEAR:Longsword
STARTPACK:AvarielB	EQUIPBUY:0	PRECLASS:1,Cleric=1,Fighter=1,Ranger=1,Wizard=1	PRELEVELMAX:1
GEAR:Wand (Cure Light Wounds)
REGION:Surface Drow
STARTPACK:SurfaceDrowLang
#AUTO:LANG|Common|Elven|Undercommon
STARTPACK:SurfaceDrowA1	EQUIPBUY:0	PRECLASS:1,Cleric=1,Fighter=1,Rogue=1,Wizard=1	PRELEVELMAX:1
GEAR:Rapier
STARTPACK:SurfaceDrowA2	EQUIPBUY:0	PRECLASS:1,Cleric=1,Fighter=1,Rogue=1,Wizard=1	PRELEVELMAX:1
GEAR:Crossbow (Light)
STARTPACK:SurfaceDrowB	EQUIPBUY:0	PRECLASS:1,Cleric=1,Fighter=1,Rogue=1,Wizard=1	PRELEVELMAX:1
GEAR:Chain Shirt
STARTPACK:SurfaceDrowC	EQUIPBUY:0	PRECLASS:1,Cleric=1,Fighter=1,Rogue=1,Wizard=1	PRELEVELMAX:1
GEAR:Crossbow (Hand)
GEAR:Drow Knockout Poison	QTY:3
REGION:Forest Gnome
STARTPACK:ForestGnomeLang
#AUTO:LANG|Common|Gnome|Sylvan
STARTPACK:ForestGnomeA1	EQUIPBUY:0	PRECLASS:1,Bard=1,Cleric=1,Druid=1,Wizard=1	PRELEVELMAX:1
GEAR:Mace (Light)
STARTPACK:ForestGnomeA2	EQUIPBUY:0	PRECLASS:1,Bard=1,Cleric=1,Druid=1,Wizard=1	PRELEVELMAX:1
GEAR:Shortspear
STARTPACK:ForestGnomeB	EQUIPBUY:0	PRECLASS:1,Bard=1,Cleric=1,Druid=1,Wizard=1	PRELEVELMAX:1
GEAR:Wand (Cure Light Wounds)
REGION:Half-Drow
STARTPACK:HalfDrowLang
#AUTO:LANG|Common|Elven|Undercommon
STARTPACK:HalfdrowA1	EQUIPBUY:0	PRECLASS:1,Cleric=1,Fighter=1,Ranger=1,Rogue=1	PRELEVELMAX:1
GEAR:Rapier
STARTPACK:HalfdrowA2	EQUIPBUY:0	PRECLASS:1,Cleric=1,Fighter=1,Ranger=1,Rogue=1	PRELEVELMAX:1
GEAR:Longsword
STARTPACK:HalfdrowB	EQUIPBUY:0	PRECLASS:1,Cleric=1,Fighter=1,Ranger=1,Rogue=1	PRELEVELMAX:1
GEAR:Chain Shirt
STARTPACK:HalfdrowC	EQUIPBUY:0	PRECLASS:1,Cleric=1,Fighter=1,Ranger=1,Rogue=1	PRELEVELMAX:1
GEAR:Crossbow (Hand)
GEAR:Drow Knockout Poison	QTY:3
REGION:Orog
STARTPACK:OrogLang
#AUTO:LANG|Orc|Undercommon
STARTPACK:OrogA1	EQUIPBUY:0	PRECLASS:1,Barbarian=1,Cleric=1,Fighter=1,Sorcerer=1	PRELEVELMAX:1
GEAR:Greatsword
STARTPACK:OrogA2	EQUIPBUY:0	PRECLASS:1,Barbarian=1,Cleric=1,Fighter=1,Sorcerer=1	PRELEVELMAX:1
GEAR:Axe (Throwing)
STARTPACK:OrogB	EQUIPBUY:0	PRECLASS:1,Barbarian=1,Cleric=1,Fighter=1,Sorcerer=1	PRELEVELMAX:1
GEAR:Banded Mail	EQMOD:SPIKE_A
STARTPACK:OrogC	EQUIPBUY:0	PRECLASS:1,Barbarian=1,Cleric=1,Fighter=1,Sorcerer=1	PRELEVELMAX:1
GEAR:Potion (Enlarge Person)
