SOURCELONG:Monte Cook's World of Darkness d20	SOURCESHORT:mc_wod	SOURCEDATE:2009-01

###Block: Awakened ----------------------------------------------------------------
# Class Name	Hit Dice	Type			Abbreviation	Source Page		Save checks bonus													Combat bonus
CLASS:Awakened	HD:8		TYPE:Base.PC	ABB:Awakened	SOURCEPAGE:p.59	BONUS:CHECKS|BASE.Will|(CL/2)+4	BONUS:CHECKS|BASE.Fortitude,BASE.Reflex|(CL+2)/2	BONUS:COMBAT|BAB|(CL-1*3/4)+3|TYPE=Base.REPLACE
# Class Name	Skill Pts/Lvl	Add INT to Skill Points?
CLASS:Awakened	STARTSKILLPTS:8	MODTOSKILLS:YES
1														ABILITY:Special Ability|AUTOMATIC|HitPointBoost~d8
1	BONUS:ABILITYPOOL|Awakened Stat Boost~2|1
1														ABILITY:Special Ability|AUTOMATIC|All Automatic Weapons|MoveBonus
1									BONUS:COMBAT|AC|(CL+3)/2
1	BONUS:ABILITYPOOL|FEAT|1
4	BONUS:ABILITYPOOL|FEAT|1
7	BONUS:ABILITYPOOL|FEAT|1
8	BONUS:ABILITYPOOL|FEAT|1
9	BONUS:ABILITYPOOL|FEAT|1
10	BONUS:ABILITYPOOL|FEAT|1
12	BONUS:ABILITYPOOL|FEAT|1
14	BONUS:ABILITYPOOL|FEAT|1
15	BONUS:ABILITYPOOL|FEAT|1
17	BONUS:ABILITYPOOL|FEAT|1
18	BONUS:ABILITYPOOL|FEAT|1
20	BONUS:ABILITYPOOL|FEAT|1
2	BONUS:ABILITYPOOL|Awakened Skill Focus|1
6	BONUS:ABILITYPOOL|Awakened Skill Focus|(CL-1)/5
1														ABILITY:Special Ability|AUTOMATIC|Human Spirit
3														ABILITY:Special Ability|AUTOMATIC|Stalwart Dedication
5														ABILITY:Special Ability|AUTOMATIC|Defender's Mindset
8														ABILITY:Special Ability|AUTOMATIC|Sense Nightmare Wave
13	BONUS:ABILITYPOOL|Skill Mastery|1
19														ABILITY:Special Ability|AUTOMATIC|Force of Will

###Block: Demon ----------------------------------------------------------------------
# Class Name	Type			Abbreviation	Base class as subclass?	Source Page		Save checks bonus													Combat bonus
CLASS:Demon		TYPE:Base.PC	ABB:Demon		ALLOWBASECLASS:NO		SOURCEPAGE:p.59	BONUS:CHECKS|BASE.Will|(CL/2)+4	BONUS:CHECKS|BASE.Fortitude,BASE.Reflex|(CL+2)/2	BONUS:COMBAT|BAB|(CL-1*3/4)+3|TYPE=Base.REPLACE
# Class Name	Skill Pts/Lvl
CLASS:Demon		STARTSKILLPTS:4
SUBCLASS:Scourge	HD:10	ABB:Scourge Demon	COST:0
SUBCLASSLEVEL:1	BONUS:STAT|STR|2						ABILITY:Special Ability|AUTOMATIC|HitPointBoost~d10|Tempter~1st
SUBCLASSLEVEL:5	BONUS:STAT|DEX|2
SUBCLASSLEVEL:10									ABILITY:Special Ability|AUTOMATIC|Scourge~1st
SUBCLASSLEVEL:15	BONUS:STAT|CON|2
SUBCLASSLEVEL:20				BONUS:VAR|FastHealing|5		ABILITY:Special Ability|AUTOMATIC|Fast Healing
SUBCLASS:Tempter	HD:8	ABB:Tempter Demon	COST:0
SUBCLASSLEVEL:1	BONUS:STAT|CHA|2						ABILITY:Special Ability|AUTOMATIC|Demon Skill Boost|HitPointBoost~d8|Tempter~1st
SUBCLASSLEVEL:5	BONUS:STAT|CON|2
SUBCLASSLEVEL:10									ABILITY:Special Ability|AUTOMATIC|Tempter~2nd
SUBCLASSLEVEL:15	BONUS:STAT|CHA|2	BONUS:VAR|DemonChangeshape|1
SUBCLASSLEVEL:20									ABILITY:Special Ability|AUTOMATIC|Tempter~3rd
1															BONUS:COMBAT|AC|(CL+3)/2
1	BONUS:ABILITYPOOL|Demon Cant|(CL/2)+1	BONUS:ABILITYPOOL|Demon Stat Boost|2
1																				ABILITY:Special Ability|AUTOMATIC|All Automatic Weapons|Base Demon Abilities|MoveBonus

###Block: Mage ----------------------------------------------------------------------
# Class Name	Hit Dice	Type			Abbreviation	Base class as subclass?	Save checks bonus																Combat bonus
CLASS:Mage		HD:6		TYPE:Base.PC	ABB:Mage		ALLOWBASECLASS:NO		BONUS:CHECKS|BASE.Fortitude|CL/3+1	BONUS:CHECKS|BASE.Reflex|CL+1/2	BONUS:CHECKS|BASE.Will|(CL+1)/2+3	BONUS:COMBAT|BAB|(CL-1)/2+2
# Class Name	Skill Pts/Lvl
CLASS:Mage		STARTSKILLPTS:4
SUBCLASS:Enchanter	COST:0
SUBCLASS:Warlock		COST:0
SUBCLASS:Necromancer	COST:0
SUBCLASS:Theurgist	COST:0
SUBCLASS:Shaman		COST:0
1														BONUS:STAT|INT|2						ABILITY:Special Ability|AUTOMATIC|All Automatic Weapons|HitPointBoost~d6|Mage Automatic|MoveBonus
1																	BONUS:VAR|Components|45
1																	BONUS:VAR|Components|15*CL
1																	BONUS:VAR|Components|CL*INT	ABILITY:Special Ability|AUTOMATIC|MageComponents
1	BONUS:ABILITYPOOL|Mage Gnosis|CL/2+1
1								BONUS:COMBAT|AC|CL/3+1|TYPE=Defense

###Block: Vampire -------------------------------------------------------------
# Class Name	Hit Dice	Type			Abbreviation	Base class as subclass?	Save checks bonus									Combat bonus
CLASS:Vampire	HD:8		TYPE:Base.PC	ABB:Vampire		ALLOWBASECLASS:NO		BONUS:CHECKS|BASE.Fortitude,BASE.Reflex,BASE.Will|(CL-1)/2+4	BONUS:COMBAT|BAB|(CL*3/4)+3
# Class Name	Skill Pts/Lvl
CLASS:Vampire	STARTSKILLPTS:4
SUBCLASS:Daeva		ABB:Daeva Vampire		COST:0	BONUS:CHECKS|Will|-2	BONUS:STAT|CHA|2
SUBCLASS:Gangrel		ABB:Gangrel Vampire	COST:0					BONUS:STAT|CON|2	BONUS:STAT|INT|-2
SUBCLASS:Mekhet		ABB:Mekhet Vampire	COST:0					BONUS:STAT|DEX|2	BONUS:STAT|CHA|-2
SUBCLASS:Nosferatu	ABB:Nosferatu Vampire	COST:0					BONUS:STAT|STR|2	BONUS:STAT|CHA|-2
SUBCLASS:Ventrue		ABB:Ventrue Vampire	COST:0					BONUS:STAT|INT|2	BONUS:STAT|WIS|-2
###Block: Stats & Proficiencies
1	BONUS:STAT|STR,CON,CHA|2
###Block: Profs and Class
1	ABILITY:Special Ability|AUTOMATIC|All Automatic Weapons|MoveBonus
1	ABILITY:Special Ability|AUTOMATIC|HitPointBoost~d8
1	ABILITY:Special Ability|AUTOMATIC|Deathsleep|Predator's Taint|Sunlight Vulnerability|Undead|Vampire Heal Wounds|Vampire Resistance to Damage|Vampire Vitae
###Block: Natural Attacks workaround
1	BONUS:ABILITYPOOL|Special Ability|1	ADD:ABILITY|Special Ability|NORMAL|Vampire Bite
###Block: Ability Pools
1	BONUS:ABILITYPOOL|Vampire Discipline|CL/2+1
###Block: AC Class Boost
#1	BONUS:COMBAT|AC|3
1	BONUS:COMBAT|AC|(CL-1)/2+3
4	BONUS:COMBAT|AC|CL/4

###Block: Werewolf ------------------------------------------------------------------
# Class Name	Hit Dice	Type			Abbreviation	Base class as subclass?	Save checks bonus																Combat bonus
CLASS:Werewolf	HD:12		TYPE:Base.PC	ABB:Werewolf	ALLOWBASECLASS:NO		BONUS:CHECKS|BASE.Reflex|CL/2+1	BONUS:CHECKS|BASE.Will|CL/3+1	BONUS:CHECKS|BASE.Fortitude|(CL-1)/2+2	BONUS:COMBAT|BAB|CL+3
# Class Name	Skill Pts/Lvl
CLASS:Werewolf	STARTSKILLPTS:2
SUBCLASS:Rahu	ABB:Rahu Werewolf		COST:0	BONUS:STAT|STR|2
SUBCLASSLEVEL:1	TEMPLATE:Rahu
SUBCLASS:Cahalith	ABB:Cahalith Werewolf	COST:0	BONUS:STAT|INT|2
SUBCLASSLEVEL:1	TEMPLATE:Cahalith
SUBCLASS:Elodoth	ABB:Elodoth Werewolf	COST:0	BONUS:STAT|CHA|2
SUBCLASSLEVEL:1	TEMPLATE:Elodoth
SUBCLASS:Ithaeur	ABB:Ithaeur Werewolf	COST:0	BONUS:STAT|WIS|2
SUBCLASSLEVEL:1	TEMPLATE:Ithaeur
SUBCLASS:Irraka	ABB:Irraka Werewolf	COST:0	BONUS:STAT|DEX|2
SUBCLASSLEVEL:1	TEMPLATE:Irraka
1																BONUS:STAT|STR,CON|2															ABILITY:Special Ability|AUTOMATIC|All Automatic Weapons|Beast Form|Hardiness|Hybrid Form|Pack Mentality|Silver Vulnerability|Sprint Healing|Werewolf Essence|Werewolf Heal Wounds|Werewolf Shapechanging
1	BONUS:ABILITYPOOL|Special Ability|2														ADD:ABILITY|2|Special Ability|NORMAL|Werewolf Hybrid Attacks,Werewolf Wolf Attacks
1	BONUS:ABILITYPOOL|Werewolf Rite|CL/2+1
1								BONUS:COMBAT|AC|(CL-1)/2+2|TYPE=RacialBonus
1																																		ABILITY:Special Ability|AUTOMATIC|HitPointBoost~d12|MoveBonus


###Block: Common Humans
# Class Name	Hit Dice	Save checks bonus											Combat bonus
CLASS:Human		HD:8		BONUS:CHECKS|BASE.Fortitude,BASE.Reflex|CL/2+2	BONUS:CHECKS|BASE.Will|CL/3	BONUS:COMBAT|BAB|CL/2|TYPE=Base.REPLACE
# Class Name	Skill Pts/Lvl
CLASS:Human		STARTSKILLPTS:3

###Block: Incomplete
#CLASS:Minion	HD:8
