


Branchala	ALIGN:CG	PANTHEON:Krynn	SORTKEY:Gods_Krynn	DOMAINS:Chaos,Good,Luck,Trickery			WORSHIPPERS:Bards, elves, kender, travelers
Habbakuk	ALIGN:NG	PANTHEON:Krynn	SORTKEY:Gods_Krynn	DOMAINS:Animal,Good,Water				WORSHIPPERS:Rangers, sailors, druids, farmers
Kiri-Jolith	ALIGN:LG	PANTHEON:Krynn	SORTKEY:Gods_Krynn	DOMAINS:Good,Strength,War				WORSHIPPERS:Fighters, Knights of Solamnia
Majere	ALIGN:LG	PANTHEON:Krynn	SORTKEY:Gods_Krynn	DOMAINS:Good,Law,Meditation				WORSHIPPERS:Monks, theologians, scholars
Mishakal	ALIGN:NG	PANTHEON:Krynn	SORTKEY:Gods_Krynn	DOMAINS:Community (Dragonlance),Good,Healing,Protection	WORSHIPPERS:Healers, artists, midwives, scholars
Solinari	ALIGN:LG	PANTHEON:Krynn	SORTKEY:Gods_Krynn									WORSHIPPERS:Wizards of the White Robes
Chislev	ALIGN:TN	PANTHEON:Krynn	SORTKEY:Gods_Krynn	DOMAINS:Air,Animal,Earth,Plant			WORSHIPPERS:Druids, farmers
Gilean	ALIGN:TN	PANTHEON:Krynn	SORTKEY:Gods_Krynn	DOMAINS:Knowledge,Liberation (Dragonlance),Protection		WORSHIPPERS:Scribes, historians, teachers
Lunitari	ALIGN:LN	PANTHEON:Krynn	SORTKEY:Gods_Krynn									WORSHIPPERS:Wizards of the Reb Robes
Reorx		ALIGN:TN	PANTHEON:Krynn	SORTKEY:Gods_Krynn	DOMAINS:Earth,Fire,Forge				WORSHIPPERS:Dwarves, gnomes
Shinare	ALIGN:LN	PANTHEON:Krynn	SORTKEY:Gods_Krynn	DOMAINS:Law,Luck,Travel					WORSHIPPERS:Merchants, traders, dwarves
Sirrion	ALIGN:CN	PANTHEON:Krynn	SORTKEY:Gods_Krynn	DOMAINS:Chaos,Fire,Passion (Dragonlance)				WORSHIPPERS:Alchemists, lovers, firefighters
Zivilyn	ALIGN:TN	PANTHEON:Krynn	SORTKEY:Gods_Krynn	DOMAINS:Insight,Knowledge,Meditation		WORSHIPPERS:Philosophers, mediators
Chemosh	ALIGN:NE	PANTHEON:Krynn	SORTKEY:Gods_Krynn	DOMAINS:Death,Evil,Trickery				WORSHIPPERS:Crazed cultists, necromancers
Hiddukel	ALIGN:CE	PANTHEON:Krynn	SORTKEY:Gods_Krynn	DOMAINS:Evil,Treachery,Trickery			WORSHIPPERS:Dishonest merchants, thieves
Morgion	ALIGN:NE	PANTHEON:Krynn	SORTKEY:Gods_Krynn	DOMAINS:Destruction,Evil,Pestilence (Dragonlance)			WORSHIPPERS:Crazed cultists
Nuitari	ALIGN:LE	PANTHEON:Krynn	SORTKEY:Gods_Krynn									WORSHIPPERS:Wizards of the Black Robes
Sargonnas	ALIGN:LE	PANTHEON:Krynn	SORTKEY:Gods_Krynn	DOMAINS:Evil,Fire,Law,War				WORSHIPPERS:Minotaurs, bounty hunters, fighters
Zeboim	ALIGN:CE	PANTHEON:Krynn	SORTKEY:Gods_Krynn	DOMAINS:Chaos,Evil,Storm (Dragonlance),Water			WORSHIPPERS:Sailors, pirates, evil druids
# Dead Deities
Paladine	ALIGN:LG	PANTHEON:Krynn	SORTKEY:Gods_Krynnb	DESC:No Longer Deity
Takhisis	ALIGN:CE	PANTHEON:Krynn	SORTKEY:Gods_Krynnb	DESC:No Longer Deity
# Mystic Support
Mystic			PANTHEON:Krynn	SORTKEY:Gods_Krynn1	DOMAINS:ANY|PREALIGN:LG,LN,LE,NG,TN,NE,CG,CN,CE	DESC:For Mystic Choices	SYMBOL:None	DEITYWEAP:ANY	PRECLASS:1,Mystic=1


