
Kender	CATEGORY:Race	BONUS:ABILITYPOOL|Race Base|1|TYPE=Base

###Block: Dragonlance Version Races
Human / Dragonlance		CATEGORY:Internal	TYPE:Race Base.RaceRestriction_Dragonlance	PRERACE:1,Human		ABILITY:Internal|AUTOMATIC|Race Traits ~ DL Human	DESC:Default Dragonlance version of the race	COST:0
Dwarf / Dragonlance		CATEGORY:Internal	TYPE:Race Base.RaceRestriction_Dragonlance	PRERACE:1,Dwarf		ABILITY:Internal|AUTOMATIC|Race Traits ~ DL Dwarf	DESC:Default Dragonlance version of the race	COST:0
Elf / Dragonlance			CATEGORY:Internal	TYPE:Race Base.RaceRestriction_Dragonlance	PRERACE:1,Elf		ABILITY:Internal|AUTOMATIC|Race Traits ~ DL Elf		DESC:Default Dragonlance version of the race	COST:0
Gnome / Dragonlance		CATEGORY:Internal	TYPE:Race Base.RaceRestriction_Dragonlance	PRERACE:1,Gnome		ABILITY:Internal|AUTOMATIC|Race Traits ~ DL Gnome	DESC:Default Dragonlance version of the race	COST:0
Half-Elf / Dragonlance		CATEGORY:Internal	TYPE:Race Base.RaceRestriction_Dragonlance	PRERACE:1,Half-Elf	ABILITY:Internal|AUTOMATIC|Race Traits ~ DL Half-Elf	DESC:Default Dragonlance version of the race	COST:0
Kender / Dragonlance		CATEGORY:Internal	TYPE:Race Base.RaceRestriction_Dragonlance	PRERACE:1,Kender		ABILITY:Internal|AUTOMATIC|Race Traits ~ DL Kender	DESC:Default Dragonlance version of the race	COST:0

###Block:
Race Traits ~ DL Human		CATEGORY:Internal		ABILITY:Human Subrace|AUTOMATIC|Human ~ Base|!PREABILITY:1,CATEGORY=Internal,TYPE.AltSubraceChoice	ABILITY:Special Ability|AUTOMATIC|Human Racial Traits|PREABILITY:1,CATEGORY=Internal,TYPE.HumanSubrace
Race Traits ~ DL Kender		CATEGORY:Internal		ABILITY:Kender Subrace|AUTOMATIC|Kender ~ Kender (Krynn)|!PREABILITY:1,CATEGORY=Internal,TYPE.AltSubraceChoice	
Race Traits ~ DL Dwarf		CATEGORY:Internal		ABILITY:Dwarf Subrace|AUTOMATIC|Dwarf ~ Hill (Krynn)|!PREABILITY:1,CATEGORY=Internal,TYPE.AltSubraceChoice		ABILITY:Special Ability|AUTOMATIC|Dwarf Racial Traits|PREABILITY:1,CATEGORY=Internal,TYPE.DwarfSubrace	
Race Traits ~ DL Elf		CATEGORY:Internal		ABILITY:Elf Subrace|AUTOMATIC|Elf ~ Qualinesti (Krynn)|!PREABILITY:1,CATEGORY=Internal,TYPE.AltSubraceChoice	ABILITY:Special Ability|AUTOMATIC|Elf Racial Traits|PREABILITY:1,CATEGORY=Internal,TYPE.ElfSubrace	ABILITY:Elf Race Trait|AUTOMATIC|Elf ~ Trance|Elf (DL) ~ Elvensight
Race Traits ~ DL Gnome		CATEGORY:Internal		ABILITY:Gnome Subrace|AUTOMATIC|Gnome ~ Gnome (Krynn)|!PREABILITY:1,CATEGORY=Internal,TYPE.AltSubraceChoice	ABILITY:Special Ability|AUTOMATIC|Gnome Racial Traits|PREABILITY:1,CATEGORY=Internal,TYPE.GnomeSubrace
Race Traits ~ DL Half-Elf	CATEGORY:Internal		ABILITY:Half-Elf Subrace|AUTOMATIC|Half-Elf|!PREABILITY:1,CATEGORY=Internal,TYPE.AltSubraceChoice	ABILITY:Special Ability|AUTOMATIC|Half-Elf Racial Traits|PREABILITY:1,CATEGORY=Internal,TYPE.HalfElfSubrace	ABILITY:Elf Race Trait|AUTOMATIC|Elf (DL) ~ Elvensight

###Block: Races
# Ability Name			Unique Key						Category of Ability		Type							Auto Language		Ability																																																										Bonus Ability Pool			Bonus to skill							Bonus
Hill Dwarf (Krynn)		KEY:Dwarf ~ Hill (Krynn)			CATEGORY:Internal			TYPE:DwarfSubrace.Krynn_Campaign				PREMULT:1,[!PREABILITY:1,CATEGORY=Internal,TYPE.AltSubraceChoice],[PREABILITY:1,CATEGORY=Internal,Dwarf ~ Hill (Krynn)]				COST:0	PREABILITY:1,CATEGORY=Internal,TYPE.RaceRestriction_Dragonlance	TEMPLATE:Subrace ~ Hill		UNENCUMBEREDMOVE:HeavyLoad|HeavyArmor	ABILITY:Internal|AUTOMATIC|Favored Class ~ Fighter|PREVAREQ:RemoveDefaultFavoredClass,0	ABILITY:Dwarf Race Trait|AUTOMATIC|Dwarf ~ Darkvision|PREVAREQ:DisableRacialTraits,0|!PREABILITY:1,CATEGORY=Special Ability,TYPE.DwarfRacialVision	ABILITY:Dwarf Race Trait|AUTOMATIC|Dwarf ~ Weapon Familiarity|PREVAREQ:DisableRacialTraits,0|!PREABILITY:1,CATEGORY=Special Ability,TYPE.DwarfWeaponFamiliarity	ABILITY:Dwarf Race Trait|AUTOMATIC|Dwarf ~ Stonecunning|PREVAREQ:DisableRacialTraits,0|!PREABILITY:1,CATEGORY=Special Ability,TYPE.DwarfStonecunning	ABILITY:Dwarf Race Trait|AUTOMATIC|Dwarf ~ Stability|PREVAREQ:DisableRacialTraits,0|!PREABILITY:1,CATEGORY=Special Ability,TYPE.DwarfStability	ABILITY:Dwarf Race Trait|AUTOMATIC|Dwarf ~ Poison Save Bonus|PREVAREQ:DisableRacialTraits,0|!PREABILITY:1,CATEGORY=Special Ability,TYPE.DwarfPoisonSaveBonus	ABILITY:Dwarf Race Trait|AUTOMATIC|Dwarf ~ Spell Save Bonus|PREVAREQ:DisableRacialTraits,0|!PREABILITY:1,CATEGORY=Special Ability,TYPE.DwarfSpellSaveBonus	ABILITY:Dwarf Race Trait|AUTOMATIC|Dwarf ~ Attack Bonus|PREVAREQ:DisableRacialTraits,0|!PREABILITY:1,CATEGORY=Special Ability,TYPE.DwarfAttackBonus	ABILITY:Dwarf Race Trait|AUTOMATIC|Dwarf ~ Dodge Bonus|PREVAREQ:DisableRacialTraits,0|!PREABILITY:1,CATEGORY=Special Ability,TYPE.DwarfDodgeBonus	ABILITY:Dwarf Race Trait|AUTOMATIC|Dwarf ~ Appraise Bonus|PREVAREQ:DisableRacialTraits,0|!PREABILITY:1,CATEGORY=Special Ability,TYPE.DwarfAppraiseBonus	ABILITY:Dwarf Race Trait|AUTOMATIC|Dwarf ~ Craft Bonus|PREVAREQ:DisableRacialTraits,0|!PREABILITY:1,CATEGORY=Special Ability,TYPE.DwarfCraftBonus	ABILITY:Internal|AUTOMATIC|Language ~ Auto (Dwarf)|!PREABILITY:1,CATEGORY=Internal,TYPE.AutoLangReplace	ABILITY:Internal|AUTOMATIC|Language ~ Bonus (Dragonlance Hill Dwarf)|!PREABILITY:1,CATEGORY=Internal,TYPE.BonusLangReplace	BONUS:STAT|CON|2|TYPE=Racial|PREVAREQ:DisableRacialStats,0	BONUS:STAT|CHA|-2|TYPE=Racial|PREVAREQ:DisableRacialStats,0
Mountain Dwarf (Krynn)		KEY:Dwarf ~ Mountain (Krynn)			CATEGORY:Internal			TYPE:DwarfSubrace.Krynn_Campaign.AltSubraceChoice	PREMULT:1,[!PREABILITY:1,CATEGORY=Internal,TYPE.AltSubraceChoice],[PREABILITY:1,CATEGORY=Internal,Dwarf ~ Mountain (Krynn)]			COST:0	PREABILITY:1,CATEGORY=Internal,TYPE.RaceRestriction_Dragonlance	TEMPLATE:Subrace ~ Mountain	UNENCUMBEREDMOVE:HeavyLoad|HeavyArmor	ABILITY:Internal|AUTOMATIC|Favored Class ~ Fighter|PREVAREQ:RemoveDefaultFavoredClass,0	ABILITY:Dwarf Race Trait|AUTOMATIC|Dwarf ~ Darkvision|PREVAREQ:DisableRacialTraits,0|!PREABILITY:1,CATEGORY=Special Ability,TYPE.DwarfRacialVision	ABILITY:Dwarf Race Trait|AUTOMATIC|Dwarf ~ Weapon Familiarity|PREVAREQ:DisableRacialTraits,0|!PREABILITY:1,CATEGORY=Special Ability,TYPE.DwarfWeaponFamiliarity	ABILITY:Dwarf Race Trait|AUTOMATIC|Dwarf ~ Stonecunning|PREVAREQ:DisableRacialTraits,0|!PREABILITY:1,CATEGORY=Special Ability,TYPE.DwarfStonecunning	ABILITY:Dwarf Race Trait|AUTOMATIC|Dwarf ~ Stability|PREVAREQ:DisableRacialTraits,0|!PREABILITY:1,CATEGORY=Special Ability,TYPE.DwarfStability	ABILITY:Dwarf Race Trait|AUTOMATIC|Dwarf ~ Poison Save Bonus|PREVAREQ:DisableRacialTraits,0|!PREABILITY:1,CATEGORY=Special Ability,TYPE.DwarfPoisonSaveBonus	ABILITY:Dwarf Race Trait|AUTOMATIC|Dwarf ~ Spell Save Bonus|PREVAREQ:DisableRacialTraits,0|!PREABILITY:1,CATEGORY=Special Ability,TYPE.DwarfSpellSaveBonus	ABILITY:Dwarf Race Trait|AUTOMATIC|Dwarf ~ Attack Bonus|PREVAREQ:DisableRacialTraits,0|!PREABILITY:1,CATEGORY=Special Ability,TYPE.DwarfAttackBonus	ABILITY:Dwarf Race Trait|AUTOMATIC|Dwarf ~ Dodge Bonus|PREVAREQ:DisableRacialTraits,0|!PREABILITY:1,CATEGORY=Special Ability,TYPE.DwarfDodgeBonus	ABILITY:Dwarf Race Trait|AUTOMATIC|Dwarf ~ Appraise Bonus|PREVAREQ:DisableRacialTraits,0|!PREABILITY:1,CATEGORY=Special Ability,TYPE.DwarfAppraiseBonus	ABILITY:Dwarf Race Trait|AUTOMATIC|Dwarf ~ Craft Bonus|PREVAREQ:DisableRacialTraits,0|!PREABILITY:1,CATEGORY=Special Ability,TYPE.DwarfCraftBonus	ABILITY:Internal|AUTOMATIC|Language ~ Auto (Dwarf)|!PREABILITY:1,CATEGORY=Internal,TYPE.AutoLangReplace	ABILITY:Internal|AUTOMATIC|Language ~ Bonus (Dragonlance Mountain Dwarf)|!PREABILITY:1,CATEGORY=Internal,TYPE.BonusLangReplace	BONUS:STAT|CON|2|TYPE=Racial|PREVAREQ:DisableRacialStats,0	BONUS:STAT|CHA|-2|TYPE=Racial|PREVAREQ:DisableRacialStats,0
Dark Dwarf (Krynn)		KEY:Dwarf ~ Dark (Krynn)			CATEGORY:Internal			TYPE:DwarfSubrace.Krynn_Campaign.AltSubraceChoice	PREMULT:1,[!PREABILITY:1,CATEGORY=Internal,TYPE.AltSubraceChoice],[PREABILITY:1,CATEGORY=Internal,Dwarf ~ Dark (Krynn)]				COST:0	PREABILITY:1,CATEGORY=Internal,TYPE.RaceRestriction_Dragonlance	TEMPLATE:Subrace ~ Dark		UNENCUMBEREDMOVE:HeavyLoad|HeavyArmor	ABILITY:Internal|AUTOMATIC|Favored Class ~ Rogue|PREVAREQ:RemoveDefaultFavoredClass,0		ABILITY:Dwarf Race Trait|AUTOMATIC|Dwarf ~ Weapon Familiarity|PREVAREQ:DisableRacialTraits,0|!PREABILITY:1,CATEGORY=Special Ability,TYPE.DwarfWeaponFamiliarity	ABILITY:Dwarf Race Trait|AUTOMATIC|Dwarf ~ Stonecunning|PREVAREQ:DisableRacialTraits,0|!PREABILITY:1,CATEGORY=Special Ability,TYPE.DwarfStonecunning	ABILITY:Dwarf Race Trait|AUTOMATIC|Dwarf ~ Stability|PREVAREQ:DisableRacialTraits,0|!PREABILITY:1,CATEGORY=Special Ability,TYPE.DwarfStability	ABILITY:Dwarf Race Trait|AUTOMATIC|Dwarf ~ Poison Save Bonus|PREVAREQ:DisableRacialTraits,0|!PREABILITY:1,CATEGORY=Special Ability,TYPE.DwarfPoisonSaveBonus	ABILITY:Dwarf Race Trait|AUTOMATIC|Dwarf ~ Spell Save Bonus|PREVAREQ:DisableRacialTraits,0|!PREABILITY:1,CATEGORY=Special Ability,TYPE.DwarfSpellSaveBonus	ABILITY:Dwarf Race Trait|AUTOMATIC|Dwarf ~ Attack Bonus|PREVAREQ:DisableRacialTraits,0|!PREABILITY:1,CATEGORY=Special Ability,TYPE.DwarfAttackBonus	ABILITY:Dwarf Race Trait|AUTOMATIC|Dwarf ~ Dodge Bonus|PREVAREQ:DisableRacialTraits,0|!PREABILITY:1,CATEGORY=Special Ability,TYPE.DwarfDodgeBonus	ABILITY:Dwarf Race Trait|AUTOMATIC|Dwarf ~ Appraise Bonus|PREVAREQ:DisableRacialTraits,0|!PREABILITY:1,CATEGORY=Special Ability,TYPE.DwarfAppraiseBonus	ABILITY:Dwarf Race Trait|AUTOMATIC|Dwarf ~ Craft Bonus|PREVAREQ:DisableRacialTraits,0|!PREABILITY:1,CATEGORY=Special Ability,TYPE.DwarfCraftBonus	ABILITY:Internal|AUTOMATIC|Language ~ Auto (Dwarf)|!PREABILITY:1,CATEGORY=Internal,TYPE.AutoLangReplace	ABILITY:Internal|AUTOMATIC|Language ~ Bonus (Dwarf)|!PREABILITY:1,CATEGORY=Internal,TYPE.BonusLangReplace	ABILITY:Dwarf Race Trait|AUTOMATIC|Dwarf (DL Dark) ~ Darkvision|PREVAREQ:DisableRacialTraits,0|!PREABILITY:1,CATEGORY=Special Ability,TYPE.DwarfRacialVision	ABILITY:Dwarf Race Trait|AUTOMATIC|Dwarf (DL Dark) ~ Racial Skill Bonuses|PREVAREQ:DisableRacialTraits,0	ABILITY:Dwarf Race Trait|AUTOMATIC|Dwarf (DL Dark) ~ Light Sensitivity|PREVAREQ:DisableRacialTraits,0	BONUS:STAT|CON|2|TYPE=Racial|PREVAREQ:DisableRacialStats,0	BONUS:STAT|CHA|-4|TYPE=Racial|PREVAREQ:DisableRacialStats,0
Gully Dwarf (Krynn)		KEY:Dwarf ~ Gully (Krynn)			CATEGORY:Internal			TYPE:DwarfSubrace.Krynn_Campaign.AltSubraceChoice	PREMULT:1,[!PREABILITY:1,CATEGORY=Internal,TYPE.AltSubraceChoice],[PREABILITY:1,CATEGORY=Internal,Dwarf ~ Gully (Krynn)]			COST:0	PREABILITY:1,CATEGORY=Internal,TYPE.RaceRestriction_Dragonlance	TEMPLATE:Subrace ~ Gully								ABILITY:Internal|AUTOMATIC|Favored Class ~ Rogue|PREVAREQ:RemoveDefaultFavoredClass,0		ABILITY:Dwarf Race Trait|AUTOMATIC|Dwarf (DL Gully) ~ Small	ABILITY:Dwarf Race Trait|AUTOMATIC|Dwarf (DL Gully) ~ Speed	ABILITY:Dwarf Race Trait|AUTOMATIC|Dwarf (DL Gully) ~ Survival Instinct	ABILITY:Dwarf Race Trait|AUTOMATIC|Dwarf (DL Gully) ~ Hardy	ABILITY:Dwarf Race Trait|AUTOMATIC|Dwarf (DL Gully) ~ Pitiable	ABILITY:Dwarf Race Trait|AUTOMATIC|Dwarf (DL Gully) ~ Cowardly	ABILITY:Internal|AUTOMATIC|Language ~ Auto (Gully Dwarf)|!PREABILITY:1,CATEGORY=Internal,TYPE.AutoLangReplace	BONUS:STAT|DEX|2|TYPE=Racial|PREVAREQ:DisableRacialStats,0	BONUS:STAT|CON|2|TYPE=Racial|PREVAREQ:DisableRacialStats,0	BONUS:STAT|INT|-4|TYPE=Racial|PREVAREQ:DisableRacialStats,0	BONUS:STAT|CHA|-4|TYPE=Racial|PREVAREQ:DisableRacialStats,0

# Elves
Kagonesti (Krynn)			KEY:Elf ~ Kagonesti (Krynn)			CATEGORY:Internal			TYPE:ElfSubrace.Krynn_Campaign.AltSubraceChoice		PREMULT:1,[!PREABILITY:1,CATEGORY=Internal,TYPE.AltSubraceChoice],[PREABILITY:1,CATEGORY=Internal,Elf ~ Kagonesti (Krynn)]			COST:0	PREABILITY:1,CATEGORY=Internal,TYPE.RaceRestriction_Dragonlance	TEMPLATE:Subrace ~ Kagonesti								ABILITY:Internal|AUTOMATIC|Favored Class ~ Wizard|PREVAREQ:RemoveDefaultFavoredClass,0	ABILITY:Elf Race Trait|AUTOMATIC|Elf ~ Racial Immunity|PREVAREQ:DisableRacialTraits,0|!PREABILITY:1,CATEGORY=Special Ability,TYPE.ElfRacialImmunity	ABILITY:Elf Race Trait|AUTOMATIC|Elf ~ Low-Light Vision|PREVAREQ:DisableRacialTraits,0|!PREABILITY:1,CATEGORY=Special Ability,TYPE.ElfLowLightVision		ABILITY:Internal|AUTOMATIC|Language ~ Auto (Kagonesti Elf)|!PREABILITY:1,CATEGORY=Internal,TYPE.AutoLangReplace	ABILITY:Internal|AUTOMATIC|Language ~ Bonus (Kagonesti Elf)|!PREABILITY:1,CATEGORY=Internal,TYPE.BonusLangReplace	BONUS:STAT|DEX|2|TYPE=Racial|PREVAREQ:DisableRacialStats,0	BONUS:STAT|INT|-2|TYPE=Racial|PREVAREQ:DisableRacialStats,0	BONUS:STAT|CHA|-2|TYPE=Racial|PREVAREQ:DisableRacialStats,0		ABILITY:Elf Race Trait|AUTOMATIC|Elf (DL) Kagonesti ~ Weapon Proficiency|PREVAREQ:DisableRacialTraits,0	ABILITY:Elf Race Trait|AUTOMATIC|Elf (DL) Kagonesti ~ Skill Bonus|PREVAREQ:DisableRacialTraits,0
Qualinesti (Krynn)		KEY:Elf ~ Qualinesti (Krynn)			CATEGORY:Internal			TYPE:ElfSubrace.Krynn_Campaign				PREMULT:1,[!PREABILITY:1,CATEGORY=Internal,TYPE.AltSubraceChoice],[PREABILITY:1,CATEGORY=Internal,Elf ~ Qualinesti (Krynn)]			COST:0	PREABILITY:1,CATEGORY=Internal,TYPE.RaceRestriction_Dragonlance	TEMPLATE:Subrace ~ Qualinesti								ABILITY:Internal|AUTOMATIC|Favored Class ~ Wizard|PREVAREQ:RemoveDefaultFavoredClass,0	ABILITY:Elf Race Trait|AUTOMATIC|Elf ~ Racial Immunity|PREVAREQ:DisableRacialTraits,0|!PREABILITY:1,CATEGORY=Special Ability,TYPE.ElfRacialImmunity	ABILITY:Elf Race Trait|AUTOMATIC|Elf ~ Low-Light Vision|PREVAREQ:DisableRacialTraits,0|!PREABILITY:1,CATEGORY=Special Ability,TYPE.ElfLowLightVision	ABILITY:Elf Race Trait|AUTOMATIC|Elf ~ Weapon Proficiency|PREVAREQ:DisableRacialTraits,0|!PREABILITY:1,CATEGORY=Special Ability,TYPE.ElfWeaponProficiency		ABILITY:Elf Race Trait|AUTOMATIC|Elf (DL) Qualinesti ~ Skill Bonus|PREVAREQ:DisableRacialTraits,0|!PREABILITY:1,CATEGORY=Special Ability,TYPE.ElfSkillBonus	ABILITY:Internal|AUTOMATIC|Language ~ Auto (Qualinesti Elf)|!PREABILITY:1,CATEGORY=Internal,TYPE.AutoLangReplace	ABILITY:Internal|AUTOMATIC|Language ~ Bonus (Qualinesti Elf)|!PREABILITY:1,CATEGORY=Internal,TYPE.BonusLangReplace	BONUS:STAT|CON|-2|TYPE=Racial|PREVAREQ:DisableRacialStats,0	BONUS:STAT|DEX|2|TYPE=Racial|PREVAREQ:DisableRacialStats,0
Silvanesti (Krynn)		KEY:Elf ~ Silvanesti (Krynn)			CATEGORY:Internal			TYPE:ElfSubrace.Krynn_Campaign.AltSubraceChoice		PREMULT:1,[!PREABILITY:1,CATEGORY=Internal,TYPE.AltSubraceChoice],[PREABILITY:1,CATEGORY=Internal,Elf ~ Silvanesti (Krynn)]			COST:0	PREABILITY:1,CATEGORY=Internal,TYPE.RaceRestriction_Dragonlance	TEMPLATE:Subrace ~ Silvanesti								ABILITY:Internal|AUTOMATIC|Favored Class ~ Wizard|PREVAREQ:RemoveDefaultFavoredClass,0	ABILITY:Elf Race Trait|AUTOMATIC|Elf ~ Racial Immunity|PREVAREQ:DisableRacialTraits,0|!PREABILITY:1,CATEGORY=Special Ability,TYPE.ElfRacialImmunity	ABILITY:Elf Race Trait|AUTOMATIC|Elf ~ Low-Light Vision|PREVAREQ:DisableRacialTraits,0|!PREABILITY:1,CATEGORY=Special Ability,TYPE.ElfLowLightVision	ABILITY:Elf Race Trait|AUTOMATIC|Elf ~ Weapon Proficiency|PREVAREQ:DisableRacialTraits,0|!PREABILITY:1,CATEGORY=Special Ability,TYPE.ElfWeaponProficiency		ABILITY:Elf Race Trait|AUTOMATIC|Elf ~ Skill Bonus|PREVAREQ:DisableRacialTraits,0|!PREABILITY:1,CATEGORY=Special Ability,TYPE.ElfSkillBonus	ABILITY:Internal|AUTOMATIC|Language ~ Auto (Silvanesti Elf)|!PREABILITY:1,CATEGORY=Internal,TYPE.AutoLangReplace	ABILITY:Internal|AUTOMATIC|Language ~ Bonus (Silvanesti Elf)|!PREABILITY:1,CATEGORY=Internal,TYPE.BonusLangReplace	BONUS:STAT|DEX|2|TYPE=Racial|PREVAREQ:DisableRacialStats,0	BONUS:STAT|INT|2|TYPE=Racial|PREVAREQ:DisableRacialStats,0	BONUS:STAT|CON|-2|TYPE=Racial|PREVAREQ:DisableRacialStats,0	BONUS:STAT|CHA|-2|TYPE=Racial|PREVAREQ:DisableRacialStats,0

Half-Elf				KEY:Half-Elf (Krynn)				CATEGORY:Internal			TYPE:HalfElfSubrace.HalfElfBase				PREMULT:1,[!PREABILITY:1,CATEGORY=Internal,TYPE.AltSubraceChoice],[PREABILITY:1,CATEGORY=Internal,Half-Elf (Krynn)]				COST:0	PREABILITY:1,CATEGORY=Internal,TYPE.RaceRestriction_Dragonlance	TEMPLATE:Half-Elf										ABILITY:Internal|AUTOMATIC|Favored Class ~ HIGHESTLEVELCLASS|PREVAREQ:RemoveDefaultFavoredClass,0		ABILITY:Half-Elf Race Trait|AUTOMATIC|Half-Elf ~ Elven Blood|!PREABILITY:1,CATEGORY=Special Ability,TYPE.HalfElfBlood	ABILITY:Half-Elf Race Trait|AUTOMATIC|Half-Elf ~ Racial +1 Skill Bonus|PREVAREQ:DisableRacialTraits,0|!PREABILITY:1,CATEGORY=Special Ability,TYPE.HalfElfPerception	ABILITY:Half-Elf Race Trait|AUTOMATIC|Half-Elf ~ Racial +2 Skill Bonus|PREVAREQ:DisableRacialTraits,0|!PREABILITY:1,CATEGORY=Special Ability,TYPE.HalfElfPersuasion	ABILITY:Half-Elf Race Trait|AUTOMATIC|Half-Elf ~ Racial Immunity|PREVAREQ:DisableRacialTraits,0|!PREABILITY:1,CATEGORY=Special Ability,TYPE.HalfElfImmunity	ABILITY:Internal|AUTOMATIC|Language ~ Auto (Elf)|!PREABILITY:1,CATEGORY=Internal,TYPE.AutoLangReplace	ABILITY:Internal|AUTOMATIC|Language ~ Bonus (Half-Elf)|!PREABILITY:1,CATEGORY=Internal,TYPE.BonusLangReplace																																																																																																																																																											COST:0

Dargonesti (Krynn)		KEY:Elf ~ Dargonesti (Krynn)			CATEGORY:Internal			TYPE:ElfSubrace.Krynn_Campaign.AltSubraceChoice		PREMULT:1,[!PREABILITY:1,CATEGORY=Internal,TYPE.AltSubraceChoice],[PREABILITY:1,CATEGORY=Internal,Elf ~ Dargonesti (Krynn)]			COST:0	PREABILITY:1,CATEGORY=Internal,TYPE.RaceRestriction_Dragonlance	TEMPLATE:Subrace ~ Dargonesti								ABILITY:Internal|AUTOMATIC|Favored Class ~ Fighter|PREVAREQ:RemoveDefaultFavoredClass,0		ABILITY:Elf Race Trait|AUTOMATIC|TYPE=DL_SeaElfRacialTrait	ABILITY:Elf Race Trait|AUTOMATIC|TYPE=Dargonesti Elf Race Trait	ABILITY:Internal|AUTOMATIC|Language ~ Auto (Dargonesti Elf)|!PREABILITY:1,CATEGORY=Internal,TYPE.AutoLangReplace	ABILITY:Internal|AUTOMATIC|Language ~ Bonus (Dargonesti Elf)|!PREABILITY:1,CATEGORY=Internal,TYPE.BonusLangReplace	BONUS:STAT|STR|2|TYPE=Racial|PREVAREQ:DisableRacialStats,0	BONUS:STAT|DEX|2|TYPE=Racial|PREVAREQ:DisableRacialStats,0	BONUS:STAT|CHA|-2|TYPE=Racial|PREVAREQ:DisableRacialStats,0
Dimeresti (Krynn)			KEY:Elf ~ Dimeresti (Krynn)			CATEGORY:Internal			TYPE:ElfSubrace.Krynn_Campaign.AltSubraceChoice		PREMULT:1,[!PREABILITY:1,CATEGORY=Internal,TYPE.AltSubraceChoice],[PREABILITY:1,CATEGORY=Internal,Elf ~ Dimeresti (Krynn)]			COST:0	PREABILITY:1,CATEGORY=Internal,TYPE.RaceRestriction_Dragonlance	TEMPLATE:Subrace ~ Dimeresti								ABILITY:Internal|AUTOMATIC|Favored Class ~ Barbarian|PREVAREQ:RemoveDefaultFavoredClass,0		ABILITY:Elf Race Trait|AUTOMATIC|TYPE=DL_SeaElfRacialTrait	ABILITY:Elf Race Trait|AUTOMATIC|TYPE=Dimeresti Elf Race Trait	ABILITY:Internal|AUTOMATIC|Language ~ Auto (Dimeresti Elf)|!PREABILITY:1,CATEGORY=Internal,TYPE.AutoLangReplace	ABILITY:Internal|AUTOMATIC|Language ~ Bonus (Dimeresti Elf)|!PREABILITY:1,CATEGORY=Internal,TYPE.BonusLangReplace		BONUS:STAT|DEX|2|TYPE=Racial|PREVAREQ:DisableRacialStats,0	BONUS:STAT|INT|2|TYPE=Racial|PREVAREQ:DisableRacialStats,0	BONUS:STAT|WIS|-2|TYPE=Racial|PREVAREQ:DisableRacialStats,0	BONUS:STAT|CHA|-2|TYPE=Racial|PREVAREQ:DisableRacialStats,0


# Gnomes
Gnome (Krynn)			KEY:Gnome ~ Gnome (Krynn)			CATEGORY:Internal			TYPE:GnomeSubrace.Krynn_Campaign				PREMULT:1,[!PREABILITY:1,CATEGORY=Internal,TYPE.AltSubraceChoice],[PREABILITY:1,CATEGORY=Internal,Gnome ~ Gnome (Krynn)]			COST:0	PREABILITY:1,CATEGORY=Internal,TYPE.RaceRestriction_Dragonlance													ABILITY:Internal|AUTOMATIC|Favored Class ~ HIGHESTLEVELCLASS|PREVAREQ:RemoveDefaultFavoredClass,0	ABILITY:Internal|AUTOMATIC|Language ~ Auto (Gnome)|!PREABILITY:1,CATEGORY=Internal,TYPE.AutoLangReplace	ABILITY:Internal|AUTOMATIC|Language ~ Bonus (Dragonlance Gnome)|!PREABILITY:1,CATEGORY=Internal,TYPE.BonusLangReplace		BONUS:STAT|DEX|2|TYPE=Racial|PREVAREQ:DisableRacialStats,0	BONUS:STAT|INT|2|TYPE=Racial|PREVAREQ:DisableRacialStats,0	BONUS:STAT|STR|-2|TYPE=Racial|PREVAREQ:DisableRacialStats,0	BONUS:STAT|WIS|-2|TYPE=Racial|PREVAREQ:DisableRacialStats,0	ABILITY:Gnome Race Trait|AUTOMATIC|TYPE=Gnome Race Trait|PREVAREQ:DisableRacialTraits,0
Mad Gnome (Krynn)			KEY:Gnome ~ Mad Gnome (Krynn)			CATEGORY:Internal			TYPE:GnomeSubrace.Krynn_Campaign.AltSubraceChoice	PREMULT:1,[!PREABILITY:1,CATEGORY=Internal,TYPE.AltSubraceChoice],[PREABILITY:1,CATEGORY=Internal,Gnome ~ Mad Gnome (Krynn)]			COST:0	PREABILITY:1,CATEGORY=Internal,TYPE.RaceRestriction_Dragonlance	TEMPLATE:Subrace ~ Mad									ABILITY:Internal|AUTOMATIC|Favored Class ~ HIGHESTLEVELCLASS|PREVAREQ:RemoveDefaultFavoredClass,0	ABILITY:Internal|AUTOMATIC|Language ~ Auto (Gnome)|!PREABILITY:1,CATEGORY=Internal,TYPE.AutoLangReplace	ABILITY:Internal|AUTOMATIC|Language ~ Bonus (Dragonlance Gnome)|!PREABILITY:1,CATEGORY=Internal,TYPE.BonusLangReplace		BONUS:STAT|DEX|2|TYPE=Racial|PREVAREQ:DisableRacialStats,0	BONUS:STAT|STR|-2|TYPE=Racial|PREVAREQ:DisableRacialStats,0	ABILITY:Gnome Race Trait|AUTOMATIC|TYPE=Mad Gnome Race Trait|PREVAREQ:DisableRacialTraits,0

# Kender
Kender (Krynn)			KEY:Kender ~ Kender (Krynn)			CATEGORY:Internal			TYPE:KenderSubrace.Krynn_Campaign				PREMULT:1,[!PREABILITY:1,CATEGORY=Internal,TYPE.AltSubraceChoice],[PREABILITY:1,CATEGORY=Internal,Kender ~ Kender (Krynn)]			COST:0	PREABILITY:1,CATEGORY=Internal,TYPE.RaceRestriction_Dragonlance													ABILITY:Internal|AUTOMATIC|Favored Class ~ Rogue|PREVAREQ:RemoveDefaultFavoredClass,0				ABILITY:Kender Race Trait|AUTOMATIC|Kender ~ Save Bonus	ABILITY:Kender Race Trait|AUTOMATIC|Kender ~ Spot Bonus	ABILITY:Kender Race Trait|AUTOMATIC|Kender ~ Thievery Bonus	ABILITY:Kender Race Trait|AUTOMATIC|Kender ~ Lack of Focus	ABILITY:Kender Race Trait|AUTOMATIC|Kender ~ Taunt	ABILITY:Kender Race Trait|AUTOMATIC|Kender ~ Fearlessness
Afflicted Kender (Krynn)	KEY:Kender ~ Afflicted Kender (Krynn)	CATEGORY:Internal			TYPE:KenderSubrace.Krynn_Campaign.AltSubraceChoice	PREMULT:1,[!PREABILITY:1,CATEGORY=Internal,TYPE.AltSubraceChoice],[PREABILITY:1,CATEGORY=Internal,Kender ~ Afflicted Kender (Krynn)]	COST:0	PREABILITY:1,CATEGORY=Internal,TYPE.RaceRestriction_Dragonlance	TEMPLATE:Subrace ~ Afflicted								ABILITY:Internal|AUTOMATIC|Favored Class ~ Rogue|PREVAREQ:RemoveDefaultFavoredClass,0				ABILITY:Kender Race Trait|AUTOMATIC|Afflicted Kender ~ Skill Bonus	ABILITY:Kender Race Trait|AUTOMATIC|Kender ~ Save Bonus	ABILITY:Kender Race Trait|AUTOMATIC|Kender ~ Spot Bonus	ABILITY:Kender Race Trait|AUTOMATIC|Kender ~ Thievery Bonus


#
# Racial Traits
#

###Block: Dark Dwarf Traits
Darkvision			KEY:Dwarf (DL Dark) ~ Darkvision			SOURCEPAGE:p.14	CATEGORY:Special Ability	TYPE:Race Trait.Dwarf Race Trait.Dark Dwarf Race Trait.SpecialQuality				VISIBLE:YES	BONUS:VAR|DarkvisionRange|120|TYPE=Base	DESC:Darkvision out to 120 feet.
Racial Skill Bonuses	KEY:Dwarf (DL Dark) ~ Racial Skill Bonuses	SOURCEPAGE:p.14	CATEGORY:Special Ability	TYPE:Race Trait.Dwarf Race Trait.Dark Dwarf Race Trait.SpecialQuality				VISIBLE:YES	BONUS:SKILL|Hide,Listen,Move Silently|2|TYPE=Racial	DESC:+2 racial bonus on Hide, Listen, and Move Silently checks. Dark dwarves are skilled in skulking in the darkness, and make excellent spies.
Light Sensitivity		KEY:Dwarf (DL Dark) ~ Light Sensitivity		SOURCEPAGE:p.14	CATEGORY:Special Ability	TYPE:Race Trait.Dwarf Race Trait.Dark Dwarf Race Trait.SpecialQuality				VISIBLE:YES	DESC:Dark dwarves take a -2 circumstance penalty on attack rolls, saves, and checks in bright sunlight or within the radius of a daylight spell.

###Block: Gully Dwarf Traits
Small				KEY:Dwarf (DL Gully) ~ Small			SOURCEPAGE:p.16	CATEGORY:Special Ability	TYPE:Race Trait.Dwarf Race Trait.Gully Dwarf Race Trait.SpecialQuality	BONUS:SIZEMOD|NUMBER|-1		DESC:As Small creatures, gully dwarves gain a +1 size bonus to Armor class, a +1 size bonu on attack rolls, and a +4 size bonus on Hide checks, but they must use smaller weapons than humans use, and their lifting and carrying limits are three-quarters of those of Medium creatures.
Speed				KEY:Dwarf (DL Gully) ~ Speed			SOURCEPAGE:p.16	CATEGORY:Special Ability	TYPE:Race Trait.Dwarf Race Trait.Gully Dwarf Race Trait.SpecialQuality	BONUS:VAR|Base_Move|20|TYPE=Base	DESC:Gully dwarf base land speed is 20 feet.
Survival Instinct		KEY:Dwarf (DL Gully) ~ Survival Instinct	SOURCEPAGE:p.16	CATEGORY:Special Ability	TYPE:Race Trait.Dwarf Race Trait.Gully Dwarf Race Trait.SpecialQuality	DESC:Gully dwarves are driven to survive. They recieve a +2 racial bonus on Hide, Move Silently, and Survival checks. Gully dwarves may use Survival checks even in cities to forage for food and basic necessities.
Hardy				KEY:Dwarf (DL Gully) ~ Hardy			SOURCEPAGE:p.16	CATEGORY:Special Ability	TYPE:Race Trait.Dwarf Race Trait.Gully Dwarf Race Trait.SpecialQuality	DESC:Gully dwarves are resistant to the effects of disease and poison, receiving a +2 racial bonus on Fortitude saves to resist the effect of poison and disease.
Pitiable			KEY:Dwarf (DL Gully) ~ Pitiable		SOURCEPAGE:p.16	CATEGORY:Special Ability	TYPE:Race Trait.Dwarf Race Trait.Gully Dwarf Race Trait.SpecialQuality	DESC:+4 racial bonus on Diplomacy checks used to convince an enemy not to harm them.
Cowardly			KEY:Dwarf (DL Gully) ~ Cowardly		SOURCEPAGE:p.16	CATEGORY:Special Ability	TYPE:Race Trait.Dwarf Race Trait.Gully Dwarf Race Trait.SpecialQuality	DESC:=4 penalty on level checks to resist Intimidation checks made against them and on saving throws against fear.

###Block: Elvensight
Elvensight			KEY:Elf (DL) ~ Elvensight			SOURCEPAGE:p.18	CATEGORY:Special Ability	TYPE:Race Trait.Elf Race Trait.SpecialQuality	BONUS:VAR|HasLowlightVision|1	BONUS:VAR|DarkvisionRange|30|TYPE=Base	DESC:Krynn elves have low-light vision, and can see twice as far as a human in starlight, moonlight, and similar conditions or poor illumination. They retain the ability to distinguish color and detail under these circumstances. Elvensight also includes darkvision up to 30 feet. Darkvision is black and white only, but it is otherwise like normal sight.


###Block: Kagonesti Traits
Weapon Proficiency	KEY:Elf (DL) Kagonesti ~ Weapon Proficiency	SOURCEPAGE:p.18	CATEGORY:Special Ability	TYPE:Race Trait.Elf Race Trait.Kagonesti Elf Race Trait.SpecialQuality		ABILITY:FEAT|AUTOMATIC|Martial Weapon Proficiency (Sword (Short))|Martial Weapon Proficiency (Longspear)|Martial Weapon Proficiency (Shortbow)|Martial Weapon Proficiency (Longbow)
Skill Bonus			KEY:Elf (DL) Kagonesti ~ Skill Bonus		SOURCEPAGE:p.18	CATEGORY:Special Ability	TYPE:Race Trait.Elf Race Trait.Kagonesti Elf Race Trait.SpecialQuality	BONUS:SKILL|Knowledge (Nature),Survival|1|TYPE=Racial


###Block: Qualinesti Traits (Default)
Skill Bonus			KEY:Elf (DL) Qualinesti ~ Skill Bonus		SOURCEPAGE:p.19	CATEGORY:Special Ability	TYPE:Race Trait.Elf Race Trait.Qualinesti Elf Race Trait.SpecialQuality	BONUS:SKILL|Diplomacy,Sense Motive|1|TYPE=Racial


###Block: Silvanesti Traits
Skill Bonus			KEY:Elf (DL) Silvanesti ~ Skill Bonus		SOURCEPAGE:p.19	CATEGORY:Special Ability	TYPE:Race Trait.Elf Race Trait.Silvanesti Elf Race Trait.SpecialQuality	BONUS:SKILL|Diplomacy,Sense Motive|1|TYPE=Racial


###Block: Sea Elf Racial Traits
#Sea Elf Racial Traits									SOURCEPAGE:p.24	CATEGORY:Special Ability	ABILITY:Elf Race Trait|AUTOMATIC|TYPE=DL_SeaElfRacialTrait

Medium			KEY:Elf (DL) Sea ~ Medium				SOURCEPAGE:p.24	CATEGORY:Special Ability	TYPE:DL_SeaElfRacialTrait.Race Trait.Elf Race Trait.Sea Elf Race Trait.SpecialQuality				DESC:Medium
Movement			KEY:Elf (DL) Sea ~ Movement				SOURCEPAGE:p.24	CATEGORY:Special Ability	TYPE:DL_SeaElfRacialTrait.Race Trait.Elf Race Trait.Sea Elf Race Trait.SpecialQuality				DESC:Base land speed 30 feet. They also have a swim speed of 30 feet.
Breathe Water		KEY:Elf (DL) Sea ~ Breathe Water			SOURCEPAGE:p.24	CATEGORY:Special Ability	TYPE:DL_SeaElfRacialTrait.Race Trait.Elf Race Trait.Sea Elf Race Trait.SpecialQuality.Extraordinary	DESC:Sea elves can breathe water as an extraordinary ability.
Immunities			KEY:Elf (DL) Sea ~ Immunities				SOURCEPAGE:p.24	CATEGORY:Special Ability	TYPE:DL_SeaElfRacialTrait.Race Trait.Elf Race Trait.Sea Elf Race Trait.SpecialQuality			DESC:Immunity to magic sleep spells and effects, and a +2 racial saving throw bonus against Enchantment spells or effects.
Weapon Proficiency	KEY:Elf (DL) Sea ~ Weapon Proficiency		SOURCEPAGE:p.24	CATEGORY:Special Ability	TYPE:DL_SeaElfRacialTrait.Race Trait.Elf Race Trait.Sea Elf Race Trait.SpecialQuality			ABILITY:FEAT|AUTOMATIC|Martial Weapon Proficiency (Trident)|Martial Weapon Proficiency (Longspear)|Exotic Weapon Proficiency (Net)
Skill Bonus			KEY:Elf (DL) Sea ~ Skill Bonus			SOURCEPAGE:p.24	CATEGORY:Special Ability	TYPE:DL_SeaElfRacialTrait.Race Trait.Elf Race Trait.Sea Elf Race Trait.SpecialQuality			BONUS:SKILL|Listen,Search,Spot|2|TYPE=Racial
Seasense			KEY:Elf (DL) Sea ~ Seasense				SOURCEPAGE:p.24	CATEGORY:Special Ability	TYPE:DL_SeaElfRacialTrait.Race Trait.Elf Race Trait.Sea Elf Race Trait.SpecialQuality			DESC:+2 racial bonus on checks to notice peculiarities about water.

###Block: Dargonesti Traits
Darkvision			KEY:Elf (DL) Dargonesti ~ Darkvision		SOURCEPAGE:p.24	CATEGORY:Special Ability	TYPE:Race Trait.Elf Race Trait.Dargonesti Elf Race Trait.SpecialQuality			BONUS:VAR|DarkvisionRange|60|TYPE=Base
Spell-Like Abilities	KEY:Elf (DL) Dargonesti ~ Spell-Like Abilities	SOURCEPAGE:p.24	CATEGORY:Special Ability	TYPE:Race Trait.Elf Race Trait.Dargonesti Elf Race Trait.SpecialQuality				SPELLS:Innate|CASTERLEVEL=TL|TIMES=1|Blur|Dancing Lights|Darkness|Obscuring Mist
Alternate Form		KEY:Elf (DL) Dargonesti ~ Alternate Form		SOURCEPAGE:p.24	CATEGORY:Special Ability	TYPE:Race Trait.Elf Race Trait.Dargonesti Elf Race Trait.SpecialQuality.Supernatural	DESC:3/day assume the form and phyuusical qualities of a porpoise.
Surface Sensitivity	KEY:Elf (DL) Dargonesti ~ Surface Sensitivity	SOURCEPAGE:p.24	CATEGORY:Special Ability	TYPE:Race Trait.Elf Race Trait.Dargonesti Elf Race Trait.SpecialQuality.Extraordinary	DESC:-2 circumstance penalty on attack rolls, saves, and checks when they have spent more than 24 hours out of water.
Level Adjustment		KEY:Elf (DL) Dargonesti ~ Level Adjustment	SOURCEPAGE:p.25	CATEGORY:Special Ability	TYPE:Race Trait.Elf Race Trait.Dargonesti Elf Race Trait.SpecialQuality			DESC:+1 Level adjustment.	TEMPLATE:Level Adjustment +1

###Block: Dimeresti Traits
Alternate Form		KEY:Elf (DL) Dimeresti ~ Alternate Form		SOURCEPAGE:p.25	CATEGORY:Special Ability	TYPE:Race Trait.Elf Race Trait.Dimeresti Elf Race Trait.SpecialQuality.Supernatural	DESC:3/day assume the form and physical qualities of a medium sea otter.
Surface Sensitivity	KEY:Elf (DL) Dimeresti ~ Surface Sensitivity	SOURCEPAGE:p.25	CATEGORY:Special Ability	TYPE:Race Trait.Elf Race Trait.Dimeresti Elf Race Trait.SpecialQuality.Extraordinary	DESC:-1 circumstance penalty on attack rolls, saves, and checks when they have spent more than 24 hours out of water.
Level Adjustment		KEY:Elf (DL) Dimeresti ~ Level Adjustment		SOURCEPAGE:p.25	CATEGORY:Special Ability	TYPE:Race Trait.Elf Race Trait.Dimeresti Elf Race Trait.SpecialQuality			DESC:+1 Level adjustment.	TEMPLATE:Level Adjustment +1

###Block: Gnome Traits
Small			KEY:Gnome (DL) ~ Small			SOURCEPAGE:p.27	CATEGORY:Special Ability	TYPE:Race Trait.Gnome Race Trait.Mad Gnome Race Trait.SpecialQuality			DESC:Small Size
Movement		KEY:Gnome (DL) ~ Movement		SOURCEPAGE:p.27	CATEGORY:Special Ability	TYPE:Race Trait.Gnome Race Trait.Mad Gnome Race Trait.SpecialQuality			DESC:Land speed 20 feet.
Skill Bonus		KEY:Gnome (DL) ~ Skill Bonus		SOURCEPAGE:p.27	CATEGORY:Special Ability	TYPE:Race Trait.Gnome Race Trait.SpecialQuality							DESC:+2 racial bonus on Craft (Alchemy) checks.	BONUS:SKILL|Craft (Alchemy)|2|TYPE=Racial
Guild Affiliation	KEY:Gnome (DL) ~ Guild Affiliation	SOURCEPAGE:p.27	CATEGORY:Special Ability	TYPE:Race Trait.Gnome Race Trait.Mad Gnome Race Trait.SpecialQuality			DESC:Choose a guild category affiliation.		BONUS:ABILITYPOOL|Gnome Guild Affiliation|1
Save Bonus		KEY:Gnome (DL) ~ Save Bonus		SOURCEPAGE:p.28	CATEGORY:Special Ability	TYPE:Race Trait.Gnome Race Trait.SpecialQuality							DESC:+2 racial bonus on Will saves.			BONUS:SAVE|Will|2|TYPE=Racial


Craft Guild		KEY:Gnome (DL) ~ Guild Affiliation / Craft	CATEGORY:Special Ability	TYPE:Gnome Guild Affiliation	BONUS:SKILL|TYPE=Craft|2|TYPE=Racial
Technical Guild	KEY:Gnome (DL) ~ Guild Affiliation / Technical	CATEGORY:Special Ability	TYPE:Gnome Guild Affiliation	BONUS:SKILL|TYPE=Profession|2|TYPE=Racial
Sage Guild		KEY:Gnome (DL) ~ Guild Affiliation / Sage		CATEGORY:Special Ability	TYPE:Gnome Guild Affiliation	BONUS:SKILL|TYPE=Knowledge|2|TYPE=Racial



###Block: Mad Gnome Traits
Skill Bonus		KEY:Mad Gnome (DL) ~ Skill Bonus		SOURCEPAGE:p.27	CATEGORY:Special Ability	TYPE:Race Trait.Gnome Race Trait.Mad Gnome Race Trait.SpecialQuality	DESC:+2 racial bonus on Open Lock and Disable Device	BONUS:SKILL|Open Lock|2|TYPE=Racial	BONUS:SKILL|Disable Device|2|TYPE=Racial


###Block: Standard Kender
+1 Racial bonus on all saving throws			SOURCEPAGE:p.31	KEY:Kender ~ Save Bonus				CATEGORY:Special Ability	TYPE:SpecialQuality.Kender Race Trait																																																																															BONUS:SAVE|Fortitude,Reflex,Will|1|TYPE=Racial
+2 Racial bonus to spot						SOURCEPAGE:p.31	KEY:Kender ~ Spot Bonus				CATEGORY:Special Ability	TYPE:SpecialQuality.Kender Race Trait																																																																						BONUS:SKILL|Spot|2|TYPE=Racial
+2 Racial bonus to Open Locks and Sleight of Hand	SOURCEPAGE:p.31	KEY:Kender ~ Thievery Bonus			CATEGORY:Special Ability	TYPE:SpecialQuality.Kender Race Trait																																																																						BONUS:SKILL|Open Lock|2|TYPE=Racial	BONUS:SKILL|Sleight of Hand|2|TYPE=Racial
Lack of Focus							SOURCEPAGE:p.31	KEY:Kender ~ Lack of Focus			CATEGORY:Special Ability	TYPE:SpecialQuality.Kender Race Trait																																																																						BONUS:SKILL|Concentration|-4
Taunt									SOURCEPAGE:p.31	KEY:Kender ~ Taunt				CATEGORY:Special Ability	TYPE:SpecialQuality.Kender Race Trait	DESC:Taunted creature suffers a -1 penalty to attack rolls and AC until the kender's next action.																																																																	ASPECT:SkillBonus|+4 to Bluff checks to Taunt someone.
Fearlessness							SOURCEPAGE:p.31	KEY:Kender ~ Fearlessness			CATEGORY:Special Ability	TYPE:SpecialQuality.Kender Race Trait	DESC:Kender are immune to fear, magical or otherwise.

###Block: Afflicted Kender
+2 Racial bonus on Climb, Hide, Jump and Move Silently	SOURCEPAGE:p.31	KEY:Afflicted Kender ~ Skill Bonus		CATEGORY:Special Ability	TYPE:SpecialQuality.Kender Race Trait	BONUS:SKILL|Climb,Hide,Jump,Move Silently|2|TYPE=Racial


###Block: Centaur
Race Traits ~ Centaur (Krynn)													CATEGORY:Internal
Race Traits ~ Draconian (Baaz)												CATEGORY:Internal
Race Traits ~ Draconian (Kapak)												CATEGORY:Internal
Race Traits ~ Irda														CATEGORY:Internal
Race Traits ~ Ogre (Krynn)													CATEGORY:Internal
Race Traits ~ Half-Ogre (Krynn)												CATEGORY:Internal
Race Traits ~ Minotaur (Krynn)												CATEGORY:Internal
Race Traits ~ Draconian (Aurak)												CATEGORY:Internal
Race Traits ~ Draconian (Bozak)												CATEGORY:Internal

###Block: 
Kenderspeak																CATEGORY:Language										AUTO:LANG|Kenderspeak

Language ~ Bonus (Dragonlance Hill Dwarf)			CATEGORY:Internal	TEMPLATE:Language ~ Bonus (Dragonlance Hill Dwarf)		
Language ~ Bonus (Dragonlance Mountain Dwarf)		CATEGORY:Internal	TEMPLATE:Language ~ Bonus (Dragonlance Mountain Dwarf)	


Language ~ Auto (Gully Dwarf)		CATEGORY:Internal	DESC:Gullytalk and Common	AUTO:LANG|Gullytalk|Common

Language ~ Auto (Kagonesti Elf)	CATEGORY:Internal	DESC:Elven and Sylvan		AUTO:LANG|Elven|Sylvan
Language ~ Bonus (Kagonesti Elf)	CATEGORY:Internal	DESC:Common, Ergot, Gnoll, Goblin, Ogre, and Solamnic	TEMPLATE:Language ~ Bonus (Kagonesti Elf)


Language ~ Auto (Qualinesti Elf)	CATEGORY:Internal	DESC:Elven and Sylvan		AUTO:LANG|Elven|Common
Language ~ Bonus (Qualinesti Elf)	CATEGORY:Internal	DESC:Abanasinian, Dwarven, Ergot, Goblin, Ogre, Sylvan	TEMPLATE:Language ~ Bonus (Qualinesti Elf)


Language ~ Auto (Silvanesti Elf)	CATEGORY:Internal	DESC:Elven		AUTO:LANG|Elven
Language ~ Bonus (Silvanesti Elf)	CATEGORY:Internal	DESC:Dwarven, Ergot, Kenderspeak, Kharolian, Khur, Goblin, Ogre, Sylvan	TEMPLATE:Language ~ Bonus (Silvanesti Elf)

Language ~ Auto (Dargonesti Elf)	CATEGORY:Internal	AUTO:LANG|Elven|Dargonesti
Language ~ Bonus (Dargonesti Elf)	CATEGORY:Internal	DESC:Common,Elven,Ergot	TEMPLATE:Language ~ Bonus (Dargonesti Elf)


Language ~ Auto (Dimeresti Elf)	CATEGORY:Internal	AUTO:LANG|Elven|Dimeresti
Language ~ Bonus (Dimeresti Elf)	CATEGORY:Internal	DESC:Aquan,Common,Ergot,Kothian	TEMPLATE:Language ~ Bonus (Dimeresti Elf)

Language ~ Bonus (Dragonlance Gnome)	CATEGORY:Internal	DESC:Dwarven,Ergot,Ogre,Solamnic	TEMPLATE:Language ~ Bonus (Dragonlance Gnome)


###Block: Base Classes
# Mystic
# Ability Name			Unique Key						Category of Ability		Type							Define						Ability														Modify VAR																																																		Aspects
Weapon and Armor Proficiency	KEY:Mystic ~ Weapon and Armor Proficiency	CATEGORY:Special Ability	TYPE:SpecialQuality.Mystic Class Feature								ABILITY:Internal|AUTOMATIC|TYPE=ArmorProfMedium|TYPE=ShieldProf|TYPE=WeaponProfSimple
Domain				KEY:Mystic ~ Domain				CATEGORY:Special Ability	TYPE:SpecialQuality.Mystic Class Feature

# Noble
Weapon and Armor Proficiency	KEY:Noble ~ Weapon and Armor Proficiency	CATEGORY:Special Ability	TYPE:SpecialQuality.Noble Class Feature								ABILITY:Internal|AUTOMATIC|TYPE=ArmorProfLight|TYPE=ShieldProf|TYPE=WeaponProfMartial
Bonus Class Skill			KEY:Noble ~ Bonus Class Skill			CATEGORY:Special Ability	TYPE:SpecialQuality.Noble Class Feature
Favor					KEY:Noble ~ Favor					CATEGORY:Special Ability	TYPE:SpecialQuality.Noble Class Feature	DEFINE:NobleFavorBonus|0																		BONUS:VAR|NobleFavorBonus|1	BONUS:VAR|NobleFavorBonus|1|PREVARGTEQ:NobleLVL,3	BONUS:VAR|NobleFavorBonus|1|PREVARGTEQ:NobleLVL,7	BONUS:VAR|NobleFavorBonus|1|PREVARGTEQ:NobleLVL,12	BONUS:VAR|NobleFavorBonus|1|PREVARGTEQ:NobleLVL,16											ASPECT:NAME|Favor +%1|NobleFavorBonus
Inspire Confidence		KEY:Noble ~ Inspire Confidence		CATEGORY:Special Ability	TYPE:SpecialQuality.Noble Class Feature	DEFINE:NobleInspireConfidenceBonus|0																BONUS:VAR|NobleInspireConfidenceBonus|1|PREVARGTEQ:NobleLVL,5	BONUS:VAR|NobleInspireConfidenceBonus|1|PREVARGTEQ:NobleLVL,9	BONUS:VAR|NobleInspireConfidenceBonus|1|PREVARGTEQ:NobleLVL,13	BONUS:VAR|NobleInspireConfidenceBonus|1|PREVARGTEQ:NobleLVL,17	BONUS:VAR|NobleInspireConfidenceBonus|1	ASPECT:NAME|Inspire Confidence %1/day|NobleInspireConfidenceBonus
Coordinate				KEY:Noble ~ Coordinate				CATEGORY:Special Ability	TYPE:SpecialQuality.Noble Class Feature	DEFINE:NobleCoordinateBonus|0																		BONUS:VAR|NobleCoordinateBonus|1	BONUS:VAR|NobleCoordinateBonus|1|PREVARGTEQ:NobleLVL,8	BONUS:VAR|NobleCoordinateBonus|1|PREVARGTEQ:NobleLVL,13	BONUS:VAR|NobleCoordinateBonus|1|PREVARGTEQ:NobleLVL,18	BONUS:VAR|NobleCoordinateBonus|1|PREVARGTEQ:NobleLVL,20						ASPECT:NAME|Coordinate +%1|NobleCoordinateBonus
Inspire Greatness			KEY:Noble ~ Inspire Greatness			CATEGORY:Special Ability	TYPE:SpecialQuality.Noble Class Feature	DEFINE:NobleInspireGreatness|0																	BONUS:VAR|NobleInspireGreatness|1	BONUS:VAR|NobleInspireGreatness|1|PREVARGTEQ:NobleLVL,14	BONUS:VAR|NobleInspireGreatness|1|PREVARGTEQ:NobleLVL,17	BONUS:VAR|NobleInspireGreatness|1|PREVARGTEQ:NobleLVL,20																ASPECT:NAME|Inspire Greatness (%1 allies)|NobleInspireGreatness

# Ranger - Favored Enemy / Organization Alternative
###Block
# Ability Name			Unique Key							Category of Ability		Type																			Visible	Define								Description																																										Modify VAR											Aspects
Knights of Neraka			KEY:Favored Enemy ~ Knights of Neraka		CATEGORY:Special Ability	TYPE:Class Feature.Ranger Class Feature.FavoredEnemy.SteelLegionnaireFavoredEnemy.Extraordinary.SpecialAttack	VISIBLE:YES	DEFINE:FavoredEnemyBonusKnights_of_Neraka|0		DESC:Gain a +%1 bonus on Bluff, Listen, Sense Motive, Spot, and Survival checks when using these skills against creatures of this type. Likewise, he gets a +%1 bonus on weapon damage rolls against such creatures.|FavoredEnemyBonusKnights_of_Neraka		BONUS:VAR|FavoredEnemyBonusKnights_of_Neraka|FavoredEnemyBase		ASPECT:Ability Benefit|+%1|FavoredEnemyBonusKnights_of_Neraka
Order of the Black Robes	KEY:Favored Enemy ~ Order of the Black Robes	CATEGORY:Special Ability	TYPE:Class Feature.Ranger Class Feature.FavoredEnemy.Extraordinary.SpecialAttack						VISIBLE:YES	DEFINE:FavoredEnemyBonusOrder_of_the_Black_Robes|0	DESC:Gain a +%1 bonus on Bluff, Listen, Sense Motive, Spot, and Survival checks when using these skills against creatures of this type. Likewise, he gets a +%1 bonus on weapon damage rolls against such creatures.|FavoredEnemyBonusOrder_of_the_Black_Robes	BONUS:VAR|FavoredEnemyBonusOrder_of_the_Black_Robes|FavoredEnemyBase	ASPECT:Ability Benefit|+%1|FavoredEnemyBonusOrder_of_the_Black_Robes
Order of the Red Robes		KEY:Favored Enemy ~ Order of the Red Robes	CATEGORY:Special Ability	TYPE:Class Feature.Ranger Class Feature.FavoredEnemy.Extraordinary.SpecialAttack						VISIBLE:YES	DEFINE:FavoredEnemyBonusOrder_of_the_Red_Robes|0	DESC:Gain a +%1 bonus on Bluff, Listen, Sense Motive, Spot, and Survival checks when using these skills against creatures of this type. Likewise, he gets a +%1 bonus on weapon damage rolls against such creatures.|FavoredEnemyBonusOrder_of_the_Red_Robes	BONUS:VAR|FavoredEnemyBonusOrder_of_the_Red_Robes|FavoredEnemyBase	ASPECT:Ability Benefit|+%1|FavoredEnemyBonusOrder_of_the_Red_Robes
Order of the White Robes	KEY:Favored Enemy ~ Order of the White Robes	CATEGORY:Special Ability	TYPE:Class Feature.Ranger Class Feature.FavoredEnemy.Extraordinary.SpecialAttack						VISIBLE:YES	DEFINE:FavoredEnemyBonusOrder_of_the_White_Robes|0	DESC:Gain a +%1 bonus on Bluff, Listen, Sense Motive, Spot, and Survival checks when using these skills against creatures of this type. Likewise, he gets a +%1 bonus on weapon damage rolls against such creatures.|FavoredEnemyBonusOrder_of_the_White_Robes	BONUS:VAR|FavoredEnemyBonusOrder_of_the_White_Robes|FavoredEnemyBase	ASPECT:Ability Benefit|+%1|FavoredEnemyBonusOrder_of_the_White_Robes
Knights of Solamnia		KEY:Favored Enemy ~ Knights of Solamnia		CATEGORY:Special Ability	TYPE:Class Feature.Ranger Class Feature.FavoredEnemy.SteelLegionnaireFavoredEnemy.Extraordinary.SpecialAttack	VISIBLE:YES	DEFINE:FavoredEnemyBonusKnights_of_Solamnia|0		DESC:Gain a +%1 bonus on Bluff, Listen, Sense Motive, Spot, and Survival checks when using these skills against creatures of this type. Likewise, he gets a +%1 bonus on weapon damage rolls against such creatures.|FavoredEnemyBonusKnights_of_Solamnia		BONUS:VAR|FavoredEnemyBonusKnights_of_Solamnia|FavoredEnemyBase		ASPECT:Ability Benefit|+%1|FavoredEnemyBonusKnights_of_Solamnia

###Block: Organization Bonus
# Ability Name			Unique Key								Category of Ability		Type										Visible		Required Ability												Stackable?	Multiple?	Choose		Modify VAR
Knights of Neraka			KEY:Favored Enemy Bonus ~ Knights of Neraka		CATEGORY:Special Ability	TYPE:FavoredEnemyBonus.SteelLegionnaireFavoredEnemyBonus	VISIBLE:DISPLAY	PREABILITY:1,CATEGORY=Special Ability,Favored Enemy ~ Knights of Neraka			STACK:YES	MULT:YES	CHOOSE:NOCHOICE	BONUS:VAR|FavoredEnemyBonusKnights_of_Neraka|2
Order of the Black Robes	KEY:Favored Enemy Bonus ~ Order of the Black Robes	CATEGORY:Special Ability	TYPE:FavoredEnemyBonus							VISIBLE:DISPLAY	PREABILITY:1,CATEGORY=Special Ability,Favored Enemy ~ Order of the Black Robes	STACK:YES	MULT:YES	CHOOSE:NOCHOICE	BONUS:VAR|FavoredEnemyBonusOrder_of_the_Black_Robes|2
Order of the Red Robes		KEY:Favored Enemy Bonus ~ Order of the Red Robes	CATEGORY:Special Ability	TYPE:FavoredEnemyBonus							VISIBLE:DISPLAY	PREABILITY:1,CATEGORY=Special Ability,Favored Enemy ~ Order of the Red Robes		STACK:YES	MULT:YES	CHOOSE:NOCHOICE	BONUS:VAR|FavoredEnemyBonusOrder_of_the_Red_Robes|2
Order of the White Robes	KEY:Favored Enemy Bonus ~ Order of the White Robes	CATEGORY:Special Ability	TYPE:FavoredEnemyBonus							VISIBLE:DISPLAY	PREABILITY:1,CATEGORY=Special Ability,Favored Enemy ~ Order of the White Robes	STACK:YES	MULT:YES	CHOOSE:NOCHOICE	BONUS:VAR|FavoredEnemyBonusOrder_of_the_White_Robes|2
Knights of Solamnia		KEY:Favored Enemy Bonus ~ Knights of Solamnia		CATEGORY:Special Ability	TYPE:FavoredEnemyBonus.SteelLegionnaireFavoredEnemyBonus	VISIBLE:DISPLAY	PREABILITY:1,CATEGORY=Special Ability,Favored Enemy ~ Knights of Solamnia		STACK:YES	MULT:YES	CHOOSE:NOCHOICE	BONUS:VAR|FavoredEnemyBonusKnights_of_Solamnia|2


###Block: Prestige Classes

# Knight of the Crown
# Ability Name			Unique Key									Category of Ability		Type												Ability								Bonus Ability Pool																								Source Page
Weapon and Armor Proficiency	KEY:Knight of the Crown ~ Weapon and Armor Proficiency	CATEGORY:Special Ability	TYPE:SpecialQuality.Knight of the Crown Class Feature				ABILITY:Internal|AUTOMATIC|TYPE=WeaponProfMartial
Strength of Honor			KEY:Knight of the Crown ~ Strength of Honor			CATEGORY:Special Ability	TYPE:SpecialQuality.Knight of the Crown Class Feature.Supernatural
Knightly Courage			KEY:Knight of the Crown ~ Knightly Courage			CATEGORY:Special Ability	TYPE:SpecialQuality.Knight of the Crown Class Feature.Supernatural
Heroic Initiative			KEY:Knight of the Crown ~ Heroic Initiative			CATEGORY:Special Ability	TYPE:SpecialQuality.Knight of the Crown Class Feature.Extraordinary
Fight to the Death		KEY:Knight of the Crown ~ Fight to the Death			CATEGORY:Special Ability	TYPE:SpecialQuality.Knight of the Crown Class Feature.Extraordinary
Honorable Will			KEY:Knight of the Crown ~ Honorable Will				CATEGORY:Special Ability	TYPE:SpecialQuality.Knight of the Crown Class Feature.Supernatural
Might of Honor			KEY:Knight of the Crown ~ Might of Honor				CATEGORY:Special Ability	TYPE:SpecialQuality.Knight of the Crown Class Feature.Supernatural
Armored Mobility			KEY:Knight of the Crown ~ Armored Mobility			CATEGORY:Special Ability	TYPE:SpecialQuality.Knight of the Crown Class Feature.Extraordinary
Aura of Courage			KEY:Knight of the Crown ~ Aura of Courage				CATEGORY:Special Ability	TYPE:SpecialQuality.Knight of the Crown Class Feature.Supernatural
Crown of Knighthoow		KEY:Knight of the Crown ~ Crown of Knighthoow			CATEGORY:Special Ability	TYPE:SpecialQuality.Knight of the Crown Class Feature.Supernatural

# Knight of the Sword
Smite Evil				KEY:Knight of the Sword ~ Smite Evil				CATEGORY:Special Ability	TYPE:SpecialQuality.Knight of the Sword Class Feature.Smite
Aura of Good			KEY:Knight of the Sword ~ Aura of Good				CATEGORY:Special Ability	TYPE:SpecialQuality.Knight of the Sword Class Feature
Turn Undead				KEY:Knight of the Sword ~ Turn Undead				CATEGORY:Special Ability	TYPE:SpecialQuality.Knight of the Sword Class Feature
Aura of Courage			KEY:Knight of the Sword ~ Aura of Courage				CATEGORY:Special Ability	TYPE:SpecialQuality.Knight of the Sword Class Feature
Sould of Knighthood		KEY:Knight of the Sword ~ Sould of Knighthood			CATEGORY:Special Ability	TYPE:SpecialQuality.Knight of the Sword Class Feature

# Knight of the Rose
Rallying Cry			KEY:Knight of the Rose ~ Rallying Cry				CATEGORY:Special Ability	TYPE:SpecialQuality.Knight of the Rose Class Feature.Supernatural
Detect Evil				KEY:Knight of the Rose ~ Detect Evil				CATEGORY:Special Ability	TYPE:SpecialQuality.Knight of the Rose Class Feature.SpellLike
Aura of Good			KEY:Knight of the Rose ~ Aura of Good				CATEGORY:Special Ability	TYPE:SpecialQuality.Knight of the Rose Class Feature.Extraordinary
Inspire Courage			KEY:Knight of the Rose ~ Inspire Courage				CATEGORY:Special Ability	TYPE:SpecialQuality.Knight of the Rose Class Feature.Supernatural
Leadership Bonus			KEY:Knight of the Rose ~ Leadership Bonus				CATEGORY:Special Ability	TYPE:SpecialQuality.Knight of the Rose Class Feature
Divine Grace			KEY:Knight of the Rose ~ Divine Grace				CATEGORY:Special Ability	TYPE:SpecialQuality.Knight of the Rose Class Feature.Supernatural
Inspire Greatness			KEY:Knight of the Rose ~ Inspire Greatness			CATEGORY:Special Ability	TYPE:SpecialQuality.Knight of the Rose Class Feature.Supernatural
Turn Undead				KEY:Knight of the Rose ~ Turn Undead				CATEGORY:Special Ability	TYPE:SpecialQuality.Knight of the Rose Class Feature.Supernatural
Wisdom of the Measure		KEY:Knight of the Rose ~ Wisdom of the Measure			CATEGORY:Special Ability	TYPE:SpecialQuality.Knight of the Rose Class Feature.Extraordinary
Final Stand				KEY:Knight of the Rose ~ Final Stand				CATEGORY:Special Ability	TYPE:SpecialQuality.Knight of the Rose Class Feature.Supernatural
Knighthood's Flower		KEY:Knight of the Rose ~ Knighthood's Flower			CATEGORY:Special Ability	TYPE:SpecialQuality.Knight of the Rose Class Feature.Supernatural

# Knight of the Lily	64
Weapon and Armor Proficiency	KEY:Knight of the Lily ~ Weapon and Armor Proficiency		CATEGORY:Special Ability	TYPE:SpecialQuality.Knight of the Lily Class Feature																																								SOURCEPAGE:p.64
Sneak Attack			KEY:Knight of the Lily ~ Sneak Attack				CATEGORY:Special Ability	TYPE:SpecialQuality.Knight of the Lily Class Feature																																								SOURCEPAGE:p.64
Demoralize				KEY:Knight of the Lily ~ Demoralize					CATEGORY:Special Ability	TYPE:SpecialQuality.Knight of the Lily Class Feature.Extraordinary																																					SOURCEPAGE:p.64
Fight to the Death		KEY:Knight of the Lily ~ Fight to the Death			CATEGORY:Special Ability	TYPE:SpecialQuality.Knight of the Lily Class Feature.Extraordinary																																					SOURCEPAGE:p.64
Unbreakable Will			KEY:Knight of the Lily ~ Unbreakable Will				CATEGORY:Special Ability	TYPE:SpecialQuality.Knight of the Lily Class Feature.Supernatural																																						SOURCEPAGE:p.64
Armored Mobility			KEY:Knight of the Lily ~ Armored Mobility				CATEGORY:Special Ability	TYPE:SpecialQuality.Knight of the Lily Class Feature.Extraordinary																																					SOURCEPAGE:p.64
One Thought				KEY:Knight of the Lily ~ One Thought				CATEGORY:Special Ability	TYPE:SpecialQuality.Knight of the Lily Class Feature.Supernatural																																						SOURCEPAGE:p.65

# Knight of the Skull
Detect Good				KEY:Knight of the Skull ~ Detect Good				CATEGORY:Special Ability	TYPE:SpecialQuality.Knight of the Skull Class Feature.SpellLike																																						SOURCEPAGE:p.65
Smite Good				KEY:Knight of the Skull ~ Smite Good				CATEGORY:Special Ability	TYPE:SpecialQuality.Knight of the Skull Class Feature.Supernatural.Smite																																					SOURCEPAGE:p.65
Aura of Evil			KEY:Knight of the Skull ~ Aura of Evil				CATEGORY:Special Ability	TYPE:SpecialQuality.Knight of the Skull Class Feature.Extraordinary																																					SOURCEPAGE:p.65
Dark Blessing			KEY:Knight of the Skull ~ Dark Blessing				CATEGORY:Special Ability	TYPE:SpecialQuality.Knight of the Skull Class Feature.Supernatural																																					SOURCEPAGE:p.65
Discern Lies			KEY:Knight of the Skull ~ Discern Lies				CATEGORY:Special Ability	TYPE:SpecialQuality.Knight of the Skull Class Feature.SpellLike																																						SOURCEPAGE:p.66
Rebuke Undead			KEY:Knight of the Skull ~ Rebuke Undead				CATEGORY:Special Ability	TYPE:SpecialQuality.Knight of the Skull Class Feature.Supernatural																																					SOURCEPAGE:p.66
Favor of Darkness			KEY:Knight of the Skull ~ Favor of Darkness			CATEGORY:Special Ability	TYPE:SpecialQuality.Knight of the Skull Class Feature.Supernatural																																					SOURCEPAGE:p.66

# Knight of the Thorn
Diviner				KEY:Knight of the Thorn ~ Diviner					CATEGORY:Special Ability	TYPE:SpecialQuality.Knight of the Thorn Class Feature.Extraordinary																																					SOURCEPAGE:p.67
Read Omens				KEY:Knight of the Thorn ~ Read Omens				CATEGORY:Special Ability	TYPE:SpecialQuality.Knight of the Thorn Class Feature																																								SOURCEPAGE:p.67
Armored Spellcasting		KEY:Knight of the Thorn ~ Armored Spellcasting			CATEGORY:Special Ability	TYPE:SpecialQuality.Knight of the Thorn Class Feature.Extraordinary																																					SOURCEPAGE:p.67
Aura of Terror			KEY:Knight of the Thorn ~ Aura of Terror				CATEGORY:Special Ability	TYPE:SpecialQuality.Knight of the Thorn Class Feature.Supernatural																																					SOURCEPAGE:p.67
Weapon Touch			KEY:Knight of the Thorn ~ Weapon Touch				CATEGORY:Special Ability	TYPE:SpecialQuality.Knight of the Thorn Class Feature.Supernatural																																					SOURCEPAGE:p.67
Read Portents			KEY:Knight of the Thorn ~ Read Portents				CATEGORY:Special Ability	TYPE:SpecialQuality.Knight of the Thorn Class Feature																																								SOURCEPAGE:p.67
Cosmic Understanding		KEY:Knight of the Thorn ~ Cosmic Understanding			CATEGORY:Special Ability	TYPE:SpecialQuality.Knight of the Thorn Class Feature.SpellLike																																						SOURCEPAGE:p.67

# Steel Legionnaire
Legion Knowledge			KEY:Steel Legionnaire ~ Legion Knowledge				CATEGORY:Special Ability	TYPE:SpecialQuality.Steel Legionnaire Class Feature.Extraordinary
Favored Enemy			KEY:Steel Legionnaire ~ Favored Enemy				CATEGORY:Special Ability	TYPE:SpecialQuality.Steel Legionnaire Class Feature.Extraordinary											BONUS:ABILITYPOOL|Steel Legionnaire Favored Enemy|Steel_LegionnaireLVL+1/2	BONUS:ABILITYPOOL|Steel Legionnaire Favored Enemy Bonus|Steel_LegionnaireLVL+1/2
Reputation				KEY:Steel Legionnaire ~ Reputation					CATEGORY:Special Ability	TYPE:SpecialQuality.Steel Legionnaire Class Feature.Extraordinary
Apprentice				KEY:Steel Legionnaire ~ Apprentice					CATEGORY:Special Ability	TYPE:SpecialQuality.Steel Legionnaire Class Feature

###Block: Steel Legionnaire Favored Enemy Selections
# Ability Name	Unique Key						Category of Ability		Type																			Visible	Define							Description																																									Modify VAR										Aspects
Chromatic Dragons	KEY:Favored Enemy ~ Chromatic Dragons	CATEGORY:Special Ability	TYPE:Class Feature.Ranger Class Feature.FavoredEnemy.SteelLegionnaireFavoredEnemy.Extraordinary.SpecialAttack	VISIBLE:YES	DEFINE:FavoredEnemyBonusChromatic_Dragons|0	DESC:Gain a +%1 bonus on Bluff, Listen, Sense Motive, Spot, and Survival checks when using these skills against creatures of this type. Likewise, he gets a +%1 bonus on weapon damage rolls against such creatures.|FavoredEnemyBonusChromatic_Dragons	BONUS:VAR|FavoredEnemyBonusChromatic_Dragons|FavoredEnemyBase	ASPECT:Ability Benefit|+%1|FavoredEnemyBonusChromatic_Dragons
Draconians		KEY:Favored Enemy ~ Draconians		CATEGORY:Special Ability	TYPE:Class Feature.Ranger Class Feature.FavoredEnemy.SteelLegionnaireFavoredEnemy.Extraordinary.SpecialAttack	VISIBLE:YES	DEFINE:FavoredEnemyBonusDraconians|0		DESC:Gain a +%1 bonus on Bluff, Listen, Sense Motive, Spot, and Survival checks when using these skills against creatures of this type. Likewise, he gets a +%1 bonus on weapon damage rolls against such creatures.|FavoredEnemyBonusDraconians		BONUS:VAR|FavoredEnemyBonusDraconians|FavoredEnemyBase		ASPECT:Ability Benefit|+%1|FavoredEnemyBonusDraconians
Dragon-Spawn	KEY:Favored Enemy ~ Dragon-Spawn		CATEGORY:Special Ability	TYPE:Class Feature.Ranger Class Feature.FavoredEnemy.SteelLegionnaireFavoredEnemy.Extraordinary.SpecialAttack	VISIBLE:YES	DEFINE:FavoredEnemyBonusDragon_Spawn|0		DESC:Gain a +%1 bonus on Bluff, Listen, Sense Motive, Spot, and Survival checks when using these skills against creatures of this type. Likewise, he gets a +%1 bonus on weapon damage rolls against such creatures.|FavoredEnemyBonusDragon_Spawn		BONUS:VAR|FavoredEnemyBonusDragon_Spawn|FavoredEnemyBase		ASPECT:Ability Benefit|+%1|FavoredEnemyBonusDragon_Spawn
Goblins		KEY:Favored Enemy ~ Goblins			CATEGORY:Special Ability	TYPE:Class Feature.Ranger Class Feature.FavoredEnemy.SteelLegionnaireFavoredEnemy.Extraordinary.SpecialAttack	VISIBLE:YES	DEFINE:FavoredEnemyBonusGoblins|0			DESC:Gain a +%1 bonus on Bluff, Listen, Sense Motive, Spot, and Survival checks when using these skills against creatures of this type. Likewise, he gets a +%1 bonus on weapon damage rolls against such creatures.|FavoredEnemyBonusGoblins			BONUS:VAR|FavoredEnemyBonusGoblins|FavoredEnemyBase			ASPECT:Ability Benefit|+%1|FavoredEnemyBonusGoblins
Minotaurs		KEY:Favored Enemy ~ Minotaurs			CATEGORY:Special Ability	TYPE:Class Feature.Ranger Class Feature.FavoredEnemy.SteelLegionnaireFavoredEnemy.Extraordinary.SpecialAttack	VISIBLE:YES	DEFINE:FavoredEnemyBonusMinotaurs|0			DESC:Gain a +%1 bonus on Bluff, Listen, Sense Motive, Spot, and Survival checks when using these skills against creatures of this type. Likewise, he gets a +%1 bonus on weapon damage rolls against such creatures.|FavoredEnemyBonusMinotaurs			BONUS:VAR|FavoredEnemyBonusMinotaurs|FavoredEnemyBase			ASPECT:Ability Benefit|+%1|FavoredEnemyBonusMinotaurs

###Block: Favored Enemy Bonus
# Ability Name		Unique Key							Category of Ability		Type												Visible		Required Ability											Multiple Requirements																		Description																																																																																																																																																																					Stackable?	Multiple?	Choose		Bonus Ability Pool							Modify VAR
Chromatic Dragons		KEY:Favored Enemy Bonus ~ Chromatic Dragons	CATEGORY:Special Ability	TYPE:FavoredEnemyBonus.SteelLegionnaireFavoredEnemyBonus			VISIBLE:DISPLAY	PREABILITY:1,CATEGORY=Special Ability,Favored Enemy ~ Chromatic Dragons																																																																																																																																																																																													STACK:YES	MULT:YES	CHOOSE:NOCHOICE											BONUS:VAR|FavoredEnemyBonusChromatic_Dragons|2
Draconians			KEY:Favored Enemy Bonus ~ Draconians		CATEGORY:Special Ability	TYPE:FavoredEnemyBonus.SteelLegionnaireFavoredEnemyBonus			VISIBLE:DISPLAY	PREABILITY:1,CATEGORY=Special Ability,Favored Enemy ~ Draconians																																																																																																																																																																																														STACK:YES	MULT:YES	CHOOSE:NOCHOICE											BONUS:VAR|FavoredEnemyBonusDraconians|2
Dragon-Spawn		KEY:Favored Enemy Bonus ~ Dragon-Spawn		CATEGORY:Special Ability	TYPE:FavoredEnemyBonus.SteelLegionnaireFavoredEnemyBonus			VISIBLE:DISPLAY	PREABILITY:1,CATEGORY=Special Ability,Favored Enemy ~ Dragon-Spawn																																																																																																																																																																																													STACK:YES	MULT:YES	CHOOSE:NOCHOICE											BONUS:VAR|FavoredEnemyBonusDragon_Spawn|2
Goblins			KEY:Favored Enemy Bonus ~ Goblins			CATEGORY:Special Ability	TYPE:FavoredEnemyBonus.SteelLegionnaireFavoredEnemyBonus			VISIBLE:DISPLAY	PREABILITY:1,CATEGORY=Special Ability,Favored Enemy ~ Goblins																																																																																																																																																																																														STACK:YES	MULT:YES	CHOOSE:NOCHOICE											BONUS:VAR|FavoredEnemyBonusGoblins|2
Minotaurs			KEY:Favored Enemy Bonus ~ Minotaurs			CATEGORY:Special Ability	TYPE:FavoredEnemyBonus.SteelLegionnaireFavoredEnemyBonus			VISIBLE:DISPLAY	PREABILITY:1,CATEGORY=Special Ability,Favored Enemy ~ Minotaurs																																																																																																																																																																																														STACK:YES	MULT:YES	CHOOSE:NOCHOICE											BONUS:VAR|FavoredEnemyBonusMinotaurs|2

# Ability Name		Unique Key							Category of Ability		Type												Visible		Required Ability											Multiple Requirements																		Description																																																																																																																																																																					Stackable?	Multiple?	Choose		Bonus Ability Pool							Modify VAR
Black Order			KEY:Wizard of High Sorcery ~ Black Order		CATEGORY:Special Ability	TYPE:WizardOfHighSorceryOrder																								PREMULT:2,[PREALIGN:LE,NE,CE],[PREABILITY:1,CATEGORY=Special Ability,Enchanter Learning Bonus,Necromancer Learning Bonus]																																																																																																																																																																														BONUS:ABILITYPOOL|Wizard of Black Robes Prohibit School|1
Red Order			KEY:Wizard of High Sorcery ~ Red Order		CATEGORY:Special Ability	TYPE:WizardOfHighSorceryOrder																								PREMULT:2,[PREALIGN:LN,TN,CN],[PREABILITY:1,CATEGORY=Special Ability,Illusionist Learning Bonus,Transmuter Learning Bonus]																																																																																																																																																																														BONUS:ABILITYPOOL|Wizard of Red Robes Prohibit School|1
White Order			KEY:Wizard of High Sorcery ~ White Order		CATEGORY:Special Ability	TYPE:WizardOfHighSorceryOrder																								PREMULT:2,[PREALIGN:LG,NG,CG],[PREABILITY:1,CATEGORY=Special Ability,Abjurer Learning Bonus,Diviner Learning Bonus]																																																																																																																																																																															BONUS:ABILITYPOOL|Wizard of White Robes Prohibit School|1

#Black
Magic of Betrayal		KEY:Order Secret ~ Magic of Betrayal		CATEGORY:Special Ability	TYPE:SpecialQuality.Wizard of High Sorcery Order Secret.BlackOrder				PREABILITY:1,CATEGORY=Special Ability,Wizard of High Sorcery ~ Black Order																						DESC:Once per day for every two class levels attained, a Black Robe wizard who knows this secret may Empower or Extend any necromancy spell she casts. The spell functions as though she had applied the appropriate metamagic feat, but does not use a higher-level spell slot. When she does so, a backlash of negative energy deals 2d6 points of damage to a single living ally within 30 feet, chosen by the wizard (who may not choose an undead ally, who would benefit from the negative energy). The ally is allowed a Will save (DC 10 + one-half caster level + Intelligence modifier) for half damage.
Magic of Darkness		KEY:Order Secret ~ Magic of Darkness		CATEGORY:Special Ability	TYPE:SpecialQuality.Wizard of High Sorcery Order Secret.BlackOrder				PREABILITY:1,CATEGORY=Special Ability,Wizard of High Sorcery ~ Black Order																						DESC:Once per day for every two class levels attained, a Black Robe wizard who knows this secret can imbue a damaging spell with negative energy. Half of the damage dealt by such a spell is negative energy damage, and is therefore not subject to being reduced by protection from energy or similar magic (although death ward negates it). The remainder of the damage is dealt as normal for the spell. Undead are healed by negative energy, so damage dealt to undead creatures simply averages out to nothing for a spell modified in this way. (Assume that the healing takes place first, granting the undead creature temporary hit points above its maximum if necessary, with equivalent damage then dealt to leave the creature back where it started.)
Magic of Fear		KEY:Order Secret ~ Magic of Fear			CATEGORY:Special Ability	TYPE:SpecialQuality.Wizard of High Sorcery Order Secret.BlackOrder				PREABILITY:1,CATEGORY=Special Ability,Wizard of High Sorcery ~ Black Order																						DESC:A Black Robe wizard who knows this secret can make her spells more intimidating. As a full-round action, the wizard can cast any spell that deals damage and has a normal casting time of 1 standard action. Then, as a free action, she can immediately attempt to demoralize one opponent within 30 feet by making an Intimidate check against the opponent's modified character level (see the Intimidate skill, page 76 of the Player's Handbook). The wizard receives a circumstance bonus on the Intimidate check equal to the level of the spell she casts.
Magic of Hunger		KEY:Order Secret ~ Magic of Hunger			CATEGORY:Special Ability	TYPE:SpecialQuality.Wizard of High Sorcery Order Secret.BlackOrder				PREABILITY:1,CATEGORY=Special Ability,Wizard of High Sorcery ~ Black Order																						DESC:A Black Robe wizard who knows this secret may draw even further upon her own resources to increase the scope of her magic. Each day, she may prepare one extra spell of any level she can cast at the cost of 1 point of Constitution damage per spell level. This ability damage heals normally but cannot be magically restored.
Magic of Pain		KEY:Order Secret ~ Magic of Pain			CATEGORY:Special Ability	TYPE:SpecialQuality.Wizard of High Sorcery Order Secret.BlackOrder				PREABILITY:1,CATEGORY=Special Ability,Wizard of High Sorcery ~ Black Order																						DESC:Once per day for every two class levels attained, the Black Robe wizard who knows this secret may cast any spell that deals hit point damage to inflict pain beyond the spell's normal effects. Any creature damaged by such a spell must make a successful Fortitude save (DC 10 + spell level + Constitution modifier) or suffer a ?2 penalty on attack rolls, skill checks, and ability checks for one round due to the lingering pain the spell inflicts. As a price for this wracking pain, the Black Robe herself takes 1d6 points of damage when the spell is cast.
#Red
Magic of Change		KEY:Order Secret ~ Magic of Change			CATEGORY:Special Ability	TYPE:SpecialQuality.Wizard of High Sorcery Order Secret.RedOrder					PREABILITY:1,CATEGORY=Special Ability,Wizard of High Sorcery ~ Red Order																						DESC:Once per day for every two class levels attained, a wizard who knows this secret may Enlarge or Extend any transmutation spell he casts. The spell functions as though he had applied the appropriate metamagic feat, but does not use a higher-level spell slot.
Magic of Deception	KEY:Order Secret ~ Magic of Deception		CATEGORY:Special Ability	TYPE:SpecialQuality.Wizard of High Sorcery Order Secret.RedOrder					PREABILITY:1,CATEGORY=Special Ability,Wizard of High Sorcery ~ Red Order																						DESC:Once per day for every two class levels attained, a wizard who knows this secret may Enlarge or Extend any Illusion spell he casts. The spell functions as though he had applied the appropriate metamagic feat, but does not use a higher-level spell slot.
Magic of Independence	KEY:Order Secret ~ Magic of Independence		CATEGORY:Special Ability	TYPE:SpecialQuality.Wizard of High Sorcery Order Secret.RedOrder					PREABILITY:1,CATEGORY=Special Ability,Wizard of High Sorcery ~ Red Order																						DESC:A Red Robe wizard who knows this secret casts spells that are harder to dispel. When another spellcaster makes a dispel check against one of the wizard's spells (including using dispel magic to counterspell a spell the wizard is casting), the DC is 15 + the wizard's caster level.
Magic of Mystery		KEY:Order Secret ~ Magic of Mystery			CATEGORY:Special Ability	TYPE:SpecialQuality.Wizard of High Sorcery Order Secret.RedOrder					PREABILITY:1,CATEGORY=Special Ability,Wizard of High Sorcery ~ Red Order																						DESC:A Red Robe wizard who knows this secret casts spells that are harder to detect and identify. When another spellcaster attempts to use a divination spell (such as detect magic), or a spell-like ability or magic item that might detect the magical aura of one of the wizard's spells, the other caster must make a level check (DC 11 + the wizard's caster level) to successfully detect the spell. Similarly, a spellcaster attempting to use a divination (such as see invisibility) to reveal the effects of one of the wizard's spells must make a level check to reveal the spell's effects. Any given caster can check only once for each divination spell or effect used, no matter how many of the wizard's spell effects may be operating in an area. In addition, when another spellcaster attempts to identify the spell a Red Robe wizard is casting (for instance, to counterspell it), the DC of the required Spellcraft check is increased by +1 for every 2 class levels the Red Robe wizard has attained.
Magic of Purity		KEY:Order Secret ~ Magic of Purity			CATEGORY:Special Ability	TYPE:SpecialQuality.Wizard of High Sorcery Order Secret.RedOrder					PREABILITY:1,CATEGORY=Special Ability,Wizard of High Sorcery ~ Red Order																						DESC:Once per day for every two class levels attained, a Red Robe wizard who knows this secret can imbue any spell that deals hit point damage with pure arcane energy. Half of the damage dealt by such a spell comes from this arcane energy, and is therefore not subject to being reduced by protection from energy or similar magic. The remainder of the damage is dealt as normal for the spell.
#White
Magic of Defense		KEY:Order Secret ~ Magic of Defense			CATEGORY:Special Ability	TYPE:SpecialQuality.Wizard of High Sorcery Order Secret.WhiteOrder				PREABILITY:1,CATEGORY=Special Ability,Wizard of High Sorcery ~ White Order																						DESC:Once per day for every two class levels attained, a wizard who knows this secret may Empower or Extend any Abjuration spell she casts. The spell functions as though she had applied the appropriate metamagic feat, but does not use a higher-level spell slot.
Magic of Radiance		KEY:Order Secret ~ Magic of Radiance		CATEGORY:Special Ability	TYPE:SpecialQuality.Wizard of High Sorcery Order Secret.WhiteOrder				PREABILITY:1,CATEGORY=Special Ability,Wizard of High Sorcery ~ White Order																						DESC:Once per day for every two class levels attained, a White Robe wizard who knows this secret can imbue any spell that deals hit point damage with radiant energy. Half of the damage dealt by such a spell comes from this radiant energy, and is therefore not subject to being reduced by protection from energy or similar magic. The remainder of the damage dealt is as normal for the spell. Against undead, a spell modified in this way deals half again as much damage as normal (double the radiant energy damage). As a side effect, radiant spells give off as much illumination as a light spell of equivalent caster level, and this light lingers in the area for one round after the end of the spell's duration (or one round for an instantaneous spell).
Magic of Resistance	KEY:Order Secret ~ Magic of Resistance		CATEGORY:Special Ability	TYPE:SpecialQuality.Wizard of High Sorcery Order Secret.WhiteOrder				PREABILITY:1,CATEGORY=Special Ability,Wizard of High Sorcery ~ White Order																						DESC:This secret allows a White Robe wizard to more easily counter or dispel the magic cast by others. The wizard gains the benefit of the Improved Counterspell feat (if she does not already possess it) and gains a competence bonus on dispel checks equal to +1 per two class levels.
Magic of Sustenance	KEY:Order Secret ~ Magic of Sustenance		CATEGORY:Special Ability	TYPE:SpecialQuality.Wizard of High Sorcery Order Secret.WhiteOrder				PREABILITY:1,CATEGORY=Special Ability,Wizard of High Sorcery ~ White Order																						DESC:This secret allows a White Robe wizard to cast spells even under difficult circumstances. The wizard gains a competence bonus equal to +1 per two class levels on all Concentration checks made to cast or direct spells (but does not gain a Concentration check bonus while casting defensively).
Magic of Truth		KEY:Order Secret ~ Magic of Truth			CATEGORY:Special Ability	TYPE:SpecialQuality.Wizard of High Sorcery Order Secret.WhiteOrder				PREABILITY:1,CATEGORY=Special Ability,Wizard of High Sorcery ~ White Order																						DESC:Once per day for every two class levels attained, a wizard who knows this secret may Enlarge or Extend any Divination spell she casts. The spell functions as though she had applied the appropriate metamagic feat, but does not use a higher-level spell slot.

###Block:
# Ability Name				Unique Key								Category of Ability		Type													Define				Description																																																																																																																						Ability																																																																																																																									Bonus DC					Modify VAR							Allow Follower				Allowed Companions						Source Page		Aspects
Enhanced Specialization			KEY:Wizard of High Sorcery ~ Enhanced Specialization	CATEGORY:Special Ability	TYPE:Wizard of High Sorcery Class Feature																																																																																																																																			ABILITY:Special Ability|AUTOMATIC|Enhanced Specialization ~ Abjuration|PREABILITY:1,CATEGORY=Special Ability,Abjurer	ABILITY:Special Ability|AUTOMATIC|Enhanced Specialization ~ Divination|PREABILITY:1,CATEGORY=Special Ability,Diviner	ABILITY:Special Ability|AUTOMATIC|Enhanced Specialization ~ Enchantment|PREABILITY:1,CATEGORY=Special Ability,Enchanter	ABILITY:Special Ability|AUTOMATIC|Enhanced Specialization ~ Illusion|PREABILITY:1,CATEGORY=Special Ability,Illusionist	ABILITY:Special Ability|AUTOMATIC|Enhanced Specialization ~ Necromancy|PREABILITY:1,CATEGORY=Special Ability,Necromancer	ABILITY:Special Ability|AUTOMATIC|Enhanced Specialization ~ Transmutation|PREABILITY:1,CATEGORY=Special Ability,Transmuter
# Specialization Selection
Enhanced Specialization			KEY:Enhanced Specialization ~ Abjuration			CATEGORY:Special Ability																																																																																																																																																																																																																																																																				BONUS:DC|SCHOOL.Abjuration|1																												ASPECT:SaveBonus|+1 bonus on saving throws against spells from Abjuration and spell-like abilities.
Enhanced Specialization			KEY:Enhanced Specialization ~ Divination			CATEGORY:Special Ability																																																																																																																																																																																																																																																																				BONUS:DC|SCHOOL.Divination|1																												ASPECT:SaveBonus|+1 bonus on saving throws against spells from Divination and spell-like abilities.
Enhanced Specialization			KEY:Enhanced Specialization ~ Enchantment			CATEGORY:Special Ability																																																																																																																																																																																																																																																																				BONUS:DC|SCHOOL.Enchantment|1																												ASPECT:SaveBonus|+1 bonus on saving throws against spells from Enchantment and spell-like abilities.
Enhanced Specialization			KEY:Enhanced Specialization ~ Illusion			CATEGORY:Special Ability																																																																																																																																																																																																																																																																				BONUS:DC|SCHOOL.Illusion|1																												ASPECT:SaveBonus|+1 bonus on saving throws against spells from Illusion and spell-like abilities.
Enhanced Specialization			KEY:Enhanced Specialization ~ Necromancy			CATEGORY:Special Ability																																																																																																																																																																																																																																																																				BONUS:DC|SCHOOL.Necromancy|1																												ASPECT:SaveBonus|+1 bonus on saving throws against spells from Necromancy and spell-like abilities.
Enhanced Specialization			KEY:Enhanced Specialization ~ Transmutation		CATEGORY:Special Ability																																																																																																																																																																																																																																																																				BONUS:DC|SCHOOL.Transmutation|1																											ASPECT:SaveBonus|+1 bonus on saving throws against spells from Transmutation and spell-like abilities.
#
Item of Power				KEY:Wizard of High Sorcery ~ Item of Power		CATEGORY:Special Ability	TYPE:SpecialQuality.Wizard of High Sorcery Class Feature
Moon Magic					KEY:Wizard of High Sorcery ~ Moon Magic			CATEGORY:Special Ability	TYPE:SpecialQuality.Wizard of High Sorcery Class Feature
Tower Resources				KEY:Wizard of High Sorcery ~ Tower Resources		CATEGORY:Special Ability	TYPE:SpecialQuality.Wizard of High Sorcery Class Feature
Arcane Research				KEY:Wizard of High Sorcery ~ Arcane Research		CATEGORY:Special Ability	TYPE:SpecialQuality.Wizard of High Sorcery Class Feature
Order Secret				KEY:Wizard of High Sorcery ~ Order Secret			CATEGORY:Special Ability	TYPE:SpecialQuality.Wizard of High Sorcery Class Feature

#
# Dragon Rider
# Ability Name				Unique Key								Category of Ability		Type													Define				Description																																																																																																																						Ability																																																																																																																									Bonus DC					Modify VAR							Allow Follower				Allowed Companions						Source Page		Aspects
Weapon and Armor Proficiency		KEY:Dragon Rider ~ Weapon and Armor Proficiency		CATEGORY:Special Ability	TYPE:Class Feature.Dragon Rider Class Feature.SpecialQuality								DESC:Dragon riders gain no new weapon or armor proficiencies.																																																																																																																																																																																																																																																																				SOURCEPAGE:p.
Dragon Cohort				KEY:Dragon Rider ~ Dragon Cohort				CATEGORY:Special Ability	TYPE:Class Feature.Dragon Rider Class Feature.SpecialQuality			DEFINE:DragonRiderCohortLVL|0	DESC:At first level the dragon rider may designate a dragon that he has previously ridden as his dragon cohort, though this is limited by the dragon rider's Leadership score and the dragon's equivalent level. A dragon rider counts a dragon's Effective Character Level as being 3 lower than its actual value.																																																																				ABILITY:Special Ability|AUTOMATIC|Dragon Rider Dragon Cohort																																																																																																																						BONUS:VAR|DragonRiderCohortLVL|DragonRiderLVL																SOURCEPAGE:p.
Mounted Attack				KEY:Dragon Rider ~ Mounted Attack				CATEGORY:Special Ability	TYPE:Class Feature.Dragon Rider Class Feature.SpecialQuality								DESC:A dragon rider can always attack on the same round as his dragon cohort, and is not required to make a Ride check to do so.																																																																																																																																																																																																																																																									SOURCEPAGE:p.
Dragon Feat					KEY:Dragon Rider ~ Dragon Feat				CATEGORY:Special Ability	TYPE:Class Feature.Dragon Rider Class Feature.SpecialQuality								DESC:At 2nd level, a dragon rider can grant tbe dragon cohort the full benefits of a bonus feat chosen from the following list: Cleave, Flyby Attack, Hover, Improved Initiative, Improved Sunder, Power Attack, Quicken Spell-Like Ability, Snatch, Strafing Breath, Weapon Focus, or Wingover. The bonus feat does not count against the dragon's normal feat capacity. though it must still meet all prerequisites. as noted in the appropriatce feat descriptions. A dragon rider must spend one week training with the dragon in order for it to receive the bonus feat. The dragon rider may bestow a second bonus feat at 5th level, and a third at 9th level. The additional feats require the same trainning time as the first.																																																																																																																																																								SOURCEPAGE:p.
Empathic Communication			KEY:Dragon Rider ~ Empathic Communication			CATEGORY:Special Ability	TYPE:Extraordinary.Class Feature.Dragon Rider Class Feature.SpecialQuality						DESC:Starting at 3rd level, a dragon rider is able to use nonverbal communication with his preferred mount. A dragon rider can convey information and instructions to the mount as long as they are within sight of one another.																																																																																																																																																																																																																																									SOURCEPAGE:p.
Inspire Fear				KEY:Dragon Rider ~ Inspire Fear				CATEGORY:Special Ability	TYPE:Class Feature.Dragon Rider Class Feature.SpecialQuality								DESC:Starting at 6th level, a Dragon  rider adds his dragon rider levels to his Dragon cohort's Hit Dice when determining the DC of the Dragon's frightful presence. The range of the dragon's frightful presence is calculated as if the dragon were one age Category higher.																																																																																																																																																																																																																																	SOURCEPAGE:p.
Directed Attacks				KEY:Dragon Rider ~ Directed Attacks				CATEGORY:Special Ability	TYPE:Class Feature.Dragon Rider Class Feature.SpecialQuality								DESC:Beginning at 7th level, a dragon rider may give encouragement and direct his dragon cohort's attacks. Directing the Dragon is a full-round action that does not provoke an attack of opportunity. When directed, the Dragon gains a +4 circumstance bonus on its attack rolls .																																																																																																																																																																																																																																SOURCEPAGE:p.
Defensive Tactics				KEY:Dragon Rider ~ Defensive Tactics			CATEGORY:Special Ability	TYPE:Class Feature.Dragon Rider Class Feature.SpecialQuality								DESC:At 8th level. neither a dragon rider nor his dragon cohort cam be flanked while the dragon rider is in the saddle. The dragon und rider have learned to look in each other's "blind spots" to prevent enemies from sneaking up on them.																																																																																																																																																																																																																																							SOURCEPAGE:p.
Defensive Teamwork			KEY:Dragon Rider ~ Defensive Teamwork			CATEGORY:Special Ability	TYPE:Class Feature.Dragon Rider Class Feature.SpecialQuality								DESC:At 10th level, a dragon rider and his dragon cohort work so well together that they continually act to protect each other from harm. Both the dragon rider and the dragon receive a +2 circumstance bonus to Armor Class and a + 1 circumstance bonus on Reflex saving throws.																																																																																																																																																																																																																																	SOURCEPAGE:p.


Dragon Rider Dragon Cohort											CATEGORY:Special Ability	TYPE:Internal																																																																																																																																																																																																																																																																															FOLLOWERS:Dragon Rider Dragon|1	COMPANIONLIST:Dragon Rider Dragon|RACETYPE=Dragon

# Inquisitor	80
Extreme Focus				KEY:Inquisitor ~ Extreme Focus				CATEGORY:Special Ability	TYPE:SpecialQuality.Inquisitor Class Feature.Extraordinary																																																																																																																																																																																																																																																																																							SOURCEPAGE:p.80
Trap Sense					KEY:Inquisitor ~ Trap Sense					CATEGORY:Special Ability	TYPE:SpecialQuality.Inquisitor Class Feature.Extraordinary.Trap Sense																																																																																																																																																																																																																																																																																							SOURCEPAGE:p.80
Erudite Synergy				KEY:Inquisitor ~ Erudite Synergy				CATEGORY:Special Ability	TYPE:SpecialQuality.Inquisitor Class Feature.Extraordinary																																																																																																																																																																																																																																																																																							SOURCEPAGE:p.80
Uncanny Dodge				KEY:Inquisitor ~ Uncanny Dodge				CATEGORY:Special Ability	TYPE:SpecialQuality.Inquisitor Class Feature.Extraordinary.Uncanny Dodge																																																																																																																																																																																																																																																																																							SOURCEPAGE:p.81
Improved Uncanny Dodge			KEY:Inquisitor ~ Improved Uncanny Dodge			CATEGORY:Special Ability	TYPE:SpecialQuality.Inquisitor Class Feature.Extraordinary.Uncanny Dodge																																																																																																																																																																																																																																																																																							SOURCEPAGE:p.81
Intuitive Logic				KEY:Inquisitor ~ Intuitive Logic				CATEGORY:Special Ability	TYPE:SpecialQuality.Inquisitor Class Feature.Extraordinary																																																																																																																																																																																																																																																																																							SOURCEPAGE:p.81

# Legendary Tactician
Leadership Bonus				KEY:Legendary Tactician ~ Leadership Bonus		CATEGORY:Special Ability	TYPE:SpecialQuality.Legendary Tactician Class Feature.Extraordinary																																																																																																																																																																																																																																																																																					SOURCEPAGE:p.82
Inspire Courage				KEY:Legendary Tactician ~ Inspire Courage			CATEGORY:Special Ability	TYPE:SpecialQuality.Legendary Tactician Class Feature.Supernatural																																																																																																																																																																																																																																																																																					SOURCEPAGE:p.82
Direct Troops				KEY:Legendary Tactician ~ Direct Troops			CATEGORY:Special Ability	TYPE:SpecialQuality.Legendary Tactician Class Feature.Supernatural																																																																																																																																																																																																																																																																																					SOURCEPAGE:p.82
Rally Troops				KEY:Legendary Tactician ~ Rally Troops			CATEGORY:Special Ability	TYPE:SpecialQuality.Legendary Tactician Class Feature.Supernatural																																																																																																																																																																																																																																																																																					SOURCEPAGE:p.82
Hard March					KEY:Legendary Tactician ~ Hard March			CATEGORY:Special Ability	TYPE:SpecialQuality.Legendary Tactician Class Feature.Supernatural																																																																																																																																																																																																																																																																																					SOURCEPAGE:p.83
Rout Enemies				KEY:Legendary Tactician ~ Rout Enemies			CATEGORY:Special Ability	TYPE:SpecialQuality.Legendary Tactician Class Feature.Supernatural																																																																																																																																																																																																																																																																																					SOURCEPAGE:p.83
Battle Standard				KEY:Legendary Tactician ~ Battle Standard			CATEGORY:Special Ability	TYPE:SpecialQuality.Legendary Tactician Class Feature.Supernatural																																																																																																																																																																																																																																																																																					SOURCEPAGE:p.83
Strategic Retreat				KEY:Legendary Tactician ~ Strategic Retreat		CATEGORY:Special Ability	TYPE:SpecialQuality.Legendary Tactician Class Feature.Supernatural																																																																																																																																																																																																																																																																																					SOURCEPAGE:p.83
The Forlorn Hope				KEY:Legendary Tactician ~ The Forlorn Hope		CATEGORY:Special Ability	TYPE:SpecialQuality.Legendary Tactician Class Feature.Supernatural																																																																																																																																																																																																																																																																																					SOURCEPAGE:p.83

# Righteous Zealot				KEY:Righteous Zealot ~	CATEGORY:Special Ability	TYPE:SpecialQuality.Righteous Zealot Class Feature	SOURCEPAGE:p.
Oration					KEY:Righteous Zealot ~ Oration				CATEGORY:Special Ability	TYPE:SpecialQuality.Righteous Zealot Class Feature					DEFINE:OrationLVL|0																																																																																																																									ABILITY:Special Ability|AUTOMATIC|Oration ~ Enthralling Discourse|PRESKILL:1,TYPE.Diplomacy=8	ABILITY:Special Ability|AUTOMATIC|Oration ~ Compelling Argument|PRESKILL:1,Diplomacy=9|PREVARGTEQ:OrationLVL,5	ABILITY:Special Ability|AUTOMATIC|Oration ~ Condemning Tirade|PRESKILL:1,Diplomacy=13|PREVARGTEQ:OrationLVL,5	ABILITY:Special Ability|AUTOMATIC|Oration ~ Verbal Obfuscation|PRESKILL:1,Diplomacy=16|PREVARGTEQ:OrationLVL,8	ABILITY:Special Ability|AUTOMATIC|Oration ~ Inflamatory Oratory|PRESKILL:1,Diplomacy=18|PREVARGTEQ:OrationLVL,10																																					BONUS:VAR|OrationLVL|Righteous_ZealotLVL																	SOURCEPAGE:p.84
Righteous Indignation			KEY:Righteous Zealot ~ Righteous Indignation		CATEGORY:Special Ability	TYPE:SpecialQuality.Righteous Zealot Class Feature																																																																																																																																																																																																																																																																																								SOURCEPAGE:p.85
Resist Enchantment			KEY:Righteous Zealot ~ Resist Enchantment			CATEGORY:Special Ability	TYPE:SpecialQuality.Righteous Zealot Class Feature																																																																																																																																																																																																																																																																																								SOURCEPAGE:p.85
Gather Followers				KEY:Righteous Zealot ~ Gather Followers			CATEGORY:Special Ability	TYPE:SpecialQuality.Righteous Zealot Class Feature																																																																																																																																																																																																																																																																																								SOURCEPAGE:p.85
Martyr's Luck				KEY:Righteous Zealot ~ Martyr's Luck			CATEGORY:Special Ability	TYPE:SpecialQuality.Righteous Zealot Class Feature																																																																																																																																																																																																																																																																																								SOURCEPAGE:p.85
#
Enthralling Discourse			KEY:Oration ~ Enthralling Discourse				CATEGORY:Special Ability	TYPE:SpecialQuality.Righteous Zealot Class Feature																																																																																																																																																																																																																																																																																								SOURCEPAGE:p.84
Compelling Argument			KEY:Oration ~ Compelling Argument				CATEGORY:Special Ability	TYPE:SpecialQuality.Righteous Zealot Class Feature																																																																																																																																																																																																																																																																																								SOURCEPAGE:p.84
Condemning Tirade				KEY:Oration ~ Condemning Tirade				CATEGORY:Special Ability	TYPE:SpecialQuality.Righteous Zealot Class Feature																																																																																																																																																																																																																																																																																								SOURCEPAGE:p.84
Verbal Obfuscation			KEY:Oration ~ Verbal Obfuscation				CATEGORY:Special Ability	TYPE:SpecialQuality.Righteous Zealot Class Feature																																																																																																																																																																																																																																																																																								SOURCEPAGE:p.84
Inflamatory Oratory			KEY:Oration ~ Inflamatory Oratory				CATEGORY:Special Ability	TYPE:SpecialQuality.Righteous Zealot Class Feature																																																																																																																																																																																																																																																																																								SOURCEPAGE:p.85
#



###Besitary
Draconian Traits													CATEGORY:Special Ability																																																																																																																																										ABILITY:Special Ability|AUTOMATIC|Draconian ~ Disease Immunity	ABILITY:Special Ability|AUTOMATIC|Draconian ~ Glide|!PRERACE:1,Draconian (Aurak)	ABILITY:Special Ability|AUTOMATIC|Draconian ~ Inspired by Dragons	ABILITY:Special Ability|AUTOMATIC|Draconian ~ Low Metabolism

Draconian ~ Disease Immunity											CATEGORY:Special Ability	TYPE:SpecialQuality
Draconian ~ Glide													CATEGORY:Special Ability	TYPE:SpecialQuality
Draconian ~ Inspired by Dragons										CATEGORY:Special Ability	TYPE:SpecialQuality
Draconian ~ Low Metabolism											CATEGORY:Special Ability	TYPE:SpecialQuality


###Block - Academic Priest
# ClassName	KEY:Academic Priest ~ ClassName	CATEGORY:Special Ability	TYPE:Academic Priest		BONUS:STAT|BASESPELLSTAT;Class=ClassName|AcademicPriest_ClassName		DEFINE:AcademicPriest_ClassName|0	BONUS:VAR|AcademicPriest_ClassName|INTSCORE-WISSCORE	BONUS:DC|CLASS.ClassName|-(AcademicPriest_ClassName/2)

Cleric	KEY:Academic Priest ~ Cleric		CATEGORY:Special Ability	TYPE:Academic Priest		BONUS:STAT|BASESPELLSTAT;Class=Cleric|AcademicPriest_Cleric			DEFINE:AcademicPriest_Cleric|0	BONUS:VAR|AcademicPriest_Cleric|INTSCORE-WISSCORE	BONUS:DC|CLASS.Cleric|-(AcademicPriest_Cleric/2)
Mystic	KEY:Academic Priest ~ Mystic		CATEGORY:Special Ability	TYPE:Academic Priest		BONUS:STAT|BASESPELLSTAT;Class=Mystic|AcademicPriest_Mystic			DEFINE:AcademicPriest_Mystic|0	BONUS:VAR|AcademicPriest_Mystic|INTSCORE-WISSCORE	BONUS:DC|CLASS.Mystic|-(AcademicPriest_Mystic/2)
