# CVS $Revision: $ $Author: $ -- Sun Aug 17 15:41:15 2014 -- reformated by prettylst.pl v1.51 (build 24906)


# Modifier Name	Unique Key				Type										Cost		Visible		Type granted				Keys to replace			Source Page						Required Type				Bonus Equip Mods						Bonus Armor Mods																				Weapon prop. bonus																	Special Property				Change Armor Type		Apply to both heads
Dragonmetal		KEY:DRAGONMETAL_ARMR_LT		TYPE:BaseMaterial.MasterworkQuality.Armor				COST:1000	VISIBLE:QUALIFY	ITYPE:Metal.Dragonmetal.Masterwork	REPLACES:MWORKA			SOURCEPAGE:p.	PRETYPE:1,Light	PRETYPE:1,Metal	BONUS:EQM|WEIGHTDIV|2|TYPE=Enhancement.REPLACE	BONUS:EQMARMOR|ACCHECK|3|TYPE=Enhancement.REPLACE	BONUS:EQMARMOR|MAXDEX|2	BONUS:EQMARMOR|SPELLFAILURE|-10|TYPE=Enhancement																					SPROP:30hp/inch and 15 hardness									SOURCELONG:Dragonlance Campaign Setting	SOURCESHORT:dcs	SOURCEPAGE:p.
Dragonmetal		KEY:DRAGONMETAL_ARMR_MED	TYPE:BaseMaterial.MasterworkQuality.Armor				COST:4000	VISIBLE:QUALIFY	ITYPE:Metal.Dragonmetal.Masterwork	REPLACES:MWORKA			SOURCEPAGE:p.	PRETYPE:1,Medium	PRETYPE:1,Metal	BONUS:EQM|WEIGHTDIV|2|TYPE=Enhancement.REPLACE	BONUS:EQMARMOR|ACCHECK|3|TYPE=Enhancement.REPLACE	BONUS:EQMARMOR|MAXDEX|2	BONUS:EQMARMOR|SPELLFAILURE|-10|TYPE=Enhancement																					SPROP:30hp/inch and 15 hardness	ARMORTYPE:Medium|Light					SOURCELONG:Dragonlance Campaign Setting	SOURCESHORT:dcs	SOURCEPAGE:p.
Dragonmetal		KEY:DRAGONMETAL_ARMR_HVY	TYPE:BaseMaterial.MasterworkQuality.Armor				COST:9000	VISIBLE:QUALIFY	ITYPE:Metal.Dragonmetal.Masterwork	REPLACES:MWORKA			SOURCEPAGE:p.	PRETYPE:1,Heavy	PRETYPE:1,Metal	BONUS:EQM|WEIGHTDIV|2|TYPE=Enhancement.REPLACE	BONUS:EQMARMOR|ACCHECK|3|TYPE=Enhancement.REPLACE	BONUS:EQMARMOR|MAXDEX|2	BONUS:EQMARMOR|SPELLFAILURE|-10|TYPE=Enhancement																					SPROP:30hp/inch and 15 hardness	ARMORTYPE:Heavy|Medium					SOURCELONG:Dragonlance Campaign Setting	SOURCESHORT:dcs	SOURCEPAGE:p.
Dragonmetal		KEY:DRAGONMETAL_SHLD		TYPE:BaseMaterial.MasterworkQuality.Shield			COST:1000	VISIBLE:QUALIFY	ITYPE:Metal.Dragonmetal.Masterwork	REPLACES:MWORKA			SOURCEPAGE:p.	PRETYPE:1,Metal				BONUS:EQM|WEIGHTDIV|2|TYPE=Enhancement.REPLACE	BONUS:EQMARMOR|ACCHECK|3|TYPE=Enhancement.REPLACE	BONUS:EQMARMOR|MAXDEX|2	BONUS:EQMARMOR|SPELLFAILURE|-10|TYPE=Enhancement																					SPROP:30hp/inch and 15 hardness									SOURCELONG:Dragonlance Campaign Setting	SOURCESHORT:dcs	SOURCEPAGE:p.
Dragonmetal		KEY:DRAGONMETAL_ITEM		TYPE:BaseMaterial.MasterworkQuality.Instruments.Tools.Goods	COST:WT*500	VISIBLE:QUALIFY	ITYPE:Metal.Dragonmetal.Masterwork	REPLACES:MWORKW,MWORKI,MWORKT	SOURCEPAGE:p.	PRETYPE:1,Metal				BONUS:EQM|WEIGHTDIV|2|TYPE=Enhancement.REPLACE																																											SPROP:30hp/inch and 15 hardness					ASSIGNTOALL:NO		SOURCELONG:Dragonlance Campaign Setting	SOURCESHORT:dcs	SOURCEPAGE:p.

Dragonmetal		KEY:DRAGONMETAL_WEAPON_LT	TYPE:BaseMaterial.MasterworkQuality.Ammunition.Weapon		COST:3000	VISIBLE:QUALIFY	ITYPE:Metal.Dragonmetal.Masterwork	REPLACES:MWORKW,MWORKI,MWORKT								PRETYPE:1,Metal				BONUS:EQM|WEIGHTDIV|2|TYPE=Enhancement.REPLACE																							BONUS:WEAPON|TOHIT|1|TYPE=Enhancement|PRETYPE:1,Weapon	BONUS:WEAPON|TOHIT|1|TYPE=Enhancement|PRETYPE:1,Ammunition	SPROP:30hp/inch and 15 hardness					ASSIGNTOALL:NO		SOURCELONG:Dragonlance Campaign Setting	SOURCESHORT:dcs	SOURCEPAGE:p.
Dragonmetal		KEY:DRAGONMETAL_WEAPON_HVY	TYPE:BaseMaterial.MasterworkQuality.Ammunition.Weapon		COST:9000	VISIBLE:QUALIFY	ITYPE:Metal.Dragonmetal.Masterwork	REPLACES:MWORKW,MWORKI,MWORKT								PRETYPE:1,Metal				BONUS:EQM|WEIGHTDIV|2|TYPE=Enhancement.REPLACE																							BONUS:WEAPON|TOHIT|2|TYPE=Enhancement|PRETYPE:1,Weapon	BONUS:WEAPON|TOHIT|2|TYPE=Enhancement|PRETYPE:1,Ammunition	SPROP:30hp/inch and 15 hardness					ASSIGNTOALL:NO		SOURCELONG:Dragonlance Campaign Setting	SOURCESHORT:dcs	SOURCEPAGE:p.

Dragonmetal		KEY:DRAGONMETAL_AMLT		TYPE:BaseMaterial.Amulet	COST:0	VISIBLE:QUALIFY	ITYPE:Metal.Dragonmetal	SOURCELONG:Dragonlance Campaign Setting	SOURCESHORT:dcs	SOURCEPAGE:p.	PRETYPE:1,Amulet		BONUS:EQM|WEIGHTDIV|2|TYPE=Enhancement.REPLACE															SPROP:Dragon Metal
Dragonmetal		KEY:DRAGONMETAL_BELT		TYPE:BaseMaterial.Belt		COST:0	VISIBLE:QUALIFY	ITYPE:Metal.Dragonmetal	SOURCELONG:Dragonlance Campaign Setting	SOURCESHORT:dcs	SOURCEPAGE:p.	PRETYPE:1,Belt		BONUS:EQM|WEIGHTDIV|2|TYPE=Enhancement.REPLACE															SPROP:Dragon Metal
Dragonmetal		KEY:DRAGONMETAL_BOOT		TYPE:BaseMaterial.Boot		COST:0	VISIBLE:QUALIFY	ITYPE:Metal.Dragonmetal	SOURCELONG:Dragonlance Campaign Setting	SOURCESHORT:dcs	SOURCEPAGE:p.	PRETYPE:1,Boot		BONUS:EQM|WEIGHTDIV|2|TYPE=Enhancement.REPLACE															SPROP:Dragon Metal
Dragonmetal		KEY:DRAGONMETAL_BRCR		TYPE:BaseMaterial.Bracer	COST:0	VISIBLE:QUALIFY	ITYPE:Metal.Dragonmetal	SOURCELONG:Dragonlance Campaign Setting	SOURCESHORT:dcs	SOURCEPAGE:p.	PRETYPE:1,Bracer		BONUS:EQM|WEIGHTDIV|2|TYPE=Enhancement.REPLACE															SPROP:Dragon Metal
Dragonmetal		KEY:DRAGONMETAL_CAPE		TYPE:BaseMaterial.Cape		COST:0	VISIBLE:QUALIFY	ITYPE:Metal.Dragonmetal	SOURCELONG:Dragonlance Campaign Setting	SOURCESHORT:dcs	SOURCEPAGE:p.	PRETYPE:1,Cape		BONUS:EQM|WEIGHTDIV|2|TYPE=Enhancement.REPLACE															SPROP:Dragon Metal
Dragonmetal		KEY:DRAGONMETAL_EYEG		TYPE:BaseMaterial.Eyegear	COST:0	VISIBLE:QUALIFY	ITYPE:Metal.Dragonmetal	SOURCELONG:Dragonlance Campaign Setting	SOURCESHORT:dcs	SOURCEPAGE:p.	PRETYPE:1,Eyegear		BONUS:EQM|WEIGHTDIV|2|TYPE=Enhancement.REPLACE															SPROP:Dragon Metal
Dragonmetal		KEY:DRAGONMETAL_GLVE		TYPE:BaseMaterial.Glove		COST:0	VISIBLE:QUALIFY	ITYPE:Metal.Dragonmetal	SOURCELONG:Dragonlance Campaign Setting	SOURCESHORT:dcs	SOURCEPAGE:p.	PRETYPE:1,Glove		BONUS:EQM|WEIGHTDIV|2|TYPE=Enhancement.REPLACE															SPROP:Dragon Metal
Dragonmetal		KEY:DRAGONMETAL_HEAD		TYPE:BaseMaterial.Headgear	COST:0	VISIBLE:QUALIFY	ITYPE:Metal.Dragonmetal	SOURCELONG:Dragonlance Campaign Setting	SOURCESHORT:dcs	SOURCEPAGE:p.	PRETYPE:1,Headgear	BONUS:EQM|WEIGHTDIV|2|TYPE=Enhancement.REPLACE															SPROP:Dragon Metal
Dragonmetal		KEY:DRAGONMETAL_INST		TYPE:BaseMaterial.Instrument	COST:0	VISIBLE:QUALIFY	ITYPE:Metal.Dragonmetal	SOURCELONG:Dragonlance Campaign Setting	SOURCESHORT:dcs	SOURCEPAGE:p.	PRETYPE:1,Instrument	BONUS:EQM|WEIGHTDIV|2|TYPE=Enhancement.REPLACE															SPROP:Dragon Metal
Dragonmetal		KEY:DRAGONMETAL_MNTL		TYPE:BaseMaterial.Mantle	COST:0	VISIBLE:QUALIFY	ITYPE:Metal.Dragonmetal	SOURCELONG:Dragonlance Campaign Setting	SOURCESHORT:dcs	SOURCEPAGE:p.	PRETYPE:1,Mantle		BONUS:EQM|WEIGHTDIV|2|TYPE=Enhancement.REPLACE															SPROP:Dragon Metal
Dragonmetal		KEY:DRAGONMETAL_ROBE		TYPE:BaseMaterial.Robe		COST:0	VISIBLE:QUALIFY	ITYPE:Metal.Dragonmetal	SOURCELONG:Dragonlance Campaign Setting	SOURCESHORT:dcs	SOURCEPAGE:p.	PRETYPE:1,Robe		BONUS:EQM|WEIGHTDIV|2|TYPE=Enhancement.REPLACE															SPROP:Dragon Metal
Dragonmetal		KEY:DRAGONMETAL_SHRT		TYPE:BaseMaterial.Shirt		COST:0	VISIBLE:QUALIFY	ITYPE:Metal.Dragonmetal	SOURCELONG:Dragonlance Campaign Setting	SOURCESHORT:dcs	SOURCEPAGE:p.	PRETYPE:1,Shirt		BONUS:EQM|WEIGHTDIV|2|TYPE=Enhancement.REPLACE															SPROP:Dragon Metal
Dragonmetal		KEY:DRAGONMETAL_RING		TYPE:BaseMaterial.Ring		COST:0	VISIBLE:QUALIFY	ITYPE:Metal.Dragonmetal	SOURCELONG:Dragonlance Campaign Setting	SOURCESHORT:dcs	SOURCEPAGE:p.	PRETYPE:1,Ring		BONUS:EQM|WEIGHTDIV|2|TYPE=Enhancement.REPLACE															SPROP:Dragon Metal
Dragonmetal		KEY:DRAGONMETAL_TOOL		TYPE:BaseMaterial.Tool		COST:0	VISIBLE:QUALIFY	ITYPE:Metal.Dragonmetal	SOURCELONG:Dragonlance Campaign Setting	SOURCESHORT:dcs	SOURCEPAGE:p.	PRETYPE:1,Tool		BONUS:EQM|WEIGHTDIV|2|TYPE=Enhancement.REPLACE															SPROP:Dragon Metal
Dragonmetal		KEY:DRAGONMETAL_SPLB		TYPE:BaseMaterial.Spellbook	COST:0	VISIBLE:QUALIFY	ITYPE:Metal.Dragonmetal	SOURCELONG:Dragonlance Campaign Setting	SOURCESHORT:dcs	SOURCEPAGE:p.	PRETYPE:1,Spellbook	BONUS:EQM|WEIGHTDIV|2|TYPE=Enhancement.REPLACE															SPROP:Dragon Metal
Dragonmetal		KEY:DRAGONMETAL_GOOD		TYPE:BaseMaterial.Goods		COST:0	VISIBLE:QUALIFY	ITYPE:Metal.Dragonmetal	SOURCELONG:Dragonlance Campaign Setting	SOURCESHORT:dcs	SOURCEPAGE:p.	PRETYPE:1,Goods		BONUS:EQM|WEIGHTDIV|2|TYPE=Enhancement.REPLACE															SPROP:Dragon Metal

# Star Metal - Use Adamantine
Star Metal		KEY:STAR_METAL_AMMO	TYPE:BaseMaterial.Ammunition	COST:0	VISIBLE:QUALIFY	ITYPE:Metal.Starmetal	SOURCELONG:Dragonlance Campaign Setting	SOURCESHORT:dcs	SOURCEPAGE:p.	PRETYPE:1,Ammunition																							SPROP:Star Metal
Star Metal		KEY:STAR_METAL_ARMR	TYPE:BaseMaterial.Armor		COST:0	VISIBLE:QUALIFY	ITYPE:Metal.Starmetal	SOURCELONG:Dragonlance Campaign Setting	SOURCESHORT:dcs	SOURCEPAGE:p.	PRETYPE:1,Armor																	BONUS:WEAPON|TOHIT|1|TYPE=Enhancement	SPROP:Star Metal
# Iron use DMG
# Silver and Cold Iron


Ironwood		KEY:IRONWOOD_AMMO		TYPE:BaseMaterial.Ammunition	COST:WT*10	VISIBLE:QUALIFY	ITYPE:Wood.Ironwood	SOURCELONG:Dragonlance Campaign Setting	SOURCESHORT:dcs	SOURCEPAGE:p.	PRETYPE:1,Ammunition	BONUS:EQM|WEIGHTDIV|2																			SPROP:Ironwood
Ironwood		KEY:IRONWOOD_SHLD		TYPE:BaseMaterial.Shield	COST:WT*10	VISIBLE:QUALIFY	ITYPE:Metal.Ironwood	SOURCELONG:Dragonlance Campaign Setting	SOURCESHORT:dcs	SOURCEPAGE:p.	PRETYPE:1,Shield		BONUS:EQM|WEIGHTDIV|2												BONUS:WEAPON|TOHIT|1|TYPE=Enhancement	SPROP:Ironwood
Ironwood		KEY:IRONWOOD_WEAP		TYPE:BaseMaterial.Weapon	COST:WT*10	VISIBLE:QUALIFY	ITYPE:Wood.Ironwood	SOURCELONG:Dragonlance Campaign Setting	SOURCESHORT:dcs	SOURCEPAGE:p.	PRETYPE:1,Weapon		BONUS:EQM|WEIGHTDIV|2					BONUS:ITEMCOST|TYPE.Weapon|300		BONUS:WEAPON|TOHIT|1|TYPE=Enhancement	SPROP:Ironwood		ASSIGNTOALL:YES
