Alarm.MOD										CLASSES:Artificer=1
Cure Wounds.MOD										CLASSES:Artificer=1
Disguise Self.MOD										CLASSES:Artificer=1
Expeditious Retreat.MOD										CLASSES:Artificer=1
False Life.MOD										CLASSES:Artificer=1
Jump.MOD										CLASSES:Artificer=1
Longstrider.MOD										CLASSES:Artificer=1
Sanctuary.MOD										CLASSES:Artificer=1
Shield of Faith.MOD										CLASSES:Artificer=1
Aid.MOD										CLASSES:Artificer=2
Alter Self.MOD										CLASSES:Artificer=2
Arcane Lock.MOD										CLASSES:Artificer=2
Blur.MOD										CLASSES:Artificer=2
Continual flame.MOD										CLASSES:Artificer=2
Darkvision.MOD										CLASSES:Artificer=2
Enhance ability.MOD										CLASSES:Artificer=2
Enlarge/reduce.MOD										CLASSES:Artificer=2
Invisibility.MOD										CLASSES:Artificer=2
Lesser restoration.MOD										CLASSES:Artificer=2
Levitate.MOD										CLASSES:Artificer=2
Magic weapon.MOD										CLASSES:Artificer=2
Protection from poison.MOD										CLASSES:Artificer=2
Rope trick.MOD										CLASSES:Artificer=2
See invisibility.MOD										CLASSES:Artificer=2
Spider climb.MOD										CLASSES:Artificer=2
Blink.MOD										CLASSES:Artificer=3
Fly.MOD										CLASSES:Artificer=3
Gaseous form.MOD										CLASSES:Artificer=3
Glyph of warding.MOD										CLASSES:Artificer=3
Haste.MOD										CLASSES:Artificer=3
Protection from energy.MOD										CLASSES:Artificer=3
Revivify.MOD										CLASSES:Artificer=3
Water breathing.MOD										CLASSES:Artificer=3
Water walk.MOD										CLASSES:Artificer=3
Arcane eye.MOD										CLASSES:Artificer=4
Death ward.MOD										CLASSES:Artificer=4
Fabricate.MOD										CLASSES:Artificer=4
Freedom of movement.MOD										CLASSES:Artificer=4
Leomund's secret chest.MOD										CLASSES:Artificer=4
Mordenkainen's faithful hound.MOD										CLASSES:Artificer=4
Mordenkainen's private sanctum.MOD										CLASSES:Artificer=4
Otiluke's resilient sphere.MOD										CLASSES:Artificer=4
Stone shape.MOD										CLASSES:Artificer=4
Stoneskin.MOD										CLASSES:Artificer=4