# CVS $Revision: $ $Author: $ -- Fri May  3 14:36:53 2013 -- reformated by prettylst.pl v1.50 (build 19967)

# Ability Category			Visible	Editable or Static?	Change Pool?	Fractional values?	Category of Object
ABILITYCATEGORY:Special Ability	VISIBLE:NO	EDITABLE:NO			EDITPOOL:YES	FRACTIONALPOOL:NO		CATEGORY:Special Ability


###Block: Class Ability Pools
# Ability Category			Visible		Editable or Static?	Change Pool?	Category of Object		Type of Object			Plural description for UI		Display Location
ABILITYCATEGORY:Barbarian Class Feature	VISIBLE:QUALIFY	EDITABLE:YES		EDITPOOL:NO		CATEGORY:Special Ability	TYPE:BarbarianClassFeature	PLURAL:Barbarian Class Features	DISPLAYLOCATION:Class Features
ABILITYCATEGORY:Bard Class Feature		VISIBLE:QUALIFY	EDITABLE:YES		EDITPOOL:NO		CATEGORY:Special Ability	TYPE:BardClassFeature		PLURAL:Bard Class Features		DISPLAYLOCATION:Class Features
ABILITYCATEGORY:Cleric Class Feature	VISIBLE:QUALIFY	EDITABLE:YES		EDITPOOL:NO		CATEGORY:Special Ability	TYPE:ClericClassFeature		PLURAL:Cleric Class Features		DISPLAYLOCATION:Class Features
ABILITYCATEGORY:Druid Class Feature		VISIBLE:QUALIFY	EDITABLE:YES		EDITPOOL:NO		CATEGORY:Special Ability	TYPE:DruidClassFeature		PLURAL:Druid Class Features		DISPLAYLOCATION:Class Features
ABILITYCATEGORY:Fighter Class Feature	VISIBLE:QUALIFY	EDITABLE:YES		EDITPOOL:NO		CATEGORY:Special Ability	TYPE:FighterClassFeature	PLURAL:Fighter Class Features		DISPLAYLOCATION:Class Features
ABILITYCATEGORY:Monk Class Feature		VISIBLE:QUALIFY	EDITABLE:YES		EDITPOOL:NO		CATEGORY:Special Ability	TYPE:MonkClassFeature		PLURAL:Monk Class Features		DISPLAYLOCATION:Class Features
ABILITYCATEGORY:Paladin Class Feature	VISIBLE:QUALIFY	EDITABLE:YES		EDITPOOL:NO		CATEGORY:Special Ability	TYPE:PaladinClassFeature	PLURAL:Paladin Class Features		DISPLAYLOCATION:Class Features
ABILITYCATEGORY:Ranger Class Feature	VISIBLE:QUALIFY	EDITABLE:YES		EDITPOOL:NO		CATEGORY:Special Ability	TYPE:RangerClassFeature		PLURAL:Ranger Class Features		DISPLAYLOCATION:Class Features
ABILITYCATEGORY:Rogue Class Feature		VISIBLE:QUALIFY	EDITABLE:YES		EDITPOOL:NO		CATEGORY:Special Ability	TYPE:RogueClassFeature		PLURAL:Rogue Class Features		DISPLAYLOCATION:Class Features
ABILITYCATEGORY:Sorcerer Class Feature	VISIBLE:QUALIFY	EDITABLE:YES		EDITPOOL:NO		CATEGORY:Special Ability	TYPE:SorcererClassFeature	PLURAL:Sorcerer Class Features	DISPLAYLOCATION:Class Features
ABILITYCATEGORY:Wizard Class Feature	VISIBLE:QUALIFY	EDITABLE:YES		EDITPOOL:NO		CATEGORY:Special Ability	TYPE:WizardClassFeature		PLURAL:Wizard Class Features		DISPLAYLOCATION:Class Features

###Block: Race Ability Pools
# Ability Category				Visible		Editable or Static?	Change Pool?	Category of Object		Type of Object			Plural description for UI	Display Location
ABILITYCATEGORY:Human Race Trait		VISIBLE:QUALIFY	EDITABLE:YES		EDITPOOL:NO		CATEGORY:Special Ability	TYPE:HumanRaceTrait		PLURAL:Human Race Traits	DISPLAYLOCATION:Race Traits
ABILITYCATEGORY:Dwarf Race Trait		VISIBLE:QUALIFY	EDITABLE:YES		EDITPOOL:NO		CATEGORY:Special Ability	TYPE:DwarfRaceTrait		PLURAL:Dwarf Race Traits	DISPLAYLOCATION:Race Traits
ABILITYCATEGORY:Elf Race Trait		VISIBLE:QUALIFY	EDITABLE:YES		EDITPOOL:NO		CATEGORY:Special Ability	TYPE:ElfRaceTrait			PLURAL:Elf Race Traits		DISPLAYLOCATION:Race Traits
ABILITYCATEGORY:Gnome Race Trait		VISIBLE:QUALIFY	EDITABLE:YES		EDITPOOL:NO		CATEGORY:Special Ability	TYPE:GnomeRaceTrait		PLURAL:Gnome Race Traits	DISPLAYLOCATION:Race Traits
ABILITYCATEGORY:Half-Elf Race Trait		VISIBLE:QUALIFY	EDITABLE:YES		EDITPOOL:NO		CATEGORY:Special Ability	TYPE:HalfElfRaceTrait		PLURAL:Half-Elf Race Traits	DISPLAYLOCATION:Race Traits
ABILITYCATEGORY:Half-Orc Race Trait		VISIBLE:QUALIFY	EDITABLE:YES		EDITPOOL:NO		CATEGORY:Special Ability	TYPE:HalfOrcRaceTrait		PLURAL:Half-Orc Race Traits	DISPLAYLOCATION:Race Traits
ABILITYCATEGORY:Halfling Race Trait		VISIBLE:QUALIFY	EDITABLE:YES		EDITPOOL:NO		CATEGORY:Special Ability	TYPE:HalflingRaceTrait		PLURAL:Halfling Race Traits	DISPLAYLOCATION:Race Traits

###Block: Class Bonus Feats and Selections
# Ability Category		Visible		Editable or Static?	Change Pool?	Fractional values?	Category of Object		Type of Object		Plural description for UI	Display Location
ABILITYCATEGORY:Fighter Feat	VISIBLE:QUALIFY	EDITABLE:YES		EDITPOOL:NO						CATEGORY:FEAT			TYPE:Fighter		PLURAL:Fighter Bonus Feats	DISPLAYLOCATION:Feats
ABILITYCATEGORY:Wizard Feat	VISIBLE:QUALIFY	EDITABLE:YES		EDITPOOL:NO						CATEGORY:FEAT			TYPE:Wizard			PLURAL:Wizard Bonus Feats	DISPLAYLOCATION:Feats
ABILITYCATEGORY:Monk Feat	VISIBLE:QUALIFY	EDITABLE:YES		EDITPOOL:YES	FRACTIONALPOOL:NO		CATEGORY:Special Ability	TYPE:MonkBonusFeat	PLURAL:Monk Bonus Feats		DISPLAYLOCATION:Feats


###Block: Special Ability and subgroups
# Ability Category						Visible		Editable or Static?	Change Pool?	Fractional values?	Base Pool number		Category of Object		Type of Object			Specific choices list					Plural description for UI			Display Location
ABILITYCATEGORY:Rogue Special Ability			VISIBLE:QUALIFY	EDITABLE:YES		EDITPOOL:YES	FRACTIONALPOOL:NO						CATEGORY:Special Ability	TYPE:RogueAbilities										PLURAL:Rogue Special Abilities		DISPLAYLOCATION:Class Features
ABILITYCATEGORY:Ranger Combat Style				VISIBLE:QUALIFY	EDITABLE:YES		EDITPOOL:YES	FRACTIONALPOOL:NO						CATEGORY:Special Ability	TYPE:RangerCombatStyle										PLURAL:Ranger Combat Styles			DISPLAYLOCATION:Class Features
ABILITYCATEGORY:Favored Enemy					VISIBLE:QUALIFY	EDITABLE:YES		EDITPOOL:YES	FRACTIONALPOOL:NO		POOL:FavoredEnemies	CATEGORY:Special Ability	TYPE:FavoredEnemy											PLURAL:Favored Enemies				DISPLAYLOCATION:Class Features
ABILITYCATEGORY:Favored Enemy Bonus				VISIBLE:QUALIFY	EDITABLE:YES		EDITPOOL:YES	FRACTIONALPOOL:NO		POOL:FavoredEBonuses	CATEGORY:Special Ability	TYPE:FavoredEnemyBonus										PLURAL:Favored Enemy Bonuses			DISPLAYLOCATION:Class Features
ABILITYCATEGORY:Turn Undead					VISIBLE:QUALIFY	EDITABLE:YES		EDITPOOL:YES	FRACTIONALPOOL:NO						CATEGORY:Special Ability	TYPE:TurnUndead											PLURAL:Turn Undead				DISPLAYLOCATION:Class Features
ABILITYCATEGORY:Expert Class Skills				VISIBLE:QUALIFY	EDITABLE:YES		EDITPOOL:YES	FRACTIONALPOOL:NO						CATEGORY:Special Ability	TYPE:ExpertClassSkills										PLURAL:Expert Class Skills			DISPLAYLOCATION:Class Features
ABILITYCATEGORY:Simple Weapon Proficiency Choice	VISIBLE:QUALIFY	EDITABLE:YES		EDITPOOL:YES	FRACTIONALPOOL:NO						CATEGORY:Special Ability						ABILITYLIST:Single Simple Weapon Proficiency	PLURAL:Simple Weapon Proficiency Choice	DISPLAYLOCATION:Class Features
ABILITYCATEGORY:Special Mount Choice			VISIBLE:QUALIFY	EDITABLE:YES		EDITPOOL:NO										CATEGORY:Internal			TYPE:SpecialMountSelection																DISPLAYLOCATION:Class Features
ABILITYCATEGORY:Animal Trick					VISIBLE:QUALIFY	EDITABLE:YES		EDITPOOL:YES	FRACTIONALPOOL:NO						CATEGORY:Special Ability	TYPE:AnimalTrick	PLURAL:Animal Tricks		DISPLAYLOCATION:Class Features
ABILITYCATEGORY:Raven Language Choice			VISIBLE:QUALIFY	EDITABLE:YES		EDITPOOL:YES	FRACTIONALPOOL:NO		CATEGORY:Internal					ABILITYLIST:Raven Language Choice		DISPLAYLOCATION:Race Traits

###Block: Alternate Class Features & Misc.
# Ability Category					Visible	Editable or Static?	Change Pool?	Fractional values?	Category of Object		Type of Object		Plural description for UI		Display Location
ABILITYCATEGORY:ACF					VISIBLE:NO	EDITABLE:YES		EDITPOOL:YES	FRACTIONALPOOL:NO		CATEGORY:ACF
ABILITYCATEGORY:Alternate Class Feature		VISIBLE:YES	EDITABLE:YES		EDITPOOL:YES	FRACTIONALPOOL:NO		CATEGORY:ACF			TYPE:ACF			PLURAL:Alternate Class Features	DISPLAYLOCATION:Misc
ABILITYCATEGORY:Permanency Applied Effects	VISIBLE:YES	EDITABLE:YES		EDITPOOL:YES					CATEGORY:Special Ability	TYPE:PermanencySpell							DISPLAYLOCATION:Misc

###Block: Homebrew and Supplemental Support
# Ability Category					Visible		Editable or Static?	Change Pool?	Fractional values?	Category of Object	Type of Object	Specific choices list				Display Location
ABILITYCATEGORY:Weapon Focus				VISIBLE:QUALIFY	EDITABLE:YES		EDITPOOL:YES	FRACTIONALPOOL:NO		CATEGORY:FEAT					ABILITYLIST:Weapon Focus			DISPLAYLOCATION:Feats
ABILITYCATEGORY:Martial Weapon Proficiency	VISIBLE:QUALIFY	EDITABLE:YES		EDITPOOL:YES	FRACTIONALPOOL:NO		CATEGORY:FEAT					ABILITYLIST:Martial Weapon Proficiency	DISPLAYLOCATION:Feats
ABILITYCATEGORY:Exotic Weapon Proficiency		VISIBLE:QUALIFY	EDITABLE:YES		EDITPOOL:YES	FRACTIONALPOOL:NO		CATEGORY:FEAT					ABILITYLIST:Exotic Weapon Proficiency	DISPLAYLOCATION:Feats
ABILITYCATEGORY:Extra Turning				VISIBLE:QUALIFY	EDITABLE:YES		EDITPOOL:YES	FRACTIONALPOOL:NO		CATEGORY:FEAT					ABILITYLIST:Extra Turning			DISPLAYLOCATION:Feats
ABILITYCATEGORY:Metamagic Choice			VISIBLE:QUALIFY	EDITABLE:YES		EDITPOOL:YES	FRACTIONALPOOL:NO		CATEGORY:FEAT		TYPE:Metamagic								DISPLAYLOCATION:Feats
ABILITYCATEGORY:Item Creation Choice		VISIBLE:QUALIFY	EDITABLE:YES		EDITPOOL:YES	FRACTIONALPOOL:NO		CATEGORY:FEAT		TYPE:ItemCreation								DISPLAYLOCATION:Feats
ABILITYCATEGORY:Skill Focus				VISIBLE:QUALIFY	EDITABLE:YES		EDITPOOL:YES	FRACTIONALPOOL:NO		CATEGORY:FEAT					ABILITYLIST:Skill Focus				DISPLAYLOCATION:Feats


ABILITYCATEGORY:Dwarf Subrace				VISIBLE:QUALIFY	EDITABLE:YES		EDITPOOL:YES	FRACTIONALPOOL:NO		CATEGORY:Internal		TYPE:DwarfSubrace							DISPLAYLOCATION:Race Traits
ABILITYCATEGORY:Elf Subrace				VISIBLE:QUALIFY	EDITABLE:YES		EDITPOOL:YES	FRACTIONALPOOL:NO		CATEGORY:Internal		TYPE:ElfSubrace							DISPLAYLOCATION:Race Traits
ABILITYCATEGORY:Gnome Subrace				VISIBLE:QUALIFY	EDITABLE:YES		EDITPOOL:YES	FRACTIONALPOOL:NO		CATEGORY:Internal		TYPE:GnomeSubrace							DISPLAYLOCATION:Race Traits
ABILITYCATEGORY:Halfling Subrace			VISIBLE:QUALIFY	EDITABLE:YES		EDITPOOL:YES	FRACTIONALPOOL:NO		CATEGORY:Internal		TYPE:HalfingSubrace						DISPLAYLOCATION:Race Traits

