# CVS $Revision: $ $Author: $ -- Sun Aug 17 15:41:15 2014 -- reformated by prettylst.pl v1.51 (build 24906)

###Block: Masterwork

# Modifier Name	Unique Key	Naming Format	Naming Option	Type							Cost		Visible		Type granted	Source Page				Required Type			Prohibited Type							Bonus Armor Mods					Modify the item cost									Weapon prop. bonus				Apply to both heads
Masterwork		KEY:Masterwork (Weapon)		FORMATCAT:FRONT	NAMEOPT:NORMAL	TYPE:MasterworkQuality.Ammunition.Weapon	COST:0	VISIBLE:QUALIFY	ITYPE:Masterwork	SOURCEPAGE:RSRD Equipment	PRETYPE:1,Weapon,Ammunition	!PRETYPE:1,Masterwork,Mithral,Adamantine,Darkwood								BONUS:ITEMCOST|TYPE=Ammunition|6	BONUS:ITEMCOST|TYPE=Weapon|300	BONUS:WEAPON|TOHIT|1|TYPE=Enhancement	ASSIGNTOALL:YES
Masterwork		KEY:Masterwork (Armor)		FORMATCAT:FRONT	NAMEOPT:NORMAL	TYPE:MasterworkQuality.Armor.Shield		COST:150	VISIBLE:QUALIFY	ITYPE:Masterwork	SOURCEPAGE:RSRD Equipment	PRETYPE:1,Armor,Shield		!PRETYPE:1,Masterwork,Mithral,Adamantine,Darkwood	BONUS:EQMARMOR|ACCHECK|1|TYPE=Enhancement																				ASSIGNTOALL:YES
Masterwork		KEY:Masterwork (Instrument)	FORMATCAT:FRONT	NAMEOPT:NORMAL	TYPE:MasterworkQuality.Instrument		COST:95	VISIBLE:QUALIFY	ITYPE:Masterwork	SOURCEPAGE:RSRD Equipment	PRETYPE:1,Instrument		!PRETYPE:1,Masterwork,Mithral,Adamantine,Darkwood																											ASSIGNTOALL:YES
Masterwork		KEY:Masterwork (Tools)		FORMATCAT:FRONT	NAMEOPT:NORMAL	TYPE:MasterworkQuality.Tools			COST:50	VISIBLE:QUALIFY	ITYPE:Masterwork	SOURCEPAGE:RSRD Equipment	PRETYPE:1,Tools			!PRETYPE:1,Masterwork,Mithral,Adamantine,Darkwood								BONUS:ITEMCOST|TYPE=Thief|20															ASSIGNTOALL:YES

###Block: Base Materials


###Block: Strength Bow

# Modifier Name	Unique Key	Naming Option	Type				Cost		Visible		Source Page				Required Type		Modify the item cost																	Weapon prop. bonus												Special Property			Choose															Apply to both heads
Bow_STR		KEY:BOWSTR	NAMEOPT:NONAME	TYPE:Bow.Composite	COST:0	VISIBLE:QUALIFY	SOURCEPAGE:RSRD Equipment	PRETYPE:1,Composite	BONUS:ITEMCOST|TYPE.Shortbow|75*%CHOICE|PREVARGT:%CHOICE,0	BONUS:ITEMCOST|TYPE.Longbow|100*%CHOICE|PREVARGT:%CHOICE,0	BONUS:WEAPON|TOHIT|-2|PREVARGT:%CHOICE,STR	BONUS:WEAPON|DAMAGE|min(%CHOICE,STR)	SPROP:STR bonus to damage	CHOOSE:NUMBER|MIN=-5|MAX=100|TITLE=STR mod		ASSIGNTOALL:YES


###Block: Armor Accesories

# Modifier Name	Unique Key		Type			Cost													Visible		Type granted		Source Page				Required Type		Bonus Equip Mods		Bonus Weapon Mods			Special Property	Auto Equip
Armor Spikes	KEY:SPIKE_A		TYPE:Armor		COST:50												VISIBLE:QUALIFY	ITYPE:Spiked.Piercing	SOURCEPAGE:RSRD Equipment	PRETYPE:1,Shield,Armor										SPROP:Spiked	AUTO:EQUIP|Armor Spikes
Shield Spikes	KEY:SPIKE_S		TYPE:Shield		COST:10												VISIBLE:QUALIFY	ITYPE:Spiked.Piercing	SOURCEPAGE:RSRD Equipment	PRETYPE:1,Shield,Armor	BONUS:EQM|WEIGHTADD|5	BONUS:EQMWEAPON|DAMAGESIZE|1	SPROP:Spiked
Shield Spikes	KEY:SPIKE_SB	TYPE:Shieldbash	COST:0												VISIBLE:QUALIFY	ITYPE:Spiked.Piercing	SOURCEPAGE:RSRD Equipment									BONUS:EQMWEAPON|DAMAGESIZE|1	SPROP:Spiked
Locked Gauntlets	KEY:Lock_G		TYPE:Gauntlet	COST:8												VISIBLE:QUALIFY	ITYPE:GauntletLock	SOURCEPAGE:RSRD Equipment					BONUS:EQM|WEIGHTADD|5						SPROP:Locked
Nonhumanoid		KEY:NONHUMANOID	TYPE:Armor		COST:BASECOST*(((SIZE<=2)*.5)+(SIZE==3)+(SIZE==4)+((SIZE>=5)*(2^(SIZE-4))))	VISIBLE:QUALIFY					SOURCEPAGE:RSRD Equipment

###Block: Base Materials

# Modifier Name	Unique Key		Naming Option	Type															Cost		Visible		Type granted	Source Page							Prohibited Type							Apply to both heads
Wood			KEY:WOOD		NAMEOPT:NORMAL	TYPE:BaseMaterial.Mundane.Ammunition.Armor.Shield.Weapon.Instruments.Tools.Goods		COST:0	VISIBLE:QUALIFY	ITYPE:Wooden	SOURCEPAGE:RSRD Equipment				!PRETYPE:1,EQMODTYPE=Mundane	!PRETYPE:1,Metal		ASSIGNTOALL:YES
Steel			KEY:STEEL		NAMEOPT:NORMAL	TYPE:BaseMaterial.Mundane.Ammunition.Armor.Shield.Weapon.Instruments.Tools.Goods.Bracer	COST:0	VISIBLE:QUALIFY	ITYPE:Metal		SOURCEPAGE:RSRD Equipment				!PRETYPE:1,EQMODTYPE=Mundane	!PRETYPE:1,Wooden
Clay			KEY:CLAY		NAMEOPT:NORMAL	TYPE:BaseMaterial.Mundane.Ammunition.Armor.Shield.Weapon.Instruments.Tools.Goods		COST:0	VISIBLE:QUALIFY				SOURCEPAGE:RSRD CarryingandExploration	!PRETYPE:1,EQMODTYPE=Mundane	!PRETYPE:1,Metal,Wooden
Cloth			KEY:CLOTH		NAMEOPT:NORMAL	TYPE:BaseMaterial.Mundane.Ammunition.Armor.Shield.Weapon.Instruments.Tools.Goods		COST:0	VISIBLE:QUALIFY				SOURCEPAGE:RSRD CarryingandExploration	!PRETYPE:1,EQMODTYPE=Mundane	!PRETYPE:1,Metal,Wooden
Glass			KEY:GLASS		NAMEOPT:NORMAL	TYPE:BaseMaterial.Mundane.Ammunition.Armor.Shield.Weapon.Instruments.Tools.Goods		COST:0	VISIBLE:QUALIFY				SOURCEPAGE:RSRD CarryingandExploration	!PRETYPE:1,EQMODTYPE=Mundane	!PRETYPE:1,Metal,Wooden
Hide			KEY:HIDE		NAMEOPT:NORMAL	TYPE:BaseMaterial.Mundane.Ammunition.Armor.Shield.Weapon.Instruments.Tools.Goods		COST:0	VISIBLE:QUALIFY				SOURCEPAGE:RSRD CarryingandExploration	!PRETYPE:1,EQMODTYPE=Mundane	!PRETYPE:1,Metal,Wooden
Ice			KEY:ICE		NAMEOPT:NORMAL	TYPE:BaseMaterial.Mundane.Ammunition.Armor.Shield.Weapon.Instruments.Tools.Goods		COST:0	VISIBLE:QUALIFY				SOURCEPAGE:RSRD CarryingandExploration	!PRETYPE:1,EQMODTYPE=Mundane	!PRETYPE:1,Metal,Wooden
Iron			KEY:IRON		NAMEOPT:NORMAL	TYPE:BaseMaterial.Mundane.Ammunition.Armor.Shield.Weapon.Instruments.Tools.Goods.Bracer	COST:0	VISIBLE:QUALIFY	ITYPE:Metal		SOURCEPAGE:RSRD CarryingandExploration	!PRETYPE:1,EQMODTYPE=Mundane	!PRETYPE:1,Wooden
Leather		KEY:LEATHER		NAMEOPT:NORMAL	TYPE:BaseMaterial.Mundane.Ammunition.Armor.Shield.Weapon.Instruments.Tools.Goods		COST:0	VISIBLE:QUALIFY				SOURCEPAGE:RSRD CarryingandExploration	!PRETYPE:1,EQMODTYPE=Mundane	!PRETYPE:1,Metal,Wooden
Paper			KEY:PAPER		NAMEOPT:NORMAL	TYPE:BaseMaterial.Mundane.Ammunition.Armor.Shield.Weapon.Instruments.Tools.Goods		COST:0	VISIBLE:QUALIFY				SOURCEPAGE:RSRD CarryingandExploration	!PRETYPE:1,EQMODTYPE=Mundane	!PRETYPE:1,Metal,Wooden
Parchment		KEY:PARCHMENT	NAMEOPT:NORMAL	TYPE:BaseMaterial.Mundane.Ammunition.Armor.Shield.Weapon.Instruments.Tools.Goods		COST:0	VISIBLE:QUALIFY				SOURCEPAGE:RSRD CarryingandExploration	!PRETYPE:1,EQMODTYPE=Mundane	!PRETYPE:1,Metal,Wooden
Rope			KEY:ROPE		NAMEOPT:NORMAL	TYPE:BaseMaterial.Mundane.Ammunition.Armor.Shield.Weapon.Instruments.Tools.Goods		COST:0	VISIBLE:QUALIFY				SOURCEPAGE:RSRD CarryingandExploration	!PRETYPE:1,EQMODTYPE=Mundane	!PRETYPE:1,Metal,Wooden
Stone			KEY:STONE		NAMEOPT:NORMAL	TYPE:BaseMaterial.Mundane.Ammunition.Armor.Shield.Weapon.Instruments.Tools.Goods		COST:0	VISIBLE:QUALIFY				SOURCEPAGE:RSRD CarryingandExploration	!PRETYPE:1,EQMODTYPE=Mundane	!PRETYPE:1,Metal,Wooden
Wax			KEY:WAX		NAMEOPT:NORMAL	TYPE:BaseMaterial.Mundane.Ammunition.Armor.Shield.Weapon.Instruments.Tools.Goods		COST:0	VISIBLE:QUALIFY				SOURCEPAGE:RSRD CarryingandExploration	!PRETYPE:1,EQMODTYPE=Mundane	!PRETYPE:1,Metal,Wooden
#The following are not explicitely mentioned in the SRD but are derived from existing equipment like a ring or a gong
Bone			KEY:BONE		NAMEOPT:NORMAL	TYPE:BaseMaterial.Mundane.Ammunition.Armor.Shield.Weapon.Instruments.Tools.Goods		COST:0	VISIBLE:QUALIFY				SOURCEPAGE:RSRD Equipment				!PRETYPE:1,EQMODTYPE=Mundane	!PRETYPE:1,Wooden,Metal
Brass			KEY:BRASS		NAMEOPT:NORMAL	TYPE:BaseMaterial.Mundane.Ammunition.Armor.Shield.Weapon.Instruments.Tools.Goods.Bracer	COST:0	VISIBLE:QUALIFY	ITYPE:Metal		SOURCEPAGE:RSRD Equipment				!PRETYPE:1,EQMODTYPE=Mundane	!PRETYPE:1,Wooden
Bronze		KEY:BRONZE		NAMEOPT:NORMAL	TYPE:BaseMaterial.Mundane.Ammunition.Armor.Shield.Weapon.Instruments.Tools.Goods.Bracer	COST:0	VISIBLE:QUALIFY	ITYPE:Metal		SOURCEPAGE:RSRD Equipment				!PRETYPE:1,EQMODTYPE=Mundane	!PRETYPE:1,Wooden
Gold			KEY:GOLD		NAMEOPT:NORMAL	TYPE:BaseMaterial.Mundane.Ammunition.Armor.Shield.Weapon.Instruments.Tools.Goods.Bracer	COST:0	VISIBLE:QUALIFY	ITYPE:Metal		SOURCEPAGE:RSRD Equipment				!PRETYPE:1,EQMODTYPE=Mundane	!PRETYPE:1,Wooden
Silk			KEY:SILK		NAMEOPT:NORMAL	TYPE:BaseMaterial.Mundane.Ammunition.Armor.Shield.Weapon.Instruments.Tools.Goods		COST:0	VISIBLE:QUALIFY				SOURCEPAGE:RSRD Equipment				!PRETYPE:1,EQMODTYPE=Mundane	!PRETYPE:1,Metal,Wooden
Silver		KEY:SILVER		NAMEOPT:NORMAL	TYPE:BaseMaterial.Mundane.Ammunition.Armor.Shield.Weapon.Instruments.Tools.Goods.Bracer	COST:0	VISIBLE:QUALIFY	ITYPE:Metal		SOURCEPAGE:RSRD Equipment				!PRETYPE:1,EQMODTYPE=Mundane	!PRETYPE:1,Wooden
#I didn't include mention of hp and hardness since I wouldn't want to see that printed as property for every normal equipmment,
#leaving that until we have equipment variables -- Frank
#######################
# Dave - adding 'Uses_x' - similar to 'CONSUMABLE', and 'Charges (x)' in DMG, but no cost modifier (to add checkboxes to standard equipment without having to equip multiples - see 'Healing Belt' in MIC
# Modifier Name	Unique Key			Cost							Visible	Choose		Nb of Charges
Uses (1)		KEY:USABLE_ITEM_1	VISIBLE:NO	CHOOSE:NOCHOICE	CHARGES:1|1
Uses (2)		KEY:USABLE_ITEM_2	VISIBLE:NO	CHOOSE:NOCHOICE	CHARGES:1|2
Uses (3)		KEY:USABLE_ITEM_3	VISIBLE:NO	CHOOSE:NOCHOICE	CHARGES:1|3
Uses (4)		KEY:USABLE_ITEM_4	VISIBLE:NO	CHOOSE:NOCHOICE	CHARGES:1|4
Uses (5)		KEY:USABLE_ITEM_5	VISIBLE:NO	CHOOSE:NOCHOICE	CHARGES:1|5
Uses (6)		KEY:USABLE_ITEM_6	VISIBLE:NO	CHOOSE:NOCHOICE	CHARGES:1|6
Uses (7)		KEY:USABLE_ITEM_7	VISIBLE:NO	CHOOSE:NOCHOICE	CHARGES:1|7
Uses (8)		KEY:USABLE_ITEM_8	VISIBLE:NO	CHOOSE:NOCHOICE	CHARGES:1|8
Uses (9)		KEY:USABLE_ITEM_9	VISIBLE:NO	CHOOSE:NOCHOICE	CHARGES:1|9
Uses (10)		KEY:USABLE_ITEM_10	VISIBLE:NO	CHOOSE:NOCHOICE	CHARGES:1|10
Uses (11)		KEY:USABLE_ITEM_11	VISIBLE:NO	CHOOSE:NOCHOICE	CHARGES:1|11
Uses (12)		KEY:USABLE_ITEM_12	VISIBLE:NO	CHOOSE:NOCHOICE	CHARGES:1|12
Uses (13)		KEY:USABLE_ITEM_13	VISIBLE:NO	CHOOSE:NOCHOICE	CHARGES:1|13
Uses (14)		KEY:USABLE_ITEM_14	VISIBLE:NO	CHOOSE:NOCHOICE	CHARGES:1|14
Uses (15)		KEY:USABLE_ITEM_15	VISIBLE:NO	CHOOSE:NOCHOICE	CHARGES:1|15
Uses (16)		KEY:USABLE_ITEM_16	VISIBLE:NO	CHOOSE:NOCHOICE	CHARGES:1|16
Uses (17)		KEY:USABLE_ITEM_17	VISIBLE:NO	CHOOSE:NOCHOICE	CHARGES:1|17
Uses (18)		KEY:USABLE_ITEM_18	VISIBLE:NO	CHOOSE:NOCHOICE	CHARGES:1|18
Uses (19)		KEY:USABLE_ITEM_19	VISIBLE:NO	CHOOSE:NOCHOICE	CHARGES:1|19
