# CVS $Revision: $ $Author: $ -- Sun Dec  8 22:17:49 2013 -- reformated by prettylst.pl v1.50 (build 22352)

###Block: Subrace Auto Selection
STARTPACK:Dwarf		VISIBLE:NO	APPLY:INSTANT
ABILITY:CATEGORY=Dwarf Subrace|Hill

STARTPACK:Elf		VISIBLE:NO	APPLY:INSTANT
ABILITY:CATEGORY=Elf Subrace|High

STARTPACK:Gnome		VISIBLE:NO	APPLY:INSTANT
ABILITY:CATEGORY=Gnome Subrace|Rock

STARTPACK:Halfling	VISIBLE:NO	APPLY:INSTANT
ABILITY:CATEGORY=Halfling Subrace|Lightfoot



STARTPACK:LG	VISIBLE:NO	APPLY:INSTANT
ALIGN:LG

STARTPACK:NG	VISIBLE:NO	APPLY:INSTANT
ALIGN:NG

STARTPACK:CG	VISIBLE:NO	APPLY:INSTANT
ALIGN:CG

STARTPACK:LN	VISIBLE:NO	APPLY:INSTANT
ALIGN:LN

STARTPACK:TN	VISIBLE:NO	APPLY:INSTANT
ALIGN:TN

STARTPACK:CN	VISIBLE:NO	APPLY:INSTANT
ALIGN:CN

STARTPACK:LE	VISIBLE:NO	APPLY:INSTANT
ALIGN:LE

STARTPACK:NE	VISIBLE:NO	APPLY:INSTANT
ALIGN:NE

STARTPACK:CE	VISIBLE:NO	APPLY:INSTANT
ALIGN:CE


STARTPACK:Monk Flurry of Blows	VISIBLE:NO	APPLY:INSTANT	EQUIPBUY:0
GEAR:Flurry of Blows	LOCATION:Unarmed

STARTPACK:Wizard Spell Book	EQUIPBUY:0	PREMULT:2,[PREPCLEVEL:MAX=1],[PRECLASS:1,Wizard=1]
GEAR:Spellbook (Wizard's/Blank)	LOCATION:Carried



# Consider adding the Race Default Characters
