



# Language			Type								Var. Min. Value
Common			TYPE:Spoken.Written.Read.Common

# Races in PHB
Dwarven			TYPE:Spoken.Written.Read.Dwarven
Elven				TYPE:Spoken.Written.Read.Elven
Gnome				TYPE:Spoken.Written.Read.Dwarven
Halfling			TYPE:Spoken.Written.Read.Common

# Referenced by Races
Giant				TYPE:Spoken.Written.Read.Dwarven
Gnoll				TYPE:Spoken.Written.Read.Common
Goblin			TYPE:Spoken.Written.Read.Dwarven
Orc				TYPE:Spoken.Written.Read.Dwarven
Terran			TYPE:Spoken.Written.Read.Dwarven
Undercommon			TYPE:Spoken.Written.Read.Elven

# Referenced by Classes
Abyssal			TYPE:Spoken.Written.Read.Cleric.Infernal
Celestial			TYPE:Spoken.Written.Read.Cleric.Celestial
Draconic			TYPE:Spoken.Written.Read.Wizard.Draconic
Infernal			TYPE:Spoken.Written.Read.Cleric.Infernal
Sylvan			TYPE:Spoken.Written.Read.Druid.Elven
Druidic			TYPE:Spoken.Written.Read.Druid.Secret.Druidic	PREVARGTEQ:DruidicLanguage,1
