# CVS $Revision: $ $Author: $ -- Sun Dec  8 22:17:49 2013 -- reformated by prettylst.pl v1.50 (build 22352)


# Skill Name					Key Stat	Untrained?		Skill Penalty Apply	Type							Visible		Source Page		Temporary effect description																Temporary Bonus
Appraise						KEYSTAT:INT								TYPE:Intelligence.Standard						SOURCEPAGE:p.67
Balance						KEYSTAT:DEX				ACHECK:YES			TYPE:Dexterity.Standard							SOURCEPAGE:p.67
Bluff							KEYSTAT:CHA								TYPE:Charisma.Standard.Deception					SOURCEPAGE:p.67
Climb							KEYSTAT:STR				ACHECK:YES			TYPE:Strength.Standard.Athletics					SOURCEPAGE:p.69
Concentration					KEYSTAT:CON								TYPE:Constitution.Standard						SOURCEPAGE:p.69
Craft (Alchemy)					KEYSTAT:INT	USEUNTRAINED:NO					TYPE:Intelligence.Craft.Standard					SOURCEPAGE:p.70
Craft (Armorsmithing)				KEYSTAT:INT	USEUNTRAINED:NO					TYPE:Intelligence.Craft.Standard					SOURCEPAGE:p.70
Craft (Basketweaving)				KEYSTAT:INT	USEUNTRAINED:NO					TYPE:Intelligence.Craft.Standard					SOURCEPAGE:p.70
Craft (Bookbinding)				KEYSTAT:INT	USEUNTRAINED:NO					TYPE:Intelligence.Craft.Standard					SOURCEPAGE:p.70
Craft (Bowmaking)					KEYSTAT:INT	USEUNTRAINED:NO					TYPE:Intelligence.Craft.Standard					SOURCEPAGE:p.70
Craft (Blacksmithing)				KEYSTAT:INT	USEUNTRAINED:NO					TYPE:Intelligence.Craft.Standard					SOURCEPAGE:p.70
Craft (Calligraphy)				KEYSTAT:INT	USEUNTRAINED:NO					TYPE:Intelligence.Craft.Standard					SOURCEPAGE:p.70
Craft (Carpentry)					KEYSTAT:INT	USEUNTRAINED:NO					TYPE:Intelligence.Craft.Standard					SOURCEPAGE:p.70
Craft (Cobbling)					KEYSTAT:INT	USEUNTRAINED:NO					TYPE:Intelligence.Craft.Standard					SOURCEPAGE:p.70
Craft (Gemcutting)				KEYSTAT:INT	USEUNTRAINED:NO					TYPE:Intelligence.Craft.Standard					SOURCEPAGE:p.70
Craft (Leatherworking)				KEYSTAT:INT	USEUNTRAINED:NO					TYPE:Intelligence.Craft.Standard					SOURCEPAGE:p.70
Craft (Locksmithing)				KEYSTAT:INT	USEUNTRAINED:NO					TYPE:Intelligence.Craft.Standard					SOURCEPAGE:p.70
Craft (Painting)					KEYSTAT:INT	USEUNTRAINED:NO					TYPE:Intelligence.Craft.Standard					SOURCEPAGE:p.70
Craft (Pottery)					KEYSTAT:INT	USEUNTRAINED:NO					TYPE:Intelligence.Craft.Standard					SOURCEPAGE:p.70
Craft (Sculpting)					KEYSTAT:INT	USEUNTRAINED:NO					TYPE:Intelligence.Craft.Standard					SOURCEPAGE:p.70
Craft (Shipmaking)				KEYSTAT:INT	USEUNTRAINED:NO					TYPE:Intelligence.Craft.Standard					SOURCEPAGE:p.70
Craft (Stonemasonry)				KEYSTAT:INT	USEUNTRAINED:NO					TYPE:Intelligence.Craft.Standard					SOURCEPAGE:p.70
Craft (Trapmaking)				KEYSTAT:INT	USEUNTRAINED:NO					TYPE:Intelligence.Craft.Standard					SOURCEPAGE:p.70
Craft (Weaponsmithing)				KEYSTAT:INT	USEUNTRAINED:NO					TYPE:Intelligence.Craft.Standard					SOURCEPAGE:p.70
Craft (Weaving)					KEYSTAT:INT	USEUNTRAINED:NO					TYPE:Intelligence.Craft.Standard					SOURCEPAGE:p.70
Craft (Untrained)					KEYSTAT:INT								TYPE:Intelligence.Craft.Standard		VISIBLE:EXPORT	SOURCEPAGE:p.70
Decipher Script					KEYSTAT:INT	USEUNTRAINED:NO					TYPE:Intelligence.Standard						SOURCEPAGE:p.71
Diplomacy						KEYSTAT:CHA								TYPE:Charisma.Standard.Persuasion					SOURCEPAGE:p.71
Disable Device					KEYSTAT:INT	USEUNTRAINED:NO					TYPE:Intelligence.Standard						SOURCEPAGE:p.72
Disguise						KEYSTAT:CHA								TYPE:Charisma.Standard							SOURCEPAGE:p.72
Escape Artist					KEYSTAT:DEX				ACHECK:YES			TYPE:Dexterity.Standard							SOURCEPAGE:p.73
Forgery						KEYSTAT:INT								TYPE:Intelligence.Standard						SOURCEPAGE:p.74
Gather Information				KEYSTAT:CHA								TYPE:Charisma.Standard							SOURCEPAGE:p.74
Handle Animal					KEYSTAT:CHA	USEUNTRAINED:NO					TYPE:Charisma.Standard							SOURCEPAGE:p.74
Heal							KEYSTAT:WIS								TYPE:Wisdom.Standard							SOURCEPAGE:p.75
Hide							KEYSTAT:DEX				ACHECK:YES			TYPE:Dexterity.Standard.Stealth					SOURCEPAGE:p.76
Intimidate						KEYSTAT:CHA								TYPE:Charisma.Standard.Persuasion					SOURCEPAGE:p.76
Jump							KEYSTAT:STR				ACHECK:YES			TYPE:Strength.Standard							SOURCEPAGE:p.77
Knowledge (Arcana)				KEYSTAT:INT	USEUNTRAINED:NO					TYPE:Intelligence.Knowledge.Standard				SOURCEPAGE:p.78
Knowledge (Architecture and Engineering)	KEYSTAT:INT	USEUNTRAINED:NO					TYPE:Intelligence.Knowledge.Standard				SOURCEPAGE:p.78
Knowledge (Dungeoneering)			KEYSTAT:INT	USEUNTRAINED:NO					TYPE:Intelligence.Knowledge.Standard				SOURCEPAGE:p.78
Knowledge (Geography)				KEYSTAT:INT	USEUNTRAINED:NO					TYPE:Intelligence.Knowledge.Standard				SOURCEPAGE:p.78
Knowledge (History)				KEYSTAT:INT	USEUNTRAINED:NO					TYPE:Intelligence.Knowledge.Standard				SOURCEPAGE:p.78
Knowledge (Local)					KEYSTAT:INT	USEUNTRAINED:NO					TYPE:Intelligence.Knowledge.Standard				SOURCEPAGE:p.78
Knowledge (Nature)				KEYSTAT:INT	USEUNTRAINED:NO					TYPE:Intelligence.Knowledge.Standard				SOURCEPAGE:p.78
Knowledge (Nobility and Royalty)		KEYSTAT:INT	USEUNTRAINED:NO					TYPE:Intelligence.Knowledge.Standard				SOURCEPAGE:p.78
Knowledge (Religion)				KEYSTAT:INT	USEUNTRAINED:NO					TYPE:Intelligence.Knowledge.Standard				SOURCEPAGE:p.78
Knowledge (The Planes)				KEYSTAT:INT	USEUNTRAINED:NO					TYPE:Intelligence.Knowledge.Standard				SOURCEPAGE:p.78
Knowledge (Untrained)				KEYSTAT:INT								TYPE:Intelligence.Knowledge.Standard	VISIBLE:EXPORT	SOURCEPAGE:p.78
Listen						KEYSTAT:WIS								TYPE:Wisdom.Standard.Perception					SOURCEPAGE:p.78
Move Silently					KEYSTAT:DEX				ACHECK:YES			TYPE:Dexterity.Standard.Stealth					SOURCEPAGE:p.79
Open Lock						KEYSTAT:DEX	USEUNTRAINED:NO					TYPE:Dexterity.Standard							SOURCEPAGE:p.79	TEMPDESC:Attempting an Open Lock check without a set of thieves' tools imposes a -2 circumstance penalty on the check	TEMPBONUS:PC|SKILL|Open Lock|-2|TYPE=Circumstance|!PREITEM:1,TYPE=ThiefTools
Perform (Act)					KEYSTAT:CHA	USEUNTRAINED:NO					TYPE:Charisma.Perform.Standard					SOURCEPAGE:p.79
Perform (Comedy)					KEYSTAT:CHA	USEUNTRAINED:NO					TYPE:Charisma.Perform.Standard					SOURCEPAGE:p.79
Perform (Dance)					KEYSTAT:CHA	USEUNTRAINED:NO					TYPE:Charisma.Perform.Standard					SOURCEPAGE:p.79
Perform (Keyboard Instruments)		KEYSTAT:CHA	USEUNTRAINED:NO					TYPE:Charisma.Perform.Standard					SOURCEPAGE:p.79
Perform (Oratory)					KEYSTAT:CHA	USEUNTRAINED:NO					TYPE:Charisma.Perform.Standard					SOURCEPAGE:p.79
Perform (Percussion Instruments)		KEYSTAT:CHA	USEUNTRAINED:NO					TYPE:Charisma.Perform.Standard					SOURCEPAGE:p.79
Perform (String Instruments)			KEYSTAT:CHA	USEUNTRAINED:NO					TYPE:Charisma.Perform.Standard					SOURCEPAGE:p.79
Perform (Wind Instruments)			KEYSTAT:CHA	USEUNTRAINED:NO					TYPE:Charisma.Perform.Standard					SOURCEPAGE:p.79
Perform (Sing)					KEYSTAT:CHA	USEUNTRAINED:NO					TYPE:Charisma.Perform.Standard					SOURCEPAGE:p.79
Profession (Apothecary)				KEYSTAT:WIS	USEUNTRAINED:NO					TYPE:Wisdom.Profession.Standard					SOURCEPAGE:p.80
Profession (Boater)				KEYSTAT:WIS	USEUNTRAINED:NO					TYPE:Wisdom.Profession.Standard					SOURCEPAGE:p.80
Profession (Bookkeeper)				KEYSTAT:WIS	USEUNTRAINED:NO					TYPE:Wisdom.Profession.Standard					SOURCEPAGE:p.80
Profession (Brewer)				KEYSTAT:WIS	USEUNTRAINED:NO					TYPE:Wisdom.Profession.Standard					SOURCEPAGE:p.80
Profession (Cook)					KEYSTAT:WIS	USEUNTRAINED:NO					TYPE:Wisdom.Profession.Standard					SOURCEPAGE:p.80
Profession (Driver)				KEYSTAT:WIS	USEUNTRAINED:NO					TYPE:Wisdom.Profession.Standard					SOURCEPAGE:p.80
Profession (Farmer)				KEYSTAT:WIS	USEUNTRAINED:NO					TYPE:Wisdom.Profession.Standard					SOURCEPAGE:p.80
Profession (Fisher)				KEYSTAT:WIS	USEUNTRAINED:NO					TYPE:Wisdom.Profession.Standard					SOURCEPAGE:p.80
Profession (Guide)				KEYSTAT:WIS	USEUNTRAINED:NO					TYPE:Wisdom.Profession.Standard					SOURCEPAGE:p.80
Profession (Herbalist)				KEYSTAT:WIS	USEUNTRAINED:NO					TYPE:Wisdom.Profession.Standard					SOURCEPAGE:p.80
Profession (Herder)				KEYSTAT:WIS	USEUNTRAINED:NO					TYPE:Wisdom.Profession.Standard					SOURCEPAGE:p.80
Profession (Hunter)				KEYSTAT:WIS	USEUNTRAINED:NO					TYPE:Wisdom.Profession.Standard					SOURCEPAGE:p.80
Profession (Innkeeper)				KEYSTAT:WIS	USEUNTRAINED:NO					TYPE:Wisdom.Profession.Standard					SOURCEPAGE:p.80
Profession (Lumberjack)				KEYSTAT:WIS	USEUNTRAINED:NO					TYPE:Wisdom.Profession.Standard					SOURCEPAGE:p.80
Profession (Miller)				KEYSTAT:WIS	USEUNTRAINED:NO					TYPE:Wisdom.Profession.Standard					SOURCEPAGE:p.80
Profession (Miner)				KEYSTAT:WIS	USEUNTRAINED:NO					TYPE:Wisdom.Profession.Standard					SOURCEPAGE:p.80
Profession (Porter)				KEYSTAT:WIS	USEUNTRAINED:NO					TYPE:Wisdom.Profession.Standard					SOURCEPAGE:p.80
Profession (Rancher)				KEYSTAT:WIS	USEUNTRAINED:NO					TYPE:Wisdom.Profession.Standard					SOURCEPAGE:p.80
Profession (Sailor)				KEYSTAT:WIS	USEUNTRAINED:NO					TYPE:Wisdom.Profession.Standard					SOURCEPAGE:p.80
Profession (Scribe)				KEYSTAT:WIS	USEUNTRAINED:NO					TYPE:Wisdom.Profession.Standard					SOURCEPAGE:p.80
Profession (Siege Engineer)			KEYSTAT:WIS	USEUNTRAINED:NO					TYPE:Wisdom.Profession.Standard					SOURCEPAGE:p.80
Profession (Stablehand)				KEYSTAT:WIS	USEUNTRAINED:NO					TYPE:Wisdom.Profession.Standard					SOURCEPAGE:p.80
Profession (Tanner)				KEYSTAT:WIS	USEUNTRAINED:NO					TYPE:Wisdom.Profession.Standard					SOURCEPAGE:p.80
Profession (Teamster)				KEYSTAT:WIS	USEUNTRAINED:NO					TYPE:Wisdom.Profession.Standard					SOURCEPAGE:p.80
Profession (Woodcutter)				KEYSTAT:WIS	USEUNTRAINED:NO					TYPE:Wisdom.Profession.Standard					SOURCEPAGE:p.80
Ride							KEYSTAT:DEX								TYPE:Dexterity.Standard							SOURCEPAGE:p.80
Search						KEYSTAT:INT								TYPE:Intelligence.Standard						SOURCEPAGE:p.81
Sense Motive					KEYSTAT:WIS								TYPE:Wisdom.Standard							SOURCEPAGE:p.81
Sleight of Hand					KEYSTAT:DEX	USEUNTRAINED:NO	ACHECK:YES			TYPE:Dexterity.Standard							SOURCEPAGE:p.81
Speak Language							USEUNTRAINED:NO					TYPE:None.Language							SOURCEPAGE:p.82
Spellcraft						KEYSTAT:INT	USEUNTRAINED:NO					TYPE:Intelligence.Standard						SOURCEPAGE:p.82
Spot							KEYSTAT:WIS								TYPE:Wisdom.Standard.Perception					SOURCEPAGE:p.83
Survival						KEYSTAT:WIS								TYPE:Wisdom.Standard							SOURCEPAGE:p.83
Swim							KEYSTAT:STR				ACHECK:DOUBLE		TYPE:Strength.Standard							SOURCEPAGE:p.84
Tumble						KEYSTAT:DEX	USEUNTRAINED:NO	ACHECK:YES			TYPE:Dexterity.Standard							SOURCEPAGE:p.84
Use Magic Device					KEYSTAT:CHA	USEUNTRAINED:NO					TYPE:Charisma.Standard							SOURCEPAGE:p.85
Use Rope						KEYSTAT:DEX								TYPE:Dexterity.Standard							SOURCEPAGE:p.86

###Block: 3e skills conversion
# Skill Name	Untrained?		Type							Visible
Diplomacy.MOD				TYPE:Animal Empathy
Survival.MOD				TYPE:Wilderness Lore.Intuit Direction

# This prevents any error messages if you load a skill no longer used.
Not Used		USEUNTRAINED:NO	TYPE:Innuedo					VISIBLE:EXPORT


###Block: Synergies & Bonuses to Base Skills
# Skill Name					Choose			Bonus to skill																																				Modify VAR										Temporary effect description																			Temporary Bonus										Automatically Gained Language
Bluff.MOD										BONUS:SKILL|Sleight of Hand,Diplomacy,Intimidate|SynergyBonus|TYPE=Synergy.STACK|PRESKILL:1,Bluff=5
Climb.MOD										BONUS:SKILL|Climb|8|PREMOVE:1,Climb=1|TYPE=Racial
Disable Device.MOD																																																																																TEMPBONUS:PC|SKILL|Disable Device|-2|!PREITEM:1,TYPE=ThiefTools
Handle Animal.MOD									BONUS:SKILL|Ride|SynergyBonus|PRESKILL:1,Handle Animal=5|TYPE=Synergy.STACK
Jump.MOD										BONUS:SKILL|Tumble|SynergyBonus|PRESKILL:1,Jump=5|TYPE=Synergy.STACK	BONUS:SKILL|Jump|max(floor((var("MOVE[Walk]")-30)/10)*4,0)|TYPE=Speed.STACK	BONUS:SKILL|Jump|min(ceil((var("MOVE[Walk]")-30)/10)*6,0)|TYPE=Speed.STACK
Knowledge (Arcana).MOD								BONUS:SKILL|Spellcraft|SynergyBonus|PRESKILL:1,Knowledge (Arcana)=5|TYPE=Synergy.STACK
Knowledge (History).MOD																																														BONUS:VAR|BardicKnowledge|2|PRESKILL:1,Knowledge (History)=5
Knowledge (Local).MOD								BONUS:SKILL|Gather Information|SynergyBonus|PRESKILL:1,Knowledge (Local)=5|TYPE=Synergy.STACK
Knowledge (Nobility and Royalty).MOD					BONUS:SKILL|Diplomacy|SynergyBonus|PRESKILL:1,Knowledge (Nobility and Royalty)=5|TYPE=Synergy.STACK
Knowledge (Religion).MOD																																													BONUS:VAR|TurnCheckUndead|2|PRESKILL:1,Knowledge (Religion)=5
Ride.MOD																																																											TEMPDESC:If you are riding bareback, or attempt to ride a creature that is ill suited as a mount, you take a -5 penalty on Ride checks.	TEMPBONUS:ANYPC|SKILL|Ride|-5|TYPE=Circumstance|!PREITEM:1,TYPE=Saddle
Sense Motive.MOD									BONUS:SKILL|Diplomacy|SynergyBonus|PRESKILL:1,Sense Motive=5|TYPE=Synergy.STACK
Speak Language.MOD				CHOOSE:LANG|!PC,TYPE=Spoken																																																																																					AUTO:LANG|%LIST
Survival.MOD									BONUS:SKILL|Knowledge (Nature)|SynergyBonus|PRESKILL:1,Survival=5|TYPE=Synergy.STACK
Swim.MOD										BONUS:SKILL|Swim|8|PREMOVE:1,Swim=1|TYPE=Racial
Tumble.MOD										BONUS:SKILL|Balance,Jump|SynergyBonus|PRESKILL:1,Tumble=5|TYPE=Synergy.STACK


###Block: Craft Optional Penalties
# Skill Name			Temporary effect description													Temporary Bonus
Craft (Armorsmithing).MOD	TEMPDESC:Craft skill checks are made with a -2 circumstance penalty If improvised tools are used	TEMPBONUS:PC|SKILL|Craft (Armorsmithing)|-2|TYPE=Circumstance|!PREITEM:1,TYPE=ArmorsmithingTools
Craft (Blacksmithing).MOD	TEMPDESC:Craft skill checks are made with a -2 circumstance penalty If improvised tools are used	TEMPBONUS:PC|SKILL|Craft (Blacksmithing)|-2|TYPE=Circumstance|!PREITEM:1,TYPE=BlacksmithingTools
Craft (Bowmaking).MOD		TEMPDESC:Craft skill checks are made with a -2 circumstance penalty If improvised tools are used	TEMPBONUS:PC|SKILL|Craft (Bowmaking)|-2|TYPE=Circumstance|!PREITEM:1,TYPE=BowmakingTools
Craft (Carpentry).MOD		TEMPDESC:Craft skill checks are made with a -2 circumstance penalty If improvised tools are used	TEMPBONUS:PC|SKILL|Craft (Carpentry)|-2|TYPE=Circumstance|!PREITEM:1,TYPE=CarpentryTools
Craft (Leatherworking).MOD	TEMPDESC:Craft skill checks are made with a -2 circumstance penalty If improvised tools are used	TEMPBONUS:PC|SKILL|Craft (Leatherworking)|-2|TYPE=Circumstance|!PREITEM:1,TYPE=LeatherworkingTools
Craft (Painting).MOD		TEMPDESC:Craft skill checks are made with a -2 circumstance penalty If improvised tools are used	TEMPBONUS:PC|SKILL|Craft (Painting)|-2|TYPE=Circumstance|!PREITEM:1,TYPE=PaintingTools
Craft (Pottery).MOD		TEMPDESC:Craft skill checks are made with a -2 circumstance penalty If improvised tools are used	TEMPBONUS:PC|SKILL|Craft (Pottery)|-2|TYPE=Circumstance|!PREITEM:1,TYPE=PotteryTools
Craft (Sculpting).MOD		TEMPDESC:Craft skill checks are made with a -2 circumstance penalty If improvised tools are used	TEMPBONUS:PC|SKILL|Craft (Sculpting)|-2|TYPE=Circumstance|!PREITEM:1,TYPE=SculptingTools
Craft (Shipmaking).MOD		TEMPDESC:Craft skill checks are made with a -2 circumstance penalty If improvised tools are used	TEMPBONUS:PC|SKILL|Craft (Shipmaking)|-2|TYPE=Circumstance|!PREITEM:1,TYPE=ShipmakingTools
Craft (Stonemasonry).MOD	TEMPDESC:Craft skill checks are made with a -2 circumstance penalty If improvised tools are used	TEMPBONUS:PC|SKILL|Craft (Stonemasonry)|-2|TYPE=Circumstance|!PREITEM:1,TYPE=StonemasonryTools
Craft (Trapmaking).MOD																			TEMPBONUS:PC|SKILL|Craft (Trapmaking)|-2|TYPE=Circumstance|!PREITEM:1,TYPE=TrapmakingTools
Craft (Weaponsmithing).MOD																		TEMPBONUS:PC|SKILL|Craft (Weaponsmithing)|-2|TYPE=Circumstance|!PREITEM:1,TYPE=WeaponsmithingTools

### From RSRD Sort:
###Block: Conditional Skills for output only
# Skill Name						Key Stat	Untrained?		Classes	Type			Visible		Req. Rule (in options)		Prohibited Var. Value														Source Page			Bonus to skill
Climb (Using a rope)					KEYSTAT:STR	USEUNTRAINED:YES	CLASSES:ALL	TYPE:SkillUse	VISIBLE:EXPORT	PRERULE:1,DISPLAYSKILLUSE	PREVARNEQ:var("SKILL.Climb (Using a rope).MISC"),var("SKILL.Climb.MISC")					SOURCEPAGE:p.69
Concentration (Cast defensively)			KEYSTAT:CON	USEUNTRAINED:YES	CLASSES:ALL	TYPE:SkillUse	VISIBLE:EXPORT	PRERULE:1,DISPLAYSKILLUSE	PREVARNEQ:var("SKILL.Concentration (Cast defensively).MISC"),var("SKILL.Concentration.MISC")		SOURCEPAGE:p.69-70
Disguise (Act in character)				KEYSTAT:CHA	USEUNTRAINED:YES	CLASSES:ALL	TYPE:SkillUse	VISIBLE:EXPORT	PRERULE:1,DISPLAYSKILLUSE	PREVARNEQ:var("SKILL.Disguise (Act in character).MISC"),var("SKILL.Disguise.MISC")				SOURCEPAGE:p.71-72
Escape Artist (Escape from rope bonds)		KEYSTAT:DEX	USEUNTRAINED:YES	CLASSES:ALL	TYPE:SkillUse	VISIBLE:EXPORT	PRERULE:1,DISPLAYSKILLUSE	PREVARNEQ:var("SKILL.Escape Artist (Escape from rope bonds).MISC"),var("SKILL.Escape Artist.MISC")	SOURCEPAGE:p.73
Search (Secret doors and hidden compartments)	KEYSTAT:INT	USEUNTRAINED:YES	CLASSES:ALL	TYPE:SkillUse	VISIBLE:EXPORT	PRERULE:1,DISPLAYSKILLUSE	PREVARNEQ:var("SKILL.Search (Secret doors and hidden compartments).MISC"),var("SKILL.Search.MISC")	SOURCEPAGE:p.78
Search (Notice unusual stonework)			KEYSTAT:INT	USEUNTRAINED:YES	CLASSES:ALL	TYPE:SkillUse	VISIBLE:EXPORT	PRERULE:1,DISPLAYSKILLUSE	PREVARNEQ:var("SKILL.Search (Notice unusual stonework).MISC"),var("SKILL.Search.MISC")			SOURCEPAGE:p.15
Spellcraft (Decipher spell on scroll)		KEYSTAT:INT	USEUNTRAINED:NO	CLASSES:ALL	TYPE:SkillUse	VISIBLE:EXPORT	PRERULE:1,DISPLAYSKILLUSE	PREVARNEQ:var("SKILL.Spellcraft (Decipher spell on scroll).MISC"),var("SKILL.Spellcraft.MISC")		SOURCEPAGE:p.82-83
Survival (Underground)					KEYSTAT:WIS	USEUNTRAINED:YES	CLASSES:ALL	TYPE:SkillUse	VISIBLE:EXPORT	PRERULE:1,DISPLAYSKILLUSE	PREVARNEQ:var("SKILL.Survival (Underground).MISC"),var("SKILL.Survival.MISC")					SOURCEPAGE:p.78
Survival (The Planes)					KEYSTAT:WIS	USEUNTRAINED:YES	CLASSES:ALL	TYPE:SkillUse	VISIBLE:EXPORT	PRERULE:1,DISPLAYSKILLUSE	PREVARNEQ:var("SKILL.Survival (The Planes).MISC"),var("SKILL.Survival.MISC")					SOURCEPAGE:p.78
Survival (Natural environments)			KEYSTAT:WIS	USEUNTRAINED:YES	CLASSES:ALL	TYPE:SkillUse	VISIBLE:EXPORT	PRERULE:1,DISPLAYSKILLUSE	PREVARNEQ:var("SKILL.Survival (Natural environments).MISC"),var("SKILL.Survival.MISC")			SOURCEPAGE:p.78
Survival (Lost/Natural hazards)			KEYSTAT:WIS	USEUNTRAINED:YES	CLASSES:ALL	TYPE:SkillUse	VISIBLE:EXPORT	PRERULE:1,DISPLAYSKILLUSE	PREVARNEQ:var("SKILL.Survival (Lost/Natural hazards).MISC"),var("SKILL.Survival.MISC")			SOURCEPAGE:p.78
Survival (Find or follow tracks)			KEYSTAT:WIS	USEUNTRAINED:YES	CLASSES:ALL	TYPE:SkillUse	VISIBLE:EXPORT	PRERULE:1,DISPLAYSKILLUSE	PREVARNEQ:var("SKILL.Survival (Find or follow tracks).MISC"),var("SKILL.Survival.MISC")			SOURCEPAGE:p.
Swim (Avoid taking nonlethal fatigue damage)	KEYSTAT:STR	USEUNTRAINED:YES	CLASSES:ALL	TYPE:SkillUse	VISIBLE:EXPORT	PRERULE:1,DISPLAYSKILLUSE	PREVARNEQ:var("SKILL.Swim (Avoid taking nonlethal fatigue damage).MISC"),var("SKILL.Swim.MISC")		SOURCEPAGE:p.		BONUS:SKILL|Swim (Avoid taking nonlethal fatigue damage)|8|PREMOVE:1,Swim=1|TYPE=Racial
Use Magic Device (Scroll)				KEYSTAT:CHA	USEUNTRAINED:NO	CLASSES:ALL	TYPE:SkillUse	VISIBLE:EXPORT	PRERULE:1,DISPLAYSKILLUSE	PREVARNEQ:var("SKILL.Use Magic Device (Scroll).MISC"),var("SKILL.Use Magic Device.MISC")			SOURCEPAGE:p.
Use Rope (Bind someone)					KEYSTAT:DEX	USEUNTRAINED:YES	CLASSES:ALL	TYPE:SkillUse	VISIBLE:EXPORT	PRERULE:1,DISPLAYSKILLUSE	PREVARNEQ:var("SKILL.Use Rope (Bind someone).MISC"),var("SKILL.Use Rope.MISC")				SOURCEPAGE:p.

###Block: Skill .MODs
# Skill Name						Bonus to skill																																		Bonus to skill rank
Bluff.MOD							BONUS:SKILL|Disguise (Act in character)|SynergyBonus|TYPE=Synergy.STACK|PRESKILL:1,Bluff=5
Climb.MOD							BONUS:SKILL|Climb (Using a rope)|SKILL.Climb.MISC																												BONUS:SKILLRANK|Climb (Using a rope)|SKILLRANK=Climb|TYPE=SkillGranted|PRERULE:1,DISPLAYSKILLUSE|PRESKILL:1,Use Rope=5
Concentration.MOD						BONUS:SKILL|Concentration (Cast defensively)|SKILL.Concentration.MISC																									BONUS:SKILLRANK|Concentration (Cast Defensively)|SKILLRANK=Concentration|TYPE=SkillGranted|PRERULE:1,DISPLAYSKILLUSE|PREVARGT:var("SKILL.Concentration (Cast defensively).MISC"),var("SKILL.Concentration.MISC")
Decipher Script.MOD					BONUS:SKILL|Use Magic Device (Scroll)|SynergyBonus|TYPE=Synergy.STACK|PRESKILL:1,Decipher Script=5
Disguise.MOD						BONUS:SKILL|Disguise (Act in character)|SKILL.Disguise.MISC																											BONUS:SKILLRANK|Disguise (Act in character)|SKILLRANK=Disguise|TYPE=SkillGranted|PRERULE:1,DISPLAYSKILLUSE|PRESKILL:1,Bluff=5
Escape Artist.MOD						BONUS:SKILL|Escape Artist (Escape from rope bonds)|SKILL.Escape Artist.MISC	BONUS:SKILL|Use Rope (Bind someone)|SynergyBonus|PRESKILL:1,Escape Artist=5|TYPE=Synergy.STACK								BONUS:SKILLRANK|Escape Artist (Escape from rope bonds)|SKILLRANK=Escape Artist|TYPE=SkillGranted|PRERULE:1,DISPLAYSKILLUSE|PRESKILL:1,Use Rope=5
Knowledge (Architecture and Engineering).MOD	BONUS:SKILL|Search (Secret doors and hidden compartments)|SynergyBonus|TYPE=Synergy.STACK|PRESKILL:1,Knowledge (Architecture and Engineering)=5
Knowledge (Dungeoneering).MOD				BONUS:SKILL|Survival (Underground)|SynergyBonus|TYPE=Synergy.STACK|PRESKILL:1,Knowledge (Dungeoneering)=5
Knowledge (Geography).MOD				BONUS:SKILL|Survival (Lost/Natural hazards)|SynergyBonus|TYPE=Synergy.STACK|PRESKILL:1,Knowledge (Geography)=5
Knowledge (Nature).MOD					BONUS:SKILL|Survival (Natural environments)|SynergyBonus|TYPE=Synergy.STACK|PRESKILL:1,Knowledge (Nature)=5
Knowledge (The Planes).MOD				BONUS:SKILL|Survival (The Planes)|SynergyBonus|TYPE=Synergy.STACK|PRESKILL:1,Knowledge (The Planes)=5
Search.MOD							BONUS:SKILL|Search (Secret doors and hidden compartments),Search (Notice unusual stonework)|SKILL.Search.MISC	BONUS:SKILL|Survival (Find or follow tracks)|SynergyBonus|TYPE=Synergy.STACK|PRESKILL:1,Search=5	BONUS:SKILLRANK|Search (Secret doors and hidden compartments)|SKILLRANK=Search|TYPE=SkillGranted|PRERULE:1,DISPLAYSKILLUSE|PRESKILL:1,Knowledge (Architecture and Engineering)=5	BONUS:SKILLRANK|Search (Notice unusual stonework)|SKILLRANK=Search|TYPE=SkillGranted|PRERULE:1,DISPLAYSKILLUSE|PREVARGT:var("SKILL.Search (Notice unusual stonework).MISC"),var("SKILL.Search.MISC")
Spellcraft.MOD						BONUS:SKILL|Spellcraft (Decipher spell on scroll)|SKILL.Spellcraft.MISC	BONUS:SKILL|Use Magic Device (Scroll)|SynergyBonus|TYPE=Synergy.STACK|PRESKILL:1,Spellcraft=5									BONUS:SKILLRANK|Spellcraft (Decipher spell on scroll)|SKILLRANK=Spellcraft|TYPE=SkillGranted|PRERULE:1,DISPLAYSKILLUSE|PRESKILL:1,Use Magic Device=5
Survival.MOD						BONUS:SKILL|Survival (Underground),Survival (The Planes),Survival (Natural environments),Survival (Lost/Natural hazards),Survival (Find or follow tracks)|SKILL.Survival.MISC								BONUS:SKILLRANK|Survival (Underground)|SKILLRANK=Survival|TYPE=SkillGranted|PRERULE:1,DISPLAYSKILLUSE|PRESKILL:1,Knowledge (Dungeoneering)=5	BONUS:SKILLRANK|Survival (The Planes)|SKILLRANK=Survival|TYPE=SkillGranted|PRERULE:1,DISPLAYSKILLUSE|PRESKILL:1,Knowledge (The Planes)=5	BONUS:SKILLRANK|Survival (Natural environments)|SKILLRANK=Survival|TYPE=SkillGranted|PRERULE:1,DISPLAYSKILLUSE|PRESKILL:1,Knowledge (Nature)=5	BONUS:SKILLRANK|Survival (Lost/Natural hazards)|SKILLRANK=Survival|TYPE=SkillGranted|PRESKILL:1,Knowledge (Geography)=5	BONUS:SKILLRANK|Survival (Find or follow tracks)|SKILLRANK=Survival|TYPE=SkillGranted|PRERULE:1,DISPLAYSKILLUSE|PRESKILL:1,Search=5
Swim.MOD							BONUS:SKILL|Swim (Avoid taking nonlethal fatigue damage)|SKILL.Swim.MISC																								BONUS:SKILLRANK|Swim (Avoid taking nonlethal fatigue damage)|SKILLRANK=Swim|TYPE=SkillGranted|PRERULE:1,DISPLAYSKILLUSE|PREVARGT:var("SKILL.Swim (Avoid taking nonlethal fatigue damage).MISC"),var("SKILL.Swim.MISC")
Use Magic Device.MOD					BONUS:SKILL|Spellcraft (Decipher spell on scroll)|SynergyBonus|TYPE=Synergy.STACK|PRESKILL:1,Use Magic Device=5	BONUS:SKILL|Use Magic Device (Scroll)|SKILL.Use Magic Device.MISC							BONUS:SKILLRANK|Use Magic Device (Scroll)|SKILLRANK=Use Magic Device|TYPE=SkillGranted|PRERULE:1,DISPLAYSKILLUSE|PRESKILL:1,Decipher Script=5,Spellcraft=5
Use Rope.MOD						BONUS:SKILL|Climb (Using a rope),Escape Artist (Escape from rope bonds)|SynergyBonus|TYPE=Synergy.STACK|PRESKILL:1,Use Rope=5	BONUS:SKILL|Use Rope (Bind someone)|SKILL.Use Rope.MISC						BONUS:SKILLRANK|Use Rope (Bind someone)|SKILLRANK=Use Rope|TYPE=SkillGranted|PRERULE:1,DISPLAYSKILLUSE|PRESKILL:1,Escape Artist=5
