# CVS $Revision: $ $Author: $ -- Fri May  3 14:36:53 2013 -- reformated by prettylst.pl v1.50 (build 19967)

# Sub Races
# Dwarf
Hill		SUBRACE:YES	VISIBLE:NO	KEY:Hill Dwarf			FAVOREDCLASS:Fighter			AUTO:LANG|Common|Dwarven	LANGBONUS:Giant,Gnome,Goblin,Orc,Terran,Undercommon
# Elf + Half-Elf
High		SUBRACE:YES	VISIBLE:NO	KEY:High Elf			FAVOREDCLASS:Wizard			AUTO:LANG|Common|Elven		LANGBONUS:Draconic,Gnoll,Gnome,Goblin,Orc,Sylvan
Half-Elf	SUBRACE:YES	VISIBLE:NO	KEY:Half-Elf			FAVOREDCLASS:HIGHESTLEVELCLASS	AUTO:LANG|Common|Elven		LANGBONUS:ALL							RACESUBTYPE:Half-Elf
# Gnome
Rock		SUBRACE:YES	VISIBLE:NO	KEY:Rock Gnome			FAVOREDCLASS:Bard				AUTO:LANG|Common|Gnome		LANGBONUS:Draconic,Dwarven,Elven,Giant,Goblin,Orc
# Halfling
Lightfoot	SUBRACE:YES	VISIBLE:NO	KEY:Lightfoot Halfling		FAVOREDCLASS:Rogue			AUTO:LANG|Common|Halfling	LANGBONUS:Dwarven,Elven,Gnome,Goblin,Orc

# Wizard Support
Spellbook		VISIBLE:NO	KIT:1|Wizard Spell Book

###Block: Timeless Body For Druid and Monk
# Template Name			Visible		Template																		Minimum Age			Maximum Age			Required Class			Multiple Requirements						Stat bonus
Timeless Body			VISIBLE:DISPLAY	TEMPLATE:CHOOSE:Timeless Body ~ Adult|Timeless Body ~ Middle Age|Timeless Body ~ Old|Timeless Body ~ Venerable									PRECLASS:1,Druid=15,Monk=17

Timeless Body ~ Adult		VISIBLE:NO																									!PREAGESET:1,Middle Age															BONUS:STAT|STR,CON,DEX|1|PREMULT:2,[PREAGESET:1,Middle Age],[!PREAGESET:1,Old]	BONUS:STAT|STR,CON,DEX|3|PREMULT:2,[PREAGESET:1,Old],[!PREAGESET:1,Venerable]	BONUS:STAT|STR,CON,DEX|6|PREAGESET:1,Venerable
Timeless Body ~ Middle Age	VISIBLE:NO																																		PREMULT:2,[PREAGESET:1,Middle Age],[!PREAGESET:1,Old]	BONUS:STAT|STR,CON,DEX|2|PREMULT:2,[PREAGESET:1,Old],[!PREAGESET:1,Venerable]	BONUS:STAT|STR,CON,DEX|5|PREAGESET:1,Venerable
Timeless Body ~ Old		VISIBLE:NO																																		PREMULT:2,[PREAGESET:1,Old],[!PREAGESET:1,Venerable]	BONUS:STAT|STR,CON,DEX|3|PREAGESET:1,Venerable
Timeless Body ~ Venerable	VISIBLE:NO																					PREAGESET:1,Venerable

###Block: Righteous Might spell workaround
# Template Name	Visible	Define				Ability
RighteousMightDR	VISIBLE:NO	DEFINE:RighteousMightDR|0	ABILITY:Special Ability|AUTOMATIC|RighteousMightDR ~ Good|PREABILITY:1,CATEGORY=Special Ability,Turn Undead|PREVARGT:RighteousMightDR,0	ABILITY:Special Ability|AUTOMATIC|RighteousMightDR ~ Evil|PREABILITY:1,CATEGORY=Special Ability,Rebuke Undead|PREVARGT:RighteousMightDR,0

# The only problem with Bardic Abilities are they are level dependent
# Template Name					Unique Key						Visible	Save checks bonus											Combat bonus																												Bonus to skill									Modify VAR																		Choose
Bardic Inspire Courage ~ Is the Bard								VISIBLE:NO	TEMPBONUS:PC|CHECKS|ALL|InspireCourageSaves|TYPE=BardicInspireCourage	TEMPBONUS:PC|COMBAT|TOHIT|InspireCourageAttack|TYPE=BardicInspireCourage	TEMPBONUS:PC|COMBAT|DAMAGE.Melee,DAMAGE.Ranged|InspireCourageDamage|TYPE=BardicInspireCourage
Bardic Inspire Competence ~ Is The Bard								VISIBLE:NO																																												TEMPBONUS:PC|SKILL|TYPE.Standard|InspireCompetenceBonus

# This is for Non-Bards traveling with Bards - They need to select the Bard's Level.
Bardic Inspire Courage ~ Not The Bard	KEY:Bardic Inspire Courage (Other)		VISIBLE:NO																																																							TEMPBONUS:ANYPC|VAR|EnableBardicInspireCourage|1	TEMPBONUS:ANYPC|VAR|OtherInspireCourageLVL|%CHOICE	CHOOSE:NUMBER|MIN=1|MAX=20|TITLE=Bard Level
Bardic Inspire Competence ~ Not The Bard	KEY:Bardic Inspire Competence (Other)	VISIBLE:NO																																																							TEMPBONUS:ANYPC|VAR|EnableBardicInspireCompetence|1


###Block: Inherent ability bonuses
# Template Name					Visible		Template																												Source Page		Stat bonus
Inherent Ability Bonus (Strength)		VISIBLE:DISPLAY	TEMPLATE:CHOOSE:Inherent Strength Bonus +1|Inherent Strength Bonus +2|Inherent Strength Bonus +3|Inherent Strength Bonus +4|Inherent Strength Bonus +5				SOURCEPAGE:p.370
Inherent Ability Bonus (Dexterity)		VISIBLE:DISPLAY	TEMPLATE:CHOOSE:Inherent Dexterity Bonus +1|Inherent Dexterity Bonus +2|Inherent Dexterity Bonus +3|Inherent Dexterity Bonus +4|Inherent Dexterity Bonus +5				SOURCEPAGE:p.370
Inherent Ability Bonus (Constitution)	VISIBLE:DISPLAY	TEMPLATE:CHOOSE:Inherent Constitution Bonus +1|Inherent Constitution Bonus +2|Inherent Constitution Bonus +3|Inherent Constitution Bonus +4|Inherent Constitution Bonus +5	SOURCEPAGE:p.370
Inherent Ability Bonus (Intelligence)	VISIBLE:DISPLAY	TEMPLATE:CHOOSE:Inherent Intelligence Bonus +1|Inherent Intelligence Bonus +2|Inherent Intelligence Bonus +3|Inherent Intelligence Bonus +4|Inherent Intelligence Bonus +5	SOURCEPAGE:p.370
Inherent Ability Bonus (Wisdom)		VISIBLE:DISPLAY	TEMPLATE:CHOOSE:Inherent Wisdom Bonus +1|Inherent Wisdom Bonus +2|Inherent Wisdom Bonus +3|Inherent Wisdom Bonus +4|Inherent Wisdom Bonus +5						SOURCEPAGE:p.370
Inherent Ability Bonus (Charisma)		VISIBLE:DISPLAY	TEMPLATE:CHOOSE:Inherent Charisma Bonus +1|Inherent Charisma Bonus +2|Inherent Charisma Bonus +3|Inherent Charisma Bonus +4|Inherent Charisma Bonus +5				SOURCEPAGE:p.370

###Block:
# Strength
Inherent Strength Bonus +1		VISIBLE:NO	BONUS:STAT|STR|1|TYPE=Inherent
Inherent Strength Bonus +2		VISIBLE:NO	BONUS:STAT|STR|2|TYPE=Inherent
Inherent Strength Bonus +3		VISIBLE:NO	BONUS:STAT|STR|3|TYPE=Inherent
Inherent Strength Bonus +4		VISIBLE:NO	BONUS:STAT|STR|4|TYPE=Inherent
Inherent Strength Bonus +5		VISIBLE:NO	BONUS:STAT|STR|5|TYPE=Inherent
# Dexterity
Inherent Dexterity Bonus +1		VISIBLE:NO	BONUS:STAT|DEX|1|TYPE=Inherent
Inherent Dexterity Bonus +2		VISIBLE:NO	BONUS:STAT|DEX|2|TYPE=Inherent
Inherent Dexterity Bonus +3		VISIBLE:NO	BONUS:STAT|DEX|3|TYPE=Inherent
Inherent Dexterity Bonus +4		VISIBLE:NO	BONUS:STAT|DEX|4|TYPE=Inherent
Inherent Dexterity Bonus +5		VISIBLE:NO	BONUS:STAT|DEX|5|TYPE=Inherent
# Constitution
Inherent Constitution Bonus +1	VISIBLE:NO	BONUS:STAT|CON|1|TYPE=Inherent
Inherent Constitution Bonus +2	VISIBLE:NO	BONUS:STAT|CON|2|TYPE=Inherent
Inherent Constitution Bonus +3	VISIBLE:NO	BONUS:STAT|CON|3|TYPE=Inherent
Inherent Constitution Bonus +4	VISIBLE:NO	BONUS:STAT|CON|4|TYPE=Inherent
Inherent Constitution Bonus +5	VISIBLE:NO	BONUS:STAT|CON|5|TYPE=Inherent
# Intelligence
Inherent Intelligence Bonus +1	VISIBLE:NO	BONUS:STAT|INT|1|TYPE=Inherent
Inherent Intelligence Bonus +2	VISIBLE:NO	BONUS:STAT|INT|2|TYPE=Inherent
Inherent Intelligence Bonus +3	VISIBLE:NO	BONUS:STAT|INT|3|TYPE=Inherent
Inherent Intelligence Bonus +4	VISIBLE:NO	BONUS:STAT|INT|4|TYPE=Inherent
Inherent Intelligence Bonus +5	VISIBLE:NO	BONUS:STAT|INT|5|TYPE=Inherent
# Wisdom
Inherent Wisdom Bonus +1		VISIBLE:NO	BONUS:STAT|WIS|1|TYPE=Inherent
Inherent Wisdom Bonus +2		VISIBLE:NO	BONUS:STAT|WIS|2|TYPE=Inherent
Inherent Wisdom Bonus +3		VISIBLE:NO	BONUS:STAT|WIS|3|TYPE=Inherent
Inherent Wisdom Bonus +4		VISIBLE:NO	BONUS:STAT|WIS|4|TYPE=Inherent
Inherent Wisdom Bonus +5		VISIBLE:NO	BONUS:STAT|WIS|5|TYPE=Inherent
# Wisdom
Inherent Charisma Bonus +1		VISIBLE:NO	BONUS:STAT|CHA|1|TYPE=Inherent
Inherent Charisma Bonus +2		VISIBLE:NO	BONUS:STAT|CHA|2|TYPE=Inherent
Inherent Charisma Bonus +3		VISIBLE:NO	BONUS:STAT|CHA|3|TYPE=Inherent
Inherent Charisma Bonus +4		VISIBLE:NO	BONUS:STAT|CHA|4|TYPE=Inherent
Inherent Charisma Bonus +5		VISIBLE:NO	BONUS:STAT|CHA|5|TYPE=Inherent


###Block: Awakened Animal
# Template Name			Visible	Template										Define		Required Class			Required Race					Add 					Apply Kit			Bonus Languages		Subrace		Main Race Type		Race Subtype			Add Levels
Awakened Animal					TEMPLATE:CHOOSE:Awakened Animal_Standard|Awakened Animal_Will									PRERACE:1,RACETYPE=Animal,TYPE=Animal	ADD:LANGUAGE|TYPE=Spoken	KIT:1|Awakened Animal	LANGBONUS:TYPE=Spoken	SUBRACE:Awakened	RACETYPE:Magical Beast	RACESUBTYPE:Augmented Animal
Awakened Animal_Standard	VISIBLE:NO															PRECLASS:1,Animal=1																																		ADDLEVEL:Animal|2
Awakened Animal_Will		VISIBLE:NO															PRECLASS:1,Animal (Will)=1																																	ADDLEVEL:Animal (Will)|2
Awakened Tree																DEFINESTAT:STAT|INT						PRERACE:1,Animated Object%			ADD:LANGUAGE|TYPE=Spoken	KIT:1|Awakened Tree								RACETYPE:Plant

###Block: Familiar Race Type Change if Animal
Familiar ~ Change Race		VISIBLE:NO	TEMPLATE:CHOOSE:Familiar ~ Animal Base|Familiar ~ Non-Animal Base
#
Familiar ~ Animal Base		VISIBLE:NO	PRERACE:1,RACETYPE=Animal	RACETYPE:Magical Beast
Familiar ~ Non-Animal Base	VISIBLE:NO	!PRERACE:1,RACETYPE=Animal

###Block: Temporary Bonus Templates
# Template Name				Visible	Source Page						Save checks bonus									Combat bonus															Bonus to HP							Bonus to skill																				Stat bonus							Choose								Temporary effect description
Familiar within arms reach		VISIBLE:NO																																								TEMPBONUS:ANYPC|SKILL|Listen,Spot|2|TYPE=Familiar|!PREFEAT:1,Alertness|PREFEAT:1,Summon Familiar																							TEMPDESC:While a familiar is within arm's reach, the master gains the Alertness feat

# Conditional Templates
Ability Damaged (Strength)		VISIBLE:NO																																																												TEMPBONUS:ANYPC|STAT|STR|-1*(%CHOICE)	CHOOSE:NUMBER|MIN=1|MAX=20|TITLE=Stength Damage		TEMPDESC:You have temporarily lost 1 or more Strength ability score points
Ability Damaged (Dexterity)		VISIBLE:NO																																																												TEMPBONUS:ANYPC|STAT|DEX|-1*(%CHOICE)	CHOOSE:NUMBER|MIN=1|MAX=20|TITLE=Dexterity Damage	TEMPDESC:You have temporarily lost 1 or more Dexterity ability score points
Ability Damaged (Constitution)	VISIBLE:NO																																																												TEMPBONUS:ANYPC|STAT|CON|-1*(%CHOICE)	CHOOSE:NUMBER|MIN=1|MAX=20|TITLE=Constitution Damage	TEMPDESC:You have temporarily lost 1 or more Constitution ability score points
Ability Damaged (Intelligence)	VISIBLE:NO																																																												TEMPBONUS:ANYPC|STAT|INT|-1*(%CHOICE)	CHOOSE:NUMBER|MIN=1|MAX=20|TITLE=Intelligence Damage	TEMPDESC:You have temporarily lost 1 or more Intelligence ability score points
Ability Damaged (Wisdom)		VISIBLE:NO																																																												TEMPBONUS:ANYPC|STAT|WIS|-1*(%CHOICE)	CHOOSE:NUMBER|MIN=1|MAX=20|TITLE=Wisdom Damage		TEMPDESC:You have temporarily lost 1 or more Wisdom ability score points
Ability Damaged (Charisma)		VISIBLE:NO																																																												TEMPBONUS:ANYPC|STAT|CHA|-1*(%CHOICE)	CHOOSE:NUMBER|MIN=1|MAX=20|TITLE=Charisma Damage	TEMPDESC:You have temporarily lost 1 or more Charisma ability score points
Blinded					VISIBLE:NO													TEMPBONUS:ANYPC|COMBAT|AC|-2	TEMPBONUS:ANYPC|COMBAT|AC|-(max(DEX,0))|TYPE=Ability.STACK									TEMPBONUS:ANYPC|SKILL|Search,STAT.STR,STAT.DEX|-4																														TEMPDESC:You cannot see
Cowering					VISIBLE:NO													TEMPBONUS:ANYPC|COMBAT|AC|-2	TEMPBONUS:ANYPC|COMBAT|AC|-(max(DEX,0))|TYPE=Ability.STACK																																																TEMPDESC:You are frozen in fear and can take no actions
Dazzled					VISIBLE:NO													TEMPBONUS:ANYPC|COMBAT|TOHIT|-1																			TEMPBONUS:ANYPC|SKILL|Search,Spot|-1																																	TEMPDESC:You are unable to see well because of overstimulation of the eyes
Deafened					VISIBLE:NO													TEMPBONUS:ANYPC|COMBAT|INITIATIVE|-4																																																										TEMPDESC:You cannot hear
Energy Drained				VISIBLE:NO		TEMPBONUS:ANYPC|CHECKS|Fortitude,Reflex,Will|-1*(%CHOICE)	TEMPBONUS:ANYPC|COMBAT|TOHIT|-1*(%CHOICE)										TEMPBONUS:ANYPC|HP|CURRENTMAX|-5*(%CHOICE)	TEMPBONUS:ANYPC|SKILL|TYPE=Strength,TYPE=Dexterity,TYPE=Constitution,TYPE=Intelligence,TYPE=Wisdom,TYPE=Charisma|-1*(%CHOICE)									CHOOSE:NUMBER|MIN=1|MAX=20|TITLE=Negative Levels	TEMPDESC:You have gained one or more negative levels
Entangled					VISIBLE:NO													TEMPBONUS:ANYPC|COMBAT|TOHIT|-2																																									TEMPBONUS:ANYPC|STAT|DEX|-4												TEMPDESC:You are ensnared
Exhausted					VISIBLE:NO																																																												TEMPBONUS:ANYPC|STAT|DEX,STR|-6											TEMPDESC:You are exhausted
Fatigued					VISIBLE:NO																																																												TEMPBONUS:ANYPC|STAT|DEX,STR|-2											TEMPDESC:You are fatigued
Frightened					VISIBLE:NO		TEMPBONUS:ANYPC|CHECKS|Fortitude,Reflex,Will|-2			TEMPBONUS:ANYPC|COMBAT|TOHIT|-2																			TEMPBONUS:ANYPC|SKILL|TYPE=Strength,TYPE=Dexterity,TYPE=Constitution,TYPE=Intelligence,TYPE=Wisdom,TYPE=Charisma|-2																			TEMPDESC:You are frightened
Invisible					VISIBLE:NO													TEMPBONUS:ANYPC|COMBAT|TOHIT|2|TYPE=Invisibility																																																								TEMPDESC:You are invisible, you gain a +2 bonus on attack rolls against sighted opponents, and ignore your opponents' Dexterity bonuses to AC (if any)
Panicked					VISIBLE:NO		TEMPBONUS:ANYPC|CHECKS|Fortitude,Reflex,Will|-2																												TEMPBONUS:ANYPC|SKILL|TYPE=Strength,TYPE=Dexterity,TYPE=Constitution,TYPE=Intelligence,TYPE=Wisdom,TYPE=Charisma|-2																			TEMPDESC:You are panicked and must drop anything you hold and flee at top speed from the source of your fear
Prone						VISIBLE:NO													TEMPBONUS:ANYPC|COMBAT|TOHIT.MELEE|-4																																																									TEMPDESC:You are on the ground
Shaken					VISIBLE:NO		TEMPBONUS:ANYPC|CHECKS|Fortitude,Reflex,Will|-2			TEMPBONUS:ANYPC|COMBAT|TOHIT|-2																			TEMPBONUS:ANYPC|SKILL|TYPE=Strength,TYPE=Dexterity,TYPE=Constitution,TYPE=Intelligence,TYPE=Wisdom,TYPE=Charisma|-2																			TEMPDESC:You are shaken
Sickened					VISIBLE:NO		TEMPBONUS:ANYPC|CHECKS|Fortitude,Reflex,Will|-2			TEMPBONUS:ANYPC|COMBAT|TOHIT,DAMAGE.MELEE,DAMAGE.RANGED|-2															TEMPBONUS:ANYPC|SKILL|TYPE=Strength,TYPE=Dexterity,TYPE=Constitution,TYPE=Intelligence,TYPE=Wisdom,TYPE=Charisma|-2																			TEMPDESC:You are sickened
Stunned					VISIBLE:NO													TEMPBONUS:ANYPC|COMBAT|AC|-2	TEMPBONUS:ANYPC|COMBAT|AC|-(max(DEX,0))|TYPE=Ability.STACK																																																TEMPDESC:You are stunned, you drop everything held, and cannot take actions

###Block: Combat Templates

# Template Name			Visible	Source Page			Combat bonus																					Modify VAR																																							Choose									Temporary effect description
Fighting Defensively		VISIBLE:NO		TEMPBONUS:ANYPC|COMBAT|TOHIT|-4																	TEMPBONUS:ANYPC|VAR|TwoWeaponShield|1|TYPE=Temporary	TEMPBONUS:ANYPC|VAR|FightingDefensivelyAC|2+FightingDefensivelyACBonus|TYPE=Temp1	TEMPBONUS:ANYPC|VAR|FightingDefensivelyACBonus|1|TYPE=Temp2|PRESKILL:1,Tumble=5											TEMPDESC:You are fighting defensively when attacking
Total Defense			VISIBLE:NO																									TEMPBONUS:ANYPC|VAR|TwoWeaponShield|1|TYPE=Temporary	TEMPBONUS:ANYPC|VAR|TotalDefenseAC|4+TotalDefenseACBonus|TYPE=Temp1	TEMPBONUS:ANYPC|VAR|TotalDefenseACBonus|2|TYPE=Temp2|PRESKILL:1,Tumble=5															TEMPDESC:You are defending yourself as a standard action
Combat Expertise trade off	VISIBLE:NO		TEMPBONUS:PC|COMBAT|AC|min(%CHOICE,BAB)|TYPE=Temporary	TEMPBONUS:PC|COMBAT|TOHIT|max((-1*%CHOICE),(-1*BAB))|TYPE=Temporary																																									CHOOSE:NUMBER|MIN=1|MAX=5|TITLE=Combat Expertise trade off	TEMPDESC:When you use the attack action or the full attack action in melee, you can take a penalty of as much as -5 on your attack roll and add the same number (+5 or less) as a dodge bonus to your Armor Class.


###Block: Size Mods for Automatic Changes
REACH_0	VISIBLE:NO	REACH:0
REACH_5	VISIBLE:NO	REACH:5
REACH_10	VISIBLE:NO	REACH:10
REACH_15	VISIBLE:NO	REACH:15
REACH_20	VISIBLE:NO	REACH:20
REACH_30	VISIBLE:NO	REACH:30
#
FACE_0	VISIBLE:NO	FACE:0
FACE_1	VISIBLE:NO	FACE:1
FACE_2	VISIBLE:NO	FACE:2.5
FACE_5	VISIBLE:NO	FACE:5
FACE_10	VISIBLE:NO	FACE:10
FACE_15	VISIBLE:NO	FACE:15
FACE_20	VISIBLE:NO	FACE:20
FACE_30	VISIBLE:NO	FACE:30
#
SIZE_F	VISIBLE:NO	SIZE:F
SIZE_D	VISIBLE:NO	SIZE:D
SIZE_T	VISIBLE:NO	SIZE:T
SIZE_S	VISIBLE:NO	SIZE:S
SIZE_M	VISIBLE:NO	SIZE:M
SIZE_L	VISIBLE:NO	SIZE:L
SIZE_H	VISIBLE:NO	SIZE:H
SIZE_G	VISIBLE:NO	SIZE:G
SIZE_C	VISIBLE:NO	SIZE:C
SIZE_C+	VISIBLE:NO	SIZE:C+
#
LEVEL_ADJUSTMENT_1	VISIBLE:NO	LEVELADJUSTMENT:1
LEVEL_ADJUSTMENT_2	VISIBLE:NO	LEVELADJUSTMENT:2
LEVEL_ADJUSTMENT_3	VISIBLE:NO	LEVELADJUSTMENT:3
LEVEL_ADJUSTMENT_4	VISIBLE:NO	LEVELADJUSTMENT:4
LEVEL_ADJUSTMENT_5	VISIBLE:NO	LEVELADJUSTMENT:5
LEVEL_ADJUSTMENT_6	VISIBLE:NO	LEVELADJUSTMENT:6
LEVEL_ADJUSTMENT_7	VISIBLE:NO	LEVELADJUSTMENT:7
LEVEL_ADJUSTMENT_8	VISIBLE:NO	LEVELADJUSTMENT:8
LEVEL_ADJUSTMENT_9	VISIBLE:NO	LEVELADJUSTMENT:9


###Block: Druid Wildshape
# Someone on the PCGen list mentioned the Eratta and suggested this change:
# 
# So let's see if this works - BONUS:STAT|CON|WildShapeConstitution	DEFINE:WildshapeConsititution|14-CONSCORE.BASE
#
# CONSCORE.BASE = 10   14-10= '-4'
# This is reformulated to:
#	BONUS:HP|CURRENTMAX|-TL*((WildShapeConsititution)/2)





###Block: Normal Animals
# Template Name					Output Name							Size		Face/Space	Reach		Nb Legs	Nb Hands	Source Page					Var. Min. Value							Combat bonus					Add to base move				Stat bonus																	Modify VAR					Weapon prof. bonus					Ability									Automatically Gained Feat	Move				Natural Attacks
Wild Shape (Ape)													SIZE:L	FACE:10	REACH:10	LEGS:2	HANDS:3		PREVARGTEQ:WildShapeProgression,2,DruidWildShapeLVL,4	BONUS:COMBAT|AC|3|TYPE=NaturalArmor.STACK	BONUS:MOVEADD|TYPE.Walk|30-MOVEBASE	BONUS:STAT|STR|21-STRSCORE.BASE	BONUS:STAT|DEX|15-DEXSCORE.BASE	BONUS:STAT|CON|WildShapeConstitution	DEFINE:WildshapeConsititution|14-CONSCORE.BASE																														MOVE:Climb,30		NATURALATTACKS:Claw,Weapon.Natural.Melee.Finesseable.Piercing.Slashing,*2,1d6|Bite,Weapon.Natural.Melee.Finesseable.Bludgeoning.Piercing.Slashing,*1,1d6
Wild Shape (Baboon)												SIZE:M	FACE:5	REACH:5	LEGS:2				PREVARGTEQ:WildShapeProgression,1,DruidWildShapeLVL,1	BONUS:COMBAT|AC|1|TYPE=NaturalArmor.STACK	BONUS:MOVEADD|TYPE.Walk|40-MOVEBASE	BONUS:STAT|STR|11-STRSCORE.BASE	BONUS:STAT|DEX|14-DEXSCORE.BASE	BONUS:STAT|CON|WildShapeConstitution	DEFINE:WildshapeConsititution|12-CONSCORE.BASE							BONUS:WEAPONPROF=Bite|DAMAGE|max(0,(STR/2))																MOVE:Climb,30		NATURALATTACKS:Bite,Weapon.Natural.Melee.Finesseable.Bludgeoning.Piercing.Slashing,*1,1d6
Wild Shape (Badger)												SIZE:S	FACE:5	REACH:5	LEGS:4	HANDS:3		PREVARGTEQ:WildShapeProgression,1,DruidWildShapeLVL,1	BONUS:COMBAT|AC|1|TYPE=NaturalArmor.STACK	BONUS:MOVEADD|TYPE.Walk|30-MOVEBASE	BONUS:STAT|STR|8-STRSCORE.BASE	BONUS:STAT|DEX|17-DEXSCORE.BASE	BONUS:STAT|CON|WildShapeConstitution	DEFINE:WildshapeConsititution|15-CONSCORE.BASE	BONUS:VAR|RageTimes,RageDuration|1									ABILITY:Special Ability|AUTOMATIC|Rage ~ Badger				AUTO:FEAT|Weapon Finesse	MOVE:Burrow,10		NATURALATTACKS:Claw,Weapon.Natural.Melee.Finesseable.Piercing.Slashing,*2,1d2|Bite,Weapon.Natural.Melee.Finesseable.Bludgeoning.Piercing.Slashing,*1,1d3
#Wild Shape (Bat)													SIZE:D												PREVARGTEQ:WildShapeProgression,1,DruidWildShapeLVL,1									BONUS:MOVEADD|TYPE.Walk|5-MOVEBASE	BONUS:STAT|STR|1-STRSCORE.BASE	BONUS:STAT|DEX|15-DEXSCORE.BASE	BONUS:STAT|CON|WildShapeConstitution	DEFINE:WildshapeConsititution|10-CONSCORE.BASE																		MOVE:Fly,40																																		FACE:1			LEGS:2	REACH:0
Wild Shape (Bear (Black))			OUTPUTNAME:Wild Shape (Black Bear)			SIZE:M	FACE:5	REACH:5	LEGS:4	HANDS:3		PREVARGTEQ:WildShapeProgression,1,DruidWildShapeLVL,3	BONUS:COMBAT|AC|2|TYPE=NaturalArmor.STACK	BONUS:MOVEADD|TYPE.Walk|40-MOVEBASE	BONUS:STAT|STR|19-STRSCORE.BASE	BONUS:STAT|DEX|13-DEXSCORE.BASE	BONUS:STAT|CON|WildShapeConstitution	DEFINE:WildshapeConsititution|15-CONSCORE.BASE																																		NATURALATTACKS:Claw,Weapon.Natural.Melee.Finesseable.Piercing.Slashing,*2,1d4|Bite,Weapon.Natural.Melee.Finesseable.Bludgeoning.Piercing.Slashing,*1,1d6
Wild Shape (Bear (Brown))			OUTPUTNAME:Wild Shape (Brown Bear)			SIZE:L	FACE:10	REACH:5	LEGS:4	HANDS:3		PREVARGTEQ:WildShapeProgression,2,DruidWildShapeLVL,6	BONUS:COMBAT|AC|5|TYPE=NaturalArmor.STACK	BONUS:MOVEADD|TYPE.Walk|40-MOVEBASE	BONUS:STAT|STR|27-STRSCORE.BASE	BONUS:STAT|DEX|13-DEXSCORE.BASE	BONUS:STAT|CON|WildShapeConstitution	DEFINE:WildshapeConsititution|19-CONSCORE.BASE															ABILITY:Special Ability|AUTOMATIC|Improved Grab ~ Brown Bear												NATURALATTACKS:Claw,Weapon.Natural.Melee.Finesseable.Piercing.Slashing,*2,1d8|Bite,Weapon.Natural.Melee.Finesseable.Bludgeoning.Piercing.Slashing,*1,2d6
Wild Shape (Bear (Polar))			OUTPUTNAME:Wild Shape (Polar Bear)			SIZE:L	FACE:10	REACH:5	LEGS:4	HANDS:3		PREVARGTEQ:WildShapeProgression,2,DruidWildShapeLVL,8	BONUS:COMBAT|AC|5|TYPE=NaturalArmor.STACK	BONUS:MOVEADD|TYPE.Walk|40-MOVEBASE	BONUS:STAT|STR|27-STRSCORE.BASE	BONUS:STAT|DEX|13-DEXSCORE.BASE	BONUS:STAT|CON|WildShapeConstitution	DEFINE:WildshapeConsititution|19-CONSCORE.BASE															ABILITY:Special Ability|AUTOMATIC|Improved Grab ~ Polar Bear								MOVE:Swim,30		NATURALATTACKS:Claw,Weapon.Natural.Melee.Finesseable.Piercing.Slashing,*2,1d8|Bite,Weapon.Natural.Melee.Finesseable.Bludgeoning.Piercing.Slashing,*1,2d6
Wild Shape (Bison)												SIZE:L	FACE:10	REACH:5	LEGS:4				PREVARGTEQ:WildShapeProgression,2,DruidWildShapeLVL,5	BONUS:COMBAT|AC|4|TYPE=NaturalArmor.STACK	BONUS:MOVEADD|TYPE.Walk|40-MOVEBASE	BONUS:STAT|STR|22-STRSCORE.BASE	BONUS:STAT|DEX|10-DEXSCORE.BASE	BONUS:STAT|CON|WildShapeConstitution	DEFINE:WildshapeConsititution|16-CONSCORE.BASE							BONUS:WEAPONPROF=Gore|DAMAGE|max(0,(STR/2))	ABILITY:Special Ability|AUTOMATIC|Stampede ~ Bison												NATURALATTACKS:Gore,Weapon.Natural.Melee.Finesseable.Piercing,*1,1d8
Wild Shape (Boar)													SIZE:M	FACE:5	REACH:5	LEGS:4				PREVARGTEQ:WildShapeProgression,1,DruidWildShapeLVL,3	BONUS:COMBAT|AC|6|TYPE=NaturalArmor.STACK	BONUS:MOVEADD|TYPE.Walk|40-MOVEBASE	BONUS:STAT|STR|15-STRSCORE.BASE	BONUS:STAT|DEX|10-DEXSCORE.BASE	BONUS:STAT|CON|WildShapeConstitution	DEFINE:WildshapeConsititution|17-CONSCORE.BASE							BONUS:WEAPONPROF=Gore|DAMAGE|max(0,(STR/2))	ABILITY:Special Ability|AUTOMATIC|Ferocity ~ Boar												NATURALATTACKS:Gore,Weapon.Natural.Melee.Finesseable.Piercing,*1,1d8
Wild Shape (Camel)												SIZE:L	FACE:10	REACH:5	LEGS:4				PREVARGTEQ:WildShapeProgression,2,DruidWildShapeLVL,3	BONUS:COMBAT|AC|1|TYPE=NaturalArmor.STACK	BONUS:MOVEADD|TYPE.Walk|50-MOVEBASE	BONUS:STAT|STR|18-STRSCORE.BASE	BONUS:STAT|DEX|16-DEXSCORE.BASE	BONUS:STAT|CON|WildShapeConstitution	DEFINE:WildshapeConsititution|14-CONSCORE.BASE							BONUS:WEAPONPROF=Bite|DAMAGE|max(0,(STR/2))																				NATURALATTACKS:Bite,Weapon.Natural.Melee.Finesseable.Bludgeoning.Piercing.Slashing,*1,1d4
Wild Shape (Cat)													SIZE:T	FACE:2.5	REACH:0	LEGS:4	HANDS:3		PREVARGTEQ:WildShapeProgression,3,DruidWildShapeLVL,1								BONUS:MOVEADD|TYPE.Walk|30-MOVEBASE	BONUS:STAT|STR|3-STRSCORE.BASE	BONUS:STAT|DEX|15-DEXSCORE.BASE	BONUS:STAT|CON|WildShapeConstitution	DEFINE:WildshapeConsititution|10-CONSCORE.BASE																									AUTO:FEAT|Weapon Finesse					NATURALATTACKS:Claw,Weapon.Natural.Melee.Finesseable.Piercing.Slashing,*2,1d2|Bite,Weapon.Natural.Melee.Finesseable.Bludgeoning.Piercing.Slashing,*1,1d3
Wild Shape (Cheetah)												SIZE:M	FACE:5	REACH:5	LEGS:4	HANDS:3		PREVARGTEQ:WildShapeProgression,1,DruidWildShapeLVL,3	BONUS:COMBAT|AC|1|TYPE=NaturalArmor.STACK	BONUS:MOVEADD|TYPE.Walk|50-MOVEBASE	BONUS:STAT|STR|16-STRSCORE.BASE	BONUS:STAT|DEX|19-DEXSCORE.BASE	BONUS:STAT|CON|WildShapeConstitution	DEFINE:WildshapeConsititution|15-CONSCORE.BASE															ABILITY:Special Ability|AUTOMATIC|Trip ~ Cheetah				AUTO:FEAT|Weapon Finesse					NATURALATTACKS:Bite,Weapon.Natural.Melee.Finesseable.Bludgeoning.Piercing.Slashing,*1,1d6|Claw,Weapon.Natural.Melee.Finesseable.Piercing.Slashing,*1,1d2
Wild Shape (Crocodile)												SIZE:M	FACE:5	REACH:5	LEGS:4				PREVARGTEQ:WildShapeProgression,1,DruidWildShapeLVL,3	BONUS:COMBAT|AC|4|TYPE=NaturalArmor.STACK	BONUS:MOVEADD|TYPE.Walk|20-MOVEBASE	BONUS:STAT|STR|19-STRSCORE.BASE	BONUS:STAT|DEX|12-DEXSCORE.BASE	BONUS:STAT|CON|WildShapeConstitution	DEFINE:WildshapeConsititution|17-CONSCORE.BASE															ABILITY:Special Ability|AUTOMATIC|Improved Grab ~ Crocodile								MOVE:Swim,30		NATURALATTACKS:Bite,Weapon.Natural.Melee.Finesseable.Bludgeoning.Piercing.Slashing,*1,1d8|Tail,Weapon.Natural.Melee.Finesseable.Bludgeoning,*1,1d12
Wild Shape (Crocodile (Giant))		OUTPUTNAME:Wild Shape (Giant Crocodile)		SIZE:H	FACE:15	REACH:10	LEGS:4				PREVARGTEQ:WildShapeProgression,5,DruidWildShapeLVL,7	BONUS:COMBAT|AC|7|TYPE=NaturalArmor.STACK	BONUS:MOVEADD|TYPE.Walk|20-MOVEBASE	BONUS:STAT|STR|27-STRSCORE.BASE	BONUS:STAT|DEX|12-DEXSCORE.BASE	BONUS:STAT|CON|WildShapeConstitution	DEFINE:WildshapeConsititution|19-CONSCORE.BASE															ABILITY:Special Ability|AUTOMATIC|Improved Grab ~ Crocodile								MOVE:Swim,30		NATURALATTACKS:Bite,Weapon.Natural.Melee.Finesseable.Bludgeoning.Piercing.Slashing,*1,2d8|Tail,Weapon.Natural.Melee.Finesseable.Bludgeoning,*1,1d12
Wild Shape (Dog)													SIZE:S	FACE:5	REACH:5	LEGS:4				PREVARGTEQ:WildShapeProgression,1,DruidWildShapeLVL,1	BONUS:COMBAT|AC|1|TYPE=NaturalArmor.STACK	BONUS:MOVEADD|TYPE.Walk|40-MOVEBASE	BONUS:STAT|STR|13-STRSCORE.BASE	BONUS:STAT|DEX|17-DEXSCORE.BASE	BONUS:STAT|CON|WildShapeConstitution	DEFINE:WildshapeConsititution|15-CONSCORE.BASE							BONUS:WEAPONPROF=Bite|DAMAGE|max(0,(STR/2))																				NATURALATTACKS:Bite,Weapon.Natural.Melee.Finesseable.Bludgeoning.Piercing.Slashing,*1,1d4
Wild Shape (Dog (Riding))			OUTPUTNAME:Wild Shape (Riding Dog)			SIZE:M	FACE:5	REACH:5	LEGS:4				PREVARGTEQ:WildShapeProgression,1,DruidWildShapeLVL,2	BONUS:COMBAT|AC|4|TYPE=NaturalArmor.STACK	BONUS:MOVEADD|TYPE.Walk|40-MOVEBASE	BONUS:STAT|STR|15-STRSCORE.BASE	BONUS:STAT|DEX|15-DEXSCORE.BASE	BONUS:STAT|CON|WildShapeConstitution	DEFINE:WildshapeConsititution|15-CONSCORE.BASE							BONUS:WEAPONPROF=Bite|DAMAGE|max(0,(STR/2))																				NATURALATTACKS:Bite,Weapon.Natural.Melee.Finesseable.Bludgeoning.Piercing.Slashing,*1,1d6
Wild Shape (Donkey)												SIZE:M	FACE:5	REACH:5	LEGS:4				PREVARGTEQ:WildShapeProgression,1,DruidWildShapeLVL,2	BONUS:COMBAT|AC|2|TYPE=NaturalArmor.STACK	BONUS:MOVEADD|TYPE.Walk|30-MOVEBASE	BONUS:STAT|STR|10-STRSCORE.BASE	BONUS:STAT|DEX|13-DEXSCORE.BASE	BONUS:STAT|CON|WildShapeConstitution	DEFINE:WildshapeConsititution|12-CONSCORE.BASE							BONUS:WEAPONPROF=Bite|DAMAGE|max(0,(STR/2))																				NATURALATTACKS:Bite,Weapon.Natural.Melee.Finesseable.Bludgeoning.Piercing.Slashing,*1,1d2
Wild Shape (Eagle)												SIZE:S	FACE:5	REACH:5	LEGS:2	HANDS:3		PREVARGTEQ:WildShapeProgression,1,DruidWildShapeLVL,1	BONUS:COMBAT|AC|1|TYPE=NaturalArmor.STACK	BONUS:MOVEADD|TYPE.Walk|10-MOVEBASE	BONUS:STAT|STR|10-STRSCORE.BASE	BONUS:STAT|DEX|15-DEXSCORE.BASE	BONUS:STAT|CON|WildShapeConstitution	DEFINE:WildshapeConsititution|12-CONSCORE.BASE	BONUS:VAR|Maneuverability|3										ABILITY:Special Ability|AUTOMATIC|Flight Maneuverability	AUTO:FEAT|Weapon Finesse	MOVE:Fly,80			NATURALATTACKS:Talons,Weapon.Natural.Melee.Finesseable.Piercing.Slashing,*2,1d4|Bite,Weapon.Natural.Melee.Finesseable.Bludgeoning.Piercing.Slashing,*1,1d4
Wild Shape (Elephant)												SIZE:H	FACE:15	REACH:10	LEGS:4	HANDS:3		PREVARGTEQ:WildShapeProgression,5,DruidWildShapeLVL,11	BONUS:COMBAT|AC|7|TYPE=NaturalArmor.STACK	BONUS:MOVEADD|TYPE.Walk|40-MOVEBASE	BONUS:STAT|STR|30-STRSCORE.BASE	BONUS:STAT|DEX|10-DEXSCORE.BASE	BONUS:STAT|CON|WildShapeConstitution	DEFINE:WildshapeConsititution|21-CONSCORE.BASE															ABILITY:Special Ability|AUTOMATIC|Trample ~ Elephant													NATURALATTACKS:Slam,Weapon.Natural.Melee.Finesseable.Bludgeoning,*1,2d6|Stamp,Weapon.Natural.Melee.Finesseable.Bludgeoning,*1,2d6|Gore,Weapon.Natural.Melee.Finesseable.Piercing,*1,2d8
Wild Shape (Hawk)													SIZE:T	FACE:2.5	REACH:0	LEGS:2				PREVARGTEQ:WildShapeProgression,3,DruidWildShapeLVL,1	BONUS:COMBAT|AC|2|TYPE=NaturalArmor.STACK	BONUS:MOVEADD|TYPE.Walk|10-MOVEBASE	BONUS:STAT|STR|6-STRSCORE.BASE	BONUS:STAT|DEX|17-DEXSCORE.BASE	BONUS:STAT|CON|WildShapeConstitution	DEFINE:WildshapeConsititution|10-CONSCORE.BASE	BONUS:VAR|Maneuverability|3		BONUS:WEAPONPROF=Talons|DAMAGE|max(0,(STR/2))	ABILITY:Special Ability|AUTOMATIC|Flight Maneuverability	AUTO:FEAT|Weapon Finesse	MOVE:Fly,60			NATURALATTACKS:Talons,Weapon.Natural.Melee.Finesseable.Piercing.Slashing,*1,1d4
Wild Shape (Horse (Heavy))			OUTPUTNAME:Wild Shape (Heavy Horse)			SIZE:L	FACE:10	REACH:5	LEGS:4				PREVARGTEQ:WildShapeProgression,2,DruidWildShapeLVL,3	BONUS:COMBAT|AC|3|TYPE=NaturalArmor.STACK	BONUS:MOVEADD|TYPE.Walk|50-MOVEBASE	BONUS:STAT|STR|16-STRSCORE.BASE	BONUS:STAT|DEX|13-DEXSCORE.BASE	BONUS:STAT|CON|WildShapeConstitution	DEFINE:WildshapeConsititution|15-CONSCORE.BASE																																		NATURALATTACKS:Hoof,Weapon.Natural.Melee.Finesseable.Bludgeoning,*2,1d6
Wild Shape (Horse (Light))			OUTPUTNAME:Wild Shape (Light Horse)			SIZE:L	FACE:10	REACH:5	LEGS:4				PREVARGTEQ:WildShapeProgression,2,DruidWildShapeLVL,3	BONUS:COMBAT|AC|3|TYPE=NaturalArmor.STACK	BONUS:MOVEADD|TYPE.Walk|60-MOVEBASE	BONUS:STAT|STR|14-STRSCORE.BASE	BONUS:STAT|DEX|13-DEXSCORE.BASE	BONUS:STAT|CON|WildShapeConstitution	DEFINE:WildshapeConsititution|15-CONSCORE.BASE																																		NATURALATTACKS:Hoof,Weapon.Natural.Melee.Finesseable.Bludgeoning,*2,1d4
Wild Shape (Horse (Warhorse Heavy))		OUTPUTNAME:Wild Shape (Heavy Warhorse)		SIZE:L	FACE:10	REACH:5	LEGS:4	HANDS:3		PREVARGTEQ:WildShapeProgression,2,DruidWildShapeLVL,4	BONUS:COMBAT|AC|4|TYPE=NaturalArmor.STACK	BONUS:MOVEADD|TYPE.Walk|50-MOVEBASE	BONUS:STAT|STR|18-STRSCORE.BASE	BONUS:STAT|DEX|13-DEXSCORE.BASE	BONUS:STAT|CON|WildShapeConstitution	DEFINE:WildshapeConsititution|17-CONSCORE.BASE																																		NATURALATTACKS:Hoof,Weapon.Natural.Melee.Finesseable.Bludgeoning,*2,1d6|Bite,Weapon.Natural.Melee.Finesseable.Bludgeoning.Piercing.Slashing,*1,1d4
Wild Shape (Horse (Warhorse Light))		OUTPUTNAME:Wild Shape (Light Warhorse)		SIZE:L	FACE:10	REACH:5	LEGS:4	HANDS:3		PREVARGTEQ:WildShapeProgression,2,DruidWildShapeLVL,3	BONUS:COMBAT|AC|4|TYPE=NaturalArmor.STACK	BONUS:MOVEADD|TYPE.Walk|60-MOVEBASE	BONUS:STAT|STR|16-STRSCORE.BASE	BONUS:STAT|DEX|13-DEXSCORE.BASE	BONUS:STAT|CON|WildShapeConstitution	DEFINE:WildshapeConsititution|17-CONSCORE.BASE																																		NATURALATTACKS:Hoof,Weapon.Natural.Melee.Finesseable.Bludgeoning,*2,1d4|Bite,Weapon.Natural.Melee.Finesseable.Bludgeoning.Piercing.Slashing,*1,1d3
Wild Shape (Hyena)												SIZE:M	FACE:5	REACH:5	LEGS:4				PREVARGTEQ:WildShapeProgression,1,DruidWildShapeLVL,2	BONUS:COMBAT|AC|2|TYPE=NaturalArmor.STACK	BONUS:MOVEADD|TYPE.Walk|50-MOVEBASE	BONUS:STAT|STR|14-STRSCORE.BASE	BONUS:STAT|DEX|15-DEXSCORE.BASE	BONUS:STAT|CON|WildShapeConstitution	DEFINE:WildshapeConsititution|15-CONSCORE.BASE							BONUS:WEAPONPROF=Bite|DAMAGE|max(0,(STR/2))	ABILITY:Special Ability|AUTOMATIC|Trip ~ Hyena													NATURALATTACKS:Bite,Weapon.Natural.Melee.Finesseable.Bludgeoning.Piercing.Slashing,*1,1d6
Wild Shape (Leopard)												SIZE:M	FACE:5	REACH:5	LEGS:4	HANDS:3		PREVARGTEQ:WildShapeProgression,1,DruidWildShapeLVL,3	BONUS:COMBAT|AC|1|TYPE=NaturalArmor.STACK	BONUS:MOVEADD|TYPE.Walk|40-MOVEBASE	BONUS:STAT|STR|16-STRSCORE.BASE	BONUS:STAT|DEX|19-DEXSCORE.BASE	BONUS:STAT|CON|WildShapeConstitution	DEFINE:WildshapeConsititution|15-CONSCORE.BASE															ABILITY:Special Ability|AUTOMATIC|Improved Grab ~ Leopard|Pounce ~ Leopard|Rake ~ Leopard	AUTO:FEAT|Weapon Finesse	MOVE:Climb,20		NATURALATTACKS:Bite,Weapon.Natural.Melee.Finesseable.Bludgeoning.Piercing.Slashing,*1,1d6|Claw,Weapon.Natural.Melee.Finesseable.Piercing.Slashing,*2,1d3
Wild Shape (Lion)													SIZE:L	FACE:10	REACH:5	LEGS:4	HANDS:3		PREVARGTEQ:WildShapeProgression,2,DruidWildShapeLVL,5	BONUS:COMBAT|AC|3|TYPE=NaturalArmor.STACK	BONUS:MOVEADD|TYPE.Walk|40-MOVEBASE	BONUS:STAT|STR|21-STRSCORE.BASE	BONUS:STAT|DEX|17-DEXSCORE.BASE	BONUS:STAT|CON|WildShapeConstitution	DEFINE:WildshapeConsititution|15-CONSCORE.BASE															ABILITY:Special Ability|AUTOMATIC|Improved Grab ~ Lion|Pounce ~ Lion|Rake ~ Lion										NATURALATTACKS:Claw,Weapon.Natural.Melee.Finesseable.Piercing.Slashing,*2,1d4|Bite,Weapon.Natural.Melee.Finesseable.Bludgeoning.Piercing.Slashing,*1,1d8
Wild Shape (Lizard)												SIZE:T	FACE:2.5	REACH:0	LEGS:4				PREVARGTEQ:WildShapeProgression,3,DruidWildShapeLVL,1								BONUS:MOVEADD|TYPE.Walk|20-MOVEBASE	BONUS:STAT|STR|3-STRSCORE.BASE	BONUS:STAT|DEX|15-DEXSCORE.BASE	BONUS:STAT|CON|WildShapeConstitution	DEFINE:WildshapeConsititution|10-CONSCORE.BASE							BONUS:WEAPONPROF=Bite|DAMAGE|max(0,(STR/2))											AUTO:FEAT|Weapon Finesse	MOVE:Climb,20		NATURALATTACKS:Bite,Weapon.Natural.Melee.Finesseable.Bludgeoning.Piercing.Slashing,*1,1d4
Wild Shape (Lizard (Monitor))			OUTPUTNAME:Wild Shape (Monitor Lizard)		SIZE:M	FACE:5	REACH:5	LEGS:4				PREVARGTEQ:WildShapeProgression,1,DruidWildShapeLVL,3	BONUS:COMBAT|AC|3|TYPE=NaturalArmor.STACK	BONUS:MOVEADD|TYPE.Walk|30-MOVEBASE	BONUS:STAT|STR|17-STRSCORE.BASE	BONUS:STAT|DEX|15-DEXSCORE.BASE	BONUS:STAT|CON|WildShapeConstitution	DEFINE:WildshapeConsititution|17-CONSCORE.BASE							BONUS:WEAPONPROF=Bite|DAMAGE|max(0,(STR/2))																MOVE:Swim,30		NATURALATTACKS:Bite,Weapon.Natural.Melee.Finesseable.Bludgeoning.Piercing.Slashing,*1,1d8
Wild Shape (Manta Ray)												SIZE:L	FACE:10	REACH:5	LEGS:0				PREVARGTEQ:WildShapeProgression,2,DruidWildShapeLVL,4	BONUS:COMBAT|AC|3|TYPE=NaturalArmor.STACK							BONUS:STAT|STR|15-STRSCORE.BASE	BONUS:STAT|DEX|11-DEXSCORE.BASE	BONUS:STAT|CON|WildShapeConstitution	DEFINE:WildshapeConsititution|10-CONSCORE.BASE																														MOVE:Swim,30
Wild Shape (Monkey)												SIZE:T	FACE:2.5	REACH:0	LEGS:2				PREVARGTEQ:WildShapeProgression,3,DruidWildShapeLVL,1								BONUS:MOVEADD|TYPE.Walk|30-MOVEBASE	BONUS:STAT|STR|3-STRSCORE.BASE	BONUS:STAT|DEX|15-DEXSCORE.BASE	BONUS:STAT|CON|WildShapeConstitution	DEFINE:WildshapeConsititution|10-CONSCORE.BASE							BONUS:WEAPONPROF=Bite|DAMAGE|max(0,(STR/2))											AUTO:FEAT|Weapon Finesse	MOVE:Climb,30		NATURALATTACKS:Bite,Weapon.Natural.Melee.Finesseable.Bludgeoning.Piercing.Slashing,*1,1d3
Wild Shape (Mule)													SIZE:L	FACE:10	REACH:5	LEGS:4				PREVARGTEQ:WildShapeProgression,2,DruidWildShapeLVL,3	BONUS:COMBAT|AC|3|TYPE=NaturalArmor.STACK	BONUS:MOVEADD|TYPE.Walk|30-MOVEBASE	BONUS:STAT|STR|16-STRSCORE.BASE	BONUS:STAT|DEX|13-DEXSCORE.BASE	BONUS:STAT|CON|WildShapeConstitution	DEFINE:WildshapeConsititution|17-CONSCORE.BASE																																		NATURALATTACKS:Hoof,Weapon.Natural.Melee.Finesseable.Bludgeoning,*2,1d4
Wild Shape (Octopus)												SIZE:S	FACE:5	REACH:5	LEGS:0	HANDS:9		PREVARGTEQ:WildShapeProgression,1,DruidWildShapeLVL,2	BONUS:COMBAT|AC|2|TYPE=NaturalArmor.STACK	BONUS:MOVEADD|TYPE.Walk|20-MOVEBASE	BONUS:STAT|STR|12-STRSCORE.BASE	BONUS:STAT|DEX|17-DEXSCORE.BASE	BONUS:STAT|CON|WildShapeConstitution	DEFINE:WildshapeConsititution|11-CONSCORE.BASE															ABILITY:Special Ability|AUTOMATIC|Improved Grab ~ Octopus			AUTO:FEAT|Weapon Finesse	MOVE:Swim,30		NATURALATTACKS:Arms,Weapon.Natural.Melee.Finesseable.Bludgeoning,*1,0|Bite,Weapon.Natural.Melee.Finesseable.Bludgeoning.Piercing.Slashing,*1,1d3
Wild Shape (Octopus (Giant))			OUTPUTNAME:Wild Shape (Giant Octopus)		SIZE:L	FACE:10	REACH:10	LEGS:0	HANDS:9		PREVARGTEQ:WildShapeProgression,2,DruidWildShapeLVL,8	BONUS:COMBAT|AC|7|TYPE=NaturalArmor.STACK	BONUS:MOVEADD|TYPE.Walk|20-MOVEBASE	BONUS:STAT|STR|20-STRSCORE.BASE	BONUS:STAT|DEX|15-DEXSCORE.BASE	BONUS:STAT|CON|WildShapeConstitution	DEFINE:WildshapeConsititution|13-CONSCORE.BASE															ABILITY:Special Ability|AUTOMATIC|Constrict ~ Giant Octopus|Improved Grab ~ Giant Octopus						MOVE:Swim,30		NATURALATTACKS:Tentacle,Weapon.Natural.Melee.Finesseable.Bludgeoning,*8,1d4|Bite,Weapon.Natural.Melee.Finesseable.Bludgeoning.Piercing.Slashing,*1,1d8
Wild Shape (Owl)													SIZE:T	FACE:2.5	REACH:0	LEGS:2				PREVARGTEQ:WildShapeProgression,3,DruidWildShapeLVL,1	BONUS:COMBAT|AC|2|TYPE=NaturalArmor.STACK	BONUS:MOVEADD|TYPE.Walk|10-MOVEBASE	BONUS:STAT|STR|4-STRSCORE.BASE	BONUS:STAT|DEX|17-DEXSCORE.BASE	BONUS:STAT|CON|WildShapeConstitution	DEFINE:WildshapeConsititution|10-CONSCORE.BASE	BONUS:VAR|Maneuverability|3		BONUS:WEAPONPROF=Talons|DAMAGE|max(0,(STR/2))	ABILITY:Special Ability|AUTOMATIC|Flight Maneuverability	AUTO:FEAT|Weapon Finesse	MOVE:Fly,40			NATURALATTACKS:Talons,Weapon.Natural.Melee.Finesseable.Piercing.Slashing,*1,1d4
Wild Shape (Pony)													SIZE:M	FACE:5	REACH:5	LEGS:4				PREVARGTEQ:WildShapeProgression,1,DruidWildShapeLVL,2	BONUS:COMBAT|AC|2|TYPE=NaturalArmor.STACK	BONUS:MOVEADD|TYPE.Walk|40-MOVEBASE	BONUS:STAT|STR|13-STRSCORE.BASE	BONUS:STAT|DEX|13-DEXSCORE.BASE	BONUS:STAT|CON|WildShapeConstitution	DEFINE:WildshapeConsititution|12-CONSCORE.BASE																																		NATURALATTACKS:Hoof,Weapon.Natural.Melee.Finesseable.Bludgeoning,*2,1d3
Wild Shape (Pony (War))				OUTPUTNAME:Wild Shape (War Pony)			SIZE:M	FACE:5	REACH:5	LEGS:4				PREVARGTEQ:WildShapeProgression,1,DruidWildShapeLVL,2	BONUS:COMBAT|AC|2|TYPE=NaturalArmor.STACK	BONUS:MOVEADD|TYPE.Walk|40-MOVEBASE	BONUS:STAT|STR|15-STRSCORE.BASE	BONUS:STAT|DEX|13-DEXSCORE.BASE	BONUS:STAT|CON|WildShapeConstitution	DEFINE:WildshapeConsititution|14-CONSCORE.BASE																																		NATURALATTACKS:Hoof,Weapon.Natural.Melee.Finesseable.Bludgeoning,*2,1d3
Wild Shape (Porpoise)												SIZE:M	FACE:5	REACH:5	LEGS:0				PREVARGTEQ:WildShapeProgression,1,DruidWildShapeLVL,2	BONUS:COMBAT|AC|2|TYPE=NaturalArmor.STACK							BONUS:STAT|STR|11-STRSCORE.BASE	BONUS:STAT|DEX|17-DEXSCORE.BASE	BONUS:STAT|CON|WildShapeConstitution	DEFINE:WildshapeConsititution|13-CONSCORE.BASE							BONUS:WEAPONPROF=Slam|DAMAGE|max(0,(STR/2))											AUTO:FEAT|Weapon Finesse	MOVE:Swim,80		NATURALATTACKS:Slam,Weapon.Natural.Melee.Finesseable.Bludgeoning,*1,2d4
Wild Shape (Rat)													SIZE:T	FACE:2.5	REACH:0	LEGS:4				PREVARGTEQ:WildShapeProgression,3,DruidWildShapeLVL,1								BONUS:MOVEADD|TYPE.Walk|15-MOVEBASE	BONUS:STAT|STR|2-STRSCORE.BASE	BONUS:STAT|DEX|15-DEXSCORE.BASE	BONUS:STAT|CON|WildShapeConstitution	DEFINE:WildshapeConsititution|10-CONSCORE.BASE							BONUS:WEAPONPROF=Bite|DAMAGE|max(0,(STR/2))											AUTO:FEAT|Weapon Finesse	MOVE:Climb,15,Swim,15	NATURALATTACKS:Bite,Weapon.Natural.Melee.Finesseable.Bludgeoning.Piercing.Slashing,*1,1d3
Wild Shape (Raven)												SIZE:T	FACE:2.5	REACH:0	LEGS:2				PREVARGTEQ:WildShapeProgression,3,DruidWildShapeLVL,1								BONUS:MOVEADD|TYPE.Walk|10-MOVEBASE	BONUS:STAT|STR|1-STRSCORE.BASE	BONUS:STAT|DEX|15-DEXSCORE.BASE	BONUS:STAT|CON|WildShapeConstitution	DEFINE:WildshapeConsititution|10-CONSCORE.BASE	BONUS:VAR|Maneuverability|3		BONUS:WEAPONPROF=Claw|DAMAGE|max(0,(STR/2))	ABILITY:Special Ability|AUTOMATIC|Flight Maneuverability	AUTO:FEAT|Weapon Finesse	MOVE:Fly,40			NATURALATTACKS:Claw,Weapon.Natural.Melee.Finesseable.Piercing.Slashing,*1,1d2
Wild Shape (Rhinoceros)												SIZE:L	FACE:10	REACH:5	LEGS:4				PREVARGTEQ:WildShapeProgression,2,DruidWildShapeLVL,8	BONUS:COMBAT|AC|7|TYPE=NaturalArmor.STACK	BONUS:MOVEADD|TYPE.Walk|30-MOVEBASE	BONUS:STAT|STR|26-STRSCORE.BASE	BONUS:STAT|DEX|10-DEXSCORE.BASE	BONUS:STAT|CON|WildShapeConstitution	DEFINE:WildshapeConsititution|21-CONSCORE.BASE							BONUS:WEAPONPROF=Gore|DAMAGE|max(0,(STR/2))	ABILITY:Special Ability|AUTOMATIC|Powerful Charge ~ Rhinoceros											NATURALATTACKS:Gore,Weapon.Natural.Melee.Finesseable.Piercing,*1,1d8
Wild Shape (Shark (Medium))			OUTPUTNAME:Wild Shape (Medium Shark)		SIZE:M	FACE:5	REACH:5	LEGS:0				PREVARGTEQ:WildShapeProgression,1,DruidWildShapeLVL,3	BONUS:COMBAT|AC|3|TYPE=NaturalArmor.STACK							BONUS:STAT|STR|13-STRSCORE.BASE	BONUS:STAT|DEX|15-DEXSCORE.BASE	BONUS:STAT|CON|WildShapeConstitution	DEFINE:WildshapeConsititution|13-CONSCORE.BASE							BONUS:WEAPONPROF=Bite|DAMAGE|max(0,(STR/2))											AUTO:FEAT|Weapon Finesse	MOVE:Swim,60		NATURALATTACKS:Bite,Weapon.Natural.Melee.Finesseable.Bludgeoning.Piercing.Slashing,*1,1d6
Wild Shape (Shark (Large))			OUTPUTNAME:Wild Shape (Large Shark)			SIZE:L	FACE:10	REACH:5	LEGS:0				PREVARGTEQ:WildShapeProgression,2,DruidWildShapeLVL,7	BONUS:COMBAT|AC|4|TYPE=NaturalArmor.STACK							BONUS:STAT|STR|17-STRSCORE.BASE	BONUS:STAT|DEX|15-DEXSCORE.BASE	BONUS:STAT|CON|WildShapeConstitution	DEFINE:WildshapeConsititution|13-CONSCORE.BASE							BONUS:WEAPONPROF=Bite|DAMAGE|max(0,(STR/2))																MOVE:Swim,60		NATURALATTACKS:Bite,Weapon.Natural.Melee.Finesseable.Bludgeoning.Piercing.Slashing,*1,1d8
Wild Shape (Shark (Huge))			OUTPUTNAME:Wild Shape (Huge Shark)			SIZE:H	FACE:15	REACH:10	LEGS:0				PREVARGTEQ:WildShapeProgression,5,DruidWildShapeLVL,10	BONUS:COMBAT|AC|5|TYPE=NaturalArmor.STACK							BONUS:STAT|STR|21-STRSCORE.BASE	BONUS:STAT|DEX|15-DEXSCORE.BASE	BONUS:STAT|CON|WildShapeConstitution	DEFINE:WildshapeConsititution|15-CONSCORE.BASE							BONUS:WEAPONPROF=Bite|DAMAGE|max(0,(STR/2))																MOVE:Swim,60		NATURALATTACKS:Bite,Weapon.Natural.Melee.Finesseable.Bludgeoning.Piercing.Slashing,*1,2d6
Wild Shape (Snake (Constrictor))		OUTPUTNAME:Wild Shape (Constrictor Snake)		SIZE:M	FACE:5	REACH:5	LEGS:0				PREVARGTEQ:WildShapeProgression,1,DruidWildShapeLVL,3	BONUS:COMBAT|AC|2|TYPE=NaturalArmor.STACK	BONUS:MOVEADD|TYPE.Walk|20-MOVEBASE	BONUS:STAT|STR|17-STRSCORE.BASE	BONUS:STAT|DEX|17-DEXSCORE.BASE	BONUS:STAT|CON|WildShapeConstitution	DEFINE:WildshapeConsititution|13-CONSCORE.BASE							BONUS:WEAPONPROF=Bite|DAMAGE|max(0,(STR/2))	ABILITY:Special Ability|AUTOMATIC|Constrict ~ Constrictor Snake|Improved Grab ~ Constrictor Snake						MOVE:Climb,20,Swim,20	NATURALATTACKS:Bite,Weapon.Natural.Melee.Finesseable.Bludgeoning.Piercing.Slashing,*1,1d3
Wild Shape (Snake (Constrictor/Giant))	OUTPUTNAME:Wild Shape (Giant Constrictor Snake)	SIZE:H	FACE:15	REACH:10	LEGS:0				PREVARGTEQ:WildShapeProgression,5,DruidWildShapeLVL,11	BONUS:COMBAT|AC|4|TYPE=NaturalArmor.STACK	BONUS:MOVEADD|TYPE.Walk|20-MOVEBASE	BONUS:STAT|STR|25-STRSCORE.BASE	BONUS:STAT|DEX|17-DEXSCORE.BASE	BONUS:STAT|CON|WildShapeConstitution	DEFINE:WildshapeConsititution|13-CONSCORE.BASE							BONUS:WEAPONPROF=Bite|DAMAGE|max(0,(STR/2))	ABILITY:Special Ability|AUTOMATIC|Constrict ~ Constrictor Snake|Improved Grab ~ Constrictor Snake						MOVE:Climb,20,Swim,20	NATURALATTACKS:Bite,Weapon.Natural.Melee.Finesseable.Bludgeoning.Piercing.Slashing,*1,1d8
Wild Shape (Snake (Viper/Tiny))		OUTPUTNAME:Wild Shape (Tiny Viper Snake)		SIZE:T	FACE:2.5	REACH:0	LEGS:0				PREVARGTEQ:WildShapeProgression,3,DruidWildShapeLVL,1	BONUS:COMBAT|AC|2|TYPE=NaturalArmor.STACK	BONUS:MOVEADD|TYPE.Walk|15-MOVEBASE	BONUS:STAT|STR|4-STRSCORE.BASE	BONUS:STAT|DEX|17-DEXSCORE.BASE	BONUS:STAT|CON|WildShapeConstitution	DEFINE:WildshapeConsititution|11-CONSCORE.BASE							BONUS:WEAPONPROF=Bite|DAMAGE|max(0,(STR/2))	ABILITY:Special Ability|AUTOMATIC|Poison ~ Viper Snake				AUTO:FEAT|Weapon Finesse	MOVE:Climb,15,Swim,15	NATURALATTACKS:Bite,Weapon.Natural.Melee.Finesseable.Bludgeoning.Piercing.Slashing.Poison,*1,1
Wild Shape (Snake (Viper/Small))		OUTPUTNAME:Wild Shape (Small Viper Snake)		SIZE:S	FACE:5	REACH:5	LEGS:0				PREVARGTEQ:WildShapeProgression,1,DruidWildShapeLVL,1	BONUS:COMBAT|AC|3|TYPE=NaturalArmor.STACK	BONUS:MOVEADD|TYPE.Walk|20-MOVEBASE	BONUS:STAT|STR|6-STRSCORE.BASE	BONUS:STAT|DEX|17-DEXSCORE.BASE	BONUS:STAT|CON|WildShapeConstitution	DEFINE:WildshapeConsititution|11-CONSCORE.BASE							BONUS:WEAPONPROF=Bite|DAMAGE|max(0,(STR/2))	ABILITY:Special Ability|AUTOMATIC|Poison ~ Viper Snake				AUTO:FEAT|Weapon Finesse	MOVE:Climb,20,Swim,20	NATURALATTACKS:Bite,Weapon.Natural.Melee.Finesseable.Bludgeoning.Piercing.Slashing.Poison,*1,1d2
Wild Shape (Snake (Viper/Medium))		OUTPUTNAME:Wild Shape (Medium Viper Snake)	SIZE:M	FACE:5	REACH:5	LEGS:0				PREVARGTEQ:WildShapeProgression,1,DruidWildShapeLVL,2	BONUS:COMBAT|AC|3|TYPE=NaturalArmor.STACK	BONUS:MOVEADD|TYPE.Walk|20-MOVEBASE	BONUS:STAT|STR|8-STRSCORE.BASE	BONUS:STAT|DEX|17-DEXSCORE.BASE	BONUS:STAT|CON|WildShapeConstitution	DEFINE:WildshapeConsititution|11-CONSCORE.BASE							BONUS:WEAPONPROF=Bite|DAMAGE|max(0,(STR/2))	ABILITY:Special Ability|AUTOMATIC|Poison ~ Viper Snake				AUTO:FEAT|Weapon Finesse	MOVE:Climb,20,Swim,20	NATURALATTACKS:Bite,Weapon.Natural.Melee.Finesseable.Bludgeoning.Piercing.Slashing.Poison,*1,1d4
Wild Shape (Snake (Viper/Large))		OUTPUTNAME:Wild Shape (Large Viper Snake)		SIZE:L	FACE:10	REACH:5	LEGS:0				PREVARGTEQ:WildShapeProgression,2,DruidWildShapeLVL,3	BONUS:COMBAT|AC|3|TYPE=NaturalArmor.STACK	BONUS:MOVEADD|TYPE.Walk|20-MOVEBASE	BONUS:STAT|STR|10-STRSCORE.BASE	BONUS:STAT|DEX|17-DEXSCORE.BASE	BONUS:STAT|CON|WildShapeConstitution	DEFINE:WildshapeConsititution|11-CONSCORE.BASE							BONUS:WEAPONPROF=Bite|DAMAGE|max(0,(STR/2))	ABILITY:Special Ability|AUTOMATIC|Poison ~ Viper Snake				AUTO:FEAT|Weapon Finesse	MOVE:Climb,20,Swim,20	NATURALATTACKS:Bite,Weapon.Natural.Melee.Finesseable.Bludgeoning.Piercing.Slashing.Poison,*1,1d4
Wild Shape (Snake (Viper/Huge))		OUTPUTNAME:Wild Shape (Huge Viper Snake)		SIZE:H	FACE:15	REACH:10	LEGS:0				PREVARGTEQ:WildShapeProgression,5,DruidWildShapeLVL,6	BONUS:COMBAT|AC|5|TYPE=NaturalArmor.STACK	BONUS:MOVEADD|TYPE.Walk|20-MOVEBASE	BONUS:STAT|STR|16-STRSCORE.BASE	BONUS:STAT|DEX|15-DEXSCORE.BASE	BONUS:STAT|CON|WildShapeConstitution	DEFINE:WildshapeConsititution|13-CONSCORE.BASE							BONUS:WEAPONPROF=Bite|DAMAGE|max(0,(STR/2))	ABILITY:Special Ability|AUTOMATIC|Poison ~ Viper Snake									MOVE:Climb,20,Swim,20	NATURALATTACKS:Bite,Weapon.Natural.Melee.Finesseable.Bludgeoning.Piercing.Slashing.Poison,*1,1d6
Wild Shape (Squid)												SIZE:M	FACE:5	REACH:5	LEGS:0	HANDS:11		PREVARGTEQ:WildShapeProgression,1,DruidWildShapeLVL,3	BONUS:COMBAT|AC|3|TYPE=NaturalArmor.STACK							BONUS:STAT|STR|14-STRSCORE.BASE	BONUS:STAT|DEX|17-DEXSCORE.BASE	BONUS:STAT|CON|WildShapeConstitution	DEFINE:WildshapeConsititution|11-CONSCORE.BASE															ABILITY:Special Ability|AUTOMATIC|Improved Grab ~ Squid								MOVE:Swim,60		NATURALATTACKS:Arms,Weapon.Natural.Melee.Finesseable.Bludgeoning,*1,0|Bite,Weapon.Natural.Melee.Finesseable.Bludgeoning.Piercing.Slashing,*1,1d6
Wild Shape (Squid (Giant))			OUTPUTNAME:Wild Shape (Giant Squid)			SIZE:H	FACE:15	REACH:15	LEGS:0	HANDS:11		PREVARGTEQ:WildShapeProgression,5,DruidWildShapeLVL,12	BONUS:COMBAT|AC|6|TYPE=NaturalArmor.STACK							BONUS:STAT|STR|26-STRSCORE.BASE	BONUS:STAT|DEX|17-DEXSCORE.BASE	BONUS:STAT|CON|WildShapeConstitution	DEFINE:WildshapeConsititution|13-CONSCORE.BASE															ABILITY:Special Ability|AUTOMATIC|Constrict ~ Giant Squid|Improved Grab ~ Giant Squid						MOVE:Swim,80		NATURALATTACKS:Tentacle,Weapon.Natural.Melee.Finesseable.Bludgeoning,*10,1d6|Bite,Weapon.Natural.Melee.Finesseable.Bludgeoning.Piercing.Slashing,*1,2d8
Wild Shape (Tiger)												SIZE:L	FACE:10	REACH:5	LEGS:4	HANDS:3		PREVARGTEQ:WildShapeProgression,2,DruidWildShapeLVL,6	BONUS:COMBAT|AC|3|TYPE=NaturalArmor.STACK	BONUS:MOVEADD|TYPE.Walk|40-MOVEBASE	BONUS:STAT|STR|23-STRSCORE.BASE	BONUS:STAT|DEX|15-DEXSCORE.BASE	BONUS:STAT|CON|WildShapeConstitution	DEFINE:WildshapeConsititution|17-CONSCORE.BASE															ABILITY:Special Ability|AUTOMATIC|Improved Grab ~ Tiger|Pounce ~ Tiger|Rake ~ Tiger										NATURALATTACKS:Claw,Weapon.Natural.Melee.Finesseable.Piercing.Slashing,*2,1d6|Bite,Weapon.Natural.Melee.Finesseable.Bludgeoning.Piercing.Slashing,*1,2d6
#Wild Shape (Toad)												SIZE:D												PREVARGTEQ:WildShapeProgression,1,DruidWildShapeLVL,1									BONUS:MOVEADD|TYPE.Walk|5-MOVEBASE	BONUS:STAT|STR|1-STRSCORE.BASE	BONUS:STAT|DEX|12-DEXSCORE.BASE	BONUS:STAT|CON|WildShapeConstitution	DEFINE:WildshapeConsititution|11-CONSCORE.BASE																																																FACE:1			LEGS:4	REACH:0
Wild Shape (Weasel)												SIZE:T	FACE:2.5	REACH:0	LEGS:4				PREVARGTEQ:WildShapeProgression,3,DruidWildShapeLVL,1								BONUS:MOVEADD|TYPE.Walk|20-MOVEBASE	BONUS:STAT|STR|3-STRSCORE.BASE	BONUS:STAT|DEX|15-DEXSCORE.BASE	BONUS:STAT|CON|WildShapeConstitution	DEFINE:WildshapeConsititution|10-CONSCORE.BASE							BONUS:WEAPONPROF=Bite|DAMAGE|max(0,(STR/2))	ABILITY:Special Ability|AUTOMATIC|Attach ~ Weasel				AUTO:FEAT|Weapon Finesse	MOVE:Climb,20		NATURALATTACKS:Bite,Weapon.Natural.Melee.Finesseable.Bludgeoning.Piercing.Slashing,*1,1d3
#Wild Shape (Whale (Baleen))			OUTPUTNAME:Wild Shape (Baleen Whale)		SIZE:G		ABILITY:Special Ability|AUTOMATIC|Blind								PREVARGTEQ:WildShapeProgression,1,DruidWildShapeLVL,12	BONUS:COMBAT|AC|9|TYPE=NaturalArmor.STACK							BONUS:STAT|STR|35-STRSCORE.BASE	BONUS:STAT|DEX|13-DEXSCORE.BASE	BONUS:STAT|CON|WildShapeConstitution	DEFINE:WildshapeConsititution|22-CONSCORE.BASE	BONUS:WEAPONPROF=Tail|DAMAGE|max(0,(STR/2))					MOVE:Swim,40		NATURALATTACKS:Tail,Weapon.Natural.Melee.Finesseable.Bludgeoning,*1,1d8																				FACE:20			LEGS:0	REACH:15
#Wild Shape (Whale (Cachalot))		OUTPUTNAME:Wild Shape (Cachalot Whale)		SIZE:G		ABILITY:Special Ability|AUTOMATIC|Blind								PREVARGTEQ:WildShapeProgression,1,DruidWildShapeLVL,12	BONUS:COMBAT|AC|9|TYPE=NaturalArmor.STACK							BONUS:STAT|STR|35-STRSCORE.BASE	BONUS:STAT|DEX|12-DEXSCORE.BASE	BONUS:STAT|CON|WildShapeConstitution	DEFINE:WildshapeConsititution|25-CONSCORE.BASE													MOVE:Swim,40		NATURALATTACKS:Bite,Weapon.Natural.Melee.Finesseable.Bludgeoning.Piercing.Slashing,*1,3d6|Tail,Weapon.Natural.Melee.Finesseable.Bludgeoning,*1,1d8							FACE:20			LEGS:0	REACH:15
Wild Shape (Whale (Orca))			OUTPUTNAME:Wild Shape (Orca Whale)			SIZE:H	FACE:15	REACH:10	LEGS:0				PREVARGTEQ:WildShapeProgression,5,DruidWildShapeLVL,9	BONUS:COMBAT|AC|6|TYPE=NaturalArmor.STACK							BONUS:STAT|STR|27-STRSCORE.BASE	BONUS:STAT|DEX|15-DEXSCORE.BASE	BONUS:STAT|CON|WildShapeConstitution	DEFINE:WildshapeConsititution|21-CONSCORE.BASE							BONUS:WEAPONPROF=Bite|DAMAGE|max(0,(STR/2))	ABILITY:Special Ability|AUTOMATIC|Blindsight ~ Whale									MOVE:Swim,50		NATURALATTACKS:Bite,Weapon.Natural.Melee.Finesseable.Bludgeoning.Piercing.Slashing,*1,2d6
Wild Shape (Wolf)													SIZE:M	FACE:5	REACH:5	LEGS:4				PREVARGTEQ:WildShapeProgression,1,DruidWildShapeLVL,2	BONUS:COMBAT|AC|2|TYPE=NaturalArmor.STACK	BONUS:MOVEADD|TYPE.Walk|50-MOVEBASE	BONUS:STAT|STR|13-STRSCORE.BASE	BONUS:STAT|DEX|15-DEXSCORE.BASE	BONUS:STAT|CON|WildShapeConstitution	DEFINE:WildshapeConsititution|15-CONSCORE.BASE							BONUS:WEAPONPROF=Bite|DAMAGE|max(0,(STR/2))	ABILITY:Special Ability|AUTOMATIC|Trip ~ Wolf													NATURALATTACKS:Bite,Weapon.Natural.Melee.Finesseable.Bludgeoning.Piercing.Slashing,*1,1d6
Wild Shape (Wolverine)												SIZE:M	FACE:5	REACH:5	LEGS:4	HANDS:3		PREVARGTEQ:WildShapeProgression,1,DruidWildShapeLVL,3	BONUS:COMBAT|AC|2|TYPE=NaturalArmor.STACK	BONUS:MOVEADD|TYPE.Walk|30-MOVEBASE	BONUS:STAT|STR|14-STRSCORE.BASE	BONUS:STAT|DEX|15-DEXSCORE.BASE	BONUS:STAT|CON|WildShapeConstitution	DEFINE:WildshapeConsititution|19-CONSCORE.BASE	BONUS:VAR|RageTimes,RageDuration|1									ABILITY:Special Ability|AUTOMATIC|Rage ~ Wolverine									MOVE:Burrow,10,Climb,10	NATURALATTACKS:Claw,Weapon.Natural.Melee.Finesseable.Piercing.Slashing,*2,1d4|Bite,Weapon.Natural.Melee.Finesseable.Bludgeoning.Piercing.Slashing,*1,1d6

###Block: Other Animals
# Template Name					Output Name						Size		Face/Space	Reach		Nb Legs	Nb Hands	Source Page				Var. Min. Value							Combat bonus						Add to base move				Stat bonus																	Modify VAR					Weapon prof. bonus					Ability										Automatically Gained Feat	Move			Natural Attacks
Wild Shape (Dinosaur (Deinonychus))		OUTPUTNAME:Wild Shape (Deinonychus)		SIZE:L	FACE:10	REACH:5	LEGS:2	HANDS:4	SOURCEPAGE:MonstersDi-Do.rtf	PREVARGTEQ:WildShapeProgression,2,DruidWildShapeLVL,4	BONUS:COMBAT|AC|5|TYPE=NaturalArmor.STACK		BONUS:MOVEADD|TYPE.Walk|60-MOVEBASE	BONUS:STAT|STR|19-STRSCORE.BASE	BONUS:STAT|DEX|15-DEXSCORE.BASE	BONUS:STAT|CON|WildShapeConstitution	DEFINE:WildshapeConsititution|19-CONSCORE.BASE															ABILITY:Special Ability|AUTOMATIC|Pounce ~ Deinonychus													NATURALATTACKS:Talons,Weapon.Natural.Melee.Finesseable.Piercing.Slashing,*1,2d6|Claw,Weapon.Natural.Melee.Finesseable.Piercing.Slashing,*1,1d3|Bite,Weapon.Natural.Melee.Finesseable.Bludgeoning.Piercing.Slashing,*1,2d4
Wild Shape (Dinosaur (Elasmosaurus))	OUTPUTNAME:Wild Shape (Elasmosaurus)	SIZE:H	FACE:15	REACH:10	LEGS:0			SOURCEPAGE:MonstersDi-Do.rtf	PREVARGTEQ:WildShapeProgression,5,DruidWildShapeLVL,10	BONUS:COMBAT|AC|3|TYPE=NaturalArmor.STACK		BONUS:MOVEADD|TYPE.Walk|20-MOVEBASE	BONUS:STAT|STR|26-STRSCORE.BASE	BONUS:STAT|DEX|14-DEXSCORE.BASE	BONUS:STAT|CON|WildShapeConstitution	DEFINE:WildshapeConsititution|22-CONSCORE.BASE							BONUS:WEAPONPROF=Bite|DAMAGE|max(0,(STR/2))																	MOVE:Swim,50	NATURALATTACKS:Bite,Weapon.Natural.Melee.Finesseable.Bludgeoning.Piercing.Slashing,*1,2d8
Wild Shape (Dinosaur (Megaraptor))		OUTPUTNAME:Wild Shape (Megaraptor)		SIZE:H	FACE:15	REACH:10	LEGS:2	HANDS:4	SOURCEPAGE:MonstersDi-Do.rtf	PREVARGTEQ:WildShapeProgression,5,DruidWildShapeLVL,8	BONUS:COMBAT|AC|6|TYPE=NaturalArmor.STACK		BONUS:MOVEADD|TYPE.Walk|60-MOVEBASE	BONUS:STAT|STR|21-STRSCORE.BASE	BONUS:STAT|DEX|15-DEXSCORE.BASE	BONUS:STAT|CON|WildShapeConstitution	DEFINE:WildshapeConsititution|21-CONSCORE.BASE															ABILITY:Special Ability|AUTOMATIC|Pounce ~ Megaraptor													NATURALATTACKS:Talons,Weapon.Natural.Melee.Finesseable.Piercing.Slashing,*1,2d8|Claw,Weapon.Natural.Melee.Finesseable.Piercing.Slashing,*1,1d4|Bite,Weapon.Natural.Melee.Finesseable.Bludgeoning.Piercing.Slashing,*1,2d6
Wild Shape (Dinosaur (Triceratops))		OUTPUTNAME:Wild Shape (Triceratops)		SIZE:H	FACE:15	REACH:10	LEGS:4			SOURCEPAGE:MonstersDi-Do.rtf	PREVARGTEQ:WildShapeProgression,5,DruidWildShapeLVL,16	BONUS:COMBAT|AC|11|TYPE=NaturalArmor.STACK	BONUS:MOVEADD|TYPE.Walk|30-MOVEBASE	BONUS:STAT|STR|30-STRSCORE.BASE	BONUS:STAT|DEX|9-DEXSCORE.BASE	BONUS:STAT|CON|WildShapeConstitution	DEFINE:WildshapeConsititution|25-CONSCORE.BASE							BONUS:WEAPONPROF=Gore|DAMAGE|max(0,(STR/2))	ABILITY:Special Ability|AUTOMATIC|Powerful Charge ~ Triceratops|Trample ~ Triceratops										NATURALATTACKS:Gore,Weapon.Natural.Melee.Finesseable.Piercing,*1,2d8
Wild Shape (Dinosaur (Tyrannosaurus))	OUTPUTNAME:Wild Shape (Tyrannosaurus)	SIZE:H	FACE:15	REACH:10	LEGS:2			SOURCEPAGE:MonstersDi-Do.rtf	PREVARGTEQ:WildShapeProgression,5,DruidWildShapeLVL,18	BONUS:COMBAT|AC|5|TYPE=NaturalArmor.STACK		BONUS:MOVEADD|TYPE.Walk|40-MOVEBASE	BONUS:STAT|STR|28-STRSCORE.BASE	BONUS:STAT|DEX|12-DEXSCORE.BASE	BONUS:STAT|CON|WildShapeConstitution	DEFINE:WildshapeConsititution|21-CONSCORE.BASE							BONUS:WEAPONPROF=Bite|DAMAGE|max(0,(STR/2))	ABILITY:Special Ability|AUTOMATIC|Improved Grab ~ Tyrannosaurus|Swallow Whole ~ Tyrannosaurus									NATURALATTACKS:Bite,Weapon.Natural.Melee.Finesseable.Bludgeoning.Piercing.Slashing,*1,1d12
Wild Shape (Dire Ape)				OUTPUTNAME:Wild Shape ([NAME])		SIZE:L	FACE:10	REACH:10	LEGS:2	HANDS:3	SOURCEPAGE:MonstersDi-Do.rtf	PREVARGTEQ:WildShapeProgression,2,DruidWildShapeLVL,5	BONUS:COMBAT|AC|4|TYPE=NaturalArmor.STACK		BONUS:MOVEADD|TYPE.Walk|30-MOVEBASE	BONUS:STAT|STR|22-STRSCORE.BASE	BONUS:STAT|DEX|15-DEXSCORE.BASE	BONUS:STAT|CON|WildShapeConstitution	DEFINE:WildshapeConsititution|14-CONSCORE.BASE															ABILITY:Special Ability|AUTOMATIC|Rend ~ Dire Ape										MOVE:Climb,15	NATURALATTACKS:Claw,Weapon.Natural.Melee.Finesseable.Piercing.Slashing,*2,1d6|Bite,Weapon.Natural.Melee.Finesseable.Bludgeoning.Piercing.Slashing,*1,1d8
Wild Shape (Dire Badger)			OUTPUTNAME:Wild Shape ([NAME])		SIZE:M	FACE:5	REACH:5	LEGS:4	HANDS:3	SOURCEPAGE:MonstersDi-Do.rtf	PREVARGTEQ:WildShapeProgression,1,DruidWildShapeLVL,3	BONUS:COMBAT|AC|3|TYPE=NaturalArmor.STACK		BONUS:MOVEADD|TYPE.Walk|30-MOVEBASE	BONUS:STAT|STR|14-STRSCORE.BASE	BONUS:STAT|DEX|17-DEXSCORE.BASE	BONUS:STAT|CON|WildShapeConstitution	DEFINE:WildshapeConsititution|19-CONSCORE.BASE	BONUS:VAR|RageTimes,RageDuration|1									ABILITY:Special Ability|AUTOMATIC|Rage ~ Dire Badger										MOVE:Burrow,10	NATURALATTACKS:Claw,Weapon.Natural.Melee.Finesseable.Piercing.Slashing,*2,1d4|Bite,Weapon.Natural.Melee.Finesseable.Bludgeoning.Piercing.Slashing,*1,1d6
Wild Shape (Dire Bat)				OUTPUTNAME:Wild Shape ([NAME])		SIZE:L	FACE:10	REACH:5	LEGS:2			SOURCEPAGE:MonstersDi-Do.rtf	PREVARGTEQ:WildShapeProgression,2,DruidWildShapeLVL,4	BONUS:COMBAT|AC|5|TYPE=NaturalArmor.STACK		BONUS:MOVEADD|TYPE.Walk|20-MOVEBASE	BONUS:STAT|STR|17-STRSCORE.BASE	BONUS:STAT|DEX|22-DEXSCORE.BASE	BONUS:STAT|CON|WildShapeConstitution	DEFINE:WildshapeConsititution|17-CONSCORE.BASE	BONUS:VAR|Maneuverability|4		BONUS:WEAPONPROF=Bite|DAMAGE|max(0,(STR/2))	ABILITY:Special Ability|AUTOMATIC|Flight Maneuverability							MOVE:Fly,40		NATURALATTACKS:Bite,Weapon.Natural.Melee.Finesseable.Bludgeoning.Piercing.Slashing,*1,1d8
Wild Shape (Dire Bear)				OUTPUTNAME:Wild Shape ([NAME])		SIZE:L	FACE:10	REACH:5	LEGS:4	HANDS:3	SOURCEPAGE:MonstersDi-Do.rtf	PREVARGTEQ:WildShapeProgression,2,DruidWildShapeLVL,12	BONUS:COMBAT|AC|7|TYPE=NaturalArmor.STACK		BONUS:MOVEADD|TYPE.Walk|40-MOVEBASE	BONUS:STAT|STR|31-STRSCORE.BASE	BONUS:STAT|DEX|13-DEXSCORE.BASE	BONUS:STAT|CON|WildShapeConstitution	DEFINE:WildshapeConsititution|19-CONSCORE.BASE															ABILITY:Special Ability|AUTOMATIC|Improved Grab ~ Dire Bear												NATURALATTACKS:Claw,Weapon.Natural.Melee.Finesseable.Piercing.Slashing,*2,2d4|Bite,Weapon.Natural.Melee.Finesseable.Bludgeoning.Piercing.Slashing,*1,2d8
Wild Shape (Dire Boar)				OUTPUTNAME:Wild Shape ([NAME])		SIZE:L	FACE:10	REACH:5	LEGS:4			SOURCEPAGE:MonstersDi-Do.rtf	PREVARGTEQ:WildShapeProgression,2,DruidWildShapeLVL,7	BONUS:COMBAT|AC|6|TYPE=NaturalArmor.STACK		BONUS:MOVEADD|TYPE.Walk|40-MOVEBASE	BONUS:STAT|STR|27-STRSCORE.BASE	BONUS:STAT|DEX|10-DEXSCORE.BASE	BONUS:STAT|CON|WildShapeConstitution	DEFINE:WildshapeConsititution|17-CONSCORE.BASE							BONUS:WEAPONPROF=Gore|DAMAGE|max(0,(STR/2))	ABILITY:Special Ability|AUTOMATIC|Ferocity ~ Dire Boar												NATURALATTACKS:Gore,Weapon.Natural.Melee.Finesseable.Piercing,*1,1d8
Wild Shape (Dire Lion)				OUTPUTNAME:Wild Shape ([NAME])		SIZE:L	FACE:10	REACH:5	LEGS:4	HANDS:3	SOURCEPAGE:MonstersDi-Do.rtf	PREVARGTEQ:WildShapeProgression,2,DruidWildShapeLVL,8	BONUS:COMBAT|AC|4|TYPE=NaturalArmor.STACK		BONUS:MOVEADD|TYPE.Walk|40-MOVEBASE	BONUS:STAT|STR|25-STRSCORE.BASE	BONUS:STAT|DEX|15-DEXSCORE.BASE	BONUS:STAT|CON|WildShapeConstitution	DEFINE:WildshapeConsititution|17-CONSCORE.BASE															ABILITY:Special Ability|AUTOMATIC|Improved Grab ~ Dire Lion|Pounce ~ Dire Lion|Rake ~ Dire Lion										NATURALATTACKS:Claw,Weapon.Natural.Melee.Finesseable.Piercing.Slashing,*2,1d6|Bite,Weapon.Natural.Melee.Finesseable.Bludgeoning.Piercing.Slashing,*1,1d8
Wild Shape (Dire Rat)				OUTPUTNAME:Wild Shape ([NAME])		SIZE:S	FACE:5	REACH:5	LEGS:4			SOURCEPAGE:MonstersDi-Do.rtf	PREVARGTEQ:WildShapeProgression,1,DruidWildShapeLVL,1	BONUS:COMBAT|AC|1|TYPE=NaturalArmor.STACK		BONUS:MOVEADD|TYPE.Walk|40-MOVEBASE	BONUS:STAT|STR|10-STRSCORE.BASE	BONUS:STAT|DEX|17-DEXSCORE.BASE	BONUS:STAT|CON|WildShapeConstitution	DEFINE:WildshapeConsititution|12-CONSCORE.BASE							BONUS:WEAPONPROF=Bite|DAMAGE|max(0,(STR/2))	ABILITY:Special Ability|AUTOMATIC|Disease ~ Dire Rat|Scent				AUTO:FEAT|Weapon Finesse	MOVE:Climb,20	NATURALATTACKS:Bite,Weapon.Natural.Melee.Finesseable.Bludgeoning.Piercing.Slashing,*1,1d4
Wild Shape (Dire Shark)				OUTPUTNAME:Wild Shape ([NAME])		SIZE:H	FACE:15	REACH:10	LEGS:0			SOURCEPAGE:MonstersDi-Do.rtf	PREVARGTEQ:WildShapeProgression,5,DruidWildShapeLVL,18	BONUS:COMBAT|AC|7|TYPE=NaturalArmor.STACK		BONUS:MOVEADD|TYPE.Swim|60-MOVEBASE	BONUS:STAT|STR|23-STRSCORE.BASE	BONUS:STAT|DEX|15-DEXSCORE.BASE	BONUS:STAT|CON|WildShapeConstitution	DEFINE:WildshapeConsititution|17-CONSCORE.BASE							BONUS:WEAPONPROF=Bite|DAMAGE|max(0,(STR/2))	ABILITY:Special Ability|AUTOMATIC|Improved Grab ~ Dire Shark|Swallow Whole ~ Dire Shark									NATURALATTACKS:Bite,Weapon.Natural.Melee.Finesseable.Bludgeoning.Piercing.Slashing,*1,1d10
Wild Shape (Dire Tiger)				OUTPUTNAME:Wild Shape ([NAME])		SIZE:L	FACE:10	REACH:5	LEGS:4	HANDS:3	SOURCEPAGE:MonstersDi-Do.rtf	PREVARGTEQ:WildShapeProgression,2,DruidWildShapeLVL,16	BONUS:COMBAT|AC|6|TYPE=NaturalArmor.STACK		BONUS:MOVEADD|TYPE.Walk|40-MOVEBASE	BONUS:STAT|STR|27-STRSCORE.BASE	BONUS:STAT|DEX|15-DEXSCORE.BASE	BONUS:STAT|CON|WildShapeConstitution	DEFINE:WildshapeConsititution|17-CONSCORE.BASE															ABILITY:Special Ability|AUTOMATIC|Improved Grab ~ Dire Tiger|Pounce ~ Dire Tiger|Rake ~ Dire Tiger										NATURALATTACKS:Claw,Weapon.Natural.Melee.Finesseable.Piercing.Slashing,*2,1d6|Bite,Weapon.Natural.Melee.Finesseable.Bludgeoning.Piercing.Slashing,*1,2d4
Wild Shape (Dire Weasel)			OUTPUTNAME:Wild Shape ([NAME])		SIZE:M	FACE:5	REACH:5	LEGS:4			SOURCEPAGE:MonstersDi-Do.rtf	PREVARGTEQ:WildShapeProgression,1,DruidWildShapeLVL,3	BONUS:COMBAT|AC|2|TYPE=NaturalArmor.STACK		BONUS:MOVEADD|TYPE.Walk|40-MOVEBASE	BONUS:STAT|STR|14-STRSCORE.BASE	BONUS:STAT|DEX|19-DEXSCORE.BASE	BONUS:STAT|CON|WildShapeConstitution	DEFINE:WildshapeConsititution|10-CONSCORE.BASE							BONUS:WEAPONPROF=Bite|DAMAGE|max(0,(STR/2))	ABILITY:Special Ability|AUTOMATIC|Attach ~ Dire Weasel|Blood Drain ~ Dire Weasel			AUTO:FEAT|Weapon Finesse				NATURALATTACKS:Bite,Weapon.Natural.Melee.Finesseable.Bludgeoning.Piercing.Slashing,*1,1d6
Wild Shape (Dire Wolf)				OUTPUTNAME:Wild Shape ([NAME])		SIZE:L	FACE:10	REACH:5	LEGS:4			SOURCEPAGE:MonstersDi-Do.rtf	PREVARGTEQ:WildShapeProgression,2,DruidWildShapeLVL,6	BONUS:COMBAT|AC|3|TYPE=NaturalArmor.STACK		BONUS:MOVEADD|TYPE.Walk|50-MOVEBASE	BONUS:STAT|STR|25-STRSCORE.BASE	BONUS:STAT|DEX|15-DEXSCORE.BASE	BONUS:STAT|CON|WildShapeConstitution	DEFINE:WildshapeConsititution|17-CONSCORE.BASE							BONUS:WEAPONPROF=Bite|DAMAGE|max(0,(STR/2))	ABILITY:Special Ability|AUTOMATIC|Trip ~ Dire Wolf													NATURALATTACKS:Bite,Weapon.Natural.Melee.Finesseable.Bludgeoning.Piercing.Slashing,*1,1d8
Wild Shape (Dire Wolverine)			OUTPUTNAME:Wild Shape ([NAME])		SIZE:L	FACE:10	REACH:5	LEGS:4	HANDS:3	SOURCEPAGE:MonstersDi-Do.rtf	PREVARGTEQ:WildShapeProgression,2,DruidWildShapeLVL,5	BONUS:COMBAT|AC|4|TYPE=NaturalArmor.STACK		BONUS:MOVEADD|TYPE.Walk|30-MOVEBASE	BONUS:STAT|STR|22-STRSCORE.BASE	BONUS:STAT|DEX|17-DEXSCORE.BASE	BONUS:STAT|CON|WildShapeConstitution	DEFINE:WildshapeConsititution|19-CONSCORE.BASE	BONUS:VAR|RageTimes,RageDuration|1									ABILITY:Special Ability|AUTOMATIC|Rage ~ Dire Wolverine										MOVE:Climb,10	NATURALATTACKS:Claw,Weapon.Natural.Melee.Finesseable.Piercing.Slashing,*2,1d6|Bite,Weapon.Natural.Melee.Finesseable.Bludgeoning.Piercing.Slashing,*1,1d8
#Wild Shape (Roc)												SIZE:G	SOURCEPAGE:MonstersO-R.rtf											PREVARGTEQ:WildShapeProgression,1,DruidWildShapeLVL,18	BONUS:COMBAT|AC|9|TYPE=NaturalArmor.STACK	BONUS:MOVEADD|TYPE.Walk|20-MOVEBASE	BONUS:STAT|STR|34-STRSCORE.BASE	BONUS:STAT|DEX|15-DEXSCORE.BASE	BONUS:STAT|CON|WildShapeConstitution	DEFINE:WildshapeConsititution|24-CONSCORE.BASE													MOVE:Fly,80		NATURALATTACKS:Talons,Weapon.Natural.Melee.Finesseable.Piercing.Slashing,*2,2d6|Bite,Weapon.Natural.Melee.Finesseable.Bludgeoning.Piercing.Slashing,*1,2d8												FACE:20	HANDS:3	LEGS:2	REACH:15
#Wild Shape (Swarm (Bat))			OUTPUTNAME:Wild Shape (Bat Swarm)		SIZE:D	SOURCEPAGE:MonstersS.rtf	ABILITY:Special Ability|AUTOMATIC|Distraction ~ Bat Swarm|Wounding ~ Bat Swarm				PREVARGTEQ:WildShapeProgression,1,DruidWildShapeLVL,3									BONUS:MOVEADD|TYPE.Walk|5-MOVEBASE	BONUS:STAT|STR|3-STRSCORE.BASE	BONUS:STAT|DEX|15-DEXSCORE.BASE	BONUS:STAT|CON|WildShapeConstitution	DEFINE:WildshapeConsititution|10-CONSCORE.BASE	BONUS:WEAPONPROF=Arm|DAMAGE|max(0,(STR/2))					MOVE:Fly,40		NATURALATTACKS:Arm,Weapon.Natural.Melee.Finesseable.Bludgeoning,*1,1d6																										FACE:1			LEGS:0	REACH:0
#Wild Shape (Swarm (Rat))			OUTPUTNAME:Wild Shape (Rat Swarm)		SIZE:T	SOURCEPAGE:MonstersS.rtf	ABILITY:Special Ability|AUTOMATIC|Disease ~ Rat Swarm|Distraction ~ Rat Swarm			PREVARGTEQ:WildShapeProgression,3,DruidWildShapeLVL,4									BONUS:MOVEADD|TYPE.Walk|15-MOVEBASE	BONUS:STAT|STR|2-STRSCORE.BASE	BONUS:STAT|DEX|15-DEXSCORE.BASE	BONUS:STAT|CON|WildShapeConstitution	DEFINE:WildshapeConsititution|10-CONSCORE.BASE	BONUS:WEAPONPROF=Arm|DAMAGE|max(0,(STR/2))	AUTO:FEAT|Weapon Finesse	MOVE:Climb,15	NATURALATTACKS:Arm,Weapon.Natural.Melee.Finesseable.Bludgeoning,*1,1d6																										FACE:2.5			LEGS:0	REACH:0

###Block: Plant creatures
# Template Name			Output Name						Size		Face/Space	Reach		Nb Legs	Nb Hands	Source Page					Var. Min. Value							Combat bonus						Stat bonus																	Weapon prof. bonus					Ability												Move				Natural Attacks
Wild Shape (Assassin Vine)								SIZE:L	FACE:10	REACH:10	LEGS:0			SOURCEPAGE:MonstersIntro-A.rtf	PREVARGTEQ:WildShapeProgression,4,DruidWildShapeLVL,4	BONUS:COMBAT|AC|6|TYPE=NaturalArmor.STACK		BONUS:STAT|STR|20-STRSCORE.BASE	BONUS:STAT|DEX|10-DEXSCORE.BASE	BONUS:STAT|CON|WildShapeConstitution	DEFINE:WildshapeConsititution|16-CONSCORE.BASE	BONUS:WEAPONPROF=Slam|DAMAGE|max(0,(STR/2))	ABILITY:Special Ability|AUTOMATIC|Blindsight ~ Assassin Vine|Constrict ~ Assassin Vine|Entangle ~ Assassin Vine|Improved Grab ~ Assassin Vine	MOVE:Walk,5			NATURALATTACKS:Slam,Weapon.Natural.Melee.Finesseable.Bludgeoning,*1,1d6
Wild Shape (Fungus (Shrieker)	OUTPUTNAME:Wild Shape (Shrieker)		SIZE:M	FACE:5	REACH:0	LEGS:0			SOURCEPAGE:MonstersE-F.rtf		PREVARGTEQ:WildShapeProgression,4,DruidWildShapeLVL,2	BONUS:COMBAT|AC|3|TYPE=NaturalArmor.STACK		BONUS:STAT|STR|10-STRSCORE.BASE	BONUS:STAT|DEX|10-DEXSCORE.BASE	BONUS:STAT|CON|WildShapeConstitution	DEFINE:WildshapeConsititution|13-CONSCORE.BASE									ABILITY:Special Ability|AUTOMATIC|Shriek ~ Shrieker							MOVE:Walk,0
Wild Shape (Fungus (Violet)	OUTPUTNAME:Wild Shape (Violet Fungus)	SIZE:M	FACE:5	REACH:10	LEGS:1	HANDS:4	SOURCEPAGE:MonstersE-F.rtf		PREVARGTEQ:WildShapeProgression,4,DruidWildShapeLVL,2	BONUS:COMBAT|AC|4|TYPE=NaturalArmor.STACK		BONUS:STAT|STR|14-STRSCORE.BASE	BONUS:STAT|DEX|8-DEXSCORE.BASE	BONUS:STAT|CON|WildShapeConstitution	DEFINE:WildshapeConsititution|16-CONSCORE.BASE									ABILITY:Special Ability|AUTOMATIC|Poison ~ Violet Fungus							MOVE:Walk,10		NATURALATTACKS:Tentacle,Weapon.Natural.Melee.Finesseable.Bludgeoning.Poison,*4,1d6
Wild Shape (Phantom Fungus)								SIZE:M	FACE:5	REACH:5	LEGS:4			SOURCEPAGE:MonstersO-R.rtf		PREVARGTEQ:WildShapeProgression,4,DruidWildShapeLVL,2	BONUS:COMBAT|AC|4|TYPE=NaturalArmor.STACK		BONUS:STAT|STR|14-STRSCORE.BASE	BONUS:STAT|DEX|10-DEXSCORE.BASE	BONUS:STAT|CON|WildShapeConstitution	DEFINE:WildshapeConsititution|16-CONSCORE.BASE	BONUS:WEAPONPROF=Bite|DAMAGE|max(0,(STR/2))														MOVE:Walk,20		NATURALATTACKS:Bite,Weapon.Natural.Melee.Finesseable.Bludgeoning.Piercing.Slashing,*1,1d6
Wild Shape (Shambling Mound)								SIZE:L	FACE:10	REACH:10	LEGS:2			SOURCEPAGE:MonstersS.rtf		PREVARGTEQ:WildShapeProgression,4,DruidWildShapeLVL,8	BONUS:COMBAT|AC|11|TYPE=NaturalArmor.STACK	BONUS:STAT|STR|21-STRSCORE.BASE	BONUS:STAT|DEX|10-DEXSCORE.BASE	BONUS:STAT|CON|WildShapeConstitution	DEFINE:WildshapeConsititution|17-CONSCORE.BASE									ABILITY:Special Ability|AUTOMATIC|Constrict ~ Shambling Mound|Improved Grab ~ Shambling Mound				MOVE:Walk,20,Swim,20	NATURALATTACKS:Slam,Weapon.Natural.Melee.Finesseable.Bludgeoning,*2,2d6
Wild Shape (Tendriculos)								SIZE:H	FACE:15	REACH:15	LEGS:1	HANDS:3	SOURCEPAGE:MonstersT-Z.rtf		PREVARGTEQ:WildShapeProgression,5,DruidWildShapeLVL,9	BONUS:COMBAT|AC|9|TYPE=NaturalArmor.STACK		BONUS:STAT|STR|28-STRSCORE.BASE	BONUS:STAT|DEX|9-DEXSCORE.BASE	BONUS:STAT|CON|WildShapeConstitution	DEFINE:WildshapeConsititution|22-CONSCORE.BASE									ABILITY:Special Ability|AUTOMATIC|Improved Grab ~ Tendriculos|Swallow Whole/Paralysis ~ Tendriculos	MOVE:Walk,20		NATURALATTACKS:Bite,Weapon.Natural.Melee.Finesseable.Bludgeoning.Piercing.Slashing,*1,2d8|Tendril,Weapon.Natural.Melee.Finesseable.Piercing.Slashing,*1,1d6
Wild Shape (Treant)									SIZE:H	FACE:15	REACH:15	LEGS:2			SOURCEPAGE:MonstersT-Z.rtf		PREVARGTEQ:WildShapeProgression,5,DruidWildShapeLVL,7	BONUS:COMBAT|AC|13|TYPE=NaturalArmor.STACK	BONUS:STAT|STR|29-STRSCORE.BASE	BONUS:STAT|DEX|8-DEXSCORE.BASE	BONUS:STAT|CON|WildShapeConstitution	DEFINE:WildshapeConsititution|21-CONSCORE.BASE									ABILITY:Special Ability|AUTOMATIC|Double Damage Against Objects ~ Treant|Trample ~ Treant		MOVE:Walk,30		NATURALATTACKS:Slam,Weapon.Natural.Melee.Finesseable.Bludgeoning,*2,2d6

###Block: Elementals (keep Ex/Su/Sp abilities, feats)
# Template Name					Output Name							Size		Face/Space	Reach		Nb Legs	Damage Reduction	Var. Min. Value							Combat bonus						Add to base move				Stat bonus																	Modify VAR											Weapon prof. bonus					Ability													Automatically Gained Feat																		Move			Natural Attacks
Wild Shape (Elemental (Air Small))		OUTPUTNAME:Wild Shape (Small Air Elemental)	SIZE:S	FACE:5	REACH:5	LEGS:0				PREVARGTEQ:WildShapeProgression,6,DruidWildShapeLVL,2	BONUS:COMBAT|AC|3|TYPE=NaturalArmor.STACK								BONUS:STAT|STR|10-STRSCORE.BASE	BONUS:STAT|DEX|17-DEXSCORE.BASE	BONUS:STAT|CON|WildShapeConstitution	DEFINE:WildshapeConsititution|10-CONSCORE.BASE	BONUS:VAR|Maneuverability|5	BONUS:VAR|DarkvisionRange|60|TYPE=Base	BONUS:WEAPONPROF=Slam|DAMAGE|max(0,(STR/2))	ABILITY:Special Ability|AUTOMATIC|Air Mastery ~ Air Elemental|Flight Maneuverability|Whirlwind ~ Air Elemental	AUTO:FEAT|Flyby Attack|Improved Initiative	AUTO:FEAT|Weapon Finesse										MOVE:Fly,100	NATURALATTACKS:Slam,Weapon.Natural.Melee.Finesseable.Bludgeoning,*1,1d4
Wild Shape (Elemental (Air Medium))		OUTPUTNAME:Wild Shape (Medium Air Elemental)	SIZE:M	FACE:5	REACH:5	LEGS:0				PREVARGTEQ:WildShapeProgression,6,DruidWildShapeLVL,4	BONUS:COMBAT|AC|3|TYPE=NaturalArmor.STACK								BONUS:STAT|STR|12-STRSCORE.BASE	BONUS:STAT|DEX|21-DEXSCORE.BASE	BONUS:STAT|CON|WildShapeConstitution	DEFINE:WildshapeConsititution|14-CONSCORE.BASE	BONUS:VAR|Maneuverability|5	BONUS:VAR|DarkvisionRange|60|TYPE=Base	BONUS:WEAPONPROF=Slam|DAMAGE|max(0,(STR/2))	ABILITY:Special Ability|AUTOMATIC|Air Mastery ~ Air Elemental|Flight Maneuverability|Whirlwind ~ Air Elemental	AUTO:FEAT|Dodge|Flyby Attack|Improved Initiative	AUTO:FEAT|Weapon Finesse									MOVE:Fly,100	NATURALATTACKS:Slam,Weapon.Natural.Melee.Finesseable.Bludgeoning,*1,1d6
Wild Shape (Elemental (Air Large))		OUTPUTNAME:Wild Shape (Large Air Elemental)	SIZE:L	FACE:10	REACH:10	LEGS:0	DR:5/-		PREVARGTEQ:WildShapeProgression,6,DruidWildShapeLVL,8	BONUS:COMBAT|AC|4|TYPE=NaturalArmor.STACK								BONUS:STAT|STR|14-STRSCORE.BASE	BONUS:STAT|DEX|25-DEXSCORE.BASE	BONUS:STAT|CON|WildShapeConstitution	DEFINE:WildshapeConsititution|16-CONSCORE.BASE	BONUS:VAR|Maneuverability|5	BONUS:VAR|DarkvisionRange|60|TYPE=Base									ABILITY:Special Ability|AUTOMATIC|Air Mastery ~ Air Elemental|Flight Maneuverability|Whirlwind ~ Air Elemental	AUTO:FEAT|Combat Reflexes|Dodge|Flyby Attack|Improved Initiative	AUTO:FEAT|Weapon Finesse							MOVE:Fly,100	NATURALATTACKS:Slam,Weapon.Natural.Melee.Finesseable.Bludgeoning,*2,2d6
Wild Shape (Elemental (Air Huge))		OUTPUTNAME:Wild Shape (Huge Air Elemental)	SIZE:H	FACE:15	REACH:15	LEGS:0	DR:5/-		PREVARGTEQ:WildShapeProgression,7,DruidWildShapeLVL,16	BONUS:COMBAT|AC|4|TYPE=NaturalArmor.STACK								BONUS:STAT|STR|18-STRSCORE.BASE	BONUS:STAT|DEX|29-DEXSCORE.BASE	BONUS:STAT|CON|WildShapeConstitution	DEFINE:WildshapeConsititution|18-CONSCORE.BASE	BONUS:VAR|Maneuverability|5	BONUS:VAR|DarkvisionRange|60|TYPE=Base									ABILITY:Special Ability|AUTOMATIC|Air Mastery ~ Air Elemental|Flight Maneuverability|Whirlwind ~ Air Elemental	AUTO:FEAT|Alertness|Combat Reflexes|Dodge|Flyby Attack|Improved Initiative|Mobility|Spring Attack	AUTO:FEAT|Weapon Finesse	MOVE:Fly,100	NATURALATTACKS:Slam,Weapon.Natural.Melee.Finesseable.Bludgeoning,*2,2d8
#Wild Shape (Elemental (Air Greater))	OUTPUTNAME:Wild Shape (Greater Air Elemental)	SIZE:H	DR:10/-		ABILITY:Special Ability|AUTOMATIC|Air Mastery ~ Air Elemental|Whirlwind ~ Air Elemental								PREVARGTEQ:WildShapeProgression,7,DruidWildShapeLVL,21	BONUS:COMBAT|AC|8|TYPE=NaturalArmor.STACK							BONUS:STAT|STR|20-STRSCORE.BASE	BONUS:STAT|DEX|31-DEXSCORE.BASE	BONUS:STAT|CON|WildShapeConstitution	DEFINE:WildshapeConsititution|18-CONSCORE.BASE									AUTO:FEAT|Alertness|Blind Fight|Combat Reflexes|Flyby Attack|Improved Initiative|Iron Will|Mobility|Power Attack|Spring Attack			AUTO:FEAT|Weapon Finesse	MOVE:Fly,100		BONUS:VAR|DarkvisionRange|60|TYPE=Base	NATURALATTACKS:Slam,Weapon.Natural.Melee.Finesseable.Bludgeoning,*2,2d8		FACE:15	LEGS:0	REACH:15
#Wild Shape (Elemental (Air Elder))		OUTPUTNAME:Wild Shape (Elder Air Elemental)	SIZE:H	DR:10/-		ABILITY:Special Ability|AUTOMATIC|Air Mastery ~ Air Elemental|Whirlwind ~ Air Elemental								PREVARGTEQ:WildShapeProgression,7,DruidWildShapeLVL,24	BONUS:COMBAT|AC|8|TYPE=NaturalArmor.STACK							BONUS:STAT|STR|22-STRSCORE.BASE	BONUS:STAT|DEX|33-DEXSCORE.BASE	BONUS:STAT|CON|WildShapeConstitution	DEFINE:WildshapeConsititution|18-CONSCORE.BASE									AUTO:FEAT|Alertness|Blind Fight|Cleave|Combat Reflexes|Flyby Attack|Improved Initiative|Iron Will|Mobility|Power Attack|Spring Attack		AUTO:FEAT|Weapon Finesse	MOVE:Fly,100		BONUS:VAR|DarkvisionRange|60|TYPE=Base	NATURALATTACKS:Slam,Weapon.Natural.Melee.Finesseable.Bludgeoning,*2,2d8		FACE:15	LEGS:0	REACH:15
Wild Shape (Elemental (Earth Small))	OUTPUTNAME:Wild Shape (Small Earth Elemental)	SIZE:S	FACE:5	REACH:5	LEGS:0				PREVARGTEQ:WildShapeProgression,6,DruidWildShapeLVL,2	BONUS:COMBAT|AC|7|TYPE=NaturalArmor.STACK		BONUS:MOVEADD|TYPE.Walk|20-MOVEBASE	BONUS:STAT|STR|17-STRSCORE.BASE	BONUS:STAT|DEX|8-DEXSCORE.BASE	BONUS:STAT|CON|WildShapeConstitution	DEFINE:WildshapeConsititution|13-CONSCORE.BASE	BONUS:VAR|DarkvisionRange|60|TYPE=Base						BONUS:WEAPONPROF=Slam|DAMAGE|max(0,(STR/2))	ABILITY:Special Ability|AUTOMATIC|Earth Glide ~ Earth Elemental|Earth Mastery ~ Earth Elemental|Push ~ Earth Elemental				AUTO:FEAT|Power Attack																						NATURALATTACKS:Slam,Weapon.Natural.Melee.Finesseable.Bludgeoning,*1,1d6
Wild Shape (Elemental (Earth Medium))	OUTPUTNAME:Wild Shape (Medium Earth Elemental)	SIZE:M	FACE:5	REACH:5	LEGS:0				PREVARGTEQ:WildShapeProgression,6,DruidWildShapeLVL,4	BONUS:COMBAT|AC|9|TYPE=NaturalArmor.STACK		BONUS:MOVEADD|TYPE.Walk|20-MOVEBASE	BONUS:STAT|STR|21-STRSCORE.BASE	BONUS:STAT|DEX|8-DEXSCORE.BASE	BONUS:STAT|CON|WildShapeConstitution	DEFINE:WildshapeConsititution|17-CONSCORE.BASE	BONUS:VAR|DarkvisionRange|60|TYPE=Base						BONUS:WEAPONPROF=Slam|DAMAGE|max(0,(STR/2))	ABILITY:Special Ability|AUTOMATIC|Earth Glide ~ Earth Elemental|Earth Mastery ~ Earth Elemental|Push ~ Earth Elemental				AUTO:FEAT|Cleave|Power Attack																					NATURALATTACKS:Slam,Weapon.Natural.Melee.Finesseable.Bludgeoning,*1,1d8
Wild Shape (Elemental (Earth Large))	OUTPUTNAME:Wild Shape (Large Earth Elemental)	SIZE:L	FACE:10	REACH:10	LEGS:0	DR:5/-		PREVARGTEQ:WildShapeProgression,6,DruidWildShapeLVL,8	BONUS:COMBAT|AC|10|TYPE=NaturalArmor.STACK	BONUS:MOVEADD|TYPE.Walk|20-MOVEBASE	BONUS:STAT|STR|25-STRSCORE.BASE	BONUS:STAT|DEX|8-DEXSCORE.BASE	BONUS:STAT|CON|WildShapeConstitution	DEFINE:WildshapeConsititution|19-CONSCORE.BASE	BONUS:VAR|DarkvisionRange|60|TYPE=Base														ABILITY:Special Ability|AUTOMATIC|Earth Glide ~ Earth Elemental|Earth Mastery ~ Earth Elemental|Push ~ Earth Elemental				AUTO:FEAT|Cleave|Great Cleave|Power Attack																		NATURALATTACKS:Slam,Weapon.Natural.Melee.Finesseable.Bludgeoning,*2,2d8
Wild Shape (Elemental (Earth Huge))		OUTPUTNAME:Wild Shape (Huge Earth Elemental)	SIZE:H	FACE:15	REACH:15	LEGS:0	DR:5/-		PREVARGTEQ:WildShapeProgression,7,DruidWildShapeLVL,16	BONUS:COMBAT|AC|11|TYPE=NaturalArmor.STACK	BONUS:MOVEADD|TYPE.Walk|30-MOVEBASE	BONUS:STAT|STR|29-STRSCORE.BASE	BONUS:STAT|DEX|8-DEXSCORE.BASE	BONUS:STAT|CON|WildShapeConstitution	DEFINE:WildshapeConsititution|21-CONSCORE.BASE	BONUS:VAR|DarkvisionRange|60|TYPE=Base														ABILITY:Special Ability|AUTOMATIC|Earth Glide ~ Earth Elemental|Earth Mastery ~ Earth Elemental|Push ~ Earth Elemental				AUTO:FEAT|Awesome Blow|Cleave|Great Cleave|Improved Bull Rush|Iron Will|Power Attack											NATURALATTACKS:Slam,Weapon.Natural.Melee.Finesseable.Bludgeoning,*2,2d10
#Wild Shape (Elemental (Earth Greater))	OUTPUTNAME:Wild Shape (Greater Earth Elemental)	SIZE:H	DR:10/-		ABILITY:Special Ability|AUTOMATIC|Earth Mastery|Push|Earth Glide			PREVARGTEQ:WildShapeProgression,7,DruidWildShapeLVL,21	BONUS:COMBAT|AC|13|TYPE=NaturalArmor.STACK	BONUS:MOVEADD|TYPE.Walk|30-MOVEBASE	BONUS:STAT|STR|31-STRSCORE.BASE	BONUS:STAT|DEX|8-DEXSCORE.BASE	BONUS:STAT|CON|WildShapeConstitution	DEFINE:WildshapeConsititution|21-CONSCORE.BASE									AUTO:FEAT|Alertness|Awesome Blow|Cleave|Great Cleave|Improved Bull Rush|Improved Sunder|Iron Will|Power Attack														BONUS:VAR|DarkvisionRange|60|TYPE=Base	NATURALATTACKS:Slam,Weapon.Natural.Melee.Finesseable.Bludgeoning,*2,2d10	FACE:15	LEGS:0	REACH:15
#Wild Shape (Elemental (Earth Elder))	OUTPUTNAME:Wild Shape (Elder Earth Elemental)	SIZE:H	DR:10/-		ABILITY:Special Ability|AUTOMATIC|Earth Mastery|Push|Earth Glide			PREVARGTEQ:WildShapeProgression,7,DruidWildShapeLVL,24	BONUS:COMBAT|AC|15|TYPE=NaturalArmor.STACK	BONUS:MOVEADD|TYPE.Walk|30-MOVEBASE	BONUS:STAT|STR|33-STRSCORE.BASE	BONUS:STAT|DEX|8-DEXSCORE.BASE	BONUS:STAT|CON|WildShapeConstitution	DEFINE:WildshapeConsititution|21-CONSCORE.BASE	BONUS:WEAPONPROF=Slam|DAMAGE|max(0,(STR/2))	AUTO:FEAT|Alertness|Awesome Blow|Cleave|Great Cleave|Improved Bull Rush|Improved Critical(Slam)|Improved Sunder|Iron Will|Power Attack										BONUS:VAR|DarkvisionRange|60|TYPE=Base	NATURALATTACKS:Slam,Weapon.Natural.Melee.Finesseable.Bludgeoning,*1,2d10	FACE:15	LEGS:0	REACH:15
Wild Shape (Elemental (Fire Small))		OUTPUTNAME:Wild Shape (Small Fire Elemental)	SIZE:S	FACE:5	REACH:5	LEGS:0				PREVARGTEQ:WildShapeProgression,6,DruidWildShapeLVL,2	BONUS:COMBAT|AC|3|TYPE=NaturalArmor.STACK		BONUS:MOVEADD|TYPE.Walk|50-MOVEBASE	BONUS:STAT|STR|10-STRSCORE.BASE	BONUS:STAT|DEX|13-DEXSCORE.BASE	BONUS:STAT|CON|WildShapeConstitution	DEFINE:WildshapeConsititution|10-CONSCORE.BASE	BONUS:VAR|DarkvisionRange|60|TYPE=Base						BONUS:WEAPONPROF=Slam|DAMAGE|max(0,(STR/2))	ABILITY:Special Ability|AUTOMATIC|Burn ~ Fire Elemental|Immunity to Fire|Vulnerability to Cold		AUTO:FEAT|Dodge|Improved Initiative	AUTO:FEAT|Weapon Finesse															NATURALATTACKS:Slam,Weapon.Natural.Melee.Finesseable.Bludgeoning.Fire,*1,1d4
Wild Shape (Elemental (Fire Medium))	OUTPUTNAME:Wild Shape (Medium Fire Elemental)	SIZE:M	FACE:5	REACH:5	LEGS:0				PREVARGTEQ:WildShapeProgression,6,DruidWildShapeLVL,4	BONUS:COMBAT|AC|3|TYPE=NaturalArmor.STACK		BONUS:MOVEADD|TYPE.Walk|50-MOVEBASE	BONUS:STAT|STR|12-STRSCORE.BASE	BONUS:STAT|DEX|17-DEXSCORE.BASE	BONUS:STAT|CON|WildShapeConstitution	DEFINE:WildshapeConsititution|14-CONSCORE.BASE	BONUS:VAR|DarkvisionRange|60|TYPE=Base						BONUS:WEAPONPROF=Slam|DAMAGE|max(0,(STR/2))	ABILITY:Special Ability|AUTOMATIC|Burn ~ Fire Elemental|Immunity to Fire|Vulnerability to Cold		AUTO:FEAT|Dodge|Improved Initiative|Mobility	AUTO:FEAT|Weapon Finesse													NATURALATTACKS:Slam,Weapon.Natural.Melee.Finesseable.Bludgeoning.Fire,*1,1d6
Wild Shape (Elemental (Fire Large))		OUTPUTNAME:Wild Shape (Large Fire Elemental)	SIZE:L	FACE:10	REACH:10	LEGS:0	DR:5/-		PREVARGTEQ:WildShapeProgression,6,DruidWildShapeLVL,8	BONUS:COMBAT|AC|4|TYPE=NaturalArmor.STACK		BONUS:MOVEADD|TYPE.Walk|50-MOVEBASE	BONUS:STAT|STR|14-STRSCORE.BASE	BONUS:STAT|DEX|21-DEXSCORE.BASE	BONUS:STAT|CON|WildShapeConstitution	DEFINE:WildshapeConsititution|16-CONSCORE.BASE	BONUS:VAR|DarkvisionRange|60|TYPE=Base														ABILITY:Special Ability|AUTOMATIC|Burn ~ Fire Elemental|Immunity to Fire|Vulnerability to Cold		AUTO:FEAT|Dodge|Improved Initiative|Mobility|Spring Attack	AUTO:FEAT|Weapon Finesse											NATURALATTACKS:Slam,Weapon.Natural.Melee.Finesseable.Bludgeoning.Fire,*2,2d6
Wild Shape (Elemental (Fire Huge))		OUTPUTNAME:Wild Shape (Huge Fire Elemental)	SIZE:H	FACE:15	REACH:15	LEGS:0	DR:5/-		PREVARGTEQ:WildShapeProgression,7,DruidWildShapeLVL,16	BONUS:COMBAT|AC|4|TYPE=NaturalArmor.STACK		BONUS:MOVEADD|TYPE.Walk|60-MOVEBASE	BONUS:STAT|STR|18-STRSCORE.BASE	BONUS:STAT|DEX|25-DEXSCORE.BASE	BONUS:STAT|CON|WildShapeConstitution	DEFINE:WildshapeConsititution|18-CONSCORE.BASE	BONUS:VAR|DarkvisionRange|60|TYPE=Base														ABILITY:Special Ability|AUTOMATIC|Burn ~ Fire Elemental|Immunity to Fire|Vulnerability to Cold		AUTO:FEAT|Alertness|Combat Reflexes|Dodge|Improved Initiative|Iron Will|Mobility|Spring Attack	AUTO:FEAT|Weapon Finesse					NATURALATTACKS:Slam,Weapon.Natural.Melee.Finesseable.Bludgeoning.Fire,*2,2d8
#Wild Shape (Elemental (Fire Greater))	OUTPUTNAME:Wild Shape (Greater Fire Elemental)	SIZE:H	DR:10/-		ABILITY:Special Ability|AUTOMATIC|Vulnerability to Cold|Immunity to Fire|Burn		PREVARGTEQ:WildShapeProgression,7,DruidWildShapeLVL,21	BONUS:COMBAT|AC|8|TYPE=NaturalArmor.STACK	BONUS:MOVEADD|TYPE.Walk|60-MOVEBASE	BONUS:STAT|STR|20-STRSCORE.BASE	BONUS:STAT|DEX|27-DEXSCORE.BASE	BONUS:STAT|CON|WildShapeConstitution	DEFINE:WildshapeConsititution|18-CONSCORE.BASE									AUTO:FEAT|Alertness|Blind Fight|Combat Reflexes|Dodge|Improved Initiative|Iron Will|Mobility|Spring Attack|Weapon Focus(Slam)			AUTO:FEAT|Weapon Finesse					BONUS:VAR|DarkvisionRange|60|TYPE=Base	NATURALATTACKS:Slam,Weapon.Natural.Melee.Finesseable.Bludgeoning.Fire,*2,2d8	FACE:15	LEGS:0	REACH:15
#Wild Shape (Elemental (Fire Elder))	OUTPUTNAME:Wild Shape (Elder Fire Elemental)	SIZE:H	DR:10/-		ABILITY:Special Ability|AUTOMATIC|Vulnerability to Cold|Immunity to Fire|Burn		PREVARGTEQ:WildShapeProgression,7,DruidWildShapeLVL,24	BONUS:COMBAT|AC|8|TYPE=NaturalArmor.STACK	BONUS:MOVEADD|TYPE.Walk|60-MOVEBASE	BONUS:STAT|STR|22-STRSCORE.BASE	BONUS:STAT|DEX|29-DEXSCORE.BASE	BONUS:STAT|CON|WildShapeConstitution	DEFINE:WildshapeConsititution|18-CONSCORE.BASE									AUTO:FEAT|Alertness|Blind Fight|Combat Reflexes|Dodge|Great Fortitude|Improved Initiative|Iron Will|Mobility|Spring Attack|Weapon Focus(Slam)	AUTO:FEAT|Weapon Finesse					BONUS:VAR|DarkvisionRange|60|TYPE=Base	NATURALATTACKS:Slam,Weapon.Natural.Melee.Finesseable.Bludgeoning.Fire,*2,2d8	FACE:15	LEGS:0	REACH:15
Wild Shape (Elemental (Water Small))	OUTPUTNAME:Wild Shape (Small Water Elemental)	SIZE:S	FACE:5	REACH:5	LEGS:0				PREVARGTEQ:WildShapeProgression,6,DruidWildShapeLVL,2	BONUS:COMBAT|AC|6|TYPE=NaturalArmor.STACK		BONUS:MOVEADD|TYPE.Walk|20-MOVEBASE	BONUS:STAT|STR|14-STRSCORE.BASE	BONUS:STAT|DEX|10-DEXSCORE.BASE	BONUS:STAT|CON|WildShapeConstitution	DEFINE:WildshapeConsititution|13-CONSCORE.BASE	BONUS:VAR|DarkvisionRange|60|TYPE=Base						BONUS:WEAPONPROF=Slam|DAMAGE|max(0,(STR/2))	ABILITY:Special Ability|AUTOMATIC|Drench ~ Water Elemental|Vortex ~ Water Elemental|Water Mastery ~ Water Elemental				AUTO:FEAT|Power Attack																			MOVE:Swim,90	NATURALATTACKS:Slam,Weapon.Natural.Melee.Finesseable.Bludgeoning,*1,1d6
Wild Shape (Elemental (Water Medium))	OUTPUTNAME:Wild Shape (Medium Water Elemental)	SIZE:M	FACE:5	REACH:5	LEGS:0				PREVARGTEQ:WildShapeProgression,6,DruidWildShapeLVL,4	BONUS:COMBAT|AC|8|TYPE=NaturalArmor.STACK		BONUS:MOVEADD|TYPE.Walk|20-MOVEBASE	BONUS:STAT|STR|16-STRSCORE.BASE	BONUS:STAT|DEX|12-DEXSCORE.BASE	BONUS:STAT|CON|WildShapeConstitution	DEFINE:WildshapeConsititution|17-CONSCORE.BASE	BONUS:VAR|DarkvisionRange|60|TYPE=Base						BONUS:WEAPONPROF=Slam|DAMAGE|max(0,(STR/2))	ABILITY:Special Ability|AUTOMATIC|Drench ~ Water Elemental|Vortex ~ Water Elemental|Water Mastery ~ Water Elemental				AUTO:FEAT|Cleave|Power Attack																		MOVE:Swim,90	NATURALATTACKS:Slam,Weapon.Natural.Melee.Finesseable.Bludgeoning,*1,1d8
Wild Shape (Elemental (Water Large))	OUTPUTNAME:Wild Shape (Large Water Elemental)	SIZE:L	FACE:10	REACH:10	LEGS:0	DR:5/-		PREVARGTEQ:WildShapeProgression,6,DruidWildShapeLVL,8	BONUS:COMBAT|AC|9|TYPE=NaturalArmor.STACK		BONUS:MOVEADD|TYPE.Walk|20-MOVEBASE	BONUS:STAT|STR|20-STRSCORE.BASE	BONUS:STAT|DEX|14-DEXSCORE.BASE	BONUS:STAT|CON|WildShapeConstitution	DEFINE:WildshapeConsititution|19-CONSCORE.BASE	BONUS:VAR|DarkvisionRange|60|TYPE=Base														ABILITY:Special Ability|AUTOMATIC|Drench ~ Water Elemental|Vortex ~ Water Elemental|Water Mastery ~ Water Elemental				AUTO:FEAT|Cleave|Great Cleave|Power Attack															MOVE:Swim,90	NATURALATTACKS:Slam,Weapon.Natural.Melee.Finesseable.Bludgeoning,*2,2d8
Wild Shape (Elemental (Water Huge))		OUTPUTNAME:Wild Shape (Huge Water Elemental)	SIZE:H	FACE:15	REACH:15	LEGS:0	DR:5/-		PREVARGTEQ:WildShapeProgression,7,DruidWildShapeLVL,16	BONUS:COMBAT|AC|9|TYPE=NaturalArmor.STACK		BONUS:MOVEADD|TYPE.Walk|30-MOVEBASE	BONUS:STAT|STR|24-STRSCORE.BASE	BONUS:STAT|DEX|18-DEXSCORE.BASE	BONUS:STAT|CON|WildShapeConstitution	DEFINE:WildshapeConsititution|21-CONSCORE.BASE	BONUS:VAR|DarkvisionRange|60|TYPE=Base														ABILITY:Special Ability|AUTOMATIC|Drench ~ Water Elemental|Vortex ~ Water Elemental|Water Mastery ~ Water Elemental				AUTO:FEAT|Alertness|Cleave|Great Cleave|Improved Bull Rush|Iron Will|Power Attack									MOVE:Swim,120	NATURALATTACKS:Slam,Weapon.Natural.Melee.Finesseable.Bludgeoning,*2,2d10
#Wild Shape (Elemental (Water Greater))	OUTPUTNAME:Wild Shape (Greater Water Elemental)	SIZE:H	DR:10/-		ABILITY:Special Ability|AUTOMATIC|Water Mastery|Drench|Vortex					PREVARGTEQ:WildShapeProgression,7,DruidWildShapeLVL,21	BONUS:COMBAT|AC|9|TYPE=NaturalArmor.STACK	BONUS:MOVEADD|TYPE.Walk|30-MOVEBASE	BONUS:STAT|STR|26-STRSCORE.BASE	BONUS:STAT|DEX|20-DEXSCORE.BASE	BONUS:STAT|CON|WildShapeConstitution	DEFINE:WildshapeConsititution|21-CONSCORE.BASE									AUTO:FEAT|Alertness|Cleave|Great Cleave|Improved Bull Rush|Improved Sunder|Iron Will|Lightning Reflexes|Power Attack									MOVE:Swim,120		BONUS:VAR|DarkvisionRange|60|TYPE=Base	NATURALATTACKS:Slam,Weapon.Natural.Melee.Finesseable.Bludgeoning,*2,2d10	FACE:15	LEGS:0	REACH:15
#Wild Shape (Elemental (Water Elder))	OUTPUTNAME:Wild Shape (Elder Water Elemental)	SIZE:H	DR:10/-		ABILITY:Special Ability|AUTOMATIC|Water Mastery|Drench|Vortex					PREVARGTEQ:WildShapeProgression,7,DruidWildShapeLVL,24	BONUS:COMBAT|AC|9|TYPE=NaturalArmor.STACK	BONUS:MOVEADD|TYPE.Walk|30-MOVEBASE	BONUS:STAT|STR|28-STRSCORE.BASE	BONUS:STAT|DEX|22-DEXSCORE.BASE	BONUS:STAT|CON|WildShapeConstitution	DEFINE:WildshapeConsititution|21-CONSCORE.BASE									AUTO:FEAT|Alertness|Cleave|Great Cleave|Improved Bull Rush|Improved Critical(Slam)|Improved Sunder|Iron Will|Lightning Reflexes|Power Attack					MOVE:Swim,120		BONUS:VAR|DarkvisionRange|60|TYPE=Base	NATURALATTACKS:Slam,Weapon.Natural.Melee.Finesseable.Bludgeoning,*2,2d10	FACE:15	LEGS:0	REACH:15

###Block: Racial Skill Mods
#Wild Shape (Ape).MOD	BONUS:SKILL|Climb|8
#Wild Shape (Baboon).MOD	BONUS:SKILL|Climb|8
# Template Name				Bonus to skill
Wild Shape (Badger).MOD			BONUS:SKILL|Escape Artist|4
#Wild Shape (Bat).MOD
Wild Shape (Bear (Black)).MOD		BONUS:SKILL|Swim|4
Wild Shape (Bear (Brown)).MOD		BONUS:SKILL|Swim|4
#Wild Shape (Bear (Polar)).MOD	BONUS:SKILL|Swim|8
Wild Shape (Bison).MOD
#Wild Shape (Boar).MOD
#Wild Shape (Camel).MOD
Wild Shape (Cat).MOD			BONUS:SKILL|Climb,Hide,Move Silently|4	BONUS:SKILL|Balance,Jump|8
#Wild Shape (Cheetah).MOD
#Wild Shape (Crocodile).MOD	BONUS:SKILL|Swim|8
#Wild Shape (Crocodile (Giant)).MOD	BONUS:SKILL|Swim|8
Wild Shape (Dog).MOD			BONUS:SKILL|Jump|4
Wild Shape (Dog (Riding)).MOD		BONUS:SKILL|Jump|4
Wild Shape (Donkey).MOD			BONUS:SKILL|Balance|2
Wild Shape (Eagle).MOD			BONUS:SKILL|Spot|8
#Wild Shape (Elephant).MOD
Wild Shape (Hawk).MOD			BONUS:SKILL|Spot|8
#Wild Shape (Horse (Heavy)).MOD
#Wild Shape (Horse (Light)).MOD
#Wild Shape (Horse (Warhorse Heavy)).MOD
#Wild Shape (Horse (Warhorse Light)).MOD
#Wild Shape (Hyena).MOD
Wild Shape (Leopard).MOD		BONUS:SKILL|Balance,Jump|8	BONUS:SKILL|Hide,Move Silently|4
Wild Shape (Lion).MOD			BONUS:SKILL|Balance,Hide,Move Silently|4
Wild Shape (Lizard).MOD			BONUS:SKILL|Balance|8
Wild Shape (Lizard (Monitor)).MOD	BONUS:SKILL|Hide,Move Silently|4
#Wild Shape (Manta Ray).MOD
Wild Shape (Monkey).MOD			BONUS:SKILL|Balance|8
#Wild Shape (Mule).MOD
Wild Shape (Octopus).MOD		BONUS:SKILL|Hide|4	BONUS:SKILL|Escape Artist|10
Wild Shape (Octopus (Giant)).MOD	BONUS:SKILL|Hide|4	BONUS:SKILL|Escape Artist|10
Wild Shape (Owl).MOD			BONUS:SKILL|Listen|8	BONUS:SKILL|Move Silently|14
#Wild Shape (Pony).MOD
#Wild Shape (Pony (War)).MOD
#Wild Shape (Porpoise).MOD	BONUS:SKILL|Swim|8
Wild Shape (Rat).MOD			BONUS:SKILL|Hide,Move Silently|4	BONUS:SKILL|Balance|8
#Wild Shape (Raven).MOD
#Wild Shape (Rhinoceros).MOD
#Wild Shape (Shark (Medium)).MOD	BONUS:SKILL|Swim|8
#Wild Shape (Shark (Large)).MOD	BONUS:SKILL|Swim|8
#Wild Shape (Shark (Huge)).MOD	BONUS:SKILL|Swim|8
#Wild Shape (Snake (Constrictor)).MOD
#Wild Shape (Snake (Constrictor/Giant)).MOD
#Wild Shape (Snake (Viper/Tiny)).MOD
#Wild Shape (Snake (Viper/Small)).MOD
#Wild Shape (Snake (Viper/Medium)).MOD
#Wild Shape (Snake (Viper/Large)).MOD
#Wild Shape (Snake (Viper/Huge)).MOD
#Wild Shape (Squid).MOD	BONUS:SKILL|Swim|8
#Wild Shape (Squid (Giant)).MOD	BONUS:SKILL|Swim|8
Wild Shape (Tiger).MOD			BONUS:SKILL|Balance,Hide,Move Silently|4
#Wild Shape (Toad).MOD	BONUS:SKILL|Hide|4
Wild Shape (Weasel).MOD			BONUS:SKILL|Move Silently|4	BONUS:SKILL|Balance,Climb|4
# COMMENT: Weasel has a CLimb which should grant +8, why another +4?
#Wild Shape (Whale (Baleen)).MOD	BONUS:SKILL|Swim|8
#Wild Shape (Whale (Cachalot)).MOD	BONUS:SKILL|Swim|8
#Wild Shape (Whale (Orca)).MOD	BONUS:SKILL|Swim|8
#Wild Shape (Wolf).MOD
#Wild Shape (Wolverine).MOD	BONUS:SKILL|Climb|8

###Block: Other Animals
# Template Name					Bonus to skill
Wild Shape (Dinosaur (Deinonychus)).MOD	BONUS:SKILL|Hide,Jump,Listen,Spot,Survival|8
#Wild Shape (Dinosaur (Elasmosaurus)).MOD
Wild Shape (Dinosaur (Megaraptor)).MOD	BONUS:SKILL|Hide,Jump,Listen,Spot,Survival|8
#Wild Shape (Dinosaur (Triceratops)).MOD
Wild Shape (Dinosaur (Tyrannosaurus)).MOD	BONUS:SKILL|Listen,Spot|2
#Wild Shape (Dire Ape).MOD	BONUS:SKILL|Climb|8
#Wild Shape (Dire Badger).MOD
#Wild Shape (Dire Bat).MOD
#Wild Shape (Dire Bear).MOD
#Wild Shape (Dire Boar).MOD
Wild Shape (Dire Lion).MOD			BONUS:SKILL|Hide,Move Silently|4
#Wild Shape (Dire Rat).MOD	BONUS:SKILL|Climb,Swim|8
#Wild Shape (Dire Shark).MOD	BONUS:SKILL|Swim|8
Wild Shape (Dire Tiger).MOD			BONUS:SKILL|Hide,Move Silently|4
#Wild Shape (Dire Weasel).MOD
Wild Shape (Dire Wolf).MOD			BONUS:SKILL|Hide,Listen,Move Silently,Spot|2
#Wild Shape (Dire Wolverine).MOD	BONUS:SKILL|Climb|8
#Wild Shape (Roc).MOD	BONUS:SKILL|Spot|4
#Wild Shape (Swarm (Bat)).MOD
#Wild Shape (Swarm (Rat)).MOD	BONUS:SKILL|Hide,Move Silently|4	BONUS:SKILL|Balance,Climb,Swim|8

###Block: Plant creatures
# Template Name.MOD
#Wild Shape (Assassin Vine).MOD
#Wild Shape (Fungus (Shrieker).MOD
#Wild Shape (Fungus (Violet).MOD
# Template Name				Bonus to skill
Wild Shape (Phantom Fungus).MOD	BONUS:SKILL|Move Silently|5
Wild Shape (Shambling Mound).MOD	BONUS:SKILL|Hide,Listen,Move Silently|4
#Wild Shape (Tendriculos).MOD
#Wild Shape (Treant).MOD

###Block: Elementals (keep Ex/Su/Sp abilities, feats)
# Template Name.MOD
#Wild Shape (Elemental (Air Small)).MOD
#Wild Shape (Elemental (Air Medium)).MOD
#Wild Shape (Elemental (Air Large)).MOD
#Wild Shape (Elemental (Air Huge)).MOD
#Wild Shape (Elemental (Air Greater)).MOD
#Wild Shape (Elemental (Air Elder)).MOD
#Wild Shape (Elemental (Earth Small)).MOD
#Wild Shape (Elemental (Earth Medium)).MOD
#Wild Shape (Elemental (Earth Large)).MOD
#Wild Shape (Elemental (Earth Huge)).MOD
#Wild Shape (Elemental (Earth Greater)).MOD
#Wild Shape (Elemental (Earth Elder)).MOD
#Wild Shape (Elemental (Fire Small)).MOD
#Wild Shape (Elemental (Fire Medium)).MOD
#Wild Shape (Elemental (Fire Large)).MOD
#Wild Shape (Elemental (Fire Huge)).MOD
#Wild Shape (Elemental (Fire Greater)).MOD
#Wild Shape (Elemental (Fire Elder)).MOD
#Wild Shape (Elemental (Water Small)).MOD	BONUS:SKILL|Swim|8
#Wild Shape (Elemental (Water Medium)).MOD	BONUS:SKILL|Swim|8
#Wild Shape (Elemental (Water Large)).MOD	BONUS:SKILL|Swim|8
#Wild Shape (Elemental (Water Huge)).MOD	BONUS:SKILL|Swim|8
#Wild Shape (Elemental (Water Greater)).MOD	BONUS:SKILL|Swim|8
#Wild Shape (Elemental (Water Elder)).MOD	BONUS:SKILL|Swim|8
